
  Preparation of molecular system (Libint)
  wall time (sec):                 0.00
  cpu time (sec):                  0.00
  cpu/wall ratio:                  1.39

  Preparation of molecular system (total)
  wall time (sec):                 0.11
  cpu time (sec):                  1.52
  cpu/wall ratio:                 13.73

  Cholesky decomposition of AO overlap
  wall time (sec):                 0.06
  cpu time (sec):                  1.51
  cpu/wall ratio:                 23.55


  :: Hartree-Fock engine
  =========================


  1) Generate initial SAD density

  SAD generation time
  wall time (sec):                 0.16
  cpu time (sec):                  7.13
  cpu/wall ratio:                 45.43


  2) Calculation of reference state (SCF-DIIS algorithm)

  AO Fock construction
  wall time (sec):                 0.14
  cpu time (sec):                  7.61
  cpu/wall ratio:                 54.77

  AO Fock construction
  wall time (sec):                 0.56
  cpu time (sec):                 30.75
  cpu/wall ratio:                 55.30

  AO Fock construction
  wall time (sec):                 0.59
  cpu time (sec):                 32.59
  cpu/wall ratio:                 55.23

  SCF DIIS iteration time
  wall time (sec):                 0.84
  cpu time (sec):                 44.75
  cpu/wall ratio:                 53.40

  AO Fock construction
  wall time (sec):                 0.55
  cpu time (sec):                 30.38
  cpu/wall ratio:                 55.43

  SCF DIIS iteration time
  wall time (sec):                 0.75
  cpu time (sec):                 40.10
  cpu/wall ratio:                 53.54

  AO Fock construction
  wall time (sec):                 0.58
  cpu time (sec):                 32.23
  cpu/wall ratio:                 55.19

  SCF DIIS iteration time
  wall time (sec):                 0.74
  cpu time (sec):                 39.71
  cpu/wall ratio:                 53.59

  AO Fock construction
  wall time (sec):                 0.50
  cpu time (sec):                 27.85
  cpu/wall ratio:                 55.37

  SCF DIIS iteration time
  wall time (sec):                 0.70
  cpu time (sec):                 37.48
  cpu/wall ratio:                 53.70

  AO Fock construction
  wall time (sec):                 0.49
  cpu time (sec):                 26.88
  cpu/wall ratio:                 55.31

  SCF DIIS iteration time
  wall time (sec):                 0.65
  cpu time (sec):                 34.93
  cpu/wall ratio:                 53.57

  AO Fock construction
  wall time (sec):                 0.52
  cpu time (sec):                 28.59
  cpu/wall ratio:                 55.30

  SCF DIIS iteration time
  wall time (sec):                 0.61
  cpu time (sec):                 32.84
  cpu/wall ratio:                 53.40

  AO Fock construction
  wall time (sec):                 0.44
  cpu time (sec):                 24.51
  cpu/wall ratio:                 55.33

  SCF DIIS iteration time
  wall time (sec):                 0.65
  cpu time (sec):                 34.78
  cpu/wall ratio:                 53.42

  AO Fock construction
  wall time (sec):                 0.44
  cpu time (sec):                 24.25
  cpu/wall ratio:                 55.12

  SCF DIIS iteration time
  wall time (sec):                 0.62
  cpu time (sec):                 32.91
  cpu/wall ratio:                 53.00

  AO Fock construction
  wall time (sec):                 0.43
  cpu time (sec):                 23.64
  cpu/wall ratio:                 55.36

  SCF DIIS iteration time
  wall time (sec):                 0.72
  cpu time (sec):                 38.43
  cpu/wall ratio:                 53.45

  SCF DIIS iteration time
  wall time (sec):                 0.00
  cpu time (sec):                  0.11
  cpu/wall ratio:                 55.63

  SCF DIIS solver time
  wall time (sec):                 7.30
  cpu time (sec):                390.09
  cpu/wall ratio:                 53.42

  Hartree-Fock engine
  wall time (sec):                 7.46
  cpu time (sec):                397.23
  cpu/wall ratio:                 53.25


  :: Total time
  ================

  Total time in eT
  wall time (sec):                 7.73
  cpu time (sec):                404.23
  cpu/wall ratio:                 52.27
