
  Preparation of molecular system (Libint)
  wall time (sec):                 0.00
  cpu time (sec):                  0.00
  cpu/wall ratio:                  1.48

  Preparation of molecular system (total)
  wall time (sec):                 0.11
  cpu time (sec):                  1.49
  cpu/wall ratio:                 13.23

  Cholesky decomposition of AO overlap
  wall time (sec):                 0.13
  cpu time (sec):                  4.51
  cpu/wall ratio:                 35.51


  :: Hartree-Fock engine
  =========================


  1) Generate initial SAD density

  SAD generation time
  wall time (sec):                 0.27
  cpu time (sec):                 10.75
  cpu/wall ratio:                 40.40


  2) Calculation of reference state (SCF-DIIS algorithm)

  AO Fock construction
  wall time (sec):                 0.20
  cpu time (sec):                 10.73
  cpu/wall ratio:                 54.47

  AO Fock construction
  wall time (sec):                 0.66
  cpu time (sec):                 36.56
  cpu/wall ratio:                 55.14

  AO Fock construction
  wall time (sec):                 0.58
  cpu time (sec):                 32.04
  cpu/wall ratio:                 55.25

  SCF DIIS iteration time
  wall time (sec):                 0.90
  cpu time (sec):                 46.94
  cpu/wall ratio:                 52.04

  AO Fock construction
  wall time (sec):                 0.51
  cpu time (sec):                 28.31
  cpu/wall ratio:                 55.40

  SCF DIIS iteration time
  wall time (sec):                 0.71
  cpu time (sec):                 37.96
  cpu/wall ratio:                 53.46

  AO Fock construction
  wall time (sec):                 0.59
  cpu time (sec):                 32.88
  cpu/wall ratio:                 55.35

  SCF DIIS iteration time
  wall time (sec):                 0.92
  cpu time (sec):                 49.65
  cpu/wall ratio:                 53.85

  AO Fock construction
  wall time (sec):                 0.56
  cpu time (sec):                 30.85
  cpu/wall ratio:                 55.28

  SCF DIIS iteration time
  wall time (sec):                 0.78
  cpu time (sec):                 42.06
  cpu/wall ratio:                 53.65

  AO Fock construction
  wall time (sec):                 0.52
  cpu time (sec):                 28.61
  cpu/wall ratio:                 55.22

  SCF DIIS iteration time
  wall time (sec):                 0.82
  cpu time (sec):                 44.18
  cpu/wall ratio:                 53.81

  AO Fock construction
  wall time (sec):                 0.53
  cpu time (sec):                 29.08
  cpu/wall ratio:                 55.28

  SCF DIIS iteration time
  wall time (sec):                 0.74
  cpu time (sec):                 39.62
  cpu/wall ratio:                 53.69

  AO Fock construction
  wall time (sec):                 0.57
  cpu time (sec):                 31.20
  cpu/wall ratio:                 55.12

  SCF DIIS iteration time
  wall time (sec):                 0.79
  cpu time (sec):                 42.23
  cpu/wall ratio:                 53.59

  AO Fock construction
  wall time (sec):                 0.44
  cpu time (sec):                 24.09
  cpu/wall ratio:                 55.26

  SCF DIIS iteration time
  wall time (sec):                 0.56
  cpu time (sec):                 30.09
  cpu/wall ratio:                 53.25

  SCF DIIS iteration time
  wall time (sec):                 0.00
  cpu time (sec):                  0.11
  cpu/wall ratio:                 55.51

  SCF DIIS solver time
  wall time (sec):                 7.46
  cpu time (sec):                398.65
  cpu/wall ratio:                 53.40

  Hartree-Fock engine
  wall time (sec):                 7.73
  cpu time (sec):                409.40
  cpu/wall ratio:                 52.95


  :: Total time
  ================

  Total time in eT
  wall time (sec):                 8.07
  cpu time (sec):                419.68
  cpu/wall ratio:                 52.02
