


                     eT - an electronic structure program

  ------------------------------------------------------------------------
   Author list in alphabetical order:
  ------------------------------------------------------------------------
   J. H. Andersen, A. Balbi, S. Coriani, S. D. Folkestad, T. Giovannini, 
   L. Goletto, T. S. Haugland, A. Hutcheson, I-M. Høyvik, E. F. Kjønstad, 
   H. Koch, T. Moitra, R. H. Myhre, A. C. Paul, M. Scavino, A. Skeidsvoll, 
   Å. H. Tveten
  ------------------------------------------------------------------------


  :: Input file
  ================

     Note: geometry section is excluded from this print

     system
        name: benzene scan 5.50
        charge: 0
     end system

     do
       ground state
     end do

     memory
        available: 8
     end memory

     solver scf
        algorithm: scf-diis
     end solver scf

     molecular mechanics
        forcefield: non-polarizable
     end molecular mechanics

     method
        hf
     end method


  Running on 56 OMP thread(s)
  Memory available for calculation: 8.000000 GB


  :: Molecular system specifications (QM)
  ==========================================

     Name:             benzene scan 5.50
     Charge:           0
     Multiplicity:     1
     Coordinate units: angstrom

     Pure basis functions:        174
     Cartesian basis functions:   180
     Primitive basis functions:   270

     Nuclear repulsion energy (a.u.):            204.234616969248
     Bohr/angstrom value (CODATA 2010):            0.529177210920

     ==============================================================================
                                     Geometry (angstrom)
     ==============================================================================
        Atom           X                  Y                  Z         # in input
     ==============================================================================
        Basis: 6-311++g**
        1 C     -2.282182000000     0.094329000000    -0.000183000000        1
        2 C     -0.893220000000     0.094263000000     0.000431000000        2
        3 C     -0.198699000000     1.297110000000     0.000040000000        3
        4 C     -0.893125000000     2.500009000000    -0.000978000000        4
        5 C     -2.282088000000     2.500067000000    -0.001601000000        5
        6 C     -2.976633000000     1.297226000000    -0.001196000000        6
        7 H     -2.824040000000    -0.844049000000     0.000125000000        7
        8 H     -0.351527000000    -0.844201000000     0.001214000000        8
        9 H      0.884886000000     1.297069000000     0.000516000000        9
       10 H     -0.351327000000     3.438411000000    -0.001306000000       10
       11 H     -2.823832000000     3.438507000000    -0.002402000000       11
       12 H     -4.060212000000     1.297260000000    -0.001659000000       12
     ==============================================================================

     ==============================================================================
                                     Geometry (a.u.)
     ==============================================================================
        Atom           X                  Y                  Z         # in input
     ==============================================================================
        Basis: 6-311++g**
        1 C     -4.312698946412     0.178255975604    -0.000345819881        1
        2 C     -1.687941168984     0.178131253680     0.000814471960        2
        3 C     -0.375486691225     2.451182653435     0.000075589045        3
        4 C     -1.687761645002     4.724332318948    -0.001848152150        4
        5 C     -4.312521312156     4.724441923063    -0.003025451525        5
        6 C     -5.625021143342     2.451401861665    -0.002260112445        6
        7 H     -5.336662164817    -1.595021445713     0.000236215766        7
        8 H     -0.664289755390    -1.595308684084     0.002294127515        8
        9 H      1.672192191462     2.451105174663     0.000975098680        9
       10 H     -0.663911810165     6.497655093692    -0.002467982319       10
       11 H     -5.336269101783     6.497836507400    -0.004539122151       11
       12 H     -7.672688687673     2.451466112353    -0.003135055641       12
     ==============================================================================


  :: Molecular system specifications (MM)
  ==========================================

     Force Field:  non-polarizable

     Number of MM atoms:                   2
     Number of MM molecules:               1

    ====================================================================
                        MM Geometry (Å) and Parameters
    ====================================================================
    Atom    Mol             X          Y          Z            Charge
    ====================================================================
      H       1        -5.574364  -5.607001   0.001688        1.000000
      H       1        -6.074423  -6.472992   0.001973       -1.000000
    ====================================================================


  :: RHF wavefunction
  ======================

  This is a QM/MM calculation

     Electrostatic Embedding:

     Each atom of the MM portion is endowed with a charge which value 
     is a fixed external parameter.

     The QM/MM electrostatic interaction energy is defined as:

        E^ele_QM/MM = sum_i q_i * V_i(P)

     where V_i(P) is the electrostatic potential due to the QM density 
     calculated at the position of the i-th charge q_i.

     For further details, see:
     Senn & Thiel, Angew. Chem. Int. Ed., 2009, 48, 1198−1229


  - Cholesky decomposition of AO overlap to get linearly independent orbitals:

  - Orbital details:

     Number of occupied orbitals:        21
     Number of virtual orbitals:        153
     Number of molecular orbitals:      174
     Number of atomic orbitals:         174


  :: Hartree-Fock engine
  =========================

  Drives the calculation of the Hartree-Fock state.

  This is a RHF ground state calculation.
  The following tasks will be performed:

     1) Generate initial SAD density
     2) Calculation of reference state (SCF-DIIS algorithm)


  1) Generate initial SAD density


  2) Calculation of reference state (SCF-DIIS algorithm)

   - Self-consistent field DIIS Hartree-Fock solver
  ----------------------------------------------------

  A DIIS-accelerated Roothan-Hall self-consistent field solver. A least-square 
  DIIS fit is performed on the previous Fock matrices and associated gradients. 
  Following the Roothan-Hall update of the density, the DIIS-fitted Fock 
  matrix is used to get the next orbital coefficients.

  - Hartree-Fock solver settings:

     DIIS dimension:                         8
     Cumulative Fock threshold:       0.10E+01

     Energy threshold:              0.1000E-05
     Gradient threshold:            0.1000E-05

     Coulomb screening threshold:   0.1000E-11
     Exchange screening threshold:  0.1000E-09
     Fock precision:                0.1000E-23
     Integral cutoff:               0.1000E-11

  - Setting initial AO density to SAD

     Energy of initial guess:              -234.212848299530
     Number of electrons in guess:           42.000000000000

  Iteration       Energy (a.u.)      Max(grad.)    Delta E (a.u.)
  ---------------------------------------------------------------
     1          -231.197006150054     0.4426E-01     0.2312E+03
     2          -231.275074153336     0.1797E-01     0.7807E-01
     3          -231.284148143953     0.6247E-02     0.9074E-02
     4          -231.285388676698     0.4556E-03     0.1241E-02
     5          -231.285397452496     0.1780E-03     0.8776E-05
     6          -231.285398226781     0.4432E-04     0.7743E-06
     7          -231.285398307831     0.3890E-05     0.8105E-07
     8          -231.285398309137     0.1046E-05     0.1306E-08
     9          -231.285398309638     0.6393E-06     0.5012E-09
  ---------------------------------------------------------------
  Convergence criterion met in 9 iterations!

  - Summary of RHF wavefunction energetics (a.u.):

     HOMO-LUMO gap:                  0.370412522340
     Nuclear repulsion energy:     204.024914225126
     Electronic energy:           -435.310312534765
     Total energy:                -231.285398309638

  - Summary of QM/MM energetics:
                                         a.u.             eV     kcal/mol
     QM/MM SCF Contribution:        -0.319205370436
     QM/MM Electrostatic Energy:     0.000269229507     0.00733     0.169

  - Molecular orbital energies

  ---------------------------------------------------------------------------------------
    1 -11.245419978510   45   0.210500219792   89   1.051977266993  133   2.735042683926
    2 -11.244286656018   46   0.220414541499   90   1.105421087216  134   2.741113215803
    3 -11.244109979435   47   0.221517900829   91   1.115134924536  135   2.741228357332
    4 -11.243289042707   48   0.241686963263   92   1.115736728691  136   2.808771156079
    5 -11.242764936431   49   0.241985492043   93   1.127885745487  137   2.809549519038
    6 -11.242047590373   50   0.281286289898   94   1.160499948724  138   2.960200089175
    7  -1.163303599292   51   0.281859048958   95   1.210920143259  139   2.960468492764
    8  -1.026039249956   52   0.294394736099   96   1.211317389324  140   2.981080306211
    9  -1.025725871472   53   0.325611371889   97   1.243270279612  141   2.993758026052
   10  -0.833926955134   54   0.327053386870   98   1.317195609092  142   3.014587726869
   11  -0.833783576550   55   0.363754243419   99   1.317712194972  143   3.015444521786
   12  -0.720144005239   56   0.398965684767  100   1.386324157321  144   3.039125215430
   13  -0.650910301054   57   0.401768557104  101   1.386595817622  145   3.040092247626
   14  -0.630741028255   58   0.421524357592  102   1.517298245047  146   3.052600809019
   15  -0.598121118139   59   0.423906762184  103   1.545372384817  147   3.081202550267
   16  -0.597587685440   60   0.432874722541  104   1.705845392791  148   3.185210102593
   17  -0.512014762949   61   0.491215109134  105   1.782190372236  149   3.185467634646
   18  -0.503917821292   62   0.492266897225  106   1.782635909275  150   3.265355074548
   19  -0.503492259546   63   0.502915017452  107   1.792278473632  151   3.287395114771
   20  -0.345946872602   64   0.503665042443  108   1.820695563125  152   3.287636605858
   21  -0.345490858314   65   0.595531072973  109   1.839906094965  153   3.328332298064
   22   0.024921664027   66   0.602767746945  110   1.840158337625  154   3.328749207442
   23   0.040269344644   67   0.707401453815  111   1.903461396084  155   3.479296171936
   24   0.042793062685   68   0.714522712119  112   1.903993182459  156   3.553251478682
   25   0.055401029654   69   0.715358907454  113   1.928396527868  157   3.778912756019
   26   0.059701415108   70   0.724368188108  114   1.928619440034  158   3.778975680395
   27   0.079219166130   71   0.744154226383  115   1.981505734268  159   3.905809634908
   28   0.102441412046   72   0.744501897365  116   2.046717199651  160   3.906154405662
   29   0.102961591457   73   0.746998989957  117   2.047448467696  161   3.919248475351
   30   0.122098878203   74   0.748869228082  118   2.099375742588  162   4.088391042655
   31   0.144795212054   75   0.749409026747  119   2.099754815088  163   4.399145766451
   32   0.146118704928   76   0.789339696197  120   2.124556576505  164   4.399633750590
   33   0.150457758241   77   0.812156435502  121   2.232618674266  165   4.493508897845
   34   0.154179144156   78   0.812485423222  122   2.234610477294  166   4.566526293041
   35   0.165302310056   79   0.879726407606  123   2.234750642722  167   4.566650490002
   36   0.173239512965   80   0.932925055849  124   2.243776142454  168   5.279450243336
   37   0.176386483026   81   0.933176097705  125   2.243817142122  169  24.737380625064
   38   0.177400318073   82   0.945907834553  126   2.292051045856  170  25.138661718704
   39   0.185349530694   83   0.946281931598  127   2.343294036361  171  25.138922093565
   40   0.200280518792   84   0.966882750268  128   2.343335558867  172  25.268923641875
   41   0.201585959183   85   1.007635331178  129   2.373019638940  173  25.269193859104
   42   0.204662504465   86   1.008934010743  130   2.373531187616  174  25.382741774239
   43   0.209512794713   87   1.009296945768  131   2.636170201986
   44   0.209615795087   88   1.050919502926  132   2.664142209988
  ---------------------------------------------------------------------------------------

  - Timings for the RHF ground state calculation

     Total wall time (sec):              7.73200
     Total cpu time (sec):             409.39739

  eT terminated successfully!
