


                     eT - an electronic structure program

  ------------------------------------------------------------------------
   Author list in alphabetical order:
  ------------------------------------------------------------------------
   J. H. Andersen, A. Balbi, S. Coriani, S. D. Folkestad, T. Giovannini, 
   L. Goletto, T. S. Haugland, A. Hutcheson, I-M. Høyvik, E. F. Kjønstad, 
   H. Koch, T. Moitra, R. H. Myhre, A. C. Paul, M. Scavino, A. Skeidsvoll, 
   Å. H. Tveten
  ------------------------------------------------------------------------


  :: Input file
  ================

     Note: geometry section is excluded from this print

     system
        name: benzene scan 3.50
        charge: 0
     end system

     do
       ground state
     end do

     memory
        available: 8
     end memory

     solver scf
        algorithm: scf-diis
     end solver scf

     molecular mechanics
        forcefield: non-polarizable
     end molecular mechanics

     method
        hf
     end method


  Running on 56 OMP thread(s)
  Memory available for calculation: 8.000000 GB


  :: Molecular system specifications (QM)
  ==========================================

     Name:             benzene scan 3.50
     Charge:           0
     Multiplicity:     1
     Coordinate units: angstrom

     Pure basis functions:        174
     Cartesian basis functions:   180
     Primitive basis functions:   270

     Nuclear repulsion energy (a.u.):            204.234616969248
     Bohr/angstrom value (CODATA 2010):            0.529177210920

     ==============================================================================
                                     Geometry (angstrom)
     ==============================================================================
        Atom           X                  Y                  Z         # in input
     ==============================================================================
        Basis: 6-311++g**
        1 C     -2.282182000000     0.094329000000    -0.000183000000        1
        2 C     -0.893220000000     0.094263000000     0.000431000000        2
        3 C     -0.198699000000     1.297110000000     0.000040000000        3
        4 C     -0.893125000000     2.500009000000    -0.000978000000        4
        5 C     -2.282088000000     2.500067000000    -0.001601000000        5
        6 C     -2.976633000000     1.297226000000    -0.001196000000        6
        7 H     -2.824040000000    -0.844049000000     0.000125000000        7
        8 H     -0.351527000000    -0.844201000000     0.001214000000        8
        9 H      0.884886000000     1.297069000000     0.000516000000        9
       10 H     -0.351327000000     3.438411000000    -0.001306000000       10
       11 H     -2.823832000000     3.438507000000    -0.002402000000       11
       12 H     -4.060212000000     1.297260000000    -0.001659000000       12
     ==============================================================================

     ==============================================================================
                                     Geometry (a.u.)
     ==============================================================================
        Atom           X                  Y                  Z         # in input
     ==============================================================================
        Basis: 6-311++g**
        1 C     -4.312698946412     0.178255975604    -0.000345819881        1
        2 C     -1.687941168984     0.178131253680     0.000814471960        2
        3 C     -0.375486691225     2.451182653435     0.000075589045        3
        4 C     -1.687761645002     4.724332318948    -0.001848152150        4
        5 C     -4.312521312156     4.724441923063    -0.003025451525        5
        6 C     -5.625021143342     2.451401861665    -0.002260112445        6
        7 H     -5.336662164817    -1.595021445713     0.000236215766        7
        8 H     -0.664289755390    -1.595308684084     0.002294127515        8
        9 H      1.672192191462     2.451105174663     0.000975098680        9
       10 H     -0.663911810165     6.497655093692    -0.002467982319       10
       11 H     -5.336269101783     6.497836507400    -0.004539122151       11
       12 H     -7.672688687673     2.451466112353    -0.003135055641       12
     ==============================================================================


  :: Molecular system specifications (MM)
  ==========================================

     Force Field:  non-polarizable

     Number of MM atoms:                   2
     Number of MM molecules:               1

    ====================================================================
                        MM Geometry (Å) and Parameters
    ====================================================================
    Atom    Mol             X          Y          Z            Charge
    ====================================================================
      H       1        -4.574246  -3.875019   0.001120        1.000000
      H       1        -5.074305  -4.741010   0.001404       -1.000000
    ====================================================================


  :: RHF wavefunction
  ======================

  This is a QM/MM calculation

     Electrostatic Embedding:

     Each atom of the MM portion is endowed with a charge which value 
     is a fixed external parameter.

     The QM/MM electrostatic interaction energy is defined as:

        E^ele_QM/MM = sum_i q_i * V_i(P)

     where V_i(P) is the electrostatic potential due to the QM density 
     calculated at the position of the i-th charge q_i.

     For further details, see:
     Senn & Thiel, Angew. Chem. Int. Ed., 2009, 48, 1198−1229


  - Cholesky decomposition of AO overlap to get linearly independent orbitals:

  - Orbital details:

     Number of occupied orbitals:        21
     Number of virtual orbitals:        153
     Number of molecular orbitals:      174
     Number of atomic orbitals:         174


  :: Hartree-Fock engine
  =========================

  Drives the calculation of the Hartree-Fock state.

  This is a RHF ground state calculation.
  The following tasks will be performed:

     1) Generate initial SAD density
     2) Calculation of reference state (SCF-DIIS algorithm)


  1) Generate initial SAD density


  2) Calculation of reference state (SCF-DIIS algorithm)

   - Self-consistent field DIIS Hartree-Fock solver
  ----------------------------------------------------

  A DIIS-accelerated Roothan-Hall self-consistent field solver. A least-square 
  DIIS fit is performed on the previous Fock matrices and associated gradients. 
  Following the Roothan-Hall update of the density, the DIIS-fitted Fock 
  matrix is used to get the next orbital coefficients.

  - Hartree-Fock solver settings:

     DIIS dimension:                         8
     Cumulative Fock threshold:       0.10E+01

     Energy threshold:              0.1000E-05
     Gradient threshold:            0.1000E-05

     Coulomb screening threshold:   0.1000E-11
     Exchange screening threshold:  0.1000E-09
     Fock precision:                0.1000E-23
     Integral cutoff:               0.1000E-11

  - Setting initial AO density to SAD

     Energy of initial guess:              -234.212844821575
     Number of electrons in guess:           42.000000000000

  Iteration       Energy (a.u.)      Max(grad.)    Delta E (a.u.)
  ---------------------------------------------------------------
     1          -231.196530255794     0.4433E-01     0.2312E+03
     2          -231.274457453620     0.1794E-01     0.7793E-01
     3          -231.283503039202     0.6247E-02     0.9046E-02
     4          -231.284752210591     0.5986E-03     0.1249E-02
     5          -231.284761425912     0.2995E-03     0.9215E-05
     6          -231.284763853035     0.4315E-04     0.2427E-05
     7          -231.284763944351     0.6246E-05     0.9132E-07
     8          -231.284763948489     0.3610E-05     0.4138E-08
     9          -231.284763949428     0.2167E-05     0.9390E-09
    10          -231.284763949964     0.6677E-06     0.5357E-09
  ---------------------------------------------------------------
  Convergence criterion met in 10 iterations!

  - Summary of RHF wavefunction energetics (a.u.):

     HOMO-LUMO gap:                  0.354174159209
     Nuclear repulsion energy:     204.266795922990
     Electronic energy:           -435.551559872954
     Total energy:                -231.284763949964

  - Summary of QM/MM energetics:
                                         a.u.             eV     kcal/mol
     QM/MM SCF Contribution:        -0.560752145729
     QM/MM Electrostatic Energy:     0.000604152228     0.01644     0.379

  - Molecular orbital energies

  ---------------------------------------------------------------------------------------
    1 -11.253396305739   45   0.208946398648   89   1.046992987104  133   2.728216780799
    2 -11.250589976434   46   0.215022912503   90   1.099385589189  134   2.734919906707
    3 -11.250356609501   47   0.217557714511   91   1.108972739676  135   2.735141791801
    4 -11.249141474579   48   0.235046514643   92   1.110115558301  136   2.801701904048
    5 -11.248203894087   49   0.235185514014   93   1.121731090893  137   2.804074991874
    6 -11.247454185793   50   0.275552771074   94   1.154342261885  138   2.953540475938
    7  -1.169368067901   51   0.277669988163   95   1.204663431072  139   2.954433466925
    8  -1.032483779646   52   0.288968443917   96   1.205872929335  140   2.974281677775
    9  -1.031495536314   53   0.319983261022   97   1.237239687064  141   2.987580931472
   10  -0.840320143215   54   0.322153373401   98   1.310448967914  142   3.007023173265
   11  -0.839766715944   55   0.357972280589   99   1.312158595353  143   3.009990907725
   12  -0.726392133053   56   0.391143544846  100   1.379916169224  144   3.031878428767
   13  -0.657304463465   57   0.397553018154  101   1.380785533765  145   3.034884160342
   14  -0.636867355063   58   0.416850723613  102   1.511254010450  146   3.046590157159
   15  -0.604974924216   59   0.418838404769  103   1.539222778244  147   3.075077504232
   16  -0.603229187500   60   0.428383501661  104   1.699701268755  148   3.178927070251
   17  -0.517964622954   61   0.483901380843  105   1.775358116234  149   3.179733823981
   18  -0.510654895106   62   0.486859941795  106   1.776867534512  150   3.259067975030
   19  -0.509277576201   63   0.497419011691  107   1.786341683635  151   3.281117981456
   20  -0.352356931525   64   0.497977989796  108   1.814265052207  152   3.281914060887
   21  -0.350962150849   65   0.589563816835  109   1.833676318697  153   3.321685229280
   22   0.003212008360   66   0.596883664907  110   1.834417098223  154   3.322927962600
   23   0.037972096837   67   0.701928940803  111   1.896411450875  155   3.473317278850
   24   0.040336413048   68   0.707568063384  112   1.898183055169  156   3.547115218751
   25   0.053054283968   69   0.710166423295  113   1.922077585715  157   3.772716645884
   26   0.057261514447   70   0.718725405890  114   1.922727017732  158   3.772895213379
   27   0.077717964922   71   0.738450419305  115   1.975025246964  159   3.899052137855
   28   0.096202800605   72   0.739077586626  116   2.039650971715  160   3.900321610684
   29   0.097943456832   73   0.740665848097  117   2.042017320559  161   3.913268590079
   30   0.117697437538   74   0.743000881954  118   2.092708036639  162   4.082168853665
   31   0.139760130235   75   0.744365889509  119   2.093731864023  163   4.392298570714
   32   0.142664222460   76   0.783640074655  120   2.118228045908  164   4.393956411665
   33   0.145467648161   77   0.806180730042  121   2.225944223755  165   4.487324796622
   34   0.145803767788   78   0.807228562762  122   2.228402978753  166   4.560255236905
   35   0.162482530501   79   0.874019462639  123   2.228888103036  167   4.560650089730
   36   0.168370174309   80   0.925329779565  124   2.237741102909  168   5.273388511440
   37   0.172815877755   81   0.926883770689  125   2.237917842653  169  24.731169896749
   38   0.174438450157   82   0.939540612802  126   2.285801324732  170  25.132132975178
   39   0.181673922918   83   0.940669519004  127   2.337102487861  171  25.133048040591
   40   0.190872368688   84   0.960506666348  128   2.337194346291  172  25.262393204099
   41   0.195904592376   85   0.999025998830  129   2.366234575493  173  25.263330726648
   42   0.200335540859   86   1.003461247334  130   2.367923717286  174  25.376564034247
   43   0.205156888574   87   1.004223352565  131   2.629996986629
   44   0.205363130974   88   1.044398873008  132   2.658088946284
  ---------------------------------------------------------------------------------------

  - Timings for the RHF ground state calculation

     Total wall time (sec):              7.54600
     Total cpu time (sec):             398.46642

  eT terminated successfully!
