


                     eT - an electronic structure program

  ------------------------------------------------------------------------
   Author list in alphabetical order:
  ------------------------------------------------------------------------
   J. H. Andersen, A. Balbi, S. Coriani, S. D. Folkestad, T. Giovannini, 
   L. Goletto, T. S. Haugland, A. Hutcheson, I-M. Høyvik, E. F. Kjønstad, 
   H. Koch, T. Moitra, R. H. Myhre, A. C. Paul, M. Scavino, A. Skeidsvoll, 
   Å. H. Tveten
  ------------------------------------------------------------------------


  :: Input file
  ================

     Note: geometry section is excluded from this print

     system
        name: benzene scan 2.25
        charge: 0
     end system

     do
       ground state
     end do

     memory
        available: 8
     end memory

     solver scf
        algorithm: scf-diis
     end solver scf

     molecular mechanics
        forcefield: non-polarizable
     end molecular mechanics

     method
        hf
     end method


  Running on 56 OMP thread(s)
  Memory available for calculation: 8.000000 GB


  :: Molecular system specifications (QM)
  ==========================================

     Name:             benzene scan 2.25
     Charge:           0
     Multiplicity:     1
     Coordinate units: angstrom

     Pure basis functions:        174
     Cartesian basis functions:   180
     Primitive basis functions:   270

     Nuclear repulsion energy (a.u.):            204.234616969248
     Bohr/angstrom value (CODATA 2010):            0.529177210920

     ==============================================================================
                                     Geometry (angstrom)
     ==============================================================================
        Atom           X                  Y                  Z         # in input
     ==============================================================================
        Basis: 6-311++g**
        1 C     -2.282182000000     0.094329000000    -0.000183000000        1
        2 C     -0.893220000000     0.094263000000     0.000431000000        2
        3 C     -0.198699000000     1.297110000000     0.000040000000        3
        4 C     -0.893125000000     2.500009000000    -0.000978000000        4
        5 C     -2.282088000000     2.500067000000    -0.001601000000        5
        6 C     -2.976633000000     1.297226000000    -0.001196000000        6
        7 H     -2.824040000000    -0.844049000000     0.000125000000        7
        8 H     -0.351527000000    -0.844201000000     0.001214000000        8
        9 H      0.884886000000     1.297069000000     0.000516000000        9
       10 H     -0.351327000000     3.438411000000    -0.001306000000       10
       11 H     -2.823832000000     3.438507000000    -0.002402000000       11
       12 H     -4.060212000000     1.297260000000    -0.001659000000       12
     ==============================================================================

     ==============================================================================
                                     Geometry (a.u.)
     ==============================================================================
        Atom           X                  Y                  Z         # in input
     ==============================================================================
        Basis: 6-311++g**
        1 C     -4.312698946412     0.178255975604    -0.000345819881        1
        2 C     -1.687941168984     0.178131253680     0.000814471960        2
        3 C     -0.375486691225     2.451182653435     0.000075589045        3
        4 C     -1.687761645002     4.724332318948    -0.001848152150        4
        5 C     -4.312521312156     4.724441923063    -0.003025451525        5
        6 C     -5.625021143342     2.451401861665    -0.002260112445        6
        7 H     -5.336662164817    -1.595021445713     0.000236215766        7
        8 H     -0.664289755390    -1.595308684084     0.002294127515        8
        9 H      1.672192191462     2.451105174663     0.000975098680        9
       10 H     -0.663911810165     6.497655093692    -0.002467982319       10
       11 H     -5.336269101783     6.497836507400    -0.004539122151       11
       12 H     -7.672688687673     2.451466112353    -0.003135055641       12
     ==============================================================================


  :: Molecular system specifications (MM)
  ==========================================

     Force Field:  non-polarizable

     Number of MM atoms:                   2
     Number of MM molecules:               1

    ====================================================================
                        MM Geometry (Å) and Parameters
    ====================================================================
    Atom    Mol             X          Y          Z            Charge
    ====================================================================
      H       1        -3.949172  -2.792529   0.000765        1.000000
      H       1        -4.449231  -3.658521   0.001049       -1.000000
    ====================================================================


  :: RHF wavefunction
  ======================

  This is a QM/MM calculation

     Electrostatic Embedding:

     Each atom of the MM portion is endowed with a charge which value 
     is a fixed external parameter.

     The QM/MM electrostatic interaction energy is defined as:

        E^ele_QM/MM = sum_i q_i * V_i(P)

     where V_i(P) is the electrostatic potential due to the QM density 
     calculated at the position of the i-th charge q_i.

     For further details, see:
     Senn & Thiel, Angew. Chem. Int. Ed., 2009, 48, 1198−1229


  - Cholesky decomposition of AO overlap to get linearly independent orbitals:

  - Orbital details:

     Number of occupied orbitals:        21
     Number of virtual orbitals:        153
     Number of molecular orbitals:      174
     Number of atomic orbitals:         174


  :: Hartree-Fock engine
  =========================

  Drives the calculation of the Hartree-Fock state.

  This is a RHF ground state calculation.
  The following tasks will be performed:

     1) Generate initial SAD density
     2) Calculation of reference state (SCF-DIIS algorithm)


  1) Generate initial SAD density


  2) Calculation of reference state (SCF-DIIS algorithm)

   - Self-consistent field DIIS Hartree-Fock solver
  ----------------------------------------------------

  A DIIS-accelerated Roothan-Hall self-consistent field solver. A least-square 
  DIIS fit is performed on the previous Fock matrices and associated gradients. 
  Following the Roothan-Hall update of the density, the DIIS-fitted Fock 
  matrix is used to get the next orbital coefficients.

  - Hartree-Fock solver settings:

     DIIS dimension:                         8
     Cumulative Fock threshold:       0.10E+01

     Energy threshold:              0.1000E-05
     Gradient threshold:            0.1000E-05

     Coulomb screening threshold:   0.1000E-11
     Exchange screening threshold:  0.1000E-09
     Fock precision:                0.1000E-23
     Integral cutoff:               0.1000E-11

  - Setting initial AO density to SAD

     Energy of initial guess:              -234.212523760786
     Number of electrons in guess:           42.000000000000

  Iteration       Energy (a.u.)      Max(grad.)    Delta E (a.u.)
  ---------------------------------------------------------------
     1          -231.195935455652     0.4430E-01     0.2312E+03
     2          -231.273498896245     0.1780E-01     0.7756E-01
     3          -231.282475432658     0.6254E-02     0.8977E-02
     4          -231.283758949807     0.8418E-03     0.1284E-02
     5          -231.283773544265     0.3505E-03     0.1459E-04
     6          -231.283777678844     0.4879E-04     0.4135E-05
     7          -231.283777865871     0.1911E-04     0.1870E-06
     8          -231.283777896324     0.1009E-04     0.3045E-07
     9          -231.283777905780     0.4175E-05     0.9456E-08
    10          -231.283777907659     0.6654E-06     0.1879E-08
  ---------------------------------------------------------------
  Convergence criterion met in 10 iterations!

  - Summary of RHF wavefunction energetics (a.u.):

     HOMO-LUMO gap:                  0.367684054500
     Nuclear repulsion energy:     204.601207291781
     Electronic energy:           -435.884985199440
     Total energy:                -231.283777907659

  - Summary of QM/MM energetics:
                                         a.u.             eV     kcal/mol
     QM/MM SCF Contribution:        -0.896272952290
     QM/MM Electrostatic Energy:    -0.000505743805    -0.01376    -0.317

  - Molecular orbital energies

  ---------------------------------------------------------------------------------------
    1 -11.268086109518   45   0.205642099262   89   1.040704226821  133   2.715760347730
    2 -11.260335464959   46   0.210909900935   90   1.090199789817  134   2.725917961102
    3 -11.260224528984   47   0.213204989092   91   1.099893369402  135   2.726029939584
    4 -11.257158103641   48   0.233875845473   92   1.101872057795  136   2.789958195771
    5 -11.255861973136   49   0.237845662039   93   1.113116085486  137   2.796369393826
    6 -11.255269878468   50   0.269497237668   94   1.144912777411  138   2.942854373211
    7  -1.178595965883   51   0.274173552339   95   1.195070166990  139   2.944717589856
    8  -1.042558695118   52   0.289687563015   96   1.198463796286  140   2.961639506961
    9  -1.039976510245   53   0.314373399584   97   1.228160760122  141   2.978265204471
   10  -0.850408429291   54   0.318571500143   98   1.299546254849  142   2.993714798867
   11  -0.848637437555   55   0.350045718244   99   1.304263935523  143   3.002432006496
   12  -0.736072194864   56   0.377296491259  100   1.370061478677  144   3.021178397661
   13  -0.667485147493   57   0.392909557528  101   1.372281522779  145   3.027870032423
   14  -0.646158300851   58   0.408500282512  102   1.502176486317  146   3.037468159510
   15  -0.616019554621   59   0.412572243884  103   1.529669048156  147   3.066605088822
   16  -0.611332086432   60   0.423700739822  104   1.690577354011  148   3.169208533258
   17  -0.526919871677   61   0.476847796495  105   1.763722466994  149   3.171351088995
   18  -0.521423760085   62   0.479474330450  106   1.768474650973  150   3.249412974627
   19  -0.517753369169   63   0.489852071529  107   1.777623353516  151   3.271426421994
   20  -0.362271308352   64   0.490359843263  108   1.803799280276  152   3.273596168366
   21  -0.358760168506   65   0.581769015138  109   1.824512587911  153   3.310805620104
   22   0.008923885995   66   0.587647033943  110   1.826097885089  154   3.314346072770
   23   0.036896770783   67   0.693742456450  111   1.884637434468  155   3.464367488288
   24   0.039770194696   68   0.694173278044  112   1.889903114140  156   3.537774865826
   25   0.055715271836   69   0.703130228898  113   1.912715831338  157   3.763151671853
   26   0.057161710305   70   0.710809328131  114   1.914183036402  158   3.763659750406
   27   0.079986253739   71   0.730359105255  115   1.964563814992  159   3.887631110031
   28   0.087867679513   72   0.731257301737  116   2.028293757463  160   3.891722103557
   29   0.091554708821   73   0.732215749607  117   2.034432616494  161   3.904591103469
   30   0.113116103375   74   0.734886471719  118   2.081686845202  162   4.072523392544
   31   0.135072950797   75   0.737473220163  119   2.084334447946  163   4.380990442887
   32   0.137003848540   76   0.775396889870  120   2.108758565363  164   4.385756964203
   33   0.138593236146   77   0.797743867924  121   2.215634019863  165   4.477865528094
   34   0.139055835758   78   0.800168077404  122   2.218895472371  166   4.550717503716
   35   0.164019321604   79   0.866202776672  123   2.220265575759  167   4.551610855665
   36   0.164628756185   80   0.915607488145  124   2.228942718658  168   5.264231014367
   37   0.172340334527   81   0.917827986683  125   2.229605359503  169  24.721503209505
   38   0.175730800429   82   0.930843072190  126   2.275698245091  170  25.121570182901
   39   0.177338794428   83   0.932910841436  127   2.327750342837  171  25.124328253856
   40   0.180715196046   84   0.950253438645  128   2.328089060222  172  25.251850831821
   41   0.192403724317   85   0.985454869583  129   2.355277955932  173  25.254660491512
   42   0.199994220773   86   0.995893351929  130   2.359907044250  174  25.367063037141
   43   0.200189835368   87   0.998449734830  131   2.620599628979
   44   0.200939309316   88   1.034987123434  132   2.648998590622
  ---------------------------------------------------------------------------------------

  - Timings for the RHF ground state calculation

     Total wall time (sec):              8.09300
     Total cpu time (sec):             430.63897

  eT terminated successfully!
