
  Preparation of molecular system (Libint)
  wall time (sec):                 0.00
  cpu time (sec):                  0.00
  cpu/wall ratio:                  1.70

  Preparation of molecular system (total)
  wall time (sec):                 0.11
  cpu time (sec):                  1.47
  cpu/wall ratio:                 13.22

  Cholesky decomposition of AO overlap
  wall time (sec):                 0.12
  cpu time (sec):                  4.26
  cpu/wall ratio:                 35.17


  :: Hartree-Fock engine
  =========================


  1) Generate initial SAD density

  SAD generation time
  wall time (sec):                 0.23
  cpu time (sec):                  9.73
  cpu/wall ratio:                 41.41


  2) Calculation of reference state (SCF-DIIS algorithm)

  AO Fock construction
  wall time (sec):                 0.20
  cpu time (sec):                 10.85
  cpu/wall ratio:                 54.52

  AO Fock construction
  wall time (sec):                 0.62
  cpu time (sec):                 34.04
  cpu/wall ratio:                 55.26

  AO Fock construction
  wall time (sec):                 0.55
  cpu time (sec):                 30.22
  cpu/wall ratio:                 55.45

  SCF DIIS iteration time
  wall time (sec):                 0.67
  cpu time (sec):                 35.42
  cpu/wall ratio:                 53.10

  AO Fock construction
  wall time (sec):                 0.53
  cpu time (sec):                 29.10
  cpu/wall ratio:                 55.42

  SCF DIIS iteration time
  wall time (sec):                 0.66
  cpu time (sec):                 34.98
  cpu/wall ratio:                 53.40

  AO Fock construction
  wall time (sec):                 0.59
  cpu time (sec):                 32.86
  cpu/wall ratio:                 55.32

  SCF DIIS iteration time
  wall time (sec):                 0.74
  cpu time (sec):                 39.72
  cpu/wall ratio:                 53.74

  AO Fock construction
  wall time (sec):                 0.55
  cpu time (sec):                 30.58
  cpu/wall ratio:                 55.29

  SCF DIIS iteration time
  wall time (sec):                 0.67
  cpu time (sec):                 35.88
  cpu/wall ratio:                 53.56

  AO Fock construction
  wall time (sec):                 0.50
  cpu time (sec):                 27.79
  cpu/wall ratio:                 55.26

  SCF DIIS iteration time
  wall time (sec):                 0.63
  cpu time (sec):                 33.91
  cpu/wall ratio:                 53.49

  AO Fock construction
  wall time (sec):                 0.49
  cpu time (sec):                 26.88
  cpu/wall ratio:                 55.31

  SCF DIIS iteration time
  wall time (sec):                 0.60
  cpu time (sec):                 32.29
  cpu/wall ratio:                 53.46

  AO Fock construction
  wall time (sec):                 0.44
  cpu time (sec):                 24.30
  cpu/wall ratio:                 55.35

  SCF DIIS iteration time
  wall time (sec):                 0.64
  cpu time (sec):                 34.22
  cpu/wall ratio:                 53.55

  SCF DIIS iteration time
  wall time (sec):                 0.00
  cpu time (sec):                  0.11
  cpu/wall ratio:                 55.54

  SCF DIIS solver time
  wall time (sec):                 5.67
  cpu time (sec):                302.92
  cpu/wall ratio:                 53.43

  Hartree-Fock engine
  wall time (sec):                 5.91
  cpu time (sec):                312.66
  cpu/wall ratio:                 52.94


  :: Total time
  ================

  Total time in eT
  wall time (sec):                 6.22
  cpu time (sec):                322.50
  cpu/wall ratio:                 51.85
