


                     eT - an electronic structure program

  ------------------------------------------------------------------------
   Author list in alphabetical order:
  ------------------------------------------------------------------------
   J. H. Andersen, A. Balbi, S. Coriani, S. D. Folkestad, T. Giovannini, 
   L. Goletto, T. S. Haugland, A. Hutcheson, I-M. Høyvik, E. F. Kjønstad, 
   H. Koch, T. Moitra, R. H. Myhre, A. C. Paul, M. Scavino, A. Skeidsvoll, 
   Å. H. Tveten
  ------------------------------------------------------------------------


  :: Input file
  ================

     Note: geometry section is excluded from this print

     system
        name: benzene scan 4.75
        charge: 0
     end system

     do
       ground state
     end do

     memory
        available: 8
     end memory

     solver scf
        algorithm: scf-diis
     end solver scf

     molecular mechanics
        forcefield: non-polarizable
     end molecular mechanics

     method
        hf
     end method


  Running on 56 OMP thread(s)
  Memory available for calculation: 8.000000 GB


  :: Molecular system specifications (QM)
  ==========================================

     Name:             benzene scan 4.75
     Charge:           0
     Multiplicity:     1
     Coordinate units: angstrom

     Pure basis functions:        174
     Cartesian basis functions:   180
     Primitive basis functions:   270

     Nuclear repulsion energy (a.u.):            204.234616969248
     Bohr/angstrom value (CODATA 2010):            0.529177210920

     ==============================================================================
                                     Geometry (angstrom)
     ==============================================================================
        Atom           X                  Y                  Z         # in input
     ==============================================================================
        Basis: 6-311++g**
        1 C     -2.282182000000     0.094329000000    -0.000183000000        1
        2 C     -0.893220000000     0.094263000000     0.000431000000        2
        3 C     -0.198699000000     1.297110000000     0.000040000000        3
        4 C     -0.893125000000     2.500009000000    -0.000978000000        4
        5 C     -2.282088000000     2.500067000000    -0.001601000000        5
        6 C     -2.976633000000     1.297226000000    -0.001196000000        6
        7 H     -2.824040000000    -0.844049000000     0.000125000000        7
        8 H     -0.351527000000    -0.844201000000     0.001214000000        8
        9 H      0.884886000000     1.297069000000     0.000516000000        9
       10 H     -0.351327000000     3.438411000000    -0.001306000000       10
       11 H     -2.823832000000     3.438507000000    -0.002402000000       11
       12 H     -4.060212000000     1.297260000000    -0.001659000000       12
     ==============================================================================

     ==============================================================================
                                     Geometry (a.u.)
     ==============================================================================
        Atom           X                  Y                  Z         # in input
     ==============================================================================
        Basis: 6-311++g**
        1 C     -4.312698946412     0.178255975604    -0.000345819881        1
        2 C     -1.687941168984     0.178131253680     0.000814471960        2
        3 C     -0.375486691225     2.451182653435     0.000075589045        3
        4 C     -1.687761645002     4.724332318948    -0.001848152150        4
        5 C     -4.312521312156     4.724441923063    -0.003025451525        5
        6 C     -5.625021143342     2.451401861665    -0.002260112445        6
        7 H     -5.336662164817    -1.595021445713     0.000236215766        7
        8 H     -0.664289755390    -1.595308684084     0.002294127515        8
        9 H      1.672192191462     2.451105174663     0.000975098680        9
       10 H     -0.663911810165     6.497655093692    -0.002467982319       10
       11 H     -5.336269101783     6.497836507400    -0.004539122151       11
       12 H     -7.672688687673     2.451466112353    -0.003135055641       12
     ==============================================================================


  :: Molecular system specifications (MM)
  ==========================================

     Force Field:  non-polarizable

     Number of MM atoms:                   2
     Number of MM molecules:               1

    ====================================================================
                        MM Geometry (Å) and Parameters
    ====================================================================
    Atom    Mol             X          Y          Z            Charge
    ====================================================================
      H       1        -5.199320  -4.957508   0.001475        1.000000
      H       1        -5.699379  -5.823499   0.001759       -1.000000
    ====================================================================


  :: RHF wavefunction
  ======================

  This is a QM/MM calculation

     Electrostatic Embedding:

     Each atom of the MM portion is endowed with a charge which value 
     is a fixed external parameter.

     The QM/MM electrostatic interaction energy is defined as:

        E^ele_QM/MM = sum_i q_i * V_i(P)

     where V_i(P) is the electrostatic potential due to the QM density 
     calculated at the position of the i-th charge q_i.

     For further details, see:
     Senn & Thiel, Angew. Chem. Int. Ed., 2009, 48, 1198−1229


  - Cholesky decomposition of AO overlap to get linearly independent orbitals:

  - Orbital details:

     Number of occupied orbitals:        21
     Number of virtual orbitals:        153
     Number of molecular orbitals:      174
     Number of atomic orbitals:         174


  :: Hartree-Fock engine
  =========================

  Drives the calculation of the Hartree-Fock state.

  This is a RHF ground state calculation.
  The following tasks will be performed:

     1) Generate initial SAD density
     2) Calculation of reference state (SCF-DIIS algorithm)


  1) Generate initial SAD density


  2) Calculation of reference state (SCF-DIIS algorithm)

   - Self-consistent field DIIS Hartree-Fock solver
  ----------------------------------------------------

  A DIIS-accelerated Roothan-Hall self-consistent field solver. A least-square 
  DIIS fit is performed on the previous Fock matrices and associated gradients. 
  Following the Roothan-Hall update of the density, the DIIS-fitted Fock 
  matrix is used to get the next orbital coefficients.

  - Hartree-Fock solver settings:

     DIIS dimension:                         8
     Cumulative Fock threshold:       0.10E+01

     Energy threshold:              0.1000E-05
     Gradient threshold:            0.1000E-05

     Coulomb screening threshold:   0.1000E-11
     Exchange screening threshold:  0.1000E-09
     Fock precision:                0.1000E-23
     Integral cutoff:               0.1000E-11

  - Setting initial AO density to SAD

     Energy of initial guess:              -234.212848257459
     Number of electrons in guess:           42.000000000000

  Iteration       Energy (a.u.)      Max(grad.)    Delta E (a.u.)
  ---------------------------------------------------------------
     1          -231.196894265925     0.4428E-01     0.2312E+03
     2          -231.274932002363     0.1797E-01     0.7804E-01
     3          -231.283999187583     0.6248E-02     0.9067E-02
     4          -231.285241186079     0.4918E-03     0.1242E-02
     5          -231.285249939249     0.2156E-03     0.8753E-05
     6          -231.285251114322     0.4364E-04     0.1175E-05
     7          -231.285251196789     0.4252E-05     0.8247E-07
     8          -231.285251198427     0.1548E-05     0.1639E-08
     9          -231.285251198894     0.9788E-06     0.4665E-09
  ---------------------------------------------------------------
  Convergence criterion met in 9 iterations!

  - Summary of RHF wavefunction energetics (a.u.):

     HOMO-LUMO gap:                  0.363151287232
     Nuclear repulsion energy:     204.092635198076
     Electronic energy:           -435.377886396970
     Total energy:                -231.285251198894

  - Summary of QM/MM energetics:
                                         a.u.             eV     kcal/mol
     QM/MM SCF Contribution:        -0.386822250745
     QM/MM Electrostatic Energy:     0.000373322299     0.01016     0.234

  - Molecular orbital energies

  ---------------------------------------------------------------------------------------
    1 -11.247472475265   45   0.209694479776   89   1.050535189267  133   2.733235883752
    2 -11.246003341012   46   0.218806550929   90   1.103738357944  134   2.739392540462
    3 -11.245760273505   47   0.220325359351   91   1.113383027477  135   2.739550862071
    4 -11.245000317997   48   0.239587163487   92   1.114172964693  136   2.806868008697
    5 -11.244303860678   49   0.239882414711   93   1.126169272685  137   2.808006386427
    6 -11.243559618045   50   0.279671975193   94   1.158811546703  138   2.958403284856
    7  -1.164971149433   51   0.280555574754   95   1.209182505133  139   2.958809101846
    8  -1.027792316616   52   0.292461463728   96   1.209776425181  140   2.979272790799
    9  -1.027329452159   53   0.323963396193   97   1.241608305561  141   2.992061558058
   10  -0.835664412004   54   0.325537153964   98   1.315379733024  142   3.012606847889
   11  -0.835438350821   55   0.362128794849   99   1.316154112659  143   3.013906465937
   12  -0.721852018920   56   0.396551968371  100   1.384577048467  144   3.037170226154
   13  -0.652647341845   57   0.400472224934  101   1.384980784796  145   3.038606187676
   14  -0.632424611070   58   0.419577460028  102   1.515649836875  146   3.050945546781
   15  -0.599963064981   59   0.422435474889  103   1.543677511695  147   3.079510871904
   16  -0.599165259123   60   0.431560249326  104   1.704151550966  148   3.183492894580
   17  -0.513656893778   61   0.489274079658  105   1.780356109658  149   3.183871443335
   18  -0.505735065883   62   0.490729903515  106   1.781027538927  150   3.263635931065
   19  -0.505100943188   63   0.501130862379  107   1.790627717790  151   3.285679436367
   20  -0.347695127222   64   0.502065071119  108   1.818957288176  152   3.286041133414
   21  -0.347027300405   65   0.593843712247  109   1.838190048269  153   3.326532527434
   22   0.016123986827   66   0.601080150013  110   1.838557717864  154   3.327132891745
   23   0.039122696502   67   0.705864738661  111   1.901581915980  155   3.477645126253
   24   0.041874478810   68   0.712648253228  112   1.902375366389  156   3.551565741237
   25   0.053451129059   69   0.713877411328  113   1.926661890468  157   3.777216708440
   26   0.058776908717   70   0.722724202050  114   1.926981677609  158   3.777306224811
   27   0.077861493997   71   0.742498610433  115   1.979753727054  159   3.904005081443
   28   0.100708407094   72   0.742965938750  116   2.044824997772  160   3.904535456874
   29   0.101508502381   73   0.745234777204  117   2.045916380700  161   3.917588196299
   30   0.120786850436   74   0.747221884724  118   2.097568090180  162   4.086687368961
   31   0.143276224042   75   0.747972910178  119   2.098101345697  163   4.397315170098
   32   0.145053763872   76   0.787754520189  120   2.122821934360  164   4.398047941532
   33   0.148915754805   77   0.810491412465  121   2.230809920533  165   4.491813791544
   34   0.151920666663   78   0.810985969296  122   2.232909871661  166   4.564812101440
   35   0.160859659141   79   0.878118959362  123   2.233123979262  167   4.564995535581
   36   0.171713553553   80   0.930984800093  124   2.242094237691  168   5.277781054658
   37   0.175350630209   81   0.931432104584  125   2.242167432558  169  24.735682508737
   38   0.176415053026   82   0.944159611354  126   2.290332502154  170  25.136897162586
   39   0.184254034387   83   0.944693582211  127   2.341592287543  171  25.137294013316
   40   0.197194242875   84   0.965139714496  128   2.341650949233  172  25.267158730621
   41   0.199857483022   85   1.005464673790  129   2.371195509290  173  25.267567519086
   42   0.203156630814   86   1.007392424348  130   2.371960519193  174  25.381049293065
   43   0.208199922820   87   1.007876839544  131   2.634476759440
   44   0.208319867362   88   1.049114153609  132   2.662474088158
  ---------------------------------------------------------------------------------------

  - Timings for the RHF ground state calculation

     Total wall time (sec):              6.62200
     Total cpu time (sec):             350.15309

  eT terminated successfully!
