
  Preparation of molecular system (Libint)
  wall time (sec):                 0.00
  cpu time (sec):                  0.00
  cpu/wall ratio:                  0.75

  Preparation of molecular system (total)
  wall time (sec):                 0.09
  cpu time (sec):                  0.31
  cpu/wall ratio:                  3.46

  Cholesky decomposition of AO overlap
  wall time (sec):                 0.07
  cpu time (sec):                  1.75
  cpu/wall ratio:                 24.34


  :: Hartree-Fock engine
  =========================


  1) Generate initial SAD density

  SAD generation time
  wall time (sec):                 0.24
  cpu time (sec):                  8.77
  cpu/wall ratio:                 35.95


  2) Calculation of reference state (SCF-DIIS algorithm)

  AO Fock construction
  wall time (sec):                 0.18
  cpu time (sec):                  9.71
  cpu/wall ratio:                 54.56

  AO Fock construction
  wall time (sec):                 0.55
  cpu time (sec):                 30.26
  cpu/wall ratio:                 55.31

  AO Fock construction
  wall time (sec):                 0.54
  cpu time (sec):                 29.97
  cpu/wall ratio:                 55.29

  SCF DIIS iteration time
  wall time (sec):                 0.67
  cpu time (sec):                 35.68
  cpu/wall ratio:                 53.01

  AO Fock construction
  wall time (sec):                 0.53
  cpu time (sec):                 29.60
  cpu/wall ratio:                 55.43

  SCF DIIS iteration time
  wall time (sec):                 0.80
  cpu time (sec):                 43.04
  cpu/wall ratio:                 53.60

  AO Fock construction
  wall time (sec):                 0.60
  cpu time (sec):                 33.09
  cpu/wall ratio:                 55.05

  SCF DIIS iteration time
  wall time (sec):                 0.85
  cpu time (sec):                 45.65
  cpu/wall ratio:                 53.70

  AO Fock construction
  wall time (sec):                 0.63
  cpu time (sec):                 34.59
  cpu/wall ratio:                 55.08

  SCF DIIS iteration time
  wall time (sec):                 0.81
  cpu time (sec):                 43.49
  cpu/wall ratio:                 53.62

  AO Fock construction
  wall time (sec):                 0.54
  cpu time (sec):                 29.75
  cpu/wall ratio:                 55.29

  SCF DIIS iteration time
  wall time (sec):                 0.67
  cpu time (sec):                 35.61
  cpu/wall ratio:                 53.55

  AO Fock construction
  wall time (sec):                 0.54
  cpu time (sec):                 29.84
  cpu/wall ratio:                 55.17

  SCF DIIS iteration time
  wall time (sec):                 0.65
  cpu time (sec):                 34.52
  cpu/wall ratio:                 53.36

  AO Fock construction
  wall time (sec):                 0.44
  cpu time (sec):                 24.17
  cpu/wall ratio:                 55.30

  SCF DIIS iteration time
  wall time (sec):                 0.60
  cpu time (sec):                 32.19
  cpu/wall ratio:                 53.29

  SCF DIIS iteration time
  wall time (sec):                 0.01
  cpu time (sec):                  0.28
  cpu/wall ratio:                 55.03

  SCF DIIS solver time
  wall time (sec):                 5.93
  cpu time (sec):                316.46
  cpu/wall ratio:                 53.39

  Hartree-Fock engine
  wall time (sec):                 6.17
  cpu time (sec):                325.23
  cpu/wall ratio:                 52.70


  :: Total time
  ================

  Total time in eT
  wall time (sec):                 6.39
  cpu time (sec):                329.83
  cpu/wall ratio:                 51.60
