


                     eT - an electronic structure program

  ------------------------------------------------------------------------
   Author list in alphabetical order:
  ------------------------------------------------------------------------
   J. H. Andersen, A. Balbi, S. Coriani, S. D. Folkestad, T. Giovannini, 
   L. Goletto, T. S. Haugland, A. Hutcheson, I-M. Høyvik, E. F. Kjønstad, 
   H. Koch, T. Moitra, R. H. Myhre, A. C. Paul, M. Scavino, A. Skeidsvoll, 
   Å. H. Tveten
  ------------------------------------------------------------------------


  :: Input file
  ================

     Note: geometry section is excluded from this print

     system
        name: benzene scan 9.00
        charge: 0
     end system

     do
       ground state
     end do

     memory
        available: 8
     end memory

     solver scf
        algorithm: scf-diis
     end solver scf

     molecular mechanics
        forcefield: non-polarizable
     end molecular mechanics

     method
        hf
     end method


  Running on 56 OMP thread(s)
  Memory available for calculation: 8.000000 GB


  :: Molecular system specifications (QM)
  ==========================================

     Name:             benzene scan 9.00
     Charge:           0
     Multiplicity:     1
     Coordinate units: angstrom

     Pure basis functions:        174
     Cartesian basis functions:   180
     Primitive basis functions:   270

     Nuclear repulsion energy (a.u.):            204.234616969248
     Bohr/angstrom value (CODATA 2010):            0.529177210920

     ==============================================================================
                                     Geometry (angstrom)
     ==============================================================================
        Atom           X                  Y                  Z         # in input
     ==============================================================================
        Basis: 6-311++g**
        1 C     -2.282182000000     0.094329000000    -0.000183000000        1
        2 C     -0.893220000000     0.094263000000     0.000431000000        2
        3 C     -0.198699000000     1.297110000000     0.000040000000        3
        4 C     -0.893125000000     2.500009000000    -0.000978000000        4
        5 C     -2.282088000000     2.500067000000    -0.001601000000        5
        6 C     -2.976633000000     1.297226000000    -0.001196000000        6
        7 H     -2.824040000000    -0.844049000000     0.000125000000        7
        8 H     -0.351527000000    -0.844201000000     0.001214000000        8
        9 H      0.884886000000     1.297069000000     0.000516000000        9
       10 H     -0.351327000000     3.438411000000    -0.001306000000       10
       11 H     -2.823832000000     3.438507000000    -0.002402000000       11
       12 H     -4.060212000000     1.297260000000    -0.001659000000       12
     ==============================================================================

     ==============================================================================
                                     Geometry (a.u.)
     ==============================================================================
        Atom           X                  Y                  Z         # in input
     ==============================================================================
        Basis: 6-311++g**
        1 C     -4.312698946412     0.178255975604    -0.000345819881        1
        2 C     -1.687941168984     0.178131253680     0.000814471960        2
        3 C     -0.375486691225     2.451182653435     0.000075589045        3
        4 C     -1.687761645002     4.724332318948    -0.001848152150        4
        5 C     -4.312521312156     4.724441923063    -0.003025451525        5
        6 C     -5.625021143342     2.451401861665    -0.002260112445        6
        7 H     -5.336662164817    -1.595021445713     0.000236215766        7
        8 H     -0.664289755390    -1.595308684084     0.002294127515        8
        9 H      1.672192191462     2.451105174663     0.000975098680        9
       10 H     -0.663911810165     6.497655093692    -0.002467982319       10
       11 H     -5.336269101783     6.497836507400    -0.004539122151       11
       12 H     -7.672688687673     2.451466112353    -0.003135055641       12
     ==============================================================================


  :: Molecular system specifications (MM)
  ==========================================

     Force Field:  non-polarizable

     Number of MM atoms:                   2
     Number of MM molecules:               1

    ====================================================================
                        MM Geometry (Å) and Parameters
    ====================================================================
    Atom    Mol             X          Y          Z            Charge
    ====================================================================
      H       1        -7.324570  -8.637970   0.002683        1.000000
      H       1        -7.824629  -9.503962   0.002967       -1.000000
    ====================================================================


  :: RHF wavefunction
  ======================

  This is a QM/MM calculation

     Electrostatic Embedding:

     Each atom of the MM portion is endowed with a charge which value 
     is a fixed external parameter.

     The QM/MM electrostatic interaction energy is defined as:

        E^ele_QM/MM = sum_i q_i * V_i(P)

     where V_i(P) is the electrostatic potential due to the QM density 
     calculated at the position of the i-th charge q_i.

     For further details, see:
     Senn & Thiel, Angew. Chem. Int. Ed., 2009, 48, 1198−1229


  - Cholesky decomposition of AO overlap to get linearly independent orbitals:

  - Orbital details:

     Number of occupied orbitals:        21
     Number of virtual orbitals:        153
     Number of molecular orbitals:      174
     Number of atomic orbitals:         174


  :: Hartree-Fock engine
  =========================

  Drives the calculation of the Hartree-Fock state.

  This is a RHF ground state calculation.
  The following tasks will be performed:

     1) Generate initial SAD density
     2) Calculation of reference state (SCF-DIIS algorithm)


  1) Generate initial SAD density


  2) Calculation of reference state (SCF-DIIS algorithm)

   - Self-consistent field DIIS Hartree-Fock solver
  ----------------------------------------------------

  A DIIS-accelerated Roothan-Hall self-consistent field solver. A least-square 
  DIIS fit is performed on the previous Fock matrices and associated gradients. 
  Following the Roothan-Hall update of the density, the DIIS-fitted Fock 
  matrix is used to get the next orbital coefficients.

  - Hartree-Fock solver settings:

     DIIS dimension:                         8
     Cumulative Fock threshold:       0.10E+01

     Energy threshold:              0.1000E-05
     Gradient threshold:            0.1000E-05

     Coulomb screening threshold:   0.1000E-11
     Exchange screening threshold:  0.1000E-09
     Fock precision:                0.1000E-23
     Integral cutoff:               0.1000E-11

  - Setting initial AO density to SAD

     Energy of initial guess:              -234.212847843967
     Number of electrons in guess:           42.000000000000

  Iteration       Energy (a.u.)      Max(grad.)    Delta E (a.u.)
  ---------------------------------------------------------------
     1          -231.197186144483     0.4420E-01     0.2312E+03
     2          -231.275302056963     0.1798E-01     0.7812E-01
     3          -231.284388586562     0.6245E-02     0.9087E-02
     4          -231.285627610429     0.3846E-03     0.1239E-02
     5          -231.285636499722     0.9482E-04     0.8889E-05
     6          -231.285636743202     0.4627E-04     0.2435E-06
     7          -231.285636807541     0.3852E-05     0.6434E-07
     8          -231.285636808637     0.7005E-06     0.1096E-08
  ---------------------------------------------------------------
  Convergence criterion met in 8 iterations!

  - Summary of RHF wavefunction energetics (a.u.):

     HOMO-LUMO gap:                  0.379218829328
     Nuclear repulsion energy:     203.862879360154
     Electronic energy:           -435.148516168791
     Total energy:                -231.285636808637

  - Summary of QM/MM energetics:
                                         a.u.             eV     kcal/mol
     QM/MM SCF Contribution:        -0.157367360242
     QM/MM Electrostatic Energy:     0.000071916616     0.00196     0.045

  - Molecular orbital energies

  ---------------------------------------------------------------------------------------
    1 -11.240977380951   45   0.213639688977   89   1.055581355983  133   2.739157485211
    2 -11.240302649565   46   0.224350684087   90   1.109380975843  134   2.745170109591
    3 -11.240292566064   47   0.224658469250   91   1.119332382561  135   2.745184096934
    4 -11.239122506053   48   0.246571409610   92   1.119490278164  136   2.813119509631
    5 -11.239005062209   49   0.246651953233   93   1.131922503607  137   2.813294565858
    6 -11.238370016188   50   0.285198459218   94   1.164463849484  138   2.964330436404
    7  -1.159372519157   51   0.285288149970   95   1.214982199765  139   2.964390791824
    8  -1.021970100771   52   0.299181850335   96   1.215065747414  140   2.985200603151
    9  -1.021895011446   53   0.329372469937   97   1.247194718730  141   2.997736580565
   10  -0.829890386124   54   0.331009833464   98   1.321357047251  142   3.018983523195
   11  -0.829863683156   55   0.367643395167   99   1.321474663035  143   3.019176616187
   12  -0.716148346937   56   0.404594132700  100   1.390384643861  144   3.043526784610
   13  -0.646872503772   57   0.405171887002  101   1.390449577835  145   3.043752991790
   14  -0.626781690502   58   0.427211975494  102   1.521247825709  146   3.056510962324
   15  -0.593915316270   59   0.427609126155  103   1.549354888669  147   3.085203207235
   16  -0.593793110782   60   0.436927451005  104   1.709829033201  148   3.189221962027
   17  -0.508125068360   61   0.495778317678  105   1.786392543592  149   3.189287048623
   18  -0.499749460246   62   0.496020838030  106   1.786482745149  150   3.269370092433
   19  -0.499649466351   63   0.507306227256  107   1.796200826673  151   3.291402896811
   20  -0.341880639884   64   0.507499672970  108   1.824721423916  152   3.291458991902
   21  -0.341769359324   65   0.599553948016  109   1.843931357629  153   3.332499717727
   22   0.037449470005   66   0.606803208934  110   1.843990992102  154   3.332604510787
   23   0.044548287176   67   0.711120712693  111   1.907718653425  155   3.483203781298
   24   0.045589630615   68   0.718804088070  112   1.907839013652  156   3.557213817940
   25   0.061791606206   69   0.718997055163  113   1.932445909080  157   3.782887633994
   26   0.062682293845   70   0.728533684240  114   1.932515470612  158   3.782907211436
   27   0.084021644909   71   0.748178024191  115   1.985558367357  159   3.909932267944
   28   0.106485722774   72   0.748254759172  116   2.051005838106  160   3.910012476900
   29   0.106589983741   73   0.751112271574  117   2.051173075349  161   3.923184148869
   30   0.125460399767   74   0.752809291322  118   2.103564378409  162   4.092381342607
   31   0.148645111263   75   0.752958325546  119   2.103658190817  163   4.403330196673
   32   0.149039549158   76   0.793134384338  120   2.128605055592  164   4.403441868010
   33   0.154212344054   77   0.816101864970  121   2.236762718042  165   4.497488490135
   34   0.158981611353   78   0.816173011108  122   2.238595078330  166   4.570531188548
   35   0.176414864296   79   0.883587952314  123   2.238622047112  167   4.570563425168
   36   0.177370816757   80   0.937205928496  124   2.247744850182  168   5.283385695715
   37   0.179372412851   81   0.937243532118  125   2.247748338448  169  24.741356780522
   38   0.180077863889   82   0.950044444950  126   2.296102515532  170  25.142737631290
   39   0.188445354286   83   0.950128988247  127   2.347287386581  171  25.142793909173
   40   0.205718882398   84   0.970930051374  128   2.347297230278  172  25.272999380248
   41   0.207829415121   85   1.012465619339  129   2.377192105873  173  25.273064015245
   42   0.208565292441   86   1.012669110232  130   2.377316116046  174  25.386711516804
   43   0.212992952711   87   1.013052968193  131   2.640144308757
   44   0.213036069655   88   1.055340041999  132   2.668077936636
  ---------------------------------------------------------------------------------------

  - Timings for the RHF ground state calculation

     Total wall time (sec):              6.16400
     Total cpu time (sec):             326.82228

  eT terminated successfully!
