
  Preparation of molecular system (Libint)
  wall time (sec):                 0.00
  cpu time (sec):                  0.00
  cpu/wall ratio:                  0.93

  Preparation of molecular system (total)
  wall time (sec):                 0.11
  cpu time (sec):                  1.54
  cpu/wall ratio:                 13.62

  Cholesky decomposition of AO overlap
  wall time (sec):                 0.14
  cpu time (sec):                  5.56
  cpu/wall ratio:                 39.73


  :: Hartree-Fock engine
  =========================


  1) Generate initial SAD density

  SAD generation time
  wall time (sec):                 0.22
  cpu time (sec):                  8.89
  cpu/wall ratio:                 39.70


  2) Calculation of reference state (SCF-DIIS algorithm)

  AO Fock construction
  wall time (sec):                 0.15
  cpu time (sec):                  8.32
  cpu/wall ratio:                 54.72

  AO Fock construction
  wall time (sec):                 0.59
  cpu time (sec):                 32.68
  cpu/wall ratio:                 55.10

  AO Fock construction
  wall time (sec):                 0.55
  cpu time (sec):                 30.45
  cpu/wall ratio:                 55.35

  SCF DIIS iteration time
  wall time (sec):                 0.89
  cpu time (sec):                 47.52
  cpu/wall ratio:                 53.21

  AO Fock construction
  wall time (sec):                 0.55
  cpu time (sec):                 30.38
  cpu/wall ratio:                 55.34

  SCF DIIS iteration time
  wall time (sec):                 0.80
  cpu time (sec):                 42.62
  cpu/wall ratio:                 53.54

  AO Fock construction
  wall time (sec):                 0.61
  cpu time (sec):                 33.76
  cpu/wall ratio:                 55.07

  SCF DIIS iteration time
  wall time (sec):                 0.75
  cpu time (sec):                 40.41
  cpu/wall ratio:                 53.59

  AO Fock construction
  wall time (sec):                 0.60
  cpu time (sec):                 33.10
  cpu/wall ratio:                 54.98

  SCF DIIS iteration time
  wall time (sec):                 0.78
  cpu time (sec):                 41.75
  cpu/wall ratio:                 53.45

  AO Fock construction
  wall time (sec):                 0.53
  cpu time (sec):                 29.03
  cpu/wall ratio:                 55.20

  SCF DIIS iteration time
  wall time (sec):                 0.71
  cpu time (sec):                 37.89
  cpu/wall ratio:                 53.51

  AO Fock construction
  wall time (sec):                 0.49
  cpu time (sec):                 27.37
  cpu/wall ratio:                 55.29

  SCF DIIS iteration time
  wall time (sec):                 0.67
  cpu time (sec):                 36.08
  cpu/wall ratio:                 53.53

  AO Fock construction
  wall time (sec):                 0.48
  cpu time (sec):                 26.35
  cpu/wall ratio:                 55.25

  SCF DIIS iteration time
  wall time (sec):                 0.62
  cpu time (sec):                 33.24
  cpu/wall ratio:                 53.36

  SCF DIIS iteration time
  wall time (sec):                 0.00
  cpu time (sec):                  0.11
  cpu/wall ratio:                 54.50

  SCF DIIS solver time
  wall time (sec):                 6.11
  cpu time (sec):                325.98
  cpu/wall ratio:                 53.38

  Hartree-Fock engine
  wall time (sec):                 6.33
  cpu time (sec):                334.87
  cpu/wall ratio:                 52.89


  :: Total time
  ================

  Total time in eT
  wall time (sec):                 6.67
  cpu time (sec):                346.02
  cpu/wall ratio:                 51.84
