


                     eT - an electronic structure program

  ------------------------------------------------------------------------
   Author list in alphabetical order:
  ------------------------------------------------------------------------
   J. H. Andersen, A. Balbi, S. Coriani, S. D. Folkestad, T. Giovannini, 
   L. Goletto, T. S. Haugland, A. Hutcheson, I-M. Høyvik, E. F. Kjønstad, 
   H. Koch, T. Moitra, R. H. Myhre, A. C. Paul, M. Scavino, A. Skeidsvoll, 
   Å. H. Tveten
  ------------------------------------------------------------------------


  :: Input file
  ================

     Note: geometry section is excluded from this print

     system
        name: benzene scan 8.50
        charge: 0
     end system

     do
       ground state
     end do

     memory
        available: 8
     end memory

     solver scf
        algorithm: scf-diis
     end solver scf

     molecular mechanics
        forcefield: non-polarizable
     end molecular mechanics

     method
        hf
     end method


  Running on 56 OMP thread(s)
  Memory available for calculation: 8.000000 GB


  :: Molecular system specifications (QM)
  ==========================================

     Name:             benzene scan 8.50
     Charge:           0
     Multiplicity:     1
     Coordinate units: angstrom

     Pure basis functions:        174
     Cartesian basis functions:   180
     Primitive basis functions:   270

     Nuclear repulsion energy (a.u.):            204.234616969248
     Bohr/angstrom value (CODATA 2010):            0.529177210920

     ==============================================================================
                                     Geometry (angstrom)
     ==============================================================================
        Atom           X                  Y                  Z         # in input
     ==============================================================================
        Basis: 6-311++g**
        1 C     -2.282182000000     0.094329000000    -0.000183000000        1
        2 C     -0.893220000000     0.094263000000     0.000431000000        2
        3 C     -0.198699000000     1.297110000000     0.000040000000        3
        4 C     -0.893125000000     2.500009000000    -0.000978000000        4
        5 C     -2.282088000000     2.500067000000    -0.001601000000        5
        6 C     -2.976633000000     1.297226000000    -0.001196000000        6
        7 H     -2.824040000000    -0.844049000000     0.000125000000        7
        8 H     -0.351527000000    -0.844201000000     0.001214000000        8
        9 H      0.884886000000     1.297069000000     0.000516000000        9
       10 H     -0.351327000000     3.438411000000    -0.001306000000       10
       11 H     -2.823832000000     3.438507000000    -0.002402000000       11
       12 H     -4.060212000000     1.297260000000    -0.001659000000       12
     ==============================================================================

     ==============================================================================
                                     Geometry (a.u.)
     ==============================================================================
        Atom           X                  Y                  Z         # in input
     ==============================================================================
        Basis: 6-311++g**
        1 C     -4.312698946412     0.178255975604    -0.000345819881        1
        2 C     -1.687941168984     0.178131253680     0.000814471960        2
        3 C     -0.375486691225     2.451182653435     0.000075589045        3
        4 C     -1.687761645002     4.724332318948    -0.001848152150        4
        5 C     -4.312521312156     4.724441923063    -0.003025451525        5
        6 C     -5.625021143342     2.451401861665    -0.002260112445        6
        7 H     -5.336662164817    -1.595021445713     0.000236215766        7
        8 H     -0.664289755390    -1.595308684084     0.002294127515        8
        9 H      1.672192191462     2.451105174663     0.000975098680        9
       10 H     -0.663911810165     6.497655093692    -0.002467982319       10
       11 H     -5.336269101783     6.497836507400    -0.004539122151       11
       12 H     -7.672688687673     2.451466112353    -0.003135055641       12
     ==============================================================================


  :: Molecular system specifications (MM)
  ==========================================

     Force Field:  non-polarizable

     Number of MM atoms:                   2
     Number of MM molecules:               1

    ====================================================================
                        MM Geometry (Å) and Parameters
    ====================================================================
    Atom    Mol             X          Y          Z            Charge
    ====================================================================
      H       1        -7.074541  -8.204975   0.002541        1.000000
      H       1        -7.574599  -9.070967   0.002825       -1.000000
    ====================================================================


  :: RHF wavefunction
  ======================

  This is a QM/MM calculation

     Electrostatic Embedding:

     Each atom of the MM portion is endowed with a charge which value 
     is a fixed external parameter.

     The QM/MM electrostatic interaction energy is defined as:

        E^ele_QM/MM = sum_i q_i * V_i(P)

     where V_i(P) is the electrostatic potential due to the QM density 
     calculated at the position of the i-th charge q_i.

     For further details, see:
     Senn & Thiel, Angew. Chem. Int. Ed., 2009, 48, 1198−1229


  - Cholesky decomposition of AO overlap to get linearly independent orbitals:

  - Orbital details:

     Number of occupied orbitals:        21
     Number of virtual orbitals:        153
     Number of molecular orbitals:      174
     Number of atomic orbitals:         174


  :: Hartree-Fock engine
  =========================

  Drives the calculation of the Hartree-Fock state.

  This is a RHF ground state calculation.
  The following tasks will be performed:

     1) Generate initial SAD density
     2) Calculation of reference state (SCF-DIIS algorithm)


  1) Generate initial SAD density


  2) Calculation of reference state (SCF-DIIS algorithm)

   - Self-consistent field DIIS Hartree-Fock solver
  ----------------------------------------------------

  A DIIS-accelerated Roothan-Hall self-consistent field solver. A least-square 
  DIIS fit is performed on the previous Fock matrices and associated gradients. 
  Following the Roothan-Hall update of the density, the DIIS-fitted Fock 
  matrix is used to get the next orbital coefficients.

  - Hartree-Fock solver settings:

     DIIS dimension:                         8
     Cumulative Fock threshold:       0.10E+01

     Energy threshold:              0.1000E-05
     Gradient threshold:            0.1000E-05

     Coulomb screening threshold:   0.1000E-11
     Exchange screening threshold:  0.1000E-09
     Fock precision:                0.1000E-23
     Integral cutoff:               0.1000E-11

  - Setting initial AO density to SAD

     Energy of initial guess:              -234.212848108586
     Number of electrons in guess:           42.000000000000

  Iteration       Energy (a.u.)      Max(grad.)    Delta E (a.u.)
  ---------------------------------------------------------------
     1          -231.197175586637     0.4421E-01     0.2312E+03
     2          -231.275288594131     0.1798E-01     0.7811E-01
     3          -231.284374269220     0.6245E-02     0.9086E-02
     4          -231.285613343524     0.3898E-03     0.1239E-02
     5          -231.285622225786     0.1012E-03     0.8882E-05
     6          -231.285622489562     0.4731E-04     0.2638E-06
     7          -231.285622558209     0.3761E-05     0.6865E-07
     8          -231.285622559389     0.7165E-06     0.1180E-08
  ---------------------------------------------------------------
  Convergence criterion met in 8 iterations!

  - Summary of RHF wavefunction energetics (a.u.):

     HOMO-LUMO gap:                  0.378931145735
     Nuclear repulsion energy:     203.877140791427
     Electronic energy:           -435.162763350816
     Total energy:                -231.285622559389

  - Summary of QM/MM energetics:
                                         a.u.             eV     kcal/mol
     QM/MM SCF Contribution:        -0.171616023462
     QM/MM Electrostatic Energy:     0.000084949288     0.00231     0.053

  - Molecular orbital energies

  ---------------------------------------------------------------------------------------
    1 -11.241345016632   45   0.213317435149   89   1.055255767986  133   2.738804584288
    2 -11.240647494984   46   0.224002529370   90   1.109036099218  134   2.744819184503
    3 -11.240629597748   47   0.224364671388   91   1.118971187572  135   2.744838534447
    4 -11.239484194640   48   0.246166180099   92   1.119158118522  136   2.812750838762
    5 -11.239340299113   49   0.246263498390   93   1.131571894125  137   2.812961770041
    6 -11.238699726549   50   0.284857879398   94   1.164118475987  138   2.963975316170
    7  -1.159715892536   51   0.284970989822   95   1.214631726219  139   2.964047904128
    8  -1.022321930833   52   0.298776496262   96   1.214732376319  140   2.984847466035
    9  -1.022232389140   53   0.329042667007   97   1.246851597406  141   2.997390230410
   10  -0.830239813377   54   0.330662946207   98   1.320999993388  142   3.018613682767
   11  -0.830206829243   55   0.367301505007   99   1.321141143392  143   3.018844921720
   12  -0.716495543948   56   0.404161978535  100   1.390033360986  144   3.043155043467
   13  -0.647222125228   57   0.404858374484  101   1.390110469511  145   3.043424788442
   14  -0.627126936022   58   0.426774590157  102   1.520903370996  146   3.056168817092
   15  -0.594275044751   59   0.427274025578  103   1.549008462287  147   3.084854606582
   16  -0.594128535036   60   0.436559587750  104   1.709482044659  148   3.188873477465
   17  -0.508465968059   61   0.495395500255  105   1.786033563305  149   3.188950290775
   18  -0.500107061325   62   0.495686587366  106   1.786143975507  150   3.269021522107
   19  -0.499987868524   63   0.506931997580  107   1.795857317753  151   3.291054774995
   20  -0.342232551173   64   0.507161882608  108   1.824373098305  152   3.291121844345
   21  -0.342100103024   65   0.599202653611  109   1.843581521660  153   3.332142495064
   22   0.036831042711   66   0.606452830830  110   1.843653059414  154   3.332265333168
   23   0.044118741926   67   0.710790271775  111   1.907356070812  155   3.482861631657
   24   0.045314263873   68   0.718441591348  112   1.907501103607  156   3.556868380957
   25   0.061281622622   69   0.718671438042  113   1.932094984765  157   3.782541542343
   26   0.062379402398   70   0.728176438059  114   1.932173557010  158   3.782563851174
   27   0.083604529870   71   0.747827428097  115   1.985208206657  159   3.909578437745
   28   0.106135896798   72   0.747920235313  116   2.050640970654  160   3.909673225317
   29   0.106262714158   73   0.750757301564  117   2.050841621770  161   3.922839742551
   30   0.125152210818   74   0.752463284885  118   2.103205761958  162   4.092034456088
   31   0.148298528186   75   0.752638585715  119   2.103316612312  163   4.402972182801
   32   0.148759439490   76   0.792799512233  120   2.128254140511  164   4.403105479673
   33   0.153882930118   77   0.815756994827  121   2.236407437933  165   4.497142062048
   34   0.158591730720   78   0.815842890108  122   2.238248364480  166   4.570183380991
   35   0.175708723792   79   0.883247600361  123   2.238281968185  167   4.570220946967
   36   0.176990042192   80   0.936845227894  124   2.247398838774  168   5.283041936398
   37   0.179061291050   81   0.936891951377  125   2.247403661786  169  24.741010680669
   38   0.179822249422   82   0.949687559309  126   2.295752313486  170  25.142385729142
   39   0.188139121463   83   0.949788658555  127   2.346939926532  171  25.142453879406
   40   0.205362756846   84   0.970579902731  128   2.346951929831  172  25.272647503598
   41   0.207290634819   85   1.012081895306  129   2.376834559870  173  25.272724037739
   42   0.208216172633   86   1.012337387448  130   2.376981100268  174  25.386365712046
   43   0.212669198042   87   1.012709392777  131   2.639798219563
   44   0.212718556378   88   1.054965199677  132   2.667734044837
  ---------------------------------------------------------------------------------------

  - Timings for the RHF ground state calculation

     Total wall time (sec):              6.56600
     Total cpu time (sec):             349.69740

  eT terminated successfully!
