


                     eT - an electronic structure program

  ------------------------------------------------------------------------
   Author list in alphabetical order:
  ------------------------------------------------------------------------
   J. H. Andersen, A. Balbi, S. Coriani, S. D. Folkestad, T. Giovannini, 
   L. Goletto, T. S. Haugland, A. Hutcheson, I-M. Høyvik, E. F. Kjønstad, 
   H. Koch, T. Moitra, R. H. Myhre, A. C. Paul, M. Scavino, A. Skeidsvoll, 
   Å. H. Tveten
  ------------------------------------------------------------------------


  :: Input file
  ================

     Note: geometry section is excluded from this print

     system
        name: benzene scan 4.50
        charge: 0
     end system

     do
       ground state
     end do

     memory
        available: 8
     end memory

     solver scf
        algorithm: scf-diis
     end solver scf

     molecular mechanics
        forcefield: non-polarizable
     end molecular mechanics

     method
        hf
     end method


  Running on 56 OMP thread(s)
  Memory available for calculation: 8.000000 GB


  :: Molecular system specifications (QM)
  ==========================================

     Name:             benzene scan 4.50
     Charge:           0
     Multiplicity:     1
     Coordinate units: angstrom

     Pure basis functions:        174
     Cartesian basis functions:   180
     Primitive basis functions:   270

     Nuclear repulsion energy (a.u.):            204.234616969248
     Bohr/angstrom value (CODATA 2010):            0.529177210920

     ==============================================================================
                                     Geometry (angstrom)
     ==============================================================================
        Atom           X                  Y                  Z         # in input
     ==============================================================================
        Basis: 6-311++g**
        1 C     -2.282182000000     0.094329000000    -0.000183000000        1
        2 C     -0.893220000000     0.094263000000     0.000431000000        2
        3 C     -0.198699000000     1.297110000000     0.000040000000        3
        4 C     -0.893125000000     2.500009000000    -0.000978000000        4
        5 C     -2.282088000000     2.500067000000    -0.001601000000        5
        6 C     -2.976633000000     1.297226000000    -0.001196000000        6
        7 H     -2.824040000000    -0.844049000000     0.000125000000        7
        8 H     -0.351527000000    -0.844201000000     0.001214000000        8
        9 H      0.884886000000     1.297069000000     0.000516000000        9
       10 H     -0.351327000000     3.438411000000    -0.001306000000       10
       11 H     -2.823832000000     3.438507000000    -0.002402000000       11
       12 H     -4.060212000000     1.297260000000    -0.001659000000       12
     ==============================================================================

     ==============================================================================
                                     Geometry (a.u.)
     ==============================================================================
        Atom           X                  Y                  Z         # in input
     ==============================================================================
        Basis: 6-311++g**
        1 C     -4.312698946412     0.178255975604    -0.000345819881        1
        2 C     -1.687941168984     0.178131253680     0.000814471960        2
        3 C     -0.375486691225     2.451182653435     0.000075589045        3
        4 C     -1.687761645002     4.724332318948    -0.001848152150        4
        5 C     -4.312521312156     4.724441923063    -0.003025451525        5
        6 C     -5.625021143342     2.451401861665    -0.002260112445        6
        7 H     -5.336662164817    -1.595021445713     0.000236215766        7
        8 H     -0.664289755390    -1.595308684084     0.002294127515        8
        9 H      1.672192191462     2.451105174663     0.000975098680        9
       10 H     -0.663911810165     6.497655093692    -0.002467982319       10
       11 H     -5.336269101783     6.497836507400    -0.004539122151       11
       12 H     -7.672688687673     2.451466112353    -0.003135055641       12
     ==============================================================================


  :: Molecular system specifications (MM)
  ==========================================

     Force Field:  non-polarizable

     Number of MM atoms:                   2
     Number of MM molecules:               1

    ====================================================================
                        MM Geometry (Å) and Parameters
    ====================================================================
    Atom    Mol             X          Y          Z            Charge
    ====================================================================
      H       1        -5.074305  -4.741010   0.001404        1.000000
      H       1        -5.574364  -5.607001   0.001688       -1.000000
    ====================================================================


  :: RHF wavefunction
  ======================

  This is a QM/MM calculation

     Electrostatic Embedding:

     Each atom of the MM portion is endowed with a charge which value 
     is a fixed external parameter.

     The QM/MM electrostatic interaction energy is defined as:

        E^ele_QM/MM = sum_i q_i * V_i(P)

     where V_i(P) is the electrostatic potential due to the QM density 
     calculated at the position of the i-th charge q_i.

     For further details, see:
     Senn & Thiel, Angew. Chem. Int. Ed., 2009, 48, 1198−1229


  - Cholesky decomposition of AO overlap to get linearly independent orbitals:

  - Orbital details:

     Number of occupied orbitals:        21
     Number of virtual orbitals:        153
     Number of molecular orbitals:      174
     Number of atomic orbitals:         174


  :: Hartree-Fock engine
  =========================

  Drives the calculation of the Hartree-Fock state.

  This is a RHF ground state calculation.
  The following tasks will be performed:

     1) Generate initial SAD density
     2) Calculation of reference state (SCF-DIIS algorithm)


  1) Generate initial SAD density


  2) Calculation of reference state (SCF-DIIS algorithm)

   - Self-consistent field DIIS Hartree-Fock solver
  ----------------------------------------------------

  A DIIS-accelerated Roothan-Hall self-consistent field solver. A least-square 
  DIIS fit is performed on the previous Fock matrices and associated gradients. 
  Following the Roothan-Hall update of the density, the DIIS-fitted Fock 
  matrix is used to get the next orbital coefficients.

  - Hartree-Fock solver settings:

     DIIS dimension:                         8
     Cumulative Fock threshold:       0.10E+01

     Energy threshold:              0.1000E-05
     Gradient threshold:            0.1000E-05

     Coulomb screening threshold:   0.1000E-11
     Exchange screening threshold:  0.1000E-09
     Fock precision:                0.1000E-23
     Integral cutoff:               0.1000E-11

  - Setting initial AO density to SAD

     Energy of initial guess:              -234.212848191704
     Number of electrons in guess:           42.000000000000

  Iteration       Energy (a.u.)      Max(grad.)    Delta E (a.u.)
  ---------------------------------------------------------------
     1          -231.196843229612     0.4429E-01     0.2312E+03
     2          -231.274866775344     0.1796E-01     0.7802E-01
     3          -231.283930956094     0.6248E-02     0.9064E-02
     4          -231.285173735724     0.5074E-03     0.1243E-02
     5          -231.285182499488     0.2305E-03     0.8764E-05
     6          -231.285183859564     0.4342E-04     0.1360E-05
     7          -231.285183942744     0.4429E-05     0.8318E-07
     8          -231.285183944531     0.1811E-05     0.1787E-08
     9          -231.285183945002     0.1139E-05     0.4706E-09
    10          -231.285183945257     0.5223E-06     0.2554E-09
  ---------------------------------------------------------------
  Convergence criterion met in 10 iterations!

  - Summary of RHF wavefunction energetics (a.u.):

     HOMO-LUMO gap:                  0.360417491940
     Nuclear repulsion energy:     204.120147558656
     Electronic energy:           -435.405331503914
     Total energy:                -231.285183945257

  - Summary of QM/MM energetics:
                                         a.u.             eV     kcal/mol
     QM/MM SCF Contribution:        -0.414291663305
     QM/MM Electrostatic Energy:     0.000416270319     0.01133     0.261

  - Molecular orbital energies

  ---------------------------------------------------------------------------------------
    1 -11.248345192800   45   0.209470826497   89   1.049960356240  133   2.732482898111
    2 -11.246710195521   46   0.218164576298   90   1.103052609712  134   2.738693487042
    3 -11.246453208588   47   0.219859940213   91   1.112685745736  135   2.738864438764
    4 -11.245678325631   48   0.238766157561   92   1.113536731795  136   2.806083289643
    5 -11.244922582256   49   0.239019267237   93   1.125469077938  137   2.807382969274
    6 -11.244173510269   50   0.279024039967   94   1.158118703278  138   2.957659228448
    7  -1.165654434372   51   0.280051801869   95   1.208475189548  139   2.958130773399
    8  -1.028515465878   52   0.291741105764   96   1.209154507334  140   2.978521085297
    9  -1.027982211398   53   0.323274449772   97   1.240928077457  141   2.991365151490
   10  -0.836380760113   54   0.324976422959   98   1.314626670974  142   3.011774285607
   11  -0.836114528490   55   0.361469360154   99   1.315522985719  143   3.013284794970
   12  -0.722554285345   56   0.395699138186  100   1.383857592970  144   3.036357310473
   13  -0.653363596591   57   0.399971450410  101   1.384322813105  145   3.038009623500
   14  -0.633114781438   58   0.419047591325  102   1.514977187393  146   3.050267956727
   15  -0.600727998773   59   0.421850608201  103   1.542984353589  147   3.078818440863
   16  -0.599805588200   60   0.431092629476  104   1.703457968833  148   3.182786249000
   17  -0.514328264201   61   0.488479952882  105   1.779597813012  149   3.183222436135
   18  -0.506487683549   62   0.490111181826  106   1.780373611545  150   3.262929270795
   19  -0.505756090808   63   0.500460308194  107   1.789955410257  151   3.284973305813
   20  -0.348415192645   64   0.501415996599  108   1.818239089020  152   3.285392965601
   21  -0.347649159637   65   0.593160369025  109   1.837486858253  153   3.325792990071
   22   0.012768332303   66   0.600405998156  110   1.837906672029  154   3.326474521192
   23   0.038794485751   67   0.705242255831  111   1.900798846383  155   3.476970066072
   24   0.041550839161   68   0.711881531593  112   1.901715912567  156   3.550874563364
   25   0.053000906730   69   0.713282230567  113   1.925949753120  157   3.776519574410
   26   0.058456379719   70   0.722100497939  114   1.926314220131  158   3.776622355383
   27   0.077555862788   71   0.741843335926  115   1.979029682466  159   3.903254365581
   28   0.099998885656   72   0.742347137285  116   2.044037553176  160   3.903875805641
   29   0.100929329470   73   0.744513455257  117   2.045297546319  161   3.916910822813
   30   0.120270540837   74   0.746553084846  118   2.096826854043  162   4.085988212503
   31   0.142680313427   75   0.747396217740  119   2.097424020994  163   4.396554818917
   32   0.144644617910   76   0.787109119781  120   2.122109361079  164   4.397404111631
   33   0.148331861269   77   0.809812580702  121   2.230061589738  165   4.491118563082
   34   0.150967466868   78   0.810383799229  122   2.232211319078  166   4.564107309898
   35   0.159836831652   79   0.877467727213  123   2.232460883371  167   4.564318331902
   36   0.171132012750   80   0.930159118522  124   2.241408529057  168   5.277097491193
   37   0.174948416234   81   0.930718193556  125   2.241496664913  169  24.734984746910
   38   0.176043730559   82   0.943446948893  126   2.289634334800  170  25.136166590385
   39   0.183828571565   83   0.944052471920  127   2.340894586076  171  25.136630946356
   40   0.196134515419   84   0.964421930452  128   2.340959697110  172  25.266427843728
   41   0.199172740263   85   1.004562419296  129   2.370438504375  173  25.266905443867
   42   0.202591973809   86   1.006768855870  130   2.371323614827  174  25.380354479296
   43   0.207689643436   87   1.007318139929  131   2.633781889062
   44   0.207817190506   88   1.048401841682  132   2.661791292016
  ---------------------------------------------------------------------------------------

  - Timings for the RHF ground state calculation

     Total wall time (sec):              8.04500
     Total cpu time (sec):             426.65474

  eT terminated successfully!
