


                     eT - an electronic structure program

  ------------------------------------------------------------------------
   Author list in alphabetical order:
  ------------------------------------------------------------------------
   J. H. Andersen, A. Balbi, S. Coriani, S. D. Folkestad, T. Giovannini, 
   L. Goletto, T. S. Haugland, A. Hutcheson, I-M. Høyvik, E. F. Kjønstad, 
   H. Koch, T. Moitra, R. H. Myhre, A. C. Paul, M. Scavino, A. Skeidsvoll, 
   Å. H. Tveten
  ------------------------------------------------------------------------


  :: Input file
  ================

     Note: geometry section is excluded from this print

     system
        name: benzene scan 5.00
        charge: 0
     end system

     do
       ground state
     end do

     memory
        available: 8
     end memory

     solver scf
        algorithm: scf-diis
     end solver scf

     molecular mechanics
        forcefield: non-polarizable
     end molecular mechanics

     method
        hf
     end method


  Running on 56 OMP thread(s)
  Memory available for calculation: 8.000000 GB


  :: Molecular system specifications (QM)
  ==========================================

     Name:             benzene scan 5.00
     Charge:           0
     Multiplicity:     1
     Coordinate units: angstrom

     Pure basis functions:        174
     Cartesian basis functions:   180
     Primitive basis functions:   270

     Nuclear repulsion energy (a.u.):            204.234616969248
     Bohr/angstrom value (CODATA 2010):            0.529177210920

     ==============================================================================
                                     Geometry (angstrom)
     ==============================================================================
        Atom           X                  Y                  Z         # in input
     ==============================================================================
        Basis: 6-311++g**
        1 C     -2.282182000000     0.094329000000    -0.000183000000        1
        2 C     -0.893220000000     0.094263000000     0.000431000000        2
        3 C     -0.198699000000     1.297110000000     0.000040000000        3
        4 C     -0.893125000000     2.500009000000    -0.000978000000        4
        5 C     -2.282088000000     2.500067000000    -0.001601000000        5
        6 C     -2.976633000000     1.297226000000    -0.001196000000        6
        7 H     -2.824040000000    -0.844049000000     0.000125000000        7
        8 H     -0.351527000000    -0.844201000000     0.001214000000        8
        9 H      0.884886000000     1.297069000000     0.000516000000        9
       10 H     -0.351327000000     3.438411000000    -0.001306000000       10
       11 H     -2.823832000000     3.438507000000    -0.002402000000       11
       12 H     -4.060212000000     1.297260000000    -0.001659000000       12
     ==============================================================================

     ==============================================================================
                                     Geometry (a.u.)
     ==============================================================================
        Atom           X                  Y                  Z         # in input
     ==============================================================================
        Basis: 6-311++g**
        1 C     -4.312698946412     0.178255975604    -0.000345819881        1
        2 C     -1.687941168984     0.178131253680     0.000814471960        2
        3 C     -0.375486691225     2.451182653435     0.000075589045        3
        4 C     -1.687761645002     4.724332318948    -0.001848152150        4
        5 C     -4.312521312156     4.724441923063    -0.003025451525        5
        6 C     -5.625021143342     2.451401861665    -0.002260112445        6
        7 H     -5.336662164817    -1.595021445713     0.000236215766        7
        8 H     -0.664289755390    -1.595308684084     0.002294127515        8
        9 H      1.672192191462     2.451105174663     0.000975098680        9
       10 H     -0.663911810165     6.497655093692    -0.002467982319       10
       11 H     -5.336269101783     6.497836507400    -0.004539122151       11
       12 H     -7.672688687673     2.451466112353    -0.003135055641       12
     ==============================================================================


  :: Molecular system specifications (MM)
  ==========================================

     Force Field:  non-polarizable

     Number of MM atoms:                   2
     Number of MM molecules:               1

    ====================================================================
                        MM Geometry (Å) and Parameters
    ====================================================================
    Atom    Mol             X          Y          Z            Charge
    ====================================================================
      H       1        -5.324334  -5.174006   0.001546        1.000000
      H       1        -5.824393  -6.039997   0.001830       -1.000000
    ====================================================================


  :: RHF wavefunction
  ======================

  This is a QM/MM calculation

     Electrostatic Embedding:

     Each atom of the MM portion is endowed with a charge which value 
     is a fixed external parameter.

     The QM/MM electrostatic interaction energy is defined as:

        E^ele_QM/MM = sum_i q_i * V_i(P)

     where V_i(P) is the electrostatic potential due to the QM density 
     calculated at the position of the i-th charge q_i.

     For further details, see:
     Senn & Thiel, Angew. Chem. Int. Ed., 2009, 48, 1198−1229


  - Cholesky decomposition of AO overlap to get linearly independent orbitals:

  - Orbital details:

     Number of occupied orbitals:        21
     Number of virtual orbitals:        153
     Number of molecular orbitals:      174
     Number of atomic orbitals:         174


  :: Hartree-Fock engine
  =========================

  Drives the calculation of the Hartree-Fock state.

  This is a RHF ground state calculation.
  The following tasks will be performed:

     1) Generate initial SAD density
     2) Calculation of reference state (SCF-DIIS algorithm)


  1) Generate initial SAD density


  2) Calculation of reference state (SCF-DIIS algorithm)

   - Self-consistent field DIIS Hartree-Fock solver
  ----------------------------------------------------

  A DIIS-accelerated Roothan-Hall self-consistent field solver. A least-square 
  DIIS fit is performed on the previous Fock matrices and associated gradients. 
  Following the Roothan-Hall update of the density, the DIIS-fitted Fock 
  matrix is used to get the next orbital coefficients.

  - Hartree-Fock solver settings:

     DIIS dimension:                         8
     Cumulative Fock threshold:       0.10E+01

     Energy threshold:              0.1000E-05
     Gradient threshold:            0.1000E-05

     Coulomb screening threshold:   0.1000E-11
     Exchange screening threshold:  0.1000E-09
     Fock precision:                0.1000E-23
     Integral cutoff:               0.1000E-11

  - Setting initial AO density to SAD

     Energy of initial guess:              -234.212848284553
     Number of electrons in guess:           42.000000000000

  Iteration       Energy (a.u.)      Max(grad.)    Delta E (a.u.)
  ---------------------------------------------------------------
     1          -231.196937623069     0.4427E-01     0.2312E+03
     2          -231.274987205565     0.1797E-01     0.7805E-01
     3          -231.284056982340     0.6248E-02     0.9070E-02
     4          -231.285298371847     0.4781E-03     0.1241E-02
     5          -231.285307126961     0.2019E-03     0.8755E-05
     6          -231.285308145054     0.4387E-04     0.1018E-05
     7          -231.285308226976     0.4107E-05     0.8192E-07
     8          -231.285308228486     0.1331E-05     0.1510E-08
     9          -231.285308228758     0.8452E-06     0.2721E-09
  ---------------------------------------------------------------
  Convergence criterion met in 9 iterations!

  - Summary of RHF wavefunction energetics (a.u.):

     HOMO-LUMO gap:                  0.365840558500
     Nuclear repulsion energy:     204.067813382014
     Electronic energy:           -435.353121610772
     Total energy:                -231.285308228758

  - Summary of QM/MM energetics:
                                         a.u.             eV     kcal/mol
     QM/MM SCF Contribution:        -0.362039183563
     QM/MM Electrostatic Energy:     0.000334573419     0.00910     0.210

  - Molecular orbital energies

  ---------------------------------------------------------------------------------------
    1 -11.246705370619   45   0.209946827053   89   1.051059350464  133   2.733905336587
    2 -11.245370150409   46   0.219391918584   90   1.104356316484  134   2.740023110542
    3 -11.245147049490   47   0.220754676067   91   1.114019394933  135   2.740167683065
    4 -11.244379994254   48   0.240348294522   92   1.114746364423  136   2.807569755148
    5 -11.243741797457   49   0.240660043307   93   1.126799779110  137   2.808570654573
    6 -11.243006080108   50   0.280259532893   94   1.159433016358  138   2.959067260053
    7  -1.164357802869   51   0.281023286854   95   1.209820282098  139   2.959418902414
    8  -1.027145744058   52   0.293148709044   96   1.210339539974  140   2.979942012243
    9  -1.026741127244   53   0.324577760073   97   1.242219335044  141   2.992686141955
   10  -0.835023553400   54   0.326069861545   98   1.316051141148  142   3.013343795331
   11  -0.834830414870   55   0.362724278420   99   1.316724495873  143   3.014468902366
   12  -0.721222877894   56   0.397389033479  100   1.385221202075  144   3.037894384536
   13  -0.652006658830   57   0.400937158873  101   1.385573342724  145   3.039148008857
   14  -0.631805186364   58   0.420183952258  102   1.516253642308  146   3.051554127602
   15  -0.599281634839   59   0.422969456174  103   1.544300563532  147   3.080132556165
   16  -0.598587285141   60   0.432008132862  104   1.704774520024  148   3.184125469547
   17  -0.513053449429   61   0.489984073234  105   1.781033303169  149   3.184456845562
   18  -0.505063367044   62   0.491290905856  106   1.781617280397  150   3.264269242519
   19  -0.504510801676   63   0.501766230101  107   1.791233381668  151   3.286311460001
   20  -0.347050665901   64   0.502651144042  108   1.819599036794  152   3.286626090786
   21  -0.346465063122   65   0.594461572254  109   1.838821414591  153   3.327195012961
   22   0.019375495377   66   0.601694791762  110   1.839144576771  154   3.327726014230
   23   0.039486796754   67   0.706427133660  111   1.902278400140  155   3.478251855328
   24   0.042191577258   68   0.713337491586  112   1.902969326689  156   3.552186002507
   25   0.054031173949   69   0.714417754517  113   1.927300680596  157   3.777841190885
   26   0.059093302401   70   0.723307310752  114   1.927582716692  158   3.777920440689
   27   0.078262035408   71   0.743098861666  115   1.980400616485  159   3.904673108104
   28   0.101346007676   72   0.743526735028  116   2.045525825084  160   3.905129636636
   29   0.102036599961   73   0.745883609326  117   2.046476505522  161   3.918197815884
   30   0.121261084136   74   0.747825412345  118   2.098232995275  162   4.087314491264
   31   0.143824809956   75   0.748496544872  119   2.098709485840  163   4.397992213101
   32   0.145434356178   76   0.788335920931  120   2.123460840849  164   4.398629082499
   33   0.149468488183   77   0.811102596047  121   2.231478361556  165   4.492437540791
   34   0.152764299905   78   0.811532774561  122   2.233536004965  166   4.565443656975
   35   0.162220319553   79   0.878707453764  123   2.233721094084  167   4.565603833958
   36   0.172257030640   80   0.931709516776  124   2.242711843341  168   5.278394887918
   37   0.175721524792   81   0.932073741032  125   2.242772335706  169  24.736307886758
   38   0.176765451829   82   0.944800187333  126   2.290962050291  170  25.137548667877
   39   0.184646559058   83   0.945274095278  127   2.342218508609  171  25.137891774408
   40   0.198244850800   84   0.965782482895  128   2.342270827641  172  25.267810421314
   41   0.200485764787   85   1.006262942288  129   2.371870205570  173  25.268164550533
   42   0.203692206771   86   1.007956341117  130   2.372535730792  174  25.381672346594
   43   0.208671454144   87   1.008386803879  131   2.635100081101
   44   0.208785257503   88   1.049764327242  132   2.663087428971
  ---------------------------------------------------------------------------------------

  - Timings for the RHF ground state calculation

     Total wall time (sec):              7.04400
     Total cpu time (sec):             372.71534

  eT terminated successfully!
