


                     eT - an electronic structure program

  ------------------------------------------------------------------------
   Author list in alphabetical order:
  ------------------------------------------------------------------------
   J. H. Andersen, A. Balbi, S. Coriani, S. D. Folkestad, T. Giovannini, 
   L. Goletto, T. S. Haugland, A. Hutcheson, I-M. Høyvik, E. F. Kjønstad, 
   H. Koch, T. Moitra, R. H. Myhre, A. C. Paul, M. Scavino, A. Skeidsvoll, 
   Å. H. Tveten
  ------------------------------------------------------------------------


  :: Input file
  ================

     Note: geometry section is excluded from this print

     system
        name: benzene scan 4.00
        charge: 0
     end system

     do
       ground state
     end do

     memory
        available: 8
     end memory

     solver scf
        algorithm: scf-diis
     end solver scf

     molecular mechanics
        forcefield: non-polarizable
     end molecular mechanics

     method
        hf
     end method


  Running on 56 OMP thread(s)
  Memory available for calculation: 8.000000 GB


  :: Molecular system specifications (QM)
  ==========================================

     Name:             benzene scan 4.00
     Charge:           0
     Multiplicity:     1
     Coordinate units: angstrom

     Pure basis functions:        174
     Cartesian basis functions:   180
     Primitive basis functions:   270

     Nuclear repulsion energy (a.u.):            204.234616969248
     Bohr/angstrom value (CODATA 2010):            0.529177210920

     ==============================================================================
                                     Geometry (angstrom)
     ==============================================================================
        Atom           X                  Y                  Z         # in input
     ==============================================================================
        Basis: 6-311++g**
        1 C     -2.282182000000     0.094329000000    -0.000183000000        1
        2 C     -0.893220000000     0.094263000000     0.000431000000        2
        3 C     -0.198699000000     1.297110000000     0.000040000000        3
        4 C     -0.893125000000     2.500009000000    -0.000978000000        4
        5 C     -2.282088000000     2.500067000000    -0.001601000000        5
        6 C     -2.976633000000     1.297226000000    -0.001196000000        6
        7 H     -2.824040000000    -0.844049000000     0.000125000000        7
        8 H     -0.351527000000    -0.844201000000     0.001214000000        8
        9 H      0.884886000000     1.297069000000     0.000516000000        9
       10 H     -0.351327000000     3.438411000000    -0.001306000000       10
       11 H     -2.823832000000     3.438507000000    -0.002402000000       11
       12 H     -4.060212000000     1.297260000000    -0.001659000000       12
     ==============================================================================

     ==============================================================================
                                     Geometry (a.u.)
     ==============================================================================
        Atom           X                  Y                  Z         # in input
     ==============================================================================
        Basis: 6-311++g**
        1 C     -4.312698946412     0.178255975604    -0.000345819881        1
        2 C     -1.687941168984     0.178131253680     0.000814471960        2
        3 C     -0.375486691225     2.451182653435     0.000075589045        3
        4 C     -1.687761645002     4.724332318948    -0.001848152150        4
        5 C     -4.312521312156     4.724441923063    -0.003025451525        5
        6 C     -5.625021143342     2.451401861665    -0.002260112445        6
        7 H     -5.336662164817    -1.595021445713     0.000236215766        7
        8 H     -0.664289755390    -1.595308684084     0.002294127515        8
        9 H      1.672192191462     2.451105174663     0.000975098680        9
       10 H     -0.663911810165     6.497655093692    -0.002467982319       10
       11 H     -5.336269101783     6.497836507400    -0.004539122151       11
       12 H     -7.672688687673     2.451466112353    -0.003135055641       12
     ==============================================================================


  :: Molecular system specifications (MM)
  ==========================================

     Force Field:  non-polarizable

     Number of MM atoms:                   2
     Number of MM molecules:               1

    ====================================================================
                        MM Geometry (Å) and Parameters
    ====================================================================
    Atom    Mol             X          Y          Z            Charge
    ====================================================================
      H       1        -4.824275  -4.308014   0.001262        1.000000
      H       1        -5.324334  -5.174005   0.001546       -1.000000
    ====================================================================


  :: RHF wavefunction
  ======================

  This is a QM/MM calculation

     Electrostatic Embedding:

     Each atom of the MM portion is endowed with a charge which value 
     is a fixed external parameter.

     The QM/MM electrostatic interaction energy is defined as:

        E^ele_QM/MM = sum_i q_i * V_i(P)

     where V_i(P) is the electrostatic potential due to the QM density 
     calculated at the position of the i-th charge q_i.

     For further details, see:
     Senn & Thiel, Angew. Chem. Int. Ed., 2009, 48, 1198−1229


  - Cholesky decomposition of AO overlap to get linearly independent orbitals:

  - Orbital details:

     Number of occupied orbitals:        21
     Number of virtual orbitals:        153
     Number of molecular orbitals:      174
     Number of atomic orbitals:         174


  :: Hartree-Fock engine
  =========================

  Drives the calculation of the Hartree-Fock state.

  This is a RHF ground state calculation.
  The following tasks will be performed:

     1) Generate initial SAD density
     2) Calculation of reference state (SCF-DIIS algorithm)


  1) Generate initial SAD density


  2) Calculation of reference state (SCF-DIIS algorithm)

   - Self-consistent field DIIS Hartree-Fock solver
  ----------------------------------------------------

  A DIIS-accelerated Roothan-Hall self-consistent field solver. A least-square 
  DIIS fit is performed on the previous Fock matrices and associated gradients. 
  Following the Roothan-Hall update of the density, the DIIS-fitted Fock 
  matrix is used to get the next orbital coefficients.

  - Hartree-Fock solver settings:

     DIIS dimension:                         8
     Cumulative Fock threshold:       0.10E+01

     Energy threshold:              0.1000E-05
     Gradient threshold:            0.1000E-05

     Coulomb screening threshold:   0.1000E-11
     Exchange screening threshold:  0.1000E-09
     Fock precision:                0.1000E-23
     Integral cutoff:               0.1000E-11

  - Setting initial AO density to SAD

     Energy of initial guess:              -234.212847670822
     Number of electrons in guess:           42.000000000000

  Iteration       Energy (a.u.)      Max(grad.)    Delta E (a.u.)
  ---------------------------------------------------------------
     1          -231.196711982721     0.4431E-01     0.2312E+03
     2          -231.274697425519     0.1795E-01     0.7799E-01
     3          -231.283753953921     0.6248E-02     0.9057E-02
     4          -231.284999062822     0.5461E-03     0.1245E-02
     5          -231.285007927755     0.2637E-03     0.8865E-05
     6          -231.285009754094     0.4311E-04     0.1826E-05
     7          -231.285009839742     0.4999E-05     0.8565E-07
     8          -231.285009842267     0.2522E-05     0.2526E-08
     9          -231.285009843012     0.1563E-05     0.7445E-09
    10          -231.285009843249     0.6147E-06     0.2366E-09
  ---------------------------------------------------------------
  Convergence criterion met in 10 iterations!

  - Summary of RHF wavefunction energetics (a.u.):

     HOMO-LUMO gap:                  0.355905377331
     Nuclear repulsion energy:     204.184982670340
     Electronic energy:           -435.469992513588
     Total energy:                -231.285009843249

  - Summary of QM/MM energetics:
                                         a.u.             eV     kcal/mol
     QM/MM SCF Contribution:        -0.479030582364
     QM/MM Electrostatic Energy:     0.000512462944     0.01394     0.322

  - Molecular orbital energies

  ---------------------------------------------------------------------------------------
    1 -11.250490510731   45   0.209146224728   89   1.048628662851  133   2.730656144725
    2 -11.248401878478   46   0.216696301971   90   1.101436478533  134   2.737040883381
    3 -11.248140034733   47   0.218805467370   91   1.111060302857  135   2.737232900838
    4 -11.247231367882   48   0.236984025752   92   1.112031952916  136   2.804197332545
    5 -11.246376666155   49   0.237052939650   93   1.123816495403  137   2.805918295379
    6 -11.245619763381   50   0.277494890081   94   1.156468107854  138   2.955872236029
    7  -1.167279602538   51   0.278931684519   95   1.206805716499  139   2.956516564490
    8  -1.030244018317   52   0.290270244282   96   1.207697304199  140   2.976702256561
    9  -1.029527431207   53   0.321689868752   97   1.239311961728  141   2.989706876019
   10  -0.838095278207   54   0.323727903872   98   1.312816090951  142   3.009743538566
   11  -0.837717845170   55   0.359919075664   99   1.314036437747  143   3.011825173563
   12  -0.724229388413   56   0.393852765086  100   1.382138429345  144   3.034405219519
   13  -0.655078018739   57   0.398852149253  101   1.382766585113  145   3.036617367664
   14  -0.634756968917   58   0.418156024741  102   1.513359134276  146   3.048657489764
   15  -0.602568078576   59   0.420498365245  103   1.541338697475  147   3.077171028148
   16  -0.601316006881   60   0.429993071657  104   1.701810352715  148   3.181101780158
   17  -0.515922298482   61   0.486525492596  105   1.777772485193  149   3.181686926074
   18  -0.508296042725   62   0.488665458054  106   1.778828830454  150   3.261243266110
   19  -0.507305454893   63   0.499030069050  107   1.788365983113  151   3.283290327053
   20  -0.350134504722   64   0.499890756335  108   1.816515014537  152   3.283860523566
   21  -0.349113207433   65   0.591559044859  109   1.835815677143  153   3.324019978325
   22   0.006792169898   66   0.598844538997  110   1.836369208212  154   3.324915488467
   23   0.038288279332   67   0.703777632418  111   1.898906044241  155   3.475367989392
   24   0.040908155374   68   0.710046159510  112   1.900157051019  156   3.549229752661
   25   0.052634667256   69   0.711893765195  113   1.924253980625  157   3.774858819029
   26   0.057823930124   70   0.720659731146  114   1.924735740967  158   3.774992909869
   27   0.077340107581   71   0.740333859350  115   1.977291814852  159   3.901442098047
   28   0.098320460458   72   0.740897827877  116   2.042139149541  160   3.902313471986
   29   0.099588884736   73   0.742809965297  117   2.043844380495  161   3.915308099510
   30   0.119094394297   74   0.744980288794  118   2.095050501972  162   4.084321614722
   31   0.141332553786   75   0.746048562798  119   2.095811067121  163   4.394719093890
   32   0.143729471695   76   0.785582898648  120   2.120411359374  164   4.395884040514
   33   0.147065190284   77   0.808209741524  121   2.228267925025  165   4.489461794796
   34   0.148673471275   78   0.808978232016  122   2.230547150791  166   4.562424326196
   35   0.159544005335   79   0.875938282414  123   2.230890317637  167   4.562710596238
   36   0.169843704709   80   0.928104087199  124   2.239790149005  168   5.275472868892
   37   0.174019482296   81   0.929027850384  125   2.239915423289  169  24.733320113759
   38   0.175251643790   82   0.941742085725  126   2.287974040175  170  25.134416310738
   39   0.182856491641   83   0.942550677379  127   2.339234460556  171  25.135057303085
   40   0.193885973104   84   0.962709144346  128   2.339311736393  172  25.264676848736
   41   0.197632305456   85   1.002280239569  129   2.368617230531  173  25.265334718561
   42   0.201417427583   86   1.005303783332  130   2.369822507584  174  25.378698579162
   43   0.206534697164   87   1.005980484978  131   2.632126896699
   44   0.206686123703   88   1.046697633437  132   2.660168921203
  ---------------------------------------------------------------------------------------

  - Timings for the RHF ground state calculation

     Total wall time (sec):              7.70000
     Total cpu time (sec):             408.92112

  eT terminated successfully!
