


                     eT - an electronic structure program

  ------------------------------------------------------------------------
   Author list in alphabetical order:
  ------------------------------------------------------------------------
   J. H. Andersen, A. Balbi, S. Coriani, S. D. Folkestad, T. Giovannini, 
   L. Goletto, T. S. Haugland, A. Hutcheson, I-M. Høyvik, E. F. Kjønstad, 
   H. Koch, T. Moitra, R. H. Myhre, A. C. Paul, M. Scavino, A. Skeidsvoll, 
   Å. H. Tveten
  ------------------------------------------------------------------------


  :: Input file
  ================

     Note: geometry section is excluded from this print

     system
        name: benzene scan 3.00
        charge: 0
     end system

     do
       ground state
     end do

     memory
        available: 8
     end memory

     solver scf
        algorithm: scf-diis
     end solver scf

     molecular mechanics
        forcefield: non-polarizable
     end molecular mechanics

     method
        hf
     end method


  Running on 56 OMP thread(s)
  Memory available for calculation: 8.000000 GB


  :: Molecular system specifications (QM)
  ==========================================

     Name:             benzene scan 3.00
     Charge:           0
     Multiplicity:     1
     Coordinate units: angstrom

     Pure basis functions:        174
     Cartesian basis functions:   180
     Primitive basis functions:   270

     Nuclear repulsion energy (a.u.):            204.234616969248
     Bohr/angstrom value (CODATA 2010):            0.529177210920

     ==============================================================================
                                     Geometry (angstrom)
     ==============================================================================
        Atom           X                  Y                  Z         # in input
     ==============================================================================
        Basis: 6-311++g**
        1 C     -2.282182000000     0.094329000000    -0.000183000000        1
        2 C     -0.893220000000     0.094263000000     0.000431000000        2
        3 C     -0.198699000000     1.297110000000     0.000040000000        3
        4 C     -0.893125000000     2.500009000000    -0.000978000000        4
        5 C     -2.282088000000     2.500067000000    -0.001601000000        5
        6 C     -2.976633000000     1.297226000000    -0.001196000000        6
        7 H     -2.824040000000    -0.844049000000     0.000125000000        7
        8 H     -0.351527000000    -0.844201000000     0.001214000000        8
        9 H      0.884886000000     1.297069000000     0.000516000000        9
       10 H     -0.351327000000     3.438411000000    -0.001306000000       10
       11 H     -2.823832000000     3.438507000000    -0.002402000000       11
       12 H     -4.060212000000     1.297260000000    -0.001659000000       12
     ==============================================================================

     ==============================================================================
                                     Geometry (a.u.)
     ==============================================================================
        Atom           X                  Y                  Z         # in input
     ==============================================================================
        Basis: 6-311++g**
        1 C     -4.312698946412     0.178255975604    -0.000345819881        1
        2 C     -1.687941168984     0.178131253680     0.000814471960        2
        3 C     -0.375486691225     2.451182653435     0.000075589045        3
        4 C     -1.687761645002     4.724332318948    -0.001848152150        4
        5 C     -4.312521312156     4.724441923063    -0.003025451525        5
        6 C     -5.625021143342     2.451401861665    -0.002260112445        6
        7 H     -5.336662164817    -1.595021445713     0.000236215766        7
        8 H     -0.664289755390    -1.595308684084     0.002294127515        8
        9 H      1.672192191462     2.451105174663     0.000975098680        9
       10 H     -0.663911810165     6.497655093692    -0.002467982319       10
       11 H     -5.336269101783     6.497836507400    -0.004539122151       11
       12 H     -7.672688687673     2.451466112353    -0.003135055641       12
     ==============================================================================


  :: Molecular system specifications (MM)
  ==========================================

     Force Field:  non-polarizable

     Number of MM atoms:                   2
     Number of MM molecules:               1

    ====================================================================
                        MM Geometry (Å) and Parameters
    ====================================================================
    Atom    Mol             X          Y          Z            Charge
    ====================================================================
      H       1        -4.324217  -3.442023   0.000978        1.000000
      H       1        -4.824276  -4.308014   0.001262       -1.000000
    ====================================================================


  :: RHF wavefunction
  ======================

  This is a QM/MM calculation

     Electrostatic Embedding:

     Each atom of the MM portion is endowed with a charge which value 
     is a fixed external parameter.

     The QM/MM electrostatic interaction energy is defined as:

        E^ele_QM/MM = sum_i q_i * V_i(P)

     where V_i(P) is the electrostatic potential due to the QM density 
     calculated at the position of the i-th charge q_i.

     For further details, see:
     Senn & Thiel, Angew. Chem. Int. Ed., 2009, 48, 1198−1229


  - Cholesky decomposition of AO overlap to get linearly independent orbitals:

  - Orbital details:

     Number of occupied orbitals:        21
     Number of virtual orbitals:        153
     Number of molecular orbitals:      174
     Number of atomic orbitals:         174


  :: Hartree-Fock engine
  =========================

  Drives the calculation of the Hartree-Fock state.

  This is a RHF ground state calculation.
  The following tasks will be performed:

     1) Generate initial SAD density
     2) Calculation of reference state (SCF-DIIS algorithm)


  1) Generate initial SAD density


  2) Calculation of reference state (SCF-DIIS algorithm)

   - Self-consistent field DIIS Hartree-Fock solver
  ----------------------------------------------------

  A DIIS-accelerated Roothan-Hall self-consistent field solver. A least-square 
  DIIS fit is performed on the previous Fock matrices and associated gradients. 
  Following the Roothan-Hall update of the density, the DIIS-fitted Fock 
  matrix is used to get the next orbital coefficients.

  - Hartree-Fock solver settings:

     DIIS dimension:                         8
     Cumulative Fock threshold:       0.10E+01

     Energy threshold:              0.1000E-05
     Gradient threshold:            0.1000E-05

     Coulomb screening threshold:   0.1000E-11
     Exchange screening threshold:  0.1000E-09
     Fock precision:                0.1000E-23
     Integral cutoff:               0.1000E-11

  - Setting initial AO density to SAD

     Energy of initial guess:              -234.212828050069
     Number of electrons in guess:           42.000000000000

  Iteration       Energy (a.u.)      Max(grad.)    Delta E (a.u.)
  ---------------------------------------------------------------
     1          -231.196289308856     0.4434E-01     0.2312E+03
     2          -231.274122801200     0.1791E-01     0.7783E-01
     3          -231.283151583177     0.6247E-02     0.9029E-02
     4          -231.284408205373     0.6712E-03     0.1257E-02
     5          -231.284418381460     0.3328E-03     0.1018E-04
     6          -231.284421506287     0.4384E-04     0.3125E-05
     7          -231.284421611818     0.9369E-05     0.1055E-06
     8          -231.284421619426     0.5329E-05     0.7608E-08
     9          -231.284421621939     0.2970E-05     0.2513E-08
    10          -231.284421623075     0.6675E-06     0.1136E-08
  ---------------------------------------------------------------
  Convergence criterion met in 10 iterations!

  - Summary of RHF wavefunction energetics (a.u.):

     HOMO-LUMO gap:                  0.355955285743
     Nuclear repulsion energy:     204.372392287149
     Electronic energy:           -435.656813910224
     Total energy:                -231.284421623075

  - Summary of QM/MM energetics:
                                         a.u.             eV     kcal/mol
     QM/MM SCF Contribution:        -0.666344734507
     QM/MM Electrostatic Energy:     0.000607927609     0.01654     0.381

  - Molecular orbital energies

  ---------------------------------------------------------------------------------------
    1 -11.257511420263   45   0.208347189791   89   1.044949023138  133   2.724772516716
    2 -11.253515038419   46   0.213413469174   90   1.096659411241  134   2.732110022070
    3 -11.253329453411   47   0.216072920547   91   1.106153697421  135   2.732375563999
    4 -11.251600317726   48   0.233780349859   92   1.107597321001  136   2.798256263610
    5 -11.250570750535   49   0.234135194470   93   1.119039029677  137   2.801686941560
    6 -11.249854053357   50   0.273174257710   94   1.151509400637  138   2.950383738918
    7  -1.172144661632   51   0.276308212641   95   1.201752976252  139   2.951631233456
    8  -1.035489250484   52   0.288243684508   96   1.203533847973  140   2.970857310624
    9  -1.034082506878   53   0.318574904193   97   1.234493832869  141   2.984768147069
   10  -0.843313799796   54   0.319949266019   98   1.307236904944  142   3.003206316867
   11  -0.842468146481   55   0.355473963242   99   1.309717155879  143   3.007624885785
   12  -0.729283690843   56   0.386192117944  100   1.376947867539  144   3.028538787940
   13  -0.660306669579   57   0.396017124180  101   1.378184811908  145   3.032671478601
   14  -0.639670711079   58   0.413969344734  102   1.508517765073  146   3.043844489507
   15  -0.608238613428   59   0.416765236930  103   1.536386860545  147   3.072407188245
   16  -0.605725080829   60   0.426291342037  104   1.696918952913  148   3.176020100001
   17  -0.520670035663   61   0.480824262464  105   1.772012336187  149   3.177171138805
   18  -0.513844029964   62   0.484542248081  106   1.774299143354  150   3.256165571098
   19  -0.511867158652   63   0.495275583631  107   1.783678260042  151   3.278215689221
   20  -0.355328996794   64   0.495536694128  108   1.811209028430  152   3.279365011550
   21  -0.353367521446   65   0.587040545281  109   1.830859029628  153   3.318486114810
   22   0.002587764297   66   0.594229924288  110   1.831862920072  154   3.320312302458
   23   0.037690404924   67   0.699527922369  111   1.892990845597  155   3.470605733691
   24   0.039940735277   68   0.703888670194  112   1.895619546480  156   3.544304004488
   25   0.054039770150   69   0.707959972723  113   1.919204354815  157   3.769855004337
   26   0.056889982198   70   0.716058892007  114   1.920092731954  158   3.770101391335
   27   0.078538109784   71   0.735960688744  115   1.971952687793  159   3.895759540126
   28   0.093502296417   72   0.736710645305  116   2.036275767453  160   3.897700678309
   29   0.095882966069   73   0.737929755700  117   2.039655957764  161   3.910596152088
   30   0.116050853560   74   0.740450980601  118   2.089486150361  162   4.079284022725
   31   0.137970008023   75   0.742206897988  119   2.090946948059  163   4.388997387694
   32   0.141414691336   76   0.781093816320  120   2.115336145908  164   4.391437275092
   33   0.142502378695   77   0.803549574341  121   2.222840401870  165   4.484475601272
   34   0.143128090640   78   0.804996639634  122   2.225545226974  166   4.557380773883
   35   0.166712218798   79   0.871557377878  123   2.226255294131  167   4.557919953411
   36   0.168429760145   80   0.921862632410  124   2.235062091242  168   5.270624328965
   37   0.171018757671   81   0.924094393810  125   2.235328822959  169  24.728290630021
   38   0.173657705989   82   0.936756388389  126   2.282826389151  170  25.129035412439
   39   0.180198801633   83   0.938247843685  127   2.334274499291  171  25.130398669532
   40   0.185890140618   84   0.957564385047  128   2.334417649667  172  25.259297149117
   41   0.194154296842   85   0.994749900216  129   2.363001062163  173  25.260691453543
   42   0.199672122366   86   1.001084908956  130   2.365450543728  174  25.373716116464
   43   0.203472290210   87   1.002059611171  131   2.627163424682
   44   0.203813152946   88   1.041360351780  132   2.655334635455
  ---------------------------------------------------------------------------------------

  - Timings for the RHF ground state calculation

     Total wall time (sec):              7.45900
     Total cpu time (sec):             397.22730

  eT terminated successfully!
