


                     eT - an electronic structure program

  ------------------------------------------------------------------------
   Author list in alphabetical order:
  ------------------------------------------------------------------------
   J. H. Andersen, A. Balbi, S. Coriani, S. D. Folkestad, T. Giovannini, 
   L. Goletto, T. S. Haugland, A. Hutcheson, I-M. Høyvik, E. F. Kjønstad, 
   H. Koch, T. Moitra, R. H. Myhre, A. C. Paul, M. Scavino, A. Skeidsvoll, 
   Å. H. Tveten
  ------------------------------------------------------------------------


  :: Input file
  ================

     Note: geometry section is excluded from this print

     system
        name: benzene scan 4.25
        charge: 0
     end system

     do
       ground state
     end do

     memory
        available: 8
     end memory

     solver scf
        algorithm: scf-diis
     end solver scf

     molecular mechanics
        forcefield: non-polarizable
     end molecular mechanics

     method
        hf
     end method


  Running on 56 OMP thread(s)
  Memory available for calculation: 8.000000 GB


  :: Molecular system specifications (QM)
  ==========================================

     Name:             benzene scan 4.25
     Charge:           0
     Multiplicity:     1
     Coordinate units: angstrom

     Pure basis functions:        174
     Cartesian basis functions:   180
     Primitive basis functions:   270

     Nuclear repulsion energy (a.u.):            204.234616969248
     Bohr/angstrom value (CODATA 2010):            0.529177210920

     ==============================================================================
                                     Geometry (angstrom)
     ==============================================================================
        Atom           X                  Y                  Z         # in input
     ==============================================================================
        Basis: 6-311++g**
        1 C     -2.282182000000     0.094329000000    -0.000183000000        1
        2 C     -0.893220000000     0.094263000000     0.000431000000        2
        3 C     -0.198699000000     1.297110000000     0.000040000000        3
        4 C     -0.893125000000     2.500009000000    -0.000978000000        4
        5 C     -2.282088000000     2.500067000000    -0.001601000000        5
        6 C     -2.976633000000     1.297226000000    -0.001196000000        6
        7 H     -2.824040000000    -0.844049000000     0.000125000000        7
        8 H     -0.351527000000    -0.844201000000     0.001214000000        8
        9 H      0.884886000000     1.297069000000     0.000516000000        9
       10 H     -0.351327000000     3.438411000000    -0.001306000000       10
       11 H     -2.823832000000     3.438507000000    -0.002402000000       11
       12 H     -4.060212000000     1.297260000000    -0.001659000000       12
     ==============================================================================

     ==============================================================================
                                     Geometry (a.u.)
     ==============================================================================
        Atom           X                  Y                  Z         # in input
     ==============================================================================
        Basis: 6-311++g**
        1 C     -4.312698946412     0.178255975604    -0.000345819881        1
        2 C     -1.687941168984     0.178131253680     0.000814471960        2
        3 C     -0.375486691225     2.451182653435     0.000075589045        3
        4 C     -1.687761645002     4.724332318948    -0.001848152150        4
        5 C     -4.312521312156     4.724441923063    -0.003025451525        5
        6 C     -5.625021143342     2.451401861665    -0.002260112445        6
        7 H     -5.336662164817    -1.595021445713     0.000236215766        7
        8 H     -0.664289755390    -1.595308684084     0.002294127515        8
        9 H      1.672192191462     2.451105174663     0.000975098680        9
       10 H     -0.663911810165     6.497655093692    -0.002467982319       10
       11 H     -5.336269101783     6.497836507400    -0.004539122151       11
       12 H     -7.672688687673     2.451466112353    -0.003135055641       12
     ==============================================================================


  :: Molecular system specifications (MM)
  ==========================================

     Force Field:  non-polarizable

     Number of MM atoms:                   2
     Number of MM molecules:               1

    ====================================================================
                        MM Geometry (Å) and Parameters
    ====================================================================
    Atom    Mol             X          Y          Z            Charge
    ====================================================================
      H       1        -4.949290  -4.524512   0.001333        1.000000
      H       1        -5.449349  -5.390503   0.001617       -1.000000
    ====================================================================


  :: RHF wavefunction
  ======================

  This is a QM/MM calculation

     Electrostatic Embedding:

     Each atom of the MM portion is endowed with a charge which value 
     is a fixed external parameter.

     The QM/MM electrostatic interaction energy is defined as:

        E^ele_QM/MM = sum_i q_i * V_i(P)

     where V_i(P) is the electrostatic potential due to the QM density 
     calculated at the position of the i-th charge q_i.

     For further details, see:
     Senn & Thiel, Angew. Chem. Int. Ed., 2009, 48, 1198−1229


  - Cholesky decomposition of AO overlap to get linearly independent orbitals:

  - Orbital details:

     Number of occupied orbitals:        21
     Number of virtual orbitals:        153
     Number of molecular orbitals:      174
     Number of atomic orbitals:         174


  :: Hartree-Fock engine
  =========================

  Drives the calculation of the Hartree-Fock state.

  This is a RHF ground state calculation.
  The following tasks will be performed:

     1) Generate initial SAD density
     2) Calculation of reference state (SCF-DIIS algorithm)


  1) Generate initial SAD density


  2) Calculation of reference state (SCF-DIIS algorithm)

   - Self-consistent field DIIS Hartree-Fock solver
  ----------------------------------------------------

  A DIIS-accelerated Roothan-Hall self-consistent field solver. A least-square 
  DIIS fit is performed on the previous Fock matrices and associated gradients. 
  Following the Roothan-Hall update of the density, the DIIS-fitted Fock 
  matrix is used to get the next orbital coefficients.

  - Hartree-Fock solver settings:

     DIIS dimension:                         8
     Cumulative Fock threshold:       0.10E+01

     Energy threshold:              0.1000E-05
     Gradient threshold:            0.1000E-05

     Coulomb screening threshold:   0.1000E-11
     Exchange screening threshold:  0.1000E-09
     Fock precision:                0.1000E-23
     Integral cutoff:               0.1000E-11

  - Setting initial AO density to SAD

     Energy of initial guess:              -234.212848035643
     Number of electrons in guess:           42.000000000000

  Iteration       Energy (a.u.)      Max(grad.)    Delta E (a.u.)
  ---------------------------------------------------------------
     1          -231.196783030812     0.4430E-01     0.2312E+03
     2          -231.274789422360     0.1796E-01     0.7801E-01
     3          -231.283850092522     0.6248E-02     0.9061E-02
     4          -231.285093882458     0.5254E-03     0.1244E-02
     5          -231.285102678550     0.2466E-03     0.8796E-05
     6          -231.285104254864     0.4323E-04     0.1576E-05
     7          -231.285104339041     0.4645E-05     0.8418E-07
     8          -231.285104341216     0.2130E-05     0.2174E-08
     9          -231.285104341532     0.1332E-05     0.3164E-09
    10          -231.285104341813     0.5714E-06     0.2808E-09
  ---------------------------------------------------------------
  Convergence criterion met in 10 iterations!

  - Summary of RHF wavefunction energetics (a.u.):

     HOMO-LUMO gap:                  0.357908260582
     Nuclear repulsion energy:     204.150763807027
     Electronic energy:           -435.435868148839
     Total energy:                -231.285104341813

  - Summary of QM/MM energetics:
                                         a.u.             eV     kcal/mol
     QM/MM SCF Contribution:        -0.444861116044
     QM/MM Electrostatic Energy:     0.000463065950     0.01260     0.291

  - Molecular orbital energies

  ---------------------------------------------------------------------------------------
    1 -11.249341744542   45   0.209286017465   89   1.049327449836  133   2.731630237320
    2 -11.247504628023   46   0.217461643402   90   1.102289541426  134   2.737914872602
    3 -11.247240715796   47   0.219354620058   91   1.111917217846  135   2.738096516699
    4 -11.246418241577   48   0.237893001210   92   1.112827286028  136   2.805200633247
    5 -11.245610364263   49   0.238070979348   93   1.124688956855  137   2.806690540676
    6 -11.244856044318   50   0.278303470369   94   1.157342618490  138   2.956821621356
    7  -1.166418983260   51   0.279510566778   95   1.207687853579  139   2.957371622243
    8  -1.029327001420   52   0.291002802716   96   1.208464974526  140   2.977671245415
    9  -1.028710659391   53   0.322512433040   97   1.240167433534  141   2.990585126558
   10  -0.837185491968   54   0.324379137234   98   1.313778400957  142   3.010827961026
   11  -0.836869706811   55   0.360736564175   99   1.314820879881  143   3.012594643073
   12  -0.723341440109   56   0.394818422210  100   1.383050098080  144   3.035441718914
   13  -0.654168203310   57   0.399432306739  101   1.383589118975  145   3.037349809972
   14  -0.633887276619   58   0.418590699005  102   1.514220112480  146   3.049510112557
   15  -0.601589896742   59   0.421207654435  103   1.542209737399  147   3.078043204330
   16  -0.600518515975   60   0.430583249764  104   1.702682351546  148   3.181994694111
   17  -0.515078702242   61   0.487575095120  105   1.778743691650  149   3.182498342224
   18  -0.507335299204   62   0.489426471287  106   1.779644845914  150   3.262136929662
   19  -0.506486587409   63   0.499759664060  107   1.789205983175  151   3.284182431525
   20  -0.349222817031   64   0.500694940225  108   1.817430798570  152   3.284670093973
   21  -0.348340734234   65   0.592402365412  109   1.836700244586  153   3.324962410301
   22   0.009567526347   66   0.599664667933  110   1.837181392738  154   3.325739706184
   23   0.038514240956   67   0.704550378216  111   1.899913712243  155   3.476215726559
   24   0.041226138548   68   0.711022454090  112   1.900980491284  156   3.550100887148
   25   0.052719958314   69   0.712624126603  113   1.925152088118  157   3.775738960668
   26   0.058136471158   70   0.721421529298  114   1.925569987956  158   3.775856081270
   27   0.077375047601   71   0.741125595558  115   1.978214873815  159   3.902406742992
   28   0.099207112389   72   0.741661385583  116   2.043148902203  160   3.903139471971
   29   0.100292108836   73   0.743709289235  117   2.044610456428  161   3.916155255991
   30   0.119707873538   74   0.745809917076  118   2.095994643811  162   4.085204887198
   31   0.142033532294   75   0.746757893884  119   2.096665556013  163   4.395696445594
   32   0.144204112928   76   0.786389557083  120   2.121310922812  164   4.396686804825
   33   0.147719663671   77   0.809056307941  121   2.229219861751  165   4.490339758207
   34   0.149889661090   78   0.809717710338  122   2.231428952127  166   4.563316535886
   35   0.159339339497   79   0.876744548301  123   2.231720694202  167   4.563561515428
   36   0.170509749379   80   0.929208559057  124   2.240644702260  168   5.276332951522
   37   0.174508230319   81   0.929921181705  125   2.240750099028  169  24.734202530719
   38   0.175654193520   82   0.942647479814  126   2.288854500021  170  25.135345963918
   39   0.183364852303   83   0.943341791910  127   2.340113582410  171  25.135889528520
   40   0.195049352107   84   0.963616766712  128   2.340185064702  172  25.265606869340
   41   0.198430372134   85   1.003518622759  129   2.369585398638  173  25.266165280923
   42   0.202006986591   86   1.006076292610  130   2.370614851309  174  25.379576054468
   43   0.207136390868   87   1.006693452594  131   2.633003644227
   44   0.207273737196   88   1.047606889500  132   2.661027702061
  ---------------------------------------------------------------------------------------

  - Timings for the RHF ground state calculation

     Total wall time (sec):              8.08100
     Total cpu time (sec):             430.43775

  eT terminated successfully!
