


                     eT - an electronic structure program

  ------------------------------------------------------------------------
   Author list in alphabetical order:
  ------------------------------------------------------------------------
   J. H. Andersen, A. Balbi, S. Coriani, S. D. Folkestad, T. Giovannini, 
   L. Goletto, T. S. Haugland, A. Hutcheson, I-M. Høyvik, E. F. Kjønstad, 
   H. Koch, T. Moitra, R. H. Myhre, A. C. Paul, M. Scavino, A. Skeidsvoll, 
   Å. H. Tveten
  ------------------------------------------------------------------------


  :: Input file
  ================

     Note: geometry section is excluded from this print

     system
        name: benzene scan 6.50
        charge: 0
     end system

     do
       ground state
     end do

     memory
        available: 8
     end memory

     solver scf
        algorithm: scf-diis
     end solver scf

     molecular mechanics
        forcefield: non-polarizable
     end molecular mechanics

     method
        hf
     end method


  Running on 56 OMP thread(s)
  Memory available for calculation: 8.000000 GB


  :: Molecular system specifications (QM)
  ==========================================

     Name:             benzene scan 6.50
     Charge:           0
     Multiplicity:     1
     Coordinate units: angstrom

     Pure basis functions:        174
     Cartesian basis functions:   180
     Primitive basis functions:   270

     Nuclear repulsion energy (a.u.):            204.234616969248
     Bohr/angstrom value (CODATA 2010):            0.529177210920

     ==============================================================================
                                     Geometry (angstrom)
     ==============================================================================
        Atom           X                  Y                  Z         # in input
     ==============================================================================
        Basis: 6-311++g**
        1 C     -2.282182000000     0.094329000000    -0.000183000000        1
        2 C     -0.893220000000     0.094263000000     0.000431000000        2
        3 C     -0.198699000000     1.297110000000     0.000040000000        3
        4 C     -0.893125000000     2.500009000000    -0.000978000000        4
        5 C     -2.282088000000     2.500067000000    -0.001601000000        5
        6 C     -2.976633000000     1.297226000000    -0.001196000000        6
        7 H     -2.824040000000    -0.844049000000     0.000125000000        7
        8 H     -0.351527000000    -0.844201000000     0.001214000000        8
        9 H      0.884886000000     1.297069000000     0.000516000000        9
       10 H     -0.351327000000     3.438411000000    -0.001306000000       10
       11 H     -2.823832000000     3.438507000000    -0.002402000000       11
       12 H     -4.060212000000     1.297260000000    -0.001659000000       12
     ==============================================================================

     ==============================================================================
                                     Geometry (a.u.)
     ==============================================================================
        Atom           X                  Y                  Z         # in input
     ==============================================================================
        Basis: 6-311++g**
        1 C     -4.312698946412     0.178255975604    -0.000345819881        1
        2 C     -1.687941168984     0.178131253680     0.000814471960        2
        3 C     -0.375486691225     2.451182653435     0.000075589045        3
        4 C     -1.687761645002     4.724332318948    -0.001848152150        4
        5 C     -4.312521312156     4.724441923063    -0.003025451525        5
        6 C     -5.625021143342     2.451401861665    -0.002260112445        6
        7 H     -5.336662164817    -1.595021445713     0.000236215766        7
        8 H     -0.664289755390    -1.595308684084     0.002294127515        8
        9 H      1.672192191462     2.451105174663     0.000975098680        9
       10 H     -0.663911810165     6.497655093692    -0.002467982319       10
       11 H     -5.336269101783     6.497836507400    -0.004539122151       11
       12 H     -7.672688687673     2.451466112353    -0.003135055641       12
     ==============================================================================


  :: Molecular system specifications (MM)
  ==========================================

     Force Field:  non-polarizable

     Number of MM atoms:                   2
     Number of MM molecules:               1

    ====================================================================
                        MM Geometry (Å) and Parameters
    ====================================================================
    Atom    Mol             X          Y          Z            Charge
    ====================================================================
      H       1        -6.074423  -6.472992   0.001973        1.000000
      H       1        -6.574482  -7.338984   0.002257       -1.000000
    ====================================================================


  :: RHF wavefunction
  ======================

  This is a QM/MM calculation

     Electrostatic Embedding:

     Each atom of the MM portion is endowed with a charge which value 
     is a fixed external parameter.

     The QM/MM electrostatic interaction energy is defined as:

        E^ele_QM/MM = sum_i q_i * V_i(P)

     where V_i(P) is the electrostatic potential due to the QM density 
     calculated at the position of the i-th charge q_i.

     For further details, see:
     Senn & Thiel, Angew. Chem. Int. Ed., 2009, 48, 1198−1229


  - Cholesky decomposition of AO overlap to get linearly independent orbitals:

  - Orbital details:

     Number of occupied orbitals:        21
     Number of virtual orbitals:        153
     Number of molecular orbitals:      174
     Number of atomic orbitals:         174


  :: Hartree-Fock engine
  =========================

  Drives the calculation of the Hartree-Fock state.

  This is a RHF ground state calculation.
  The following tasks will be performed:

     1) Generate initial SAD density
     2) Calculation of reference state (SCF-DIIS algorithm)


  1) Generate initial SAD density


  2) Calculation of reference state (SCF-DIIS algorithm)

   - Self-consistent field DIIS Hartree-Fock solver
  ----------------------------------------------------

  A DIIS-accelerated Roothan-Hall self-consistent field solver. A least-square 
  DIIS fit is performed on the previous Fock matrices and associated gradients. 
  Following the Roothan-Hall update of the density, the DIIS-fitted Fock 
  matrix is used to get the next orbital coefficients.

  - Hartree-Fock solver settings:

     DIIS dimension:                         8
     Cumulative Fock threshold:       0.10E+01

     Energy threshold:              0.1000E-05
     Gradient threshold:            0.1000E-05

     Coulomb screening threshold:   0.1000E-11
     Exchange screening threshold:  0.1000E-09
     Fock precision:                0.1000E-23
     Integral cutoff:               0.1000E-11

  - Setting initial AO density to SAD

     Energy of initial guess:              -234.212847843926
     Number of electrons in guess:           42.000000000000

  Iteration       Energy (a.u.)      Max(grad.)    Delta E (a.u.)
  ---------------------------------------------------------------
     1          -231.197093880812     0.4424E-01     0.2312E+03
     2          -231.275185267243     0.1797E-01     0.7809E-01
     3          -231.284265023640     0.6246E-02     0.9080E-02
     4          -231.285504663093     0.4240E-03     0.1240E-02
     5          -231.285513489137     0.1422E-03     0.8826E-05
     6          -231.285513970147     0.4669E-04     0.4810E-06
     7          -231.285514048982     0.3645E-05     0.7884E-07
     8          -231.285514050165     0.8489E-06     0.1183E-08
  ---------------------------------------------------------------
  Convergence criterion met in 8 iterations!

  - Summary of RHF wavefunction energetics (a.u.):

     HOMO-LUMO gap:                  0.375701166777
     Nuclear repulsion energy:     203.959351443117
     Electronic energy:           -435.244865493282
     Total energy:                -231.285514050165

  - Summary of QM/MM energetics:
                                         a.u.             eV     kcal/mol
     QM/MM SCF Contribution:        -0.253733666840
     QM/MM Electrostatic Energy:     0.000177692982     0.00484     0.112

  - Molecular orbital energies

  ---------------------------------------------------------------------------------------
    1 -11.243549913744   45   0.211610572326   89   1.053409882381  133   2.736738166846
    2 -11.242655100684   46   0.221997875067   90   1.107035325058  134   2.742771383783
    3 -11.242561650462   47   0.222738039390   91   1.116852865185  135   2.742837627239
    4 -11.241597886629   48   0.243725305518   92   1.117251224562  136   2.810571583956
    5 -11.241256873641   49   0.243941271716   93   1.129532502095  137   2.811055636851
    6 -11.240575220655   50   0.282876361878   94   1.162115172867  138   2.961897498454
    7  -1.161704207570   51   0.283197974152   95   1.212585072747  139   2.962063196990
    8  -1.024373218103   52   0.296359296164   96   1.212823588671  140   2.982778637022
    9  -1.024175451510   53   0.327142680552   97   1.244865691528  141   2.995379849764
   10  -0.832274897524   54   0.328648131423   98   1.318907983261  142   3.016420225258
   11  -0.832191419885   55   0.365328614522   99   1.319228074281  143   3.016945354784
   12  -0.718512671208   56   0.401426331426  100   1.387986096818  144   3.040953364347
   13  -0.649257930805   57   0.403100721944  101   1.388155769380  145   3.041555476646
   14  -0.629128674476   58   0.423955917042  102   1.518903168540  146   3.054189643047
   15  -0.596386964328   59   0.425375052467  103   1.546996659237  147   3.082830665001
   16  -0.596055807354   60   0.434436153552  104   1.707468360631  148   3.186847503771
   17  -0.510435842171   61   0.493106315013  105   1.783923802176  149   3.187012115034
   18  -0.502202437244   62   0.493773741375  106   1.784192241455  150   3.266994684913
   19  -0.501937417329   63   0.504718442601  107   1.793870595983  151   3.289030919843
   20  -0.344283327675   64   0.505215680995  108   1.822344120971  152   3.289181795440
   21  -0.343993863283   65   0.597164951665  109   1.841548156079  153   3.330046702512
   22   0.031707303494   66   0.604413038814  110   1.841707625039  154   3.330310241323
   23   0.041795877754   67   0.708897755899  111   1.905221633740  155   3.480883171109
   24   0.043832311542   68   0.716299498966  112   1.905552107974  156   3.554865152857
   25   0.058037083627   69   0.716815099381  113   1.930051674153  157   3.780532777502
   26   0.060780559275   70   0.726068975829  114   1.930199016029  158   3.780575539869
   27   0.081111033403   71   0.745788612353  115   1.983166566283  159   3.907506587358
   28   0.104096264060   72   0.746007049175  116   2.048491080131  160   3.907717084525
   29   0.104405021735   73   0.748683951660  117   2.048945100195  161   3.920846911376
   30   0.123422043871   74   0.750464582893  118   2.101099969790  162   4.090019281809
   31   0.146324235714   75   0.750824212517  119   2.101341168152  163   4.400870432737
   32   0.147233607329   76   0.790873432946  120   2.126211241456  164   4.401171481615
   33   0.151983748901   77   0.813759580245  121   2.234325114125  165   4.495131085741
   34   0.156224874950   78   0.813960567924  122   2.236235212889  166   4.568161597447
   35   0.170497602112   79   0.881286895085  123   2.236319651648  167   4.568239989698
   36   0.174843398394   80   0.934709915073  124   2.245392020882  168   5.281051093203
   37   0.177480491590   81   0.934841065939  125   2.245411159002  169  24.739001651820
   38   0.178430369302   82   0.947599678841  126   2.293708726014  170  25.140331714726
   39   0.186505320718   83   0.947832266999  127   2.344922273043  171  25.140491858565
   40   0.203275600079   84   0.968539572766  128   2.344949140353  172  25.270593626969
   41   0.203630753300   85   1.009702871709  129   2.374738099380  173  25.270762636091
   42   0.206215469481   86   1.010436870589  130   2.375057553986  174  25.384359280152
   43   0.210864913302   87   1.010770088888  131   2.637790010806
   44   0.210947841721   88   1.052736515906  132   2.665742715709
  ---------------------------------------------------------------------------------------

  - Timings for the RHF ground state calculation

     Total wall time (sec):              7.04200
     Total cpu time (sec):             372.58624

  eT terminated successfully!
