
  Preparation of molecular system (Libint)
  wall time (sec):                 0.00
  cpu time (sec):                  0.00
  cpu/wall ratio:                  0.85

  Preparation of molecular system (total)
  wall time (sec):                 0.12
  cpu time (sec):                  1.71
  cpu/wall ratio:                 14.70

  Cholesky decomposition of AO overlap
  wall time (sec):                 0.13
  cpu time (sec):                  5.18
  cpu/wall ratio:                 38.95


  :: Hartree-Fock engine
  =========================


  1) Generate initial SAD density

  SAD generation time
  wall time (sec):                 0.24
  cpu time (sec):                  8.97
  cpu/wall ratio:                 36.60


  2) Calculation of reference state (SCF-DIIS algorithm)

  AO Fock construction
  wall time (sec):                 0.20
  cpu time (sec):                 10.79
  cpu/wall ratio:                 54.78

  AO Fock construction
  wall time (sec):                 0.62
  cpu time (sec):                 34.44
  cpu/wall ratio:                 55.27

  AO Fock construction
  wall time (sec):                 0.65
  cpu time (sec):                 35.59
  cpu/wall ratio:                 55.19

  SCF DIIS iteration time
  wall time (sec):                 0.86
  cpu time (sec):                 45.83
  cpu/wall ratio:                 53.35

  AO Fock construction
  wall time (sec):                 0.63
  cpu time (sec):                 34.91
  cpu/wall ratio:                 55.24

  SCF DIIS iteration time
  wall time (sec):                 0.87
  cpu time (sec):                 46.70
  cpu/wall ratio:                 53.62

  AO Fock construction
  wall time (sec):                 0.55
  cpu time (sec):                 30.45
  cpu/wall ratio:                 55.37

  SCF DIIS iteration time
  wall time (sec):                 0.79
  cpu time (sec):                 42.55
  cpu/wall ratio:                 53.72

  AO Fock construction
  wall time (sec):                 0.58
  cpu time (sec):                 31.68
  cpu/wall ratio:                 54.25

  SCF DIIS iteration time
  wall time (sec):                 0.89
  cpu time (sec):                 47.09
  cpu/wall ratio:                 53.03

  AO Fock construction
  wall time (sec):                 0.53
  cpu time (sec):                 29.42
  cpu/wall ratio:                 55.31

  SCF DIIS iteration time
  wall time (sec):                 0.73
  cpu time (sec):                 39.08
  cpu/wall ratio:                 53.68

  AO Fock construction
  wall time (sec):                 0.49
  cpu time (sec):                 27.23
  cpu/wall ratio:                 55.34

  SCF DIIS iteration time
  wall time (sec):                 0.76
  cpu time (sec):                 40.70
  cpu/wall ratio:                 53.69

  AO Fock construction
  wall time (sec):                 0.46
  cpu time (sec):                 25.18
  cpu/wall ratio:                 55.34

  SCF DIIS iteration time
  wall time (sec):                 0.74
  cpu time (sec):                 39.59
  cpu/wall ratio:                 53.64

  SCF DIIS iteration time
  wall time (sec):                 0.00
  cpu time (sec):                  0.11
  cpu/wall ratio:                 54.56

  SCF DIIS solver time
  wall time (sec):                 6.80
  cpu time (sec):                363.62
  cpu/wall ratio:                 53.50

  Hartree-Fock engine
  wall time (sec):                 7.04
  cpu time (sec):                372.59
  cpu/wall ratio:                 52.91


  :: Total time
  ================

  Total time in eT
  wall time (sec):                 7.36
  cpu time (sec):                382.71
  cpu/wall ratio:                 51.98
