
  Preparation of molecular system (Libint)
  wall time (sec):                 0.00
  cpu time (sec):                  0.00
  cpu/wall ratio:                  1.39

  Preparation of molecular system (total)
  wall time (sec):                 0.11
  cpu time (sec):                  1.50
  cpu/wall ratio:                 13.39

  Cholesky decomposition of AO overlap
  wall time (sec):                 0.14
  cpu time (sec):                  5.52
  cpu/wall ratio:                 39.98


  :: Hartree-Fock engine
  =========================


  1) Generate initial SAD density

  SAD generation time
  wall time (sec):                 0.19
  cpu time (sec):                  7.91
  cpu/wall ratio:                 41.64


  2) Calculation of reference state (SCF-DIIS algorithm)

  AO Fock construction
  wall time (sec):                 0.20
  cpu time (sec):                 10.85
  cpu/wall ratio:                 54.81

  AO Fock construction
  wall time (sec):                 0.66
  cpu time (sec):                 36.61
  cpu/wall ratio:                 55.06

  AO Fock construction
  wall time (sec):                 0.59
  cpu time (sec):                 32.58
  cpu/wall ratio:                 55.31

  SCF DIIS iteration time
  wall time (sec):                 0.76
  cpu time (sec):                 40.32
  cpu/wall ratio:                 53.34

  AO Fock construction
  wall time (sec):                 0.55
  cpu time (sec):                 30.52
  cpu/wall ratio:                 55.40

  SCF DIIS iteration time
  wall time (sec):                 0.77
  cpu time (sec):                 41.43
  cpu/wall ratio:                 53.74

  AO Fock construction
  wall time (sec):                 0.61
  cpu time (sec):                 33.66
  cpu/wall ratio:                 55.27

  SCF DIIS iteration time
  wall time (sec):                 0.88
  cpu time (sec):                 47.19
  cpu/wall ratio:                 53.87

  AO Fock construction
  wall time (sec):                 0.54
  cpu time (sec):                 30.06
  cpu/wall ratio:                 55.25

  SCF DIIS iteration time
  wall time (sec):                 0.79
  cpu time (sec):                 42.52
  cpu/wall ratio:                 53.62

  AO Fock construction
  wall time (sec):                 0.54
  cpu time (sec):                 29.67
  cpu/wall ratio:                 55.15

  SCF DIIS iteration time
  wall time (sec):                 0.68
  cpu time (sec):                 36.46
  cpu/wall ratio:                 53.54

  AO Fock construction
  wall time (sec):                 0.50
  cpu time (sec):                 27.44
  cpu/wall ratio:                 55.32

  SCF DIIS iteration time
  wall time (sec):                 0.74
  cpu time (sec):                 39.30
  cpu/wall ratio:                 53.39

  AO Fock construction
  wall time (sec):                 0.45
  cpu time (sec):                 24.67
  cpu/wall ratio:                 55.31

  SCF DIIS iteration time
  wall time (sec):                 0.59
  cpu time (sec):                 31.66
  cpu/wall ratio:                 53.39

  AO Fock construction
  wall time (sec):                 0.46
  cpu time (sec):                 25.61
  cpu/wall ratio:                 55.19

  SCF DIIS iteration time
  wall time (sec):                 0.64
  cpu time (sec):                 34.50
  cpu/wall ratio:                 53.48

  AO Fock construction
  wall time (sec):                 0.48
  cpu time (sec):                 26.74
  cpu/wall ratio:                 55.26

  SCF DIIS iteration time
  wall time (sec):                 0.72
  cpu time (sec):                 38.44
  cpu/wall ratio:                 53.61

  SCF DIIS iteration time
  wall time (sec):                 0.00
  cpu time (sec):                  0.11
  cpu/wall ratio:                 55.45

  SCF DIIS solver time
  wall time (sec):                 7.89
  cpu time (sec):                422.53
  cpu/wall ratio:                 53.55

  Hartree-Fock engine
  wall time (sec):                 8.08
  cpu time (sec):                430.44
  cpu/wall ratio:                 53.27


  :: Total time
  ================

  Total time in eT
  wall time (sec):                 8.41
  cpu time (sec):                441.20
  cpu/wall ratio:                 52.49
