


                     eT - an electronic structure program

  ------------------------------------------------------------------------
   Author list in alphabetical order:
  ------------------------------------------------------------------------
   J. H. Andersen, A. Balbi, S. Coriani, S. D. Folkestad, T. Giovannini, 
   L. Goletto, T. S. Haugland, A. Hutcheson, I-M. Høyvik, E. F. Kjønstad, 
   H. Koch, T. Moitra, R. H. Myhre, A. C. Paul, M. Scavino, A. Skeidsvoll, 
   Å. H. Tveten
  ------------------------------------------------------------------------


  :: Input file
  ================

     Note: geometry section is excluded from this print

     system
        name: benzene scan 10.00
        charge: 0
     end system

     do
       ground state
     end do

     memory
        available: 8
     end memory

     solver scf
        algorithm: scf-diis
     end solver scf

     molecular mechanics
        forcefield: non-polarizable
     end molecular mechanics

     method
        hf
     end method


  Running on 56 OMP thread(s)
  Memory available for calculation: 8.000000 GB


  :: Molecular system specifications (QM)
  ==========================================

     Name:             benzene scan 10.00
     Charge:           0
     Multiplicity:     1
     Coordinate units: angstrom

     Pure basis functions:        174
     Cartesian basis functions:   180
     Primitive basis functions:   270

     Nuclear repulsion energy (a.u.):            204.234616969248
     Bohr/angstrom value (CODATA 2010):            0.529177210920

     ==============================================================================
                                     Geometry (angstrom)
     ==============================================================================
        Atom           X                  Y                  Z         # in input
     ==============================================================================
        Basis: 6-311++g**
        1 C     -2.282182000000     0.094329000000    -0.000183000000        1
        2 C     -0.893220000000     0.094263000000     0.000431000000        2
        3 C     -0.198699000000     1.297110000000     0.000040000000        3
        4 C     -0.893125000000     2.500009000000    -0.000978000000        4
        5 C     -2.282088000000     2.500067000000    -0.001601000000        5
        6 C     -2.976633000000     1.297226000000    -0.001196000000        6
        7 H     -2.824040000000    -0.844049000000     0.000125000000        7
        8 H     -0.351527000000    -0.844201000000     0.001214000000        8
        9 H      0.884886000000     1.297069000000     0.000516000000        9
       10 H     -0.351327000000     3.438411000000    -0.001306000000       10
       11 H     -2.823832000000     3.438507000000    -0.002402000000       11
       12 H     -4.060212000000     1.297260000000    -0.001659000000       12
     ==============================================================================

     ==============================================================================
                                     Geometry (a.u.)
     ==============================================================================
        Atom           X                  Y                  Z         # in input
     ==============================================================================
        Basis: 6-311++g**
        1 C     -4.312698946412     0.178255975604    -0.000345819881        1
        2 C     -1.687941168984     0.178131253680     0.000814471960        2
        3 C     -0.375486691225     2.451182653435     0.000075589045        3
        4 C     -1.687761645002     4.724332318948    -0.001848152150        4
        5 C     -4.312521312156     4.724441923063    -0.003025451525        5
        6 C     -5.625021143342     2.451401861665    -0.002260112445        6
        7 H     -5.336662164817    -1.595021445713     0.000236215766        7
        8 H     -0.664289755390    -1.595308684084     0.002294127515        8
        9 H      1.672192191462     2.451105174663     0.000975098680        9
       10 H     -0.663911810165     6.497655093692    -0.002467982319       10
       11 H     -5.336269101783     6.497836507400    -0.004539122151       11
       12 H     -7.672688687673     2.451466112353    -0.003135055641       12
     ==============================================================================


  :: Molecular system specifications (MM)
  ==========================================

     Force Field:  non-polarizable

     Number of MM atoms:                   2
     Number of MM molecules:               1

    ====================================================================
                        MM Geometry (Å) and Parameters
    ====================================================================
    Atom    Mol             X          Y          Z            Charge
    ====================================================================
      H       1        -7.824629  -9.503962   0.002967        1.000000
      H       1        -8.324688 -10.369953   0.003252       -1.000000
    ====================================================================


  :: RHF wavefunction
  ======================

  This is a QM/MM calculation

     Electrostatic Embedding:

     Each atom of the MM portion is endowed with a charge which value 
     is a fixed external parameter.

     The QM/MM electrostatic interaction energy is defined as:

        E^ele_QM/MM = sum_i q_i * V_i(P)

     where V_i(P) is the electrostatic potential due to the QM density 
     calculated at the position of the i-th charge q_i.

     For further details, see:
     Senn & Thiel, Angew. Chem. Int. Ed., 2009, 48, 1198−1229


  - Cholesky decomposition of AO overlap to get linearly independent orbitals:

  - Orbital details:

     Number of occupied orbitals:        21
     Number of virtual orbitals:        153
     Number of molecular orbitals:      174
     Number of atomic orbitals:         174


  :: Hartree-Fock engine
  =========================

  Drives the calculation of the Hartree-Fock state.

  This is a RHF ground state calculation.
  The following tasks will be performed:

     1) Generate initial SAD density
     2) Calculation of reference state (SCF-DIIS algorithm)


  1) Generate initial SAD density


  2) Calculation of reference state (SCF-DIIS algorithm)

   - Self-consistent field DIIS Hartree-Fock solver
  ----------------------------------------------------

  A DIIS-accelerated Roothan-Hall self-consistent field solver. A least-square 
  DIIS fit is performed on the previous Fock matrices and associated gradients. 
  Following the Roothan-Hall update of the density, the DIIS-fitted Fock 
  matrix is used to get the next orbital coefficients.

  - Hartree-Fock solver settings:

     DIIS dimension:                         8
     Cumulative Fock threshold:       0.10E+01

     Energy threshold:              0.1000E-05
     Gradient threshold:            0.1000E-05

     Coulomb screening threshold:   0.1000E-11
     Exchange screening threshold:  0.1000E-09
     Fock precision:                0.1000E-23
     Integral cutoff:               0.1000E-11

  - Setting initial AO density to SAD

     Energy of initial guess:              -234.212848302079
     Number of electrons in guess:           42.000000000000

  Iteration       Energy (a.u.)      Max(grad.)    Delta E (a.u.)
  ---------------------------------------------------------------
     1          -231.197202413323     0.4420E-01     0.2312E+03
     2          -231.275322596777     0.1798E-01     0.7812E-01
     3          -231.284410416073     0.6244E-02     0.9088E-02
     4          -231.285649379812     0.3764E-03     0.1239E-02
     5          -231.285658278733     0.8480E-04     0.8899E-05
     6          -231.285658499633     0.4304E-04     0.2209E-06
     7          -231.285658553905     0.4072E-05     0.5427E-07
     8          -231.285658554978     0.6786E-06     0.1073E-08
  ---------------------------------------------------------------
  Convergence criterion met in 8 iterations!

  - Summary of RHF wavefunction energetics (a.u.):

     HOMO-LUMO gap:                  0.379578473346
     Nuclear repulsion energy:     203.839232263147
     Electronic energy:           -435.124890818126
     Total energy:                -231.285658554978

  - Summary of QM/MM energetics:
                                         a.u.             eV     kcal/mol
     QM/MM SCF Contribution:        -0.133740126858
     QM/MM Electrostatic Energy:     0.000052511106     0.00143     0.033

  - Molecular orbital energies

  ---------------------------------------------------------------------------------------
    1 -11.240376544983   45   0.214188484231   89   1.056124485476  133   2.739739476698
    2 -11.239732714688   46   0.224927368306   90   1.109951590449  134   2.745748634632
    3 -11.239731822390   47   0.225153528010   91   1.119927070342  135   2.745756735229
    4 -11.238527409902   48   0.247230433131   92   1.120042102164  136   2.813724862813
    5 -11.238447682252   49   0.247286770773   93   1.132501722632  137   2.813847740984
    6 -11.237820094936   50   0.285761566084   94   1.165035224327  138   2.964915972344
    7  -1.158804073745   51   0.285819675561   95   1.215560649851  139   2.964958532272
    8  -1.021389244651   52   0.299842564148   96   1.215619888133  140   2.985782872427
    9  -1.021335323265   53   0.329920526186   97   1.247762830071  141   2.998309401572
   10  -0.829313181471   54   0.331583173207   98   1.321945440478  142   3.019590304356
   11  -0.829295421844   55   0.368209959842   99   1.322028783166  143   3.019728030800
   12  -0.715574314866   56   0.405287898172  100   1.390964685442  144   3.044136636216
   13  -0.646294947395   57   0.405696856134  101   1.391011902333  145   3.044299647665
   14  -0.626210463045   58   0.427908195915  102   1.521817546331  146   3.057077605965
   15  -0.593323004803   59   0.428167767339  103   1.549927762296  147   3.085779566563
   16  -0.593236196133   60   0.437534006027  104   1.710402873084  148   3.189797938987
   17  -0.507560253230   61   0.496403823002  105   1.786983499843  149   3.189845848245
   18  -0.499160217735   62   0.496576482284  106   1.787044607239  150   3.269946175940
   19  -0.499088183544   63   0.507920099437  107   1.796769650706  151   3.291978292413
   20  -0.341299583579   64   0.508059901794  108   1.825296872153  152   3.292018443111
   21  -0.341219415473   65   0.600134594226  109   1.844509500554  153   3.333088154037
   22   0.038359057873   66   0.607381965521  110   1.844551629712  154   3.333166962510
   23   0.045263989395   67   0.711670123555  111   1.908315075348  155   3.483770483566
   24   0.046057524567   68   0.719399970787  112   1.908399347069  156   3.557785319526
   25   0.062598168208   69   0.719539367403  113   1.933025492345  157   3.783460047494
   26   0.063199161685   70   0.729121201785  114   1.933082007086  158   3.783475646244
   27   0.084699580824   71   0.748757209062  115   1.986136584099  159   3.910515659130
   28   0.107063286745   72   0.748810940872  116   2.051605710834  160   3.910574992242
   29   0.107135600625   73   0.751697768155  117   2.051724257828  161   3.923754334530
   30   0.125976749106   74   0.753382277929  118   2.104154899991  162   4.092954900775
   31   0.149221177353   75   0.753491918460  119   2.104223982403  163   4.403919812273
   32   0.149514484112   76   0.793690267863  120   2.129184673765  164   4.404000236693
   33   0.154759381116   77   0.816672591949  121   2.237348224458  165   4.498061438095
   34   0.159615801163   78   0.816722576460  122   2.239168414066  166   4.571106102914
   35   0.177462019134   79   0.884152319059  123   2.239185773527  167   4.571130615380
   36   0.178002755841   80   0.937798615922  124   2.248317204781  168   5.283954729988
   37   0.179920316548   81   0.937823853223  125   2.248319115178  169  24.741929203132
   38   0.180513622086   82   0.950632738733  126   2.296680692604  170  25.143318424357
   39   0.188967084260   83   0.950693633320  127   2.347861870684  171  25.143357570743
   40   0.206305145250   84   0.971508319402  128   2.347868520682  172  25.273580136203
   41   0.208664309393   85   1.013085880033  129   2.377781155326  173  25.273627612696
   42   0.209144183529   86   1.013220509041  130   2.377872491225  174  25.387283543609
   43   0.213535602993   87   1.013626198479  131   2.640716765538
   44   0.213568576506   88   1.055953931024  132   2.668647201119
  ---------------------------------------------------------------------------------------

  - Timings for the RHF ground state calculation

     Total wall time (sec):              6.18200
     Total cpu time (sec):             327.76398

  eT terminated successfully!
