


                     eT - an electronic structure program

  ------------------------------------------------------------------------
   Author list in alphabetical order:
  ------------------------------------------------------------------------
   J. H. Andersen, A. Balbi, S. Coriani, S. D. Folkestad, T. Giovannini, 
   L. Goletto, T. S. Haugland, A. Hutcheson, I-M. Høyvik, E. F. Kjønstad, 
   H. Koch, T. Moitra, R. H. Myhre, A. C. Paul, M. Scavino, A. Skeidsvoll, 
   Å. H. Tveten
  ------------------------------------------------------------------------


  :: Input file
  ================

     Note: geometry section is excluded from this print

     system
        name: benzene scan 8.25
        charge: 0
     end system

     do
       ground state
     end do

     memory
        available: 8
     end memory

     solver scf
        algorithm: scf-diis
     end solver scf

     molecular mechanics
        forcefield: non-polarizable
     end molecular mechanics

     method
        hf
     end method


  Running on 56 OMP thread(s)
  Memory available for calculation: 8.000000 GB


  :: Molecular system specifications (QM)
  ==========================================

     Name:             benzene scan 8.25
     Charge:           0
     Multiplicity:     1
     Coordinate units: angstrom

     Pure basis functions:        174
     Cartesian basis functions:   180
     Primitive basis functions:   270

     Nuclear repulsion energy (a.u.):            204.234616969248
     Bohr/angstrom value (CODATA 2010):            0.529177210920

     ==============================================================================
                                     Geometry (angstrom)
     ==============================================================================
        Atom           X                  Y                  Z         # in input
     ==============================================================================
        Basis: 6-311++g**
        1 C     -2.282182000000     0.094329000000    -0.000183000000        1
        2 C     -0.893220000000     0.094263000000     0.000431000000        2
        3 C     -0.198699000000     1.297110000000     0.000040000000        3
        4 C     -0.893125000000     2.500009000000    -0.000978000000        4
        5 C     -2.282088000000     2.500067000000    -0.001601000000        5
        6 C     -2.976633000000     1.297226000000    -0.001196000000        6
        7 H     -2.824040000000    -0.844049000000     0.000125000000        7
        8 H     -0.351527000000    -0.844201000000     0.001214000000        8
        9 H      0.884886000000     1.297069000000     0.000516000000        9
       10 H     -0.351327000000     3.438411000000    -0.001306000000       10
       11 H     -2.823832000000     3.438507000000    -0.002402000000       11
       12 H     -4.060212000000     1.297260000000    -0.001659000000       12
     ==============================================================================

     ==============================================================================
                                     Geometry (a.u.)
     ==============================================================================
        Atom           X                  Y                  Z         # in input
     ==============================================================================
        Basis: 6-311++g**
        1 C     -4.312698946412     0.178255975604    -0.000345819881        1
        2 C     -1.687941168984     0.178131253680     0.000814471960        2
        3 C     -0.375486691225     2.451182653435     0.000075589045        3
        4 C     -1.687761645002     4.724332318948    -0.001848152150        4
        5 C     -4.312521312156     4.724441923063    -0.003025451525        5
        6 C     -5.625021143342     2.451401861665    -0.002260112445        6
        7 H     -5.336662164817    -1.595021445713     0.000236215766        7
        8 H     -0.664289755390    -1.595308684084     0.002294127515        8
        9 H      1.672192191462     2.451105174663     0.000975098680        9
       10 H     -0.663911810165     6.497655093692    -0.002467982319       10
       11 H     -5.336269101783     6.497836507400    -0.004539122151       11
       12 H     -7.672688687673     2.451466112353    -0.003135055641       12
     ==============================================================================


  :: Molecular system specifications (MM)
  ==========================================

     Force Field:  non-polarizable

     Number of MM atoms:                   2
     Number of MM molecules:               1

    ====================================================================
                        MM Geometry (Å) and Parameters
    ====================================================================
    Atom    Mol             X          Y          Z            Charge
    ====================================================================
      H       1        -6.949526  -7.988477   0.002470        1.000000
      H       1        -7.449585  -8.854468   0.002754       -1.000000
    ====================================================================


  :: RHF wavefunction
  ======================

  This is a QM/MM calculation

     Electrostatic Embedding:

     Each atom of the MM portion is endowed with a charge which value 
     is a fixed external parameter.

     The QM/MM electrostatic interaction energy is defined as:

        E^ele_QM/MM = sum_i q_i * V_i(P)

     where V_i(P) is the electrostatic potential due to the QM density 
     calculated at the position of the i-th charge q_i.

     For further details, see:
     Senn & Thiel, Angew. Chem. Int. Ed., 2009, 48, 1198−1229


  - Cholesky decomposition of AO overlap to get linearly independent orbitals:

  - Orbital details:

     Number of occupied orbitals:        21
     Number of virtual orbitals:        153
     Number of molecular orbitals:      174
     Number of atomic orbitals:         174


  :: Hartree-Fock engine
  =========================

  Drives the calculation of the Hartree-Fock state.

  This is a RHF ground state calculation.
  The following tasks will be performed:

     1) Generate initial SAD density
     2) Calculation of reference state (SCF-DIIS algorithm)


  1) Generate initial SAD density


  2) Calculation of reference state (SCF-DIIS algorithm)

   - Self-consistent field DIIS Hartree-Fock solver
  ----------------------------------------------------

  A DIIS-accelerated Roothan-Hall self-consistent field solver. A least-square 
  DIIS fit is performed on the previous Fock matrices and associated gradients. 
  Following the Roothan-Hall update of the density, the DIIS-fitted Fock 
  matrix is used to get the next orbital coefficients.

  - Hartree-Fock solver settings:

     DIIS dimension:                         8
     Cumulative Fock threshold:       0.10E+01

     Energy threshold:              0.1000E-05
     Gradient threshold:            0.1000E-05

     Coulomb screening threshold:   0.1000E-11
     Exchange screening threshold:  0.1000E-09
     Fock precision:                0.1000E-23
     Integral cutoff:               0.1000E-11

  - Setting initial AO density to SAD

     Energy of initial guess:              -234.212848302230
     Number of electrons in guess:           42.000000000000

  Iteration       Energy (a.u.)      Max(grad.)    Delta E (a.u.)
  ---------------------------------------------------------------
     1          -231.197169388577     0.4421E-01     0.2312E+03
     2          -231.275280686000     0.1798E-01     0.7811E-01
     3          -231.284365865818     0.6245E-02     0.9085E-02
     4          -231.285604973105     0.3928E-03     0.1239E-02
     5          -231.285613851092     0.1049E-03     0.8878E-05
     6          -231.285614128389     0.4765E-04     0.2773E-06
     7          -231.285614198944     0.3721E-05     0.7055E-07
     8          -231.285614200089     0.7262E-06     0.1145E-08
  ---------------------------------------------------------------
  Convergence criterion met in 8 iterations!

  - Summary of RHF wavefunction energetics (a.u.):

     HOMO-LUMO gap:                  0.378745434952
     Nuclear repulsion energy:     203.885014195672
     Electronic energy:           -435.170628395761
     Total energy:                -231.285614200089

  - Summary of QM/MM energetics:
                                         a.u.             eV     kcal/mol
     QM/MM SCF Contribution:        -0.179482012196
     QM/MM Electrostatic Energy:     0.000092558444     0.00252     0.058

  - Molecular orbital energies

  ---------------------------------------------------------------------------------------
    1 -11.241549763562   45   0.213142566666   89   1.055076675629  133   2.738609111139
    2 -11.240838264855   46   0.223810266755   90   1.108845448434  134   2.744624876581
    3 -11.240815315947   47   0.224203984422   91   1.118770962463  135   2.744647599172
    4 -11.239684692601   48   0.245940000082   92   1.118974938396  136   2.812546135454
    5 -11.239525054979   49   0.246047236393   93   1.131377921043  137   2.812778309312
    6 -11.238881140540   50   0.284669492412   94   1.163927545798  138   2.963778610904
    7  -1.159905643011   51   0.284797037974   95   1.214437694543  139   2.963858440668
    8  -1.022516663045   52   0.298550620834   96   1.214548605120  140   2.984651840081
    9  -1.022418597578   53   0.328860739243   97   1.246662004115  141   2.997198721441
   10  -0.830433159265   54   0.330471074294   98   1.320802153202  142   3.018408215514
   11  -0.830396410888   55   0.367112699464   99   1.320957229599  143   3.018662078617
   12  -0.716687552693   56   0.403918621937  100   1.389838949060  144   3.042948533638
   13  -0.647415571154   57   0.404686318760  101   1.389923263796  145   3.043244084242
   14  -0.627317780942   58   0.426527011614  102   1.520712899264  146   3.055979790175
   15  -0.594474461542   59   0.427089669352  103   1.548816900335  147   3.084661818030
   16  -0.594313571039   60   0.436355963635  104   1.709290187602  148   3.188680723161
   17  -0.508654261171   61   0.495182326381  105   1.785834527007  149   3.188764452300
   18  -0.500305212592   62   0.495502343970  106   1.785956976377  150   3.268828713017
   19  -0.500174659725   63   0.506724108927  107   1.795667530459  151   3.290862223386
   20  -0.342427312141   64   0.506975422084  108   1.824180367228  152   3.290935794659
   21  -0.342282405331   65   0.599008383637  109   1.843388015223  153   3.331944507639
   22   0.036463029621   66   0.606258959739  110   1.843466555179  154   3.332078090060
   23   0.043883397604   67   0.710608128314  111   1.907154953239  155   3.482672614564
   24   0.045164470269   68   0.718240409092  112   1.907314548707  156   3.556677421834
   25   0.060992556465   69   0.718492134946  113   1.931900802481  157   3.782350186349
   26   0.062215210176   70   0.727978198910  114   1.931984719013  158   3.782374108860
   27   0.083371731663   71   0.747633458387  115   1.985014412061  159   3.909382431870
   28   0.105942271546   72   0.747735864101  116   2.050438531263  160   3.909485929478
   29   0.106082637716   73   0.750560731736  117   2.050658946402  161   3.922649436931
   30   0.124983094947   74   0.752272142110  118   2.103006960271  162   4.091842623478
   31   0.148107558086   75   0.752462719576  119   2.103127912809  163   4.402773731171
   32   0.148606803623   76   0.792614750226  120   2.128059972774  164   4.402919884086
   33   0.153701175220   77   0.815566388219  121   2.236210577605  165   4.496950510806
   34   0.158374003210   78   0.815661077064  122   2.238056645466  166   4.569991010041
   35   0.175294186237   79   0.883059714551  123   2.238094184080  167   4.570031735882
   36   0.176780344787   80   0.936644981101  124   2.247207551224  168   5.282851964600
   37   0.178895232849   81   0.936697330329  125   2.247213237172  169  24.740819318175
   38   0.179683209145   82   0.949489853159  126   2.295558463057  170  25.142190916643
   39   0.187972906333   83   0.949600857017  127   2.346747783538  171  25.142266124527
   40   0.205165330949   84   0.970386133263  128   2.346761043459  172  25.272452705452
   41   0.206981234047   85   1.011866634317  129   2.376636415129  173  25.272536317443
   42   0.208023520908   86   1.012154513070  130   2.376796317937  174  25.386174527681
   43   0.212491693339   87   1.012520518886  131   2.639606875095
   44   0.212544496482   88   1.054756741061  132   2.667544002972
  ---------------------------------------------------------------------------------------

  - Timings for the RHF ground state calculation

     Total wall time (sec):              6.62100
     Total cpu time (sec):             351.91958

  eT terminated successfully!
