


                     eT - an electronic structure program

  ------------------------------------------------------------------------
   Author list in alphabetical order:
  ------------------------------------------------------------------------
   J. H. Andersen, A. Balbi, S. Coriani, S. D. Folkestad, T. Giovannini, 
   L. Goletto, T. S. Haugland, A. Hutcheson, I-M. Høyvik, E. F. Kjønstad, 
   H. Koch, T. Moitra, R. H. Myhre, A. C. Paul, M. Scavino, A. Skeidsvoll, 
   Å. H. Tveten
  ------------------------------------------------------------------------


  :: Input file
  ================

     Note: geometry section is excluded from this print

     system
        name: benzene scan 8.75
        charge: 0
     end system

     do
       ground state
     end do

     memory
        available: 8
     end memory

     solver scf
        algorithm: scf-diis
     end solver scf

     molecular mechanics
        forcefield: non-polarizable
     end molecular mechanics

     method
        hf
     end method


  Running on 56 OMP thread(s)
  Memory available for calculation: 8.000000 GB


  :: Molecular system specifications (QM)
  ==========================================

     Name:             benzene scan 8.75
     Charge:           0
     Multiplicity:     1
     Coordinate units: angstrom

     Pure basis functions:        174
     Cartesian basis functions:   180
     Primitive basis functions:   270

     Nuclear repulsion energy (a.u.):            204.234616969248
     Bohr/angstrom value (CODATA 2010):            0.529177210920

     ==============================================================================
                                     Geometry (angstrom)
     ==============================================================================
        Atom           X                  Y                  Z         # in input
     ==============================================================================
        Basis: 6-311++g**
        1 C     -2.282182000000     0.094329000000    -0.000183000000        1
        2 C     -0.893220000000     0.094263000000     0.000431000000        2
        3 C     -0.198699000000     1.297110000000     0.000040000000        3
        4 C     -0.893125000000     2.500009000000    -0.000978000000        4
        5 C     -2.282088000000     2.500067000000    -0.001601000000        5
        6 C     -2.976633000000     1.297226000000    -0.001196000000        6
        7 H     -2.824040000000    -0.844049000000     0.000125000000        7
        8 H     -0.351527000000    -0.844201000000     0.001214000000        8
        9 H      0.884886000000     1.297069000000     0.000516000000        9
       10 H     -0.351327000000     3.438411000000    -0.001306000000       10
       11 H     -2.823832000000     3.438507000000    -0.002402000000       11
       12 H     -4.060212000000     1.297260000000    -0.001659000000       12
     ==============================================================================

     ==============================================================================
                                     Geometry (a.u.)
     ==============================================================================
        Atom           X                  Y                  Z         # in input
     ==============================================================================
        Basis: 6-311++g**
        1 C     -4.312698946412     0.178255975604    -0.000345819881        1
        2 C     -1.687941168984     0.178131253680     0.000814471960        2
        3 C     -0.375486691225     2.451182653435     0.000075589045        3
        4 C     -1.687761645002     4.724332318948    -0.001848152150        4
        5 C     -4.312521312156     4.724441923063    -0.003025451525        5
        6 C     -5.625021143342     2.451401861665    -0.002260112445        6
        7 H     -5.336662164817    -1.595021445713     0.000236215766        7
        8 H     -0.664289755390    -1.595308684084     0.002294127515        8
        9 H      1.672192191462     2.451105174663     0.000975098680        9
       10 H     -0.663911810165     6.497655093692    -0.002467982319       10
       11 H     -5.336269101783     6.497836507400    -0.004539122151       11
       12 H     -7.672688687673     2.451466112353    -0.003135055641       12
     ==============================================================================


  :: Molecular system specifications (MM)
  ==========================================

     Force Field:  non-polarizable

     Number of MM atoms:                   2
     Number of MM molecules:               1

    ====================================================================
                        MM Geometry (Å) and Parameters
    ====================================================================
    Atom    Mol             X          Y          Z            Charge
    ====================================================================
      H       1        -7.199555  -8.421473   0.002612        1.000000
      H       1        -7.699615  -9.287464   0.002896       -1.000000
    ====================================================================


  :: RHF wavefunction
  ======================

  This is a QM/MM calculation

     Electrostatic Embedding:

     Each atom of the MM portion is endowed with a charge which value 
     is a fixed external parameter.

     The QM/MM electrostatic interaction energy is defined as:

        E^ele_QM/MM = sum_i q_i * V_i(P)

     where V_i(P) is the electrostatic potential due to the QM density 
     calculated at the position of the i-th charge q_i.

     For further details, see:
     Senn & Thiel, Angew. Chem. Int. Ed., 2009, 48, 1198−1229


  - Cholesky decomposition of AO overlap to get linearly independent orbitals:

  - Orbital details:

     Number of occupied orbitals:        21
     Number of virtual orbitals:        153
     Number of molecular orbitals:      174
     Number of atomic orbitals:         174


  :: Hartree-Fock engine
  =========================

  Drives the calculation of the Hartree-Fock state.

  This is a RHF ground state calculation.
  The following tasks will be performed:

     1) Generate initial SAD density
     2) Calculation of reference state (SCF-DIIS algorithm)


  1) Generate initial SAD density


  2) Calculation of reference state (SCF-DIIS algorithm)

   - Self-consistent field DIIS Hartree-Fock solver
  ----------------------------------------------------

  A DIIS-accelerated Roothan-Hall self-consistent field solver. A least-square 
  DIIS fit is performed on the previous Fock matrices and associated gradients. 
  Following the Roothan-Hall update of the density, the DIIS-fitted Fock 
  matrix is used to get the next orbital coefficients.

  - Hartree-Fock solver settings:

     DIIS dimension:                         8
     Cumulative Fock threshold:       0.10E+01

     Energy threshold:              0.1000E-05
     Gradient threshold:            0.1000E-05

     Coulomb screening threshold:   0.1000E-11
     Exchange screening threshold:  0.1000E-09
     Fock precision:                0.1000E-23
     Integral cutoff:               0.1000E-11

  - Setting initial AO density to SAD

     Energy of initial guess:              -234.212848037609
     Number of electrons in guess:           42.000000000000

  Iteration       Energy (a.u.)      Max(grad.)    Delta E (a.u.)
  ---------------------------------------------------------------
     1          -231.197181225131     0.4421E-01     0.2312E+03
     2          -231.275295763561     0.1798E-01     0.7811E-01
     3          -231.284381886839     0.6245E-02     0.9086E-02
     4          -231.285620933662     0.3871E-03     0.1239E-02
     5          -231.285629819673     0.9789E-04     0.8886E-05
     6          -231.285630072373     0.4685E-04     0.2527E-06
     7          -231.285630138921     0.3805E-05     0.6655E-07
     8          -231.285630140027     0.7080E-06     0.1106E-08
  ---------------------------------------------------------------
  Convergence criterion met in 8 iterations!

  - Summary of RHF wavefunction energetics (a.u.):

     HOMO-LUMO gap:                  0.379087111446
     Nuclear repulsion energy:     203.869776840688
     Electronic energy:           -435.155406980715
     Total energy:                -231.285630140027

  - Summary of QM/MM energetics:
                                         a.u.             eV     kcal/mol
     QM/MM SCF Contribution:        -0.164258853266
     QM/MM Electrostatic Energy:     0.000078097769     0.00213     0.049

  - Molecular orbital energies

  ---------------------------------------------------------------------------------------
    1 -11.241154676130   45   0.213482961715   89   1.055423693172  133   2.738986988404
    2 -11.240469324211   46   0.224182320209   90   1.109214249127  134   2.745000553878
    3 -11.240455677199   47   0.224515930245   91   1.119157928785  135   2.745017005506
    4 -11.239297190205   48   0.246376142889   92   1.119329569743  136   2.812941540674
    5 -11.239167291359   49   0.246464602021   93   1.131753050548  137   2.813133530257
    6 -11.238529661705   50   0.285033837328   94   1.164296883283  138   2.964158870416
    7  -1.159538539968   51   0.285134424717   95   1.214812848123  139   2.964225000532
    8  -1.022140120441   52   0.298986422867   96   1.214904431801  140   2.985029998790
    9  -1.022058199860   53   0.329212894764   97   1.247028814741  141   2.997569158231
   10  -0.830059261557   54   0.330842165094   98   1.321184565845  142   3.018805020599
   11  -0.830029606099   55   0.367478056329   99   1.321313292910  143   3.019016110372
   12  -0.716316174207   56   0.404386476267  100   1.390214883568  144   3.043347364689
   13  -0.647041475108   57   0.405019959573  101   1.390285564921  145   3.043594113741
   14  -0.626948598863   58   0.427002169423  102   1.521081340156  146   3.056345522234
   15  -0.594089062064   59   0.427446870277  103   1.549187427506  147   3.085034711095
   16  -0.593955381468   60   0.436749707419  104   1.709661296778  148   3.189053522368
   17  -0.508289919488   61   0.495593697761  105   1.786219168548  149   3.189124151980
   18  -0.499922203463   62   0.495859094269  106   1.786318890310  150   3.269201613427
   19  -0.499813144970   63   0.507125605462  107   1.796034729933  151   3.291234631753
   20  -0.342050703193   64   0.507336292421  108   1.824553078668  152   3.291295905900
   21  -0.341929410244   65   0.599384142386  109   1.843762266956  153   3.332327169640
   22   0.037157701202   66   0.606633873001  110   1.843827532641  154   3.332440463549
   23   0.044340121405   67   0.710960810425  111   1.907543563274  155   3.483038335727
   24   0.045455802801   68   0.718629068107  112   1.907675582477  156   3.557046819454
   25   0.061547156636   69   0.718839433922  113   1.932276313517  157   3.782720329001
   26   0.062534933589   70   0.728361191078  114   1.932350125346  158   3.782741196421
   27   0.083820656506   71   0.748008577792  115   1.985389149537  159   3.909761328537
   28   0.106316671856   72   0.748092876790  116   2.050829661004  160   3.909848397631
   29   0.106431526151   73   0.750940764442  117   2.051012676253  161   3.923017625035
   30   0.125311043144   74   0.752641981781  118   2.103391169151  162   4.092213663359
   31   0.148477387161   75   0.752803490729  119   2.103493020125  163   4.403157273597
   32   0.148903485817   76   0.792972388932  120   2.128435461669  164   4.403279138707
   33   0.154052985414   77   0.815935129884  121   2.236591093741  165   4.497321022949
   34   0.158793759359   78   0.816013220692  122   2.238427478263  166   4.570363073499
   35   0.176080484637   79   0.883423337061  123   2.238457576992  167   4.570397823904
   36   0.177186540203   80   0.937031792276  124   2.247577577605  168   5.283219490749
   37   0.179220213581   81   0.937073640455  125   2.247581675553  169  24.741189471970
   38   0.179953608062   82   0.949872033541  126   2.295933286120  170  25.142567587973
   39   0.188296423760   83   0.949964363402  127   2.347119429629  171  25.142629461947
   40   0.205546881078   84   0.970760834343  128   2.347130297920  172  25.272829349197
   41   0.207572266110   85   1.012280998658  129   2.377019395844  173  25.272899592025
   42   0.208396422701   86   1.012508595473  130   2.377154034845  174  25.386544348012
   43   0.212836018072   87   1.012886593356  131   2.639977002110
   44   0.212882150155   88   1.055159186090  132   2.667911666861
  ---------------------------------------------------------------------------------------

  - Timings for the RHF ground state calculation

     Total wall time (sec):              6.67000
     Total cpu time (sec):             355.17698

  eT terminated successfully!
