


                     eT - an electronic structure program

  ------------------------------------------------------------------------
   Author list in alphabetical order:
  ------------------------------------------------------------------------
   J. H. Andersen, A. Balbi, S. Coriani, S. D. Folkestad, T. Giovannini, 
   L. Goletto, T. S. Haugland, A. Hutcheson, I-M. Høyvik, E. F. Kjønstad, 
   H. Koch, T. Moitra, R. H. Myhre, A. C. Paul, M. Scavino, A. Skeidsvoll, 
   Å. H. Tveten
  ------------------------------------------------------------------------


  :: Input file
  ================

     Note: geometry section is excluded from this print

     system
        name: benzene scan 7.50
        charge: 0
     end system

     do
       ground state
     end do

     memory
        available: 8
     end memory

     solver scf
        algorithm: scf-diis
     end solver scf

     molecular mechanics
        forcefield: non-polarizable
     end molecular mechanics

     method
        hf
     end method


  Running on 56 OMP thread(s)
  Memory available for calculation: 8.000000 GB


  :: Molecular system specifications (QM)
  ==========================================

     Name:             benzene scan 7.50
     Charge:           0
     Multiplicity:     1
     Coordinate units: angstrom

     Pure basis functions:        174
     Cartesian basis functions:   180
     Primitive basis functions:   270

     Nuclear repulsion energy (a.u.):            204.234616969248
     Bohr/angstrom value (CODATA 2010):            0.529177210920

     ==============================================================================
                                     Geometry (angstrom)
     ==============================================================================
        Atom           X                  Y                  Z         # in input
     ==============================================================================
        Basis: 6-311++g**
        1 C     -2.282182000000     0.094329000000    -0.000183000000        1
        2 C     -0.893220000000     0.094263000000     0.000431000000        2
        3 C     -0.198699000000     1.297110000000     0.000040000000        3
        4 C     -0.893125000000     2.500009000000    -0.000978000000        4
        5 C     -2.282088000000     2.500067000000    -0.001601000000        5
        6 C     -2.976633000000     1.297226000000    -0.001196000000        6
        7 H     -2.824040000000    -0.844049000000     0.000125000000        7
        8 H     -0.351527000000    -0.844201000000     0.001214000000        8
        9 H      0.884886000000     1.297069000000     0.000516000000        9
       10 H     -0.351327000000     3.438411000000    -0.001306000000       10
       11 H     -2.823832000000     3.438507000000    -0.002402000000       11
       12 H     -4.060212000000     1.297260000000    -0.001659000000       12
     ==============================================================================

     ==============================================================================
                                     Geometry (a.u.)
     ==============================================================================
        Atom           X                  Y                  Z         # in input
     ==============================================================================
        Basis: 6-311++g**
        1 C     -4.312698946412     0.178255975604    -0.000345819881        1
        2 C     -1.687941168984     0.178131253680     0.000814471960        2
        3 C     -0.375486691225     2.451182653435     0.000075589045        3
        4 C     -1.687761645002     4.724332318948    -0.001848152150        4
        5 C     -4.312521312156     4.724441923063    -0.003025451525        5
        6 C     -5.625021143342     2.451401861665    -0.002260112445        6
        7 H     -5.336662164817    -1.595021445713     0.000236215766        7
        8 H     -0.664289755390    -1.595308684084     0.002294127515        8
        9 H      1.672192191462     2.451105174663     0.000975098680        9
       10 H     -0.663911810165     6.497655093692    -0.002467982319       10
       11 H     -5.336269101783     6.497836507400    -0.004539122151       11
       12 H     -7.672688687673     2.451466112353    -0.003135055641       12
     ==============================================================================


  :: Molecular system specifications (MM)
  ==========================================

     Force Field:  non-polarizable

     Number of MM atoms:                   2
     Number of MM molecules:               1

    ====================================================================
                        MM Geometry (Å) and Parameters
    ====================================================================
    Atom    Mol             X          Y          Z            Charge
    ====================================================================
      H       1        -6.574481  -7.338984   0.002257        1.000000
      H       1        -7.074540  -8.204975   0.002541       -1.000000
    ====================================================================


  :: RHF wavefunction
  ======================

  This is a QM/MM calculation

     Electrostatic Embedding:

     Each atom of the MM portion is endowed with a charge which value 
     is a fixed external parameter.

     The QM/MM electrostatic interaction energy is defined as:

        E^ele_QM/MM = sum_i q_i * V_i(P)

     where V_i(P) is the electrostatic potential due to the QM density 
     calculated at the position of the i-th charge q_i.

     For further details, see:
     Senn & Thiel, Angew. Chem. Int. Ed., 2009, 48, 1198−1229


  - Cholesky decomposition of AO overlap to get linearly independent orbitals:

  - Orbital details:

     Number of occupied orbitals:        21
     Number of virtual orbitals:        153
     Number of molecular orbitals:      174
     Number of atomic orbitals:         174


  :: Hartree-Fock engine
  =========================

  Drives the calculation of the Hartree-Fock state.

  This is a RHF ground state calculation.
  The following tasks will be performed:

     1) Generate initial SAD density
     2) Calculation of reference state (SCF-DIIS algorithm)


  1) Generate initial SAD density


  2) Calculation of reference state (SCF-DIIS algorithm)

   - Self-consistent field DIIS Hartree-Fock solver
  ----------------------------------------------------

  A DIIS-accelerated Roothan-Hall self-consistent field solver. A least-square 
  DIIS fit is performed on the previous Fock matrices and associated gradients. 
  Following the Roothan-Hall update of the density, the DIIS-fitted Fock 
  matrix is used to get the next orbital coefficients.

  - Hartree-Fock solver settings:

     DIIS dimension:                         8
     Cumulative Fock threshold:       0.10E+01

     Energy threshold:              0.1000E-05
     Gradient threshold:            0.1000E-05

     Coulomb screening threshold:   0.1000E-11
     Exchange screening threshold:  0.1000E-09
     Fock precision:                0.1000E-23
     Integral cutoff:               0.1000E-11

  - Setting initial AO density to SAD

     Energy of initial guess:              -234.212848302229
     Number of electrons in guess:           42.000000000000

  Iteration       Energy (a.u.)      Max(grad.)    Delta E (a.u.)
  ---------------------------------------------------------------
     1          -231.197145022855     0.4422E-01     0.2312E+03
     2          -231.275249830137     0.1798E-01     0.7810E-01
     3          -231.284333177213     0.6245E-02     0.9083E-02
     4          -231.285572429773     0.4036E-03     0.1239E-02
     5          -231.285581290967     0.1179E-03     0.8861E-05
     6          -231.285581626529     0.4793E-04     0.3356E-06
     7          -231.285581701602     0.3629E-05     0.7507E-07
     8          -231.285581702732     0.7646E-06     0.1131E-08
  ---------------------------------------------------------------
  Convergence criterion met in 8 iterations!

  - Summary of RHF wavefunction energetics (a.u.):

     HOMO-LUMO gap:                  0.377930159542
     Nuclear repulsion energy:     203.912208192195
     Electronic energy:           -435.197789894928
     Total energy:                -231.285581702732

  - Summary of QM/MM energetics:
                                         a.u.             eV     kcal/mol
     QM/MM SCF Contribution:        -0.206647554366
     QM/MM Electrostatic Energy:     0.000121012797     0.00329     0.076

  - Molecular orbital energies

  ---------------------------------------------------------------------------------------
    1 -11.242267082293   45   0.212556196900   89   1.054461815788  133   2.737930246157
    2 -11.241499448250   46   0.223146297318   90   1.108185489924  134   2.743950774163
    3 -11.241455153299   47   0.223657120512   91   1.118074970207  135   2.743987090110
    4 -11.240381046370   48   0.245145759151   92   1.118343252462  136   2.811832640389
    5 -11.240161295547   49   0.245290373768   93   1.130705750246  137   2.812146146257
    6 -11.239504553040   50   0.284016619729   94   1.163266646922  138   2.963095576899
    7  -1.160562052426   51   0.284202766565   95   1.213764433336  139   2.963203119145
    8  -1.023191989492   52   0.297760009358   96   1.213915440243  140   2.983972318475
    9  -1.023061493848   53   0.328232783024   97   1.246006246718  141   2.996535662220
   10  -0.831103400004   54   0.329806413678   98   1.320114833718  142   3.017691297905
   11  -0.831051965004   55   0.366460329377   99   1.320323180504  143   3.018032079279
   12  -0.717352573275   56   0.403049668301  100   1.389164830559  144   3.042228230588
   13  -0.648086111249   57   0.404097903916  101   1.389276714050  145   3.042622666482
   14  -0.627978292784   58   0.425635957509  102   1.520053288732  146   3.055326128115
   15  -0.595167769724   59   0.426456769536  103   1.548153531136  147   3.083994205930
   16  -0.594951883362   60   0.435650942919  104   1.708625934797  148   3.188012950229
   17  -0.509305134890   61   0.494435928467  105   1.785142289228  149   3.188122989795
   18  -0.500993640682   62   0.494867652663  106   1.785311254607  150   3.268160706919
   19  -0.500819645948   63   0.505999135443  107   1.795011250224  151   3.290195156383
   20  -0.343102630226   64   0.506331537923  108   1.823512243691  152   3.290293640274
   21  -0.342910479653   65   0.598335786944  109   1.842717663626  153   3.331256330781
   22   0.035019679889   66   0.605586951352  110   1.842822723399  154   3.331431416912
   23   0.043086684423   67   0.709980545879  111   1.906455058707  155   3.482019067498
   24   0.044659578037   68   0.717539425274  112   1.906670130870  156   3.556016468952
   25   0.059954649496   69   0.717875351184  113   1.931227684637  157   3.781687658694
   26   0.061665538979   70   0.727287637823  114   1.931332085182  158   3.781717724205
   27   0.082555200071   71   0.746961296864  115   1.984342356433  159   3.908701677995
   28   0.105270761330   72   0.747100869374  116   2.049733775627  160   3.908838999288
   29   0.105464101900   73   0.749878536744  117   2.050029725521  161   3.921991252351
   30   0.124404579362   74   0.751611419462  118   2.102315732328  162   4.091178239251
   31   0.147450559493   75   0.751858811017  119   2.102475447150  163   4.402083811310
   32   0.148090408566   76   0.791977167396  120   2.127386952025  164   4.402279498538
   33   0.153073631719   77   0.814906922715  121   2.235526593147  165   4.496287282977
   34   0.157607878049   78   0.815035590396  122   2.237392763448  166   4.569324599540
   35   0.173724715564   79   0.882410917037  123   2.237445395724  167   4.569377450063
   36   0.176061072511   80   0.935946843562  124   2.246545422362  168   5.282194748487
   37   0.178348950095   81   0.936022240742  125   2.246554838633  169  24.740156744359
   38   0.179213173350   82   0.948803272083  126   2.294886000137  170  25.141515053679
   39   0.187414790194   83   0.948952824736  127   2.346082399824  171  25.141617442517
   40   0.204479130491   84   0.969714296373  128   2.346100303433  172  25.271776891861
   41   0.205844861459   85   1.011103147893  129   2.375947854083  173  25.271887790931
   42   0.207359182755   86   1.011524323575  130   2.376159043419  174  25.385512676389
   43   0.211885884715   87   1.011873029331  131   2.638944447816
   44   0.211950366909   88   1.054028355086  132   2.666886575171
  ---------------------------------------------------------------------------------------

  - Timings for the RHF ground state calculation

     Total wall time (sec):              6.33200
     Total cpu time (sec):             334.87449

  eT terminated successfully!
