
  Preparation of molecular system (Libint)
  wall time (sec):                 0.00
  cpu time (sec):                  0.00
  cpu/wall ratio:                  0.68

  Preparation of molecular system (total)
  wall time (sec):                 0.09
  cpu time (sec):                  0.62
  cpu/wall ratio:                  6.48

  Cholesky decomposition of AO overlap
  wall time (sec):                 0.10
  cpu time (sec):                  3.26
  cpu/wall ratio:                 32.88


  :: Hartree-Fock engine
  =========================


  1) Generate initial SAD density

  SAD generation time
  wall time (sec):                 0.23
  cpu time (sec):                 10.02
  cpu/wall ratio:                 42.81


  2) Calculation of reference state (SCF-DIIS algorithm)

  AO Fock construction
  wall time (sec):                 0.18
  cpu time (sec):                  9.70
  cpu/wall ratio:                 54.81

  AO Fock construction
  wall time (sec):                 0.59
  cpu time (sec):                 32.40
  cpu/wall ratio:                 55.30

  AO Fock construction
  wall time (sec):                 0.61
  cpu time (sec):                 33.47
  cpu/wall ratio:                 55.24

  SCF DIIS iteration time
  wall time (sec):                 0.75
  cpu time (sec):                 39.69
  cpu/wall ratio:                 53.06

  AO Fock construction
  wall time (sec):                 0.59
  cpu time (sec):                 32.57
  cpu/wall ratio:                 55.29

  SCF DIIS iteration time
  wall time (sec):                 0.77
  cpu time (sec):                 41.32
  cpu/wall ratio:                 53.52

  AO Fock construction
  wall time (sec):                 0.55
  cpu time (sec):                 30.40
  cpu/wall ratio:                 55.18

  SCF DIIS iteration time
  wall time (sec):                 0.74
  cpu time (sec):                 39.50
  cpu/wall ratio:                 53.52

  AO Fock construction
  wall time (sec):                 0.54
  cpu time (sec):                 29.70
  cpu/wall ratio:                 55.31

  SCF DIIS iteration time
  wall time (sec):                 0.86
  cpu time (sec):                 46.23
  cpu/wall ratio:                 53.81

  AO Fock construction
  wall time (sec):                 0.47
  cpu time (sec):                 26.02
  cpu/wall ratio:                 55.36

  SCF DIIS iteration time
  wall time (sec):                 0.61
  cpu time (sec):                 32.63
  cpu/wall ratio:                 53.50

  AO Fock construction
  wall time (sec):                 0.48
  cpu time (sec):                 26.68
  cpu/wall ratio:                 55.35

  SCF DIIS iteration time
  wall time (sec):                 0.64
  cpu time (sec):                 34.31
  cpu/wall ratio:                 53.45

  AO Fock construction
  wall time (sec):                 0.44
  cpu time (sec):                 24.47
  cpu/wall ratio:                 55.25

  SCF DIIS iteration time
  wall time (sec):                 0.57
  cpu time (sec):                 30.26
  cpu/wall ratio:                 53.27

  SCF DIIS iteration time
  wall time (sec):                 0.00
  cpu time (sec):                  0.11
  cpu/wall ratio:                 55.59

  SCF DIIS solver time
  wall time (sec):                 5.95
  cpu time (sec):                317.75
  cpu/wall ratio:                 53.42

  Hartree-Fock engine
  wall time (sec):                 6.18
  cpu time (sec):                327.76
  cpu/wall ratio:                 53.02


  :: Total time
  ================

  Total time in eT
  wall time (sec):                 6.43
  cpu time (sec):                334.22
  cpu/wall ratio:                 51.99
