


                     eT - an electronic structure program

  ------------------------------------------------------------------------
   Author list in alphabetical order:
  ------------------------------------------------------------------------
   J. H. Andersen, A. Balbi, S. Coriani, S. D. Folkestad, T. Giovannini, 
   L. Goletto, T. S. Haugland, A. Hutcheson, I-M. Høyvik, E. F. Kjønstad, 
   H. Koch, T. Moitra, R. H. Myhre, A. C. Paul, M. Scavino, A. Skeidsvoll, 
   Å. H. Tveten
  ------------------------------------------------------------------------


  :: Input file
  ================

     Note: geometry section is excluded from this print

     system
        name: benzene scan 9.25
        charge: 0
     end system

     do
       ground state
     end do

     memory
        available: 8
     end memory

     solver scf
        algorithm: scf-diis
     end solver scf

     molecular mechanics
        forcefield: non-polarizable
     end molecular mechanics

     method
        hf
     end method


  Running on 56 OMP thread(s)
  Memory available for calculation: 8.000000 GB


  :: Molecular system specifications (QM)
  ==========================================

     Name:             benzene scan 9.25
     Charge:           0
     Multiplicity:     1
     Coordinate units: angstrom

     Pure basis functions:        174
     Cartesian basis functions:   180
     Primitive basis functions:   270

     Nuclear repulsion energy (a.u.):            204.234616969248
     Bohr/angstrom value (CODATA 2010):            0.529177210920

     ==============================================================================
                                     Geometry (angstrom)
     ==============================================================================
        Atom           X                  Y                  Z         # in input
     ==============================================================================
        Basis: 6-311++g**
        1 C     -2.282182000000     0.094329000000    -0.000183000000        1
        2 C     -0.893220000000     0.094263000000     0.000431000000        2
        3 C     -0.198699000000     1.297110000000     0.000040000000        3
        4 C     -0.893125000000     2.500009000000    -0.000978000000        4
        5 C     -2.282088000000     2.500067000000    -0.001601000000        5
        6 C     -2.976633000000     1.297226000000    -0.001196000000        6
        7 H     -2.824040000000    -0.844049000000     0.000125000000        7
        8 H     -0.351527000000    -0.844201000000     0.001214000000        8
        9 H      0.884886000000     1.297069000000     0.000516000000        9
       10 H     -0.351327000000     3.438411000000    -0.001306000000       10
       11 H     -2.823832000000     3.438507000000    -0.002402000000       11
       12 H     -4.060212000000     1.297260000000    -0.001659000000       12
     ==============================================================================

     ==============================================================================
                                     Geometry (a.u.)
     ==============================================================================
        Atom           X                  Y                  Z         # in input
     ==============================================================================
        Basis: 6-311++g**
        1 C     -4.312698946412     0.178255975604    -0.000345819881        1
        2 C     -1.687941168984     0.178131253680     0.000814471960        2
        3 C     -0.375486691225     2.451182653435     0.000075589045        3
        4 C     -1.687761645002     4.724332318948    -0.001848152150        4
        5 C     -4.312521312156     4.724441923063    -0.003025451525        5
        6 C     -5.625021143342     2.451401861665    -0.002260112445        6
        7 H     -5.336662164817    -1.595021445713     0.000236215766        7
        8 H     -0.664289755390    -1.595308684084     0.002294127515        8
        9 H      1.672192191462     2.451105174663     0.000975098680        9
       10 H     -0.663911810165     6.497655093692    -0.002467982319       10
       11 H     -5.336269101783     6.497836507400    -0.004539122151       11
       12 H     -7.672688687673     2.451466112353    -0.003135055641       12
     ==============================================================================


  :: Molecular system specifications (MM)
  ==========================================

     Force Field:  non-polarizable

     Number of MM atoms:                   2
     Number of MM molecules:               1

    ====================================================================
                        MM Geometry (Å) and Parameters
    ====================================================================
    Atom    Mol             X          Y          Z            Charge
    ====================================================================
      H       1        -7.449584  -8.854469   0.002754        1.000000
      H       1        -7.949643  -9.720461   0.003038       -1.000000
    ====================================================================


  :: RHF wavefunction
  ======================

  This is a QM/MM calculation

     Electrostatic Embedding:

     Each atom of the MM portion is endowed with a charge which value 
     is a fixed external parameter.

     The QM/MM electrostatic interaction energy is defined as:

        E^ele_QM/MM = sum_i q_i * V_i(P)

     where V_i(P) is the electrostatic potential due to the QM density 
     calculated at the position of the i-th charge q_i.

     For further details, see:
     Senn & Thiel, Angew. Chem. Int. Ed., 2009, 48, 1198−1229


  - Cholesky decomposition of AO overlap to get linearly independent orbitals:

  - Orbital details:

     Number of occupied orbitals:        21
     Number of virtual orbitals:        153
     Number of molecular orbitals:      174
     Number of atomic orbitals:         174


  :: Hartree-Fock engine
  =========================

  Drives the calculation of the Hartree-Fock state.

  This is a RHF ground state calculation.
  The following tasks will be performed:

     1) Generate initial SAD density
     2) Calculation of reference state (SCF-DIIS algorithm)


  1) Generate initial SAD density


  2) Calculation of reference state (SCF-DIIS algorithm)

   - Self-consistent field DIIS Hartree-Fock solver
  ----------------------------------------------------

  A DIIS-accelerated Roothan-Hall self-consistent field solver. A least-square 
  DIIS fit is performed on the previous Fock matrices and associated gradients. 
  Following the Roothan-Hall update of the density, the DIIS-fitted Fock 
  matrix is used to get the next orbital coefficients.

  - Hartree-Fock solver settings:

     DIIS dimension:                         8
     Cumulative Fock threshold:       0.10E+01

     Energy threshold:              0.1000E-05
     Gradient threshold:            0.1000E-05

     Coulomb screening threshold:   0.1000E-11
     Exchange screening threshold:  0.1000E-09
     Fock precision:                0.1000E-23
     Integral cutoff:               0.1000E-11

  - Setting initial AO density to SAD

     Energy of initial guess:              -234.212847843967
     Number of electrons in guess:           42.000000000000

  Iteration       Energy (a.u.)      Max(grad.)    Delta E (a.u.)
  ---------------------------------------------------------------
     1          -231.197190734504     0.4420E-01     0.2312E+03
     2          -231.275307883226     0.1798E-01     0.7812E-01
     3          -231.284394781831     0.6245E-02     0.9087E-02
     4          -231.285633786494     0.3823E-03     0.1239E-02
     5          -231.285642678675     0.9200E-04     0.8892E-05
     6          -231.285642914599     0.4560E-04     0.2359E-06
     7          -231.285642976566     0.3902E-05     0.6197E-07
     8          -231.285642977686     0.6939E-06     0.1119E-08
  ---------------------------------------------------------------
  Convergence criterion met in 8 iterations!

  - Summary of RHF wavefunction energetics (a.u.):

     HOMO-LUMO gap:                  0.379330666601
     Nuclear repulsion energy:     203.856409139271
     Electronic energy:           -435.142052116957
     Total energy:                -231.285642977686

  - Summary of QM/MM energetics:
                                         a.u.             eV     kcal/mol
     QM/MM SCF Contribution:        -0.150902726283
     QM/MM Electrostatic Energy:     0.000066329693     0.00180     0.042

  - Molecular orbital energies

  ---------------------------------------------------------------------------------------
    1 -11.240811925287   45   0.213788119095   89   1.055729563608  133   2.739317109684
    2 -11.240146483929   46   0.224508564464   90   1.109537257884  134   2.745328853310
    3 -11.240139377651   47   0.224792936524   91   1.119495620786  135   2.745340783440
    4 -11.238959085014   48   0.246753336549   92   1.119641129592  136   2.813285876615
    5 -11.238852735307   49   0.246826799357   93   1.132081251876  137   2.813445755317
    6 -11.238219951493   50   0.285352718926   94   1.164620344991  138   2.964491053178
    7  -1.159216873075   51   0.285432899563   95   1.215140796918  139   2.964546232539
    8  -1.021810859070   52   0.299364075490   96   1.215217199496  140   2.985360316460
    9  -1.021741907824   53   0.329522260979   97   1.247350263487  141   2.997893502830
   10  -0.829732186171   54   0.331166934088   98   1.321518489074  142   3.019150338531
   11  -0.829708109687   55   0.367798458729   99   1.321626141387  143   3.019327314698
   12  -0.715991079134   56   0.404786690171  100   1.390543651197  144   3.043694459757
   13  -0.646714210844   57   0.405314899938  101   1.390603432742  145   3.043902261496
   14  -0.626625242782   58   0.427405937163  102   1.521403896244  146   3.056666086297
   15  -0.593752738215   59   0.427761620139  103   1.549511824121  147   3.085361136695
   16  -0.593640822740   60   0.437093851920  104   1.709986231280  148   3.189379786199
   17  -0.507970474013   61   0.495950602824  105   1.786554762371  149   3.189439892072
   18  -0.499587778214   62   0.496172699476  106   1.786636460932  150   3.269527949966
   19  -0.499495912615   63   0.507475016986  107   1.796356559554  151   3.291560558965
   20  -0.341721350574   64   0.507652942611  108   1.824879132563  152   3.291612013819
   21  -0.341619077687   65   0.599713057831  109   1.844089786126  153   3.332661198374
   22   0.037711588914   66   0.606961838121  110   1.844144353323  154   3.332758398818
   23   0.044744007357   67   0.711270851619  111   1.907882432207  155   3.483358915598
   24   0.045716259955   68   0.718967757890  112   1.907992321258  156   3.557370346017
   25   0.062017138603   69   0.719145140538  113   1.932604775559  157   3.783044432807
   26   0.062821956969   70   0.728695015319  114   1.932670533214  158   3.783062852778
   27   0.084208862920   71   0.748336766050  115   1.985716868368  159   3.910092295264
   28   0.106644057881   72   0.748406758229  116   2.051170604329  160   3.910166389414
   29   0.106738912285   73   0.751272854326  117   2.051323690275  161   3.923340270438
   30   0.125601015891   74   0.752966166091  118   2.103726457915  162   4.092538478167
   31   0.148802588373   75   0.753103896301  119   2.103813070357  163   4.403492015285
   32   0.149168189975   76   0.793286402137  120   2.128763925361  164   4.403594571939
   33   0.154361903642   77   0.816258162573  121   2.236923360178  165   4.497645436479
   34   0.159156628730   78   0.816323113519  122   2.238752143498  166   4.570688713909
   35   0.176716492259   79   0.883742371382  123   2.238776310548  167   4.570718699994
   36   0.177543775799   80   0.937368746236  124   2.247901626111  168   5.283541509588
   37   0.179518242340   81   0.937402641260  125   2.247904603500  169  24.741513581839
   38   0.180195544347   82   0.950205839600  126   2.296261017989  170  25.142896876986
   39   0.188586423693   83   0.950283448810  127   2.347444778972  171  25.142948152552
   40   0.205879817149   84   0.971088559073  128   2.347453696849  172  25.273158614373
   41   0.208064916375   85   1.012637223221  129   2.377353746540  173  25.273218238799
   42   0.208723707491   86   1.012819811128  130   2.377468239796  174  25.386868202081
   43   0.213140737289   87   1.013209427633  131   2.640301113646
   44   0.213181041142   88   1.055508952685  132   2.668233812614
  ---------------------------------------------------------------------------------------

  - Timings for the RHF ground state calculation

     Total wall time (sec):              6.83700
     Total cpu time (sec):             360.60202

  eT terminated successfully!
