


                     eT - an electronic structure program

  ------------------------------------------------------------------------
   Author list in alphabetical order:
  ------------------------------------------------------------------------
   J. H. Andersen, A. Balbi, S. Coriani, S. D. Folkestad, T. Giovannini, 
   L. Goletto, T. S. Haugland, A. Hutcheson, I-M. Høyvik, E. F. Kjønstad, 
   H. Koch, T. Moitra, R. H. Myhre, A. C. Paul, M. Scavino, A. Skeidsvoll, 
   Å. H. Tveten
  ------------------------------------------------------------------------


  :: Input file
  ================

     Note: geometry section is excluded from this print

     system
        name: benzene scan 7.75
        charge: 0
     end system

     do
       ground state
     end do

     memory
        available: 8
     end memory

     solver scf
        algorithm: scf-diis
     end solver scf

     molecular mechanics
        forcefield: non-polarizable
     end molecular mechanics

     method
        hf
     end method


  Running on 56 OMP thread(s)
  Memory available for calculation: 8.000000 GB


  :: Molecular system specifications (QM)
  ==========================================

     Name:             benzene scan 7.75
     Charge:           0
     Multiplicity:     1
     Coordinate units: angstrom

     Pure basis functions:        174
     Cartesian basis functions:   180
     Primitive basis functions:   270

     Nuclear repulsion energy (a.u.):            204.234616969248
     Bohr/angstrom value (CODATA 2010):            0.529177210920

     ==============================================================================
                                     Geometry (angstrom)
     ==============================================================================
        Atom           X                  Y                  Z         # in input
     ==============================================================================
        Basis: 6-311++g**
        1 C     -2.282182000000     0.094329000000    -0.000183000000        1
        2 C     -0.893220000000     0.094263000000     0.000431000000        2
        3 C     -0.198699000000     1.297110000000     0.000040000000        3
        4 C     -0.893125000000     2.500009000000    -0.000978000000        4
        5 C     -2.282088000000     2.500067000000    -0.001601000000        5
        6 C     -2.976633000000     1.297226000000    -0.001196000000        6
        7 H     -2.824040000000    -0.844049000000     0.000125000000        7
        8 H     -0.351527000000    -0.844201000000     0.001214000000        8
        9 H      0.884886000000     1.297069000000     0.000516000000        9
       10 H     -0.351327000000     3.438411000000    -0.001306000000       10
       11 H     -2.823832000000     3.438507000000    -0.002402000000       11
       12 H     -4.060212000000     1.297260000000    -0.001659000000       12
     ==============================================================================

     ==============================================================================
                                     Geometry (a.u.)
     ==============================================================================
        Atom           X                  Y                  Z         # in input
     ==============================================================================
        Basis: 6-311++g**
        1 C     -4.312698946412     0.178255975604    -0.000345819881        1
        2 C     -1.687941168984     0.178131253680     0.000814471960        2
        3 C     -0.375486691225     2.451182653435     0.000075589045        3
        4 C     -1.687761645002     4.724332318948    -0.001848152150        4
        5 C     -4.312521312156     4.724441923063    -0.003025451525        5
        6 C     -5.625021143342     2.451401861665    -0.002260112445        6
        7 H     -5.336662164817    -1.595021445713     0.000236215766        7
        8 H     -0.664289755390    -1.595308684084     0.002294127515        8
        9 H      1.672192191462     2.451105174663     0.000975098680        9
       10 H     -0.663911810165     6.497655093692    -0.002467982319       10
       11 H     -5.336269101783     6.497836507400    -0.004539122151       11
       12 H     -7.672688687673     2.451466112353    -0.003135055641       12
     ==============================================================================


  :: Molecular system specifications (MM)
  ==========================================

     Force Field:  non-polarizable

     Number of MM atoms:                   2
     Number of MM molecules:               1

    ====================================================================
                        MM Geometry (Å) and Parameters
    ====================================================================
    Atom    Mol             X          Y          Z            Charge
    ====================================================================
      H       1        -6.699496  -7.555481   0.002328        1.000000
      H       1        -7.199555  -8.421473   0.002612       -1.000000
    ====================================================================


  :: RHF wavefunction
  ======================

  This is a QM/MM calculation

     Electrostatic Embedding:

     Each atom of the MM portion is endowed with a charge which value 
     is a fixed external parameter.

     The QM/MM electrostatic interaction energy is defined as:

        E^ele_QM/MM = sum_i q_i * V_i(P)

     where V_i(P) is the electrostatic potential due to the QM density 
     calculated at the position of the i-th charge q_i.

     For further details, see:
     Senn & Thiel, Angew. Chem. Int. Ed., 2009, 48, 1198−1229


  - Cholesky decomposition of AO overlap to get linearly independent orbitals:

  - Orbital details:

     Number of occupied orbitals:        21
     Number of virtual orbitals:        153
     Number of molecular orbitals:      174
     Number of atomic orbitals:         174


  :: Hartree-Fock engine
  =========================

  Drives the calculation of the Hartree-Fock state.

  This is a RHF ground state calculation.
  The following tasks will be performed:

     1) Generate initial SAD density
     2) Calculation of reference state (SCF-DIIS algorithm)


  1) Generate initial SAD density


  2) Calculation of reference state (SCF-DIIS algorithm)

   - Self-consistent field DIIS Hartree-Fock solver
  ----------------------------------------------------

  A DIIS-accelerated Roothan-Hall self-consistent field solver. A least-square 
  DIIS fit is performed on the previous Fock matrices and associated gradients. 
  Following the Roothan-Hall update of the density, the DIIS-fitted Fock 
  matrix is used to get the next orbital coefficients.

  - Hartree-Fock solver settings:

     DIIS dimension:                         8
     Cumulative Fock threshold:       0.10E+01

     Energy threshold:              0.1000E-05
     Gradient threshold:            0.1000E-05

     Coulomb screening threshold:   0.1000E-11
     Exchange screening threshold:  0.1000E-09
     Fock precision:                0.1000E-23
     Integral cutoff:               0.1000E-11

  - Setting initial AO density to SAD

     Energy of initial guess:              -234.212847843967
     Number of electrons in guess:           42.000000000000

  Iteration       Energy (a.u.)      Max(grad.)    Delta E (a.u.)
  ---------------------------------------------------------------
     1          -231.197153680363     0.4422E-01     0.2312E+03
     2          -231.275260911196     0.1798E-01     0.7811E-01
     3          -231.284344934395     0.6245E-02     0.9084E-02
     4          -231.285584129159     0.3997E-03     0.1239E-02
     5          -231.285592996707     0.1132E-03     0.8868E-05
     6          -231.285593309278     0.4796E-04     0.3126E-06
     7          -231.285593383036     0.3655E-05     0.7376E-07
     8          -231.285593384145     0.7500E-06     0.1109E-08
  ---------------------------------------------------------------
  Convergence criterion met in 8 iterations!

  - Summary of RHF wavefunction energetics (a.u.):

     HOMO-LUMO gap:                  0.378255033032
     Nuclear repulsion energy:     203.902490789910
     Electronic energy:           -435.188084174055
     Total energy:                -231.285593384145

  - Summary of QM/MM energetics:
                                         a.u.             eV     kcal/mol
     QM/MM SCF Contribution:        -0.196940240490
     QM/MM Electrostatic Energy:     0.000110466125     0.00301     0.069

  - Molecular orbital energies

  ---------------------------------------------------------------------------------------
    1 -11.242008903638   45   0.212762549711   89   1.054680873470  133   2.738173527063
    2 -11.241262747154   46   0.223383521971   90   1.108421600228  134   2.744192197221
    3 -11.241226753074   47   0.223851111470   91   1.118324475089  135   2.744223323906
    4 -11.240131573739   48   0.245431860869   92   1.118568819715  136   2.812088773274
    5 -11.239934275813   49   0.245562616353   93   1.130946346709  137   2.812371788976
    6 -11.239282316452   50   0.284250339919   94   1.163503086805  138   2.963340319347
    7  -1.160327290935   51   0.284413944916   95   1.214005594248  139   2.963437475180
    8  -1.022950163280   52   0.298044299059   96   1.214141425853  140   2.984215857881
    9  -1.022831790264   53   0.328457184761   97   1.246240754774  141   2.996772903780
   10  -0.830863441534   54   0.330044280714   98   1.320361172908  142   3.017948807294
   11  -0.830817560863   55   0.366693501027   99   1.320549556410  143   3.018256943869
   12  -0.717114589522   56   0.403365477514  100   1.389406206693  144   3.042486893377
   13  -0.647846054560   57   0.404307118834  101   1.389507758689  145   3.042844248419
   14  -0.627742008858   58   0.425960983279  102   1.520289328157  146   3.055559863664
   15  -0.594919194060   59   0.426682232573  103   1.548390906608  147   3.084233081836
   16  -0.594723914933   60   0.435903082357  104   1.708863596573  148   3.188251948000
   17  -0.509072441133   61   0.494704464170  105   1.785390531064  149   3.188352152877
   18  -0.500746900649   62   0.495094163439  106   1.785541981885  150   3.268399796087
   19  -0.500589183227   63   0.506259438513  107   1.795245915294  151   3.290433901460
   20  -0.342860827989   64   0.506561612343  108   1.823751450634  152   3.290523042482
   21  -0.342686309612   65   0.598576414622  109   1.842957574620  153   3.331503041611
   22   0.035568723421   66   0.605827530354  110   1.843052743432  154   3.331662505073
   23   0.043367982857   67   0.710204551157  111   1.906706117561  155   3.482252746202
   24   0.044837754125   68   0.717791050967  112   1.906900439467  156   3.556252918786
   25   0.060332368946   69   0.718095319028  113   1.931468663063  157   3.781924708723
   26   0.061858793986   70   0.727535491395  114   1.931565382652  158   3.781952478362
   27   0.082849068597   71   0.747201888606  115   1.984583013125  159   3.908945636896
   28   0.105511224752   72   0.747327460044  116   2.049986620959  160   3.909070193091
   29   0.105684518766   73   0.750122904958  117   2.050254276540  161   3.922226617544
   30   0.124610323189   74   0.751847619460  118   2.102563576376  162   4.091415991958
   31   0.147684832216   75   0.752074003914  119   2.102708744825  163   4.402331171536
   32   0.148273041558   76   0.792204918136  120   2.127627887845  164   4.402508232453
   33   0.153297887936   77   0.815142787612  121   2.235771753467  165   4.496524591410
   34   0.157884220903   78   0.815258666805  122   2.237630314744  166   4.569563104436
   35   0.174310300678   79   0.882642740659  123   2.237677283882  167   4.569611405593
   36   0.176317037106   80   0.936197526859  124   2.246782298277  168   5.282429805091
   37   0.178539673527   81   0.936264007512  125   2.246790240958  169  24.740393815616
   38   0.179379426097   82   0.949049290951  126   2.295126845400  170  25.141757120659
   39   0.187611377657   83   0.949184284554  127   2.346320491966  171  25.141849292391
   40   0.204725097888   84   0.969954848414  128   2.346336685955  172  25.272018941409
   41   0.206263159340   85   1.011379646991  129   2.376194671626  173  25.272119578158
   42   0.207596345810   86   1.011749273749  130   2.376386611524  174  25.385749469944
   43   0.212101035776   87   1.012103539498  131   2.639181450599
   44   0.212161401071   88   1.054290148382  132   2.667121701191
  ---------------------------------------------------------------------------------------

  - Timings for the RHF ground state calculation

     Total wall time (sec):              6.52300
     Total cpu time (sec):             344.57535

  eT terminated successfully!
