


                     eT - an electronic structure program

  ------------------------------------------------------------------------
   Author list in alphabetical order:
  ------------------------------------------------------------------------
   J. H. Andersen, A. Balbi, S. Coriani, S. D. Folkestad, T. Giovannini, 
   L. Goletto, T. S. Haugland, A. Hutcheson, I-M. Høyvik, E. F. Kjønstad, 
   H. Koch, T. Moitra, R. H. Myhre, A. C. Paul, M. Scavino, A. Skeidsvoll, 
   Å. H. Tveten
  ------------------------------------------------------------------------


  :: Input file
  ================

     Note: geometry section is excluded from this print

     system
        name: benzene scan 2.50
        charge: 0
     end system

     do
       ground state
     end do

     memory
        available: 8
     end memory

     solver scf
        algorithm: scf-diis
     end solver scf

     molecular mechanics
        forcefield: non-polarizable
     end molecular mechanics

     method
        hf
     end method


  Running on 56 OMP thread(s)
  Memory available for calculation: 8.000000 GB


  :: Molecular system specifications (QM)
  ==========================================

     Name:             benzene scan 2.50
     Charge:           0
     Multiplicity:     1
     Coordinate units: angstrom

     Pure basis functions:        174
     Cartesian basis functions:   180
     Primitive basis functions:   270

     Nuclear repulsion energy (a.u.):            204.234616969248
     Bohr/angstrom value (CODATA 2010):            0.529177210920

     ==============================================================================
                                     Geometry (angstrom)
     ==============================================================================
        Atom           X                  Y                  Z         # in input
     ==============================================================================
        Basis: 6-311++g**
        1 C     -2.282182000000     0.094329000000    -0.000183000000        1
        2 C     -0.893220000000     0.094263000000     0.000431000000        2
        3 C     -0.198699000000     1.297110000000     0.000040000000        3
        4 C     -0.893125000000     2.500009000000    -0.000978000000        4
        5 C     -2.282088000000     2.500067000000    -0.001601000000        5
        6 C     -2.976633000000     1.297226000000    -0.001196000000        6
        7 H     -2.824040000000    -0.844049000000     0.000125000000        7
        8 H     -0.351527000000    -0.844201000000     0.001214000000        8
        9 H      0.884886000000     1.297069000000     0.000516000000        9
       10 H     -0.351327000000     3.438411000000    -0.001306000000       10
       11 H     -2.823832000000     3.438507000000    -0.002402000000       11
       12 H     -4.060212000000     1.297260000000    -0.001659000000       12
     ==============================================================================

     ==============================================================================
                                     Geometry (a.u.)
     ==============================================================================
        Atom           X                  Y                  Z         # in input
     ==============================================================================
        Basis: 6-311++g**
        1 C     -4.312698946412     0.178255975604    -0.000345819881        1
        2 C     -1.687941168984     0.178131253680     0.000814471960        2
        3 C     -0.375486691225     2.451182653435     0.000075589045        3
        4 C     -1.687761645002     4.724332318948    -0.001848152150        4
        5 C     -4.312521312156     4.724441923063    -0.003025451525        5
        6 C     -5.625021143342     2.451401861665    -0.002260112445        6
        7 H     -5.336662164817    -1.595021445713     0.000236215766        7
        8 H     -0.664289755390    -1.595308684084     0.002294127515        8
        9 H      1.672192191462     2.451105174663     0.000975098680        9
       10 H     -0.663911810165     6.497655093692    -0.002467982319       10
       11 H     -5.336269101783     6.497836507400    -0.004539122151       11
       12 H     -7.672688687673     2.451466112353    -0.003135055641       12
     ==============================================================================


  :: Molecular system specifications (MM)
  ==========================================

     Force Field:  non-polarizable

     Number of MM atoms:                   2
     Number of MM molecules:               1

    ====================================================================
                        MM Geometry (Å) and Parameters
    ====================================================================
    Atom    Mol             X          Y          Z            Charge
    ====================================================================
      H       1        -4.074187  -3.009027   0.000836        1.000000
      H       1        -4.574246  -3.875019   0.001120       -1.000000
    ====================================================================


  :: RHF wavefunction
  ======================

  This is a QM/MM calculation

     Electrostatic Embedding:

     Each atom of the MM portion is endowed with a charge which value 
     is a fixed external parameter.

     The QM/MM electrostatic interaction energy is defined as:

        E^ele_QM/MM = sum_i q_i * V_i(P)

     where V_i(P) is the electrostatic potential due to the QM density 
     calculated at the position of the i-th charge q_i.

     For further details, see:
     Senn & Thiel, Angew. Chem. Int. Ed., 2009, 48, 1198−1229


  - Cholesky decomposition of AO overlap to get linearly independent orbitals:

  - Orbital details:

     Number of occupied orbitals:        21
     Number of virtual orbitals:        153
     Number of molecular orbitals:      174
     Number of atomic orbitals:         174


  :: Hartree-Fock engine
  =========================

  Drives the calculation of the Hartree-Fock state.

  This is a RHF ground state calculation.
  The following tasks will be performed:

     1) Generate initial SAD density
     2) Calculation of reference state (SCF-DIIS algorithm)


  1) Generate initial SAD density


  2) Calculation of reference state (SCF-DIIS algorithm)

   - Self-consistent field DIIS Hartree-Fock solver
  ----------------------------------------------------

  A DIIS-accelerated Roothan-Hall self-consistent field solver. A least-square 
  DIIS fit is performed on the previous Fock matrices and associated gradients. 
  Following the Roothan-Hall update of the density, the DIIS-fitted Fock 
  matrix is used to get the next orbital coefficients.

  - Hartree-Fock solver settings:

     DIIS dimension:                         8
     Cumulative Fock threshold:       0.10E+01

     Energy threshold:              0.1000E-05
     Gradient threshold:            0.1000E-05

     Coulomb screening threshold:   0.1000E-11
     Exchange screening threshold:  0.1000E-09
     Fock precision:                0.1000E-23
     Integral cutoff:               0.1000E-11

  - Setting initial AO density to SAD

     Energy of initial guess:              -234.212720005944
     Number of electrons in guess:           42.000000000000

  Iteration       Energy (a.u.)      Max(grad.)    Delta E (a.u.)
  ---------------------------------------------------------------
     1          -231.196023028683     0.4433E-01     0.2312E+03
     2          -231.273699705754     0.1785E-01     0.7768E-01
     3          -231.282699637384     0.6250E-02     0.9000E-02
     4          -231.283970798672     0.7743E-03     0.1271E-02
     5          -231.283983304019     0.3521E-03     0.1251E-04
     6          -231.283987121507     0.4585E-04     0.3817E-05
     7          -231.283987265974     0.1489E-04     0.1445E-06
     8          -231.283987284115     0.8113E-05     0.1814E-07
     9          -231.283987289996     0.3844E-05     0.5881E-08
    10          -231.283987291470     0.6517E-06     0.1474E-08
  ---------------------------------------------------------------
  Convergence criterion met in 10 iterations!

  - Summary of RHF wavefunction energetics (a.u.):

     HOMO-LUMO gap:                  0.362302127899
     Nuclear repulsion energy:     204.512675377168
     Electronic energy:           -435.796662668638
     Total energy:                -231.283987291470

  - Summary of QM/MM energetics:
                                         a.u.             eV     kcal/mol
     QM/MM SCF Contribution:        -0.807044877773
     QM/MM Electrostatic Energy:     0.000190416100     0.00518     0.119

  - Molecular orbital energies

  ---------------------------------------------------------------------------------------
    1 -11.263703600812   45   0.206716341911   89   1.042326271678  133   2.719527105361
    2 -11.257610538816   46   0.211877233109   90   1.092797872358  134   2.728320295338
    3 -11.257476152173   47   0.214272904300   91   1.102322284468  135   2.728549987771
    4 -11.254955013278   48   0.233422626636   92   1.104139585775  136   2.793301348355
    5 -11.253777722256   49   0.235990440263   93   1.115431220990  137   2.798458706172
    6 -11.253132572057   50   0.270670263441   94   1.147548707558  138   2.945888548941
    7  -1.176019286799   51   0.274897899357   95   1.197652268769  139   2.947589566104
    8  -1.039723909932   52   0.288720707034   96   1.200431312276  140   2.965554008500
    9  -1.037640412862   53   0.316629560340   97   1.230681968009  141   2.980847598561
   10  -0.847552869692   54   0.318216072259   98   1.302650065599  142   2.997563648250
   11  -0.846191514936   55   0.352157272478   99   1.306408124418  143   3.004457598010
   12  -0.733347958063   56   0.379515998016  100   1.372803839366  144   3.024027329190
   13  -0.664581333961   57   0.394101791763  101   1.374617002520  145   3.029737498307
   14  -0.643572664471   58   0.410124102518  102   1.504714432718  146   3.040015290656
   15  -0.612886192033   59   0.414140638587  103   1.532372006643  147   3.068882618901
   16  -0.609122446684   60   0.424439768283  104   1.693088830741  148   3.171937669805
   17  -0.524429029994   61   0.478053582317  105   1.767118777341  149   3.173654906337
   18  -0.518373558851   62   0.481448021767  106   1.770779644026  150   3.252108200454
   19  -0.515422781257   63   0.492041289277  107   1.780018151300  151   3.274144302374
   20  -0.359496002248   64   0.492346916946  108   1.806812468592  152   3.275876499578
   21  -0.356635439817   65   0.583780134556  109   1.827007771252  153   3.313914409705
   22   0.005666688082   66   0.590331795422  110   1.828373757816  154   3.316711137448
   23   0.037236620419   67   0.696277773082  111   1.888036526260  155   3.466849388828
   24   0.039788747787   68   0.698024393257  112   1.892151525538  156   3.540382429186
   25   0.055195609466   69   0.705018363195  113   1.915268525332  157   3.765837380296
   26   0.056914290357   70   0.712753863543  114   1.916501574655  158   3.766215745180
   27   0.079521137316   71   0.732538496843  115   1.967555175213  159   3.890947331126
   28   0.090014064073   72   0.733444346408  116   2.031490248517  160   3.894092497670
   29   0.093217827176   73   0.734383194582  117   2.036478822298  161   3.906952225618
   30   0.114150871102   74   0.737052287448  118   2.084853923896  162   4.075230369058
   31   0.136036529685   75   0.739322460484  119   2.087002646612  163   4.384256603248
   32   0.139497384672   76   0.777631601704  120   2.111354077883  164   4.387999130684
   33   0.139504674327   77   0.800014033954  121   2.218507037307  165   4.480503947528
   34   0.139923929352   78   0.802043311826  122   2.221550993422  166   4.553385413734
   35   0.164926977502   79   0.868286373819  123   2.222637102591  167   4.554125628095
   36   0.167390884769   80   0.918020451080  124   2.231373653531  168   5.266779960837
   37   0.172846485363   81   0.920303489220  125   2.231844853332  169  24.724230672587
   38   0.175902730171   82   0.933199446599  126   2.278581893271  170  25.124595938498
   39   0.178267583349   83   0.934999316530  127   2.330347082907  171  25.126739866480
   40   0.179548202170   84   0.953271748097  128   2.330615079648  172  25.254865099188
   41   0.192764731475   85   0.989308093742  129   2.358389715268  173  25.257053485553
   42   0.199801045085   86   0.997912420458  130   2.362089917391  174  25.369725217757
   43   0.201325551753   87   0.999727213176  131   2.623215422405
   44   0.201984976332   88   1.037477270222  132   2.651517412451
  ---------------------------------------------------------------------------------------

  - Timings for the RHF ground state calculation

     Total wall time (sec):              7.62100
     Total cpu time (sec):             406.64215

  eT terminated successfully!
