


                     eT - an electronic structure program

  ------------------------------------------------------------------------
   Author list in alphabetical order:
  ------------------------------------------------------------------------
   J. H. Andersen, A. Balbi, S. Coriani, S. D. Folkestad, T. Giovannini, 
   L. Goletto, T. S. Haugland, A. Hutcheson, I-M. Høyvik, E. F. Kjønstad, 
   H. Koch, T. Moitra, R. H. Myhre, A. C. Paul, M. Scavino, A. Skeidsvoll, 
   Å. H. Tveten
  ------------------------------------------------------------------------


  :: Input file
  ================

     Note: geometry section is excluded from this print

     system
        name: acetonitrile scan 2.75
        charge: 0
     end system

     do
       ground state
     end do

     memory
        available: 8
     end memory

     solver scf
        algorithm: scf-diis
     end solver scf

     molecular mechanics
        forcefield: non-polarizable
     end molecular mechanics

     method
        hf
     end method


  Running on 56 OMP thread(s)
  Memory available for calculation: 8.000000 GB


  :: Molecular system specifications (QM)
  ==========================================

     Name:             acetonitrile scan 2.75
     Charge:           0
     Multiplicity:     1
     Coordinate units: angstrom

     Pure basis functions:         87
     Cartesian basis functions:    90
     Primitive basis functions:   135

     Nuclear repulsion energy (a.u.):             58.467242266463
     Bohr/angstrom value (CODATA 2010):            0.529177210920

     ==============================================================================
                                     Geometry (angstrom)
     ==============================================================================
        Atom           X                  Y                  Z         # in input
     ==============================================================================
        Basis: 6-311++g**
        1 C     -1.183009000000     0.000009000000     0.000044000000        1
        2 C      0.280591000000    -0.000033000000    -0.000101000000        2
        3 N      1.434854000000     0.000012000000     0.000006000000        3
        4 H     -1.551986000000     0.908175000000     0.472453000000        4
        5 H     -1.551961000000    -0.863153000000     0.550412000000        5
        6 H     -1.552113000000    -0.044999000000    -1.022607000000        6
     ==============================================================================

     ==============================================================================
                                     Geometry (a.u.)
     ==============================================================================
        Atom           X                  Y                  Z         # in input
     ==============================================================================
        Basis: 6-311++g**
        1 C     -2.235563012896     0.000017007535     0.000083147949        1
        2 C      0.530240143018    -0.000062360962    -0.000190862339        2
        3 N      2.711481088737     0.000022676713     0.000011338357        3
        4 H     -2.932828489159     1.716202023177     0.892806776729        4
        5 H     -2.932781246006    -1.631122773597     1.040127935674        5
        6 H     -2.933068484377    -0.085035785879    -1.932447163063        6
     ==============================================================================


  :: Molecular system specifications (MM)
  ==========================================

     Force Field:  non-polarizable

     Number of MM atoms:                   2
     Number of MM molecules:               1

    ====================================================================
                        MM Geometry (Å) and Parameters
    ====================================================================
    Atom    Mol             X          Y          Z            Charge
    ====================================================================
      H       1        -2.484470   3.203306   1.666332        1.000000
      H       1        -2.823555   4.037899   2.100470       -1.000000
    ====================================================================


  :: RHF wavefunction
  ======================

  This is a QM/MM calculation

     Electrostatic Embedding:

     Each atom of the MM portion is endowed with a charge which value 
     is a fixed external parameter.

     The QM/MM electrostatic interaction energy is defined as:

        E^ele_QM/MM = sum_i q_i * V_i(P)

     where V_i(P) is the electrostatic potential due to the QM density 
     calculated at the position of the i-th charge q_i.

     For further details, see:
     Senn & Thiel, Angew. Chem. Int. Ed., 2009, 48, 1198−1229


  - Cholesky decomposition of AO overlap to get linearly independent orbitals:

  - Orbital details:

     Number of occupied orbitals:        11
     Number of virtual orbitals:         76
     Number of molecular orbitals:       87
     Number of atomic orbitals:          87


  :: Hartree-Fock engine
  =========================

  Drives the calculation of the Hartree-Fock state.

  This is a RHF ground state calculation.
  The following tasks will be performed:

     1) Generate initial SAD density
     2) Calculation of reference state (SCF-DIIS algorithm)


  1) Generate initial SAD density


  2) Calculation of reference state (SCF-DIIS algorithm)

   - Self-consistent field DIIS Hartree-Fock solver
  ----------------------------------------------------

  A DIIS-accelerated Roothan-Hall self-consistent field solver. A least-square 
  DIIS fit is performed on the previous Fock matrices and associated gradients. 
  Following the Roothan-Hall update of the density, the DIIS-fitted Fock 
  matrix is used to get the next orbital coefficients.

  - Hartree-Fock solver settings:

     DIIS dimension:                         8
     Cumulative Fock threshold:       0.10E+01

     Energy threshold:              0.1000E-05
     Gradient threshold:            0.1000E-05

     Coulomb screening threshold:   0.1000E-11
     Exchange screening threshold:  0.1000E-09
     Fock precision:                0.1000E-23
     Integral cutoff:               0.1000E-11

  - Setting initial AO density to SAD

     Energy of initial guess:              -133.164473157112
     Number of electrons in guess:           22.000000000000

  Iteration       Energy (a.u.)      Max(grad.)    Delta E (a.u.)
  ---------------------------------------------------------------
     1          -132.428915468105     0.6639E-01     0.1324E+03
     2          -132.462595683810     0.6371E-01     0.3368E-01
     3          -132.483640799929     0.1115E-01     0.2105E-01
     4          -132.485247396990     0.1702E-02     0.1607E-02
     5          -132.485301877372     0.1091E-02     0.5448E-04
     6          -132.485308569775     0.2285E-03     0.6692E-05
     7          -132.485308996363     0.2687E-04     0.4266E-06
     8          -132.485309006107     0.4484E-05     0.9744E-08
     9          -132.485309006788     0.2693E-05     0.6808E-09
    10          -132.485309006999     0.1485E-05     0.2114E-09
    11          -132.485309007080     0.5166E-06     0.8072E-10
  ---------------------------------------------------------------
  Convergence criterion met in 11 iterations!

  - Summary of RHF wavefunction energetics (a.u.):

     HOMO-LUMO gap:                  0.474992124065
     Nuclear repulsion energy:      58.428192682936
     Electronic energy:           -190.913501690016
     Total energy:                -132.485309007080

  - Summary of QM/MM energetics:
                                         a.u.             eV     kcal/mol
     QM/MM SCF Contribution:        -0.485943002093
     QM/MM Electrostatic Energy:     0.004184647547     0.11387     2.626

  - Molecular orbital energies

  -----------------------------------------------------------------------------------
   1 -15.594898266208  23   0.173761084937  45   1.094113555191  67   2.752931340002
   2 -11.316434980355  24   0.175193339563  46   1.094764844413  68   2.761241431166
   3 -11.300916981095  25   0.246980098833  47   1.224473996865  69   2.829049374195
   4  -1.245281937929  26   0.262761852726  48   1.226462104195  70   2.832944630110
   5  -1.069000305654  27   0.302595665441  49   1.343718681294  71   2.901970152215
   6  -0.724583323707  28   0.306398521181  50   1.474048129729  72   3.135465506392
   7  -0.661870211738  29   0.308742431248  51   1.474118465207  73   3.136552170186
   8  -0.657392847105  30   0.311357129676  52   1.631620630447  74   3.196594370529
   9  -0.576847634333  31   0.337166245536  53   1.641187233177  75   3.244461780864
  10  -0.484980565403  32   0.395764090161  54   1.698676750211  76   3.244931353465
  11  -0.484098056731  33   0.554341344256  55   1.703778236162  77   3.375721168114
  12  -0.009105932666  34   0.554452358100  56   1.763752328616  78   3.540359833148
  13   0.034983827154  35   0.582053793173  57   1.766979643692  79   4.150926906345
  14   0.052686798798  36   0.716636687012  58   1.981414687040  80   4.155407120067
  15   0.068951522903  37   0.718281205459  59   2.100208741548  81   4.258149685856
  16   0.115017623163  38   0.778280911069  60   2.100448299041  82   4.454257479151
  17   0.116055518934  39   0.787221731363  61   2.242955997047  83   4.454704812051
  18   0.116277636135  40   0.829603561613  62   2.377842267752  84   5.039529974632
  19   0.122827995531  41   0.858137937909  63   2.377979359800  85  25.006771084158
  20   0.128952094448  42   0.912729838872  64   2.461964577785  86  25.445230818397
  21   0.157601561805  43   1.002651922016  65   2.461991918383  87  37.251632089283
  22   0.172750987348  44   1.070736253515  66   2.706070436479
  -----------------------------------------------------------------------------------

  - Timings for the RHF ground state calculation

     Total wall time (sec):             40.70600
     Total cpu time (sec):            1387.24201

  eT terminated successfully!
