
  Preparation of molecular system (Libint)
  wall time (sec):                 0.00
  cpu time (sec):                  0.00
  cpu/wall ratio:                  1.20

  Preparation of molecular system (total)
  wall time (sec):                 0.19
  cpu time (sec):                  1.84
  cpu/wall ratio:                  9.83

  Cholesky decomposition of AO overlap
  wall time (sec):                 0.18
  cpu time (sec):                  6.62
  cpu/wall ratio:                 36.35


  :: Hartree-Fock engine
  =========================


  1) Generate initial SAD density

  SAD generation time
  wall time (sec):                21.14
  cpu time (sec):                739.15
  cpu/wall ratio:                 34.96


  2) Calculation of reference state (SCF-DIIS algorithm)

  AO Fock construction
  wall time (sec):                 0.30
  cpu time (sec):                  9.82
  cpu/wall ratio:                 32.62

  AO Fock construction
  wall time (sec):                 0.32
  cpu time (sec):                 10.86
  cpu/wall ratio:                 34.46

  AO Fock construction
  wall time (sec):                 0.35
  cpu time (sec):                 11.70
  cpu/wall ratio:                 33.34

  SCF DIIS iteration time
  wall time (sec):                 1.44
  cpu time (sec):                 40.54
  cpu/wall ratio:                 28.10

  AO Fock construction
  wall time (sec):                 0.37
  cpu time (sec):                 12.10
  cpu/wall ratio:                 32.62

  SCF DIIS iteration time
  wall time (sec):                 1.56
  cpu time (sec):                 43.08
  cpu/wall ratio:                 27.70

  AO Fock construction
  wall time (sec):                 0.34
  cpu time (sec):                 12.18
  cpu/wall ratio:                 35.40

  SCF DIIS iteration time
  wall time (sec):                 1.54
  cpu time (sec):                 43.72
  cpu/wall ratio:                 28.39

  AO Fock construction
  wall time (sec):                 0.34
  cpu time (sec):                 11.65
  cpu/wall ratio:                 34.68

  SCF DIIS iteration time
  wall time (sec):                 1.66
  cpu time (sec):                 46.94
  cpu/wall ratio:                 28.26

  AO Fock construction
  wall time (sec):                 0.36
  cpu time (sec):                 12.65
  cpu/wall ratio:                 35.05

  SCF DIIS iteration time
  wall time (sec):                 1.74
  cpu time (sec):                 48.42
  cpu/wall ratio:                 27.81

  AO Fock construction
  wall time (sec):                 0.34
  cpu time (sec):                 12.06
  cpu/wall ratio:                 35.27

  SCF DIIS iteration time
  wall time (sec):                 1.70
  cpu time (sec):                 46.23
  cpu/wall ratio:                 27.27

  AO Fock construction
  wall time (sec):                 0.32
  cpu time (sec):                 11.34
  cpu/wall ratio:                 34.88

  SCF DIIS iteration time
  wall time (sec):                 1.29
  cpu time (sec):                 38.14
  cpu/wall ratio:                 29.50

  AO Fock construction
  wall time (sec):                 0.33
  cpu time (sec):                 12.05
  cpu/wall ratio:                 36.19

  SCF DIIS iteration time
  wall time (sec):                 1.59
  cpu time (sec):                 45.55
  cpu/wall ratio:                 28.63

  AO Fock construction
  wall time (sec):                 0.32
  cpu time (sec):                 11.63
  cpu/wall ratio:                 36.34

  SCF DIIS iteration time
  wall time (sec):                 1.34
  cpu time (sec):                 39.64
  cpu/wall ratio:                 29.52

  SCF DIIS iteration time
  wall time (sec):                 0.02
  cpu time (sec):                  0.70
  cpu/wall ratio:                 38.68

  SCF DIIS solver time
  wall time (sec):                16.09
  cpu time (sec):                456.23
  cpu/wall ratio:                 28.35

  Hartree-Fock engine
  wall time (sec):                37.24
  cpu time (sec):               1195.38
  cpu/wall ratio:                 32.10


  :: Total time
  ================

  Total time in eT
  wall time (sec):                37.88
  cpu time (sec):               1210.32
  cpu/wall ratio:                 31.95
