


                     eT - an electronic structure program

  ------------------------------------------------------------------------
   Author list in alphabetical order:
  ------------------------------------------------------------------------
   J. H. Andersen, A. Balbi, S. Coriani, S. D. Folkestad, T. Giovannini, 
   L. Goletto, T. S. Haugland, A. Hutcheson, I-M. Høyvik, E. F. Kjønstad, 
   H. Koch, T. Moitra, R. H. Myhre, A. C. Paul, M. Scavino, A. Skeidsvoll, 
   Å. H. Tveten
  ------------------------------------------------------------------------


  :: Input file
  ================

     Note: geometry section is excluded from this print

     system
        name: acetonitrile scan 7.75
        charge: 0
     end system

     do
       ground state
     end do

     memory
        available: 8
     end memory

     solver scf
        algorithm: scf-diis
     end solver scf

     molecular mechanics
        forcefield: non-polarizable
     end molecular mechanics

     method
        hf
     end method


  Running on 56 OMP thread(s)
  Memory available for calculation: 8.000000 GB


  :: Molecular system specifications (QM)
  ==========================================

     Name:             acetonitrile scan 7.75
     Charge:           0
     Multiplicity:     1
     Coordinate units: angstrom

     Pure basis functions:         87
     Cartesian basis functions:    90
     Primitive basis functions:   135

     Nuclear repulsion energy (a.u.):             58.467242266463
     Bohr/angstrom value (CODATA 2010):            0.529177210920

     ==============================================================================
                                     Geometry (angstrom)
     ==============================================================================
        Atom           X                  Y                  Z         # in input
     ==============================================================================
        Basis: 6-311++g**
        1 C     -1.183009000000     0.000009000000     0.000044000000        1
        2 C      0.280591000000    -0.000033000000    -0.000101000000        2
        3 N      1.434854000000     0.000012000000     0.000006000000        3
        4 H     -1.551986000000     0.908175000000     0.472453000000        4
        5 H     -1.551961000000    -0.863153000000     0.550412000000        5
        6 H     -1.552113000000    -0.044999000000    -1.022607000000        6
     ==============================================================================

     ==============================================================================
                                     Geometry (a.u.)
     ==============================================================================
        Atom           X                  Y                  Z         # in input
     ==============================================================================
        Basis: 6-311++g**
        1 C     -2.235563012896     0.000017007535     0.000083147949        1
        2 C      0.530240143018    -0.000062360962    -0.000190862339        2
        3 N      2.711481088737     0.000022676713     0.000011338357        3
        4 H     -2.932828489159     1.716202023177     0.892806776729        4
        5 H     -2.932781246006    -1.631122773597     1.040127935674        5
        6 H     -2.933068484377    -0.085035785879    -1.932447163063        6
     ==============================================================================


  :: Molecular system specifications (MM)
  ==========================================

     Force Field:  non-polarizable

     Number of MM atoms:                   2
     Number of MM molecules:               1

    ====================================================================
                        MM Geometry (Å) and Parameters
    ====================================================================
    Atom    Mol             X          Y          Z            Charge
    ====================================================================
      H       1        -4.179896   7.376272   3.837022        1.000000
      H       1        -4.518981   8.210865   4.271160       -1.000000
    ====================================================================


  :: RHF wavefunction
  ======================

  This is a QM/MM calculation

     Electrostatic Embedding:

     Each atom of the MM portion is endowed with a charge which value 
     is a fixed external parameter.

     The QM/MM electrostatic interaction energy is defined as:

        E^ele_QM/MM = sum_i q_i * V_i(P)

     where V_i(P) is the electrostatic potential due to the QM density 
     calculated at the position of the i-th charge q_i.

     For further details, see:
     Senn & Thiel, Angew. Chem. Int. Ed., 2009, 48, 1198−1229


  - Cholesky decomposition of AO overlap to get linearly independent orbitals:

  - Orbital details:

     Number of occupied orbitals:        11
     Number of virtual orbitals:         76
     Number of molecular orbitals:       87
     Number of atomic orbitals:          87


  :: Hartree-Fock engine
  =========================

  Drives the calculation of the Hartree-Fock state.

  This is a RHF ground state calculation.
  The following tasks will be performed:

     1) Generate initial SAD density
     2) Calculation of reference state (SCF-DIIS algorithm)


  1) Generate initial SAD density


  2) Calculation of reference state (SCF-DIIS algorithm)

   - Self-consistent field DIIS Hartree-Fock solver
  ----------------------------------------------------

  A DIIS-accelerated Roothan-Hall self-consistent field solver. A least-square 
  DIIS fit is performed on the previous Fock matrices and associated gradients. 
  Following the Roothan-Hall update of the density, the DIIS-fitted Fock 
  matrix is used to get the next orbital coefficients.

  - Hartree-Fock solver settings:

     DIIS dimension:                         8
     Cumulative Fock threshold:       0.10E+01

     Energy threshold:              0.1000E-05
     Gradient threshold:            0.1000E-05

     Coulomb screening threshold:   0.1000E-11
     Exchange screening threshold:  0.1000E-09
     Fock precision:                0.1000E-23
     Integral cutoff:               0.1000E-11

  - Setting initial AO density to SAD

     Energy of initial guess:              -133.164522675533
     Number of electrons in guess:           22.000000000000

  Iteration       Energy (a.u.)      Max(grad.)    Delta E (a.u.)
  ---------------------------------------------------------------
     1          -132.431146811020     0.6856E-01     0.1324E+03
     2          -132.465303054445     0.6595E-01     0.3416E-01
     3          -132.488173657073     0.1052E-01     0.2287E-01
     4          -132.489738956668     0.1673E-02     0.1565E-02
     5          -132.489794009627     0.1095E-02     0.5505E-04
     6          -132.489800907568     0.2346E-03     0.6898E-05
     7          -132.489801343043     0.2885E-04     0.4355E-06
     8          -132.489801351986     0.2269E-05     0.8944E-08
     9          -132.489801352187     0.6869E-06     0.2009E-09
  ---------------------------------------------------------------
  Convergence criterion met in 9 iterations!

  - Summary of RHF wavefunction energetics (a.u.):

     HOMO-LUMO gap:                  0.494053102784
     Nuclear repulsion energy:      58.058064249915
     Electronic energy:           -190.547865602102
     Total energy:                -132.489801352187

  - Summary of QM/MM energetics:
                                         a.u.             eV     kcal/mol
     QM/MM SCF Contribution:        -0.119497056252
     QM/MM Electrostatic Energy:     0.000502160367     0.01366     0.315

  - Molecular orbital energies

  -----------------------------------------------------------------------------------
   1 -15.579114055648  23   0.187551402474  45   1.107483484926  67   2.779981270409
   2 -11.293386853285  24   0.188199887594  46   1.107594815171  68   2.780521066598
   3 -11.286527960524  25   0.273526388930  47   1.245188489258  69   2.852945025648
   4  -1.230523114163  26   0.275425291884  48   1.245350178452  70   2.853246157218
   5  -1.048385705907  27   0.312812766685  49   1.358615461344  71   2.919121267976
   6  -0.704646855646  28   0.318900717787  50   1.490060441838  72   3.152965003572
   7  -0.637972502033  29   0.319500793385  51   1.490067613362  73   3.153022925947
   8  -0.637659743802  30   0.323782239135  52   1.646893379743  74   3.218604090069
   9  -0.562643058362  31   0.355201166896  53   1.664777769150  75   3.259362959296
  10  -0.469424184435  32   0.412136143463  54   1.720408935192  76   3.259404817272
  11  -0.469344514173  33   0.574752595554  55   1.720809285684  77   3.391398218817
  12   0.024708588611  34   0.575149846642  56   1.787843083898  78   3.556603252816
  13   0.055756160393  35   0.599170042579  57   1.787941061942  79   4.175338937145
  14   0.060448618345  36   0.732137817825  58   2.001667236130  80   4.175701013062
  15   0.079883966064  37   0.732326932694  59   2.120733516920  81   4.277146816243
  16   0.127486025555  38   0.805147330535  60   2.120756648911  82   4.469532237235
  17   0.131916651936  39   0.806054698410  61   2.265228903295  83   4.469587502916
  18   0.132757138663  40   0.846876766730  62   2.392894901819  84   5.054228025685
  19   0.137565885265  41   0.877827236840  63   2.392933124794  85  25.028978425676
  20   0.138869154296  42   0.931318201417  64   2.482275800518  86  25.460538551510
  21   0.170117297802  43   1.014160528638  65   2.482292501031  87  37.267370033458
  22   0.184974071074  44   1.091098221191  66   2.729716602232
  -----------------------------------------------------------------------------------

  - Timings for the RHF ground state calculation

     Total wall time (sec):             37.00600
     Total cpu time (sec):            1265.30000

  eT terminated successfully!
