
  Preparation of molecular system (Libint)
  wall time (sec):                 0.00
  cpu time (sec):                  0.00
  cpu/wall ratio:                  1.27

  Preparation of molecular system (total)
  wall time (sec):                 0.19
  cpu time (sec):                  1.76
  cpu/wall ratio:                  9.46

  Cholesky decomposition of AO overlap
  wall time (sec):                 0.20
  cpu time (sec):                  7.28
  cpu/wall ratio:                 36.06


  :: Hartree-Fock engine
  =========================


  1) Generate initial SAD density

  SAD generation time
  wall time (sec):                22.44
  cpu time (sec):                853.73
  cpu/wall ratio:                 38.04


  2) Calculation of reference state (SCF-DIIS algorithm)

  AO Fock construction
  wall time (sec):                 0.32
  cpu time (sec):                 10.59
  cpu/wall ratio:                 32.79

  AO Fock construction
  wall time (sec):                 0.32
  cpu time (sec):                 11.30
  cpu/wall ratio:                 35.74

  AO Fock construction
  wall time (sec):                 0.33
  cpu time (sec):                 11.81
  cpu/wall ratio:                 36.24

  SCF DIIS iteration time
  wall time (sec):                 1.32
  cpu time (sec):                 39.49
  cpu/wall ratio:                 29.90

  AO Fock construction
  wall time (sec):                 0.33
  cpu time (sec):                 11.33
  cpu/wall ratio:                 34.01

  SCF DIIS iteration time
  wall time (sec):                 1.53
  cpu time (sec):                 44.05
  cpu/wall ratio:                 28.83

  AO Fock construction
  wall time (sec):                 0.37
  cpu time (sec):                 12.65
  cpu/wall ratio:                 34.28

  SCF DIIS iteration time
  wall time (sec):                 1.32
  cpu time (sec):                 38.94
  cpu/wall ratio:                 29.54

  AO Fock construction
  wall time (sec):                 0.34
  cpu time (sec):                 12.39
  cpu/wall ratio:                 36.11

  SCF DIIS iteration time
  wall time (sec):                 1.46
  cpu time (sec):                 42.67
  cpu/wall ratio:                 29.25

  AO Fock construction
  wall time (sec):                 0.40
  cpu time (sec):                 12.94
  cpu/wall ratio:                 32.18

  SCF DIIS iteration time
  wall time (sec):                 1.57
  cpu time (sec):                 44.11
  cpu/wall ratio:                 28.15

  AO Fock construction
  wall time (sec):                 0.39
  cpu time (sec):                 13.03
  cpu/wall ratio:                 33.83

  SCF DIIS iteration time
  wall time (sec):                 1.71
  cpu time (sec):                 48.63
  cpu/wall ratio:                 28.39

  AO Fock construction
  wall time (sec):                 0.36
  cpu time (sec):                 11.95
  cpu/wall ratio:                 33.56

  SCF DIIS iteration time
  wall time (sec):                 1.55
  cpu time (sec):                 44.84
  cpu/wall ratio:                 28.91

  AO Fock construction
  wall time (sec):                 0.36
  cpu time (sec):                 12.25
  cpu/wall ratio:                 34.51

  SCF DIIS iteration time
  wall time (sec):                 1.44
  cpu time (sec):                 41.78
  cpu/wall ratio:                 28.91

  SCF DIIS iteration time
  wall time (sec):                 0.00
  cpu time (sec):                  0.00

  SCF DIIS solver time
  wall time (sec):                14.12
  cpu time (sec):                407.94
  cpu/wall ratio:                 28.88

  Hartree-Fock engine
  wall time (sec):                36.57
  cpu time (sec):               1261.71
  cpu/wall ratio:                 34.50


  :: Total time
  ================

  Total time in eT
  wall time (sec):                37.22
  cpu time (sec):               1277.98
  cpu/wall ratio:                 34.33
