


                     eT - an electronic structure program

  ------------------------------------------------------------------------
   Author list in alphabetical order:
  ------------------------------------------------------------------------
   J. H. Andersen, A. Balbi, S. Coriani, S. D. Folkestad, T. Giovannini, 
   L. Goletto, T. S. Haugland, A. Hutcheson, I-M. Høyvik, E. F. Kjønstad, 
   H. Koch, T. Moitra, R. H. Myhre, A. C. Paul, M. Scavino, A. Skeidsvoll, 
   Å. H. Tveten
  ------------------------------------------------------------------------


  :: Input file
  ================

     Note: geometry section is excluded from this print

     system
        name: acetonitrile scan 5.75
        charge: 0
     end system

     do
       ground state
     end do

     memory
        available: 8
     end memory

     solver scf
        algorithm: scf-diis
     end solver scf

     molecular mechanics
        forcefield: non-polarizable
     end molecular mechanics

     method
        hf
     end method


  Running on 56 OMP thread(s)
  Memory available for calculation: 8.000000 GB


  :: Molecular system specifications (QM)
  ==========================================

     Name:             acetonitrile scan 5.75
     Charge:           0
     Multiplicity:     1
     Coordinate units: angstrom

     Pure basis functions:         87
     Cartesian basis functions:    90
     Primitive basis functions:   135

     Nuclear repulsion energy (a.u.):             58.467242266463
     Bohr/angstrom value (CODATA 2010):            0.529177210920

     ==============================================================================
                                     Geometry (angstrom)
     ==============================================================================
        Atom           X                  Y                  Z         # in input
     ==============================================================================
        Basis: 6-311++g**
        1 C     -1.183009000000     0.000009000000     0.000044000000        1
        2 C      0.280591000000    -0.000033000000    -0.000101000000        2
        3 N      1.434854000000     0.000012000000     0.000006000000        3
        4 H     -1.551986000000     0.908175000000     0.472453000000        4
        5 H     -1.551961000000    -0.863153000000     0.550412000000        5
        6 H     -1.552113000000    -0.044999000000    -1.022607000000        6
     ==============================================================================

     ==============================================================================
                                     Geometry (a.u.)
     ==============================================================================
        Atom           X                  Y                  Z         # in input
     ==============================================================================
        Basis: 6-311++g**
        1 C     -2.235563012896     0.000017007535     0.000083147949        1
        2 C      0.530240143018    -0.000062360962    -0.000190862339        2
        3 N      2.711481088737     0.000022676713     0.000011338357        3
        4 H     -2.932828489159     1.716202023177     0.892806776729        4
        5 H     -2.932781246006    -1.631122773597     1.040127935674        5
        6 H     -2.933068484377    -0.085035785879    -1.932447163063        6
     ==============================================================================


  :: Molecular system specifications (MM)
  ==========================================

     Force Field:  non-polarizable

     Number of MM atoms:                   2
     Number of MM molecules:               1

    ====================================================================
                        MM Geometry (Å) and Parameters
    ====================================================================
    Atom    Mol             X          Y          Z            Charge
    ====================================================================
      H       1        -3.501726   5.707086   2.968746        1.000000
      H       1        -3.840811   6.541679   3.402884       -1.000000
    ====================================================================


  :: RHF wavefunction
  ======================

  This is a QM/MM calculation

     Electrostatic Embedding:

     Each atom of the MM portion is endowed with a charge which value 
     is a fixed external parameter.

     The QM/MM electrostatic interaction energy is defined as:

        E^ele_QM/MM = sum_i q_i * V_i(P)

     where V_i(P) is the electrostatic potential due to the QM density 
     calculated at the position of the i-th charge q_i.

     For further details, see:
     Senn & Thiel, Angew. Chem. Int. Ed., 2009, 48, 1198−1229


  - Cholesky decomposition of AO overlap to get linearly independent orbitals:

  - Orbital details:

     Number of occupied orbitals:        11
     Number of virtual orbitals:         76
     Number of molecular orbitals:       87
     Number of atomic orbitals:          87


  :: Hartree-Fock engine
  =========================

  Drives the calculation of the Hartree-Fock state.

  This is a RHF ground state calculation.
  The following tasks will be performed:

     1) Generate initial SAD density
     2) Calculation of reference state (SCF-DIIS algorithm)


  1) Generate initial SAD density


  2) Calculation of reference state (SCF-DIIS algorithm)

   - Self-consistent field DIIS Hartree-Fock solver
  ----------------------------------------------------

  A DIIS-accelerated Roothan-Hall self-consistent field solver. A least-square 
  DIIS fit is performed on the previous Fock matrices and associated gradients. 
  Following the Roothan-Hall update of the density, the DIIS-fitted Fock 
  matrix is used to get the next orbital coefficients.

  - Hartree-Fock solver settings:

     DIIS dimension:                         8
     Cumulative Fock threshold:       0.10E+01

     Energy threshold:              0.1000E-05
     Gradient threshold:            0.1000E-05

     Coulomb screening threshold:   0.1000E-11
     Exchange screening threshold:  0.1000E-09
     Fock precision:                0.1000E-23
     Integral cutoff:               0.1000E-11

  - Setting initial AO density to SAD

     Energy of initial guess:              -133.164522674610
     Number of electrons in guess:           22.000000000000

  Iteration       Energy (a.u.)      Max(grad.)    Delta E (a.u.)
  ---------------------------------------------------------------
     1          -132.430902616176     0.6825E-01     0.1324E+03
     2          -132.464995082822     0.6565E-01     0.3409E-01
     3          -132.487609328656     0.1060E-01     0.2261E-01
     4          -132.489179102312     0.1677E-02     0.1570E-02
     5          -132.489234100679     0.1095E-02     0.5500E-04
     6          -132.489240983891     0.2340E-03     0.6883E-05
     7          -132.489241418246     0.2857E-04     0.4344E-06
     8          -132.489241427141     0.2174E-05     0.8895E-08
     9          -132.489241427348     0.5883E-06     0.2076E-09
  ---------------------------------------------------------------
  Convergence criterion met in 9 iterations!

  - Summary of RHF wavefunction energetics (a.u.):

     HOMO-LUMO gap:                  0.490539010335
     Nuclear repulsion energy:      58.126275997336
     Electronic energy:           -190.615517424684
     Total energy:                -132.489241427348

  - Summary of QM/MM energetics:
                                         a.u.             eV     kcal/mol
     QM/MM SCF Contribution:        -0.187167909129
     QM/MM Electrostatic Energy:     0.001043054912     0.02838     0.655

  - Molecular orbital energies

  -----------------------------------------------------------------------------------
   1 -15.582052118539  23   0.184131901118  45   1.104803312566  67   2.775897128442
   2 -11.297057520729  24   0.185578515027  46   1.105031583977  68   2.777144670836
   3 -11.289285239208  25   0.268401485331  47   1.241707988157  69   2.849117964361
   4  -1.233344831140  26   0.272842618470  48   1.242059065229  70   2.849803905045
   5  -1.051847735902  27   0.310799108561  49   1.355798286147  71   2.916041433292
   6  -0.708027430305  28   0.315907382515  50   1.487092171997  72   3.149850664216
   7  -0.641756735895  29   0.317132367688  51   1.487100583128  73   3.150010119996
   8  -0.641045363585  30   0.320915568157  52   1.643978171498  74   3.214966803568
   9  -0.565364051913  31   0.351517390859  53   1.661003341372  75   3.256524380625
  10  -0.472331387241  32   0.408891587607  54   1.716850069539  76   3.256630505054
  11  -0.472159125138  33   0.570986188039  55   1.717708114575  77   3.388456520310
  12   0.018379885197  34   0.571645871731  56   1.784056598707  78   3.553639184744
  13   0.048154758699  35   0.595947416800  57   1.784357825184  79   4.171518982813
  14   0.058444893621  36   0.729110925196  58   1.998197182272  80   4.172277838199
  15   0.077247098656  37   0.729551878591  59   2.117253214737  81   4.273877524279
  16   0.124018403341  38   0.800537810659  60   2.117333494132  82   4.466651645131
  17   0.128297880846  39   0.802743191806  61   2.261593674596  83   4.466760726376
  18   0.130273477794  40   0.843581334925  62   2.390057422970  84   5.051427589772
  19   0.133219260496  41   0.874392030545  63   2.390105703709  85  25.025394377585
  20   0.135525003436  42   0.927997423184  64   2.478853974176  86  25.457681126776
  21   0.166075783187  43   1.011802219534  65   2.478870540527  87  37.264436993378
  22   0.182131414729  44   1.087628144313  66   2.726007480477
  -----------------------------------------------------------------------------------

  - Timings for the RHF ground state calculation

     Total wall time (sec):             36.17200
     Total cpu time (sec):            1133.89568

  eT terminated successfully!
