
  Preparation of molecular system (Libint)
  wall time (sec):                 0.00
  cpu time (sec):                  0.00
  cpu/wall ratio:                  0.88

  Preparation of molecular system (total)
  wall time (sec):                 0.22
  cpu time (sec):                  2.40
  cpu/wall ratio:                 11.07

  Cholesky decomposition of AO overlap
  wall time (sec):                 0.16
  cpu time (sec):                  6.21
  cpu/wall ratio:                 37.85


  :: Hartree-Fock engine
  =========================


  1) Generate initial SAD density

  SAD generation time
  wall time (sec):                22.30
  cpu time (sec):                845.45
  cpu/wall ratio:                 37.91


  2) Calculation of reference state (SCF-DIIS algorithm)

  AO Fock construction
  wall time (sec):                 0.27
  cpu time (sec):                  9.62
  cpu/wall ratio:                 35.24

  AO Fock construction
  wall time (sec):                 0.32
  cpu time (sec):                 11.04
  cpu/wall ratio:                 34.51

  AO Fock construction
  wall time (sec):                 0.31
  cpu time (sec):                 11.31
  cpu/wall ratio:                 36.48

  SCF DIIS iteration time
  wall time (sec):                 1.59
  cpu time (sec):                 46.23
  cpu/wall ratio:                 29.04

  AO Fock construction
  wall time (sec):                 0.38
  cpu time (sec):                 13.03
  cpu/wall ratio:                 34.30

  SCF DIIS iteration time
  wall time (sec):                 1.69
  cpu time (sec):                 47.84
  cpu/wall ratio:                 28.34

  AO Fock construction
  wall time (sec):                 0.35
  cpu time (sec):                 12.08
  cpu/wall ratio:                 34.02

  SCF DIIS iteration time
  wall time (sec):                 1.31
  cpu time (sec):                 38.78
  cpu/wall ratio:                 29.60

  AO Fock construction
  wall time (sec):                 0.39
  cpu time (sec):                 12.39
  cpu/wall ratio:                 32.19

  SCF DIIS iteration time
  wall time (sec):                 1.73
  cpu time (sec):                 48.83
  cpu/wall ratio:                 28.15

  AO Fock construction
  wall time (sec):                 0.33
  cpu time (sec):                 11.47
  cpu/wall ratio:                 34.64

  SCF DIIS iteration time
  wall time (sec):                 1.55
  cpu time (sec):                 43.57
  cpu/wall ratio:                 28.15

  AO Fock construction
  wall time (sec):                 0.32
  cpu time (sec):                 11.40
  cpu/wall ratio:                 35.52

  SCF DIIS iteration time
  wall time (sec):                 1.68
  cpu time (sec):                 48.27
  cpu/wall ratio:                 28.78

  AO Fock construction
  wall time (sec):                 0.31
  cpu time (sec):                 11.18
  cpu/wall ratio:                 35.62

  SCF DIIS iteration time
  wall time (sec):                 1.41
  cpu time (sec):                 41.36
  cpu/wall ratio:                 29.40

  AO Fock construction
  wall time (sec):                 0.33
  cpu time (sec):                 11.63
  cpu/wall ratio:                 35.34

  SCF DIIS iteration time
  wall time (sec):                 1.68
  cpu time (sec):                 46.82
  cpu/wall ratio:                 27.89

  SCF DIIS iteration time
  wall time (sec):                 0.00
  cpu time (sec):                  0.04
  cpu/wall ratio:                 38.45

  SCF DIIS solver time
  wall time (sec):                15.09
  cpu time (sec):                430.92
  cpu/wall ratio:                 28.55

  Hartree-Fock engine
  wall time (sec):                37.40
  cpu time (sec):               1276.37
  cpu/wall ratio:                 34.13


  :: Total time
  ================

  Total time in eT
  wall time (sec):                38.04
  cpu time (sec):               1292.74
  cpu/wall ratio:                 33.98
