
  Preparation of molecular system (Libint)
  wall time (sec):                 0.00
  cpu time (sec):                  0.00
  cpu/wall ratio:                  1.28

  Preparation of molecular system (total)
  wall time (sec):                 0.18
  cpu time (sec):                  1.46
  cpu/wall ratio:                  7.93

  Cholesky decomposition of AO overlap
  wall time (sec):                 0.15
  cpu time (sec):                  6.24
  cpu/wall ratio:                 41.33


  :: Hartree-Fock engine
  =========================


  1) Generate initial SAD density

  SAD generation time
  wall time (sec):                20.88
  cpu time (sec):                689.49
  cpu/wall ratio:                 33.02


  2) Calculation of reference state (SCF-DIIS algorithm)

  AO Fock construction
  wall time (sec):                 0.31
  cpu time (sec):                  9.01
  cpu/wall ratio:                 28.99

  AO Fock construction
  wall time (sec):                 0.35
  cpu time (sec):                 11.85
  cpu/wall ratio:                 33.75

  AO Fock construction
  wall time (sec):                 0.33
  cpu time (sec):                 11.56
  cpu/wall ratio:                 35.23

  SCF DIIS iteration time
  wall time (sec):                 1.54
  cpu time (sec):                 44.33
  cpu/wall ratio:                 28.86

  AO Fock construction
  wall time (sec):                 0.34
  cpu time (sec):                 11.94
  cpu/wall ratio:                 34.61

  SCF DIIS iteration time
  wall time (sec):                 1.44
  cpu time (sec):                 40.78
  cpu/wall ratio:                 28.38

  AO Fock construction
  wall time (sec):                 0.37
  cpu time (sec):                 12.64
  cpu/wall ratio:                 34.26

  SCF DIIS iteration time
  wall time (sec):                 1.63
  cpu time (sec):                 45.59
  cpu/wall ratio:                 27.97

  AO Fock construction
  wall time (sec):                 0.35
  cpu time (sec):                 11.86
  cpu/wall ratio:                 33.97

  SCF DIIS iteration time
  wall time (sec):                 1.47
  cpu time (sec):                 42.72
  cpu/wall ratio:                 29.14

  AO Fock construction
  wall time (sec):                 0.37
  cpu time (sec):                 12.52
  cpu/wall ratio:                 34.11

  SCF DIIS iteration time
  wall time (sec):                 1.64
  cpu time (sec):                 46.02
  cpu/wall ratio:                 28.06

  AO Fock construction
  wall time (sec):                 0.33
  cpu time (sec):                 11.36
  cpu/wall ratio:                 34.86

  SCF DIIS iteration time
  wall time (sec):                 1.78
  cpu time (sec):                 49.90
  cpu/wall ratio:                 27.99

  AO Fock construction
  wall time (sec):                 0.34
  cpu time (sec):                 11.77
  cpu/wall ratio:                 34.94

  SCF DIIS iteration time
  wall time (sec):                 1.65
  cpu time (sec):                 46.49
  cpu/wall ratio:                 28.23

  AO Fock construction
  wall time (sec):                 0.32
  cpu time (sec):                 11.49
  cpu/wall ratio:                 35.79

  SCF DIIS iteration time
  wall time (sec):                 1.61
  cpu time (sec):                 46.33
  cpu/wall ratio:                 28.85

  SCF DIIS iteration time
  wall time (sec):                 0.00
  cpu time (sec):                  0.04
  cpu/wall ratio:                 39.32

  SCF DIIS solver time
  wall time (sec):                15.12
  cpu time (sec):                428.46
  cpu/wall ratio:                 28.34

  Hartree-Fock engine
  wall time (sec):                36.00
  cpu time (sec):               1117.95
  cpu/wall ratio:                 31.05


  :: Total time
  ================

  Total time in eT
  wall time (sec):                36.64
  cpu time (sec):               1133.27
  cpu/wall ratio:                 30.93
