
  Preparation of molecular system (Libint)
  wall time (sec):                 0.00
  cpu time (sec):                  0.00
  cpu/wall ratio:                  0.97

  Preparation of molecular system (total)
  wall time (sec):                 0.19
  cpu time (sec):                  1.89
  cpu/wall ratio:                  9.92

  Cholesky decomposition of AO overlap
  wall time (sec):                 0.17
  cpu time (sec):                  6.70
  cpu/wall ratio:                 38.48


  :: Hartree-Fock engine
  =========================


  1) Generate initial SAD density

  SAD generation time
  wall time (sec):                22.00
  cpu time (sec):                772.86
  cpu/wall ratio:                 35.13


  2) Calculation of reference state (SCF-DIIS algorithm)

  AO Fock construction
  wall time (sec):                 0.30
  cpu time (sec):                  9.30
  cpu/wall ratio:                 31.31

  AO Fock construction
  wall time (sec):                 0.28
  cpu time (sec):                 10.11
  cpu/wall ratio:                 36.62

  AO Fock construction
  wall time (sec):                 0.33
  cpu time (sec):                 11.55
  cpu/wall ratio:                 35.32

  SCF DIIS iteration time
  wall time (sec):                 1.48
  cpu time (sec):                 43.76
  cpu/wall ratio:                 29.67

  AO Fock construction
  wall time (sec):                 0.35
  cpu time (sec):                 12.36
  cpu/wall ratio:                 35.62

  SCF DIIS iteration time
  wall time (sec):                 1.63
  cpu time (sec):                 47.30
  cpu/wall ratio:                 29.04

  AO Fock construction
  wall time (sec):                 0.34
  cpu time (sec):                 11.91
  cpu/wall ratio:                 35.03

  SCF DIIS iteration time
  wall time (sec):                 1.68
  cpu time (sec):                 46.25
  cpu/wall ratio:                 27.45

  AO Fock construction
  wall time (sec):                 0.33
  cpu time (sec):                 11.25
  cpu/wall ratio:                 34.61

  SCF DIIS iteration time
  wall time (sec):                 1.53
  cpu time (sec):                 42.87
  cpu/wall ratio:                 28.00

  AO Fock construction
  wall time (sec):                 0.39
  cpu time (sec):                 13.23
  cpu/wall ratio:                 34.02

  SCF DIIS iteration time
  wall time (sec):                 1.62
  cpu time (sec):                 46.40
  cpu/wall ratio:                 28.59

  AO Fock construction
  wall time (sec):                 0.39
  cpu time (sec):                 13.04
  cpu/wall ratio:                 33.26

  SCF DIIS iteration time
  wall time (sec):                 1.64
  cpu time (sec):                 45.96
  cpu/wall ratio:                 27.99

  AO Fock construction
  wall time (sec):                 0.40
  cpu time (sec):                 12.75
  cpu/wall ratio:                 31.95

  SCF DIIS iteration time
  wall time (sec):                 1.67
  cpu time (sec):                 45.80
  cpu/wall ratio:                 27.49

  AO Fock construction
  wall time (sec):                 0.36
  cpu time (sec):                 12.26
  cpu/wall ratio:                 33.96

  SCF DIIS iteration time
  wall time (sec):                 1.56
  cpu time (sec):                 43.88
  cpu/wall ratio:                 28.17

  SCF DIIS iteration time
  wall time (sec):                 0.00
  cpu time (sec):                  0.04
  cpu/wall ratio:                 44.34

  SCF DIIS solver time
  wall time (sec):                15.05
  cpu time (sec):                425.66
  cpu/wall ratio:                 28.29

  Hartree-Fock engine
  wall time (sec):                37.05
  cpu time (sec):               1198.55
  cpu/wall ratio:                 32.35


  :: Total time
  ================

  Total time in eT
  wall time (sec):                37.72
  cpu time (sec):               1215.01
  cpu/wall ratio:                 32.21
