
  Preparation of molecular system (Libint)
  wall time (sec):                 0.00
  cpu time (sec):                  0.00
  cpu/wall ratio:                  0.87

  Preparation of molecular system (total)
  wall time (sec):                 0.19
  cpu time (sec):                  1.99
  cpu/wall ratio:                 10.31

  Cholesky decomposition of AO overlap
  wall time (sec):                 0.17
  cpu time (sec):                  6.46
  cpu/wall ratio:                 37.33


  :: Hartree-Fock engine
  =========================


  1) Generate initial SAD density

  SAD generation time
  wall time (sec):                23.05
  cpu time (sec):                885.75
  cpu/wall ratio:                 38.43


  2) Calculation of reference state (SCF-DIIS algorithm)

  AO Fock construction
  wall time (sec):                 0.30
  cpu time (sec):                 10.34
  cpu/wall ratio:                 34.02

  AO Fock construction
  wall time (sec):                 0.33
  cpu time (sec):                 11.54
  cpu/wall ratio:                 35.07

  AO Fock construction
  wall time (sec):                 0.35
  cpu time (sec):                 11.81
  cpu/wall ratio:                 33.94

  SCF DIIS iteration time
  wall time (sec):                 1.52
  cpu time (sec):                 42.08
  cpu/wall ratio:                 27.66

  AO Fock construction
  wall time (sec):                 0.36
  cpu time (sec):                 12.31
  cpu/wall ratio:                 34.49

  SCF DIIS iteration time
  wall time (sec):                 1.84
  cpu time (sec):                 49.88
  cpu/wall ratio:                 27.12

  AO Fock construction
  wall time (sec):                 0.36
  cpu time (sec):                 12.44
  cpu/wall ratio:                 34.64

  SCF DIIS iteration time
  wall time (sec):                 1.60
  cpu time (sec):                 44.83
  cpu/wall ratio:                 28.03

  AO Fock construction
  wall time (sec):                 0.38
  cpu time (sec):                 13.19
  cpu/wall ratio:                 34.35

  SCF DIIS iteration time
  wall time (sec):                 1.68
  cpu time (sec):                 46.33
  cpu/wall ratio:                 27.56

  AO Fock construction
  wall time (sec):                 0.29
  cpu time (sec):                 11.18
  cpu/wall ratio:                 38.17

  SCF DIIS iteration time
  wall time (sec):                 1.21
  cpu time (sec):                 37.09
  cpu/wall ratio:                 30.58

  AO Fock construction
  wall time (sec):                 0.34
  cpu time (sec):                 11.69
  cpu/wall ratio:                 34.79

  SCF DIIS iteration time
  wall time (sec):                 1.59
  cpu time (sec):                 45.46
  cpu/wall ratio:                 28.55

  AO Fock construction
  wall time (sec):                 0.41
  cpu time (sec):                 12.42
  cpu/wall ratio:                 30.36

  SCF DIIS iteration time
  wall time (sec):                 1.57
  cpu time (sec):                 43.65
  cpu/wall ratio:                 27.80

  AO Fock construction
  wall time (sec):                 0.34
  cpu time (sec):                 11.65
  cpu/wall ratio:                 34.57

  SCF DIIS iteration time
  wall time (sec):                 1.52
  cpu time (sec):                 43.22
  cpu/wall ratio:                 28.42

  AO Fock construction
  wall time (sec):                 0.33
  cpu time (sec):                 11.86
  cpu/wall ratio:                 35.95

  SCF DIIS iteration time
  wall time (sec):                 1.45
  cpu time (sec):                 42.16
  cpu/wall ratio:                 29.06

  SCF DIIS iteration time
  wall time (sec):                 0.00
  cpu time (sec):                  0.07
  cpu/wall ratio:                 35.87

  SCF DIIS solver time
  wall time (sec):                16.41
  cpu time (sec):                461.50
  cpu/wall ratio:                 28.13

  Hartree-Fock engine
  wall time (sec):                39.46
  cpu time (sec):               1347.25
  cpu/wall ratio:                 34.14


  :: Total time
  ================

  Total time in eT
  wall time (sec):                40.10
  cpu time (sec):               1363.02
  cpu/wall ratio:                 33.99
