


                     eT - an electronic structure program

  ------------------------------------------------------------------------
   Author list in alphabetical order:
  ------------------------------------------------------------------------
   J. H. Andersen, A. Balbi, S. Coriani, S. D. Folkestad, T. Giovannini, 
   L. Goletto, T. S. Haugland, A. Hutcheson, I-M. Høyvik, E. F. Kjønstad, 
   H. Koch, T. Moitra, R. H. Myhre, A. C. Paul, M. Scavino, A. Skeidsvoll, 
   Å. H. Tveten
  ------------------------------------------------------------------------


  :: Input file
  ================

     Note: geometry section is excluded from this print

     system
        name: acetonitrile scan 2.00
        charge: 0
     end system

     do
       ground state
     end do

     memory
        available: 8
     end memory

     solver scf
        algorithm: scf-diis
     end solver scf

     molecular mechanics
        forcefield: non-polarizable
     end molecular mechanics

     method
        hf
     end method


  Running on 56 OMP thread(s)
  Memory available for calculation: 8.000000 GB


  :: Molecular system specifications (QM)
  ==========================================

     Name:             acetonitrile scan 2.00
     Charge:           0
     Multiplicity:     1
     Coordinate units: angstrom

     Pure basis functions:         87
     Cartesian basis functions:    90
     Primitive basis functions:   135

     Nuclear repulsion energy (a.u.):             58.467242266463
     Bohr/angstrom value (CODATA 2010):            0.529177210920

     ==============================================================================
                                     Geometry (angstrom)
     ==============================================================================
        Atom           X                  Y                  Z         # in input
     ==============================================================================
        Basis: 6-311++g**
        1 C     -1.183009000000     0.000009000000     0.000044000000        1
        2 C      0.280591000000    -0.000033000000    -0.000101000000        2
        3 N      1.434854000000     0.000012000000     0.000006000000        3
        4 H     -1.551986000000     0.908175000000     0.472453000000        4
        5 H     -1.551961000000    -0.863153000000     0.550412000000        5
        6 H     -1.552113000000    -0.044999000000    -1.022607000000        6
     ==============================================================================

     ==============================================================================
                                     Geometry (a.u.)
     ==============================================================================
        Atom           X                  Y                  Z         # in input
     ==============================================================================
        Basis: 6-311++g**
        1 C     -2.235563012896     0.000017007535     0.000083147949        1
        2 C      0.530240143018    -0.000062360962    -0.000190862339        2
        3 N      2.711481088737     0.000022676713     0.000011338357        3
        4 H     -2.932828489159     1.716202023177     0.892806776729        4
        5 H     -2.932781246006    -1.631122773597     1.040127935674        5
        6 H     -2.933068484377    -0.085035785879    -1.932447163063        6
     ==============================================================================


  :: Molecular system specifications (MM)
  ==========================================

     Force Field:  non-polarizable

     Number of MM atoms:                   2
     Number of MM molecules:               1

    ====================================================================
                        MM Geometry (Å) and Parameters
    ====================================================================
    Atom    Mol             X          Y          Z            Charge
    ====================================================================
      H       1        -2.230156   2.577361   1.340729        1.000000
      H       1        -2.569242   3.411954   1.774867       -1.000000
    ====================================================================


  :: RHF wavefunction
  ======================

  This is a QM/MM calculation

     Electrostatic Embedding:

     Each atom of the MM portion is endowed with a charge which value 
     is a fixed external parameter.

     The QM/MM electrostatic interaction energy is defined as:

        E^ele_QM/MM = sum_i q_i * V_i(P)

     where V_i(P) is the electrostatic potential due to the QM density 
     calculated at the position of the i-th charge q_i.

     For further details, see:
     Senn & Thiel, Angew. Chem. Int. Ed., 2009, 48, 1198−1229


  - Cholesky decomposition of AO overlap to get linearly independent orbitals:

  - Orbital details:

     Number of occupied orbitals:        11
     Number of virtual orbitals:         76
     Number of molecular orbitals:       87
     Number of atomic orbitals:          87


  :: Hartree-Fock engine
  =========================

  Drives the calculation of the Hartree-Fock state.

  This is a RHF ground state calculation.
  The following tasks will be performed:

     1) Generate initial SAD density
     2) Calculation of reference state (SCF-DIIS algorithm)


  1) Generate initial SAD density


  2) Calculation of reference state (SCF-DIIS algorithm)

   - Self-consistent field DIIS Hartree-Fock solver
  ----------------------------------------------------

  A DIIS-accelerated Roothan-Hall self-consistent field solver. A least-square 
  DIIS fit is performed on the previous Fock matrices and associated gradients. 
  Following the Roothan-Hall update of the density, the DIIS-fitted Fock 
  matrix is used to get the next orbital coefficients.

  - Hartree-Fock solver settings:

     DIIS dimension:                         8
     Cumulative Fock threshold:       0.10E+01

     Energy threshold:              0.1000E-05
     Gradient threshold:            0.1000E-05

     Coulomb screening threshold:   0.1000E-11
     Exchange screening threshold:  0.1000E-09
     Fock precision:                0.1000E-23
     Integral cutoff:               0.1000E-11

  - Setting initial AO density to SAD

     Energy of initial guess:              -133.163712475032
     Number of electrons in guess:           22.000000000000

  Iteration       Energy (a.u.)      Max(grad.)    Delta E (a.u.)
  ---------------------------------------------------------------
     1          -132.427289661387     0.6507E-01     0.1324E+03
     2          -132.460730101000     0.6219E-01     0.3344E-01
     3          -132.480651969051     0.1172E-01     0.1992E-01
     4          -132.482306701772     0.1723E-02     0.1655E-02
     5          -132.482360968883     0.1076E-02     0.5427E-04
     6          -132.482367393954     0.2213E-03     0.6425E-05
     7          -132.482367817047     0.2580E-04     0.4231E-06
     8          -132.482367830991     0.9525E-05     0.1394E-07
     9          -132.482367833376     0.5616E-05     0.2385E-08
    10          -132.482367834333     0.2564E-05     0.9567E-09
    11          -132.482367834567     0.5753E-06     0.2346E-09
  ---------------------------------------------------------------
  Convergence criterion met in 11 iterations!

  - Summary of RHF wavefunction energetics (a.u.):

     HOMO-LUMO gap:                  0.488013289203
     Nuclear repulsion energy:      58.628600792625
     Electronic energy:           -191.110968627192
     Total energy:                -132.482367834567

  - Summary of QM/MM energetics:
                                         a.u.             eV     kcal/mol
     QM/MM SCF Contribution:        -0.686031907377
     QM/MM Electrostatic Energy:     0.004503672517     0.12255     2.826

  - Molecular orbital energies

  -----------------------------------------------------------------------------------
   1 -15.603804797858  23   0.168930136539  45   1.087438772091  67   2.732465735229
   2 -11.333018846909  24   0.174749093207  46   1.088150424086  68   2.749665052005
   3 -11.308767532813  25   0.235224855492  47   1.211216257965  69   2.812315778259
   4  -1.253275834762  26   0.256398211912  48   1.214876304778  70   2.819892609212
   5  -1.082439742525  27   0.298704213507  49   1.335486825388  71   2.891669965662
   6  -0.737625579294  28   0.302590490370  50   1.464975139601  72   3.124874956012
   7  -0.678802658733  29   0.304224081961  51   1.465217157206  73   3.127038149423
   8  -0.669857227205  30   0.306317476064  52   1.623513523729  74   3.181872998961
   9  -0.584613326248  31   0.328930517820  53   1.624893185005  75   3.236285942739
  10  -0.493706931522  32   0.388277338813  54   1.684050197184  76   3.237098002761
  11  -0.492126377607  33   0.540877765864  55   1.693989459654  77   3.366950672599
  12  -0.004113088405  34   0.544888203493  56   1.746173166976  78   3.530737994024
  13   0.038318060706  35   0.573094528362  57   1.754158634878  79   4.133030730904
  14   0.050453589375  36   0.709013923659  58   1.968646056686  80   4.142159168892
  15   0.066996781147  37   0.711237905940  59   2.087101833358  81   4.246033876061
  16   0.111475948680  38   0.756564172306  60   2.087303932770  82   4.445796855214
  17   0.111662448827  39   0.775928891977  61   2.227936918268  83   4.446529616195
  18   0.113330630390  40   0.819660985745  62   2.369405085135  84   5.031446349708
  19   0.120203488620  41   0.846524752584  63   2.369629457147  85  24.991047798820
  20   0.123844041495  42   0.902045444603  64   2.448771392320  86  25.436507293704
  21   0.158590942750  43   0.996732340891  65   2.448912547589  87  37.242767599338
  22   0.168887334246  44   1.058135342076  66   2.687970139410
  -----------------------------------------------------------------------------------

  - Timings for the RHF ground state calculation

     Total wall time (sec):             40.43800
     Total cpu time (sec):            1377.26976

  eT terminated successfully!
