
  Preparation of molecular system (Libint)
  wall time (sec):                 0.00
  cpu time (sec):                  0.00
  cpu/wall ratio:                  1.20

  Preparation of molecular system (total)
  wall time (sec):                 0.18
  cpu time (sec):                  1.66
  cpu/wall ratio:                  9.12

  Cholesky decomposition of AO overlap
  wall time (sec):                 0.19
  cpu time (sec):                  6.78
  cpu/wall ratio:                 36.48


  :: Hartree-Fock engine
  =========================


  1) Generate initial SAD density

  SAD generation time
  wall time (sec):                22.31
  cpu time (sec):                862.59
  cpu/wall ratio:                 38.66


  2) Calculation of reference state (SCF-DIIS algorithm)

  AO Fock construction
  wall time (sec):                 0.29
  cpu time (sec):                  9.82
  cpu/wall ratio:                 34.32

  AO Fock construction
  wall time (sec):                 0.37
  cpu time (sec):                 11.94
  cpu/wall ratio:                 32.44

  AO Fock construction
  wall time (sec):                 0.33
  cpu time (sec):                 11.10
  cpu/wall ratio:                 33.94

  SCF DIIS iteration time
  wall time (sec):                 1.48
  cpu time (sec):                 42.26
  cpu/wall ratio:                 28.63

  AO Fock construction
  wall time (sec):                 0.36
  cpu time (sec):                 12.80
  cpu/wall ratio:                 35.25

  SCF DIIS iteration time
  wall time (sec):                 1.69
  cpu time (sec):                 48.09
  cpu/wall ratio:                 28.45

  AO Fock construction
  wall time (sec):                 0.33
  cpu time (sec):                 11.33
  cpu/wall ratio:                 34.12

  SCF DIIS iteration time
  wall time (sec):                 1.46
  cpu time (sec):                 41.36
  cpu/wall ratio:                 28.35

  AO Fock construction
  wall time (sec):                 0.37
  cpu time (sec):                 11.89
  cpu/wall ratio:                 32.30

  SCF DIIS iteration time
  wall time (sec):                 1.54
  cpu time (sec):                 44.08
  cpu/wall ratio:                 28.60

  AO Fock construction
  wall time (sec):                 0.39
  cpu time (sec):                 13.09
  cpu/wall ratio:                 33.15

  SCF DIIS iteration time
  wall time (sec):                 1.52
  cpu time (sec):                 43.18
  cpu/wall ratio:                 28.47

  AO Fock construction
  wall time (sec):                 0.27
  cpu time (sec):                 11.02
  cpu/wall ratio:                 40.52

  SCF DIIS iteration time
  wall time (sec):                 1.46
  cpu time (sec):                 41.60
  cpu/wall ratio:                 28.57

  AO Fock construction
  wall time (sec):                 0.32
  cpu time (sec):                 11.10
  cpu/wall ratio:                 34.91

  SCF DIIS iteration time
  wall time (sec):                 1.41
  cpu time (sec):                 41.26
  cpu/wall ratio:                 29.28

  AO Fock construction
  wall time (sec):                 0.38
  cpu time (sec):                 12.64
  cpu/wall ratio:                 33.08

  SCF DIIS iteration time
  wall time (sec):                 1.33
  cpu time (sec):                 39.06
  cpu/wall ratio:                 29.35

  SCF DIIS iteration time
  wall time (sec):                 0.01
  cpu time (sec):                  0.55
  cpu/wall ratio:                 39.19

  SCF DIIS solver time
  wall time (sec):                14.13
  cpu time (sec):                405.42
  cpu/wall ratio:                 28.69

  Hartree-Fock engine
  wall time (sec):                36.44
  cpu time (sec):               1268.05
  cpu/wall ratio:                 34.80


  :: Total time
  ================

  Total time in eT
  wall time (sec):                37.10
  cpu time (sec):               1283.99
  cpu/wall ratio:                 34.60
