


                     eT - an electronic structure program

  ------------------------------------------------------------------------
   Author list in alphabetical order:
  ------------------------------------------------------------------------
   J. H. Andersen, A. Balbi, S. Coriani, S. D. Folkestad, T. Giovannini, 
   L. Goletto, T. S. Haugland, A. Hutcheson, I-M. Høyvik, E. F. Kjønstad, 
   H. Koch, T. Moitra, R. H. Myhre, A. C. Paul, M. Scavino, A. Skeidsvoll, 
   Å. H. Tveten
  ------------------------------------------------------------------------


  :: Input file
  ================

     Note: geometry section is excluded from this print

     system
        name: acetonitrile scan 9.00
        charge: 0
     end system

     do
       ground state
     end do

     memory
        available: 8
     end memory

     solver scf
        algorithm: scf-diis
     end solver scf

     molecular mechanics
        forcefield: non-polarizable
     end molecular mechanics

     method
        hf
     end method


  Running on 56 OMP thread(s)
  Memory available for calculation: 8.000000 GB


  :: Molecular system specifications (QM)
  ==========================================

     Name:             acetonitrile scan 9.00
     Charge:           0
     Multiplicity:     1
     Coordinate units: angstrom

     Pure basis functions:         87
     Cartesian basis functions:    90
     Primitive basis functions:   135

     Nuclear repulsion energy (a.u.):             58.467242266463
     Bohr/angstrom value (CODATA 2010):            0.529177210920

     ==============================================================================
                                     Geometry (angstrom)
     ==============================================================================
        Atom           X                  Y                  Z         # in input
     ==============================================================================
        Basis: 6-311++g**
        1 C     -1.183009000000     0.000009000000     0.000044000000        1
        2 C      0.280591000000    -0.000033000000    -0.000101000000        2
        3 N      1.434854000000     0.000012000000     0.000006000000        3
        4 H     -1.551986000000     0.908175000000     0.472453000000        4
        5 H     -1.551961000000    -0.863153000000     0.550412000000        5
        6 H     -1.552113000000    -0.044999000000    -1.022607000000        6
     ==============================================================================

     ==============================================================================
                                     Geometry (a.u.)
     ==============================================================================
        Atom           X                  Y                  Z         # in input
     ==============================================================================
        Basis: 6-311++g**
        1 C     -2.235563012896     0.000017007535     0.000083147949        1
        2 C      0.530240143018    -0.000062360962    -0.000190862339        2
        3 N      2.711481088737     0.000022676713     0.000011338357        3
        4 H     -2.932828489159     1.716202023177     0.892806776729        4
        5 H     -2.932781246006    -1.631122773597     1.040127935674        5
        6 H     -2.933068484377    -0.085035785879    -1.932447163063        6
     ==============================================================================


  :: Molecular system specifications (MM)
  ==========================================

     Force Field:  non-polarizable

     Number of MM atoms:                   2
     Number of MM molecules:               1

    ====================================================================
                        MM Geometry (Å) and Parameters
    ====================================================================
    Atom    Mol             X          Y          Z            Charge
    ====================================================================
      H       1        -4.603752   8.419514   4.379694        1.000000
      H       1        -4.942837   9.254107   4.813832       -1.000000
    ====================================================================


  :: RHF wavefunction
  ======================

  This is a QM/MM calculation

     Electrostatic Embedding:

     Each atom of the MM portion is endowed with a charge which value 
     is a fixed external parameter.

     The QM/MM electrostatic interaction energy is defined as:

        E^ele_QM/MM = sum_i q_i * V_i(P)

     where V_i(P) is the electrostatic potential due to the QM density 
     calculated at the position of the i-th charge q_i.

     For further details, see:
     Senn & Thiel, Angew. Chem. Int. Ed., 2009, 48, 1198−1229


  - Cholesky decomposition of AO overlap to get linearly independent orbitals:

  - Orbital details:

     Number of occupied orbitals:        11
     Number of virtual orbitals:         76
     Number of molecular orbitals:       87
     Number of atomic orbitals:          87


  :: Hartree-Fock engine
  =========================

  Drives the calculation of the Hartree-Fock state.

  This is a RHF ground state calculation.
  The following tasks will be performed:

     1) Generate initial SAD density
     2) Calculation of reference state (SCF-DIIS algorithm)


  1) Generate initial SAD density


  2) Calculation of reference state (SCF-DIIS algorithm)

   - Self-consistent field DIIS Hartree-Fock solver
  ----------------------------------------------------

  A DIIS-accelerated Roothan-Hall self-consistent field solver. A least-square 
  DIIS fit is performed on the previous Fock matrices and associated gradients. 
  Following the Roothan-Hall update of the density, the DIIS-fitted Fock 
  matrix is used to get the next orbital coefficients.

  - Hartree-Fock solver settings:

     DIIS dimension:                         8
     Cumulative Fock threshold:       0.10E+01

     Energy threshold:              0.1000E-05
     Gradient threshold:            0.1000E-05

     Coulomb screening threshold:   0.1000E-11
     Exchange screening threshold:  0.1000E-09
     Fock precision:                0.1000E-23
     Integral cutoff:               0.1000E-11

  - Setting initial AO density to SAD

     Energy of initial guess:              -133.164522675534
     Number of electrons in guess:           22.000000000000

  Iteration       Energy (a.u.)      Max(grad.)    Delta E (a.u.)
  ---------------------------------------------------------------
     1          -132.431215280648     0.6865E-01     0.1324E+03
     2          -132.465390579019     0.6604E-01     0.3418E-01
     3          -132.488339100476     0.1050E-01     0.2295E-01
     4          -132.489903096463     0.1672E-02     0.1564E-02
     5          -132.489958163433     0.1095E-02     0.5507E-04
     6          -132.489965064986     0.2348E-03     0.6902E-05
     7          -132.489965500776     0.2893E-04     0.4358E-06
     8          -132.489965509740     0.2323E-05     0.8964E-08
     9          -132.489965509972     0.7153E-06     0.2318E-09
  ---------------------------------------------------------------
  Convergence criterion met in 9 iterations!

  - Summary of RHF wavefunction energetics (a.u.):

     HOMO-LUMO gap:                  0.494748754815
     Nuclear repulsion energy:      58.032703377478
     Electronic energy:           -190.522668887450
     Total energy:                -132.489965509972

  - Summary of QM/MM energetics:
                                         a.u.             eV     kcal/mol
     QM/MM SCF Contribution:        -0.094297391929
     QM/MM Electrostatic Energy:     0.000340952253     0.00928     0.214

  - Molecular orbital energies

  -----------------------------------------------------------------------------------
   1 -15.578010451342  23   0.188791154240  45   1.108512716316  67   2.781405500151
   2 -11.292077021228  24   0.189211647471  46   1.108586948001  68   2.781754561819
   3 -11.285478275834  25   0.275200205751  47   1.246447154269  69   2.854294934424
   4  -1.229452870449  26   0.276428120271  48   1.246556130369  70   2.854495872069
   5  -1.047132220951  27   0.313619082632  49   1.359681925945  71   2.920263958097
   6  -0.703416641120  28   0.320040842753  50   1.491173004434  72   3.154117363617
   7  -0.636630344347  29   0.320441866897  51   1.491180740060  73   3.154148302317
   8  -0.636425931481  30   0.324868985107  52   1.647993571968  74   3.219909025205
   9  -0.561606044080  31   0.356532848830  53   1.666119496926  75   3.260436200749
  10  -0.468329851276  32   0.413344979780  54   1.721687620679  76   3.260460076253
  11  -0.468276825559  33   0.576117520854  55   1.721962241425  77   3.392501061729
  12   0.026471929256  34   0.576411893683  56   1.789183476667  78   3.557711387564
  13   0.058207041576  35   0.600363779234  57   1.789235632369  79   4.176690071679
  14   0.061283601173  36   0.733268092119  58   2.002926242936  80   4.176943502985
  15   0.080915042721  37   0.733387989885  59   2.121990248543  81   4.278343985364
  16   0.128739509501  38   0.806692122016  60   2.121998418064  82   4.470618948841
  17   0.133228019234  39   0.807269697519  61   2.266531229572  83   4.470658378696
  18   0.133759110932  40   0.848081658529  62   2.393968210423  84   5.055289925193
  19   0.139123296094  41   0.879078485799  63   2.394003671635  85  25.030263796631
  20   0.140067957863  42   0.932533366870  64   2.483515395329  86  25.461616906694
  21   0.171522556422  43   1.015083822874  65   2.483533997423  87  37.268472173589
  22   0.186077762406  44   1.092357022576  66   2.731036733022
  -----------------------------------------------------------------------------------

  - Timings for the RHF ground state calculation

     Total wall time (sec):             37.39700
     Total cpu time (sec):            1276.37407

  eT terminated successfully!
