
  Preparation of molecular system (Libint)
  wall time (sec):                 0.00
  cpu time (sec):                  0.00
  cpu/wall ratio:                  0.73

  Preparation of molecular system (total)
  wall time (sec):                 0.11
  cpu time (sec):                  1.51
  cpu/wall ratio:                 13.58

  Cholesky decomposition of AO overlap
  wall time (sec):                 0.13
  cpu time (sec):                  7.28
  cpu/wall ratio:                 54.31


  :: Hartree-Fock engine
  =========================


  1) Generate initial SAD density

  SAD generation time
  wall time (sec):                 0.32
  cpu time (sec):                 14.24
  cpu/wall ratio:                 44.08


  2) Calculation of reference state (SCF-DIIS algorithm)

  AO Fock construction
  wall time (sec):                 0.00
  cpu time (sec):                  0.13
  cpu/wall ratio:                 44.21

  AO Fock construction
  wall time (sec):                 0.02
  cpu time (sec):                  1.04
  cpu/wall ratio:                 52.16

  AO Fock construction
  wall time (sec):                 0.01
  cpu time (sec):                  0.33
  cpu/wall ratio:                 47.80

  SCF DIIS iteration time
  wall time (sec):                 0.02
  cpu time (sec):                  0.90
  cpu/wall ratio:                 52.88

  AO Fock construction
  wall time (sec):                 0.00
  cpu time (sec):                  0.11
  cpu/wall ratio:                 55.90

  SCF DIIS iteration time
  wall time (sec):                 0.01
  cpu time (sec):                  0.29
  cpu/wall ratio:                 47.52

  AO Fock construction
  wall time (sec):                 0.00
  cpu time (sec):                  0.11
  cpu/wall ratio:                 55.81

  SCF DIIS iteration time
  wall time (sec):                 0.01
  cpu time (sec):                  0.34
  cpu/wall ratio:                 48.01

  AO Fock construction
  wall time (sec):                 0.00
  cpu time (sec):                  0.11
  cpu/wall ratio:                 55.92

  SCF DIIS iteration time
  wall time (sec):                 0.01
  cpu time (sec):                  0.45
  cpu/wall ratio:                 50.00

  AO Fock construction
  wall time (sec):                 0.00
  cpu time (sec):                  0.11
  cpu/wall ratio:                 55.54

  SCF DIIS iteration time
  wall time (sec):                 0.02
  cpu time (sec):                  1.11
  cpu/wall ratio:                 52.78

  AO Fock construction
  wall time (sec):                 0.00
  cpu time (sec):                  0.11
  cpu/wall ratio:                 55.74

  SCF DIIS iteration time
  wall time (sec):                 0.01
  cpu time (sec):                  0.34
  cpu/wall ratio:                 48.30

  AO Fock construction
  wall time (sec):                 0.00
  cpu time (sec):                  0.11
  cpu/wall ratio:                 55.79

  SCF DIIS iteration time
  wall time (sec):                 0.01
  cpu time (sec):                  0.29
  cpu/wall ratio:                 47.52

  SCF DIIS iteration time
  wall time (sec):                 0.00
  cpu time (sec):                  0.11
  cpu/wall ratio:                 55.06

  SCF DIIS solver time
  wall time (sec):                 0.10
  cpu time (sec):                  5.36
  cpu/wall ratio:                 51.04

  Hartree-Fock engine
  wall time (sec):                 0.43
  cpu time (sec):                 19.60
  cpu/wall ratio:                 45.69


  :: Total time
  ================

  Total time in eT
  wall time (sec):                 0.83
  cpu time (sec):                 36.18
  cpu/wall ratio:                 43.70
