
  Preparation of molecular system (Libint)
  wall time (sec):                 0.00
  cpu time (sec):                  0.00
  cpu/wall ratio:                  1.17

  Preparation of molecular system (total)
  wall time (sec):                 0.10
  cpu time (sec):                  0.72
  cpu/wall ratio:                  7.50

  Cholesky decomposition of AO overlap
  wall time (sec):                 0.00
  cpu time (sec):                  0.21
  cpu/wall ratio:                 53.35


  :: Hartree-Fock engine
  =========================


  1) Generate initial SAD density

  SAD generation time
  wall time (sec):                 0.30
  cpu time (sec):                 13.91
  cpu/wall ratio:                 46.99


  2) Calculation of reference state (SCF-DIIS algorithm)

  AO Fock construction
  wall time (sec):                 0.00
  cpu time (sec):                  0.17
  cpu/wall ratio:                 55.40

  AO Fock construction
  wall time (sec):                 0.06
  cpu time (sec):                  3.26
  cpu/wall ratio:                 53.47

  AO Fock construction
  wall time (sec):                 0.03
  cpu time (sec):                  1.77
  cpu/wall ratio:                 53.68

  SCF DIIS iteration time
  wall time (sec):                 0.05
  cpu time (sec):                  2.43
  cpu/wall ratio:                 54.04

  AO Fock construction
  wall time (sec):                 0.00
  cpu time (sec):                  0.11
  cpu/wall ratio:                 55.80

  SCF DIIS iteration time
  wall time (sec):                 0.01
  cpu time (sec):                  0.34
  cpu/wall ratio:                 48.56

  AO Fock construction
  wall time (sec):                 0.00
  cpu time (sec):                  0.11
  cpu/wall ratio:                 55.83

  SCF DIIS iteration time
  wall time (sec):                 0.01
  cpu time (sec):                  0.66
  cpu/wall ratio:                 51.10

  AO Fock construction
  wall time (sec):                 0.00
  cpu time (sec):                  0.11
  cpu/wall ratio:                 55.78

  SCF DIIS iteration time
  wall time (sec):                 0.01
  cpu time (sec):                  0.45
  cpu/wall ratio:                 49.76

  AO Fock construction
  wall time (sec):                 0.00
  cpu time (sec):                  0.11
  cpu/wall ratio:                 55.81

  SCF DIIS iteration time
  wall time (sec):                 0.01
  cpu time (sec):                  0.50
  cpu/wall ratio:                 50.35

  AO Fock construction
  wall time (sec):                 0.00
  cpu time (sec):                  0.11
  cpu/wall ratio:                 55.71

  SCF DIIS iteration time
  wall time (sec):                 0.01
  cpu time (sec):                  0.34
  cpu/wall ratio:                 49.13

  AO Fock construction
  wall time (sec):                 0.00
  cpu time (sec):                  0.11
  cpu/wall ratio:                 55.78

  SCF DIIS iteration time
  wall time (sec):                 0.01
  cpu time (sec):                  0.45
  cpu/wall ratio:                 49.96

  SCF DIIS iteration time
  wall time (sec):                 0.00
  cpu time (sec):                  0.06
  cpu/wall ratio:                 55.26

  SCF DIIS solver time
  wall time (sec):                 0.17
  cpu time (sec):                  8.99
  cpu/wall ratio:                 52.25

  Hartree-Fock engine
  wall time (sec):                 0.47
  cpu time (sec):                 22.90
  cpu/wall ratio:                 48.92


  :: Total time
  ================

  Total time in eT
  wall time (sec):                 0.59
  cpu time (sec):                 24.99
  cpu/wall ratio:                 42.06
