
  Preparation of molecular system (Libint)
  wall time (sec):                 0.00
  cpu time (sec):                  0.00
  cpu/wall ratio:                  0.76

  Preparation of molecular system (total)
  wall time (sec):                 0.10
  cpu time (sec):                  1.10
  cpu/wall ratio:                 10.58

  Cholesky decomposition of AO overlap
  wall time (sec):                 0.02
  cpu time (sec):                  1.04
  cpu/wall ratio:                 54.95


  :: Hartree-Fock engine
  =========================


  1) Generate initial SAD density

  SAD generation time
  wall time (sec):                 0.40
  cpu time (sec):                 17.28
  cpu/wall ratio:                 43.08


  2) Calculation of reference state (SCF-DIIS algorithm)

  AO Fock construction
  wall time (sec):                 0.00
  cpu time (sec):                  0.11
  cpu/wall ratio:                 55.76

  AO Fock construction
  wall time (sec):                 0.11
  cpu time (sec):                  6.10
  cpu/wall ratio:                 54.44

  AO Fock construction
  wall time (sec):                 0.05
  cpu time (sec):                  2.86
  cpu/wall ratio:                 54.00

  SCF DIIS iteration time
  wall time (sec):                 0.07
  cpu time (sec):                  3.75
  cpu/wall ratio:                 54.34

  AO Fock construction
  wall time (sec):                 0.00
  cpu time (sec):                  0.16
  cpu/wall ratio:                 54.95

  SCF DIIS iteration time
  wall time (sec):                 0.02
  cpu time (sec):                  1.15
  cpu/wall ratio:                 52.29

  AO Fock construction
  wall time (sec):                 0.07
  cpu time (sec):                  3.67
  cpu/wall ratio:                 54.77

  SCF DIIS iteration time
  wall time (sec):                 0.10
  cpu time (sec):                  5.27
  cpu/wall ratio:                 54.29

  AO Fock construction
  wall time (sec):                 0.00
  cpu time (sec):                  0.11
  cpu/wall ratio:                 55.79

  SCF DIIS iteration time
  wall time (sec):                 0.01
  cpu time (sec):                  0.45
  cpu/wall ratio:                 49.50

  AO Fock construction
  wall time (sec):                 0.00
  cpu time (sec):                  0.11
  cpu/wall ratio:                 55.82

  SCF DIIS iteration time
  wall time (sec):                 0.01
  cpu time (sec):                  0.56
  cpu/wall ratio:                 50.93

  AO Fock construction
  wall time (sec):                 0.00
  cpu time (sec):                  0.11
  cpu/wall ratio:                 55.90

  SCF DIIS iteration time
  wall time (sec):                 0.01
  cpu time (sec):                  0.45
  cpu/wall ratio:                 49.64

  AO Fock construction
  wall time (sec):                 0.00
  cpu time (sec):                  0.11
  cpu/wall ratio:                 55.80

  SCF DIIS iteration time
  wall time (sec):                 0.01
  cpu time (sec):                  0.29
  cpu/wall ratio:                 47.52

  SCF DIIS iteration time
  wall time (sec):                 0.00
  cpu time (sec):                  0.11
  cpu/wall ratio:                 55.09

  SCF DIIS solver time
  wall time (sec):                 0.35
  cpu time (sec):                 19.05
  cpu/wall ratio:                 53.67

  Hartree-Fock engine
  wall time (sec):                 0.76
  cpu time (sec):                 36.33
  cpu/wall ratio:                 47.99


  :: Total time
  ================

  Total time in eT
  wall time (sec):                 0.92
  cpu time (sec):                 40.70
  cpu/wall ratio:                 44.09
