
  Preparation of molecular system (Libint)
  wall time (sec):                 0.00
  cpu time (sec):                  0.00
  cpu/wall ratio:                  1.40

  Preparation of molecular system (total)
  wall time (sec):                 0.11
  cpu time (sec):                  1.44
  cpu/wall ratio:                 12.66

  Cholesky decomposition of AO overlap
  wall time (sec):                 0.06
  cpu time (sec):                  3.18
  cpu/wall ratio:                 54.83


  :: Hartree-Fock engine
  =========================


  1) Generate initial SAD density

  SAD generation time
  wall time (sec):                 0.34
  cpu time (sec):                 14.13
  cpu/wall ratio:                 41.07


  2) Calculation of reference state (SCF-DIIS algorithm)

  AO Fock construction
  wall time (sec):                 0.00
  cpu time (sec):                  0.17
  cpu/wall ratio:                 55.41

  AO Fock construction
  wall time (sec):                 0.01
  cpu time (sec):                  0.44
  cpu/wall ratio:                 49.25

  AO Fock construction
  wall time (sec):                 0.05
  cpu time (sec):                  2.49
  cpu/wall ratio:                 54.05

  SCF DIIS iteration time
  wall time (sec):                 0.06
  cpu time (sec):                  3.20
  cpu/wall ratio:                 54.27

  AO Fock construction
  wall time (sec):                 0.00
  cpu time (sec):                  0.11
  cpu/wall ratio:                 55.02

  SCF DIIS iteration time
  wall time (sec):                 0.02
  cpu time (sec):                  1.11
  cpu/wall ratio:                 52.85

  AO Fock construction
  wall time (sec):                 0.00
  cpu time (sec):                  0.11
  cpu/wall ratio:                 55.80

  SCF DIIS iteration time
  wall time (sec):                 0.02
  cpu time (sec):                  0.78
  cpu/wall ratio:                 51.87

  AO Fock construction
  wall time (sec):                 0.00
  cpu time (sec):                  0.11
  cpu/wall ratio:                 54.19

  SCF DIIS iteration time
  wall time (sec):                 0.01
  cpu time (sec):                  0.67
  cpu/wall ratio:                 51.40

  AO Fock construction
  wall time (sec):                 0.00
  cpu time (sec):                  0.11
  cpu/wall ratio:                 55.76

  SCF DIIS iteration time
  wall time (sec):                 0.02
  cpu time (sec):                  1.05
  cpu/wall ratio:                 52.60

  AO Fock construction
  wall time (sec):                 0.00
  cpu time (sec):                  0.11
  cpu/wall ratio:                 55.80

  SCF DIIS iteration time
  wall time (sec):                 0.01
  cpu time (sec):                  0.39
  cpu/wall ratio:                 49.17

  AO Fock construction
  wall time (sec):                 0.00
  cpu time (sec):                  0.11
  cpu/wall ratio:                 55.93

  SCF DIIS iteration time
  wall time (sec):                 0.01
  cpu time (sec):                  0.72
  cpu/wall ratio:                 55.36

  SCF DIIS iteration time
  wall time (sec):                 0.00
  cpu time (sec):                  0.06
  cpu/wall ratio:                 55.48

  SCF DIIS solver time
  wall time (sec):                 0.17
  cpu time (sec):                  8.88
  cpu/wall ratio:                 52.25

  Hartree-Fock engine
  wall time (sec):                 0.51
  cpu time (sec):                 23.01
  cpu/wall ratio:                 44.77


  :: Total time
  ================

  Total time in eT
  wall time (sec):                 0.72
  cpu time (sec):                 29.61
  cpu/wall ratio:                 40.89
