
  Preparation of molecular system (Libint)
  wall time (sec):                 0.00
  cpu time (sec):                  0.00
  cpu/wall ratio:                  1.34

  Preparation of molecular system (total)
  wall time (sec):                 0.11
  cpu time (sec):                  1.52
  cpu/wall ratio:                 13.68

  Cholesky decomposition of AO overlap
  wall time (sec):                 0.00
  cpu time (sec):                  0.17
  cpu/wall ratio:                 55.63


  :: Hartree-Fock engine
  =========================


  1) Generate initial SAD density

  SAD generation time
  wall time (sec):                 0.37
  cpu time (sec):                 15.73
  cpu/wall ratio:                 42.97


  2) Calculation of reference state (SCF-DIIS algorithm)

  AO Fock construction
  wall time (sec):                 0.06
  cpu time (sec):                  3.13
  cpu/wall ratio:                 54.86

  AO Fock construction
  wall time (sec):                 0.01
  cpu time (sec):                  0.33
  cpu/wall ratio:                 47.81

  AO Fock construction
  wall time (sec):                 0.01
  cpu time (sec):                  0.55
  cpu/wall ratio:                 50.25

  SCF DIIS iteration time
  wall time (sec):                 0.02
  cpu time (sec):                  1.28
  cpu/wall ratio:                 53.20

  AO Fock construction
  wall time (sec):                 0.00
  cpu time (sec):                  0.11
  cpu/wall ratio:                 55.79

  SCF DIIS iteration time
  wall time (sec):                 0.01
  cpu time (sec):                  0.62
  cpu/wall ratio:                 51.41

  AO Fock construction
  wall time (sec):                 0.00
  cpu time (sec):                  0.11
  cpu/wall ratio:                 55.74

  SCF DIIS iteration time
  wall time (sec):                 0.02
  cpu time (sec):                  1.04
  cpu/wall ratio:                 52.11

  AO Fock construction
  wall time (sec):                 0.00
  cpu time (sec):                  0.11
  cpu/wall ratio:                 55.84

  SCF DIIS iteration time
  wall time (sec):                 0.01
  cpu time (sec):                  0.45
  cpu/wall ratio:                 49.80

  AO Fock construction
  wall time (sec):                 0.00
  cpu time (sec):                  0.11
  cpu/wall ratio:                 55.76

  SCF DIIS iteration time
  wall time (sec):                 0.01
  cpu time (sec):                  0.56
  cpu/wall ratio:                 50.87

  AO Fock construction
  wall time (sec):                 0.00
  cpu time (sec):                  0.11
  cpu/wall ratio:                 55.82

  SCF DIIS iteration time
  wall time (sec):                 0.01
  cpu time (sec):                  0.34
  cpu/wall ratio:                 48.65

  AO Fock construction
  wall time (sec):                 0.00
  cpu time (sec):                  0.11
  cpu/wall ratio:                 55.76

  SCF DIIS iteration time
  wall time (sec):                 0.01
  cpu time (sec):                  0.56
  cpu/wall ratio:                 50.93

  SCF DIIS iteration time
  wall time (sec):                 0.00
  cpu time (sec):                  0.06
  cpu/wall ratio:                 55.33

  SCF DIIS solver time
  wall time (sec):                 0.18
  cpu time (sec):                  9.39
  cpu/wall ratio:                 52.46

  Hartree-Fock engine
  wall time (sec):                 0.55
  cpu time (sec):                 25.12
  cpu/wall ratio:                 46.09


  :: Total time
  ================

  Total time in eT
  wall time (sec):                 0.70
  cpu time (sec):                 28.38
  cpu/wall ratio:                 40.32
