
  Preparation of molecular system (Libint)
  wall time (sec):                 0.00
  cpu time (sec):                  0.00
  cpu/wall ratio:                  0.68

  Preparation of molecular system (total)
  wall time (sec):                 0.11
  cpu time (sec):                  1.49
  cpu/wall ratio:                 13.58

  Cholesky decomposition of AO overlap
  wall time (sec):                 0.06
  cpu time (sec):                  3.29
  cpu/wall ratio:                 54.83


  :: Hartree-Fock engine
  =========================


  1) Generate initial SAD density

  SAD generation time
  wall time (sec):                 0.31
  cpu time (sec):                 13.53
  cpu/wall ratio:                 44.37


  2) Calculation of reference state (SCF-DIIS algorithm)

  AO Fock construction
  wall time (sec):                 0.00
  cpu time (sec):                  0.16
  cpu/wall ratio:                 54.96

  AO Fock construction
  wall time (sec):                 0.01
  cpu time (sec):                  0.33
  cpu/wall ratio:                 46.82

  AO Fock construction
  wall time (sec):                 0.01
  cpu time (sec):                  0.39
  cpu/wall ratio:                 48.15

  SCF DIIS iteration time
  wall time (sec):                 0.02
  cpu time (sec):                  1.06
  cpu/wall ratio:                 53.01

  AO Fock construction
  wall time (sec):                 0.00
  cpu time (sec):                  0.11
  cpu/wall ratio:                 55.82

  SCF DIIS iteration time
  wall time (sec):                 0.01
  cpu time (sec):                  0.61
  cpu/wall ratio:                 50.96

  AO Fock construction
  wall time (sec):                 0.00
  cpu time (sec):                  0.11
  cpu/wall ratio:                 55.82

  SCF DIIS iteration time
  wall time (sec):                 0.01
  cpu time (sec):                  0.61
  cpu/wall ratio:                 51.14

  AO Fock construction
  wall time (sec):                 0.00
  cpu time (sec):                  0.11
  cpu/wall ratio:                 55.85

  SCF DIIS iteration time
  wall time (sec):                 0.01
  cpu time (sec):                  0.56
  cpu/wall ratio:                 50.50

  AO Fock construction
  wall time (sec):                 0.00
  cpu time (sec):                  0.11
  cpu/wall ratio:                 55.68

  SCF DIIS iteration time
  wall time (sec):                 0.01
  cpu time (sec):                  0.29
  cpu/wall ratio:                 47.53

  AO Fock construction
  wall time (sec):                 0.04
  cpu time (sec):                  1.92
  cpu/wall ratio:                 54.83

  SCF DIIS iteration time
  wall time (sec):                 0.06
  cpu time (sec):                  3.41
  cpu/wall ratio:                 54.12

  AO Fock construction
  wall time (sec):                 0.02
  cpu time (sec):                  0.88
  cpu/wall ratio:                 54.95

  SCF DIIS iteration time
  wall time (sec):                 0.05
  cpu time (sec):                  2.48
  cpu/wall ratio:                 53.91

  SCF DIIS iteration time
  wall time (sec):                 0.00
  cpu time (sec):                  0.00

  SCF DIIS solver time
  wall time (sec):                 0.19
  cpu time (sec):                  9.83
  cpu/wall ratio:                 52.58

  Hartree-Fock engine
  wall time (sec):                 0.49
  cpu time (sec):                 23.37
  cpu/wall ratio:                 47.49


  :: Total time
  ================

  Total time in eT
  wall time (sec):                 0.70
  cpu time (sec):                 30.29
  cpu/wall ratio:                 43.14
