
  Preparation of molecular system (Libint)
  wall time (sec):                 0.00
  cpu time (sec):                  0.00
  cpu/wall ratio:                  1.17

  Preparation of molecular system (total)
  wall time (sec):                 0.11
  cpu time (sec):                  1.53
  cpu/wall ratio:                 14.18

  Cholesky decomposition of AO overlap
  wall time (sec):                 0.00
  cpu time (sec):                  0.17
  cpu/wall ratio:                 55.71


  :: Hartree-Fock engine
  =========================


  1) Generate initial SAD density

  SAD generation time
  wall time (sec):                 0.40
  cpu time (sec):                 17.65
  cpu/wall ratio:                 43.79


  2) Calculation of reference state (SCF-DIIS algorithm)

  AO Fock construction
  wall time (sec):                 0.02
  cpu time (sec):                  0.89
  cpu/wall ratio:                 46.99

  AO Fock construction
  wall time (sec):                 0.05
  cpu time (sec):                  2.38
  cpu/wall ratio:                 50.70

  AO Fock construction
  wall time (sec):                 0.04
  cpu time (sec):                  2.16
  cpu/wall ratio:                 49.19

  SCF DIIS iteration time
  wall time (sec):                 0.13
  cpu time (sec):                  5.88
  cpu/wall ratio:                 44.54

  AO Fock construction
  wall time (sec):                 0.06
  cpu time (sec):                  3.17
  cpu/wall ratio:                 51.19

  SCF DIIS iteration time
  wall time (sec):                 0.38
  cpu time (sec):                 19.21
  cpu/wall ratio:                 51.22

  AO Fock construction
  wall time (sec):                 0.07
  cpu time (sec):                  3.42
  cpu/wall ratio:                 51.11

  SCF DIIS iteration time
  wall time (sec):                 0.20
  cpu time (sec):                  9.34
  cpu/wall ratio:                 47.65

  AO Fock construction
  wall time (sec):                 0.14
  cpu time (sec):                  7.52
  cpu/wall ratio:                 52.99

  SCF DIIS iteration time
  wall time (sec):                 0.26
  cpu time (sec):                 13.13
  cpu/wall ratio:                 50.32

  AO Fock construction
  wall time (sec):                 0.09
  cpu time (sec):                  4.53
  cpu/wall ratio:                 52.72

  SCF DIIS iteration time
  wall time (sec):                 0.21
  cpu time (sec):                 10.12
  cpu/wall ratio:                 49.36

  AO Fock construction
  wall time (sec):                 0.10
  cpu time (sec):                  5.02
  cpu/wall ratio:                 52.86

  SCF DIIS iteration time
  wall time (sec):                 0.40
  cpu time (sec):                 20.81
  cpu/wall ratio:                 52.02

  AO Fock construction
  wall time (sec):                 0.04
  cpu time (sec):                  1.88
  cpu/wall ratio:                 49.53

  SCF DIIS iteration time
  wall time (sec):                 0.14
  cpu time (sec):                  6.55
  cpu/wall ratio:                 47.43

  AO Fock construction
  wall time (sec):                 0.05
  cpu time (sec):                  2.39
  cpu/wall ratio:                 50.84

  SCF DIIS iteration time
  wall time (sec):                 0.21
  cpu time (sec):                 10.22
  cpu/wall ratio:                 49.62

  SCF DIIS iteration time
  wall time (sec):                 0.00
  cpu time (sec):                  0.06
  cpu/wall ratio:                 55.45

  SCF DIIS solver time
  wall time (sec):                 2.15
  cpu time (sec):                105.72
  cpu/wall ratio:                 49.28

  Hartree-Fock engine
  wall time (sec):                 2.55
  cpu time (sec):                123.42
  cpu/wall ratio:                 48.42


  :: Total time
  ================

  Total time in eT
  wall time (sec):                 2.70
  cpu time (sec):                126.91
  cpu/wall ratio:                 47.09
