
  Preparation of molecular system (Libint)
  wall time (sec):                 0.00
  cpu time (sec):                  0.00
  cpu/wall ratio:                  1.21

  Preparation of molecular system (total)
  wall time (sec):                 0.09
  cpu time (sec):                  0.57
  cpu/wall ratio:                  6.16

  Cholesky decomposition of AO overlap
  wall time (sec):                 0.00
  cpu time (sec):                  0.20
  cpu/wall ratio:                 50.29


  :: Hartree-Fock engine
  =========================


  1) Generate initial SAD density

  SAD generation time
  wall time (sec):                 0.40
  cpu time (sec):                 16.80
  cpu/wall ratio:                 41.59


  2) Calculation of reference state (SCF-DIIS algorithm)

  AO Fock construction
  wall time (sec):                 0.04
  cpu time (sec):                  1.81
  cpu/wall ratio:                 51.74

  AO Fock construction
  wall time (sec):                 0.09
  cpu time (sec):                  4.63
  cpu/wall ratio:                 52.57

  AO Fock construction
  wall time (sec):                 0.04
  cpu time (sec):                  2.12
  cpu/wall ratio:                 50.42

  SCF DIIS iteration time
  wall time (sec):                 0.12
  cpu time (sec):                  5.24
  cpu/wall ratio:                 44.77

  AO Fock construction
  wall time (sec):                 0.05
  cpu time (sec):                  2.70
  cpu/wall ratio:                 51.01

  SCF DIIS iteration time
  wall time (sec):                 0.32
  cpu time (sec):                 16.35
  cpu/wall ratio:                 50.63

  AO Fock construction
  wall time (sec):                 0.08
  cpu time (sec):                  4.07
  cpu/wall ratio:                 52.21

  SCF DIIS iteration time
  wall time (sec):                 0.36
  cpu time (sec):                 18.52
  cpu/wall ratio:                 51.17

  AO Fock construction
  wall time (sec):                 0.10
  cpu time (sec):                  5.39
  cpu/wall ratio:                 52.87

  SCF DIIS iteration time
  wall time (sec):                 0.27
  cpu time (sec):                 13.58
  cpu/wall ratio:                 50.85

  AO Fock construction
  wall time (sec):                 0.12
  cpu time (sec):                  6.66
  cpu/wall ratio:                 53.31

  SCF DIIS iteration time
  wall time (sec):                 0.23
  cpu time (sec):                 11.33
  cpu/wall ratio:                 50.36

  AO Fock construction
  wall time (sec):                 0.07
  cpu time (sec):                  3.70
  cpu/wall ratio:                 52.04

  SCF DIIS iteration time
  wall time (sec):                 0.28
  cpu time (sec):                 14.24
  cpu/wall ratio:                 51.02

  AO Fock construction
  wall time (sec):                 0.09
  cpu time (sec):                  4.92
  cpu/wall ratio:                 52.90

  SCF DIIS iteration time
  wall time (sec):                 0.34
  cpu time (sec):                 17.65
  cpu/wall ratio:                 51.91

  AO Fock construction
  wall time (sec):                 0.13
  cpu time (sec):                  6.71
  cpu/wall ratio:                 53.24

  SCF DIIS iteration time
  wall time (sec):                 0.37
  cpu time (sec):                 19.35
  cpu/wall ratio:                 52.01

  SCF DIIS iteration time
  wall time (sec):                 0.00
  cpu time (sec):                  0.06
  cpu/wall ratio:                 55.32

  SCF DIIS solver time
  wall time (sec):                 2.73
  cpu time (sec):                138.25
  cpu/wall ratio:                 50.70

  Hartree-Fock engine
  wall time (sec):                 3.13
  cpu time (sec):                155.05
  cpu/wall ratio:                 49.52


  :: Total time
  ================

  Total time in eT
  wall time (sec):                 3.26
  cpu time (sec):                157.21
  cpu/wall ratio:                 48.25
