
  Preparation of molecular system (Libint)
  wall time (sec):                 0.00
  cpu time (sec):                  0.00
  cpu/wall ratio:                  1.20

  Preparation of molecular system (total)
  wall time (sec):                 0.09
  cpu time (sec):                  0.29
  cpu/wall ratio:                  3.38

  Cholesky decomposition of AO overlap
  wall time (sec):                 0.00
  cpu time (sec):                  0.22
  cpu/wall ratio:                 54.98


  :: Hartree-Fock engine
  =========================


  1) Generate initial SAD density

  SAD generation time
  wall time (sec):                 0.44
  cpu time (sec):                 20.30
  cpu/wall ratio:                 46.04


  2) Calculation of reference state (SCF-DIIS algorithm)

  AO Fock construction
  wall time (sec):                 0.02
  cpu time (sec):                  0.93
  cpu/wall ratio:                 46.65

  AO Fock construction
  wall time (sec):                 0.04
  cpu time (sec):                  1.88
  cpu/wall ratio:                 49.43

  AO Fock construction
  wall time (sec):                 0.10
  cpu time (sec):                  5.35
  cpu/wall ratio:                 51.93

  SCF DIIS iteration time
  wall time (sec):                 0.25
  cpu time (sec):                 12.03
  cpu/wall ratio:                 48.51

  AO Fock construction
  wall time (sec):                 0.06
  cpu time (sec):                  3.25
  cpu/wall ratio:                 50.84

  SCF DIIS iteration time
  wall time (sec):                 0.41
  cpu time (sec):                 20.78
  cpu/wall ratio:                 51.31

  AO Fock construction
  wall time (sec):                 0.17
  cpu time (sec):                  8.90
  cpu/wall ratio:                 53.59

  SCF DIIS iteration time
  wall time (sec):                 0.34
  cpu time (sec):                 17.21
  cpu/wall ratio:                 50.32

  AO Fock construction
  wall time (sec):                 0.05
  cpu time (sec):                  2.80
  cpu/wall ratio:                 50.91

  SCF DIIS iteration time
  wall time (sec):                 0.11
  cpu time (sec):                  5.07
  cpu/wall ratio:                 44.12

  AO Fock construction
  wall time (sec):                 0.06
  cpu time (sec):                  3.27
  cpu/wall ratio:                 51.89

  SCF DIIS iteration time
  wall time (sec):                 0.36
  cpu time (sec):                 18.34
  cpu/wall ratio:                 51.51

  AO Fock construction
  wall time (sec):                 0.11
  cpu time (sec):                  5.66
  cpu/wall ratio:                 52.89

  SCF DIIS iteration time
  wall time (sec):                 0.20
  cpu time (sec):                 10.12
  cpu/wall ratio:                 49.62

  AO Fock construction
  wall time (sec):                 0.07
  cpu time (sec):                  3.61
  cpu/wall ratio:                 52.37

  SCF DIIS iteration time
  wall time (sec):                 0.23
  cpu time (sec):                 11.41
  cpu/wall ratio:                 50.50

  AO Fock construction
  wall time (sec):                 0.06
  cpu time (sec):                  2.89
  cpu/wall ratio:                 51.63

  SCF DIIS iteration time
  wall time (sec):                 0.26
  cpu time (sec):                 13.43
  cpu/wall ratio:                 51.25

  SCF DIIS iteration time
  wall time (sec):                 0.00
  cpu time (sec):                  0.06
  cpu/wall ratio:                 55.67

  SCF DIIS solver time
  wall time (sec):                 2.39
  cpu time (sec):                118.74
  cpu/wall ratio:                 49.68

  Hartree-Fock engine
  wall time (sec):                 2.83
  cpu time (sec):                139.04
  cpu/wall ratio:                 49.10


  :: Total time
  ================

  Total time in eT
  wall time (sec):                 2.94
  cpu time (sec):                140.39
  cpu/wall ratio:                 47.75
