
  Preparation of molecular system (Libint)
  wall time (sec):                 0.00
  cpu time (sec):                  0.00
  cpu/wall ratio:                  0.82

  Preparation of molecular system (total)
  wall time (sec):                 0.09
  cpu time (sec):                  0.71
  cpu/wall ratio:                  7.42

  Cholesky decomposition of AO overlap
  wall time (sec):                 0.00
  cpu time (sec):                  0.21
  cpu/wall ratio:                 51.63


  :: Hartree-Fock engine
  =========================


  1) Generate initial SAD density

  SAD generation time
  wall time (sec):                 0.43
  cpu time (sec):                 18.62
  cpu/wall ratio:                 43.40


  2) Calculation of reference state (SCF-DIIS algorithm)

  AO Fock construction
  wall time (sec):                 0.08
  cpu time (sec):                  4.13
  cpu/wall ratio:                 52.34

  AO Fock construction
  wall time (sec):                 0.07
  cpu time (sec):                  3.73
  cpu/wall ratio:                 52.54

  AO Fock construction
  wall time (sec):                 0.04
  cpu time (sec):                  1.92
  cpu/wall ratio:                 49.20

  SCF DIIS iteration time
  wall time (sec):                 0.13
  cpu time (sec):                  5.89
  cpu/wall ratio:                 43.96

  AO Fock construction
  wall time (sec):                 0.04
  cpu time (sec):                  1.76
  cpu/wall ratio:                 48.89

  SCF DIIS iteration time
  wall time (sec):                 0.14
  cpu time (sec):                  6.34
  cpu/wall ratio:                 44.61

  AO Fock construction
  wall time (sec):                 0.06
  cpu time (sec):                  2.96
  cpu/wall ratio:                 50.96

  SCF DIIS iteration time
  wall time (sec):                 0.19
  cpu time (sec):                  9.33
  cpu/wall ratio:                 48.35

  AO Fock construction
  wall time (sec):                 0.04
  cpu time (sec):                  2.27
  cpu/wall ratio:                 50.39

  SCF DIIS iteration time
  wall time (sec):                 0.30
  cpu time (sec):                 15.00
  cpu/wall ratio:                 50.67

  AO Fock construction
  wall time (sec):                 0.16
  cpu time (sec):                  8.73
  cpu/wall ratio:                 53.56

  SCF DIIS iteration time
  wall time (sec):                 0.35
  cpu time (sec):                 17.86
  cpu/wall ratio:                 51.63

  AO Fock construction
  wall time (sec):                 0.14
  cpu time (sec):                  7.29
  cpu/wall ratio:                 53.59

  SCF DIIS iteration time
  wall time (sec):                 0.51
  cpu time (sec):                 26.67
  cpu/wall ratio:                 52.60

  AO Fock construction
  wall time (sec):                 0.12
  cpu time (sec):                  6.40
  cpu/wall ratio:                 52.89

  SCF DIIS iteration time
  wall time (sec):                 0.32
  cpu time (sec):                 16.17
  cpu/wall ratio:                 51.18

  AO Fock construction
  wall time (sec):                 0.03
  cpu time (sec):                  1.60
  cpu/wall ratio:                 48.55

  SCF DIIS iteration time
  wall time (sec):                 0.19
  cpu time (sec):                  9.45
  cpu/wall ratio:                 49.23

  SCF DIIS iteration time
  wall time (sec):                 0.00
  cpu time (sec):                  0.06
  cpu/wall ratio:                 55.68

  SCF DIIS solver time
  wall time (sec):                 2.49
  cpu time (sec):                124.34
  cpu/wall ratio:                 49.98

  Hartree-Fock engine
  wall time (sec):                 2.92
  cpu time (sec):                142.96
  cpu/wall ratio:                 48.99


  :: Total time
  ================

  Total time in eT
  wall time (sec):                 3.03
  cpu time (sec):                144.74
  cpu/wall ratio:                 47.69
