


                     eT - an electronic structure program

  ------------------------------------------------------------------------
   Author list in alphabetical order:
  ------------------------------------------------------------------------
   J. H. Andersen, A. Balbi, S. Coriani, S. D. Folkestad, T. Giovannini, 
   L. Goletto, T. S. Haugland, A. Hutcheson, I-M. Høyvik, E. F. Kjønstad, 
   H. Koch, T. Moitra, R. H. Myhre, A. C. Paul, M. Scavino, A. Skeidsvoll, 
   Å. H. Tveten
  ------------------------------------------------------------------------


  :: Input file
  ================

     Note: geometry section is excluded from this print

     system
        name: methanol scan 3.25
        charge: 0
     end system

     do
       ground state
     end do

     memory
        available: 8
     end memory

     solver scf
        algorithm: scf-diis
     end solver scf

     molecular mechanics
        forcefield: non-polarizable
     end molecular mechanics

     method
        hf
     end method


  Running on 56 OMP thread(s)
  Memory available for calculation: 8.000000 GB


  :: Molecular system specifications (QM)
  ==========================================

     Name:             methanol scan 3.25
     Charge:           0
     Multiplicity:     1
     Coordinate units: angstrom

     Pure basis functions:         72
     Cartesian basis functions:    74
     Primitive basis functions:   108

     Nuclear repulsion energy (a.u.):             40.346784236152
     Bohr/angstrom value (CODATA 2010):            0.529177210920

     ==============================================================================
                                     Geometry (angstrom)
     ==============================================================================
        Atom           X                  Y                  Z         # in input
     ==============================================================================
        Basis: 6-311++g**
        1 C      0.997897000000     0.986064000000    -0.008014000000        1
        2 O     -0.422019000000     0.999211000000    -0.000572000000        2
        3 H      1.399338000000     0.999753000000    -1.024504000000        3
        4 H      1.399296000000     0.119782000000     0.523986000000        4
        5 H      1.322862000000     1.888586000000     0.504866000000        5
        6 H     -0.732374000000     0.211603000000    -0.448762000000        6
     ==============================================================================

     ==============================================================================
                                     Geometry (a.u.)
     ==============================================================================
        Atom           X                  Y                  Z         # in input
     ==============================================================================
        Basis: 6-311++g**
        1 C      1.885752030525     1.863390901293    -0.015144265162        1
        2 O     -0.797500329363     1.888235130653    -0.001080923343        2
        3 H      2.644365575697     1.889259362212    -1.936031973521        3
        4 H      2.644286207199     0.226355174653     0.990190033106        4
        5 H      2.499846880594     3.568910302688     0.954058469605        5
        6 H     -1.383986280752     0.399871717136    -0.848037275112        6
     ==============================================================================


  :: Molecular system specifications (MM)
  ==========================================

     Force Field:  non-polarizable

     Number of MM atoms:                   2
     Number of MM molecules:               1

    ====================================================================
                        MM Geometry (Å) and Parameters
    ====================================================================
    Atom    Mol             X          Y          Z            Charge
    ====================================================================
      H       1        -1.785388  -2.460699  -1.969441        1.000000
      H       1        -2.109392  -3.282946  -2.437342       -1.000000
    ====================================================================


  :: RHF wavefunction
  ======================

  This is a QM/MM calculation

     Electrostatic Embedding:

     Each atom of the MM portion is endowed with a charge which value 
     is a fixed external parameter.

     The QM/MM electrostatic interaction energy is defined as:

        E^ele_QM/MM = sum_i q_i * V_i(P)

     where V_i(P) is the electrostatic potential due to the QM density 
     calculated at the position of the i-th charge q_i.

     For further details, see:
     Senn & Thiel, Angew. Chem. Int. Ed., 2009, 48, 1198−1229


  - Cholesky decomposition of AO overlap to get linearly independent orbitals:

  - Orbital details:

     Number of occupied orbitals:         9
     Number of virtual orbitals:         63
     Number of molecular orbitals:       72
     Number of atomic orbitals:          72


  :: Hartree-Fock engine
  =========================

  Drives the calculation of the Hartree-Fock state.

  This is a RHF ground state calculation.
  The following tasks will be performed:

     1) Generate initial SAD density
     2) Calculation of reference state (SCF-DIIS algorithm)


  1) Generate initial SAD density


  2) Calculation of reference state (SCF-DIIS algorithm)

   - Self-consistent field DIIS Hartree-Fock solver
  ----------------------------------------------------

  A DIIS-accelerated Roothan-Hall self-consistent field solver. A least-square 
  DIIS fit is performed on the previous Fock matrices and associated gradients. 
  Following the Roothan-Hall update of the density, the DIIS-fitted Fock 
  matrix is used to get the next orbital coefficients.

  - Hartree-Fock solver settings:

     DIIS dimension:                         8
     Cumulative Fock threshold:       0.10E+01

     Energy threshold:              0.1000E-05
     Gradient threshold:            0.1000E-05

     Coulomb screening threshold:   0.1000E-11
     Exchange screening threshold:  0.1000E-09
     Fock precision:                0.1000E-23
     Integral cutoff:               0.1000E-11

  - Setting initial AO density to SAD

     Energy of initial guess:              -115.818418711160
     Number of electrons in guess:           18.000000000000

  Iteration       Energy (a.u.)      Max(grad.)    Delta E (a.u.)
  ---------------------------------------------------------------
     1          -115.553644217390     0.8434E-01     0.1156E+03
     2          -115.589985067033     0.6898E-01     0.3634E-01
     3          -115.604278056163     0.7861E-02     0.1429E-01
     4          -115.604822978483     0.6421E-03     0.5449E-03
     5          -115.604836814671     0.2011E-03     0.1384E-04
     6          -115.604837852999     0.5604E-04     0.1038E-05
     7          -115.604837934041     0.1578E-04     0.8104E-07
     8          -115.604837941015     0.3620E-05     0.6973E-08
     9          -115.604837941224     0.4659E-06     0.2095E-09
  ---------------------------------------------------------------
  Convergence criterion met in 9 iterations!

  - Summary of RHF wavefunction energetics (a.u.):

     HOMO-LUMO gap:                  0.475618525319
     Nuclear repulsion energy:      40.206348424832
     Electronic energy:           -155.811186366057
     Total energy:                -115.604837941224

  - Summary of QM/MM energetics:
                                         a.u.             eV     kcal/mol
     QM/MM SCF Contribution:        -0.384895517150
     QM/MM Electrostatic Energy:     0.003845864769     0.10465     2.413

  - Molecular orbital energies

  -----------------------------------------------------------------------------------
   1 -20.582241500576  19   0.268217586540  37   1.265502292181  55   2.770348371610
   2 -11.292061927020  20   0.279303001205  38   1.353111124805  56   2.830984561572
   3  -1.383716424231  21   0.280533983375  39   1.426932713089  57   2.834517172272
   4  -0.947983211462  22   0.291805084298  40   1.594507234447  58   2.965695649503
   5  -0.715635467056  23   0.306579622121  41   1.655803051169  59   3.183002843415
   6  -0.642067399773  24   0.333438015303  42   1.693162502972  60   3.326710549377
   7  -0.615620360537  25   0.374200890352  43   1.770206205225  61   3.443950533979
   8  -0.525300742467  26   0.458131465877  44   1.785486567798  62   3.574470289481
   9  -0.474030851846  27   0.543227641224  45   1.794540172280  63   3.661805893997
  10   0.001587673472  28   0.560178595330  46   1.940549473299  64   4.114222880330
  11   0.040342683366  29   0.679174780764  47   1.948745475012  65   4.168994447805
  12   0.060373644020  30   0.758045808246  48   2.058013829479  66   4.307543427562
  13   0.069960887857  31   0.828144006444  49   2.276298618867  67   4.421094326476
  14   0.108311931794  32   0.835057510482  50   2.318646923865  68   5.543118453163
  15   0.122586107193  33   0.856856486014  51   2.399767014178  69   5.891223246474
  16   0.147765922495  34   1.048747182917  52   2.494483060912  70   6.193155498876
  17   0.170363554171  35   1.168800450890  53   2.687181358024  71  25.052728389484
  18   0.245172005431  36   1.215328515115  54   2.739095352384  72  51.576265135412
  -----------------------------------------------------------------------------------

  - Timings for the RHF ground state calculation

     Total wall time (sec):              3.05500
     Total cpu time (sec):             150.50499

  eT terminated successfully!
