


                     eT - an electronic structure program

  ------------------------------------------------------------------------
   Author list in alphabetical order:
  ------------------------------------------------------------------------
   J. H. Andersen, A. Balbi, S. Coriani, S. D. Folkestad, T. Giovannini, 
   L. Goletto, T. S. Haugland, A. Hutcheson, I-M. Høyvik, E. F. Kjønstad, 
   H. Koch, T. Moitra, R. H. Myhre, A. C. Paul, M. Scavino, A. Skeidsvoll, 
   Å. H. Tveten
  ------------------------------------------------------------------------


  :: Input file
  ================

     Note: geometry section is excluded from this print

     system
        name: methanol scan 3.00
        charge: 0
     end system

     do
       ground state
     end do

     memory
        available: 8
     end memory

     solver scf
        algorithm: scf-diis
     end solver scf

     molecular mechanics
        forcefield: non-polarizable
     end molecular mechanics

     method
        hf
     end method


  Running on 56 OMP thread(s)
  Memory available for calculation: 8.000000 GB


  :: Molecular system specifications (QM)
  ==========================================

     Name:             methanol scan 3.00
     Charge:           0
     Multiplicity:     1
     Coordinate units: angstrom

     Pure basis functions:         72
     Cartesian basis functions:    74
     Primitive basis functions:   108

     Nuclear repulsion energy (a.u.):             40.346784236152
     Bohr/angstrom value (CODATA 2010):            0.529177210920

     ==============================================================================
                                     Geometry (angstrom)
     ==============================================================================
        Atom           X                  Y                  Z         # in input
     ==============================================================================
        Basis: 6-311++g**
        1 C      0.997897000000     0.986064000000    -0.008014000000        1
        2 O     -0.422019000000     0.999211000000    -0.000572000000        2
        3 H      1.399338000000     0.999753000000    -1.024504000000        3
        4 H      1.399296000000     0.119782000000     0.523986000000        4
        5 H      1.322862000000     1.888586000000     0.504866000000        5
        6 H     -0.732374000000     0.211603000000    -0.448762000000        6
     ==============================================================================

     ==============================================================================
                                     Geometry (a.u.)
     ==============================================================================
        Atom           X                  Y                  Z         # in input
     ==============================================================================
        Basis: 6-311++g**
        1 C      1.885752030525     1.863390901293    -0.015144265162        1
        2 O     -0.797500329363     1.888235130653    -0.001080923343        2
        3 H      2.644365575697     1.889259362212    -1.936031973521        3
        4 H      2.644286207199     0.226355174653     0.990190033106        4
        5 H      2.499846880594     3.568910302688     0.954058469605        5
        6 H     -1.383986280752     0.399871717136    -0.848037275112        6
     ==============================================================================


  :: Molecular system specifications (MM)
  ==========================================

     Force Field:  non-polarizable

     Number of MM atoms:                   2
     Number of MM molecules:               1

    ====================================================================
                        MM Geometry (Å) and Parameters
    ====================================================================
    Atom    Mol             X          Y          Z            Charge
    ====================================================================
      H       1        -1.704387  -2.255137  -1.852466        1.000000
      H       1        -2.028391  -3.077384  -2.320367       -1.000000
    ====================================================================


  :: RHF wavefunction
  ======================

  This is a QM/MM calculation

     Electrostatic Embedding:

     Each atom of the MM portion is endowed with a charge which value 
     is a fixed external parameter.

     The QM/MM electrostatic interaction energy is defined as:

        E^ele_QM/MM = sum_i q_i * V_i(P)

     where V_i(P) is the electrostatic potential due to the QM density 
     calculated at the position of the i-th charge q_i.

     For further details, see:
     Senn & Thiel, Angew. Chem. Int. Ed., 2009, 48, 1198−1229


  - Cholesky decomposition of AO overlap to get linearly independent orbitals:

  - Orbital details:

     Number of occupied orbitals:         9
     Number of virtual orbitals:         63
     Number of molecular orbitals:       72
     Number of atomic orbitals:          72


  :: Hartree-Fock engine
  =========================

  Drives the calculation of the Hartree-Fock state.

  This is a RHF ground state calculation.
  The following tasks will be performed:

     1) Generate initial SAD density
     2) Calculation of reference state (SCF-DIIS algorithm)


  1) Generate initial SAD density


  2) Calculation of reference state (SCF-DIIS algorithm)

   - Self-consistent field DIIS Hartree-Fock solver
  ----------------------------------------------------

  A DIIS-accelerated Roothan-Hall self-consistent field solver. A least-square 
  DIIS fit is performed on the previous Fock matrices and associated gradients. 
  Following the Roothan-Hall update of the density, the DIIS-fitted Fock 
  matrix is used to get the next orbital coefficients.

  - Hartree-Fock solver settings:

     DIIS dimension:                         8
     Cumulative Fock threshold:       0.10E+01

     Energy threshold:              0.1000E-05
     Gradient threshold:            0.1000E-05

     Coulomb screening threshold:   0.1000E-11
     Exchange screening threshold:  0.1000E-09
     Fock precision:                0.1000E-23
     Integral cutoff:               0.1000E-11

  - Setting initial AO density to SAD

     Energy of initial guess:              -115.818410042306
     Number of electrons in guess:           18.000000000000

  Iteration       Energy (a.u.)      Max(grad.)    Delta E (a.u.)
  ---------------------------------------------------------------
     1          -115.552805934728     0.8432E-01     0.1156E+03
     2          -115.589103846716     0.6898E-01     0.3630E-01
     3          -115.603403359342     0.7906E-02     0.1430E-01
     4          -115.603950497868     0.6387E-03     0.5471E-03
     5          -115.603964425836     0.1964E-03     0.1393E-04
     6          -115.603965486134     0.5800E-04     0.1060E-05
     7          -115.603965568444     0.1606E-04     0.8231E-07
     8          -115.603965575491     0.3453E-05     0.7048E-08
     9          -115.603965575713     0.4115E-06     0.2217E-09
  ---------------------------------------------------------------
  Convergence criterion met in 9 iterations!

  - Summary of RHF wavefunction energetics (a.u.):

     HOMO-LUMO gap:                  0.474945246649
     Nuclear repulsion energy:      40.248944308304
     Electronic energy:           -155.852909884017
     Total energy:                -115.603965575713

  - Summary of QM/MM energetics:
                                         a.u.             eV     kcal/mol
     QM/MM SCF Contribution:        -0.426740799596
     QM/MM Electrostatic Energy:     0.004596465794     0.12508     2.884

  - Molecular orbital energies

  -----------------------------------------------------------------------------------
   1 -20.585285848722  19   0.266703705921  37   1.263011582360  55   2.768704412223
   2 -11.293874472971  20   0.277725968375  38   1.350563802447  56   2.829138066925
   3  -1.386599887871  21   0.278896950892  39   1.424626383584  57   2.832738458339
   4  -0.950049993836  22   0.290244159468  40   1.590822294148  58   2.962915296424
   5  -0.718252787811  23   0.304091628089  41   1.652814894128  59   3.181105671935
   6  -0.644210356262  24   0.332085970028  42   1.691542961882  60   3.324432135077
   7  -0.617962898720  25   0.372805103425  43   1.767659133296  61   3.441153761592
   8  -0.527561909163  26   0.456072337803  44   1.783702269657  62   3.571690393169
   9  -0.476512268100  27   0.541312082382  45   1.792630161078  63   3.659032141226
  10  -0.001567021451  28   0.558633508577  46   1.938676688233  64   4.111825281177
  11   0.039477375308  29   0.674068661396  47   1.946875434539  65   4.167135751276
  12   0.059999676085  30   0.756416044028  48   2.055499814369  66   4.304925911556
  13   0.069465339543  31   0.826619772254  49   2.273702116826  67   4.418556045551
  14   0.108345457507  32   0.833278746359  50   2.315422260703  68   5.540262340353
  15   0.120762024053  33   0.855020941816  51   2.397928988145  69   5.888331227174
  16   0.146995760950  34   1.047016564550  52   2.491789805575  70   6.190109618681
  17   0.169794531573  35   1.166584073035  53   2.684095427893  71  25.050915620348
  18   0.241077533997  36   1.213278107217  54   2.737429474354  72  51.573222963582
  -----------------------------------------------------------------------------------

  - Timings for the RHF ground state calculation

     Total wall time (sec):              2.90900
     Total cpu time (sec):             141.15241

  eT terminated successfully!
