


                     eT - an electronic structure program

  ------------------------------------------------------------------------
   Author list in alphabetical order:
  ------------------------------------------------------------------------
   J. H. Andersen, A. Balbi, S. Coriani, S. D. Folkestad, T. Giovannini, 
   L. Goletto, T. S. Haugland, A. Hutcheson, I-M. Høyvik, E. F. Kjønstad, 
   H. Koch, T. Moitra, R. H. Myhre, A. C. Paul, M. Scavino, A. Skeidsvoll, 
   Å. H. Tveten
  ------------------------------------------------------------------------


  :: Input file
  ================

     Note: geometry section is excluded from this print

     system
        name: methanol scan 6.75
        charge: 0
     end system

     do
       ground state
     end do

     memory
        available: 8
     end memory

     solver scf
        algorithm: scf-diis
     end solver scf

     molecular mechanics
        forcefield: non-polarizable
     end molecular mechanics

     method
        hf
     end method


  Running on 56 OMP thread(s)
  Memory available for calculation: 8.000000 GB


  :: Molecular system specifications (QM)
  ==========================================

     Name:             methanol scan 6.75
     Charge:           0
     Multiplicity:     1
     Coordinate units: angstrom

     Pure basis functions:         72
     Cartesian basis functions:    74
     Primitive basis functions:   108

     Nuclear repulsion energy (a.u.):             40.346784236152
     Bohr/angstrom value (CODATA 2010):            0.529177210920

     ==============================================================================
                                     Geometry (angstrom)
     ==============================================================================
        Atom           X                  Y                  Z         # in input
     ==============================================================================
        Basis: 6-311++g**
        1 C      0.997897000000     0.986064000000    -0.008014000000        1
        2 O     -0.422019000000     0.999211000000    -0.000572000000        2
        3 H      1.399338000000     0.999753000000    -1.024504000000        3
        4 H      1.399296000000     0.119782000000     0.523986000000        4
        5 H      1.322862000000     1.888586000000     0.504866000000        5
        6 H     -0.732374000000     0.211603000000    -0.448762000000        6
     ==============================================================================

     ==============================================================================
                                     Geometry (a.u.)
     ==============================================================================
        Atom           X                  Y                  Z         # in input
     ==============================================================================
        Basis: 6-311++g**
        1 C      1.885752030525     1.863390901293    -0.015144265162        1
        2 O     -0.797500329363     1.888235130653    -0.001080923343        2
        3 H      2.644365575697     1.889259362212    -1.936031973521        3
        4 H      2.644286207199     0.226355174653     0.990190033106        4
        5 H      2.499846880594     3.568910302688     0.954058469605        5
        6 H     -1.383986280752     0.399871717136    -0.848037275112        6
     ==============================================================================


  :: Molecular system specifications (MM)
  ==========================================

     Force Field:  non-polarizable

     Number of MM atoms:                   2
     Number of MM molecules:               1

    ====================================================================
                        MM Geometry (Å) and Parameters
    ====================================================================
    Atom    Mol             X          Y          Z            Charge
    ====================================================================
      H       1        -2.919403  -5.338562  -3.607095        1.000000
      H       1        -3.243407  -6.160809  -4.074996       -1.000000
    ====================================================================


  :: RHF wavefunction
  ======================

  This is a QM/MM calculation

     Electrostatic Embedding:

     Each atom of the MM portion is endowed with a charge which value 
     is a fixed external parameter.

     The QM/MM electrostatic interaction energy is defined as:

        E^ele_QM/MM = sum_i q_i * V_i(P)

     where V_i(P) is the electrostatic potential due to the QM density 
     calculated at the position of the i-th charge q_i.

     For further details, see:
     Senn & Thiel, Angew. Chem. Int. Ed., 2009, 48, 1198−1229


  - Cholesky decomposition of AO overlap to get linearly independent orbitals:

  - Orbital details:

     Number of occupied orbitals:         9
     Number of virtual orbitals:         63
     Number of molecular orbitals:       72
     Number of atomic orbitals:          72


  :: Hartree-Fock engine
  =========================

  Drives the calculation of the Hartree-Fock state.

  This is a RHF ground state calculation.
  The following tasks will be performed:

     1) Generate initial SAD density
     2) Calculation of reference state (SCF-DIIS algorithm)


  1) Generate initial SAD density


  2) Calculation of reference state (SCF-DIIS algorithm)

   - Self-consistent field DIIS Hartree-Fock solver
  ----------------------------------------------------

  A DIIS-accelerated Roothan-Hall self-consistent field solver. A least-square 
  DIIS fit is performed on the previous Fock matrices and associated gradients. 
  Following the Roothan-Hall update of the density, the DIIS-fitted Fock 
  matrix is used to get the next orbital coefficients.

  - Hartree-Fock solver settings:

     DIIS dimension:                         8
     Cumulative Fock threshold:       0.10E+01

     Energy threshold:              0.1000E-05
     Gradient threshold:            0.1000E-05

     Coulomb screening threshold:   0.1000E-11
     Exchange screening threshold:  0.1000E-09
     Fock precision:                0.1000E-23
     Integral cutoff:               0.1000E-11

  - Setting initial AO density to SAD

     Energy of initial guess:              -115.818423185548
     Number of electrons in guess:           18.000000000000

  Iteration       Energy (a.u.)      Max(grad.)    Delta E (a.u.)
  ---------------------------------------------------------------
     1          -115.557030913380     0.8430E-01     0.1156E+03
     2          -115.593535880613     0.6891E-01     0.3650E-01
     3          -115.607783642167     0.7827E-02     0.1425E-01
     4          -115.608322277743     0.6560E-03     0.5386E-03
     5          -115.608335979615     0.2192E-03     0.1370E-04
     6          -115.608336961508     0.5987E-04     0.9819E-06
     7          -115.608337040021     0.1543E-04     0.7851E-07
     8          -115.608337046953     0.4162E-05     0.6932E-08
     9          -115.608337047186     0.6211E-06     0.2331E-09
  ---------------------------------------------------------------
  Convergence criterion met in 9 iterations!

  - Summary of RHF wavefunction energetics (a.u.):

     HOMO-LUMO gap:                  0.489745166416
     Nuclear repulsion energy:      39.951256318480
     Electronic energy:           -155.559593365666
     Total energy:                -115.608337047186

  - Summary of QM/MM energetics:
                                         a.u.             eV     kcal/mol
     QM/MM SCF Contribution:        -0.133042197890
     QM/MM Electrostatic Energy:     0.000607077677     0.01652     0.381

  - Molecular orbital energies

  -----------------------------------------------------------------------------------
   1 -20.565594476610  19   0.281068684192  37   1.281460996507  55   2.781408463855
   2 -11.280445800830  20   0.290070139363  38   1.368069988395  56   2.842668752516
   3  -1.367554813919  21   0.290826972111  39   1.440536507624  57   2.846032223391
   4  -0.935324518933  22   0.303289395390  40   1.614034561999  58   2.981297035809
   5  -0.700600234155  23   0.322172075389  41   1.672405183785  59   3.195039806833
   6  -0.629012018875  24   0.344258539288  42   1.703986597032  60   3.340295337292
   7  -0.601866142768  25   0.386908067802  43   1.784873447868  61   3.459686785577
   8  -0.511824263469  26   0.470636199677  44   1.797028133374  62   3.590176511317
   9  -0.459515312389  27   0.556572342959  45   1.806698651238  63   3.677421882370
  10   0.030229854027  28   0.570539796086  46   1.952459244857  64   4.128121090380
  11   0.054724078558  29   0.703535711270  47   1.960450622342  65   4.180902879227
  12   0.066110891528  30   0.768937426651  48   2.072520747030  66   4.322451233364
  13   0.075320248966  31   0.838570995358  49   2.290442185071  67   4.435985122592
  14   0.119631780922  32   0.846504459862  50   2.336171134789  68   5.559135242280
  15   0.137432340808  33   0.868783471746  51   2.411556097200  69   5.907280444978
  16   0.153881210668  34   1.060442825944  52   2.509866925006  70   6.209880456112
  17   0.177245947895  35   1.182758467934  53   2.703881055607  71  25.064350460917
  18   0.270597080775  36   1.228077162983  54   2.750066394044  72  51.592905469173
  -----------------------------------------------------------------------------------

  - Timings for the RHF ground state calculation

     Total wall time (sec):              2.98400
     Total cpu time (sec):             144.94635

  eT terminated successfully!
