


                     eT - an electronic structure program

  ------------------------------------------------------------------------
   Author list in alphabetical order:
  ------------------------------------------------------------------------
   J. H. Andersen, A. Balbi, S. Coriani, S. D. Folkestad, T. Giovannini, 
   L. Goletto, T. S. Haugland, A. Hutcheson, I-M. Høyvik, E. F. Kjønstad, 
   H. Koch, T. Moitra, R. H. Myhre, A. C. Paul, M. Scavino, A. Skeidsvoll, 
   Å. H. Tveten
  ------------------------------------------------------------------------


  :: Input file
  ================

     Note: geometry section is excluded from this print

     system
        name: methanol scan 5.00
        charge: 0
     end system

     do
       ground state
     end do

     memory
        available: 8
     end memory

     solver scf
        algorithm: scf-diis
     end solver scf

     molecular mechanics
        forcefield: non-polarizable
     end molecular mechanics

     method
        hf
     end method


  Running on 56 OMP thread(s)
  Memory available for calculation: 8.000000 GB


  :: Molecular system specifications (QM)
  ==========================================

     Name:             methanol scan 5.00
     Charge:           0
     Multiplicity:     1
     Coordinate units: angstrom

     Pure basis functions:         72
     Cartesian basis functions:    74
     Primitive basis functions:   108

     Nuclear repulsion energy (a.u.):             40.346784236152
     Bohr/angstrom value (CODATA 2010):            0.529177210920

     ==============================================================================
                                     Geometry (angstrom)
     ==============================================================================
        Atom           X                  Y                  Z         # in input
     ==============================================================================
        Basis: 6-311++g**
        1 C      0.997897000000     0.986064000000    -0.008014000000        1
        2 O     -0.422019000000     0.999211000000    -0.000572000000        2
        3 H      1.399338000000     0.999753000000    -1.024504000000        3
        4 H      1.399296000000     0.119782000000     0.523986000000        4
        5 H      1.322862000000     1.888586000000     0.504866000000        5
        6 H     -0.732374000000     0.211603000000    -0.448762000000        6
     ==============================================================================

     ==============================================================================
                                     Geometry (a.u.)
     ==============================================================================
        Atom           X                  Y                  Z         # in input
     ==============================================================================
        Basis: 6-311++g**
        1 C      1.885752030525     1.863390901293    -0.015144265162        1
        2 O     -0.797500329363     1.888235130653    -0.001080923343        2
        3 H      2.644365575697     1.889259362212    -1.936031973521        3
        4 H      2.644286207199     0.226355174653     0.990190033106        4
        5 H      2.499846880594     3.568910302688     0.954058469605        5
        6 H     -1.383986280752     0.399871717136    -0.848037275112        6
     ==============================================================================


  :: Molecular system specifications (MM)
  ==========================================

     Force Field:  non-polarizable

     Number of MM atoms:                   2
     Number of MM molecules:               1

    ====================================================================
                        MM Geometry (Å) and Parameters
    ====================================================================
    Atom    Mol             X          Y          Z            Charge
    ====================================================================
      H       1        -2.352396  -3.899631  -2.788268        1.000000
      H       1        -2.676400  -4.721878  -3.256169       -1.000000
    ====================================================================


  :: RHF wavefunction
  ======================

  This is a QM/MM calculation

     Electrostatic Embedding:

     Each atom of the MM portion is endowed with a charge which value 
     is a fixed external parameter.

     The QM/MM electrostatic interaction energy is defined as:

        E^ele_QM/MM = sum_i q_i * V_i(P)

     where V_i(P) is the electrostatic potential due to the QM density 
     calculated at the position of the i-th charge q_i.

     For further details, see:
     Senn & Thiel, Angew. Chem. Int. Ed., 2009, 48, 1198−1229


  - Cholesky decomposition of AO overlap to get linearly independent orbitals:

  - Orbital details:

     Number of occupied orbitals:         9
     Number of virtual orbitals:         63
     Number of molecular orbitals:       72
     Number of atomic orbitals:          72


  :: Hartree-Fock engine
  =========================

  Drives the calculation of the Hartree-Fock state.

  This is a RHF ground state calculation.
  The following tasks will be performed:

     1) Generate initial SAD density
     2) Calculation of reference state (SCF-DIIS algorithm)


  1) Generate initial SAD density


  2) Calculation of reference state (SCF-DIIS algorithm)

   - Self-consistent field DIIS Hartree-Fock solver
  ----------------------------------------------------

  A DIIS-accelerated Roothan-Hall self-consistent field solver. A least-square 
  DIIS fit is performed on the previous Fock matrices and associated gradients. 
  Following the Roothan-Hall update of the density, the DIIS-fitted Fock 
  matrix is used to get the next orbital coefficients.

  - Hartree-Fock solver settings:

     DIIS dimension:                         8
     Cumulative Fock threshold:       0.10E+01

     Energy threshold:              0.1000E-05
     Gradient threshold:            0.1000E-05

     Coulomb screening threshold:   0.1000E-11
     Exchange screening threshold:  0.1000E-09
     Fock precision:                0.1000E-23
     Integral cutoff:               0.1000E-11

  - Setting initial AO density to SAD

     Energy of initial guess:              -115.818423180526
     Number of electrons in guess:           18.000000000000

  Iteration       Energy (a.u.)      Max(grad.)    Delta E (a.u.)
  ---------------------------------------------------------------
     1          -115.556290853328     0.8433E-01     0.1156E+03
     2          -115.592759816481     0.6894E-01     0.3647E-01
     3          -115.607020706157     0.7799E-02     0.1426E-01
     4          -115.607560337522     0.6528E-03     0.5396E-03
     5          -115.607574034638     0.2153E-03     0.1370E-04
     6          -115.607575024849     0.5904E-04     0.9902E-06
     7          -115.607575103586     0.1528E-04     0.7874E-07
     8          -115.607575110517     0.4059E-05     0.6931E-08
     9          -115.607575110746     0.5949E-06     0.2291E-09
  ---------------------------------------------------------------
  Convergence criterion met in 9 iterations!

  - Summary of RHF wavefunction energetics (a.u.):

     HOMO-LUMO gap:                  0.486563438653
     Nuclear repulsion energy:      40.029943980424
     Electronic energy:           -155.637519091170
     Total energy:                -115.607575110746

  - Summary of QM/MM energetics:
                                         a.u.             eV     kcal/mol
     QM/MM SCF Contribution:        -0.210994730665
     QM/MM Electrostatic Energy:     0.001342206845     0.03652     0.842

  - Molecular orbital energies

  -----------------------------------------------------------------------------------
   1 -20.570479032185  19   0.276636475640  37   1.276491735489  55   2.777740580964
   2 -11.284203765742  20   0.286433486284  38   1.363502482850  56   2.838921244123
   3  -1.372357887353  21   0.287513753138  39   1.436354315585  57   2.842283587550
   4  -0.939313010858  22   0.299384986003  40   1.608471962137  58   2.976649622020
   5  -0.705144494759  23   0.317452226525  41   1.667507595009  59   3.191175168718
   6  -0.633111675880  24   0.340444897396  42   1.700406318768  60   3.336087641389
   7  -0.606087288113  25   0.382361659808  43   1.780393843498  61   3.454991507230
   8  -0.515997263161  26   0.466646962521  44   1.793279574944  62   3.585481172709
   9  -0.463953591793  27   0.552119356000  45   1.802802770715  63   3.672759315375
  10   0.022609846860  28   0.567103337464  46   1.948623274664  64   4.123883546321
  11   0.048439564214  29   0.697039190626  47   1.956704970083  65   4.177056040970
  12   0.063531988352  30   0.765332595164  48   2.068125206865  66   4.317962987664
  13   0.073115980304  31   0.835060540815  49   2.286210959791  67   4.431441429265
  14   0.114661234599  32   0.842788607444  50   2.331074566481  68   5.554367968167
  15   0.132165081706  33   0.864933376764  51   2.407748139670  69   5.902524997408
  16   0.151601409560  34   1.056544433337  52   2.505246676325  70   6.204968846936
  17   0.174480833205  35   1.178396366924  53   2.698986252190  71  25.060589710774
  18   0.263138356115  36   1.224038625300  54   2.746460605218  72  51.588022048369
  -----------------------------------------------------------------------------------

  - Timings for the RHF ground state calculation

     Total wall time (sec):              2.72000
     Total cpu time (sec):             131.06614

  eT terminated successfully!
