
  Preparation of molecular system (Libint)
  wall time (sec):                 0.00
  cpu time (sec):                  0.00
  cpu/wall ratio:                  1.19

  Preparation of molecular system (total)
  wall time (sec):                 0.11
  cpu time (sec):                  1.51
  cpu/wall ratio:                 13.81

  Cholesky decomposition of AO overlap
  wall time (sec):                 0.03
  cpu time (sec):                  1.87
  cpu/wall ratio:                 54.92


  :: Hartree-Fock engine
  =========================


  1) Generate initial SAD density

  SAD generation time
  wall time (sec):                 0.54
  cpu time (sec):                 23.23
  cpu/wall ratio:                 43.02


  2) Calculation of reference state (SCF-DIIS algorithm)

  AO Fock construction
  wall time (sec):                 0.08
  cpu time (sec):                  4.22
  cpu/wall ratio:                 53.37

  AO Fock construction
  wall time (sec):                 0.12
  cpu time (sec):                  6.17
  cpu/wall ratio:                 53.15

  AO Fock construction
  wall time (sec):                 0.10
  cpu time (sec):                  5.15
  cpu/wall ratio:                 52.58

  SCF DIIS iteration time
  wall time (sec):                 0.35
  cpu time (sec):                 17.44
  cpu/wall ratio:                 49.14

  AO Fock construction
  wall time (sec):                 0.04
  cpu time (sec):                  1.98
  cpu/wall ratio:                 49.55

  SCF DIIS iteration time
  wall time (sec):                 0.22
  cpu time (sec):                 10.53
  cpu/wall ratio:                 48.29

  AO Fock construction
  wall time (sec):                 0.08
  cpu time (sec):                  4.20
  cpu/wall ratio:                 51.25

  SCF DIIS iteration time
  wall time (sec):                 0.19
  cpu time (sec):                  8.89
  cpu/wall ratio:                 47.03

  AO Fock construction
  wall time (sec):                 0.05
  cpu time (sec):                  2.74
  cpu/wall ratio:                 50.82

  SCF DIIS iteration time
  wall time (sec):                 0.30
  cpu time (sec):                 15.25
  cpu/wall ratio:                 50.67

  AO Fock construction
  wall time (sec):                 0.06
  cpu time (sec):                  3.37
  cpu/wall ratio:                 51.92

  SCF DIIS iteration time
  wall time (sec):                 0.23
  cpu time (sec):                 11.34
  cpu/wall ratio:                 49.52

  AO Fock construction
  wall time (sec):                 0.05
  cpu time (sec):                  2.62
  cpu/wall ratio:                 51.28

  SCF DIIS iteration time
  wall time (sec):                 0.19
  cpu time (sec):                  9.48
  cpu/wall ratio:                 49.11

  AO Fock construction
  wall time (sec):                 0.10
  cpu time (sec):                  5.50
  cpu/wall ratio:                 52.86

  SCF DIIS iteration time
  wall time (sec):                 0.33
  cpu time (sec):                 16.85
  cpu/wall ratio:                 51.53

  AO Fock construction
  wall time (sec):                 0.16
  cpu time (sec):                  8.53
  cpu/wall ratio:                 53.65

  SCF DIIS iteration time
  wall time (sec):                 0.35
  cpu time (sec):                 18.16
  cpu/wall ratio:                 51.59

  SCF DIIS iteration time
  wall time (sec):                 0.00
  cpu time (sec):                  0.05
  cpu/wall ratio:                 54.33

  SCF DIIS solver time
  wall time (sec):                 2.74
  cpu time (sec):                137.25
  cpu/wall ratio:                 50.09

  Hartree-Fock engine
  wall time (sec):                 3.28
  cpu time (sec):                160.48
  cpu/wall ratio:                 48.93


  :: Total time
  ================

  Total time in eT
  wall time (sec):                 3.49
  cpu time (sec):                166.42
  cpu/wall ratio:                 47.75
