
  Preparation of molecular system (Libint)
  wall time (sec):                 0.00
  cpu time (sec):                  0.00
  cpu/wall ratio:                  1.20

  Preparation of molecular system (total)
  wall time (sec):                 0.11
  cpu time (sec):                  1.55
  cpu/wall ratio:                 14.13

  Cholesky decomposition of AO overlap
  wall time (sec):                 0.00
  cpu time (sec):                  0.22
  cpu/wall ratio:                 55.46


  :: Hartree-Fock engine
  =========================


  1) Generate initial SAD density

  SAD generation time
  wall time (sec):                 0.42
  cpu time (sec):                 18.42
  cpu/wall ratio:                 43.97


  2) Calculation of reference state (SCF-DIIS algorithm)

  AO Fock construction
  wall time (sec):                 0.08
  cpu time (sec):                  4.24
  cpu/wall ratio:                 52.36

  AO Fock construction
  wall time (sec):                 0.09
  cpu time (sec):                  4.66
  cpu/wall ratio:                 52.41

  AO Fock construction
  wall time (sec):                 0.04
  cpu time (sec):                  1.86
  cpu/wall ratio:                 47.75

  SCF DIIS iteration time
  wall time (sec):                 0.16
  cpu time (sec):                  6.90
  cpu/wall ratio:                 42.59

  AO Fock construction
  wall time (sec):                 0.04
  cpu time (sec):                  1.76
  cpu/wall ratio:                 46.24

  SCF DIIS iteration time
  wall time (sec):                 0.18
  cpu time (sec):                  7.87
  cpu/wall ratio:                 44.48

  AO Fock construction
  wall time (sec):                 0.05
  cpu time (sec):                  2.31
  cpu/wall ratio:                 49.17

  SCF DIIS iteration time
  wall time (sec):                 0.21
  cpu time (sec):                  9.60
  cpu/wall ratio:                 46.83

  AO Fock construction
  wall time (sec):                 0.11
  cpu time (sec):                  5.75
  cpu/wall ratio:                 52.76

  SCF DIIS iteration time
  wall time (sec):                 0.49
  cpu time (sec):                 25.72
  cpu/wall ratio:                 52.38

  AO Fock construction
  wall time (sec):                 0.10
  cpu time (sec):                  5.06
  cpu/wall ratio:                 52.13

  SCF DIIS iteration time
  wall time (sec):                 0.42
  cpu time (sec):                 21.84
  cpu/wall ratio:                 51.87

  AO Fock construction
  wall time (sec):                 0.06
  cpu time (sec):                  3.35
  cpu/wall ratio:                 51.57

  SCF DIIS iteration time
  wall time (sec):                 0.15
  cpu time (sec):                  7.25
  cpu/wall ratio:                 47.72

  AO Fock construction
  wall time (sec):                 0.04
  cpu time (sec):                  2.28
  cpu/wall ratio:                 50.71

  SCF DIIS iteration time
  wall time (sec):                 0.17
  cpu time (sec):                  8.38
  cpu/wall ratio:                 48.75

  AO Fock construction
  wall time (sec):                 0.11
  cpu time (sec):                  5.72
  cpu/wall ratio:                 52.51

  SCF DIIS iteration time
  wall time (sec):                 0.24
  cpu time (sec):                 11.85
  cpu/wall ratio:                 50.01

  SCF DIIS iteration time
  wall time (sec):                 0.00
  cpu time (sec):                  0.06
  cpu/wall ratio:                 55.57

  SCF DIIS solver time
  wall time (sec):                 2.49
  cpu time (sec):                122.73
  cpu/wall ratio:                 49.29

  Hartree-Fock engine
  wall time (sec):                 2.91
  cpu time (sec):                141.15
  cpu/wall ratio:                 48.52


  :: Total time
  ================

  Total time in eT
  wall time (sec):                 3.06
  cpu time (sec):                144.57
  cpu/wall ratio:                 47.32
