
  Preparation of molecular system (Libint)
  wall time (sec):                 0.00
  cpu time (sec):                  0.00
  cpu/wall ratio:                  1.20

  Preparation of molecular system (total)
  wall time (sec):                 0.10
  cpu time (sec):                  0.91
  cpu/wall ratio:                  9.34

  Cholesky decomposition of AO overlap
  wall time (sec):                 0.00
  cpu time (sec):                  0.21
  cpu/wall ratio:                 52.85


  :: Hartree-Fock engine
  =========================


  1) Generate initial SAD density

  SAD generation time
  wall time (sec):                 0.41
  cpu time (sec):                 18.97
  cpu/wall ratio:                 45.83


  2) Calculation of reference state (SCF-DIIS algorithm)

  AO Fock construction
  wall time (sec):                 0.09
  cpu time (sec):                  4.57
  cpu/wall ratio:                 53.17

  AO Fock construction
  wall time (sec):                 0.04
  cpu time (sec):                  1.78
  cpu/wall ratio:                 49.49

  AO Fock construction
  wall time (sec):                 0.10
  cpu time (sec):                  5.10
  cpu/wall ratio:                 52.53

  SCF DIIS iteration time
  wall time (sec):                 0.42
  cpu time (sec):                 20.82
  cpu/wall ratio:                 49.57

  AO Fock construction
  wall time (sec):                 0.08
  cpu time (sec):                  3.98
  cpu/wall ratio:                 51.73

  SCF DIIS iteration time
  wall time (sec):                 0.20
  cpu time (sec):                  9.47
  cpu/wall ratio:                 47.11

  AO Fock construction
  wall time (sec):                 0.18
  cpu time (sec):                  9.76
  cpu/wall ratio:                 53.07

  SCF DIIS iteration time
  wall time (sec):                 0.49
  cpu time (sec):                 25.40
  cpu/wall ratio:                 51.83

  AO Fock construction
  wall time (sec):                 0.08
  cpu time (sec):                  4.10
  cpu/wall ratio:                 51.92

  SCF DIIS iteration time
  wall time (sec):                 0.36
  cpu time (sec):                 18.47
  cpu/wall ratio:                 51.16

  AO Fock construction
  wall time (sec):                 0.11
  cpu time (sec):                  6.06
  cpu/wall ratio:                 53.15

  SCF DIIS iteration time
  wall time (sec):                 0.35
  cpu time (sec):                 18.18
  cpu/wall ratio:                 51.50

  AO Fock construction
  wall time (sec):                 0.07
  cpu time (sec):                  3.43
  cpu/wall ratio:                 52.00

  SCF DIIS iteration time
  wall time (sec):                 0.35
  cpu time (sec):                 18.04
  cpu/wall ratio:                 51.69

  AO Fock construction
  wall time (sec):                 0.13
  cpu time (sec):                  6.86
  cpu/wall ratio:                 53.17

  SCF DIIS iteration time
  wall time (sec):                 0.26
  cpu time (sec):                 13.40
  cpu/wall ratio:                 50.58

  AO Fock construction
  wall time (sec):                 0.10
  cpu time (sec):                  5.54
  cpu/wall ratio:                 53.25

  SCF DIIS iteration time
  wall time (sec):                 0.33
  cpu time (sec):                 17.27
  cpu/wall ratio:                 51.54

  SCF DIIS iteration time
  wall time (sec):                 0.00
  cpu time (sec):                  0.06
  cpu/wall ratio:                 55.60

  SCF DIIS solver time
  wall time (sec):                 3.23
  cpu time (sec):                163.65
  cpu/wall ratio:                 50.68

  Hartree-Fock engine
  wall time (sec):                 3.64
  cpu time (sec):                182.62
  cpu/wall ratio:                 50.13


  :: Total time
  ================

  Total time in eT
  wall time (sec):                 3.77
  cpu time (sec):                185.12
  cpu/wall ratio:                 49.09
