


                     eT - an electronic structure program

  ------------------------------------------------------------------------
   Author list in alphabetical order:
  ------------------------------------------------------------------------
   J. H. Andersen, A. Balbi, S. Coriani, S. D. Folkestad, T. Giovannini, 
   L. Goletto, T. S. Haugland, A. Hutcheson, I-M. Høyvik, E. F. Kjønstad, 
   H. Koch, T. Moitra, R. H. Myhre, A. C. Paul, M. Scavino, A. Skeidsvoll, 
   Å. H. Tveten
  ------------------------------------------------------------------------


  :: Input file
  ================

     Note: geometry section is excluded from this print

     system
        name: methanol scan 9.25
        charge: 0
     end system

     do
       ground state
     end do

     memory
        available: 8
     end memory

     solver scf
        algorithm: scf-diis
     end solver scf

     molecular mechanics
        forcefield: non-polarizable
     end molecular mechanics

     method
        hf
     end method


  Running on 56 OMP thread(s)
  Memory available for calculation: 8.000000 GB


  :: Molecular system specifications (QM)
  ==========================================

     Name:             methanol scan 9.25
     Charge:           0
     Multiplicity:     1
     Coordinate units: angstrom

     Pure basis functions:         72
     Cartesian basis functions:    74
     Primitive basis functions:   108

     Nuclear repulsion energy (a.u.):             40.346784236152
     Bohr/angstrom value (CODATA 2010):            0.529177210920

     ==============================================================================
                                     Geometry (angstrom)
     ==============================================================================
        Atom           X                  Y                  Z         # in input
     ==============================================================================
        Basis: 6-311++g**
        1 C      0.997897000000     0.986064000000    -0.008014000000        1
        2 O     -0.422019000000     0.999211000000    -0.000572000000        2
        3 H      1.399338000000     0.999753000000    -1.024504000000        3
        4 H      1.399296000000     0.119782000000     0.523986000000        4
        5 H      1.322862000000     1.888586000000     0.504866000000        5
        6 H     -0.732374000000     0.211603000000    -0.448762000000        6
     ==============================================================================

     ==============================================================================
                                     Geometry (a.u.)
     ==============================================================================
        Atom           X                  Y                  Z         # in input
     ==============================================================================
        Basis: 6-311++g**
        1 C      1.885752030525     1.863390901293    -0.015144265162        1
        2 O     -0.797500329363     1.888235130653    -0.001080923343        2
        3 H      2.644365575697     1.889259362212    -1.936031973521        3
        4 H      2.644286207199     0.226355174653     0.990190033106        4
        5 H      2.499846880594     3.568910302688     0.954058469605        5
        6 H     -1.383986280752     0.399871717136    -0.848037275112        6
     ==============================================================================


  :: Molecular system specifications (MM)
  ==========================================

     Force Field:  non-polarizable

     Number of MM atoms:                   2
     Number of MM molecules:               1

    ====================================================================
                        MM Geometry (Å) and Parameters
    ====================================================================
    Atom    Mol             X          Y          Z            Charge
    ====================================================================
      H       1        -3.729414  -7.394179  -4.776848        1.000000
      H       1        -4.053418  -8.216426  -5.244750       -1.000000
    ====================================================================


  :: RHF wavefunction
  ======================

  This is a QM/MM calculation

     Electrostatic Embedding:

     Each atom of the MM portion is endowed with a charge which value 
     is a fixed external parameter.

     The QM/MM electrostatic interaction energy is defined as:

        E^ele_QM/MM = sum_i q_i * V_i(P)

     where V_i(P) is the electrostatic potential due to the QM density 
     calculated at the position of the i-th charge q_i.

     For further details, see:
     Senn & Thiel, Angew. Chem. Int. Ed., 2009, 48, 1198−1229


  - Cholesky decomposition of AO overlap to get linearly independent orbitals:

  - Orbital details:

     Number of occupied orbitals:         9
     Number of virtual orbitals:         63
     Number of molecular orbitals:       72
     Number of atomic orbitals:          72


  :: Hartree-Fock engine
  =========================

  Drives the calculation of the Hartree-Fock state.

  This is a RHF ground state calculation.
  The following tasks will be performed:

     1) Generate initial SAD density
     2) Calculation of reference state (SCF-DIIS algorithm)


  1) Generate initial SAD density


  2) Calculation of reference state (SCF-DIIS algorithm)

   - Self-consistent field DIIS Hartree-Fock solver
  ----------------------------------------------------

  A DIIS-accelerated Roothan-Hall self-consistent field solver. A least-square 
  DIIS fit is performed on the previous Fock matrices and associated gradients. 
  Following the Roothan-Hall update of the density, the DIIS-fitted Fock 
  matrix is used to get the next orbital coefficients.

  - Hartree-Fock solver settings:

     DIIS dimension:                         8
     Cumulative Fock threshold:       0.10E+01

     Energy threshold:              0.1000E-05
     Gradient threshold:            0.1000E-05

     Coulomb screening threshold:   0.1000E-11
     Exchange screening threshold:  0.1000E-09
     Fock precision:                0.1000E-23
     Integral cutoff:               0.1000E-11

  - Setting initial AO density to SAD

     Energy of initial guess:              -115.818422937954
     Number of electrons in guess:           18.000000000000

  Iteration       Energy (a.u.)      Max(grad.)    Delta E (a.u.)
  ---------------------------------------------------------------
     1          -115.557377470212     0.8429E-01     0.1156E+03
     2          -115.593901019216     0.6890E-01     0.3652E-01
     3          -115.608141822286     0.7841E-02     0.1424E-01
     4          -115.608680082276     0.6576E-03     0.5383E-03
     5          -115.608693796344     0.2211E-03     0.1371E-04
     6          -115.608694775207     0.6026E-04     0.9789E-06
     7          -115.608694853690     0.1550E-04     0.7848E-07
     8          -115.608694860629     0.4208E-05     0.6938E-08
     9          -115.608694860863     0.6322E-06     0.2347E-09
  ---------------------------------------------------------------
  Convergence criterion met in 9 iterations!

  - Summary of RHF wavefunction energetics (a.u.):

     HOMO-LUMO gap:                  0.490606212102
     Nuclear repulsion energy:      39.897263180507
     Electronic energy:           -155.505958041370
     Total energy:                -115.608694860863

  - Summary of QM/MM energetics:
                                         a.u.             eV     kcal/mol
     QM/MM SCF Contribution:        -0.079400488321
     QM/MM Electrostatic Energy:     0.000255401670     0.00695     0.160

  - Molecular orbital energies

  -----------------------------------------------------------------------------------
   1 -20.562353237935  19   0.284138714211  37   1.284763357831  55   2.784082538363
   2 -11.277749680977  20   0.292777932670  38   1.371179421922  56   2.845337635924
   3  -1.364345771783  21   0.293239220956  39   1.443419625611  57   2.848734964703
   4  -0.932520423405  22   0.306125097629  40   1.617609756932  58   2.984409689557
   5  -0.697518002601  23   0.325261510624  41   1.675655430480  59   3.197792113763
   6  -0.626141227519  24   0.347025034617  42   1.706596401368  60   3.343210195615
   7  -0.598960223880  25   0.389943335168  43   1.787917743566  61   3.462839519092
   8  -0.508932937845  26   0.473418333964  44   1.799723204139  62   3.593331639094
   9  -0.456477677714  27   0.559681585969  45   1.809459006107  63   3.680556078561
  10   0.034128534388  28   0.573058693999  46   1.955202335185  64   4.131031752937
  11   0.058904807286  29   0.707491908044  47   1.963122576626  65   4.183654575646
  12   0.068408156769  30   0.771535809199  48   2.075512789956  66   4.325494285572
  13   0.077207076791  31   0.841173414982  49   2.293342337718  67   4.439065003324
  14   0.122798714723  32   0.849181224936  50   2.339506676762  68   5.562327315326
  15   0.141119952342  33   0.871517034864  51   2.414278161540  69   5.910458436755
  16   0.155772455396  34   1.063214041102  52   2.512976952961  70   6.213133581582
  17   0.179426277827  35   1.185729298524  53   2.707109641707  71  25.067047770069
  18   0.275034167620  36   1.230916863104  54   2.752686014175  72  51.596146188241
  -----------------------------------------------------------------------------------

  - Timings for the RHF ground state calculation

     Total wall time (sec):              2.54900
     Total cpu time (sec):             123.41880

  eT terminated successfully!
