
  Preparation of molecular system (Libint)
  wall time (sec):                 0.00
  cpu time (sec):                  0.00
  cpu/wall ratio:                  0.73

  Preparation of molecular system (total)
  wall time (sec):                 0.11
  cpu time (sec):                  1.50
  cpu/wall ratio:                 13.62

  Cholesky decomposition of AO overlap
  wall time (sec):                 0.06
  cpu time (sec):                  3.29
  cpu/wall ratio:                 54.83


  :: Hartree-Fock engine
  =========================


  1) Generate initial SAD density

  SAD generation time
  wall time (sec):                 0.30
  cpu time (sec):                 14.08
  cpu/wall ratio:                 47.10


  2) Calculation of reference state (SCF-DIIS algorithm)

  AO Fock construction
  wall time (sec):                 0.00
  cpu time (sec):                  0.11
  cpu/wall ratio:                 55.57

  AO Fock construction
  wall time (sec):                 0.05
  cpu time (sec):                  2.97
  cpu/wall ratio:                 53.96

  AO Fock construction
  wall time (sec):                 0.11
  cpu time (sec):                  6.20
  cpu/wall ratio:                 54.42

  SCF DIIS iteration time
  wall time (sec):                 0.12
  cpu time (sec):                  6.76
  cpu/wall ratio:                 54.54

  AO Fock construction
  wall time (sec):                 0.15
  cpu time (sec):                  8.36
  cpu/wall ratio:                 54.29

  SCF DIIS iteration time
  wall time (sec):                 0.22
  cpu time (sec):                 12.18
  cpu/wall ratio:                 54.14

  AO Fock construction
  wall time (sec):                 0.00
  cpu time (sec):                  0.11
  cpu/wall ratio:                 55.85

  SCF DIIS iteration time
  wall time (sec):                 0.01
  cpu time (sec):                  0.45
  cpu/wall ratio:                 49.60

  AO Fock construction
  wall time (sec):                 0.00
  cpu time (sec):                  0.16
  cpu/wall ratio:                 80.36

  SCF DIIS iteration time
  wall time (sec):                 0.03
  cpu time (sec):                  1.79
  cpu/wall ratio:                 52.68

  AO Fock construction
  wall time (sec):                 0.03
  cpu time (sec):                  1.70
  cpu/wall ratio:                 54.90

  SCF DIIS iteration time
  wall time (sec):                 0.06
  cpu time (sec):                  3.36
  cpu/wall ratio:                 54.11

  AO Fock construction
  wall time (sec):                 0.00
  cpu time (sec):                  0.17
  cpu/wall ratio:                 55.01

  SCF DIIS iteration time
  wall time (sec):                 0.02
  cpu time (sec):                  1.11
  cpu/wall ratio:                 52.88

  AO Fock construction
  wall time (sec):                 0.07
  cpu time (sec):                  3.78
  cpu/wall ratio:                 54.84

  SCF DIIS iteration time
  wall time (sec):                 0.10
  cpu time (sec):                  5.39
  cpu/wall ratio:                 54.42

  SCF DIIS iteration time
  wall time (sec):                 0.01
  cpu time (sec):                  0.53
  cpu/wall ratio:                 48.02

  SCF DIIS solver time
  wall time (sec):                 0.65
  cpu time (sec):                 34.91
  cpu/wall ratio:                 53.87

  Hartree-Fock engine
  wall time (sec):                 0.95
  cpu time (sec):                 49.05
  cpu/wall ratio:                 51.74


  :: Total time
  ================

  Total time in eT
  wall time (sec):                 1.15
  cpu time (sec):                 55.48
  cpu/wall ratio:                 48.24
