
  Preparation of molecular system (Libint)
  wall time (sec):                 0.00
  cpu time (sec):                  0.00
  cpu/wall ratio:                  0.73

  Preparation of molecular system (total)
  wall time (sec):                 0.10
  cpu time (sec):                  0.83
  cpu/wall ratio:                  8.15

  Cholesky decomposition of AO overlap
  wall time (sec):                 0.00
  cpu time (sec):                  0.22
  cpu/wall ratio:                 54.22


  :: Hartree-Fock engine
  =========================


  1) Generate initial SAD density

  SAD generation time
  wall time (sec):                 0.32
  cpu time (sec):                 12.60
  cpu/wall ratio:                 39.49


  2) Calculation of reference state (SCF-DIIS algorithm)

  AO Fock construction
  wall time (sec):                 0.00
  cpu time (sec):                  0.17
  cpu/wall ratio:                 55.64

  AO Fock construction
  wall time (sec):                 0.02
  cpu time (sec):                  0.76
  cpu/wall ratio:                 50.83

  AO Fock construction
  wall time (sec):                 0.15
  cpu time (sec):                  8.06
  cpu/wall ratio:                 54.44

  SCF DIIS iteration time
  wall time (sec):                 0.17
  cpu time (sec):                  9.55
  cpu/wall ratio:                 54.57

  AO Fock construction
  wall time (sec):                 0.00
  cpu time (sec):                  0.16
  cpu/wall ratio:                 54.37

  SCF DIIS iteration time
  wall time (sec):                 0.02
  cpu time (sec):                  1.10
  cpu/wall ratio:                 52.24

  AO Fock construction
  wall time (sec):                 0.00
  cpu time (sec):                  0.11
  cpu/wall ratio:                 55.83

  SCF DIIS iteration time
  wall time (sec):                 0.01
  cpu time (sec):                  0.50
  cpu/wall ratio:                 50.39

  AO Fock construction
  wall time (sec):                 0.00
  cpu time (sec):                  0.11
  cpu/wall ratio:                 55.83

  SCF DIIS iteration time
  wall time (sec):                 0.01
  cpu time (sec):                  0.51
  cpu/wall ratio:                 50.64

  AO Fock construction
  wall time (sec):                 0.00
  cpu time (sec):                  0.11
  cpu/wall ratio:                 55.88

  SCF DIIS iteration time
  wall time (sec):                 0.01
  cpu time (sec):                  0.56
  cpu/wall ratio:                 50.72

  AO Fock construction
  wall time (sec):                 0.00
  cpu time (sec):                  0.11
  cpu/wall ratio:                 55.58

  SCF DIIS iteration time
  wall time (sec):                 0.01
  cpu time (sec):                  0.23
  cpu/wall ratio:                 46.42

  AO Fock construction
  wall time (sec):                 0.00
  cpu time (sec):                  0.11
  cpu/wall ratio:                 55.80

  SCF DIIS iteration time
  wall time (sec):                 0.01
  cpu time (sec):                  0.29
  cpu/wall ratio:                 48.17

  SCF DIIS iteration time
  wall time (sec):                 0.00
  cpu time (sec):                  0.16
  cpu/wall ratio:                 54.98

  SCF DIIS solver time
  wall time (sec):                 0.27
  cpu time (sec):                 14.25
  cpu/wall ratio:                 53.16

  Hartree-Fock engine
  wall time (sec):                 0.59
  cpu time (sec):                 26.84
  cpu/wall ratio:                 45.73


  :: Total time
  ================

  Total time in eT
  wall time (sec):                 0.72
  cpu time (sec):                 28.98
  cpu/wall ratio:                 40.14
