
  Preparation of molecular system (Libint)
  wall time (sec):                 0.00
  cpu time (sec):                  0.00
  cpu/wall ratio:                  1.11

  Preparation of molecular system (total)
  wall time (sec):                 0.11
  cpu time (sec):                  1.52
  cpu/wall ratio:                 13.72

  Cholesky decomposition of AO overlap
  wall time (sec):                 0.06
  cpu time (sec):                  3.29
  cpu/wall ratio:                 54.82


  :: Hartree-Fock engine
  =========================


  1) Generate initial SAD density

  SAD generation time
  wall time (sec):                 0.32
  cpu time (sec):                 13.73
  cpu/wall ratio:                 42.25


  2) Calculation of reference state (SCF-DIIS algorithm)

  AO Fock construction
  wall time (sec):                 0.01
  cpu time (sec):                  0.44
  cpu/wall ratio:                 54.58

  AO Fock construction
  wall time (sec):                 0.01
  cpu time (sec):                  0.46
  cpu/wall ratio:                 51.17

  AO Fock construction
  wall time (sec):                 0.08
  cpu time (sec):                  4.45
  cpu/wall ratio:                 54.22

  SCF DIIS iteration time
  wall time (sec):                 0.09
  cpu time (sec):                  4.73
  cpu/wall ratio:                 54.39

  AO Fock construction
  wall time (sec):                 0.00
  cpu time (sec):                  0.16
  cpu/wall ratio:                 54.83

  SCF DIIS iteration time
  wall time (sec):                 0.03
  cpu time (sec):                  1.38
  cpu/wall ratio:                 53.12

  AO Fock construction
  wall time (sec):                 0.07
  cpu time (sec):                  4.00
  cpu/wall ratio:                 54.85

  SCF DIIS iteration time
  wall time (sec):                 0.10
  cpu time (sec):                  5.55
  cpu/wall ratio:                 54.40

  AO Fock construction
  wall time (sec):                 0.07
  cpu time (sec):                  3.79
  cpu/wall ratio:                 54.86

  SCF DIIS iteration time
  wall time (sec):                 0.10
  cpu time (sec):                  5.33
  cpu/wall ratio:                 54.40

  AO Fock construction
  wall time (sec):                 0.00
  cpu time (sec):                  0.11
  cpu/wall ratio:                 55.85

  SCF DIIS iteration time
  wall time (sec):                 0.01
  cpu time (sec):                  0.45
  cpu/wall ratio:                 49.75

  AO Fock construction
  wall time (sec):                 0.00
  cpu time (sec):                  0.11
  cpu/wall ratio:                 55.78

  SCF DIIS iteration time
  wall time (sec):                 0.01
  cpu time (sec):                  0.51
  cpu/wall ratio:                 50.54

  AO Fock construction
  wall time (sec):                 0.00
  cpu time (sec):                  0.11
  cpu/wall ratio:                 55.80

  SCF DIIS iteration time
  wall time (sec):                 0.02
  cpu time (sec):                  1.04
  cpu/wall ratio:                 52.15

  SCF DIIS iteration time
  wall time (sec):                 0.00
  cpu time (sec):                  0.05
  cpu/wall ratio:                 54.46

  SCF DIIS solver time
  wall time (sec):                 0.39
  cpu time (sec):                 20.67
  cpu/wall ratio:                 53.69

  Hartree-Fock engine
  wall time (sec):                 0.71
  cpu time (sec):                 34.40
  cpu/wall ratio:                 48.46


  :: Total time
  ================

  Total time in eT
  wall time (sec):                 0.92
  cpu time (sec):                 41.41
  cpu/wall ratio:                 44.91
