
  Preparation of molecular system (Libint)
  wall time (sec):                 0.00
  cpu time (sec):                  0.00
  cpu/wall ratio:                  0.68

  Preparation of molecular system (total)
  wall time (sec):                 0.11
  cpu time (sec):                  1.52
  cpu/wall ratio:                 13.65

  Cholesky decomposition of AO overlap
  wall time (sec):                 0.00
  cpu time (sec):                  0.16
  cpu/wall ratio:                 54.59


  :: Hartree-Fock engine
  =========================


  1) Generate initial SAD density

  SAD generation time
  wall time (sec):                 0.33
  cpu time (sec):                 14.85
  cpu/wall ratio:                 44.60


  2) Calculation of reference state (SCF-DIIS algorithm)

  AO Fock construction
  wall time (sec):                 0.00
  cpu time (sec):                  0.13
  cpu/wall ratio:                 43.16

  AO Fock construction
  wall time (sec):                 0.01
  cpu time (sec):                  0.51
  cpu/wall ratio:                 50.88

  AO Fock construction
  wall time (sec):                 0.11
  cpu time (sec):                  6.13
  cpu/wall ratio:                 54.23

  SCF DIIS iteration time
  wall time (sec):                 0.12
  cpu time (sec):                  6.65
  cpu/wall ratio:                 54.48

  AO Fock construction
  wall time (sec):                 0.00
  cpu time (sec):                  0.11
  cpu/wall ratio:                 55.83

  SCF DIIS iteration time
  wall time (sec):                 0.03
  cpu time (sec):                  1.37
  cpu/wall ratio:                 52.59

  AO Fock construction
  wall time (sec):                 0.05
  cpu time (sec):                  2.63
  cpu/wall ratio:                 54.88

  SCF DIIS iteration time
  wall time (sec):                 0.07
  cpu time (sec):                  3.89
  cpu/wall ratio:                 54.03

  AO Fock construction
  wall time (sec):                 0.00
  cpu time (sec):                  0.11
  cpu/wall ratio:                 55.88

  SCF DIIS iteration time
  wall time (sec):                 0.01
  cpu time (sec):                  0.56
  cpu/wall ratio:                 50.74

  AO Fock construction
  wall time (sec):                 0.01
  cpu time (sec):                  0.66
  cpu/wall ratio:                 55.02

  SCF DIIS iteration time
  wall time (sec):                 0.04
  cpu time (sec):                  2.15
  cpu/wall ratio:                 53.79

  AO Fock construction
  wall time (sec):                 0.02
  cpu time (sec):                  1.04
  cpu/wall ratio:                 54.95

  SCF DIIS iteration time
  wall time (sec):                 0.05
  cpu time (sec):                  2.70
  cpu/wall ratio:                 54.01

  AO Fock construction
  wall time (sec):                 0.00
  cpu time (sec):                  0.11
  cpu/wall ratio:                 54.99

  SCF DIIS iteration time
  wall time (sec):                 0.02
  cpu time (sec):                  1.11
  cpu/wall ratio:                 52.75

  SCF DIIS iteration time
  wall time (sec):                 0.01
  cpu time (sec):                  0.66
  cpu/wall ratio:                 54.86

  SCF DIIS solver time
  wall time (sec):                 0.37
  cpu time (sec):                 19.97
  cpu/wall ratio:                 53.69

  Hartree-Fock engine
  wall time (sec):                 0.71
  cpu time (sec):                 34.83
  cpu/wall ratio:                 49.33


  :: Total time
  ================

  Total time in eT
  wall time (sec):                 0.84
  cpu time (sec):                 37.71
  cpu/wall ratio:                 44.73
