
  Preparation of molecular system (Libint)
  wall time (sec):                 0.00
  cpu time (sec):                  0.00
  cpu/wall ratio:                  0.74

  Preparation of molecular system (total)
  wall time (sec):                 0.10
  cpu time (sec):                  0.92
  cpu/wall ratio:                  9.13

  Cholesky decomposition of AO overlap
  wall time (sec):                 0.00
  cpu time (sec):                  0.22
  cpu/wall ratio:                 54.23


  :: Hartree-Fock engine
  =========================


  1) Generate initial SAD density

  SAD generation time
  wall time (sec):                 0.33
  cpu time (sec):                 14.25
  cpu/wall ratio:                 43.32


  2) Calculation of reference state (SCF-DIIS algorithm)

  AO Fock construction
  wall time (sec):                 0.00
  cpu time (sec):                  0.17
  cpu/wall ratio:                 55.41

  AO Fock construction
  wall time (sec):                 0.11
  cpu time (sec):                  6.08
  cpu/wall ratio:                 54.32

  AO Fock construction
  wall time (sec):                 0.06
  cpu time (sec):                  3.06
  cpu/wall ratio:                 53.72

  SCF DIIS iteration time
  wall time (sec):                 0.07
  cpu time (sec):                  3.73
  cpu/wall ratio:                 54.04

  AO Fock construction
  wall time (sec):                 0.15
  cpu time (sec):                  8.43
  cpu/wall ratio:                 54.75

  SCF DIIS iteration time
  wall time (sec):                 0.21
  cpu time (sec):                 11.65
  cpu/wall ratio:                 54.44

  AO Fock construction
  wall time (sec):                 0.00
  cpu time (sec):                  0.11
  cpu/wall ratio:                 53.37

  SCF DIIS iteration time
  wall time (sec):                 0.02
  cpu time (sec):                  1.09
  cpu/wall ratio:                 51.73

  AO Fock construction
  wall time (sec):                 0.00
  cpu time (sec):                  0.11
  cpu/wall ratio:                 55.77

  SCF DIIS iteration time
  wall time (sec):                 0.01
  cpu time (sec):                  0.55
  cpu/wall ratio:                 50.44

  AO Fock construction
  wall time (sec):                 0.00
  cpu time (sec):                  0.11
  cpu/wall ratio:                 55.85

  SCF DIIS iteration time
  wall time (sec):                 0.01
  cpu time (sec):                  0.65
  cpu/wall ratio:                 50.34

  AO Fock construction
  wall time (sec):                 0.00
  cpu time (sec):                  0.11
  cpu/wall ratio:                 55.79

  SCF DIIS iteration time
  wall time (sec):                 0.01
  cpu time (sec):                  0.49
  cpu/wall ratio:                 49.34

  AO Fock construction
  wall time (sec):                 0.00
  cpu time (sec):                  0.11
  cpu/wall ratio:                 55.85

  SCF DIIS iteration time
  wall time (sec):                 0.01
  cpu time (sec):                  0.60
  cpu/wall ratio:                 50.22

  SCF DIIS iteration time
  wall time (sec):                 0.01
  cpu time (sec):                  0.49
  cpu/wall ratio:                 54.90

  SCF DIIS solver time
  wall time (sec):                 0.48
  cpu time (sec):                 25.82
  cpu/wall ratio:                 53.67

  Hartree-Fock engine
  wall time (sec):                 0.81
  cpu time (sec):                 40.07
  cpu/wall ratio:                 49.47


  :: Total time
  ================

  Total time in eT
  wall time (sec):                 0.92
  cpu time (sec):                 41.54
  cpu/wall ratio:                 45.06
