
  Preparation of molecular system (Libint)
  wall time (sec):                 0.00
  cpu time (sec):                  0.00
  cpu/wall ratio:                  1.10

  Preparation of molecular system (total)
  wall time (sec):                 0.10
  cpu time (sec):                  0.97
  cpu/wall ratio:                  9.66

  Cholesky decomposition of AO overlap
  wall time (sec):                 0.00
  cpu time (sec):                  0.22
  cpu/wall ratio:                 54.38


  :: Hartree-Fock engine
  =========================


  1) Generate initial SAD density

  SAD generation time
  wall time (sec):                 0.31
  cpu time (sec):                 12.86
  cpu/wall ratio:                 41.34


  2) Calculation of reference state (SCF-DIIS algorithm)

  AO Fock construction
  wall time (sec):                 0.00
  cpu time (sec):                  0.06
  cpu/wall ratio:                 56.70

  AO Fock construction
  wall time (sec):                 0.01
  cpu time (sec):                  0.63
  cpu/wall ratio:                 52.45

  AO Fock construction
  wall time (sec):                 0.01
  cpu time (sec):                  0.45
  cpu/wall ratio:                 49.84

  SCF DIIS iteration time
  wall time (sec):                 0.02
  cpu time (sec):                  1.12
  cpu/wall ratio:                 53.21

  AO Fock construction
  wall time (sec):                 0.00
  cpu time (sec):                  0.11
  cpu/wall ratio:                 55.78

  SCF DIIS iteration time
  wall time (sec):                 0.03
  cpu time (sec):                  1.49
  cpu/wall ratio:                 53.26

  AO Fock construction
  wall time (sec):                 0.00
  cpu time (sec):                  0.11
  cpu/wall ratio:                 55.79

  SCF DIIS iteration time
  wall time (sec):                 0.02
  cpu time (sec):                  1.16
  cpu/wall ratio:                 52.93

  AO Fock construction
  wall time (sec):                 0.00
  cpu time (sec):                  0.11
  cpu/wall ratio:                 55.93

  SCF DIIS iteration time
  wall time (sec):                 0.01
  cpu time (sec):                  0.56
  cpu/wall ratio:                 51.08

  AO Fock construction
  wall time (sec):                 0.00
  cpu time (sec):                  0.11
  cpu/wall ratio:                 55.73

  SCF DIIS iteration time
  wall time (sec):                 0.01
  cpu time (sec):                  0.56
  cpu/wall ratio:                 50.86

  AO Fock construction
  wall time (sec):                 0.00
  cpu time (sec):                  0.11
  cpu/wall ratio:                 55.86

  SCF DIIS iteration time
  wall time (sec):                 0.01
  cpu time (sec):                  0.56
  cpu/wall ratio:                 50.82

  AO Fock construction
  wall time (sec):                 0.00
  cpu time (sec):                  0.11
  cpu/wall ratio:                 55.53

  SCF DIIS iteration time
  wall time (sec):                 0.02
  cpu time (sec):                  1.11
  cpu/wall ratio:                 52.82

  SCF DIIS iteration time
  wall time (sec):                 0.01
  cpu time (sec):                  0.55
  cpu/wall ratio:                 54.88

  SCF DIIS solver time
  wall time (sec):                 0.16
  cpu time (sec):                  8.58
  cpu/wall ratio:                 52.31

  Hartree-Fock engine
  wall time (sec):                 0.47
  cpu time (sec):                 21.44
  cpu/wall ratio:                 45.13


  :: Total time
  ================

  Total time in eT
  wall time (sec):                 0.59
  cpu time (sec):                 22.95
  cpu/wall ratio:                 39.17
