
  Preparation of molecular system (Libint)
  wall time (sec):                 0.00
  cpu time (sec):                  0.00
  cpu/wall ratio:                  0.95

  Preparation of molecular system (total)
  wall time (sec):                 0.18
  cpu time (sec):                  1.70
  cpu/wall ratio:                  9.41

  Cholesky decomposition of AO overlap
  wall time (sec):                 0.15
  cpu time (sec):                  5.52
  cpu/wall ratio:                 38.06


  :: Hartree-Fock engine
  =========================


  1) Generate initial SAD density

  SAD generation time
  wall time (sec):                22.29
  cpu time (sec):                836.23
  cpu/wall ratio:                 37.51


  2) Calculation of reference state (SCF-DIIS algorithm)

  AO Fock construction
  wall time (sec):                 0.30
  cpu time (sec):                  9.96
  cpu/wall ratio:                 32.75

  AO Fock construction
  wall time (sec):                 0.35
  cpu time (sec):                 11.98
  cpu/wall ratio:                 34.64

  AO Fock construction
  wall time (sec):                 0.35
  cpu time (sec):                 11.93
  cpu/wall ratio:                 33.59

  SCF DIIS iteration time
  wall time (sec):                 1.58
  cpu time (sec):                 45.05
  cpu/wall ratio:                 28.47

  AO Fock construction
  wall time (sec):                 0.38
  cpu time (sec):                 12.22
  cpu/wall ratio:                 32.25

  SCF DIIS iteration time
  wall time (sec):                 1.77
  cpu time (sec):                 47.13
  cpu/wall ratio:                 26.61

  AO Fock construction
  wall time (sec):                 0.38
  cpu time (sec):                 13.12
  cpu/wall ratio:                 34.18

  SCF DIIS iteration time
  wall time (sec):                 1.58
  cpu time (sec):                 44.77
  cpu/wall ratio:                 28.26

  AO Fock construction
  wall time (sec):                 0.34
  cpu time (sec):                 11.93
  cpu/wall ratio:                 35.28

  SCF DIIS iteration time
  wall time (sec):                 1.53
  cpu time (sec):                 43.24
  cpu/wall ratio:                 28.21

  AO Fock construction
  wall time (sec):                 0.36
  cpu time (sec):                 11.90
  cpu/wall ratio:                 32.78

  SCF DIIS iteration time
  wall time (sec):                 1.52
  cpu time (sec):                 41.20
  cpu/wall ratio:                 27.14

  AO Fock construction
  wall time (sec):                 0.36
  cpu time (sec):                 12.36
  cpu/wall ratio:                 34.23

  SCF DIIS iteration time
  wall time (sec):                 1.36
  cpu time (sec):                 40.62
  cpu/wall ratio:                 29.80

  AO Fock construction
  wall time (sec):                 0.33
  cpu time (sec):                 11.94
  cpu/wall ratio:                 36.51

  SCF DIIS iteration time
  wall time (sec):                 1.45
  cpu time (sec):                 41.67
  cpu/wall ratio:                 28.82

  AO Fock construction
  wall time (sec):                 0.33
  cpu time (sec):                 11.22
  cpu/wall ratio:                 33.91

  SCF DIIS iteration time
  wall time (sec):                 1.38
  cpu time (sec):                 40.20
  cpu/wall ratio:                 29.24

  SCF DIIS iteration time
  wall time (sec):                 0.00
  cpu time (sec):                  0.04
  cpu/wall ratio:                 35.43

  SCF DIIS solver time
  wall time (sec):                14.40
  cpu time (sec):                409.07
  cpu/wall ratio:                 28.42

  Hartree-Fock engine
  wall time (sec):                36.69
  cpu time (sec):               1245.31
  cpu/wall ratio:                 33.94


  :: Total time
  ================

  Total time in eT
  wall time (sec):                37.30
  cpu time (sec):               1260.37
  cpu/wall ratio:                 33.79
