
  Preparation of molecular system (Libint)
  wall time (sec):                 0.00
  cpu time (sec):                  0.00
  cpu/wall ratio:                  0.98

  Preparation of molecular system (total)
  wall time (sec):                 0.16
  cpu time (sec):                  1.13
  cpu/wall ratio:                  6.86

  Cholesky decomposition of AO overlap
  wall time (sec):                 0.15
  cpu time (sec):                  5.91
  cpu/wall ratio:                 39.69


  :: Hartree-Fock engine
  =========================


  1) Generate initial SAD density

  SAD generation time
  wall time (sec):                22.78
  cpu time (sec):                897.13
  cpu/wall ratio:                 39.37


  2) Calculation of reference state (SCF-DIIS algorithm)

  AO Fock construction
  wall time (sec):                 0.31
  cpu time (sec):                 11.03
  cpu/wall ratio:                 35.24

  AO Fock construction
  wall time (sec):                 0.39
  cpu time (sec):                 12.23
  cpu/wall ratio:                 31.69

  AO Fock construction
  wall time (sec):                 0.37
  cpu time (sec):                 12.39
  cpu/wall ratio:                 33.12

  SCF DIIS iteration time
  wall time (sec):                 1.46
  cpu time (sec):                 40.85
  cpu/wall ratio:                 28.04

  AO Fock construction
  wall time (sec):                 0.34
  cpu time (sec):                 12.05
  cpu/wall ratio:                 35.64

  SCF DIIS iteration time
  wall time (sec):                 1.49
  cpu time (sec):                 42.87
  cpu/wall ratio:                 28.87

  AO Fock construction
  wall time (sec):                 0.38
  cpu time (sec):                 12.48
  cpu/wall ratio:                 32.94

  SCF DIIS iteration time
  wall time (sec):                 1.49
  cpu time (sec):                 42.43
  cpu/wall ratio:                 28.38

  AO Fock construction
  wall time (sec):                 0.33
  cpu time (sec):                 11.78
  cpu/wall ratio:                 36.02

  SCF DIIS iteration time
  wall time (sec):                 1.36
  cpu time (sec):                 40.62
  cpu/wall ratio:                 29.76

  AO Fock construction
  wall time (sec):                 0.36
  cpu time (sec):                 12.39
  cpu/wall ratio:                 34.60

  SCF DIIS iteration time
  wall time (sec):                 1.42
  cpu time (sec):                 41.27
  cpu/wall ratio:                 29.14

  AO Fock construction
  wall time (sec):                 0.40
  cpu time (sec):                 13.57
  cpu/wall ratio:                 33.67

  SCF DIIS iteration time
  wall time (sec):                 1.56
  cpu time (sec):                 45.30
  cpu/wall ratio:                 28.96

  AO Fock construction
  wall time (sec):                 0.37
  cpu time (sec):                 12.50
  cpu/wall ratio:                 33.88

  SCF DIIS iteration time
  wall time (sec):                 1.61
  cpu time (sec):                 44.63
  cpu/wall ratio:                 27.77

  AO Fock construction
  wall time (sec):                 0.34
  cpu time (sec):                 11.89
  cpu/wall ratio:                 34.47

  SCF DIIS iteration time
  wall time (sec):                 1.60
  cpu time (sec):                 45.89
  cpu/wall ratio:                 28.72

  AO Fock construction
  wall time (sec):                 0.36
  cpu time (sec):                 12.29
  cpu/wall ratio:                 33.67

  SCF DIIS iteration time
  wall time (sec):                 1.69
  cpu time (sec):                 47.11
  cpu/wall ratio:                 27.89

  SCF DIIS iteration time
  wall time (sec):                 0.01
  cpu time (sec):                  0.37
  cpu/wall ratio:                 36.79

  SCF DIIS solver time
  wall time (sec):                16.05
  cpu time (sec):                457.51
  cpu/wall ratio:                 28.50

  Hartree-Fock engine
  wall time (sec):                38.84
  cpu time (sec):               1354.64
  cpu/wall ratio:                 34.88


  :: Total time
  ================

  Total time in eT
  wall time (sec):                39.45
  cpu time (sec):               1369.51
  cpu/wall ratio:                 34.71
