


                     eT - an electronic structure program

  ------------------------------------------------------------------------
   Author list in alphabetical order:
  ------------------------------------------------------------------------
   J. H. Andersen, A. Balbi, S. Coriani, S. D. Folkestad, T. Giovannini, 
   L. Goletto, T. S. Haugland, A. Hutcheson, I-M. Høyvik, E. F. Kjønstad, 
   H. Koch, T. Moitra, R. H. Myhre, A. C. Paul, M. Scavino, A. Skeidsvoll, 
   Å. H. Tveten
  ------------------------------------------------------------------------


  :: Input file
  ================

     Note: geometry section is excluded from this print

     system
        name: acetonitrile scan 7.00
        charge: 0
     end system

     do
       ground state
     end do

     memory
        available: 8
     end memory

     solver scf
        algorithm: scf-diis
     end solver scf

     molecular mechanics
        forcefield: non-polarizable
     end molecular mechanics

     method
        hf
     end method


  Running on 56 OMP thread(s)
  Memory available for calculation: 8.000000 GB


  :: Molecular system specifications (QM)
  ==========================================

     Name:             acetonitrile scan 7.00
     Charge:           0
     Multiplicity:     1
     Coordinate units: angstrom

     Pure basis functions:         87
     Cartesian basis functions:    90
     Primitive basis functions:   135

     Nuclear repulsion energy (a.u.):             58.467242266463
     Bohr/angstrom value (CODATA 2010):            0.529177210920

     ==============================================================================
                                     Geometry (angstrom)
     ==============================================================================
        Atom           X                  Y                  Z         # in input
     ==============================================================================
        Basis: 6-311++g**
        1 C     -1.183009000000     0.000009000000     0.000044000000        1
        2 C      0.280591000000    -0.000033000000    -0.000101000000        2
        3 N      1.434854000000     0.000012000000     0.000006000000        3
        4 H     -1.551986000000     0.908175000000     0.472453000000        4
        5 H     -1.551961000000    -0.863153000000     0.550412000000        5
        6 H     -1.552113000000    -0.044999000000    -1.022607000000        6
     ==============================================================================

     ==============================================================================
                                     Geometry (a.u.)
     ==============================================================================
        Atom           X                  Y                  Z         # in input
     ==============================================================================
        Basis: 6-311++g**
        1 C     -2.235563012896     0.000017007535     0.000083147949        1
        2 C      0.530240143018    -0.000062360962    -0.000190862339        2
        3 N      2.711481088737     0.000022676713     0.000011338357        3
        4 H     -2.932828489159     1.716202023177     0.892806776729        4
        5 H     -2.932781246006    -1.631122773597     1.040127935674        5
        6 H     -2.933068484377    -0.085035785879    -1.932447163063        6
     ==============================================================================


  :: Molecular system specifications (MM)
  ==========================================

     Force Field:  non-polarizable

     Number of MM atoms:                   2
     Number of MM molecules:               1

    ====================================================================
                        MM Geometry (Å) and Parameters
    ====================================================================
    Atom    Mol             X          Y          Z            Charge
    ====================================================================
      H       1         8.434855   0.000285   0.000655        1.000000
      H       1         9.434855   0.000324   0.000748       -1.000000
    ====================================================================


  :: RHF wavefunction
  ======================

  This is a QM/MM calculation

     Electrostatic Embedding:

     Each atom of the MM portion is endowed with a charge which value 
     is a fixed external parameter.

     The QM/MM electrostatic interaction energy is defined as:

        E^ele_QM/MM = sum_i q_i * V_i(P)

     where V_i(P) is the electrostatic potential due to the QM density 
     calculated at the position of the i-th charge q_i.

     For further details, see:
     Senn & Thiel, Angew. Chem. Int. Ed., 2009, 48, 1198−1229


  - Cholesky decomposition of AO overlap to get linearly independent orbitals:

  - Orbital details:

     Number of occupied orbitals:        11
     Number of virtual orbitals:         76
     Number of molecular orbitals:       87
     Number of atomic orbitals:          87


  :: Hartree-Fock engine
  =========================

  Drives the calculation of the Hartree-Fock state.

  This is a RHF ground state calculation.
  The following tasks will be performed:

     1) Generate initial SAD density
     2) Calculation of reference state (SCF-DIIS algorithm)


  1) Generate initial SAD density


  2) Calculation of reference state (SCF-DIIS algorithm)

   - Self-consistent field DIIS Hartree-Fock solver
  ----------------------------------------------------

  A DIIS-accelerated Roothan-Hall self-consistent field solver. A least-square 
  DIIS fit is performed on the previous Fock matrices and associated gradients. 
  Following the Roothan-Hall update of the density, the DIIS-fitted Fock 
  matrix is used to get the next orbital coefficients.

  - Hartree-Fock solver settings:

     DIIS dimension:                         8
     Cumulative Fock threshold:       0.10E+01

     Energy threshold:              0.1000E-05
     Gradient threshold:            0.1000E-05

     Coulomb screening threshold:   0.1000E-11
     Exchange screening threshold:  0.1000E-09
     Fock precision:                0.1000E-23
     Integral cutoff:               0.1000E-11

  - Setting initial AO density to SAD

     Energy of initial guess:              -133.164522650594
     Number of electrons in guess:           22.000000000000

  Iteration       Energy (a.u.)      Max(grad.)    Delta E (a.u.)
  ---------------------------------------------------------------
     1          -132.431900127215     0.6996E-01     0.1324E+03
     2          -132.466291186878     0.6722E-01     0.3439E-01
     3          -132.490290103038     0.1024E-01     0.2400E-01
     4          -132.491837895310     0.1655E-02     0.1548E-02
     5          -132.491892944996     0.1092E-02     0.5505E-04
     6          -132.491899846876     0.2361E-03     0.6902E-05
     7          -132.491900284727     0.2982E-04     0.4379E-06
     8          -132.491900293992     0.2884E-05     0.9265E-08
     9          -132.491900294245     0.1010E-05     0.2524E-09
    10          -132.491900294216     0.3037E-06     0.2856E-10
  ---------------------------------------------------------------
  Convergence criterion met in 10 iterations!

  - Summary of RHF wavefunction energetics (a.u.):

     HOMO-LUMO gap:                  0.499240930331
     Nuclear repulsion energy:      58.092101015415
     Electronic energy:           -190.584001309631
     Total energy:                -132.491900294216

  - Summary of QM/MM energetics:
                                         a.u.             eV     kcal/mol
     QM/MM SCF Contribution:        -0.155643354592
     QM/MM Electrostatic Energy:    -0.001607397410    -0.04374    -1.009

  - Molecular orbital energies

  -----------------------------------------------------------------------------------
   1 -15.581316339422  23   0.185626140929  45   1.104201030257  67   2.780512126367
   2 -11.293358572246  24   0.185628930914  46   1.104203589054  68   2.780530608545
   3 -11.289450211384  25   0.274104457771  47   1.244510374325  69   2.852988820716
   4  -1.233057989988  26   0.274114855075  48   1.244517684964  70   2.853012673771
   5  -1.048915283722  27   0.304768107872  49   1.355831452091  71   2.917214194404
   6  -0.705462612079  28   0.316371129501  50   1.488044851292  72   3.151158621172
   7  -0.637967218553  29   0.316375488583  51   1.488056032102  73   3.151175874759
   8  -0.637962488898  30   0.321729107132  52   1.644742562988  74   3.218653072730
   9  -0.565919898554  31   0.355761792645  53   1.665191018177  75   3.256662892554
  10  -0.471829079772  32   0.411415723784  54   1.719642249981  76   3.256676868614
  11  -0.471828348318  33   0.575281841266  55   1.719671055701  77   3.389119358381
  12   0.027412582013  34   0.575290975739  56   1.788069887473  78   3.554266502617
  13   0.060612906569  35   0.598098808950  57   1.788083247137  79   4.175397384884
  14   0.060613813280  36   0.730221501929  58   2.001233853849  80   4.175438783015
  15   0.077057401530  37   0.730224574392  59   2.120112529869  81   4.275937289761
  16   0.126880401116  38   0.806140748149  60   2.120130821561  82   4.467064521251
  17   0.131867969699  39   0.806141163902  61   2.265212495917  83   4.467073852804
  18   0.131869451517  40   0.845774483256  62   2.390299177987  84   5.051396697982
  19   0.139189433206  41   0.877388679280  63   2.390328417411  85  25.028736011915
  20   0.139192543495  42   0.930312255275  64   2.481545234345  86  25.457947208993
  21   0.171015190809  43   1.008737566362  65   2.481570309546  87  37.265151045447
  22   0.182963061372  44   1.090720900661  66   2.729844058984
  -----------------------------------------------------------------------------------

  - Timings for the RHF ground state calculation

     Total wall time (sec):             38.32600
     Total cpu time (sec):            1288.78675

  eT terminated successfully!
