


                     eT - an electronic structure program

  ------------------------------------------------------------------------
   Author list in alphabetical order:
  ------------------------------------------------------------------------
   J. H. Andersen, A. Balbi, S. Coriani, S. D. Folkestad, T. Giovannini, 
   L. Goletto, T. S. Haugland, A. Hutcheson, I-M. Høyvik, E. F. Kjønstad, 
   H. Koch, T. Moitra, R. H. Myhre, A. C. Paul, M. Scavino, A. Skeidsvoll, 
   Å. H. Tveten
  ------------------------------------------------------------------------


  :: Input file
  ================

     Note: geometry section is excluded from this print

     system
        name: acetonitrile scan 5.50
        charge: 0
     end system

     do
       ground state
     end do

     memory
        available: 8
     end memory

     solver scf
        algorithm: scf-diis
     end solver scf

     molecular mechanics
        forcefield: non-polarizable
     end molecular mechanics

     method
        hf
     end method


  Running on 56 OMP thread(s)
  Memory available for calculation: 8.000000 GB


  :: Molecular system specifications (QM)
  ==========================================

     Name:             acetonitrile scan 5.50
     Charge:           0
     Multiplicity:     1
     Coordinate units: angstrom

     Pure basis functions:         87
     Cartesian basis functions:    90
     Primitive basis functions:   135

     Nuclear repulsion energy (a.u.):             58.467242266463
     Bohr/angstrom value (CODATA 2010):            0.529177210920

     ==============================================================================
                                     Geometry (angstrom)
     ==============================================================================
        Atom           X                  Y                  Z         # in input
     ==============================================================================
        Basis: 6-311++g**
        1 C     -1.183009000000     0.000009000000     0.000044000000        1
        2 C      0.280591000000    -0.000033000000    -0.000101000000        2
        3 N      1.434854000000     0.000012000000     0.000006000000        3
        4 H     -1.551986000000     0.908175000000     0.472453000000        4
        5 H     -1.551961000000    -0.863153000000     0.550412000000        5
        6 H     -1.552113000000    -0.044999000000    -1.022607000000        6
     ==============================================================================

     ==============================================================================
                                     Geometry (a.u.)
     ==============================================================================
        Atom           X                  Y                  Z         # in input
     ==============================================================================
        Basis: 6-311++g**
        1 C     -2.235563012896     0.000017007535     0.000083147949        1
        2 C      0.530240143018    -0.000062360962    -0.000190862339        2
        3 N      2.711481088737     0.000022676713     0.000011338357        3
        4 H     -2.932828489159     1.716202023177     0.892806776729        4
        5 H     -2.932781246006    -1.631122773597     1.040127935674        5
        6 H     -2.933068484377    -0.085035785879    -1.932447163063        6
     ==============================================================================


  :: Molecular system specifications (MM)
  ==========================================

     Force Field:  non-polarizable

     Number of MM atoms:                   2
     Number of MM molecules:               1

    ====================================================================
                        MM Geometry (Å) and Parameters
    ====================================================================
    Atom    Mol             X          Y          Z            Charge
    ====================================================================
      H       1         6.934854   0.000226   0.000516        1.000000
      H       1         7.934854   0.000265   0.000609       -1.000000
    ====================================================================


  :: RHF wavefunction
  ======================

  This is a QM/MM calculation

     Electrostatic Embedding:

     Each atom of the MM portion is endowed with a charge which value 
     is a fixed external parameter.

     The QM/MM electrostatic interaction energy is defined as:

        E^ele_QM/MM = sum_i q_i * V_i(P)

     where V_i(P) is the electrostatic potential due to the QM density 
     calculated at the position of the i-th charge q_i.

     For further details, see:
     Senn & Thiel, Angew. Chem. Int. Ed., 2009, 48, 1198−1229


  - Cholesky decomposition of AO overlap to get linearly independent orbitals:

  - Orbital details:

     Number of occupied orbitals:        11
     Number of virtual orbitals:         76
     Number of molecular orbitals:       87
     Number of atomic orbitals:          87


  :: Hartree-Fock engine
  =========================

  Drives the calculation of the Hartree-Fock state.

  This is a RHF ground state calculation.
  The following tasks will be performed:

     1) Generate initial SAD density
     2) Calculation of reference state (SCF-DIIS algorithm)


  1) Generate initial SAD density


  2) Calculation of reference state (SCF-DIIS algorithm)

   - Self-consistent field DIIS Hartree-Fock solver
  ----------------------------------------------------

  A DIIS-accelerated Roothan-Hall self-consistent field solver. A least-square 
  DIIS fit is performed on the previous Fock matrices and associated gradients. 
  Following the Roothan-Hall update of the density, the DIIS-fitted Fock 
  matrix is used to get the next orbital coefficients.

  - Hartree-Fock solver settings:

     DIIS dimension:                         8
     Cumulative Fock threshold:       0.10E+01

     Energy threshold:              0.1000E-05
     Gradient threshold:            0.1000E-05

     Coulomb screening threshold:   0.1000E-11
     Exchange screening threshold:  0.1000E-09
     Fock precision:                0.1000E-23
     Integral cutoff:               0.1000E-11

  - Setting initial AO density to SAD

     Energy of initial guess:              -133.164522648919
     Number of electrons in guess:           22.000000000000

  Iteration       Energy (a.u.)      Max(grad.)    Delta E (a.u.)
  ---------------------------------------------------------------
     1          -132.432345424888     0.7092E-01     0.1324E+03
     2          -132.466872667814     0.6807E-01     0.3453E-01
     3          -132.491645835718     0.1006E-01     0.2477E-01
     4          -132.493182364051     0.1644E-02     0.1537E-02
     5          -132.493237302730     0.1089E-02     0.5494E-04
     6          -132.493244183187     0.2366E-03     0.6880E-05
     7          -132.493244621480     0.3032E-04     0.4383E-06
     8          -132.493244630868     0.3178E-05     0.9388E-08
     9          -132.493244631121     0.1149E-05     0.2524E-09
    10          -132.493244631103     0.2956E-06     0.1728E-10
  ---------------------------------------------------------------
  Convergence criterion met in 10 iterations!

  - Summary of RHF wavefunction energetics (a.u.):

     HOMO-LUMO gap:                  0.501677757814
     Nuclear repulsion energy:      58.166250899061
     Electronic energy:           -190.659495530165
     Total energy:                -132.493244631103

  - Summary of QM/MM energetics:
                                         a.u.             eV     kcal/mol
     QM/MM SCF Contribution:        -0.231177466037
     QM/MM Electrostatic Energy:    -0.002991625210    -0.08141    -1.877

  - Molecular orbital energies

  -----------------------------------------------------------------------------------
   1 -15.585119557609  23   0.181778517553  45   1.099792998288  67   2.778047223124
   2 -11.295978961520  24   0.181781729693  46   1.099795548701  68   2.778065708979
   3 -11.293682095026  25   0.271132619417  47   1.241509259425  69   2.850315898655
   4  -1.236994426896  26   0.271142796254  48   1.241516580358  70   2.850339821541
   5  -1.051801009603  27   0.295760958384  49   1.351617746743  71   2.913468931054
   6  -0.708533608791  28   0.312398298190  50   1.484421439553  72   3.147567160330
   7  -0.640639445354  29   0.312402632276  51   1.484432638936  73   3.147584421455
   8  -0.640634730572  30   0.318145264214  52   1.640995413356  74   3.216070486660
   9  -0.570521070020  31   0.353484670764  53   1.662800410401  75   3.252559681325
  10  -0.475731832474  32   0.408456324222  54   1.716525123708  76   3.252573688342
  11  -0.475731094686  33   0.572915246043  55   1.716553901936  77   3.385248230732
  12   0.025946663127  34   0.572924351454  56   1.785576868308  78   3.550278927511
  13   0.059190773176  35   0.594919989215  57   1.785590193777  79   4.172726935957
  14   0.059191629405  36   0.726744473955  58   1.998377792167  80   4.172768249231
  15   0.072737970317  37   0.726747521368  59   2.117158072175  81   4.272650955163
  16   0.123760110383  38   0.803792721699  60   2.117176375548  82   4.463119943324
  17   0.129594667192  39   0.803793141869  61   2.262588595948  83   4.463129346189
  18   0.129596350016  40   0.842520022129  62   2.386275202200  84   5.047145412737
  19   0.137200970097  41   0.874550814881  63   2.386304219067  85  25.025981972653
  20   0.137204042001  42   0.927103660995  64   2.478535484009  86  25.453888324899
  21   0.168886363505  43   1.002299270939  65   2.478560322209  87  37.261339143085
  22   0.179176024947  44   1.087956978085  66   2.727289642212
  -----------------------------------------------------------------------------------

  - Timings for the RHF ground state calculation

     Total wall time (sec):             37.99900
     Total cpu time (sec):            1277.48240

  eT terminated successfully!
