
  Preparation of molecular system (Libint)
  wall time (sec):                 0.00
  cpu time (sec):                  0.00
  cpu/wall ratio:                  0.87

  Preparation of molecular system (total)
  wall time (sec):                 0.20
  cpu time (sec):                  2.31
  cpu/wall ratio:                 11.59

  Cholesky decomposition of AO overlap
  wall time (sec):                 0.20
  cpu time (sec):                  7.40
  cpu/wall ratio:                 37.00


  :: Hartree-Fock engine
  =========================


  1) Generate initial SAD density

  SAD generation time
  wall time (sec):                23.25
  cpu time (sec):                904.39
  cpu/wall ratio:                 38.90


  2) Calculation of reference state (SCF-DIIS algorithm)

  AO Fock construction
  wall time (sec):                 0.31
  cpu time (sec):                 10.52
  cpu/wall ratio:                 34.38

  AO Fock construction
  wall time (sec):                 0.36
  cpu time (sec):                 11.47
  cpu/wall ratio:                 32.13

  AO Fock construction
  wall time (sec):                 0.35
  cpu time (sec):                 11.90
  cpu/wall ratio:                 34.10

  SCF DIIS iteration time
  wall time (sec):                 1.50
  cpu time (sec):                 42.14
  cpu/wall ratio:                 28.04

  AO Fock construction
  wall time (sec):                 0.37
  cpu time (sec):                 12.31
  cpu/wall ratio:                 33.27

  SCF DIIS iteration time
  wall time (sec):                 1.49
  cpu time (sec):                 43.21
  cpu/wall ratio:                 28.96

  AO Fock construction
  wall time (sec):                 0.37
  cpu time (sec):                 12.01
  cpu/wall ratio:                 32.30

  SCF DIIS iteration time
  wall time (sec):                 1.22
  cpu time (sec):                 37.74
  cpu/wall ratio:                 30.84

  AO Fock construction
  wall time (sec):                 0.43
  cpu time (sec):                 12.99
  cpu/wall ratio:                 30.42

  SCF DIIS iteration time
  wall time (sec):                 1.54
  cpu time (sec):                 42.49
  cpu/wall ratio:                 27.61

  AO Fock construction
  wall time (sec):                 0.33
  cpu time (sec):                 11.79
  cpu/wall ratio:                 35.29

  SCF DIIS iteration time
  wall time (sec):                 1.55
  cpu time (sec):                 44.50
  cpu/wall ratio:                 28.75

  AO Fock construction
  wall time (sec):                 0.37
  cpu time (sec):                 12.59
  cpu/wall ratio:                 34.02

  SCF DIIS iteration time
  wall time (sec):                 1.73
  cpu time (sec):                 47.75
  cpu/wall ratio:                 27.54

  AO Fock construction
  wall time (sec):                 0.34
  cpu time (sec):                 12.57
  cpu/wall ratio:                 36.54

  SCF DIIS iteration time
  wall time (sec):                 1.36
  cpu time (sec):                 39.96
  cpu/wall ratio:                 29.38

  AO Fock construction
  wall time (sec):                 0.38
  cpu time (sec):                 12.06
  cpu/wall ratio:                 31.89

  SCF DIIS iteration time
  wall time (sec):                 1.55
  cpu time (sec):                 44.34
  cpu/wall ratio:                 28.57

  AO Fock construction
  wall time (sec):                 0.36
  cpu time (sec):                 11.70
  cpu/wall ratio:                 32.69

  SCF DIIS iteration time
  wall time (sec):                 1.46
  cpu time (sec):                 42.05
  cpu/wall ratio:                 28.80

  SCF DIIS iteration time
  wall time (sec):                 0.01
  cpu time (sec):                  0.59
  cpu/wall ratio:                 41.86

  SCF DIIS solver time
  wall time (sec):                15.95
  cpu time (sec):                455.83
  cpu/wall ratio:                 28.58

  Hartree-Fock engine
  wall time (sec):                39.20
  cpu time (sec):               1360.27
  cpu/wall ratio:                 34.70


  :: Total time
  ================

  Total time in eT
  wall time (sec):                39.89
  cpu time (sec):               1376.29
  cpu/wall ratio:                 34.50
