
  Preparation of molecular system (Libint)
  wall time (sec):                 0.00
  cpu time (sec):                  0.00
  cpu/wall ratio:                  0.77

  Preparation of molecular system (total)
  wall time (sec):                 0.18
  cpu time (sec):                  1.54
  cpu/wall ratio:                  8.72

  Cholesky decomposition of AO overlap
  wall time (sec):                 0.19
  cpu time (sec):                  6.94
  cpu/wall ratio:                 36.54


  :: Hartree-Fock engine
  =========================


  1) Generate initial SAD density

  SAD generation time
  wall time (sec):                20.82
  cpu time (sec):                711.83
  cpu/wall ratio:                 34.20


  2) Calculation of reference state (SCF-DIIS algorithm)

  AO Fock construction
  wall time (sec):                 0.33
  cpu time (sec):                  9.98
  cpu/wall ratio:                 29.97

  AO Fock construction
  wall time (sec):                 0.39
  cpu time (sec):                 12.70
  cpu/wall ratio:                 32.73

  AO Fock construction
  wall time (sec):                 0.33
  cpu time (sec):                 11.70
  cpu/wall ratio:                 35.88

  SCF DIIS iteration time
  wall time (sec):                 1.43
  cpu time (sec):                 41.32
  cpu/wall ratio:                 28.82

  AO Fock construction
  wall time (sec):                 0.33
  cpu time (sec):                 12.03
  cpu/wall ratio:                 36.01

  SCF DIIS iteration time
  wall time (sec):                 1.44
  cpu time (sec):                 41.38
  cpu/wall ratio:                 28.74

  AO Fock construction
  wall time (sec):                 0.32
  cpu time (sec):                 11.51
  cpu/wall ratio:                 36.18

  SCF DIIS iteration time
  wall time (sec):                 1.42
  cpu time (sec):                 41.60
  cpu/wall ratio:                 29.27

  AO Fock construction
  wall time (sec):                 0.40
  cpu time (sec):                 13.09
  cpu/wall ratio:                 32.98

  SCF DIIS iteration time
  wall time (sec):                 1.67
  cpu time (sec):                 46.37
  cpu/wall ratio:                 27.84

  AO Fock construction
  wall time (sec):                 0.37
  cpu time (sec):                 12.34
  cpu/wall ratio:                 33.71

  SCF DIIS iteration time
  wall time (sec):                 1.54
  cpu time (sec):                 43.08
  cpu/wall ratio:                 28.05

  AO Fock construction
  wall time (sec):                 0.29
  cpu time (sec):                 10.70
  cpu/wall ratio:                 36.91

  SCF DIIS iteration time
  wall time (sec):                 1.52
  cpu time (sec):                 43.34
  cpu/wall ratio:                 28.53

  AO Fock construction
  wall time (sec):                 0.36
  cpu time (sec):                 12.19
  cpu/wall ratio:                 34.05

  SCF DIIS iteration time
  wall time (sec):                 1.51
  cpu time (sec):                 43.82
  cpu/wall ratio:                 28.96

  AO Fock construction
  wall time (sec):                 0.33
  cpu time (sec):                 11.77
  cpu/wall ratio:                 35.14

  SCF DIIS iteration time
  wall time (sec):                 1.60
  cpu time (sec):                 44.61
  cpu/wall ratio:                 27.81

  SCF DIIS iteration time
  wall time (sec):                 0.00
  cpu time (sec):                  0.03
  cpu/wall ratio:                 32.22

  SCF DIIS solver time
  wall time (sec):                14.36
  cpu time (sec):                407.61
  cpu/wall ratio:                 28.39

  Hartree-Fock engine
  wall time (sec):                35.18
  cpu time (sec):               1119.46
  cpu/wall ratio:                 31.82


  :: Total time
  ================

  Total time in eT
  wall time (sec):                35.87
  cpu time (sec):               1136.37
  cpu/wall ratio:                 31.68
