
  Preparation of molecular system (Libint)
  wall time (sec):                 0.00
  cpu time (sec):                  0.00
  cpu/wall ratio:                  0.91

  Preparation of molecular system (total)
  wall time (sec):                 0.18
  cpu time (sec):                  1.43
  cpu/wall ratio:                  7.92

  Cholesky decomposition of AO overlap
  wall time (sec):                 0.17
  cpu time (sec):                  6.22
  cpu/wall ratio:                 35.98


  :: Hartree-Fock engine
  =========================


  1) Generate initial SAD density

  SAD generation time
  wall time (sec):                22.93
  cpu time (sec):                876.44
  cpu/wall ratio:                 38.22


  2) Calculation of reference state (SCF-DIIS algorithm)

  AO Fock construction
  wall time (sec):                 0.31
  cpu time (sec):                 10.52
  cpu/wall ratio:                 33.84

  AO Fock construction
  wall time (sec):                 0.33
  cpu time (sec):                 11.78
  cpu/wall ratio:                 35.79

  AO Fock construction
  wall time (sec):                 0.37
  cpu time (sec):                 12.40
  cpu/wall ratio:                 33.69

  SCF DIIS iteration time
  wall time (sec):                 1.34
  cpu time (sec):                 39.13
  cpu/wall ratio:                 29.09

  AO Fock construction
  wall time (sec):                 0.38
  cpu time (sec):                 12.87
  cpu/wall ratio:                 33.97

  SCF DIIS iteration time
  wall time (sec):                 1.68
  cpu time (sec):                 46.51
  cpu/wall ratio:                 27.67

  AO Fock construction
  wall time (sec):                 0.34
  cpu time (sec):                 11.79
  cpu/wall ratio:                 34.27

  SCF DIIS iteration time
  wall time (sec):                 1.43
  cpu time (sec):                 40.85
  cpu/wall ratio:                 28.60

  AO Fock construction
  wall time (sec):                 0.34
  cpu time (sec):                 12.06
  cpu/wall ratio:                 35.90

  SCF DIIS iteration time
  wall time (sec):                 1.50
  cpu time (sec):                 43.47
  cpu/wall ratio:                 29.06

  AO Fock construction
  wall time (sec):                 0.33
  cpu time (sec):                 11.83
  cpu/wall ratio:                 35.97

  SCF DIIS iteration time
  wall time (sec):                 1.46
  cpu time (sec):                 41.40
  cpu/wall ratio:                 28.45

  AO Fock construction
  wall time (sec):                 0.35
  cpu time (sec):                 12.02
  cpu/wall ratio:                 34.44

  SCF DIIS iteration time
  wall time (sec):                 1.62
  cpu time (sec):                 46.60
  cpu/wall ratio:                 28.78

  AO Fock construction
  wall time (sec):                 0.36
  cpu time (sec):                 12.51
  cpu/wall ratio:                 34.56

  SCF DIIS iteration time
  wall time (sec):                 1.51
  cpu time (sec):                 43.87
  cpu/wall ratio:                 29.09

  AO Fock construction
  wall time (sec):                 0.36
  cpu time (sec):                 11.85
  cpu/wall ratio:                 32.55

  SCF DIIS iteration time
  wall time (sec):                 1.46
  cpu time (sec):                 42.86
  cpu/wall ratio:                 29.41

  AO Fock construction
  wall time (sec):                 0.34
  cpu time (sec):                 11.96
  cpu/wall ratio:                 34.77

  SCF DIIS iteration time
  wall time (sec):                 1.51
  cpu time (sec):                 42.41
  cpu/wall ratio:                 28.01

  SCF DIIS iteration time
  wall time (sec):                 0.00
  cpu time (sec):                  0.04
  cpu/wall ratio:                 42.30

  SCF DIIS solver time
  wall time (sec):                15.72
  cpu time (sec):                451.13
  cpu/wall ratio:                 28.69

  Hartree-Fock engine
  wall time (sec):                38.66
  cpu time (sec):               1327.56
  cpu/wall ratio:                 34.34


  :: Total time
  ================

  Total time in eT
  wall time (sec):                39.34
  cpu time (sec):               1343.25
  cpu/wall ratio:                 34.15
