
  Preparation of molecular system (Libint)
  wall time (sec):                 0.00
  cpu time (sec):                  0.00
  cpu/wall ratio:                  0.95

  Preparation of molecular system (total)
  wall time (sec):                 0.18
  cpu time (sec):                  1.60
  cpu/wall ratio:                  8.63

  Cholesky decomposition of AO overlap
  wall time (sec):                 0.15
  cpu time (sec):                  5.73
  cpu/wall ratio:                 38.46


  :: Hartree-Fock engine
  =========================


  1) Generate initial SAD density

  SAD generation time
  wall time (sec):                22.16
  cpu time (sec):                832.20
  cpu/wall ratio:                 37.56


  2) Calculation of reference state (SCF-DIIS algorithm)

  AO Fock construction
  wall time (sec):                 0.28
  cpu time (sec):                  9.17
  cpu/wall ratio:                 32.88

  AO Fock construction
  wall time (sec):                 0.38
  cpu time (sec):                 12.20
  cpu/wall ratio:                 32.37

  AO Fock construction
  wall time (sec):                 0.31
  cpu time (sec):                 11.51
  cpu/wall ratio:                 36.65

  SCF DIIS iteration time
  wall time (sec):                 1.57
  cpu time (sec):                 45.08
  cpu/wall ratio:                 28.66

  AO Fock construction
  wall time (sec):                 0.29
  cpu time (sec):                 10.31
  cpu/wall ratio:                 36.04

  SCF DIIS iteration time
  wall time (sec):                 1.51
  cpu time (sec):                 42.38
  cpu/wall ratio:                 28.09

  AO Fock construction
  wall time (sec):                 0.31
  cpu time (sec):                 10.77
  cpu/wall ratio:                 34.29

  SCF DIIS iteration time
  wall time (sec):                 1.44
  cpu time (sec):                 41.26
  cpu/wall ratio:                 28.61

  AO Fock construction
  wall time (sec):                 0.31
  cpu time (sec):                 11.02
  cpu/wall ratio:                 35.68

  SCF DIIS iteration time
  wall time (sec):                 1.42
  cpu time (sec):                 41.36
  cpu/wall ratio:                 29.03

  AO Fock construction
  wall time (sec):                 0.36
  cpu time (sec):                 11.92
  cpu/wall ratio:                 32.84

  SCF DIIS iteration time
  wall time (sec):                 1.57
  cpu time (sec):                 44.28
  cpu/wall ratio:                 28.15

  AO Fock construction
  wall time (sec):                 0.39
  cpu time (sec):                 12.82
  cpu/wall ratio:                 33.20

  SCF DIIS iteration time
  wall time (sec):                 1.58
  cpu time (sec):                 43.72
  cpu/wall ratio:                 27.67

  AO Fock construction
  wall time (sec):                 0.45
  cpu time (sec):                 13.14
  cpu/wall ratio:                 29.02

  SCF DIIS iteration time
  wall time (sec):                 1.65
  cpu time (sec):                 45.31
  cpu/wall ratio:                 27.53

  AO Fock construction
  wall time (sec):                 0.34
  cpu time (sec):                 11.86
  cpu/wall ratio:                 34.36

  SCF DIIS iteration time
  wall time (sec):                 1.45
  cpu time (sec):                 42.41
  cpu/wall ratio:                 29.21

  AO Fock construction
  wall time (sec):                 0.40
  cpu time (sec):                 12.83
  cpu/wall ratio:                 32.00

  SCF DIIS iteration time
  wall time (sec):                 1.65
  cpu time (sec):                 44.73
  cpu/wall ratio:                 27.16

  SCF DIIS iteration time
  wall time (sec):                 0.00
  cpu time (sec):                  0.03
  cpu/wall ratio:                 34.07

  SCF DIIS solver time
  wall time (sec):                16.17
  cpu time (sec):                456.59
  cpu/wall ratio:                 28.24

  Hartree-Fock engine
  wall time (sec):                38.33
  cpu time (sec):               1288.79
  cpu/wall ratio:                 33.63


  :: Total time
  ================

  Total time in eT
  wall time (sec):                38.99
  cpu time (sec):               1304.67
  cpu/wall ratio:                 33.46
