
  Preparation of molecular system (Libint)
  wall time (sec):                 0.00
  cpu time (sec):                  0.00
  cpu/wall ratio:                  1.34

  Preparation of molecular system (total)
  wall time (sec):                 0.19
  cpu time (sec):                  1.90
  cpu/wall ratio:                 10.13

  Cholesky decomposition of AO overlap
  wall time (sec):                 0.16
  cpu time (sec):                  5.77
  cpu/wall ratio:                 36.97


  :: Hartree-Fock engine
  =========================


  1) Generate initial SAD density

  SAD generation time
  wall time (sec):                23.28
  cpu time (sec):                895.89
  cpu/wall ratio:                 38.49


  2) Calculation of reference state (SCF-DIIS algorithm)

  AO Fock construction
  wall time (sec):                 0.27
  cpu time (sec):                 10.25
  cpu/wall ratio:                 37.41

  AO Fock construction
  wall time (sec):                 0.29
  cpu time (sec):                 10.95
  cpu/wall ratio:                 37.62

  AO Fock construction
  wall time (sec):                 0.32
  cpu time (sec):                 11.62
  cpu/wall ratio:                 36.30

  SCF DIIS iteration time
  wall time (sec):                 1.34
  cpu time (sec):                 39.84
  cpu/wall ratio:                 29.71

  AO Fock construction
  wall time (sec):                 0.37
  cpu time (sec):                 12.90
  cpu/wall ratio:                 35.05

  SCF DIIS iteration time
  wall time (sec):                 1.56
  cpu time (sec):                 45.27
  cpu/wall ratio:                 28.98

  AO Fock construction
  wall time (sec):                 0.35
  cpu time (sec):                 11.73
  cpu/wall ratio:                 33.61

  SCF DIIS iteration time
  wall time (sec):                 1.45
  cpu time (sec):                 40.72
  cpu/wall ratio:                 28.07

  AO Fock construction
  wall time (sec):                 0.36
  cpu time (sec):                 12.63
  cpu/wall ratio:                 34.69

  SCF DIIS iteration time
  wall time (sec):                 1.69
  cpu time (sec):                 48.41
  cpu/wall ratio:                 28.73

  AO Fock construction
  wall time (sec):                 0.33
  cpu time (sec):                 11.75
  cpu/wall ratio:                 35.39

  SCF DIIS iteration time
  wall time (sec):                 1.59
  cpu time (sec):                 45.27
  cpu/wall ratio:                 28.38

  AO Fock construction
  wall time (sec):                 0.35
  cpu time (sec):                 12.07
  cpu/wall ratio:                 34.49

  SCF DIIS iteration time
  wall time (sec):                 1.78
  cpu time (sec):                 49.29
  cpu/wall ratio:                 27.69

  AO Fock construction
  wall time (sec):                 0.32
  cpu time (sec):                 11.30
  cpu/wall ratio:                 35.10

  SCF DIIS iteration time
  wall time (sec):                 1.41
  cpu time (sec):                 40.34
  cpu/wall ratio:                 28.63

  AO Fock construction
  wall time (sec):                 0.36
  cpu time (sec):                 11.90
  cpu/wall ratio:                 33.05

  SCF DIIS iteration time
  wall time (sec):                 1.61
  cpu time (sec):                 44.76
  cpu/wall ratio:                 27.75

  AO Fock construction
  wall time (sec):                 0.35
  cpu time (sec):                 12.12
  cpu/wall ratio:                 34.52

  SCF DIIS iteration time
  wall time (sec):                 1.58
  cpu time (sec):                 44.70
  cpu/wall ratio:                 28.33

  SCF DIIS iteration time
  wall time (sec):                 0.00
  cpu time (sec):                  0.04
  cpu/wall ratio:                 37.02

  SCF DIIS solver time
  wall time (sec):                16.31
  cpu time (sec):                466.16
  cpu/wall ratio:                 28.58

  Hartree-Fock engine
  wall time (sec):                39.59
  cpu time (sec):               1362.05
  cpu/wall ratio:                 34.41


  :: Total time
  ================

  Total time in eT
  wall time (sec):                40.25
  cpu time (sec):               1377.38
  cpu/wall ratio:                 34.22
