


                     eT - an electronic structure program

  ------------------------------------------------------------------------
   Author list in alphabetical order:
  ------------------------------------------------------------------------
   J. H. Andersen, A. Balbi, S. Coriani, S. D. Folkestad, T. Giovannini, 
   L. Goletto, T. S. Haugland, A. Hutcheson, I-M. Høyvik, E. F. Kjønstad, 
   H. Koch, T. Moitra, R. H. Myhre, A. C. Paul, M. Scavino, A. Skeidsvoll, 
   Å. H. Tveten
  ------------------------------------------------------------------------


  :: Input file
  ================

     Note: geometry section is excluded from this print

     system
        name: acetonitrile scan 3.50
        charge: 0
     end system

     do
       ground state
     end do

     memory
        available: 8
     end memory

     solver scf
        algorithm: scf-diis
     end solver scf

     molecular mechanics
        forcefield: non-polarizable
     end molecular mechanics

     method
        hf
     end method


  Running on 56 OMP thread(s)
  Memory available for calculation: 8.000000 GB


  :: Molecular system specifications (QM)
  ==========================================

     Name:             acetonitrile scan 3.50
     Charge:           0
     Multiplicity:     1
     Coordinate units: angstrom

     Pure basis functions:         87
     Cartesian basis functions:    90
     Primitive basis functions:   135

     Nuclear repulsion energy (a.u.):             58.467242266463
     Bohr/angstrom value (CODATA 2010):            0.529177210920

     ==============================================================================
                                     Geometry (angstrom)
     ==============================================================================
        Atom           X                  Y                  Z         # in input
     ==============================================================================
        Basis: 6-311++g**
        1 C     -1.183009000000     0.000009000000     0.000044000000        1
        2 C      0.280591000000    -0.000033000000    -0.000101000000        2
        3 N      1.434854000000     0.000012000000     0.000006000000        3
        4 H     -1.551986000000     0.908175000000     0.472453000000        4
        5 H     -1.551961000000    -0.863153000000     0.550412000000        5
        6 H     -1.552113000000    -0.044999000000    -1.022607000000        6
     ==============================================================================

     ==============================================================================
                                     Geometry (a.u.)
     ==============================================================================
        Atom           X                  Y                  Z         # in input
     ==============================================================================
        Basis: 6-311++g**
        1 C     -2.235563012896     0.000017007535     0.000083147949        1
        2 C      0.530240143018    -0.000062360962    -0.000190862339        2
        3 N      2.711481088737     0.000022676713     0.000011338357        3
        4 H     -2.932828489159     1.716202023177     0.892806776729        4
        5 H     -2.932781246006    -1.631122773597     1.040127935674        5
        6 H     -2.933068484377    -0.085035785879    -1.932447163063        6
     ==============================================================================


  :: Molecular system specifications (MM)
  ==========================================

     Force Field:  non-polarizable

     Number of MM atoms:                   2
     Number of MM molecules:               1

    ====================================================================
                        MM Geometry (Å) and Parameters
    ====================================================================
    Atom    Mol             X          Y          Z            Charge
    ====================================================================
      H       1         4.934854   0.000148   0.000330        1.000000
      H       1         5.934854   0.000187   0.000423       -1.000000
    ====================================================================


  :: RHF wavefunction
  ======================

  This is a QM/MM calculation

     Electrostatic Embedding:

     Each atom of the MM portion is endowed with a charge which value 
     is a fixed external parameter.

     The QM/MM electrostatic interaction energy is defined as:

        E^ele_QM/MM = sum_i q_i * V_i(P)

     where V_i(P) is the electrostatic potential due to the QM density 
     calculated at the position of the i-th charge q_i.

     For further details, see:
     Senn & Thiel, Angew. Chem. Int. Ed., 2009, 48, 1198−1229


  - Cholesky decomposition of AO overlap to get linearly independent orbitals:

  - Orbital details:

     Number of occupied orbitals:        11
     Number of virtual orbitals:         76
     Number of molecular orbitals:       87
     Number of atomic orbitals:          87


  :: Hartree-Fock engine
  =========================

  Drives the calculation of the Hartree-Fock state.

  This is a RHF ground state calculation.
  The following tasks will be performed:

     1) Generate initial SAD density
     2) Calculation of reference state (SCF-DIIS algorithm)


  1) Generate initial SAD density


  2) Calculation of reference state (SCF-DIIS algorithm)

   - Self-consistent field DIIS Hartree-Fock solver
  ----------------------------------------------------

  A DIIS-accelerated Roothan-Hall self-consistent field solver. A least-square 
  DIIS fit is performed on the previous Fock matrices and associated gradients. 
  Following the Roothan-Hall update of the density, the DIIS-fitted Fock 
  matrix is used to get the next orbital coefficients.

  - Hartree-Fock solver settings:

     DIIS dimension:                         8
     Cumulative Fock threshold:       0.10E+01

     Energy threshold:              0.1000E-05
     Gradient threshold:            0.1000E-05

     Coulomb screening threshold:   0.1000E-11
     Exchange screening threshold:  0.1000E-09
     Fock precision:                0.1000E-23
     Integral cutoff:               0.1000E-11

  - Setting initial AO density to SAD

     Energy of initial guess:              -133.164519574024
     Number of electrons in guess:           22.000000000000

  Iteration       Energy (a.u.)      Max(grad.)    Delta E (a.u.)
  ---------------------------------------------------------------
     1          -132.434450130016     0.7506E-01     0.1324E+03
     2          -132.469525010543     0.7170E-01     0.3507E-01
     3          -132.497803156835     0.9321E-02     0.2828E-01
     4          -132.499293800037     0.1592E-02     0.1491E-02
     5          -132.499347914407     0.1073E-02     0.5411E-04
     6          -132.499354625202     0.2366E-03     0.6711E-05
     7          -132.499355062172     0.3203E-04     0.4370E-06
     8          -132.499355072314     0.4081E-05     0.1014E-07
     9          -132.499355072595     0.1454E-05     0.2811E-09
    10          -132.499355072593     0.2541E-06     0.1961E-11
  ---------------------------------------------------------------
  Convergence criterion met in 10 iterations!

  - Summary of RHF wavefunction energetics (a.u.):

     HOMO-LUMO gap:                  0.510787855593
     Nuclear repulsion energy:      58.398468115473
     Electronic energy:           -190.897823188066
     Total energy:                -132.499355072593

  - Summary of QM/MM energetics:
                                         a.u.             eV     kcal/mol
     QM/MM SCF Contribution:        -0.470026097622
     QM/MM Electrostatic Energy:    -0.009623040382    -0.26186    -6.039

  - Molecular orbital energies

  -----------------------------------------------------------------------------------
   1 -15.597880786252  23   0.169860793524  45   1.085686859004  67   2.770702018641
   2 -11.308214709123  24   0.169865478594  46   1.085689378132  68   2.770720534712
   3 -11.303715954731  25   0.254666372160  47   1.232187450370  69   2.842149144375
   4  -1.249902369605  26   0.262357529412  48   1.232194786491  70   2.842173355752
   5  -1.060739335230  27   0.262366887356  49   1.337219736511  71   2.900649031077
   6  -0.718303827547  28   0.301119359634  50   1.472834315033  72   3.135890889975
   7  -0.648745344525  29   0.301123534971  51   1.472845559052  73   3.135908231466
   8  -0.648740670667  30   0.308034367179  52   1.628851722485  74   3.208271554136
   9  -0.586983307586  31   0.347430183677  53   1.655737341240  75   3.238817036337
  10  -0.488508834125  32   0.399331630935  54   1.706690086446  76   3.238831122367
  11  -0.488508069778  33   0.566038859230  55   1.706718729237  77   3.372213060041
  12   0.022279785814  34   0.566047856535  56   1.778159752577  78   3.536599520664
  13   0.055789754789  35   0.586673644793  57   1.778172939192  79   4.164585707815
  14   0.055790593821  36   0.716312887033  58   1.989465510723  80   4.164626663673
  15   0.060524779676  37   0.716315839598  59   2.107902156511  81   4.262071414704
  16   0.113445604613  38   0.796915346422  60   2.107920488465  82   4.450107813374
  17   0.124081217422  39   0.796915763665  61   2.254697805824  83   4.450117500556
  18   0.124084173669  40   0.831740241174  62   2.372891342608  84   5.032344382736
  19   0.131909972904  41   0.865716138194  63   2.372919551696  85  25.017499326449
  20   0.131912566315  42   0.917311824117  64   2.469067491540  86  25.440274990459
  21   0.162655006663  43   0.975949077634  65   2.469091490123  87  37.248553761898
  22   0.169481349704  44   1.079614020116  66   2.719572202145
  -----------------------------------------------------------------------------------

  - Timings for the RHF ground state calculation

     Total wall time (sec):             38.65500
     Total cpu time (sec):            1327.56227

  eT terminated successfully!
