


                     eT - an electronic structure program

  ------------------------------------------------------------------------
   Author list in alphabetical order:
  ------------------------------------------------------------------------
   J. H. Andersen, A. Balbi, S. Coriani, S. D. Folkestad, T. Giovannini, 
   L. Goletto, T. S. Haugland, A. Hutcheson, I-M. Høyvik, E. F. Kjønstad, 
   H. Koch, T. Moitra, R. H. Myhre, A. C. Paul, M. Scavino, A. Skeidsvoll, 
   Å. H. Tveten
  ------------------------------------------------------------------------


  :: Input file
  ================

     Note: geometry section is excluded from this print

     system
        name: acetonitrile scan 2.00
        charge: 0
     end system

     do
       ground state
     end do

     memory
        available: 8
     end memory

     solver scf
        algorithm: scf-diis
     end solver scf

     molecular mechanics
        forcefield: non-polarizable
     end molecular mechanics

     method
        hf
     end method


  Running on 56 OMP thread(s)
  Memory available for calculation: 8.000000 GB


  :: Molecular system specifications (QM)
  ==========================================

     Name:             acetonitrile scan 2.00
     Charge:           0
     Multiplicity:     1
     Coordinate units: angstrom

     Pure basis functions:         87
     Cartesian basis functions:    90
     Primitive basis functions:   135

     Nuclear repulsion energy (a.u.):             58.467242266463
     Bohr/angstrom value (CODATA 2010):            0.529177210920

     ==============================================================================
                                     Geometry (angstrom)
     ==============================================================================
        Atom           X                  Y                  Z         # in input
     ==============================================================================
        Basis: 6-311++g**
        1 C     -1.183009000000     0.000009000000     0.000044000000        1
        2 C      0.280591000000    -0.000033000000    -0.000101000000        2
        3 N      1.434854000000     0.000012000000     0.000006000000        3
        4 H     -1.551986000000     0.908175000000     0.472453000000        4
        5 H     -1.551961000000    -0.863153000000     0.550412000000        5
        6 H     -1.552113000000    -0.044999000000    -1.022607000000        6
     ==============================================================================

     ==============================================================================
                                     Geometry (a.u.)
     ==============================================================================
        Atom           X                  Y                  Z         # in input
     ==============================================================================
        Basis: 6-311++g**
        1 C     -2.235563012896     0.000017007535     0.000083147949        1
        2 C      0.530240143018    -0.000062360962    -0.000190862339        2
        3 N      2.711481088737     0.000022676713     0.000011338357        3
        4 H     -2.932828489159     1.716202023177     0.892806776729        4
        5 H     -2.932781246006    -1.631122773597     1.040127935674        5
        6 H     -2.933068484377    -0.085035785879    -1.932447163063        6
     ==============================================================================


  :: Molecular system specifications (MM)
  ==========================================

     Force Field:  non-polarizable

     Number of MM atoms:                   2
     Number of MM molecules:               1

    ====================================================================
                        MM Geometry (Å) and Parameters
    ====================================================================
    Atom    Mol             X          Y          Z            Charge
    ====================================================================
      H       1         3.434854   0.000090   0.000191        1.000000
      H       1         4.434854   0.000129   0.000284       -1.000000
    ====================================================================


  :: RHF wavefunction
  ======================

  This is a QM/MM calculation

     Electrostatic Embedding:

     Each atom of the MM portion is endowed with a charge which value 
     is a fixed external parameter.

     The QM/MM electrostatic interaction energy is defined as:

        E^ele_QM/MM = sum_i q_i * V_i(P)

     where V_i(P) is the electrostatic potential due to the QM density 
     calculated at the position of the i-th charge q_i.

     For further details, see:
     Senn & Thiel, Angew. Chem. Int. Ed., 2009, 48, 1198−1229


  - Cholesky decomposition of AO overlap to get linearly independent orbitals:

  - Orbital details:

     Number of occupied orbitals:        11
     Number of virtual orbitals:         76
     Number of molecular orbitals:       87
     Number of atomic orbitals:          87


  :: Hartree-Fock engine
  =========================

  Drives the calculation of the Hartree-Fock state.

  This is a RHF ground state calculation.
  The following tasks will be performed:

     1) Generate initial SAD density
     2) Calculation of reference state (SCF-DIIS algorithm)


  1) Generate initial SAD density


  2) Calculation of reference state (SCF-DIIS algorithm)

   - Self-consistent field DIIS Hartree-Fock solver
  ----------------------------------------------------

  A DIIS-accelerated Roothan-Hall self-consistent field solver. A least-square 
  DIIS fit is performed on the previous Fock matrices and associated gradients. 
  Following the Roothan-Hall update of the density, the DIIS-fitted Fock 
  matrix is used to get the next orbital coefficients.

  - Hartree-Fock solver settings:

     DIIS dimension:                         8
     Cumulative Fock threshold:       0.10E+01

     Energy threshold:              0.1000E-05
     Gradient threshold:            0.1000E-05

     Coulomb screening threshold:   0.1000E-11
     Exchange screening threshold:  0.1000E-09
     Fock precision:                0.1000E-23
     Integral cutoff:               0.1000E-11

  - Setting initial AO density to SAD

     Energy of initial guess:              -133.163545988110
     Number of electrons in guess:           22.000000000000

  Iteration       Energy (a.u.)      Max(grad.)    Delta E (a.u.)
  ---------------------------------------------------------------
     1          -132.445603143919     0.8969E-01     0.1324E+03
     2          -132.483145329304     0.8427E-01     0.3754E-01
     3          -132.525541766848     0.7067E-02     0.4240E-01
     4          -132.526914183264     0.1452E-02     0.1372E-02
     5          -132.526964263061     0.9872E-03     0.5008E-04
     6          -132.526969959758     0.2286E-03     0.5697E-05
     7          -132.526970356711     0.3646E-04     0.3970E-06
     8          -132.526970368915     0.5518E-05     0.1220E-07
     9          -132.526970369267     0.1610E-05     0.3524E-09
    10          -132.526970369285     0.2046E-06     0.1793E-10
  ---------------------------------------------------------------
  Convergence criterion met in 10 iterations!

  - Summary of RHF wavefunction energetics (a.u.):

     HOMO-LUMO gap:                  0.536677239195
     Nuclear repulsion energy:      58.970595181542
     Electronic energy:           -191.497565550827
     Total energy:                -132.526970369285

  - Summary of QM/MM energetics:
                                         a.u.             eV     kcal/mol
     QM/MM SCF Contribution:        -1.077884118719
     QM/MM Electrostatic Energy:    -0.045353995411    -1.23415   -28.460

  - Molecular orbital energies

  -----------------------------------------------------------------------------------
   1 -15.633740490296  23   0.155213932669  45   1.055898145276  67   2.753763245418
   2 -11.347108091860  24   0.170100390176  46   1.061421607536  68   2.753781867254
   3 -11.322134079811  25   0.214016317955  47   1.210086746631  69   2.822650662011
   4  -1.283320742320  26   0.251731744459  48   1.210094068531  70   2.822675935189
   5  -1.082264867332  27   0.251741047369  49   1.297651215408  71   2.867388733228
   6  -0.744001410292  28   0.287906144797  50   1.444323545024  72   3.106043848756
   7  -0.667858577040  29   0.287910761361  51   1.444334743785  73   3.106061809898
   8  -0.667853988265  30   0.300162081414  52   1.597426490161  74   3.189880285411
   9  -0.639674724201  31   0.337824980414  53   1.639706000340  75   3.201853341587
  10  -0.521007101673  32   0.380609933953  54   1.682402487218  76   3.201867395488
  11  -0.521006242522  33   0.550846068584  55   1.682430577136  77   3.335476508608
  12   0.015670996673  34   0.550854760406  56   1.761194020353  78   3.496458942169
  13   0.050004520298  35   0.570918791351  57   1.761206752120  79   4.145287862631
  14   0.050005678124  36   0.694387974072  58   1.967205071436  80   4.145327588095
  15   0.069521076373  37   0.694390902236  59   2.085025366673  81   4.237436554402
  16   0.111867326445  38   0.781482992361  60   2.085043675911  82   4.416344122480
  17   0.112341392701  39   0.781483357730  61   2.236576821574  83   4.416354737472
  18   0.112349208613  40   0.813484541939  62   2.337831600816  84   4.992459051686
  19   0.123748808905  41   0.851373793257  63   2.337857819447  85  24.997038796642
  20   0.123751250915  42   0.899803294470  64   2.445567691796  86  25.404092269438
  21   0.148963724916  43   0.918484665501  65   2.445589777260  87  37.212683723110
  22   0.148969678912  44   1.055895631187  66   2.701415827280
  -----------------------------------------------------------------------------------

  - Timings for the RHF ground state calculation

     Total wall time (sec):             37.53900
     Total cpu time (sec):            1197.19106

  eT terminated successfully!
