
  Preparation of molecular system (Libint)
  wall time (sec):                 0.00
  cpu time (sec):                  0.00
  cpu/wall ratio:                  0.84

  Preparation of molecular system (total)
  wall time (sec):                 0.19
  cpu time (sec):                  1.90
  cpu/wall ratio:                  9.79

  Cholesky decomposition of AO overlap
  wall time (sec):                 0.18
  cpu time (sec):                  6.63
  cpu/wall ratio:                 37.07


  :: Hartree-Fock engine
  =========================


  1) Generate initial SAD density

  SAD generation time
  wall time (sec):                21.56
  cpu time (sec):                724.02
  cpu/wall ratio:                 33.58


  2) Calculation of reference state (SCF-DIIS algorithm)

  AO Fock construction
  wall time (sec):                 0.32
  cpu time (sec):                  9.35
  cpu/wall ratio:                 29.23

  AO Fock construction
  wall time (sec):                 0.35
  cpu time (sec):                 11.91
  cpu/wall ratio:                 33.93

  AO Fock construction
  wall time (sec):                 0.33
  cpu time (sec):                 10.98
  cpu/wall ratio:                 33.47

  SCF DIIS iteration time
  wall time (sec):                 1.38
  cpu time (sec):                 40.18
  cpu/wall ratio:                 29.03

  AO Fock construction
  wall time (sec):                 0.34
  cpu time (sec):                 12.14
  cpu/wall ratio:                 35.71

  SCF DIIS iteration time
  wall time (sec):                 1.53
  cpu time (sec):                 44.16
  cpu/wall ratio:                 28.83

  AO Fock construction
  wall time (sec):                 0.35
  cpu time (sec):                 12.53
  cpu/wall ratio:                 35.61

  SCF DIIS iteration time
  wall time (sec):                 1.65
  cpu time (sec):                 47.58
  cpu/wall ratio:                 28.82

  AO Fock construction
  wall time (sec):                 0.33
  cpu time (sec):                 11.69
  cpu/wall ratio:                 35.22

  SCF DIIS iteration time
  wall time (sec):                 1.53
  cpu time (sec):                 42.93
  cpu/wall ratio:                 28.10

  AO Fock construction
  wall time (sec):                 0.32
  cpu time (sec):                 11.30
  cpu/wall ratio:                 35.30

  SCF DIIS iteration time
  wall time (sec):                 1.52
  cpu time (sec):                 43.26
  cpu/wall ratio:                 28.52

  AO Fock construction
  wall time (sec):                 0.32
  cpu time (sec):                 11.32
  cpu/wall ratio:                 34.93

  SCF DIIS iteration time
  wall time (sec):                 1.68
  cpu time (sec):                 47.53
  cpu/wall ratio:                 28.31

  AO Fock construction
  wall time (sec):                 0.35
  cpu time (sec):                 12.17
  cpu/wall ratio:                 34.58

  SCF DIIS iteration time
  wall time (sec):                 1.66
  cpu time (sec):                 47.42
  cpu/wall ratio:                 28.60

  AO Fock construction
  wall time (sec):                 0.34
  cpu time (sec):                 11.76
  cpu/wall ratio:                 34.18

  SCF DIIS iteration time
  wall time (sec):                 1.59
  cpu time (sec):                 45.10
  cpu/wall ratio:                 28.42

  SCF DIIS iteration time
  wall time (sec):                 0.00
  cpu time (sec):                  0.04
  cpu/wall ratio:                 38.19

  SCF DIIS solver time
  wall time (sec):                14.97
  cpu time (sec):                425.01
  cpu/wall ratio:                 28.39

  Hartree-Fock engine
  wall time (sec):                36.53
  cpu time (sec):               1149.04
  cpu/wall ratio:                 31.45


  :: Total time
  ================

  Total time in eT
  wall time (sec):                37.19
  cpu time (sec):               1165.51
  cpu/wall ratio:                 31.34
