
  Preparation of molecular system (Libint)
  wall time (sec):                 0.00
  cpu time (sec):                  0.00
  cpu/wall ratio:                  1.07

  Preparation of molecular system (total)
  wall time (sec):                 0.24
  cpu time (sec):                  1.97
  cpu/wall ratio:                  8.24

  Cholesky decomposition of AO overlap
  wall time (sec):                 0.17
  cpu time (sec):                  5.78
  cpu/wall ratio:                 34.40


  :: Hartree-Fock engine
  =========================


  1) Generate initial SAD density

  SAD generation time
  wall time (sec):                20.98
  cpu time (sec):                769.19
  cpu/wall ratio:                 36.66


  2) Calculation of reference state (SCF-DIIS algorithm)

  AO Fock construction
  wall time (sec):                 0.33
  cpu time (sec):                 10.41
  cpu/wall ratio:                 31.64

  AO Fock construction
  wall time (sec):                 0.32
  cpu time (sec):                 11.74
  cpu/wall ratio:                 36.22

  AO Fock construction
  wall time (sec):                 0.34
  cpu time (sec):                 11.31
  cpu/wall ratio:                 33.56

  SCF DIIS iteration time
  wall time (sec):                 1.49
  cpu time (sec):                 42.82
  cpu/wall ratio:                 28.78

  AO Fock construction
  wall time (sec):                 0.33
  cpu time (sec):                 11.79
  cpu/wall ratio:                 35.94

  SCF DIIS iteration time
  wall time (sec):                 1.56
  cpu time (sec):                 43.74
  cpu/wall ratio:                 28.04

  AO Fock construction
  wall time (sec):                 0.32
  cpu time (sec):                 12.19
  cpu/wall ratio:                 37.97

  SCF DIIS iteration time
  wall time (sec):                 1.39
  cpu time (sec):                 40.08
  cpu/wall ratio:                 28.90

  AO Fock construction
  wall time (sec):                 0.33
  cpu time (sec):                 11.88
  cpu/wall ratio:                 35.78

  SCF DIIS iteration time
  wall time (sec):                 1.33
  cpu time (sec):                 38.91
  cpu/wall ratio:                 29.17

  AO Fock construction
  wall time (sec):                 0.33
  cpu time (sec):                 12.11
  cpu/wall ratio:                 36.27

  SCF DIIS iteration time
  wall time (sec):                 1.63
  cpu time (sec):                 45.84
  cpu/wall ratio:                 28.10

  AO Fock construction
  wall time (sec):                 0.35
  cpu time (sec):                 12.75
  cpu/wall ratio:                 36.21

  SCF DIIS iteration time
  wall time (sec):                 1.62
  cpu time (sec):                 45.39
  cpu/wall ratio:                 28.07

  AO Fock construction
  wall time (sec):                 0.29
  cpu time (sec):                 11.35
  cpu/wall ratio:                 39.00

  SCF DIIS iteration time
  wall time (sec):                 1.56
  cpu time (sec):                 45.79
  cpu/wall ratio:                 29.32

  AO Fock construction
  wall time (sec):                 0.38
  cpu time (sec):                 13.06
  cpu/wall ratio:                 34.63

  SCF DIIS iteration time
  wall time (sec):                 1.36
  cpu time (sec):                 40.58
  cpu/wall ratio:                 29.77

  AO Fock construction
  wall time (sec):                 0.41
  cpu time (sec):                 12.41
  cpu/wall ratio:                 30.55

  SCF DIIS iteration time
  wall time (sec):                 1.60
  cpu time (sec):                 45.19
  cpu/wall ratio:                 28.19

  SCF DIIS iteration time
  wall time (sec):                 0.00
  cpu time (sec):                  0.04
  cpu/wall ratio:                 36.83

  SCF DIIS solver time
  wall time (sec):                15.83
  cpu time (sec):                453.54
  cpu/wall ratio:                 28.65

  Hartree-Fock engine
  wall time (sec):                36.81
  cpu time (sec):               1222.73
  cpu/wall ratio:                 33.21


  :: Total time
  ================

  Total time in eT
  wall time (sec):                37.52
  cpu time (sec):               1237.59
  cpu/wall ratio:                 32.98
