


                     eT - an electronic structure program

  ------------------------------------------------------------------------
   Author list in alphabetical order:
  ------------------------------------------------------------------------
   J. H. Andersen, A. Balbi, S. Coriani, S. D. Folkestad, T. Giovannini, 
   L. Goletto, T. S. Haugland, A. Hutcheson, I-M. Høyvik, E. F. Kjønstad, 
   H. Koch, T. Moitra, R. H. Myhre, A. C. Paul, M. Scavino, A. Skeidsvoll, 
   Å. H. Tveten
  ------------------------------------------------------------------------


  :: Input file
  ================

     Note: geometry section is excluded from this print

     system
        name: acetonitrile scan 8.25
        charge: 0
     end system

     do
       ground state
     end do

     memory
        available: 8
     end memory

     solver scf
        algorithm: scf-diis
     end solver scf

     molecular mechanics
        forcefield: non-polarizable
     end molecular mechanics

     method
        hf
     end method


  Running on 56 OMP thread(s)
  Memory available for calculation: 8.000000 GB


  :: Molecular system specifications (QM)
  ==========================================

     Name:             acetonitrile scan 8.25
     Charge:           0
     Multiplicity:     1
     Coordinate units: angstrom

     Pure basis functions:         87
     Cartesian basis functions:    90
     Primitive basis functions:   135

     Nuclear repulsion energy (a.u.):             58.467242266463
     Bohr/angstrom value (CODATA 2010):            0.529177210920

     ==============================================================================
                                     Geometry (angstrom)
     ==============================================================================
        Atom           X                  Y                  Z         # in input
     ==============================================================================
        Basis: 6-311++g**
        1 C     -1.183009000000     0.000009000000     0.000044000000        1
        2 C      0.280591000000    -0.000033000000    -0.000101000000        2
        3 N      1.434854000000     0.000012000000     0.000006000000        3
        4 H     -1.551986000000     0.908175000000     0.472453000000        4
        5 H     -1.551961000000    -0.863153000000     0.550412000000        5
        6 H     -1.552113000000    -0.044999000000    -1.022607000000        6
     ==============================================================================

     ==============================================================================
                                     Geometry (a.u.)
     ==============================================================================
        Atom           X                  Y                  Z         # in input
     ==============================================================================
        Basis: 6-311++g**
        1 C     -2.235563012896     0.000017007535     0.000083147949        1
        2 C      0.530240143018    -0.000062360962    -0.000190862339        2
        3 N      2.711481088737     0.000022676713     0.000011338357        3
        4 H     -2.932828489159     1.716202023177     0.892806776729        4
        5 H     -2.932781246006    -1.631122773597     1.040127935674        5
        6 H     -2.933068484377    -0.085035785879    -1.932447163063        6
     ==============================================================================


  :: Molecular system specifications (MM)
  ==========================================

     Force Field:  non-polarizable

     Number of MM atoms:                   2
     Number of MM molecules:               1

    ====================================================================
                        MM Geometry (Å) and Parameters
    ====================================================================
    Atom    Mol             X          Y          Z            Charge
    ====================================================================
      H       1         9.684855   0.000334   0.000771        1.000000
      H       1        10.684855   0.000373   0.000863       -1.000000
    ====================================================================


  :: RHF wavefunction
  ======================

  This is a QM/MM calculation

     Electrostatic Embedding:

     Each atom of the MM portion is endowed with a charge which value 
     is a fixed external parameter.

     The QM/MM electrostatic interaction energy is defined as:

        E^ele_QM/MM = sum_i q_i * V_i(P)

     where V_i(P) is the electrostatic potential due to the QM density 
     calculated at the position of the i-th charge q_i.

     For further details, see:
     Senn & Thiel, Angew. Chem. Int. Ed., 2009, 48, 1198−1229


  - Cholesky decomposition of AO overlap to get linearly independent orbitals:

  - Orbital details:

     Number of occupied orbitals:        11
     Number of virtual orbitals:         76
     Number of molecular orbitals:       87
     Number of atomic orbitals:          87


  :: Hartree-Fock engine
  =========================

  Drives the calculation of the Hartree-Fock state.

  This is a RHF ground state calculation.
  The following tasks will be performed:

     1) Generate initial SAD density
     2) Calculation of reference state (SCF-DIIS algorithm)


  1) Generate initial SAD density


  2) Calculation of reference state (SCF-DIIS algorithm)

   - Self-consistent field DIIS Hartree-Fock solver
  ----------------------------------------------------

  A DIIS-accelerated Roothan-Hall self-consistent field solver. A least-square 
  DIIS fit is performed on the previous Fock matrices and associated gradients. 
  Following the Roothan-Hall update of the density, the DIIS-fitted Fock 
  matrix is used to get the next orbital coefficients.

  - Hartree-Fock solver settings:

     DIIS dimension:                         8
     Cumulative Fock threshold:       0.10E+01

     Energy threshold:              0.1000E-05
     Gradient threshold:            0.1000E-05

     Coulomb screening threshold:   0.1000E-11
     Exchange screening threshold:  0.1000E-09
     Fock precision:                0.1000E-23
     Integral cutoff:               0.1000E-11

  - Setting initial AO density to SAD

     Energy of initial guess:              -133.164522650644
     Number of electrons in guess:           22.000000000000

  Iteration       Energy (a.u.)      Max(grad.)    Delta E (a.u.)
  ---------------------------------------------------------------
     1          -132.431715581945     0.6957E-01     0.1324E+03
     2          -132.466048468015     0.6688E-01     0.3433E-01
     3          -132.489734475890     0.1032E-01     0.2369E-01
     4          -132.491286963386     0.1660E-02     0.1552E-02
     5          -132.491342044485     0.1093E-02     0.5508E-04
     6          -132.491348951968     0.2358E-03     0.6907E-05
     7          -132.491349389495     0.2959E-04     0.4375E-06
     8          -132.491349398654     0.2748E-05     0.9158E-08
     9          -132.491349398900     0.9393E-06     0.2460E-09
  ---------------------------------------------------------------
  Convergence criterion met in 9 iterations!

  - Summary of RHF wavefunction energetics (a.u.):

     HOMO-LUMO gap:                  0.498158833287
     Nuclear repulsion energy:      58.055086888412
     Electronic energy:           -190.546436287311
     Total energy:                -132.491349398900

  - Summary of QM/MM energetics:
                                         a.u.             eV     kcal/mol
     QM/MM SCF Contribution:        -0.118069053508
     QM/MM Electrostatic Energy:    -0.001047223281    -0.02850    -0.657

  - Molecular orbital energies

  -----------------------------------------------------------------------------------
   1 -15.579459900667  23   0.187515405738  45   1.106335998694  67   2.781785979865
   2 -11.292027982867  24   0.187518017113  46   1.106338560576  68   2.781804461388
   3 -11.287402356939  25   0.275593940022  47   1.246021530718  69   2.854352042055
   4  -1.231131965938  26   0.275604432613  48   1.246028835192  70   2.854375864934
   5  -1.047456554425  27   0.308525534005  49   1.357855081267  71   2.919028164347
   6  -0.703927523620  28   0.318350713558  50   1.489838551485  72   3.152927363080
   7  -0.636600359917  29   0.318355077451  51   1.489849722734  73   3.152944615568
   8  -0.636595622570  30   0.323503274116  52   1.646579271768  74   3.219978143185
   9  -0.563748380774  31   0.356952512985  53   1.666432058974  75   3.258651017692
  10  -0.469919846083  32   0.412905986992  54   1.721203213304  76   3.258664978013
  11  -0.469919117199  33   0.576519007866  55   1.721232029460  77   3.391003158539
  12   0.028239716088  34   0.576528155148  56   1.789358073971  78   3.556187236942
  13   0.061430656406  35   0.599690827870  57   1.789371448244  79   4.176759598699
  14   0.061431599389  36   0.731976121082  58   2.002675761623  80   4.176801032470
  15   0.079101770241  37   0.731979203487  59   2.121599924270  81   4.277565486073
  16   0.128411612859  38   0.807364440164  60   2.121618209976  82   4.468988754225
  17   0.133137548931  39   0.807364852427  61   2.266554813791  83   4.468998054639
  18   0.133138959476  40   0.847377768904  62   2.392255057623  84   5.053432230915
  19   0.140267477895  41   0.878819004344  63   2.392284396393  85  25.030131186103
  20   0.140270600120  42   0.931897927532  64   2.483056739399  86  25.459914305229
  21   0.172141828565  43   1.011589565502  65   2.483081921397  87  37.267011395904
  22   0.184816719286  44   1.092132445266  66   2.731155414515
  -----------------------------------------------------------------------------------

  - Timings for the RHF ground state calculation

     Total wall time (sec):             36.94400
     Total cpu time (sec):            1303.89442

  eT terminated successfully!
