


                     eT - an electronic structure program

  ------------------------------------------------------------------------
   Author list in alphabetical order:
  ------------------------------------------------------------------------
   J. H. Andersen, A. Balbi, S. Coriani, S. D. Folkestad, T. Giovannini, 
   L. Goletto, T. S. Haugland, A. Hutcheson, I-M. Høyvik, E. F. Kjønstad, 
   H. Koch, T. Moitra, R. H. Myhre, A. C. Paul, M. Scavino, A. Skeidsvoll, 
   Å. H. Tveten
  ------------------------------------------------------------------------


  :: Input file
  ================

     Note: geometry section is excluded from this print

     system
        name: acetonitrile scan 9.25
        charge: 0
     end system

     do
       ground state
     end do

     memory
        available: 8
     end memory

     solver scf
        algorithm: scf-diis
     end solver scf

     molecular mechanics
        forcefield: non-polarizable
     end molecular mechanics

     method
        hf
     end method


  Running on 56 OMP thread(s)
  Memory available for calculation: 8.000000 GB


  :: Molecular system specifications (QM)
  ==========================================

     Name:             acetonitrile scan 9.25
     Charge:           0
     Multiplicity:     1
     Coordinate units: angstrom

     Pure basis functions:         87
     Cartesian basis functions:    90
     Primitive basis functions:   135

     Nuclear repulsion energy (a.u.):             58.467242266463
     Bohr/angstrom value (CODATA 2010):            0.529177210920

     ==============================================================================
                                     Geometry (angstrom)
     ==============================================================================
        Atom           X                  Y                  Z         # in input
     ==============================================================================
        Basis: 6-311++g**
        1 C     -1.183009000000     0.000009000000     0.000044000000        1
        2 C      0.280591000000    -0.000033000000    -0.000101000000        2
        3 N      1.434854000000     0.000012000000     0.000006000000        3
        4 H     -1.551986000000     0.908175000000     0.472453000000        4
        5 H     -1.551961000000    -0.863153000000     0.550412000000        5
        6 H     -1.552113000000    -0.044999000000    -1.022607000000        6
     ==============================================================================

     ==============================================================================
                                     Geometry (a.u.)
     ==============================================================================
        Atom           X                  Y                  Z         # in input
     ==============================================================================
        Basis: 6-311++g**
        1 C     -2.235563012896     0.000017007535     0.000083147949        1
        2 C      0.530240143018    -0.000062360962    -0.000190862339        2
        3 N      2.711481088737     0.000022676713     0.000011338357        3
        4 H     -2.932828489159     1.716202023177     0.892806776729        4
        5 H     -2.932781246006    -1.631122773597     1.040127935674        5
        6 H     -2.933068484377    -0.085035785879    -1.932447163063        6
     ==============================================================================


  :: Molecular system specifications (MM)
  ==========================================

     Force Field:  non-polarizable

     Number of MM atoms:                   2
     Number of MM molecules:               1

    ====================================================================
                        MM Geometry (Å) and Parameters
    ====================================================================
    Atom    Mol             X          Y          Z            Charge
    ====================================================================
      H       1        10.684855   0.000373   0.000863        1.000000
      H       1        11.684855   0.000412   0.000956       -1.000000
    ====================================================================


  :: RHF wavefunction
  ======================

  This is a QM/MM calculation

     Electrostatic Embedding:

     Each atom of the MM portion is endowed with a charge which value 
     is a fixed external parameter.

     The QM/MM electrostatic interaction energy is defined as:

        E^ele_QM/MM = sum_i q_i * V_i(P)

     where V_i(P) is the electrostatic potential due to the QM density 
     calculated at the position of the i-th charge q_i.

     For further details, see:
     Senn & Thiel, Angew. Chem. Int. Ed., 2009, 48, 1198−1229


  - Cholesky decomposition of AO overlap to get linearly independent orbitals:

  - Orbital details:

     Number of occupied orbitals:        11
     Number of virtual orbitals:         76
     Number of molecular orbitals:       87
     Number of atomic orbitals:          87


  :: Hartree-Fock engine
  =========================

  Drives the calculation of the Hartree-Fock state.

  This is a RHF ground state calculation.
  The following tasks will be performed:

     1) Generate initial SAD density
     2) Calculation of reference state (SCF-DIIS algorithm)


  1) Generate initial SAD density


  2) Calculation of reference state (SCF-DIIS algorithm)

   - Self-consistent field DIIS Hartree-Fock solver
  ----------------------------------------------------

  A DIIS-accelerated Roothan-Hall self-consistent field solver. A least-square 
  DIIS fit is performed on the previous Fock matrices and associated gradients. 
  Following the Roothan-Hall update of the density, the DIIS-fitted Fock 
  matrix is used to get the next orbital coefficients.

  - Hartree-Fock solver settings:

     DIIS dimension:                         8
     Cumulative Fock threshold:       0.10E+01

     Energy threshold:              0.1000E-05
     Gradient threshold:            0.1000E-05

     Coulomb screening threshold:   0.1000E-11
     Exchange screening threshold:  0.1000E-09
     Fock precision:                0.1000E-23
     Integral cutoff:               0.1000E-11

  - Setting initial AO density to SAD

     Energy of initial guess:              -133.164522650595
     Number of electrons in guess:           22.000000000000

  Iteration       Energy (a.u.)      Max(grad.)    Delta E (a.u.)
  ---------------------------------------------------------------
     1          -132.431624179311     0.6938E-01     0.1324E+03
     2          -132.465927938672     0.6671E-01     0.3430E-01
     3          -132.489462646148     0.1035E-01     0.2353E-01
     4          -132.491017435745     0.1663E-02     0.1555E-02
     5          -132.491072527829     0.1093E-02     0.5509E-04
     6          -132.491079437090     0.2357E-03     0.6909E-05
     7          -132.491079874414     0.2948E-04     0.4373E-06
     8          -132.491079883537     0.2676E-05     0.9124E-08
     9          -132.491079883775     0.9009E-06     0.2380E-09
  ---------------------------------------------------------------
  Convergence criterion met in 9 iterations!

  - Summary of RHF wavefunction energetics (a.u.):

     HOMO-LUMO gap:                  0.497605232591
     Nuclear repulsion energy:      58.034390679614
     Electronic energy:           -190.525470563389
     Total energy:                -132.491079883775

  - Summary of QM/MM energetics:
                                         a.u.             eV     kcal/mol
     QM/MM SCF Contribution:        -0.097100240883
     QM/MM Electrostatic Energy:    -0.000774619503    -0.02108    -0.486

  - Molecular orbital energies

  -----------------------------------------------------------------------------------
   1 -15.578434815887  23   0.188558282311  45   1.107503512026  67   2.782516922943
   2 -11.291266220365  24   0.188560805681  46   1.107506075624  68   2.782535404909
   3 -11.286283455737  25   0.276429612382  47   1.246873431777  69   2.855128360547
   4  -1.230069646095  26   0.276440153962  48   1.246880732593  70   2.855152168246
   5  -1.046631232813  27   0.310416321788  49   1.358960596843  71   2.920027571910
   6  -0.703065286026  28   0.319447324185  50   1.490835412820  72   3.153908532522
   7  -0.635821363406  29   0.319451688466  51   1.490846578909  73   3.153925785098
   8  -0.635816621684  30   0.324492711212  52   1.647595523409  74   3.220734675664
   9  -0.562573520736  31   0.357640502279  53   1.667146125639  75   3.259741783647
  10  -0.468866356113  32   0.413746191085  54   1.722079456767  76   3.259755735622
  11  -0.468865628506  33   0.577232857229  55   1.722108277447  77   3.392040925617
  12   0.028739604085  34   0.577242011132  56   1.790097098042  78   3.557240066945
  13   0.061929639098  35   0.600582329350  57   1.790110479565  79   4.177535915956
  14   0.061930607079  36   0.732960072067  58   2.003490836788  80   4.177577367011
  15   0.080211375450  37   0.732963158876  59   2.122438526583  81   4.278475094315
  16   0.129263841149  38   0.808070508568  60   2.122456809033  82   4.470049061374
  17   0.133890800372  39   0.808070918374  61   2.267320258855  83   4.470058346240
  18   0.133892178323  40   0.848272582145  62   2.393330484309  84   5.054543038115
  19   0.140902426106  41   0.879628475873  63   2.393359873638  85  25.030925418559
  20   0.140905555343  42   0.932783932492  64   2.483907727721  86  25.460992754810
  21   0.172799144628  43   1.013077465412  65   2.483932964371  87  37.268038520102
  22   0.185834083387  44   1.092935018029  66   2.731905179361
  -----------------------------------------------------------------------------------

  - Timings for the RHF ground state calculation

     Total wall time (sec):             35.84000
     Total cpu time (sec):            1204.55420

  eT terminated successfully!
