


                     eT - an electronic structure program

  ------------------------------------------------------------------------
   Author list in alphabetical order:
  ------------------------------------------------------------------------
   J. H. Andersen, A. Balbi, S. Coriani, S. D. Folkestad, T. Giovannini, 
   L. Goletto, T. S. Haugland, A. Hutcheson, I-M. Høyvik, E. F. Kjønstad, 
   H. Koch, T. Moitra, R. H. Myhre, A. C. Paul, M. Scavino, A. Skeidsvoll, 
   Å. H. Tveten
  ------------------------------------------------------------------------


  :: Input file
  ================

     Note: geometry section is excluded from this print

     system
        name: acetonitrile scan 9.50
        charge: 0
     end system

     do
       ground state
     end do

     memory
        available: 8
     end memory

     solver scf
        algorithm: scf-diis
     end solver scf

     molecular mechanics
        forcefield: non-polarizable
     end molecular mechanics

     method
        hf
     end method


  Running on 56 OMP thread(s)
  Memory available for calculation: 8.000000 GB


  :: Molecular system specifications (QM)
  ==========================================

     Name:             acetonitrile scan 9.50
     Charge:           0
     Multiplicity:     1
     Coordinate units: angstrom

     Pure basis functions:         87
     Cartesian basis functions:    90
     Primitive basis functions:   135

     Nuclear repulsion energy (a.u.):             58.467242266463
     Bohr/angstrom value (CODATA 2010):            0.529177210920

     ==============================================================================
                                     Geometry (angstrom)
     ==============================================================================
        Atom           X                  Y                  Z         # in input
     ==============================================================================
        Basis: 6-311++g**
        1 C     -1.183009000000     0.000009000000     0.000044000000        1
        2 C      0.280591000000    -0.000033000000    -0.000101000000        2
        3 N      1.434854000000     0.000012000000     0.000006000000        3
        4 H     -1.551986000000     0.908175000000     0.472453000000        4
        5 H     -1.551961000000    -0.863153000000     0.550412000000        5
        6 H     -1.552113000000    -0.044999000000    -1.022607000000        6
     ==============================================================================

     ==============================================================================
                                     Geometry (a.u.)
     ==============================================================================
        Atom           X                  Y                  Z         # in input
     ==============================================================================
        Basis: 6-311++g**
        1 C     -2.235563012896     0.000017007535     0.000083147949        1
        2 C      0.530240143018    -0.000062360962    -0.000190862339        2
        3 N      2.711481088737     0.000022676713     0.000011338357        3
        4 H     -2.932828489159     1.716202023177     0.892806776729        4
        5 H     -2.932781246006    -1.631122773597     1.040127935674        5
        6 H     -2.933068484377    -0.085035785879    -1.932447163063        6
     ==============================================================================


  :: Molecular system specifications (MM)
  ==========================================

     Force Field:  non-polarizable

     Number of MM atoms:                   2
     Number of MM molecules:               1

    ====================================================================
                        MM Geometry (Å) and Parameters
    ====================================================================
    Atom    Mol             X          Y          Z            Charge
    ====================================================================
      H       1        10.934855   0.000382   0.000887        1.000000
      H       1        11.934855   0.000421   0.000979       -1.000000
    ====================================================================


  :: RHF wavefunction
  ======================

  This is a QM/MM calculation

     Electrostatic Embedding:

     Each atom of the MM portion is endowed with a charge which value 
     is a fixed external parameter.

     The QM/MM electrostatic interaction energy is defined as:

        E^ele_QM/MM = sum_i q_i * V_i(P)

     where V_i(P) is the electrostatic potential due to the QM density 
     calculated at the position of the i-th charge q_i.

     For further details, see:
     Senn & Thiel, Angew. Chem. Int. Ed., 2009, 48, 1198−1229


  - Cholesky decomposition of AO overlap to get linearly independent orbitals:

  - Orbital details:

     Number of occupied orbitals:        11
     Number of virtual orbitals:         76
     Number of molecular orbitals:       87
     Number of atomic orbitals:          87


  :: Hartree-Fock engine
  =========================

  Drives the calculation of the Hartree-Fock state.

  This is a RHF ground state calculation.
  The following tasks will be performed:

     1) Generate initial SAD density
     2) Calculation of reference state (SCF-DIIS algorithm)


  1) Generate initial SAD density


  2) Calculation of reference state (SCF-DIIS algorithm)

   - Self-consistent field DIIS Hartree-Fock solver
  ----------------------------------------------------

  A DIIS-accelerated Roothan-Hall self-consistent field solver. A least-square 
  DIIS fit is performed on the previous Fock matrices and associated gradients. 
  Following the Roothan-Hall update of the density, the DIIS-fitted Fock 
  matrix is used to get the next orbital coefficients.

  - Hartree-Fock solver settings:

     DIIS dimension:                         8
     Cumulative Fock threshold:       0.10E+01

     Energy threshold:              0.1000E-05
     Gradient threshold:            0.1000E-05

     Coulomb screening threshold:   0.1000E-11
     Exchange screening threshold:  0.1000E-09
     Fock precision:                0.1000E-23
     Integral cutoff:               0.1000E-11

  - Setting initial AO density to SAD

     Energy of initial guess:              -133.164522650644
     Number of electrons in guess:           22.000000000000

  Iteration       Energy (a.u.)      Max(grad.)    Delta E (a.u.)
  ---------------------------------------------------------------
     1          -132.431606295850     0.6934E-01     0.1324E+03
     2          -132.465904334512     0.6668E-01     0.3430E-01
     3          -132.489409829798     0.1036E-01     0.2351E-01
     4          -132.490965066360     0.1663E-02     0.1555E-02
     5          -132.491020160159     0.1093E-02     0.5509E-04
     6          -132.491027069674     0.2357E-03     0.6910E-05
     7          -132.491027506954     0.2946E-04     0.4373E-06
     8          -132.491027516070     0.2661E-05     0.9116E-08
     9          -132.491027516308     0.8930E-06     0.2373E-09
  ---------------------------------------------------------------
  Convergence criterion met in 9 iterations!

  - Summary of RHF wavefunction energetics (a.u.):

     HOMO-LUMO gap:                  0.497495375194
     Nuclear repulsion energy:      58.030084166237
     Electronic energy:           -190.521111682545
     Total energy:                -132.491027516308

  - Summary of QM/MM energetics:
                                         a.u.             eV     kcal/mol
     QM/MM SCF Contribution:        -0.092740868773
     QM/MM Electrostatic Energy:    -0.000721760720    -0.01964    -0.453

  - Molecular orbital energies

  -----------------------------------------------------------------------------------
   1 -15.578222701731  23   0.188773889693  45   1.107743742416  67   2.782670933532
   2 -11.291106161902  24   0.188776395929  46   1.107746306350  68   2.782689415594
   3 -11.286053034744  25   0.276603859708  47   1.247051393366  69   2.855291309642
   4  -1.229849992936  26   0.276614410788  48   1.247058693433  70   2.855315114375
   5  -1.046458542687  27   0.310790917947  49   1.359188187718  71   2.920234184446
   6  -0.702885443944  28   0.319674166967  50   1.491042265511  72   3.154111994922
   7  -0.635657781290  29   0.319678531207  51   1.491053430538  73   3.154129247571
   8  -0.635653038709  30   0.324698374729  52   1.647805964828  74   3.220893719006
   9  -0.562332728565  31   0.357786010295  53   1.667296785634  75   3.259966765833
  10  -0.468648511336  32   0.413921780884  54   1.722262189288  76   3.259980716112
  11  -0.468647783986  33   0.577383670210  55   1.722291010830  77   3.392255441334
  12   0.028847591208  34   0.577392825371  56   1.790252775919  78   3.557457191645
  13   0.062037870223  35   0.600767935515  57   1.790266158871  79   4.177698880547
  14   0.062038843051  36   0.733164970965  58   2.003661360605  80   4.177740335001
  15   0.080439146136  37   0.733168058603  59   2.122613775575  81   4.278664309495
  16   0.129440954672  38   0.808219650910  60   2.122632057361  82   4.470268183171
  17   0.134051609522  39   0.808220060249  61   2.267481059962  83   4.470277464974
  18   0.134052981259  40   0.848458808070  62   2.393552509451  84   5.054771635687
  19   0.141037880397  41   0.879798020451  63   2.393581908808  85  25.031091899478
  20   0.141041010745  42   0.932968348860  64   2.484085430264  86  25.461215203291
  21   0.172938820721  43   1.013377308289  65   2.484110677765  87  37.268251038368
  22   0.186043781235  44   1.093103353281  66   2.732062873914
  -----------------------------------------------------------------------------------

  - Timings for the RHF ground state calculation

     Total wall time (sec):             37.06500
     Total cpu time (sec):            1266.68247

  eT terminated successfully!
