


                     eT - an electronic structure program

  ------------------------------------------------------------------------
   Author list in alphabetical order:
  ------------------------------------------------------------------------
   J. H. Andersen, A. Balbi, S. Coriani, S. D. Folkestad, T. Giovannini, 
   L. Goletto, T. S. Haugland, A. Hutcheson, I-M. Høyvik, E. F. Kjønstad, 
   H. Koch, T. Moitra, R. H. Myhre, A. C. Paul, M. Scavino, A. Skeidsvoll, 
   Å. H. Tveten
  ------------------------------------------------------------------------


  :: Input file
  ================

     Note: geometry section is excluded from this print

     system
        name: acetonitrile scan 7.50
        charge: 0
     end system

     do
       ground state
     end do

     memory
        available: 8
     end memory

     solver scf
        algorithm: scf-diis
     end solver scf

     molecular mechanics
        forcefield: non-polarizable
     end molecular mechanics

     method
        hf
     end method


  Running on 56 OMP thread(s)
  Memory available for calculation: 8.000000 GB


  :: Molecular system specifications (QM)
  ==========================================

     Name:             acetonitrile scan 7.50
     Charge:           0
     Multiplicity:     1
     Coordinate units: angstrom

     Pure basis functions:         87
     Cartesian basis functions:    90
     Primitive basis functions:   135

     Nuclear repulsion energy (a.u.):             58.467242266463
     Bohr/angstrom value (CODATA 2010):            0.529177210920

     ==============================================================================
                                     Geometry (angstrom)
     ==============================================================================
        Atom           X                  Y                  Z         # in input
     ==============================================================================
        Basis: 6-311++g**
        1 C     -1.183009000000     0.000009000000     0.000044000000        1
        2 C      0.280591000000    -0.000033000000    -0.000101000000        2
        3 N      1.434854000000     0.000012000000     0.000006000000        3
        4 H     -1.551986000000     0.908175000000     0.472453000000        4
        5 H     -1.551961000000    -0.863153000000     0.550412000000        5
        6 H     -1.552113000000    -0.044999000000    -1.022607000000        6
     ==============================================================================

     ==============================================================================
                                     Geometry (a.u.)
     ==============================================================================
        Atom           X                  Y                  Z         # in input
     ==============================================================================
        Basis: 6-311++g**
        1 C     -2.235563012896     0.000017007535     0.000083147949        1
        2 C      0.530240143018    -0.000062360962    -0.000190862339        2
        3 N      2.711481088737     0.000022676713     0.000011338357        3
        4 H     -2.932828489159     1.716202023177     0.892806776729        4
        5 H     -2.932781246006    -1.631122773597     1.040127935674        5
        6 H     -2.933068484377    -0.085035785879    -1.932447163063        6
     ==============================================================================


  :: Molecular system specifications (MM)
  ==========================================

     Force Field:  non-polarizable

     Number of MM atoms:                   2
     Number of MM molecules:               1

    ====================================================================
                        MM Geometry (Å) and Parameters
    ====================================================================
    Atom    Mol             X          Y          Z            Charge
    ====================================================================
      H       1         8.934855   0.000304   0.000701        1.000000
      H       1         9.934855   0.000343   0.000794       -1.000000
    ====================================================================


  :: RHF wavefunction
  ======================

  This is a QM/MM calculation

     Electrostatic Embedding:

     Each atom of the MM portion is endowed with a charge which value 
     is a fixed external parameter.

     The QM/MM electrostatic interaction energy is defined as:

        E^ele_QM/MM = sum_i q_i * V_i(P)

     where V_i(P) is the electrostatic potential due to the QM density 
     calculated at the position of the i-th charge q_i.

     For further details, see:
     Senn & Thiel, Angew. Chem. Int. Ed., 2009, 48, 1198−1229


  - Cholesky decomposition of AO overlap to get linearly independent orbitals:

  - Orbital details:

     Number of occupied orbitals:        11
     Number of virtual orbitals:         76
     Number of molecular orbitals:       87
     Number of atomic orbitals:          87


  :: Hartree-Fock engine
  =========================

  Drives the calculation of the Hartree-Fock state.

  This is a RHF ground state calculation.
  The following tasks will be performed:

     1) Generate initial SAD density
     2) Calculation of reference state (SCF-DIIS algorithm)


  1) Generate initial SAD density


  2) Calculation of reference state (SCF-DIIS algorithm)

   - Self-consistent field DIIS Hartree-Fock solver
  ----------------------------------------------------

  A DIIS-accelerated Roothan-Hall self-consistent field solver. A least-square 
  DIIS fit is performed on the previous Fock matrices and associated gradients. 
  Following the Roothan-Hall update of the density, the DIIS-fitted Fock 
  matrix is used to get the next orbital coefficients.

  - Hartree-Fock solver settings:

     DIIS dimension:                         8
     Cumulative Fock threshold:       0.10E+01

     Energy threshold:              0.1000E-05
     Gradient threshold:            0.1000E-05

     Coulomb screening threshold:   0.1000E-11
     Exchange screening threshold:  0.1000E-09
     Fock precision:                0.1000E-23
     Integral cutoff:               0.1000E-11

  - Setting initial AO density to SAD

     Energy of initial guess:              -133.164522650595
     Number of electrons in guess:           22.000000000000

  Iteration       Energy (a.u.)      Max(grad.)    Delta E (a.u.)
  ---------------------------------------------------------------
     1          -132.431813661768     0.6977E-01     0.1324E+03
     2          -132.466177577350     0.6706E-01     0.3436E-01
     3          -132.490028889747     0.1028E-01     0.2385E-01
     4          -132.491578886028     0.1658E-02     0.1550E-02
     5          -132.491633951794     0.1092E-02     0.5507E-04
     6          -132.491640856599     0.2360E-03     0.6905E-05
     7          -132.491641294313     0.2972E-04     0.4377E-06
     8          -132.491641303509     0.2822E-05     0.9196E-08
     9          -132.491641303760     0.9781E-06     0.2506E-09
  ---------------------------------------------------------------
  Convergence criterion met in 9 iterations!

  - Summary of RHF wavefunction energetics (a.u.):

     HOMO-LUMO gap:                  0.498739259873
     Nuclear repulsion energy:      58.075406196153
     Electronic energy:           -190.567047499913
     Total energy:                -132.491641303760

  - Summary of QM/MM energetics:
                                         a.u.             eV     kcal/mol
     QM/MM SCF Contribution:        -0.138684681043
     QM/MM Electrostatic Energy:    -0.001343543124    -0.03656    -0.843

  - Molecular orbital energies

  -----------------------------------------------------------------------------------
   1 -15.580475220726  23   0.186481791555  45   1.105170880221  67   2.781081380043
   2 -11.292765553071  24   0.186484497866  46   1.105173440273  68   2.781099861633
   3 -11.288518217461  25   0.274775482813  47   1.245189744456  69   2.853599335986
   4  -1.232184890328  26   0.274785924490  48   1.245197052335  70   2.853623174858
   5  -1.048260485540  27   0.306522896254  49   1.356751580583  71   2.918036404630
   6  -0.704771570714  28   0.317266100147  50   1.488855801060  72   3.151958784953
   7  -0.637355060435  29   0.317270462139  51   1.488866977486  73   3.151976037822
   8  -0.637350327271  30   0.322530085330  52   1.645573999360  74   3.219246362490
   9  -0.564929323970  31   0.356292990267  53   1.665745145483  75   3.257565677372
  10  -0.470963930368  32   0.412085988627  54   1.720345407657  76   3.257579646106
  11  -0.470963200079  33   0.575833868195  55   1.720374218496  77   3.389973651911
  12   0.027776059794  34   0.575843008577  56   1.788645501210  78   3.555138811808
  13   0.060971027266  35   0.598816216633  57   1.788658867719  79   4.176007029733
  14   0.060971949584  36   0.731012077332  58   2.001881542755  80   4.176048444721
  15   0.077988853736  37   0.731015154691  59   2.120781442156  81   4.276671484253
  16   0.127572387653  38   0.806686435836  60   2.120799731115  82   4.467936859119
  17   0.132428635147  39   0.806686850083  61   2.265813586195  83   4.467946175996
  18   0.132430082764  40   0.846498417117  62   2.391186517669  84   5.052322684789
  19   0.139667285936  41   0.878031307916  63   2.391215803319  85  25.029359514435
  20   0.139670401972  42   0.931027511325  64   2.482225229548  86  25.458841187315
  21   0.171516309445  43   1.010054156863  65   2.482250354376  87  37.265993939708
  22   0.183803944348  44   1.091353682552  66   2.730430663116
  -----------------------------------------------------------------------------------

  - Timings for the RHF ground state calculation

     Total wall time (sec):             36.53000
     Total cpu time (sec):            1149.03532

  eT terminated successfully!
