
  Preparation of molecular system (Libint)
  wall time (sec):                 0.00
  cpu time (sec):                  0.00
  cpu/wall ratio:                  1.30

  Preparation of molecular system (total)
  wall time (sec):                 0.09
  cpu time (sec):                  0.53
  cpu/wall ratio:                  5.81

  Cholesky decomposition of AO overlap
  wall time (sec):                 0.00
  cpu time (sec):                  0.21
  cpu/wall ratio:                 52.96


  :: Hartree-Fock engine
  =========================


  1) Generate initial SAD density

  SAD generation time
  wall time (sec):                 0.27
  cpu time (sec):                 11.80
  cpu/wall ratio:                 44.37


  2) Calculation of reference state (SCF-DIIS algorithm)

  AO Fock construction
  wall time (sec):                 0.10
  cpu time (sec):                  5.70
  cpu/wall ratio:                 54.83

  AO Fock construction
  wall time (sec):                 0.03
  cpu time (sec):                  1.33
  cpu/wall ratio:                 53.28

  AO Fock construction
  wall time (sec):                 0.02
  cpu time (sec):                  0.88
  cpu/wall ratio:                 51.75

  SCF DIIS iteration time
  wall time (sec):                 0.03
  cpu time (sec):                  1.55
  cpu/wall ratio:                 53.47

  AO Fock construction
  wall time (sec):                 0.00
  cpu time (sec):                  0.11
  cpu/wall ratio:                 55.82

  SCF DIIS iteration time
  wall time (sec):                 0.01
  cpu time (sec):                  0.67
  cpu/wall ratio:                 51.23

  AO Fock construction
  wall time (sec):                 0.00
  cpu time (sec):                  0.11
  cpu/wall ratio:                 55.76

  SCF DIIS iteration time
  wall time (sec):                 0.01
  cpu time (sec):                  0.66
  cpu/wall ratio:                 51.06

  AO Fock construction
  wall time (sec):                 0.00
  cpu time (sec):                  0.11
  cpu/wall ratio:                 55.79

  SCF DIIS iteration time
  wall time (sec):                 0.01
  cpu time (sec):                  0.56
  cpu/wall ratio:                 50.63

  AO Fock construction
  wall time (sec):                 0.00
  cpu time (sec):                  0.11
  cpu/wall ratio:                 55.85

  SCF DIIS iteration time
  wall time (sec):                 0.01
  cpu time (sec):                  0.56
  cpu/wall ratio:                 50.75

  AO Fock construction
  wall time (sec):                 0.00
  cpu time (sec):                  0.11
  cpu/wall ratio:                 55.77

  SCF DIIS iteration time
  wall time (sec):                 0.01
  cpu time (sec):                  0.45
  cpu/wall ratio:                 49.96

  AO Fock construction
  wall time (sec):                 0.00
  cpu time (sec):                  0.11
  cpu/wall ratio:                 55.66

  SCF DIIS iteration time
  wall time (sec):                 0.01
  cpu time (sec):                  0.29
  cpu/wall ratio:                 47.57

  SCF DIIS iteration time
  wall time (sec):                 0.00
  cpu time (sec):                  0.06
  cpu/wall ratio:                 55.44

  SCF DIIS solver time
  wall time (sec):                 0.24
  cpu time (sec):                 12.78
  cpu/wall ratio:                 53.04

  Hartree-Fock engine
  wall time (sec):                 0.51
  cpu time (sec):                 24.58
  cpu/wall ratio:                 48.49


  :: Total time
  ================

  Total time in eT
  wall time (sec):                 0.64
  cpu time (sec):                 26.54
  cpu/wall ratio:                 41.73
