
  Preparation of molecular system (Libint)
  wall time (sec):                 0.00
  cpu time (sec):                  0.00
  cpu/wall ratio:                  0.76

  Preparation of molecular system (total)
  wall time (sec):                 0.09
  cpu time (sec):                  0.67
  cpu/wall ratio:                  7.03

  Cholesky decomposition of AO overlap
  wall time (sec):                 0.00
  cpu time (sec):                  0.22
  cpu/wall ratio:                 53.92


  :: Hartree-Fock engine
  =========================


  1) Generate initial SAD density

  SAD generation time
  wall time (sec):                 0.34
  cpu time (sec):                 14.87
  cpu/wall ratio:                 43.61


  2) Calculation of reference state (SCF-DIIS algorithm)

  AO Fock construction
  wall time (sec):                 0.00
  cpu time (sec):                  0.14
  cpu/wall ratio:                 45.25

  AO Fock construction
  wall time (sec):                 0.15
  cpu time (sec):                  7.89
  cpu/wall ratio:                 54.07

  AO Fock construction
  wall time (sec):                 0.06
  cpu time (sec):                  3.01
  cpu/wall ratio:                 51.97

  SCF DIIS iteration time
  wall time (sec):                 0.06
  cpu time (sec):                  3.35
  cpu/wall ratio:                 53.21

  AO Fock construction
  wall time (sec):                 0.00
  cpu time (sec):                  0.11
  cpu/wall ratio:                 55.78

  SCF DIIS iteration time
  wall time (sec):                 0.01
  cpu time (sec):                  0.33
  cpu/wall ratio:                 47.56

  AO Fock construction
  wall time (sec):                 0.00
  cpu time (sec):                  0.11
  cpu/wall ratio:                 55.85

  SCF DIIS iteration time
  wall time (sec):                 0.01
  cpu time (sec):                  0.54
  cpu/wall ratio:                 49.14

  AO Fock construction
  wall time (sec):                 0.00
  cpu time (sec):                  0.11
  cpu/wall ratio:                 55.79

  SCF DIIS iteration time
  wall time (sec):                 0.01
  cpu time (sec):                  0.60
  cpu/wall ratio:                 50.29

  AO Fock construction
  wall time (sec):                 0.00
  cpu time (sec):                  0.11
  cpu/wall ratio:                 55.75

  SCF DIIS iteration time
  wall time (sec):                 0.01
  cpu time (sec):                  0.28
  cpu/wall ratio:                 46.22

  AO Fock construction
  wall time (sec):                 0.00
  cpu time (sec):                  0.11
  cpu/wall ratio:                 55.73

  SCF DIIS iteration time
  wall time (sec):                 0.01
  cpu time (sec):                  0.60
  cpu/wall ratio:                 50.28

  AO Fock construction
  wall time (sec):                 0.00
  cpu time (sec):                  0.11
  cpu/wall ratio:                 55.71

  SCF DIIS iteration time
  wall time (sec):                 0.01
  cpu time (sec):                  0.33
  cpu/wall ratio:                 47.28

  SCF DIIS iteration time
  wall time (sec):                 0.00
  cpu time (sec):                  0.06
  cpu/wall ratio:                 55.37

  SCF DIIS solver time
  wall time (sec):                 0.27
  cpu time (sec):                 14.50
  cpu/wall ratio:                 52.91

  Hartree-Fock engine
  wall time (sec):                 0.62
  cpu time (sec):                 29.37
  cpu/wall ratio:                 47.68


  :: Total time
  ================

  Total time in eT
  wall time (sec):                 0.74
  cpu time (sec):                 31.41
  cpu/wall ratio:                 42.56
