
  Preparation of molecular system (Libint)
  wall time (sec):                 0.00
  cpu time (sec):                  0.00
  cpu/wall ratio:                  1.53

  Preparation of molecular system (total)
  wall time (sec):                 0.10
  cpu time (sec):                  1.24
  cpu/wall ratio:                 11.83

  Cholesky decomposition of AO overlap
  wall time (sec):                 0.00
  cpu time (sec):                  0.17
  cpu/wall ratio:                 55.65


  :: Hartree-Fock engine
  =========================


  1) Generate initial SAD density

  SAD generation time
  wall time (sec):                 0.34
  cpu time (sec):                 14.94
  cpu/wall ratio:                 44.47


  2) Calculation of reference state (SCF-DIIS algorithm)

  AO Fock construction
  wall time (sec):                 0.00
  cpu time (sec):                  0.15
  cpu/wall ratio:                 48.80

  AO Fock construction
  wall time (sec):                 0.13
  cpu time (sec):                  7.09
  cpu/wall ratio:                 54.55

  AO Fock construction
  wall time (sec):                 0.07
  cpu time (sec):                  4.01
  cpu/wall ratio:                 54.21

  SCF DIIS iteration time
  wall time (sec):                 0.09
  cpu time (sec):                  4.68
  cpu/wall ratio:                 54.40

  AO Fock construction
  wall time (sec):                 0.03
  cpu time (sec):                  1.70
  cpu/wall ratio:                 54.90

  SCF DIIS iteration time
  wall time (sec):                 0.06
  cpu time (sec):                  3.24
  cpu/wall ratio:                 54.05

  AO Fock construction
  wall time (sec):                 0.00
  cpu time (sec):                  0.11
  cpu/wall ratio:                 55.97

  SCF DIIS iteration time
  wall time (sec):                 0.01
  cpu time (sec):                  0.45
  cpu/wall ratio:                 49.88

  AO Fock construction
  wall time (sec):                 0.00
  cpu time (sec):                  0.17
  cpu/wall ratio:                 55.24

  SCF DIIS iteration time
  wall time (sec):                 0.01
  cpu time (sec):                  0.29
  cpu/wall ratio:                 47.95

  AO Fock construction
  wall time (sec):                 0.00
  cpu time (sec):                  0.11
  cpu/wall ratio:                 55.54

  SCF DIIS iteration time
  wall time (sec):                 0.02
  cpu time (sec):                  0.83
  cpu/wall ratio:                 51.99

  AO Fock construction
  wall time (sec):                 0.04
  cpu time (sec):                  2.30
  cpu/wall ratio:                 54.81

  SCF DIIS iteration time
  wall time (sec):                 0.07
  cpu time (sec):                  3.85
  cpu/wall ratio:                 53.45

  AO Fock construction
  wall time (sec):                 0.00
  cpu time (sec):                  0.11
  cpu/wall ratio:                 55.86

  SCF DIIS iteration time
  wall time (sec):                 0.01
  cpu time (sec):                  0.45
  cpu/wall ratio:                 49.86

  SCF DIIS iteration time
  wall time (sec):                 0.00
  cpu time (sec):                  0.06
  cpu/wall ratio:                 55.41

  SCF DIIS solver time
  wall time (sec):                 0.40
  cpu time (sec):                 21.33
  cpu/wall ratio:                 53.73

  Hartree-Fock engine
  wall time (sec):                 0.73
  cpu time (sec):                 36.27
  cpu/wall ratio:                 49.49


  :: Total time
  ================

  Total time in eT
  wall time (sec):                 0.89
  cpu time (sec):                 39.77
  cpu/wall ratio:                 44.73
