
  Preparation of molecular system (Libint)
  wall time (sec):                 0.00
  cpu time (sec):                  0.00
  cpu/wall ratio:                  1.46

  Preparation of molecular system (total)
  wall time (sec):                 0.11
  cpu time (sec):                  1.53
  cpu/wall ratio:                 13.87

  Cholesky decomposition of AO overlap
  wall time (sec):                 0.00
  cpu time (sec):                  0.22
  cpu/wall ratio:                 54.41


  :: Hartree-Fock engine
  =========================


  1) Generate initial SAD density

  SAD generation time
  wall time (sec):                 0.33
  cpu time (sec):                 14.28
  cpu/wall ratio:                 42.62


  2) Calculation of reference state (SCF-DIIS algorithm)

  AO Fock construction
  wall time (sec):                 0.00
  cpu time (sec):                  0.11
  cpu/wall ratio:                 55.54

  AO Fock construction
  wall time (sec):                 0.05
  cpu time (sec):                  2.82
  cpu/wall ratio:                 54.33

  AO Fock construction
  wall time (sec):                 0.02
  cpu time (sec):                  0.77
  cpu/wall ratio:                 51.59

  SCF DIIS iteration time
  wall time (sec):                 0.03
  cpu time (sec):                  1.45
  cpu/wall ratio:                 53.62

  AO Fock construction
  wall time (sec):                 0.00
  cpu time (sec):                  0.11
  cpu/wall ratio:                 55.85

  SCF DIIS iteration time
  wall time (sec):                 0.01
  cpu time (sec):                  0.61
  cpu/wall ratio:                 51.02

  AO Fock construction
  wall time (sec):                 0.00
  cpu time (sec):                  0.11
  cpu/wall ratio:                 55.73

  SCF DIIS iteration time
  wall time (sec):                 0.01
  cpu time (sec):                  0.39
  cpu/wall ratio:                 49.07

  AO Fock construction
  wall time (sec):                 0.00
  cpu time (sec):                  0.11
  cpu/wall ratio:                 55.79

  SCF DIIS iteration time
  wall time (sec):                 0.01
  cpu time (sec):                  0.28
  cpu/wall ratio:                 47.49

  AO Fock construction
  wall time (sec):                 0.00
  cpu time (sec):                  0.11
  cpu/wall ratio:                 55.84

  SCF DIIS iteration time
  wall time (sec):                 0.01
  cpu time (sec):                  0.61
  cpu/wall ratio:                 51.23

  AO Fock construction
  wall time (sec):                 0.06
  cpu time (sec):                  3.18
  cpu/wall ratio:                 53.95

  SCF DIIS iteration time
  wall time (sec):                 0.09
  cpu time (sec):                  4.79
  cpu/wall ratio:                 54.40

  AO Fock construction
  wall time (sec):                 0.00
  cpu time (sec):                  0.11
  cpu/wall ratio:                 55.35

  SCF DIIS iteration time
  wall time (sec):                 0.02
  cpu time (sec):                  1.16
  cpu/wall ratio:                 52.80

  SCF DIIS iteration time
  wall time (sec):                 0.00
  cpu time (sec):                  0.06
  cpu/wall ratio:                 55.40

  SCF DIIS solver time
  wall time (sec):                 0.25
  cpu time (sec):                 13.26
  cpu/wall ratio:                 53.24

  Hartree-Fock engine
  wall time (sec):                 0.58
  cpu time (sec):                 27.53
  cpu/wall ratio:                 47.15


  :: Total time
  ================

  Total time in eT
  wall time (sec):                 0.72
  cpu time (sec):                 30.43
  cpu/wall ratio:                 42.21
