
  Preparation of molecular system (Libint)
  wall time (sec):                 0.00
  cpu time (sec):                  0.00
  cpu/wall ratio:                  1.34

  Preparation of molecular system (total)
  wall time (sec):                 0.11
  cpu time (sec):                  1.54
  cpu/wall ratio:                 13.91

  Cholesky decomposition of AO overlap
  wall time (sec):                 0.00
  cpu time (sec):                  0.22
  cpu/wall ratio:                 54.33


  :: Hartree-Fock engine
  =========================


  1) Generate initial SAD density

  SAD generation time
  wall time (sec):                 0.34
  cpu time (sec):                 13.56
  cpu/wall ratio:                 39.43


  2) Calculation of reference state (SCF-DIIS algorithm)

  AO Fock construction
  wall time (sec):                 0.00
  cpu time (sec):                  0.17
  cpu/wall ratio:                 55.62

  AO Fock construction
  wall time (sec):                 0.00
  cpu time (sec):                  0.19
  cpu/wall ratio:                 47.65

  AO Fock construction
  wall time (sec):                 0.04
  cpu time (sec):                  2.11
  cpu/wall ratio:                 52.77

  SCF DIIS iteration time
  wall time (sec):                 0.05
  cpu time (sec):                  2.81
  cpu/wall ratio:                 54.13

  AO Fock construction
  wall time (sec):                 0.09
  cpu time (sec):                  4.72
  cpu/wall ratio:                 54.84

  SCF DIIS iteration time
  wall time (sec):                 0.12
  cpu time (sec):                  6.31
  cpu/wall ratio:                 54.43

  AO Fock construction
  wall time (sec):                 0.09
  cpu time (sec):                  4.72
  cpu/wall ratio:                 54.85

  SCF DIIS iteration time
  wall time (sec):                 0.11
  cpu time (sec):                  6.26
  cpu/wall ratio:                 54.42

  AO Fock construction
  wall time (sec):                 0.00
  cpu time (sec):                  0.17
  cpu/wall ratio:                 55.50

  SCF DIIS iteration time
  wall time (sec):                 0.03
  cpu time (sec):                  1.65
  cpu/wall ratio:                 53.38

  AO Fock construction
  wall time (sec):                 0.11
  cpu time (sec):                  5.92
  cpu/wall ratio:                 54.85

  SCF DIIS iteration time
  wall time (sec):                 0.14
  cpu time (sec):                  7.58
  cpu/wall ratio:                 54.52

  AO Fock construction
  wall time (sec):                 0.03
  cpu time (sec):                  1.48
  cpu/wall ratio:                 54.90

  SCF DIIS iteration time
  wall time (sec):                 0.06
  cpu time (sec):                  3.08
  cpu/wall ratio:                 54.12

  AO Fock construction
  wall time (sec):                 0.00
  cpu time (sec):                  0.11
  cpu/wall ratio:                 55.81

  SCF DIIS iteration time
  wall time (sec):                 0.01
  cpu time (sec):                  0.45
  cpu/wall ratio:                 49.70

  SCF DIIS iteration time
  wall time (sec):                 0.00
  cpu time (sec):                  0.06
  cpu/wall ratio:                 55.42

  SCF DIIS solver time
  wall time (sec):                 0.54
  cpu time (sec):                 29.38
  cpu/wall ratio:                 54.10

  Hartree-Fock engine
  wall time (sec):                 0.89
  cpu time (sec):                 42.94
  cpu/wall ratio:                 48.36


  :: Total time
  ================

  Total time in eT
  wall time (sec):                 1.04
  cpu time (sec):                 46.14
  cpu/wall ratio:                 44.58
