
  Preparation of molecular system (Libint)
  wall time (sec):                 0.00
  cpu time (sec):                  0.00
  cpu/wall ratio:                  1.08

  Preparation of molecular system (total)
  wall time (sec):                 0.11
  cpu time (sec):                  1.53
  cpu/wall ratio:                 13.93

  Cholesky decomposition of AO overlap
  wall time (sec):                 0.04
  cpu time (sec):                  2.09
  cpu/wall ratio:                 54.91


  :: Hartree-Fock engine
  =========================


  1) Generate initial SAD density

  SAD generation time
  wall time (sec):                 0.29
  cpu time (sec):                 12.57
  cpu/wall ratio:                 43.06


  2) Calculation of reference state (SCF-DIIS algorithm)

  AO Fock construction
  wall time (sec):                 0.00
  cpu time (sec):                  0.18
  cpu/wall ratio:                 45.37

  AO Fock construction
  wall time (sec):                 0.11
  cpu time (sec):                  6.06
  cpu/wall ratio:                 54.08

  AO Fock construction
  wall time (sec):                 0.16
  cpu time (sec):                  8.45
  cpu/wall ratio:                 53.83

  SCF DIIS iteration time
  wall time (sec):                 0.17
  cpu time (sec):                  9.06
  cpu/wall ratio:                 53.96

  AO Fock construction
  wall time (sec):                 0.08
  cpu time (sec):                  4.09
  cpu/wall ratio:                 54.53

  SCF DIIS iteration time
  wall time (sec):                 0.10
  cpu time (sec):                  5.67
  cpu/wall ratio:                 53.96

  AO Fock construction
  wall time (sec):                 0.00
  cpu time (sec):                  0.11
  cpu/wall ratio:                 55.82

  SCF DIIS iteration time
  wall time (sec):                 0.01
  cpu time (sec):                  0.45
  cpu/wall ratio:                 49.68

  AO Fock construction
  wall time (sec):                 0.00
  cpu time (sec):                  0.11
  cpu/wall ratio:                 55.82

  SCF DIIS iteration time
  wall time (sec):                 0.02
  cpu time (sec):                  1.21
  cpu/wall ratio:                 52.69

  AO Fock construction
  wall time (sec):                 0.00
  cpu time (sec):                  0.11
  cpu/wall ratio:                 55.56

  SCF DIIS iteration time
  wall time (sec):                 0.02
  cpu time (sec):                  1.09
  cpu/wall ratio:                 52.00

  AO Fock construction
  wall time (sec):                 0.02
  cpu time (sec):                  1.26
  cpu/wall ratio:                 54.90

  SCF DIIS iteration time
  wall time (sec):                 0.05
  cpu time (sec):                  2.75
  cpu/wall ratio:                 53.95

  AO Fock construction
  wall time (sec):                 0.00
  cpu time (sec):                  0.11
  cpu/wall ratio:                 55.71

  SCF DIIS iteration time
  wall time (sec):                 0.01
  cpu time (sec):                  0.39
  cpu/wall ratio:                 49.25

  SCF DIIS iteration time
  wall time (sec):                 0.00
  cpu time (sec):                  0.00

  SCF DIIS solver time
  wall time (sec):                 0.51
  cpu time (sec):                 27.19
  cpu/wall ratio:                 53.62

  Hartree-Fock engine
  wall time (sec):                 0.80
  cpu time (sec):                 39.80
  cpu/wall ratio:                 49.75


  :: Total time
  ================

  Total time in eT
  wall time (sec):                 1.00
  cpu time (sec):                 45.89
  cpu/wall ratio:                 45.75
