
  Preparation of molecular system (Libint)
  wall time (sec):                 0.00
  cpu time (sec):                  0.00
  cpu/wall ratio:                  1.11

  Preparation of molecular system (total)
  wall time (sec):                 0.11
  cpu time (sec):                  1.53
  cpu/wall ratio:                 13.80

  Cholesky decomposition of AO overlap
  wall time (sec):                 0.06
  cpu time (sec):                  3.29
  cpu/wall ratio:                 54.82


  :: Hartree-Fock engine
  =========================


  1) Generate initial SAD density

  SAD generation time
  wall time (sec):                 0.30
  cpu time (sec):                 12.90
  cpu/wall ratio:                 42.84


  2) Calculation of reference state (SCF-DIIS algorithm)

  AO Fock construction
  wall time (sec):                 0.00
  cpu time (sec):                  0.06
  cpu/wall ratio:                 56.49

  AO Fock construction
  wall time (sec):                 0.01
  cpu time (sec):                  0.30
  cpu/wall ratio:                 49.46

  AO Fock construction
  wall time (sec):                 0.11
  cpu time (sec):                  5.92
  cpu/wall ratio:                 54.31

  SCF DIIS iteration time
  wall time (sec):                 0.12
  cpu time (sec):                  6.81
  cpu/wall ratio:                 54.52

  AO Fock construction
  wall time (sec):                 0.07
  cpu time (sec):                  3.65
  cpu/wall ratio:                 54.48

  SCF DIIS iteration time
  wall time (sec):                 0.10
  cpu time (sec):                  5.22
  cpu/wall ratio:                 53.85

  AO Fock construction
  wall time (sec):                 0.00
  cpu time (sec):                  0.11
  cpu/wall ratio:                 55.85

  SCF DIIS iteration time
  wall time (sec):                 0.01
  cpu time (sec):                  0.50
  cpu/wall ratio:                 50.17

  AO Fock construction
  wall time (sec):                 0.00
  cpu time (sec):                  0.11
  cpu/wall ratio:                 55.85

  SCF DIIS iteration time
  wall time (sec):                 0.01
  cpu time (sec):                  0.56
  cpu/wall ratio:                 50.74

  AO Fock construction
  wall time (sec):                 0.00
  cpu time (sec):                  0.11
  cpu/wall ratio:                 55.85

  SCF DIIS iteration time
  wall time (sec):                 0.01
  cpu time (sec):                  0.29
  cpu/wall ratio:                 47.77

  AO Fock construction
  wall time (sec):                 0.00
  cpu time (sec):                  0.11
  cpu/wall ratio:                 55.78

  SCF DIIS iteration time
  wall time (sec):                 0.01
  cpu time (sec):                  0.34
  cpu/wall ratio:                 49.16

  AO Fock construction
  wall time (sec):                 0.00
  cpu time (sec):                  0.11
  cpu/wall ratio:                 55.82

  SCF DIIS iteration time
  wall time (sec):                 0.01
  cpu time (sec):                  0.67
  cpu/wall ratio:                 51.72

  SCF DIIS iteration time
  wall time (sec):                 0.00
  cpu time (sec):                  0.06
  cpu/wall ratio:                 55.23

  SCF DIIS solver time
  wall time (sec):                 0.29
  cpu time (sec):                 15.68
  cpu/wall ratio:                 53.35

  Hartree-Fock engine
  wall time (sec):                 0.60
  cpu time (sec):                 28.58
  cpu/wall ratio:                 47.95


  :: Total time
  ================

  Total time in eT
  wall time (sec):                 0.82
  cpu time (sec):                 35.59
  cpu/wall ratio:                 43.51
