


                     eT - an electronic structure program

  ------------------------------------------------------------------------
   Author list in alphabetical order:
  ------------------------------------------------------------------------
   J. H. Andersen, A. Balbi, S. Coriani, S. D. Folkestad, T. Giovannini, 
   L. Goletto, T. S. Haugland, A. Hutcheson, I-M. Høyvik, E. F. Kjønstad, 
   H. Koch, T. Moitra, R. H. Myhre, A. C. Paul, M. Scavino, A. Skeidsvoll, 
   Å. H. Tveten
  ------------------------------------------------------------------------


  :: Input file
  ================

     Note: geometry section is excluded from this print

     system
        name: water scan 8.75
        charge: 0
     end system

     do
       ground state
     end do

     memory
        available: 8
     end memory

     solver scf
        algorithm: scf-diis
     end solver scf

     molecular mechanics
        forcefield: non-polarizable
     end molecular mechanics

     method
        hf
     end method


  Running on 56 OMP thread(s)
  Memory available for calculation: 8.000000 GB


  :: Molecular system specifications (QM)
  ==========================================

     Name:             water scan 8.75
     Charge:           0
     Multiplicity:     1
     Coordinate units: angstrom

     Pure basis functions:         36
     Cartesian basis functions:    37
     Primitive basis functions:    54

     Nuclear repulsion energy (a.u.):              9.177132664463
     Bohr/angstrom value (CODATA 2010):            0.529177210920

     ==============================================================================
                                     Geometry (angstrom)
     ==============================================================================
        Atom           X                  Y                  Z         # in input
     ==============================================================================
        Basis: 6-311++g**
        1 O      0.000000000000     0.000000000000    -0.115688000000        1
        2 H      0.000000000000    -0.758056000000     0.471834000000        2
        3 H      0.000000000000     0.758056000000     0.471834000000        3
     ==============================================================================

     ==============================================================================
                                     Geometry (a.u.)
     ==============================================================================
        Atom           X                  Y                  Z         # in input
     ==============================================================================
        Basis: 6-311++g**
        1 O      0.000000000000     0.000000000000    -0.218618635899        1
        2 H      0.000000000000    -1.432518227083     0.891637036258        2
        3 H      0.000000000000     1.432518227083     0.891637036258        3
     ==============================================================================


  :: Molecular system specifications (MM)
  ==========================================

     Force Field:  non-polarizable

     Number of MM atoms:                   2
     Number of MM molecules:               1

    ====================================================================
                        MM Geometry (Å) and Parameters
    ====================================================================
    Atom    Mol             X          Y          Z            Charge
    ====================================================================
      H       1         8.750000   0.000000  -0.115688        1.000000
      H       1         9.750000   0.000000  -0.115688       -1.000000
    ====================================================================


  :: RHF wavefunction
  ======================

  This is a QM/MM calculation

     Electrostatic Embedding:

     Each atom of the MM portion is endowed with a charge which value 
     is a fixed external parameter.

     The QM/MM electrostatic interaction energy is defined as:

        E^ele_QM/MM = sum_i q_i * V_i(P)

     where V_i(P) is the electrostatic potential due to the QM density 
     calculated at the position of the i-th charge q_i.

     For further details, see:
     Senn & Thiel, Angew. Chem. Int. Ed., 2009, 48, 1198−1229


  - Cholesky decomposition of AO overlap to get linearly independent orbitals:

  - Orbital details:

     Number of occupied orbitals:         5
     Number of virtual orbitals:         31
     Number of molecular orbitals:       36
     Number of atomic orbitals:          36


  :: Hartree-Fock engine
  =========================

  Drives the calculation of the Hartree-Fock state.

  This is a RHF ground state calculation.
  The following tasks will be performed:

     1) Generate initial SAD density
     2) Calculation of reference state (SCF-DIIS algorithm)


  1) Generate initial SAD density


  2) Calculation of reference state (SCF-DIIS algorithm)

   - Self-consistent field DIIS Hartree-Fock solver
  ----------------------------------------------------

  A DIIS-accelerated Roothan-Hall self-consistent field solver. A least-square 
  DIIS fit is performed on the previous Fock matrices and associated gradients. 
  Following the Roothan-Hall update of the density, the DIIS-fitted Fock 
  matrix is used to get the next orbital coefficients.

  - Hartree-Fock solver settings:

     DIIS dimension:                         8
     Cumulative Fock threshold:       0.10E+01

     Energy threshold:              0.1000E-05
     Gradient threshold:            0.1000E-05

     Coulomb screening threshold:   0.1000E-11
     Exchange screening threshold:  0.1000E-09
     Fock precision:                0.1000E-23
     Integral cutoff:               0.1000E-11

  - Setting initial AO density to SAD

     Energy of initial guess:               -76.373745070277
     Number of electrons in guess:           10.000000000000

  Iteration       Energy (a.u.)      Max(grad.)    Delta E (a.u.)
  ---------------------------------------------------------------
     1           -76.534262910498     0.1059E+00     0.7653E+02
     2           -76.566316594395     0.7897E-01     0.3205E-01
     3           -76.581805930776     0.5326E-02     0.1549E-01
     4           -76.581992528810     0.1239E-02     0.1866E-03
     5           -76.582006053500     0.2853E-03     0.1352E-04
     6           -76.582006676033     0.6623E-04     0.6225E-06
     7           -76.582006700092     0.5644E-05     0.2406E-07
     8           -76.582006700308     0.3578E-06     0.2163E-09
  ---------------------------------------------------------------
  Convergence criterion met in 8 iterations!

  - Summary of RHF wavefunction energetics (a.u.):

     HOMO-LUMO gap:                  0.553199619793
     Nuclear repulsion energy:       8.709784834750
     Electronic energy:            -85.291791535058
     Total energy:                 -76.582006700308

  - Summary of QM/MM energetics:
                                         a.u.             eV     kcal/mol
     QM/MM SCF Contribution:        -0.061947416569
     QM/MM Electrostatic Energy:    -0.000118035362    -0.00321    -0.074

  - Molecular orbital energies

  -----------------------------------------------------------------------------------
   1 -20.573154260091  10   0.242285121398  19   1.458726732426  28   3.477216509582
   2  -1.360829093992  11   0.253952188659  20   1.499039220509  29   3.528206123221
   3  -0.725632368447  12   0.313019317007  21   1.605648302737  30   3.704140299705
   4  -0.590189593335  13   0.317656902726  22   1.707318281860  31   4.077823159361
   5  -0.516211688718  14   0.676361552911  23   1.926584514800  32   4.325315358656
   6   0.036987931075  15   0.730202872476  24   2.296410543288  33   5.483282904385
   7   0.066650415200  16   1.193665120097  25   2.448855086018  34   5.870008152189
   8   0.235817704391  17   1.237680356815  26   2.703439152991  35   6.188915461930
   9   0.238729730059  18   1.240959785135  27   2.871443758995  36  51.562481421250
  -----------------------------------------------------------------------------------

  - Timings for the RHF ground state calculation

     Total wall time (sec):              0.73300
     Total cpu time (sec):              36.27455

  eT terminated successfully!
