
  Preparation of molecular system (Libint)
  wall time (sec):                 0.00
  cpu time (sec):                  0.00
  cpu/wall ratio:                  0.69

  Preparation of molecular system (total)
  wall time (sec):                 0.11
  cpu time (sec):                  1.53
  cpu/wall ratio:                 13.68

  Cholesky decomposition of AO overlap
  wall time (sec):                 0.02
  cpu time (sec):                  1.04
  cpu/wall ratio:                 54.97


  :: Hartree-Fock engine
  =========================


  1) Generate initial SAD density

  SAD generation time
  wall time (sec):                 0.37
  cpu time (sec):                 15.11
  cpu/wall ratio:                 40.72


  2) Calculation of reference state (SCF-DIIS algorithm)

  AO Fock construction
  wall time (sec):                 0.00
  cpu time (sec):                  0.17
  cpu/wall ratio:                 55.59

  AO Fock construction
  wall time (sec):                 0.05
  cpu time (sec):                  2.60
  cpu/wall ratio:                 53.05

  AO Fock construction
  wall time (sec):                 0.01
  cpu time (sec):                  0.72
  cpu/wall ratio:                 51.52

  SCF DIIS iteration time
  wall time (sec):                 0.03
  cpu time (sec):                  1.44
  cpu/wall ratio:                 53.50

  AO Fock construction
  wall time (sec):                 0.07
  cpu time (sec):                  3.84
  cpu/wall ratio:                 54.83

  SCF DIIS iteration time
  wall time (sec):                 0.10
  cpu time (sec):                  5.38
  cpu/wall ratio:                 54.38

  AO Fock construction
  wall time (sec):                 0.01
  cpu time (sec):                  0.60
  cpu/wall ratio:                 54.99

  SCF DIIS iteration time
  wall time (sec):                 0.04
  cpu time (sec):                  2.09
  cpu/wall ratio:                 53.64

  AO Fock construction
  wall time (sec):                 0.00
  cpu time (sec):                  0.11
  cpu/wall ratio:                 55.87

  SCF DIIS iteration time
  wall time (sec):                 0.01
  cpu time (sec):                  0.61
  cpu/wall ratio:                 51.12

  AO Fock construction
  wall time (sec):                 0.16
  cpu time (sec):                  8.55
  cpu/wall ratio:                 54.83

  SCF DIIS iteration time
  wall time (sec):                 0.40
  cpu time (sec):                 21.73
  cpu/wall ratio:                 54.73

  AO Fock construction
  wall time (sec):                 0.15
  cpu time (sec):                  8.36
  cpu/wall ratio:                 54.63

  SCF DIIS iteration time
  wall time (sec):                 0.23
  cpu time (sec):                 12.37
  cpu/wall ratio:                 54.04

  AO Fock construction
  wall time (sec):                 0.14
  cpu time (sec):                  7.56
  cpu/wall ratio:                 54.38

  SCF DIIS iteration time
  wall time (sec):                 0.22
  cpu time (sec):                 11.92
  cpu/wall ratio:                 54.20

  SCF DIIS iteration time
  wall time (sec):                 0.00
  cpu time (sec):                  0.00

  SCF DIIS solver time
  wall time (sec):                 1.09
  cpu time (sec):                 59.23
  cpu/wall ratio:                 54.24

  Hartree-Fock engine
  wall time (sec):                 1.46
  cpu time (sec):                 74.39
  cpu/wall ratio:                 50.81


  :: Total time
  ================

  Total time in eT
  wall time (sec):                 1.64
  cpu time (sec):                 79.09
  cpu/wall ratio:                 48.37
