
  Preparation of molecular system (Libint)
  wall time (sec):                 0.00
  cpu time (sec):                  0.00
  cpu/wall ratio:                  1.07

  Preparation of molecular system (total)
  wall time (sec):                 0.11
  cpu time (sec):                  1.51
  cpu/wall ratio:                 13.72

  Cholesky decomposition of AO overlap
  wall time (sec):                 0.02
  cpu time (sec):                  1.37
  cpu/wall ratio:                 54.94


  :: Hartree-Fock engine
  =========================


  1) Generate initial SAD density

  SAD generation time
  wall time (sec):                 0.43
  cpu time (sec):                 16.88
  cpu/wall ratio:                 39.34


  2) Calculation of reference state (SCF-DIIS algorithm)

  AO Fock construction
  wall time (sec):                 0.00
  cpu time (sec):                  0.17
  cpu/wall ratio:                 55.50

  AO Fock construction
  wall time (sec):                 0.06
  cpu time (sec):                  3.30
  cpu/wall ratio:                 54.12

  AO Fock construction
  wall time (sec):                 0.07
  cpu time (sec):                  3.85
  cpu/wall ratio:                 54.23

  SCF DIIS iteration time
  wall time (sec):                 0.08
  cpu time (sec):                  4.57
  cpu/wall ratio:                 54.44

  AO Fock construction
  wall time (sec):                 0.16
  cpu time (sec):                  8.45
  cpu/wall ratio:                 53.84

  SCF DIIS iteration time
  wall time (sec):                 0.25
  cpu time (sec):                 13.66
  cpu/wall ratio:                 53.80

  AO Fock construction
  wall time (sec):                 0.02
  cpu time (sec):                  0.93
  cpu/wall ratio:                 54.92

  SCF DIIS iteration time
  wall time (sec):                 0.05
  cpu time (sec):                  2.51
  cpu/wall ratio:                 53.43

  AO Fock construction
  wall time (sec):                 0.00
  cpu time (sec):                  0.11
  cpu/wall ratio:                 55.84

  SCF DIIS iteration time
  wall time (sec):                 0.01
  cpu time (sec):                  0.50
  cpu/wall ratio:                 50.21

  AO Fock construction
  wall time (sec):                 0.00
  cpu time (sec):                  0.11
  cpu/wall ratio:                 55.84

  SCF DIIS iteration time
  wall time (sec):                 0.01
  cpu time (sec):                  0.56
  cpu/wall ratio:                 50.71

  AO Fock construction
  wall time (sec):                 0.00
  cpu time (sec):                  0.11
  cpu/wall ratio:                 55.80

  SCF DIIS iteration time
  wall time (sec):                 0.02
  cpu time (sec):                  1.10
  cpu/wall ratio:                 52.29

  AO Fock construction
  wall time (sec):                 0.03
  cpu time (sec):                  1.67
  cpu/wall ratio:                 52.25

  SCF DIIS iteration time
  wall time (sec):                 0.06
  cpu time (sec):                  3.20
  cpu/wall ratio:                 53.26

  SCF DIIS iteration time
  wall time (sec):                 0.00
  cpu time (sec):                  0.06
  cpu/wall ratio:                 55.45

  SCF DIIS solver time
  wall time (sec):                 0.57
  cpu time (sec):                 30.47
  cpu/wall ratio:                 53.55

  Hartree-Fock engine
  wall time (sec):                 1.00
  cpu time (sec):                 47.35
  cpu/wall ratio:                 47.44


  :: Total time
  ================

  Total time in eT
  wall time (sec):                 1.18
  cpu time (sec):                 52.46
  cpu/wall ratio:                 44.61
