


                     eT - an electronic structure program

  ------------------------------------------------------------------------
   Author list in alphabetical order:
  ------------------------------------------------------------------------
   J. H. Andersen, A. Balbi, S. Coriani, S. D. Folkestad, T. Giovannini, 
   L. Goletto, T. S. Haugland, A. Hutcheson, I-M. Høyvik, E. F. Kjønstad, 
   H. Koch, T. Moitra, R. H. Myhre, A. C. Paul, M. Scavino, A. Skeidsvoll, 
   Å. H. Tveten
  ------------------------------------------------------------------------


  :: Input file
  ================

     Note: geometry section is excluded from this print

     system
        name: acetonitrile scan 4.25
        charge: 0
     end system

     do
       ground state
     end do

     memory
        available: 8
     end memory

     solver scf
        algorithm: scf-diis
     end solver scf

     molecular mechanics
        forcefield: non-polarizable
     end molecular mechanics

     method
        hf
     end method


  Running on 56 OMP thread(s)
  Memory available for calculation: 8.000000 GB


  :: Molecular system specifications (QM)
  ==========================================

     Name:             acetonitrile scan 4.25
     Charge:           0
     Multiplicity:     1
     Coordinate units: angstrom

     Pure basis functions:         87
     Cartesian basis functions:    90
     Primitive basis functions:   135

     Nuclear repulsion energy (a.u.):             58.467242266463
     Bohr/angstrom value (CODATA 2010):            0.529177210920

     ==============================================================================
                                     Geometry (angstrom)
     ==============================================================================
        Atom           X                  Y                  Z         # in input
     ==============================================================================
        Basis: 6-311++g**
        1 C     -1.183009000000     0.000009000000     0.000044000000        1
        2 C      0.280591000000    -0.000033000000    -0.000101000000        2
        3 N      1.434854000000     0.000012000000     0.000006000000        3
        4 H     -1.551986000000     0.908175000000     0.472453000000        4
        5 H     -1.551961000000    -0.863153000000     0.550412000000        5
        6 H     -1.552113000000    -0.044999000000    -1.022607000000        6
     ==============================================================================

     ==============================================================================
                                     Geometry (a.u.)
     ==============================================================================
        Atom           X                  Y                  Z         # in input
     ==============================================================================
        Basis: 6-311++g**
        1 C     -2.235563012896     0.000017007535     0.000083147949        1
        2 C      0.530240143018    -0.000062360962    -0.000190862339        2
        3 N      2.711481088737     0.000022676713     0.000011338357        3
        4 H     -2.932828489159     1.716202023177     0.892806776729        4
        5 H     -2.932781246006    -1.631122773597     1.040127935674        5
        6 H     -2.933068484377    -0.085035785879    -1.932447163063        6
     ==============================================================================


  :: Molecular system specifications (MM)
  ==========================================

     Force Field:  non-polarizable

     Number of MM atoms:                   2
     Number of MM molecules:               1

    ====================================================================
                        MM Geometry (Å) and Parameters
    ====================================================================
    Atom    Mol             X          Y          Z            Charge
    ====================================================================
      H       1        -5.433009   0.000131   0.000465        1.000000
      H       1        -6.433009   0.000160   0.000564       -1.000000
    ====================================================================


  :: RHF wavefunction
  ======================

  This is a QM/MM calculation

     Electrostatic Embedding:

     Each atom of the MM portion is endowed with a charge which value 
     is a fixed external parameter.

     The QM/MM electrostatic interaction energy is defined as:

        E^ele_QM/MM = sum_i q_i * V_i(P)

     where V_i(P) is the electrostatic potential due to the QM density 
     calculated at the position of the i-th charge q_i.

     For further details, see:
     Senn & Thiel, Angew. Chem. Int. Ed., 2009, 48, 1198−1229


  - Cholesky decomposition of AO overlap to get linearly independent orbitals:

  - Orbital details:

     Number of occupied orbitals:        11
     Number of virtual orbitals:         76
     Number of molecular orbitals:       87
     Number of atomic orbitals:          87


  :: Hartree-Fock engine
  =========================

  Drives the calculation of the Hartree-Fock state.

  This is a RHF ground state calculation.
  The following tasks will be performed:

     1) Generate initial SAD density
     2) Calculation of reference state (SCF-DIIS algorithm)


  1) Generate initial SAD density


  2) Calculation of reference state (SCF-DIIS algorithm)

   - Self-consistent field DIIS Hartree-Fock solver
  ----------------------------------------------------

  A DIIS-accelerated Roothan-Hall self-consistent field solver. A least-square 
  DIIS fit is performed on the previous Fock matrices and associated gradients. 
  Following the Roothan-Hall update of the density, the DIIS-fitted Fock 
  matrix is used to get the next orbital coefficients.

  - Hartree-Fock solver settings:

     DIIS dimension:                         8
     Cumulative Fock threshold:       0.10E+01

     Energy threshold:              0.1000E-05
     Gradient threshold:            0.1000E-05

     Coulomb screening threshold:   0.1000E-11
     Exchange screening threshold:  0.1000E-09
     Fock precision:                0.1000E-23
     Integral cutoff:               0.1000E-11

  - Setting initial AO density to SAD

     Energy of initial guess:              -133.164516638842
     Number of electrons in guess:           22.000000000000

  Iteration       Energy (a.u.)      Max(grad.)    Delta E (a.u.)
  ---------------------------------------------------------------
     1          -132.429969409214     0.6716E-01     0.1324E+03
     2          -132.463509949147     0.6431E-01     0.3354E-01
     3          -132.485108576783     0.1088E-01     0.2160E-01
     4          -132.486695467685     0.1702E-02     0.1587E-02
     5          -132.486749687635     0.1093E-02     0.5422E-04
     6          -132.486756404679     0.2268E-03     0.6717E-05
     7          -132.486756830111     0.2531E-04     0.4254E-06
     8          -132.486756838470     0.4171E-05     0.8359E-08
     9          -132.486756838619     0.1215E-05     0.1490E-09
    10          -132.486756838627     0.2778E-06     0.8356E-11
  ---------------------------------------------------------------
  Convergence criterion met in 10 iterations!

  - Summary of RHF wavefunction energetics (a.u.):

     HOMO-LUMO gap:                  0.475463607083
     Nuclear repulsion energy:      58.308892888082
     Electronic energy:           -190.795649726710
     Total energy:                -132.486756838627

  - Summary of QM/MM energetics:
                                         a.u.             eV     kcal/mol
     QM/MM SCF Contribution:        -0.367483451851
     QM/MM Electrostatic Energy:     0.003344377873     0.09101     2.099

  - Molecular orbital energies

  -----------------------------------------------------------------------------------
   1 -15.589258699804  23   0.178832556341  45   1.099130224014  67   2.764142922857
   2 -11.309092204914  24   0.178834476037  46   1.099132821534  68   2.764161216462
   3 -11.296213157346  25   0.262840082452  47   1.231223875387  69   2.837922644686
   4  -1.239886861724  26   0.262850440549  48   1.231231012613  70   2.837946260305
   5  -1.063011762947  27   0.300533987704  49   1.348864351089  71   2.907019707739
   6  -0.719473356769  28   0.311019587027  50   1.479848684573  72   3.141627001966
   7  -0.652922244636  29   0.311023641973  51   1.479859636341  73   3.141644412239
   8  -0.652917465442  30   0.313751025465  52   1.635188430969  74   3.202485608116
   9  -0.571866379984  31   0.342188106504  53   1.648320931981  75   3.249928854421
  10  -0.479161900714  32   0.396425127048  54   1.706805890916  76   3.249942522969
  11  -0.479161217662  33   0.560513798664  55   1.706834908108  77   3.381297580825
  12  -0.003697610579  34   0.560523112199  56   1.772394596162  78   3.545802292646
  13   0.049012299529  35   0.580390031938  57   1.772408133013  79   4.160003611457
  14   0.049013561725  36   0.722980906861  58   1.984596090768  80   4.160045549255
  15   0.051901822332  37   0.722984075788  59   2.106500991406  81   4.264117678412
  16   0.104811604284  38   0.791048861038  60   2.106519116063  82   4.459933720355
  17   0.122731688269  39   0.791049228053  61   2.248895404207  83   4.459942644601
  18   0.122734220636  40   0.833112722771  62   2.383262016651  84   5.044780901266
  19   0.127934308407  41   0.865240787510  63   2.383292731945  85  25.013808525157
  20   0.127940541032  42   0.917708016863  64   2.468472369214  86  25.450225836745
  21   0.157756270622  43   1.006642691959  65   2.468499068735  87  37.257253475681
  22   0.169944318312  44   1.076473711896  66   2.714015936296
  -----------------------------------------------------------------------------------

  - Timings for the RHF ground state calculation

     Total wall time (sec):             37.76300
     Total cpu time (sec):            1294.27218

  eT terminated successfully!
