


                     eT - an electronic structure program

  ------------------------------------------------------------------------
   Author list in alphabetical order:
  ------------------------------------------------------------------------
   J. H. Andersen, A. Balbi, S. Coriani, S. D. Folkestad, T. Giovannini, 
   L. Goletto, T. S. Haugland, A. Hutcheson, I-M. Høyvik, E. F. Kjønstad, 
   H. Koch, T. Moitra, R. H. Myhre, A. C. Paul, M. Scavino, A. Skeidsvoll, 
   Å. H. Tveten
  ------------------------------------------------------------------------


  :: Input file
  ================

     Note: geometry section is excluded from this print

     system
        name: acetonitrile scan 3.25
        charge: 0
     end system

     do
       ground state
     end do

     memory
        available: 8
     end memory

     solver scf
        algorithm: scf-diis
     end solver scf

     molecular mechanics
        forcefield: non-polarizable
     end molecular mechanics

     method
        hf
     end method


  Running on 56 OMP thread(s)
  Memory available for calculation: 8.000000 GB


  :: Molecular system specifications (QM)
  ==========================================

     Name:             acetonitrile scan 3.25
     Charge:           0
     Multiplicity:     1
     Coordinate units: angstrom

     Pure basis functions:         87
     Cartesian basis functions:    90
     Primitive basis functions:   135

     Nuclear repulsion energy (a.u.):             58.467242266463
     Bohr/angstrom value (CODATA 2010):            0.529177210920

     ==============================================================================
                                     Geometry (angstrom)
     ==============================================================================
        Atom           X                  Y                  Z         # in input
     ==============================================================================
        Basis: 6-311++g**
        1 C     -1.183009000000     0.000009000000     0.000044000000        1
        2 C      0.280591000000    -0.000033000000    -0.000101000000        2
        3 N      1.434854000000     0.000012000000     0.000006000000        3
        4 H     -1.551986000000     0.908175000000     0.472453000000        4
        5 H     -1.551961000000    -0.863153000000     0.550412000000        5
        6 H     -1.552113000000    -0.044999000000    -1.022607000000        6
     ==============================================================================

     ==============================================================================
                                     Geometry (a.u.)
     ==============================================================================
        Atom           X                  Y                  Z         # in input
     ==============================================================================
        Basis: 6-311++g**
        1 C     -2.235563012896     0.000017007535     0.000083147949        1
        2 C      0.530240143018    -0.000062360962    -0.000190862339        2
        3 N      2.711481088737     0.000022676713     0.000011338357        3
        4 H     -2.932828489159     1.716202023177     0.892806776729        4
        5 H     -2.932781246006    -1.631122773597     1.040127935674        5
        6 H     -2.933068484377    -0.085035785879    -1.932447163063        6
     ==============================================================================


  :: Molecular system specifications (MM)
  ==========================================

     Force Field:  non-polarizable

     Number of MM atoms:                   2
     Number of MM molecules:               1

    ====================================================================
                        MM Geometry (Å) and Parameters
    ====================================================================
    Atom    Mol             X          Y          Z            Charge
    ====================================================================
      H       1        -4.433009   0.000102   0.000366        1.000000
      H       1        -5.433009   0.000131   0.000465       -1.000000
    ====================================================================


  :: RHF wavefunction
  ======================

  This is a QM/MM calculation

     Electrostatic Embedding:

     Each atom of the MM portion is endowed with a charge which value 
     is a fixed external parameter.

     The QM/MM electrostatic interaction energy is defined as:

        E^ele_QM/MM = sum_i q_i * V_i(P)

     where V_i(P) is the electrostatic potential due to the QM density 
     calculated at the position of the i-th charge q_i.

     For further details, see:
     Senn & Thiel, Angew. Chem. Int. Ed., 2009, 48, 1198−1229


  - Cholesky decomposition of AO overlap to get linearly independent orbitals:

  - Orbital details:

     Number of occupied orbitals:        11
     Number of virtual orbitals:         76
     Number of molecular orbitals:       87
     Number of atomic orbitals:          87


  :: Hartree-Fock engine
  =========================

  Drives the calculation of the Hartree-Fock state.

  This is a RHF ground state calculation.
  The following tasks will be performed:

     1) Generate initial SAD density
     2) Calculation of reference state (SCF-DIIS algorithm)


  1) Generate initial SAD density


  2) Calculation of reference state (SCF-DIIS algorithm)

   - Self-consistent field DIIS Hartree-Fock solver
  ----------------------------------------------------

  A DIIS-accelerated Roothan-Hall self-consistent field solver. A least-square 
  DIIS fit is performed on the previous Fock matrices and associated gradients. 
  Following the Roothan-Hall update of the density, the DIIS-fitted Fock 
  matrix is used to get the next orbital coefficients.

  - Hartree-Fock solver settings:

     DIIS dimension:                         8
     Cumulative Fock threshold:       0.10E+01

     Energy threshold:              0.1000E-05
     Gradient threshold:            0.1000E-05

     Coulomb screening threshold:   0.1000E-11
     Exchange screening threshold:  0.1000E-09
     Fock precision:                0.1000E-23
     Integral cutoff:               0.1000E-11

  - Setting initial AO density to SAD

     Energy of initial guess:              -133.164419670513
     Number of electrons in guess:           22.000000000000

  Iteration       Energy (a.u.)      Max(grad.)    Delta E (a.u.)
  ---------------------------------------------------------------
     1          -132.429643641691     0.6613E-01     0.1324E+03
     2          -132.462638066982     0.6299E-01     0.3299E-01
     3          -132.483266780342     0.1116E-01     0.2063E-01
     4          -132.484871832703     0.1739E-02     0.1605E-02
     5          -132.484925904511     0.1090E-02     0.5407E-04
     6          -132.484932571264     0.2231E-03     0.6667E-05
     7          -132.484933000710     0.2255E-04     0.4294E-06
     8          -132.484933009344     0.5355E-05     0.8635E-08
     9          -132.484933009721     0.1178E-05     0.3770E-09
    10          -132.484933009667     0.2461E-06     0.5372E-10
  ---------------------------------------------------------------
  Convergence criterion met in 10 iterations!

  - Summary of RHF wavefunction energetics (a.u.):

     HOMO-LUMO gap:                  0.476733179661
     Nuclear repulsion energy:      58.501452638523
     Electronic energy:           -190.986385648191
     Total energy:                -132.484933009667

  - Summary of QM/MM energetics:
                                         a.u.             eV     kcal/mol
     QM/MM SCF Contribution:        -0.558850391205
     QM/MM Electrostatic Energy:     0.004537188960     0.12346     2.847

  - Molecular orbital energies

  -----------------------------------------------------------------------------------
   1 -15.596936863533  23   0.172910696174  45   1.093027986925  67   2.751905791259
   2 -11.321127511985  24   0.179197658282  46   1.093030597326  68   2.751923888577
   3 -11.303780630366  25   0.256854467961  47   1.220235406037  69   2.826510243361
   4  -1.246934293876  26   0.256864446407  48   1.220242416361  70   2.826533794786
   5  -1.074582006866  27   0.298360403175  49   1.341508108701  71   2.897399819298
   6  -0.731583399438  28   0.305775248280  50   1.472166216377  72   3.132875152258
   7  -0.664590781296  29   0.305779204789  51   1.472177007886  73   3.132892694937
   8  -0.664585993837  30   0.307984486396  52   1.626107074635  74   3.189678956078
   9  -0.578822398445  31   0.334798701569  53   1.635900336962  75   3.242799591297
  10  -0.486496439808  32   0.384893810129  54   1.696082484844  76   3.242813094592
  11  -0.486495782901  33   0.550828514674  55   1.696111670768  77   3.373734996027
  12  -0.009762603240  34   0.550837830257  56   1.760689077775  78   3.537547361011
  13   0.040514729847  35   0.565987897393  57   1.760702701248  79   4.148026097640
  14   0.048427722959  36   0.716248318801  58   1.970807545025  80   4.148068338185
  15   0.048428913841  37   0.716251552435  59   2.095683894381  81   4.254024802940
  16   0.096298169734  38   0.780995691994  60   2.095701894464  82   4.452750632445
  17   0.118897863312  39   0.780996099842  61   2.235504342047  83   4.452759347218
  18   0.118901018184  40   0.822378223666  62   2.375982541259  84   5.037727244892
  19   0.123099022701  41   0.857262053860  63   2.376014157034  85  25.002157358266
  20   0.123106031581  42   0.907011503756  64   2.458032658918  86  25.442204167793
  21   0.157734580651  43   1.001407747584  65   2.458060349296  87  37.249598156524
  22   0.172908582397  44   1.067418867588  66   2.702125476803
  -----------------------------------------------------------------------------------

  - Timings for the RHF ground state calculation

     Total wall time (sec):             39.76800
     Total cpu time (sec):            1361.38675

  eT terminated successfully!
