


                     eT - an electronic structure program

  ------------------------------------------------------------------------
   Author list in alphabetical order:
  ------------------------------------------------------------------------
   J. H. Andersen, A. Balbi, S. Coriani, S. D. Folkestad, T. Giovannini, 
   L. Goletto, T. S. Haugland, A. Hutcheson, I-M. Høyvik, E. F. Kjønstad, 
   H. Koch, T. Moitra, R. H. Myhre, A. C. Paul, M. Scavino, A. Skeidsvoll, 
   Å. H. Tveten
  ------------------------------------------------------------------------


  :: Input file
  ================

     Note: geometry section is excluded from this print

     system
        name: acetonitrile scan 8.50
        charge: 0
     end system

     do
       ground state
     end do

     memory
        available: 8
     end memory

     solver scf
        algorithm: scf-diis
     end solver scf

     molecular mechanics
        forcefield: non-polarizable
     end molecular mechanics

     method
        hf
     end method


  Running on 56 OMP thread(s)
  Memory available for calculation: 8.000000 GB


  :: Molecular system specifications (QM)
  ==========================================

     Name:             acetonitrile scan 8.50
     Charge:           0
     Multiplicity:     1
     Coordinate units: angstrom

     Pure basis functions:         87
     Cartesian basis functions:    90
     Primitive basis functions:   135

     Nuclear repulsion energy (a.u.):             58.467242266463
     Bohr/angstrom value (CODATA 2010):            0.529177210920

     ==============================================================================
                                     Geometry (angstrom)
     ==============================================================================
        Atom           X                  Y                  Z         # in input
     ==============================================================================
        Basis: 6-311++g**
        1 C     -1.183009000000     0.000009000000     0.000044000000        1
        2 C      0.280591000000    -0.000033000000    -0.000101000000        2
        3 N      1.434854000000     0.000012000000     0.000006000000        3
        4 H     -1.551986000000     0.908175000000     0.472453000000        4
        5 H     -1.551961000000    -0.863153000000     0.550412000000        5
        6 H     -1.552113000000    -0.044999000000    -1.022607000000        6
     ==============================================================================

     ==============================================================================
                                     Geometry (a.u.)
     ==============================================================================
        Atom           X                  Y                  Z         # in input
     ==============================================================================
        Basis: 6-311++g**
        1 C     -2.235563012896     0.000017007535     0.000083147949        1
        2 C      0.530240143018    -0.000062360962    -0.000190862339        2
        3 N      2.711481088737     0.000022676713     0.000011338357        3
        4 H     -2.932828489159     1.716202023177     0.892806776729        4
        5 H     -2.932781246006    -1.631122773597     1.040127935674        5
        6 H     -2.933068484377    -0.085035785879    -1.932447163063        6
     ==============================================================================


  :: Molecular system specifications (MM)
  ==========================================

     Force Field:  non-polarizable

     Number of MM atoms:                   2
     Number of MM molecules:               1

    ====================================================================
                        MM Geometry (Å) and Parameters
    ====================================================================
    Atom    Mol             X          Y          Z            Charge
    ====================================================================
      H       1        -9.683009   0.000253   0.000886        1.000000
      H       1       -10.683009   0.000282   0.000985       -1.000000
    ====================================================================


  :: RHF wavefunction
  ======================

  This is a QM/MM calculation

     Electrostatic Embedding:

     Each atom of the MM portion is endowed with a charge which value 
     is a fixed external parameter.

     The QM/MM electrostatic interaction energy is defined as:

        E^ele_QM/MM = sum_i q_i * V_i(P)

     where V_i(P) is the electrostatic potential due to the QM density 
     calculated at the position of the i-th charge q_i.

     For further details, see:
     Senn & Thiel, Angew. Chem. Int. Ed., 2009, 48, 1198−1229


  - Cholesky decomposition of AO overlap to get linearly independent orbitals:

  - Orbital details:

     Number of occupied orbitals:        11
     Number of virtual orbitals:         76
     Number of molecular orbitals:       87
     Number of atomic orbitals:          87


  :: Hartree-Fock engine
  =========================

  Drives the calculation of the Hartree-Fock state.

  This is a RHF ground state calculation.
  The following tasks will be performed:

     1) Generate initial SAD density
     2) Calculation of reference state (SCF-DIIS algorithm)


  1) Generate initial SAD density


  2) Calculation of reference state (SCF-DIIS algorithm)

   - Self-consistent field DIIS Hartree-Fock solver
  ----------------------------------------------------

  A DIIS-accelerated Roothan-Hall self-consistent field solver. A least-square 
  DIIS fit is performed on the previous Fock matrices and associated gradients. 
  Following the Roothan-Hall update of the density, the DIIS-fitted Fock 
  matrix is used to get the next orbital coefficients.

  - Hartree-Fock solver settings:

     DIIS dimension:                         8
     Cumulative Fock threshold:       0.10E+01

     Energy threshold:              0.1000E-05
     Gradient threshold:            0.1000E-05

     Coulomb screening threshold:   0.1000E-11
     Exchange screening threshold:  0.1000E-09
     Fock precision:                0.1000E-23
     Integral cutoff:               0.1000E-11

  - Setting initial AO density to SAD

     Energy of initial guess:              -133.164522650470
     Number of electrons in guess:           22.000000000000

  Iteration       Energy (a.u.)      Max(grad.)    Delta E (a.u.)
  ---------------------------------------------------------------
     1          -132.431015482248     0.6846E-01     0.1324E+03
     2          -132.465108429368     0.6582E-01     0.3409E-01
     3          -132.487881388583     0.1055E-01     0.2277E-01
     4          -132.489448205567     0.1675E-02     0.1567E-02
     5          -132.489503121353     0.1095E-02     0.5492E-04
     6          -132.489509993404     0.2336E-03     0.6872E-05
     7          -132.489510427201     0.2846E-04     0.4338E-06
     8          -132.489510436051     0.2171E-05     0.8850E-08
     9          -132.489510436272     0.5342E-06     0.2210E-09
  ---------------------------------------------------------------
  Convergence criterion met in 9 iterations!

  - Summary of RHF wavefunction energetics (a.u.):

     HOMO-LUMO gap:                  0.493021767523
     Nuclear repulsion energy:      58.054881306744
     Electronic energy:           -190.544391743016
     Total energy:                -132.489510436272

  - Summary of QM/MM energetics:
                                         a.u.             eV     kcal/mol
     QM/MM SCF Contribution:        -0.116023445288
     QM/MM Electrostatic Energy:     0.000792803098     0.02157     0.497

  - Molecular orbital energies

  -----------------------------------------------------------------------------------
   1 -15.578845590466  23   0.188221926920  45   1.107937675416  67   2.779882456142
   2 -11.293695843122  24   0.188224000964  46   1.107940254302  68   2.779900915942
   3 -11.286240025332  25   0.274443243666  47   1.245127777967  69   2.852819239792
   4  -1.230179188956  26   0.274453969961  48   1.245135039432  70   2.852842962593
   5  -1.048578408930  27   0.312723761277  49   1.358887121986  71   2.919173890464
   6  -0.704864883680  28   0.319641195117  50   1.490324132551  72   3.153122418396
   7  -0.638059440967  29   0.319645487842  51   1.490335243917  73   3.153139699530
   8  -0.638054677102  30   0.323961689294  52   1.647011440219  74   3.218224400846
   9  -0.562320349772  31   0.354806766892  53   1.664374283533  75   3.259699764485
  10  -0.469092719184  32   0.411664250303  54   1.720475463219  76   3.259713636021
  11  -0.469092003368  33   0.574689675811  55   1.720504323518  77   3.391666808744
  12   0.023929764154  34   0.574698886051  56   1.787592352014  78   3.556776388007
  13   0.058447160901  35   0.598555437993  57   1.787605782532  79   4.175210848435
  14   0.058448301329  36   0.732599426757  58   2.001236777472  80   4.175252435347
  15   0.078588918942  37   0.732602531750  59   2.120564771410  81   4.277107929127
  16   0.125993511285  38   0.805414588889  60   2.120583016829  82   4.469864990800
  17   0.132525913697  39   0.805414971801  61   2.264872691653  83   4.469874163696
  18   0.132526574563  40   0.846838072655  62   2.393206203368  84   5.054541943381
  19   0.138346727389  41   0.877681746558  63   2.393235970981  85  25.028722873100
  20   0.138350311361  42   0.931231600580  64   2.482148006685  86  25.460765552680
  21   0.169719233086  43   1.014553757977  65   2.482173657801  87  37.267641087802
  22   0.183901186779  44   1.090882515839  66   2.729384566150
  -----------------------------------------------------------------------------------

  - Timings for the RHF ground state calculation

     Total wall time (sec):             36.31200
     Total cpu time (sec):            1209.96974

  eT terminated successfully!
