
  Preparation of molecular system (Libint)
  wall time (sec):                 0.00
  cpu time (sec):                  0.00
  cpu/wall ratio:                  1.02

  Preparation of molecular system (total)
  wall time (sec):                 0.20
  cpu time (sec):                  1.90
  cpu/wall ratio:                  9.48

  Cholesky decomposition of AO overlap
  wall time (sec):                 0.18
  cpu time (sec):                  6.65
  cpu/wall ratio:                 37.14


  :: Hartree-Fock engine
  =========================


  1) Generate initial SAD density

  SAD generation time
  wall time (sec):                23.49
  cpu time (sec):                890.79
  cpu/wall ratio:                 37.93


  2) Calculation of reference state (SCF-DIIS algorithm)

  AO Fock construction
  wall time (sec):                 0.29
  cpu time (sec):                 10.09
  cpu/wall ratio:                 34.66

  AO Fock construction
  wall time (sec):                 0.38
  cpu time (sec):                 11.59
  cpu/wall ratio:                 30.75

  AO Fock construction
  wall time (sec):                 0.36
  cpu time (sec):                 12.21
  cpu/wall ratio:                 34.00

  SCF DIIS iteration time
  wall time (sec):                 1.38
  cpu time (sec):                 39.63
  cpu/wall ratio:                 28.74

  AO Fock construction
  wall time (sec):                 0.35
  cpu time (sec):                 12.37
  cpu/wall ratio:                 34.95

  SCF DIIS iteration time
  wall time (sec):                 1.47
  cpu time (sec):                 42.40
  cpu/wall ratio:                 28.84

  AO Fock construction
  wall time (sec):                 0.31
  cpu time (sec):                 10.94
  cpu/wall ratio:                 35.28

  SCF DIIS iteration time
  wall time (sec):                 1.59
  cpu time (sec):                 44.46
  cpu/wall ratio:                 27.98

  AO Fock construction
  wall time (sec):                 0.37
  cpu time (sec):                 12.36
  cpu/wall ratio:                 33.15

  SCF DIIS iteration time
  wall time (sec):                 1.47
  cpu time (sec):                 42.72
  cpu/wall ratio:                 29.02

  AO Fock construction
  wall time (sec):                 0.34
  cpu time (sec):                 11.91
  cpu/wall ratio:                 35.45

  SCF DIIS iteration time
  wall time (sec):                 1.54
  cpu time (sec):                 44.75
  cpu/wall ratio:                 29.04

  AO Fock construction
  wall time (sec):                 0.33
  cpu time (sec):                 12.00
  cpu/wall ratio:                 36.25

  SCF DIIS iteration time
  wall time (sec):                 1.78
  cpu time (sec):                 49.90
  cpu/wall ratio:                 28.05

  AO Fock construction
  wall time (sec):                 0.37
  cpu time (sec):                 12.38
  cpu/wall ratio:                 33.92

  SCF DIIS iteration time
  wall time (sec):                 1.46
  cpu time (sec):                 42.15
  cpu/wall ratio:                 28.87

  AO Fock construction
  wall time (sec):                 0.33
  cpu time (sec):                 11.31
  cpu/wall ratio:                 34.16

  SCF DIIS iteration time
  wall time (sec):                 1.57
  cpu time (sec):                 44.39
  cpu/wall ratio:                 28.26

  SCF DIIS iteration time
  wall time (sec):                 0.00
  cpu time (sec):                  0.04
  cpu/wall ratio:                 40.25

  SCF DIIS solver time
  wall time (sec):                14.75
  cpu time (sec):                418.63
  cpu/wall ratio:                 28.38

  Hartree-Fock engine
  wall time (sec):                38.24
  cpu time (sec):               1309.41
  cpu/wall ratio:                 34.24


  :: Total time
  ================

  Total time in eT
  wall time (sec):                38.88
  cpu time (sec):               1325.28
  cpu/wall ratio:                 34.08
