
  Preparation of molecular system (Libint)
  wall time (sec):                 0.00
  cpu time (sec):                  0.00
  cpu/wall ratio:                  0.93

  Preparation of molecular system (total)
  wall time (sec):                 0.18
  cpu time (sec):                  1.76
  cpu/wall ratio:                  9.58

  Cholesky decomposition of AO overlap
  wall time (sec):                 0.16
  cpu time (sec):                  5.72
  cpu/wall ratio:                 35.50


  :: Hartree-Fock engine
  =========================


  1) Generate initial SAD density

  SAD generation time
  wall time (sec):                22.30
  cpu time (sec):                850.71
  cpu/wall ratio:                 38.16


  2) Calculation of reference state (SCF-DIIS algorithm)

  AO Fock construction
  wall time (sec):                 0.28
  cpu time (sec):                  9.46
  cpu/wall ratio:                 34.40

  AO Fock construction
  wall time (sec):                 0.32
  cpu time (sec):                 11.18
  cpu/wall ratio:                 34.71

  AO Fock construction
  wall time (sec):                 0.34
  cpu time (sec):                 12.41
  cpu/wall ratio:                 35.98

  SCF DIIS iteration time
  wall time (sec):                 1.57
  cpu time (sec):                 44.10
  cpu/wall ratio:                 28.07

  AO Fock construction
  wall time (sec):                 0.36
  cpu time (sec):                 12.97
  cpu/wall ratio:                 36.23

  SCF DIIS iteration time
  wall time (sec):                 1.39
  cpu time (sec):                 40.19
  cpu/wall ratio:                 28.90

  AO Fock construction
  wall time (sec):                 0.37
  cpu time (sec):                 12.64
  cpu/wall ratio:                 34.16

  SCF DIIS iteration time
  wall time (sec):                 1.37
  cpu time (sec):                 40.72
  cpu/wall ratio:                 29.68

  AO Fock construction
  wall time (sec):                 0.44
  cpu time (sec):                 12.81
  cpu/wall ratio:                 29.17

  SCF DIIS iteration time
  wall time (sec):                 1.59
  cpu time (sec):                 42.71
  cpu/wall ratio:                 26.93

  AO Fock construction
  wall time (sec):                 0.36
  cpu time (sec):                 12.27
  cpu/wall ratio:                 33.63

  SCF DIIS iteration time
  wall time (sec):                 1.55
  cpu time (sec):                 44.92
  cpu/wall ratio:                 28.96

  AO Fock construction
  wall time (sec):                 0.40
  cpu time (sec):                 13.27
  cpu/wall ratio:                 33.33

  SCF DIIS iteration time
  wall time (sec):                 1.51
  cpu time (sec):                 43.50
  cpu/wall ratio:                 28.83

  AO Fock construction
  wall time (sec):                 0.35
  cpu time (sec):                 12.11
  cpu/wall ratio:                 34.70

  SCF DIIS iteration time
  wall time (sec):                 1.27
  cpu time (sec):                 38.26
  cpu/wall ratio:                 30.12

  AO Fock construction
  wall time (sec):                 0.32
  cpu time (sec):                 11.10
  cpu/wall ratio:                 34.81

  SCF DIIS iteration time
  wall time (sec):                 1.49
  cpu time (sec):                 42.94
  cpu/wall ratio:                 28.74

  AO Fock construction
  wall time (sec):                 0.33
  cpu time (sec):                 11.31
  cpu/wall ratio:                 34.59

  SCF DIIS iteration time
  wall time (sec):                 1.42
  cpu time (sec):                 41.21
  cpu/wall ratio:                 29.02

  SCF DIIS iteration time
  wall time (sec):                 0.00
  cpu time (sec):                  0.03
  cpu/wall ratio:                 26.37

  SCF DIIS solver time
  wall time (sec):                15.47
  cpu time (sec):                443.56
  cpu/wall ratio:                 28.68

  Hartree-Fock engine
  wall time (sec):                37.76
  cpu time (sec):               1294.27
  cpu/wall ratio:                 34.27


  :: Total time
  ================

  Total time in eT
  wall time (sec):                38.40
  cpu time (sec):               1308.84
  cpu/wall ratio:                 34.09
