
  Preparation of molecular system (Libint)
  wall time (sec):                 0.00
  cpu time (sec):                  0.00
  cpu/wall ratio:                  0.88

  Preparation of molecular system (total)
  wall time (sec):                 0.22
  cpu time (sec):                  2.03
  cpu/wall ratio:                  9.07

  Cholesky decomposition of AO overlap
  wall time (sec):                 0.15
  cpu time (sec):                  6.07
  cpu/wall ratio:                 39.40


  :: Hartree-Fock engine
  =========================


  1) Generate initial SAD density

  SAD generation time
  wall time (sec):                23.04
  cpu time (sec):                883.33
  cpu/wall ratio:                 38.33


  2) Calculation of reference state (SCF-DIIS algorithm)

  AO Fock construction
  wall time (sec):                 0.34
  cpu time (sec):                 11.14
  cpu/wall ratio:                 32.94

  AO Fock construction
  wall time (sec):                 0.35
  cpu time (sec):                 12.04
  cpu/wall ratio:                 34.31

  AO Fock construction
  wall time (sec):                 0.35
  cpu time (sec):                 12.22
  cpu/wall ratio:                 35.01

  SCF DIIS iteration time
  wall time (sec):                 1.44
  cpu time (sec):                 40.87
  cpu/wall ratio:                 28.34

  AO Fock construction
  wall time (sec):                 0.39
  cpu time (sec):                 12.81
  cpu/wall ratio:                 33.20

  SCF DIIS iteration time
  wall time (sec):                 1.61
  cpu time (sec):                 43.66
  cpu/wall ratio:                 27.13

  AO Fock construction
  wall time (sec):                 0.37
  cpu time (sec):                 12.38
  cpu/wall ratio:                 33.46

  SCF DIIS iteration time
  wall time (sec):                 1.50
  cpu time (sec):                 41.54
  cpu/wall ratio:                 27.66

  AO Fock construction
  wall time (sec):                 0.38
  cpu time (sec):                 12.88
  cpu/wall ratio:                 33.63

  SCF DIIS iteration time
  wall time (sec):                 1.53
  cpu time (sec):                 43.30
  cpu/wall ratio:                 28.32

  AO Fock construction
  wall time (sec):                 0.38
  cpu time (sec):                 12.97
  cpu/wall ratio:                 34.40

  SCF DIIS iteration time
  wall time (sec):                 1.49
  cpu time (sec):                 42.99
  cpu/wall ratio:                 28.89

  AO Fock construction
  wall time (sec):                 0.33
  cpu time (sec):                 11.56
  cpu/wall ratio:                 34.62

  SCF DIIS iteration time
  wall time (sec):                 1.41
  cpu time (sec):                 41.22
  cpu/wall ratio:                 29.21

  AO Fock construction
  wall time (sec):                 0.34
  cpu time (sec):                 11.98
  cpu/wall ratio:                 35.23

  SCF DIIS iteration time
  wall time (sec):                 1.75
  cpu time (sec):                 49.08
  cpu/wall ratio:                 27.98

  AO Fock construction
  wall time (sec):                 0.36
  cpu time (sec):                 12.02
  cpu/wall ratio:                 32.92

  SCF DIIS iteration time
  wall time (sec):                 1.53
  cpu time (sec):                 43.93
  cpu/wall ratio:                 28.66

  SCF DIIS iteration time
  wall time (sec):                 0.01
  cpu time (sec):                  0.52
  cpu/wall ratio:                 37.14

  SCF DIIS solver time
  wall time (sec):                14.50
  cpu time (sec):                410.78
  cpu/wall ratio:                 28.34

  Hartree-Fock engine
  wall time (sec):                37.54
  cpu time (sec):               1294.12
  cpu/wall ratio:                 34.47


  :: Total time
  ================

  Total time in eT
  wall time (sec):                38.24
  cpu time (sec):               1309.66
  cpu/wall ratio:                 34.24
