


                     eT - an electronic structure program

  ------------------------------------------------------------------------
   Author list in alphabetical order:
  ------------------------------------------------------------------------
   J. H. Andersen, A. Balbi, S. Coriani, S. D. Folkestad, T. Giovannini, 
   L. Goletto, T. S. Haugland, A. Hutcheson, I-M. Høyvik, E. F. Kjønstad, 
   H. Koch, T. Moitra, R. H. Myhre, A. C. Paul, M. Scavino, A. Skeidsvoll, 
   Å. H. Tveten
  ------------------------------------------------------------------------


  :: Input file
  ================

     Note: geometry section is excluded from this print

     system
        name: acetonitrile scan 7.25
        charge: 0
     end system

     do
       ground state
     end do

     memory
        available: 8
     end memory

     solver scf
        algorithm: scf-diis
     end solver scf

     molecular mechanics
        forcefield: non-polarizable
     end molecular mechanics

     method
        hf
     end method


  Running on 56 OMP thread(s)
  Memory available for calculation: 8.000000 GB


  :: Molecular system specifications (QM)
  ==========================================

     Name:             acetonitrile scan 7.25
     Charge:           0
     Multiplicity:     1
     Coordinate units: angstrom

     Pure basis functions:         87
     Cartesian basis functions:    90
     Primitive basis functions:   135

     Nuclear repulsion energy (a.u.):             58.467242266463
     Bohr/angstrom value (CODATA 2010):            0.529177210920

     ==============================================================================
                                     Geometry (angstrom)
     ==============================================================================
        Atom           X                  Y                  Z         # in input
     ==============================================================================
        Basis: 6-311++g**
        1 C     -1.183009000000     0.000009000000     0.000044000000        1
        2 C      0.280591000000    -0.000033000000    -0.000101000000        2
        3 N      1.434854000000     0.000012000000     0.000006000000        3
        4 H     -1.551986000000     0.908175000000     0.472453000000        4
        5 H     -1.551961000000    -0.863153000000     0.550412000000        5
        6 H     -1.552113000000    -0.044999000000    -1.022607000000        6
     ==============================================================================

     ==============================================================================
                                     Geometry (a.u.)
     ==============================================================================
        Atom           X                  Y                  Z         # in input
     ==============================================================================
        Basis: 6-311++g**
        1 C     -2.235563012896     0.000017007535     0.000083147949        1
        2 C      0.530240143018    -0.000062360962    -0.000190862339        2
        3 N      2.711481088737     0.000022676713     0.000011338357        3
        4 H     -2.932828489159     1.716202023177     0.892806776729        4
        5 H     -2.932781246006    -1.631122773597     1.040127935674        5
        6 H     -2.933068484377    -0.085035785879    -1.932447163063        6
     ==============================================================================


  :: Molecular system specifications (MM)
  ==========================================

     Force Field:  non-polarizable

     Number of MM atoms:                   2
     Number of MM molecules:               1

    ====================================================================
                        MM Geometry (Å) and Parameters
    ====================================================================
    Atom    Mol             X          Y          Z            Charge
    ====================================================================
      H       1        -8.433009   0.000217   0.000762        1.000000
      H       1        -9.433009   0.000246   0.000861       -1.000000
    ====================================================================


  :: RHF wavefunction
  ======================

  This is a QM/MM calculation

     Electrostatic Embedding:

     Each atom of the MM portion is endowed with a charge which value 
     is a fixed external parameter.

     The QM/MM electrostatic interaction energy is defined as:

        E^ele_QM/MM = sum_i q_i * V_i(P)

     where V_i(P) is the electrostatic potential due to the QM density 
     calculated at the position of the i-th charge q_i.

     For further details, see:
     Senn & Thiel, Angew. Chem. Int. Ed., 2009, 48, 1198−1229


  - Cholesky decomposition of AO overlap to get linearly independent orbitals:

  - Orbital details:

     Number of occupied orbitals:        11
     Number of virtual orbitals:         76
     Number of molecular orbitals:       87
     Number of atomic orbitals:          87


  :: Hartree-Fock engine
  =========================

  Drives the calculation of the Hartree-Fock state.

  This is a RHF ground state calculation.
  The following tasks will be performed:

     1) Generate initial SAD density
     2) Calculation of reference state (SCF-DIIS algorithm)


  1) Generate initial SAD density


  2) Calculation of reference state (SCF-DIIS algorithm)

   - Self-consistent field DIIS Hartree-Fock solver
  ----------------------------------------------------

  A DIIS-accelerated Roothan-Hall self-consistent field solver. A least-square 
  DIIS fit is performed on the previous Fock matrices and associated gradients. 
  Following the Roothan-Hall update of the density, the DIIS-fitted Fock 
  matrix is used to get the next orbital coefficients.

  - Hartree-Fock solver settings:

     DIIS dimension:                         8
     Cumulative Fock threshold:       0.10E+01

     Energy threshold:              0.1000E-05
     Gradient threshold:            0.1000E-05

     Coulomb screening threshold:   0.1000E-11
     Exchange screening threshold:  0.1000E-09
     Fock precision:                0.1000E-23
     Integral cutoff:               0.1000E-11

  - Setting initial AO density to SAD

     Energy of initial guess:              -133.164522650357
     Number of electrons in guess:           22.000000000000

  Iteration       Energy (a.u.)      Max(grad.)    Delta E (a.u.)
  ---------------------------------------------------------------
     1          -132.430862668611     0.6828E-01     0.1324E+03
     2          -132.464893676321     0.6563E-01     0.3403E-01
     3          -132.487515252385     0.1059E-01     0.2262E-01
     4          -132.489084558410     0.1677E-02     0.1569E-02
     5          -132.489139379571     0.1095E-02     0.5482E-04
     6          -132.489146232200     0.2328E-03     0.6853E-05
     7          -132.489146664683     0.2811E-04     0.4325E-06
     8          -132.489146673454     0.2372E-05     0.8771E-08
     9          -132.489146673674     0.4046E-06     0.2200E-09
  ---------------------------------------------------------------
  Convergence criterion met in 9 iterations!

  - Summary of RHF wavefunction energetics (a.u.):

     HOMO-LUMO gap:                  0.491427574776
     Nuclear repulsion energy:      58.091643035921
     Electronic energy:           -190.580789709596
     Total energy:                -132.489146673674

  - Summary of QM/MM energetics:
                                         a.u.             eV     kcal/mol
     QM/MM SCF Contribution:        -0.152428882790
     QM/MM Electrostatic Energy:     0.001149094773     0.03127     0.721

  - Molecular orbital energies

  -----------------------------------------------------------------------------------
   1 -15.580383306072  23   0.186730780803  45   1.106590863669  67   2.777704394527
   2 -11.295824276846  24   0.186732794901  46   1.106593446707  68   2.777722838166
   3 -11.287705088307  25   0.272528821609  47   1.243189823241  69   2.850734401914
   4  -1.231632256600  26   0.272539534192  48   1.243197071434  70   2.850758108992
   5  -1.050575176593  27   0.311186818059  49   1.357395036555  71   2.917453924743
   6  -0.706856786186  28   0.318285548725  50   1.488774488354  72   3.151463000887
   7  -0.640122263428  29   0.318289808425  51   1.488785581602  73   3.151480295591
   8  -0.640117497266  30   0.322387338513  52   1.645364851014  74   3.216050180171
   9  -0.563744484489  31   0.352605221149  53   1.662155408197  75   3.258242146404
  10  -0.470588965203  32   0.409512366993  54   1.718567098013  76   3.258255992928
  11  -0.470588253400  33   0.572617686942  55   1.718595974599  77   3.390133166576
  12   0.020839321377  34   0.572626913902  56   1.785470442223  78   3.555176768835
  13   0.056470668470  35   0.596309502014  57   1.785483885662  79   4.173109053953
  14   0.056471833948  36   0.731134829606  58   1.999063650825  80   4.173150683124
  15   0.075845522390  37   0.731137940005  59   2.118591678880  81   4.275273074516
  16   0.123091276738  38   0.803309399622  60   2.118609910877  82   4.468382633249
  17   0.130904862236  39   0.803309776314  61   2.262712524402  83   4.468391775354
  18   0.130905214996  40   0.844978746217  62   2.391729016166  84   5.053081552364
  19   0.136512100141  41   0.875715893339  63   2.391758892679  85  25.026654931074
  20   0.136515983801  42   0.929343369259  64   2.480215975956  86  25.459230253419
  21   0.167324494611  43   1.013309387786  65   2.480241747368  87  37.266106638380
  22   0.181428851500  44   1.088861043842  66   2.727231820575
  -----------------------------------------------------------------------------------

  - Timings for the RHF ground state calculation

     Total wall time (sec):             38.23900
     Total cpu time (sec):            1309.41279

  eT terminated successfully!
