


                     eT - an electronic structure program

  ------------------------------------------------------------------------
   Author list in alphabetical order:
  ------------------------------------------------------------------------
   J. H. Andersen, A. Balbi, S. Coriani, S. D. Folkestad, T. Giovannini, 
   L. Goletto, T. S. Haugland, A. Hutcheson, I-M. Høyvik, E. F. Kjønstad, 
   H. Koch, T. Moitra, R. H. Myhre, A. C. Paul, M. Scavino, A. Skeidsvoll, 
   Å. H. Tveten
  ------------------------------------------------------------------------


  :: Input file
  ================

     Note: geometry section is excluded from this print

     system
        name: acetonitrile scan 8.75
        charge: 0
     end system

     do
       ground state
     end do

     memory
        available: 8
     end memory

     solver scf
        algorithm: scf-diis
     end solver scf

     molecular mechanics
        forcefield: non-polarizable
     end molecular mechanics

     method
        hf
     end method


  Running on 56 OMP thread(s)
  Memory available for calculation: 8.000000 GB


  :: Molecular system specifications (QM)
  ==========================================

     Name:             acetonitrile scan 8.75
     Charge:           0
     Multiplicity:     1
     Coordinate units: angstrom

     Pure basis functions:         87
     Cartesian basis functions:    90
     Primitive basis functions:   135

     Nuclear repulsion energy (a.u.):             58.467242266463
     Bohr/angstrom value (CODATA 2010):            0.529177210920

     ==============================================================================
                                     Geometry (angstrom)
     ==============================================================================
        Atom           X                  Y                  Z         # in input
     ==============================================================================
        Basis: 6-311++g**
        1 C     -1.183009000000     0.000009000000     0.000044000000        1
        2 C      0.280591000000    -0.000033000000    -0.000101000000        2
        3 N      1.434854000000     0.000012000000     0.000006000000        3
        4 H     -1.551986000000     0.908175000000     0.472453000000        4
        5 H     -1.551961000000    -0.863153000000     0.550412000000        5
        6 H     -1.552113000000    -0.044999000000    -1.022607000000        6
     ==============================================================================

     ==============================================================================
                                     Geometry (a.u.)
     ==============================================================================
        Atom           X                  Y                  Z         # in input
     ==============================================================================
        Basis: 6-311++g**
        1 C     -2.235563012896     0.000017007535     0.000083147949        1
        2 C      0.530240143018    -0.000062360962    -0.000190862339        2
        3 N      2.711481088737     0.000022676713     0.000011338357        3
        4 H     -2.932828489159     1.716202023177     0.892806776729        4
        5 H     -2.932781246006    -1.631122773597     1.040127935674        5
        6 H     -2.933068484377    -0.085035785879    -1.932447163063        6
     ==============================================================================


  :: Molecular system specifications (MM)
  ==========================================

     Force Field:  non-polarizable

     Number of MM atoms:                   2
     Number of MM molecules:               1

    ====================================================================
                        MM Geometry (Å) and Parameters
    ====================================================================
    Atom    Mol             X          Y          Z            Charge
    ====================================================================
      H       1        -9.933009   0.000260   0.000911        1.000000
      H       1       -10.933009   0.000289   0.001010       -1.000000
    ====================================================================


  :: RHF wavefunction
  ======================

  This is a QM/MM calculation

     Electrostatic Embedding:

     Each atom of the MM portion is endowed with a charge which value 
     is a fixed external parameter.

     The QM/MM electrostatic interaction energy is defined as:

        E^ele_QM/MM = sum_i q_i * V_i(P)

     where V_i(P) is the electrostatic potential due to the QM density 
     calculated at the position of the i-th charge q_i.

     For further details, see:
     Senn & Thiel, Angew. Chem. Int. Ed., 2009, 48, 1198−1229


  - Cholesky decomposition of AO overlap to get linearly independent orbitals:

  - Orbital details:

     Number of occupied orbitals:        11
     Number of virtual orbitals:         76
     Number of molecular orbitals:       87
     Number of atomic orbitals:          87


  :: Hartree-Fock engine
  =========================

  Drives the calculation of the Hartree-Fock state.

  This is a RHF ground state calculation.
  The following tasks will be performed:

     1) Generate initial SAD density
     2) Calculation of reference state (SCF-DIIS algorithm)


  1) Generate initial SAD density


  2) Calculation of reference state (SCF-DIIS algorithm)

   - Self-consistent field DIIS Hartree-Fock solver
  ----------------------------------------------------

  A DIIS-accelerated Roothan-Hall self-consistent field solver. A least-square 
  DIIS fit is performed on the previous Fock matrices and associated gradients. 
  Following the Roothan-Hall update of the density, the DIIS-fitted Fock 
  matrix is used to get the next orbital coefficients.

  - Hartree-Fock solver settings:

     DIIS dimension:                         8
     Cumulative Fock threshold:       0.10E+01

     Energy threshold:              0.1000E-05
     Gradient threshold:            0.1000E-05

     Coulomb screening threshold:   0.1000E-11
     Exchange screening threshold:  0.1000E-09
     Fock precision:                0.1000E-23
     Integral cutoff:               0.1000E-11

  - Setting initial AO density to SAD

     Energy of initial guess:              -133.164522650471
     Number of electrons in guess:           22.000000000000

  Iteration       Energy (a.u.)      Max(grad.)    Delta E (a.u.)
  ---------------------------------------------------------------
     1          -132.431038299629     0.6848E-01     0.1324E+03
     2          -132.465140164510     0.6585E-01     0.3410E-01
     3          -132.487935684626     0.1054E-01     0.2280E-01
     4          -132.489502132987     0.1674E-02     0.1566E-02
     5          -132.489557062414     0.1095E-02     0.5493E-04
     6          -132.489563937242     0.2337E-03     0.6875E-05
     7          -132.489564371232     0.2851E-04     0.4340E-06
     8          -132.489564380095     0.2171E-05     0.8863E-08
     9          -132.489564380318     0.5532E-06     0.2226E-09
  ---------------------------------------------------------------
  Convergence criterion met in 9 iterations!

  - Summary of RHF wavefunction energetics (a.u.):

     HOMO-LUMO gap:                  0.493239592447
     Nuclear repulsion energy:      58.049144096598
     Electronic energy:           -190.538708476916
     Total energy:                -132.489564380318

  - Summary of QM/MM energetics:
                                         a.u.             eV     kcal/mol
     QM/MM SCF Contribution:        -0.110339365220
     QM/MM Electrostatic Energy:     0.000739673020     0.02013     0.464

  - Molecular orbital energies

  -----------------------------------------------------------------------------------
   1 -15.578604257340  23   0.188458244710  45   1.108150871973  67   2.780217047472
   2 -11.293368697166  24   0.188460329057  46   1.108153450213  68   2.780235509524
   3 -11.286009957771  25   0.274744412033  47   1.245426932800  69   2.853140393993
   4  -1.229950221823  26   0.274755139163  48   1.245434196144  70   2.853164119187
   5  -1.048270759381  27   0.312950652267  49   1.359121343666  71   2.919440911394
   6  -0.704558674521  28   0.319856466434  50   1.490567355749  72   3.153381247232
   7  -0.637741816188  29   0.319860763912  51   1.490578469735  73   3.153398526457
   8  -0.637737052672  30   0.324208009234  52   1.647266818726  74   3.218557491283
   9  -0.562096055246  31   0.355145156103  53   1.664714844499  75   3.259929249479
  10  -0.468857521150  32   0.411991356540  54   1.720770160397  76   3.259943124673
  11  -0.468856804751  33   0.575010848766  55   1.720799018387  77   3.391907637633
  12   0.024382787696  34   0.575020056488  56   1.787919085456  78   3.557026359745
  13   0.058765880137  35   0.598893720582  57   1.787932514077  79   4.175534019714
  14   0.058767016845  36   0.732830753226  58   2.001567829305  80   4.175575600467
  15   0.078977481683  37   0.732833857509  59   2.120869326641  81   4.277392161872
  16   0.126422572772  38   0.805740950919  60   2.120887573977  82   4.470098234962
  17   0.132782270620  39   0.805741334828  61   2.265203549246  83   4.470107412368
  18   0.132782982163  40   0.847124926219  62   2.393438515027  84   5.054771728299
  19   0.138639842092  41   0.877985050822  63   2.393468266872  85  25.029041141574
  20   0.138643386451  42   0.931523451855  64   2.482446773677  86  25.461005923900
  21   0.170077403726  43   1.014750746387  65   2.482472407395  87  37.267881938444
  22   0.184268325978  44   1.091193521035  66   2.729715344902
  -----------------------------------------------------------------------------------

  - Timings for the RHF ground state calculation

     Total wall time (sec):             37.66700
     Total cpu time (sec):            1300.97028

  eT terminated successfully!
