
  Preparation of molecular system (Libint)
  wall time (sec):                 0.00
  cpu time (sec):                  0.00
  cpu/wall ratio:                  0.99

  Preparation of molecular system (total)
  wall time (sec):                 0.20
  cpu time (sec):                  1.84
  cpu/wall ratio:                  9.08

  Cholesky decomposition of AO overlap
  wall time (sec):                 0.18
  cpu time (sec):                  6.39
  cpu/wall ratio:                 35.48


  :: Hartree-Fock engine
  =========================


  1) Generate initial SAD density

  SAD generation time
  wall time (sec):                22.92
  cpu time (sec):                892.83
  cpu/wall ratio:                 38.96


  2) Calculation of reference state (SCF-DIIS algorithm)

  AO Fock construction
  wall time (sec):                 0.31
  cpu time (sec):                 10.73
  cpu/wall ratio:                 34.62

  AO Fock construction
  wall time (sec):                 0.32
  cpu time (sec):                 11.70
  cpu/wall ratio:                 36.91

  AO Fock construction
  wall time (sec):                 0.34
  cpu time (sec):                 12.07
  cpu/wall ratio:                 34.98

  SCF DIIS iteration time
  wall time (sec):                 1.58
  cpu time (sec):                 44.65
  cpu/wall ratio:                 28.30

  AO Fock construction
  wall time (sec):                 0.37
  cpu time (sec):                 12.21
  cpu/wall ratio:                 33.36

  SCF DIIS iteration time
  wall time (sec):                 1.61
  cpu time (sec):                 44.82
  cpu/wall ratio:                 27.87

  AO Fock construction
  wall time (sec):                 0.36
  cpu time (sec):                 11.82
  cpu/wall ratio:                 32.93

  SCF DIIS iteration time
  wall time (sec):                 1.38
  cpu time (sec):                 39.22
  cpu/wall ratio:                 28.46

  AO Fock construction
  wall time (sec):                 0.40
  cpu time (sec):                 12.60
  cpu/wall ratio:                 31.26

  SCF DIIS iteration time
  wall time (sec):                 1.61
  cpu time (sec):                 45.01
  cpu/wall ratio:                 27.94

  AO Fock construction
  wall time (sec):                 0.34
  cpu time (sec):                 11.32
  cpu/wall ratio:                 33.60

  SCF DIIS iteration time
  wall time (sec):                 1.34
  cpu time (sec):                 38.41
  cpu/wall ratio:                 28.75

  AO Fock construction
  wall time (sec):                 0.39
  cpu time (sec):                 12.14
  cpu/wall ratio:                 31.44

  SCF DIIS iteration time
  wall time (sec):                 1.78
  cpu time (sec):                 49.89
  cpu/wall ratio:                 28.09

  AO Fock construction
  wall time (sec):                 0.35
  cpu time (sec):                 11.65
  cpu/wall ratio:                 33.01

  SCF DIIS iteration time
  wall time (sec):                 1.75
  cpu time (sec):                 48.53
  cpu/wall ratio:                 27.69

  AO Fock construction
  wall time (sec):                 0.32
  cpu time (sec):                 11.77
  cpu/wall ratio:                 36.45

  SCF DIIS iteration time
  wall time (sec):                 1.32
  cpu time (sec):                 39.69
  cpu/wall ratio:                 29.98

  SCF DIIS iteration time
  wall time (sec):                 0.01
  cpu time (sec):                  0.19
  cpu/wall ratio:                 21.00

  SCF DIIS solver time
  wall time (sec):                14.61
  cpu time (sec):                415.46
  cpu/wall ratio:                 28.44

  Hartree-Fock engine
  wall time (sec):                37.52
  cpu time (sec):               1308.29
  cpu/wall ratio:                 34.87


  :: Total time
  ================

  Total time in eT
  wall time (sec):                38.17
  cpu time (sec):               1323.89
  cpu/wall ratio:                 34.68
