
  Preparation of molecular system (Libint)
  wall time (sec):                 0.00
  cpu time (sec):                  0.00
  cpu/wall ratio:                  0.88

  Preparation of molecular system (total)
  wall time (sec):                 0.20
  cpu time (sec):                  1.97
  cpu/wall ratio:                  9.75

  Cholesky decomposition of AO overlap
  wall time (sec):                 0.17
  cpu time (sec):                  6.41
  cpu/wall ratio:                 37.07


  :: Hartree-Fock engine
  =========================


  1) Generate initial SAD density

  SAD generation time
  wall time (sec):                21.69
  cpu time (sec):                775.96
  cpu/wall ratio:                 35.78


  2) Calculation of reference state (SCF-DIIS algorithm)

  AO Fock construction
  wall time (sec):                 0.28
  cpu time (sec):                  9.16
  cpu/wall ratio:                 32.85

  AO Fock construction
  wall time (sec):                 0.35
  cpu time (sec):                 12.07
  cpu/wall ratio:                 34.20

  AO Fock construction
  wall time (sec):                 0.38
  cpu time (sec):                 12.64
  cpu/wall ratio:                 33.44

  SCF DIIS iteration time
  wall time (sec):                 1.68
  cpu time (sec):                 47.59
  cpu/wall ratio:                 28.28

  AO Fock construction
  wall time (sec):                 0.35
  cpu time (sec):                 12.61
  cpu/wall ratio:                 35.53

  SCF DIIS iteration time
  wall time (sec):                 1.60
  cpu time (sec):                 44.25
  cpu/wall ratio:                 27.58

  AO Fock construction
  wall time (sec):                 0.34
  cpu time (sec):                 12.16
  cpu/wall ratio:                 35.55

  SCF DIIS iteration time
  wall time (sec):                 1.44
  cpu time (sec):                 41.07
  cpu/wall ratio:                 28.46

  AO Fock construction
  wall time (sec):                 0.34
  cpu time (sec):                 12.28
  cpu/wall ratio:                 36.22

  SCF DIIS iteration time
  wall time (sec):                 1.51
  cpu time (sec):                 42.98
  cpu/wall ratio:                 28.39

  AO Fock construction
  wall time (sec):                 0.33
  cpu time (sec):                 11.78
  cpu/wall ratio:                 35.15

  SCF DIIS iteration time
  wall time (sec):                 1.58
  cpu time (sec):                 44.80
  cpu/wall ratio:                 28.37

  AO Fock construction
  wall time (sec):                 0.35
  cpu time (sec):                 12.14
  cpu/wall ratio:                 34.48

  SCF DIIS iteration time
  wall time (sec):                 1.35
  cpu time (sec):                 40.65
  cpu/wall ratio:                 30.20

  AO Fock construction
  wall time (sec):                 0.32
  cpu time (sec):                 11.72
  cpu/wall ratio:                 36.63

  SCF DIIS iteration time
  wall time (sec):                 1.53
  cpu time (sec):                 43.28
  cpu/wall ratio:                 28.27

  AO Fock construction
  wall time (sec):                 0.33
  cpu time (sec):                 11.57
  cpu/wall ratio:                 34.53

  SCF DIIS iteration time
  wall time (sec):                 1.42
  cpu time (sec):                 41.45
  cpu/wall ratio:                 29.13

  SCF DIIS iteration time
  wall time (sec):                 0.00
  cpu time (sec):                  0.04
  cpu/wall ratio:                 37.28

  SCF DIIS solver time
  wall time (sec):                14.38
  cpu time (sec):                408.81
  cpu/wall ratio:                 28.44

  Hartree-Fock engine
  wall time (sec):                36.06
  cpu time (sec):               1184.78
  cpu/wall ratio:                 32.85


  :: Total time
  ================

  Total time in eT
  wall time (sec):                36.76
  cpu time (sec):               1201.43
  cpu/wall ratio:                 32.68
