
  Preparation of molecular system (Libint)
  wall time (sec):                 0.00
  cpu time (sec):                  0.00
  cpu/wall ratio:                  0.95

  Preparation of molecular system (total)
  wall time (sec):                 0.18
  cpu time (sec):                  1.51
  cpu/wall ratio:                  8.59

  Cholesky decomposition of AO overlap
  wall time (sec):                 0.18
  cpu time (sec):                  6.67
  cpu/wall ratio:                 36.86


  :: Hartree-Fock engine
  =========================


  1) Generate initial SAD density

  SAD generation time
  wall time (sec):                23.06
  cpu time (sec):                886.25
  cpu/wall ratio:                 38.43


  2) Calculation of reference state (SCF-DIIS algorithm)

  AO Fock construction
  wall time (sec):                 0.31
  cpu time (sec):                 10.64
  cpu/wall ratio:                 34.00

  AO Fock construction
  wall time (sec):                 0.32
  cpu time (sec):                 11.43
  cpu/wall ratio:                 35.60

  AO Fock construction
  wall time (sec):                 0.36
  cpu time (sec):                 12.21
  cpu/wall ratio:                 34.19

  SCF DIIS iteration time
  wall time (sec):                 1.56
  cpu time (sec):                 44.14
  cpu/wall ratio:                 28.35

  AO Fock construction
  wall time (sec):                 0.34
  cpu time (sec):                 12.04
  cpu/wall ratio:                 34.99

  SCF DIIS iteration time
  wall time (sec):                 1.53
  cpu time (sec):                 44.14
  cpu/wall ratio:                 28.87

  AO Fock construction
  wall time (sec):                 0.36
  cpu time (sec):                 12.38
  cpu/wall ratio:                 34.59

  SCF DIIS iteration time
  wall time (sec):                 1.57
  cpu time (sec):                 45.04
  cpu/wall ratio:                 28.65

  AO Fock construction
  wall time (sec):                 0.33
  cpu time (sec):                 11.85
  cpu/wall ratio:                 35.90

  SCF DIIS iteration time
  wall time (sec):                 1.55
  cpu time (sec):                 44.81
  cpu/wall ratio:                 29.00

  AO Fock construction
  wall time (sec):                 0.35
  cpu time (sec):                 12.29
  cpu/wall ratio:                 35.31

  SCF DIIS iteration time
  wall time (sec):                 1.42
  cpu time (sec):                 41.41
  cpu/wall ratio:                 29.08

  AO Fock construction
  wall time (sec):                 0.32
  cpu time (sec):                 11.25
  cpu/wall ratio:                 35.16

  SCF DIIS iteration time
  wall time (sec):                 1.38
  cpu time (sec):                 39.87
  cpu/wall ratio:                 28.93

  AO Fock construction
  wall time (sec):                 0.33
  cpu time (sec):                 11.58
  cpu/wall ratio:                 35.31

  SCF DIIS iteration time
  wall time (sec):                 1.52
  cpu time (sec):                 42.87
  cpu/wall ratio:                 28.28

  AO Fock construction
  wall time (sec):                 0.40
  cpu time (sec):                 12.62
  cpu/wall ratio:                 31.39

  SCF DIIS iteration time
  wall time (sec):                 1.56
  cpu time (sec):                 43.04
  cpu/wall ratio:                 27.68

  AO Fock construction
  wall time (sec):                 0.34
  cpu time (sec):                 11.88
  cpu/wall ratio:                 34.54

  SCF DIIS iteration time
  wall time (sec):                 1.50
  cpu time (sec):                 43.72
  cpu/wall ratio:                 29.17

  SCF DIIS iteration time
  wall time (sec):                 0.00
  cpu time (sec):                  0.04
  cpu/wall ratio:                 35.83

  SCF DIIS solver time
  wall time (sec):                15.84
  cpu time (sec):                452.92
  cpu/wall ratio:                 28.59

  Hartree-Fock engine
  wall time (sec):                38.91
  cpu time (sec):               1339.17
  cpu/wall ratio:                 34.42


  :: Total time
  ================

  Total time in eT
  wall time (sec):                39.50
  cpu time (sec):               1354.15
  cpu/wall ratio:                 34.28
