
  Preparation of molecular system (Libint)
  wall time (sec):                 0.00
  cpu time (sec):                  0.00
  cpu/wall ratio:                  1.00

  Preparation of molecular system (total)
  wall time (sec):                 0.20
  cpu time (sec):                  1.40
  cpu/wall ratio:                  6.97

  Cholesky decomposition of AO overlap
  wall time (sec):                 0.15
  cpu time (sec):                  5.99
  cpu/wall ratio:                 38.91


  :: Hartree-Fock engine
  =========================


  1) Generate initial SAD density

  SAD generation time
  wall time (sec):                21.15
  cpu time (sec):                766.86
  cpu/wall ratio:                 36.25


  2) Calculation of reference state (SCF-DIIS algorithm)

  AO Fock construction
  wall time (sec):                 0.34
  cpu time (sec):                 10.89
  cpu/wall ratio:                 32.40

  AO Fock construction
  wall time (sec):                 0.32
  cpu time (sec):                 11.66
  cpu/wall ratio:                 36.42

  AO Fock construction
  wall time (sec):                 0.34
  cpu time (sec):                 11.78
  cpu/wall ratio:                 34.96

  SCF DIIS iteration time
  wall time (sec):                 1.36
  cpu time (sec):                 39.30
  cpu/wall ratio:                 28.99

  AO Fock construction
  wall time (sec):                 0.34
  cpu time (sec):                 11.84
  cpu/wall ratio:                 34.72

  SCF DIIS iteration time
  wall time (sec):                 1.63
  cpu time (sec):                 46.13
  cpu/wall ratio:                 28.25

  AO Fock construction
  wall time (sec):                 0.34
  cpu time (sec):                 11.12
  cpu/wall ratio:                 32.41

  SCF DIIS iteration time
  wall time (sec):                 1.68
  cpu time (sec):                 46.94
  cpu/wall ratio:                 27.89

  AO Fock construction
  wall time (sec):                 0.36
  cpu time (sec):                 12.90
  cpu/wall ratio:                 35.63

  SCF DIIS iteration time
  wall time (sec):                 1.59
  cpu time (sec):                 44.16
  cpu/wall ratio:                 27.81

  AO Fock construction
  wall time (sec):                 0.36
  cpu time (sec):                 12.49
  cpu/wall ratio:                 34.89

  SCF DIIS iteration time
  wall time (sec):                 1.66
  cpu time (sec):                 46.77
  cpu/wall ratio:                 28.24

  AO Fock construction
  wall time (sec):                 0.37
  cpu time (sec):                 12.33
  cpu/wall ratio:                 33.68

  SCF DIIS iteration time
  wall time (sec):                 1.54
  cpu time (sec):                 44.00
  cpu/wall ratio:                 28.67

  AO Fock construction
  wall time (sec):                 0.33
  cpu time (sec):                 11.44
  cpu/wall ratio:                 34.46

  SCF DIIS iteration time
  wall time (sec):                 1.60
  cpu time (sec):                 45.69
  cpu/wall ratio:                 28.63

  AO Fock construction
  wall time (sec):                 0.36
  cpu time (sec):                 12.25
  cpu/wall ratio:                 34.31

  SCF DIIS iteration time
  wall time (sec):                 1.42
  cpu time (sec):                 41.21
  cpu/wall ratio:                 28.98

  SCF DIIS iteration time
  wall time (sec):                 0.01
  cpu time (sec):                  0.24
  cpu/wall ratio:                 39.30

  SCF DIIS solver time
  wall time (sec):                14.95
  cpu time (sec):                424.39
  cpu/wall ratio:                 28.39

  Hartree-Fock engine
  wall time (sec):                36.10
  cpu time (sec):               1191.25
  cpu/wall ratio:                 33.00


  :: Total time
  ================

  Total time in eT
  wall time (sec):                36.75
  cpu time (sec):               1205.83
  cpu/wall ratio:                 32.81
