
  Preparation of molecular system (Libint)
  wall time (sec):                 0.00
  cpu time (sec):                  0.00
  cpu/wall ratio:                  0.89

  Preparation of molecular system (total)
  wall time (sec):                 0.19
  cpu time (sec):                  1.80
  cpu/wall ratio:                  9.60

  Cholesky decomposition of AO overlap
  wall time (sec):                 0.18
  cpu time (sec):                  6.75
  cpu/wall ratio:                 36.90


  :: Hartree-Fock engine
  =========================


  1) Generate initial SAD density

  SAD generation time
  wall time (sec):                20.81
  cpu time (sec):                742.65
  cpu/wall ratio:                 35.68


  2) Calculation of reference state (SCF-DIIS algorithm)

  AO Fock construction
  wall time (sec):                 0.27
  cpu time (sec):                  8.96
  cpu/wall ratio:                 32.96

  AO Fock construction
  wall time (sec):                 0.39
  cpu time (sec):                 12.53
  cpu/wall ratio:                 32.37

  AO Fock construction
  wall time (sec):                 0.32
  cpu time (sec):                 11.11
  cpu/wall ratio:                 35.16

  SCF DIIS iteration time
  wall time (sec):                 1.35
  cpu time (sec):                 39.15
  cpu/wall ratio:                 28.94

  AO Fock construction
  wall time (sec):                 0.36
  cpu time (sec):                 12.62
  cpu/wall ratio:                 34.96

  SCF DIIS iteration time
  wall time (sec):                 1.39
  cpu time (sec):                 40.58
  cpu/wall ratio:                 29.17

  AO Fock construction
  wall time (sec):                 0.34
  cpu time (sec):                 12.13
  cpu/wall ratio:                 35.58

  SCF DIIS iteration time
  wall time (sec):                 1.47
  cpu time (sec):                 42.64
  cpu/wall ratio:                 28.94

  AO Fock construction
  wall time (sec):                 0.33
  cpu time (sec):                 11.53
  cpu/wall ratio:                 34.94

  SCF DIIS iteration time
  wall time (sec):                 1.47
  cpu time (sec):                 43.02
  cpu/wall ratio:                 29.29

  AO Fock construction
  wall time (sec):                 0.35
  cpu time (sec):                 12.35
  cpu/wall ratio:                 35.39

  SCF DIIS iteration time
  wall time (sec):                 1.71
  cpu time (sec):                 48.92
  cpu/wall ratio:                 28.62

  AO Fock construction
  wall time (sec):                 0.40
  cpu time (sec):                 12.54
  cpu/wall ratio:                 31.67

  SCF DIIS iteration time
  wall time (sec):                 1.70
  cpu time (sec):                 47.10
  cpu/wall ratio:                 27.79

  AO Fock construction
  wall time (sec):                 0.33
  cpu time (sec):                 11.88
  cpu/wall ratio:                 35.67

  SCF DIIS iteration time
  wall time (sec):                 1.50
  cpu time (sec):                 43.64
  cpu/wall ratio:                 29.15

  AO Fock construction
  wall time (sec):                 0.34
  cpu time (sec):                 11.82
  cpu/wall ratio:                 35.18

  SCF DIIS iteration time
  wall time (sec):                 1.38
  cpu time (sec):                 41.53
  cpu/wall ratio:                 30.07

  SCF DIIS iteration time
  wall time (sec):                 0.00
  cpu time (sec):                  0.04
  cpu/wall ratio:                 39.06

  SCF DIIS solver time
  wall time (sec):                14.34
  cpu time (sec):                412.92
  cpu/wall ratio:                 28.78

  Hartree-Fock engine
  wall time (sec):                35.16
  cpu time (sec):               1155.56
  cpu/wall ratio:                 32.87


  :: Total time
  ================

  Total time in eT
  wall time (sec):                35.81
  cpu time (sec):               1171.76
  cpu/wall ratio:                 32.72
