


                     eT - an electronic structure program

  ------------------------------------------------------------------------
   Author list in alphabetical order:
  ------------------------------------------------------------------------
   J. H. Andersen, A. Balbi, S. Coriani, S. D. Folkestad, T. Giovannini, 
   L. Goletto, T. S. Haugland, A. Hutcheson, I-M. Høyvik, E. F. Kjønstad, 
   H. Koch, T. Moitra, R. H. Myhre, A. C. Paul, M. Scavino, A. Skeidsvoll, 
   Å. H. Tveten
  ------------------------------------------------------------------------


  :: Input file
  ================

     Note: geometry section is excluded from this print

     system
        name: methanol scan 8.75
        charge: 0
     end system

     do
       ground state
     end do

     memory
        available: 8
     end memory

     solver scf
        algorithm: scf-diis
     end solver scf

     molecular mechanics
        forcefield: non-polarizable
     end molecular mechanics

     method
        hf
     end method


  Running on 56 OMP thread(s)
  Memory available for calculation: 8.000000 GB


  :: Molecular system specifications (QM)
  ==========================================

     Name:             methanol scan 8.75
     Charge:           0
     Multiplicity:     1
     Coordinate units: angstrom

     Pure basis functions:         72
     Cartesian basis functions:    74
     Primitive basis functions:   108

     Nuclear repulsion energy (a.u.):             40.346784236152
     Bohr/angstrom value (CODATA 2010):            0.529177210920

     ==============================================================================
                                     Geometry (angstrom)
     ==============================================================================
        Atom           X                  Y                  Z         # in input
     ==============================================================================
        Basis: 6-311++g**
        1 C      0.997897000000     0.986064000000    -0.008014000000        1
        2 O     -0.422019000000     0.999211000000    -0.000572000000        2
        3 H      1.399338000000     0.999753000000    -1.024504000000        3
        4 H      1.399296000000     0.119782000000     0.523986000000        4
        5 H      1.322862000000     1.888586000000     0.504866000000        5
        6 H     -0.732374000000     0.211603000000    -0.448762000000        6
     ==============================================================================

     ==============================================================================
                                     Geometry (a.u.)
     ==============================================================================
        Atom           X                  Y                  Z         # in input
     ==============================================================================
        Basis: 6-311++g**
        1 C      1.885752030525     1.863390901293    -0.015144265162        1
        2 O     -0.797500329363     1.888235130653    -0.001080923343        2
        3 H      2.644365575697     1.889259362212    -1.936031973521        3
        4 H      2.644286207199     0.226355174653     0.990190033106        4
        5 H      2.499846880594     3.568910302688     0.954058469605        5
        6 H     -1.383986280752     0.399871717136    -0.848037275112        6
     ==============================================================================


  :: Molecular system specifications (MM)
  ==========================================

     Force Field:  non-polarizable

     Number of MM atoms:                   2
     Number of MM molecules:               1

    ====================================================================
                        MM Geometry (Å) and Parameters
    ====================================================================
    Atom    Mol             X          Y          Z            Charge
    ====================================================================
      H       1        -9.171524   1.080223   0.045286        1.000000
      H       1       -10.171468   1.089481   0.050526       -1.000000
    ====================================================================


  :: RHF wavefunction
  ======================

  This is a QM/MM calculation

     Electrostatic Embedding:

     Each atom of the MM portion is endowed with a charge which value 
     is a fixed external parameter.

     The QM/MM electrostatic interaction energy is defined as:

        E^ele_QM/MM = sum_i q_i * V_i(P)

     where V_i(P) is the electrostatic potential due to the QM density 
     calculated at the position of the i-th charge q_i.

     For further details, see:
     Senn & Thiel, Angew. Chem. Int. Ed., 2009, 48, 1198−1229


  - Cholesky decomposition of AO overlap to get linearly independent orbitals:

  - Orbital details:

     Number of occupied orbitals:         9
     Number of virtual orbitals:         63
     Number of molecular orbitals:       72
     Number of atomic orbitals:          72


  :: Hartree-Fock engine
  =========================

  Drives the calculation of the Hartree-Fock state.

  This is a RHF ground state calculation.
  The following tasks will be performed:

     1) Generate initial SAD density
     2) Calculation of reference state (SCF-DIIS algorithm)


  1) Generate initial SAD density


  2) Calculation of reference state (SCF-DIIS algorithm)

   - Self-consistent field DIIS Hartree-Fock solver
  ----------------------------------------------------

  A DIIS-accelerated Roothan-Hall self-consistent field solver. A least-square 
  DIIS fit is performed on the previous Fock matrices and associated gradients. 
  Following the Roothan-Hall update of the density, the DIIS-fitted Fock 
  matrix is used to get the next orbital coefficients.

  - Hartree-Fock solver settings:

     DIIS dimension:                         8
     Cumulative Fock threshold:       0.10E+01

     Energy threshold:              0.1000E-05
     Gradient threshold:            0.1000E-05

     Coulomb screening threshold:   0.1000E-11
     Exchange screening threshold:  0.1000E-09
     Fock precision:                0.1000E-23
     Integral cutoff:               0.1000E-11

  - Setting initial AO density to SAD

     Energy of initial guess:              -115.818422893325
     Number of electrons in guess:           18.000000000000

  Iteration       Energy (a.u.)      Max(grad.)    Delta E (a.u.)
  ---------------------------------------------------------------
     1          -115.557807459464     0.8446E-01     0.1156E+03
     2          -115.594413929756     0.6903E-01     0.3661E-01
     3          -115.608709441802     0.7817E-02     0.1430E-01
     4          -115.609247259175     0.6582E-03     0.5378E-03
     5          -115.609260948759     0.2178E-03     0.1369E-04
     6          -115.609261918847     0.5951E-04     0.9701E-06
     7          -115.609261995912     0.1543E-04     0.7706E-07
     8          -115.609262002770     0.4181E-05     0.6858E-08
     9          -115.609262003004     0.6297E-06     0.2341E-09
  ---------------------------------------------------------------
  Convergence criterion met in 9 iterations!

  - Summary of RHF wavefunction energetics (a.u.):

     HOMO-LUMO gap:                  0.491875745463
     Nuclear repulsion energy:      39.914577565971
     Electronic energy:           -155.523839568975
     Total energy:                -115.609262003004

  - Summary of QM/MM energetics:
                                         a.u.             eV     kcal/mol
     QM/MM SCF Contribution:        -0.097283408846
     QM/MM Electrostatic Energy:    -0.000313178019    -0.00852    -0.197

  - Molecular orbital energies

  -----------------------------------------------------------------------------------
   1 -20.563477152806  19   0.281656566080  37   1.282998452903  55   2.783711108065
   2 -11.278318458404  20   0.292440100382  38   1.370103970857  56   2.844756220154
   3  -1.365431814553  21   0.292515971814  39   1.442252350963  57   2.848225609641
   4  -0.933195971597  22   0.304892050223  40   1.616641221455  58   2.983712778347
   5  -0.698436447979  23   0.323710756811  41   1.674735532697  59   3.197310737414
   6  -0.626844698390  24   0.346589260854  42   1.706186554126  60   3.342338790345
   7  -0.599941589482  25   0.388972806875  43   1.787096148007  61   3.461713661957
   8  -0.509863697989  26   0.472446119880  44   1.799194252725  62   3.592202089782
   9  -0.457424204187  27   0.559502608142  45   1.808796829343  63   3.679470782250
  10   0.034451541276  28   0.572426178491  46   1.954656255004  64   4.130205393704
  11   0.058057908592  29   0.706612737682  47   1.962500099256  65   4.183132158406
  12   0.068919885206  30   0.771014635152  48   2.074798770829  66   4.324556002864
  13   0.076469857440  31   0.840786157952  49   2.292746176375  67   4.437903679670
  14   0.122030903409  32   0.848683183884  50   2.338817605623  68   5.561123953472
  15   0.141446022345  33   0.870936035374  51   2.413744966977  69   5.909254566399
  16   0.154972529802  34   1.062519652503  52   2.512298813727  70   6.212030580796
  17   0.179306507743  35   1.184805395300  53   2.706368662367  71  25.066480002141
  18   0.274374673179  36   1.230175090314  54   2.752221977025  72  51.595020961762
  -----------------------------------------------------------------------------------

  - Timings for the RHF ground state calculation

     Total wall time (sec):              2.87700
     Total cpu time (sec):             140.95855

  eT terminated successfully!
