


                     eT - an electronic structure program

  ------------------------------------------------------------------------
   Author list in alphabetical order:
  ------------------------------------------------------------------------
   J. H. Andersen, A. Balbi, S. Coriani, S. D. Folkestad, T. Giovannini, 
   L. Goletto, T. S. Haugland, A. Hutcheson, I-M. Høyvik, E. F. Kjønstad, 
   H. Koch, T. Moitra, R. H. Myhre, A. C. Paul, M. Scavino, A. Skeidsvoll, 
   Å. H. Tveten
  ------------------------------------------------------------------------


  :: Input file
  ================

     Note: geometry section is excluded from this print

     system
        name: methanol scan 8.00
        charge: 0
     end system

     do
       ground state
     end do

     memory
        available: 8
     end memory

     solver scf
        algorithm: scf-diis
     end solver scf

     molecular mechanics
        forcefield: non-polarizable
     end molecular mechanics

     method
        hf
     end method


  Running on 56 OMP thread(s)
  Memory available for calculation: 8.000000 GB


  :: Molecular system specifications (QM)
  ==========================================

     Name:             methanol scan 8.00
     Charge:           0
     Multiplicity:     1
     Coordinate units: angstrom

     Pure basis functions:         72
     Cartesian basis functions:    74
     Primitive basis functions:   108

     Nuclear repulsion energy (a.u.):             40.346784236152
     Bohr/angstrom value (CODATA 2010):            0.529177210920

     ==============================================================================
                                     Geometry (angstrom)
     ==============================================================================
        Atom           X                  Y                  Z         # in input
     ==============================================================================
        Basis: 6-311++g**
        1 C      0.997897000000     0.986064000000    -0.008014000000        1
        2 O     -0.422019000000     0.999211000000    -0.000572000000        2
        3 H      1.399338000000     0.999753000000    -1.024504000000        3
        4 H      1.399296000000     0.119782000000     0.523986000000        4
        5 H      1.322862000000     1.888586000000     0.504866000000        5
        6 H     -0.732374000000     0.211603000000    -0.448762000000        6
     ==============================================================================

     ==============================================================================
                                     Geometry (a.u.)
     ==============================================================================
        Atom           X                  Y                  Z         # in input
     ==============================================================================
        Basis: 6-311++g**
        1 C      1.885752030525     1.863390901293    -0.015144265162        1
        2 O     -0.797500329363     1.888235130653    -0.001080923343        2
        3 H      2.644365575697     1.889259362212    -1.936031973521        3
        4 H      2.644286207199     0.226355174653     0.990190033106        4
        5 H      2.499846880594     3.568910302688     0.954058469605        5
        6 H     -1.383986280752     0.399871717136    -0.848037275112        6
     ==============================================================================


  :: Molecular system specifications (MM)
  ==========================================

     Force Field:  non-polarizable

     Number of MM atoms:                   2
     Number of MM molecules:               1

    ====================================================================
                        MM Geometry (Å) and Parameters
    ====================================================================
    Atom    Mol             X          Y          Z            Charge
    ====================================================================
      H       1        -8.421566   1.073279   0.041355        1.000000
      H       1        -9.421510   1.082537   0.046596       -1.000000
    ====================================================================


  :: RHF wavefunction
  ======================

  This is a QM/MM calculation

     Electrostatic Embedding:

     Each atom of the MM portion is endowed with a charge which value 
     is a fixed external parameter.

     The QM/MM electrostatic interaction energy is defined as:

        E^ele_QM/MM = sum_i q_i * V_i(P)

     where V_i(P) is the electrostatic potential due to the QM density 
     calculated at the position of the i-th charge q_i.

     For further details, see:
     Senn & Thiel, Angew. Chem. Int. Ed., 2009, 48, 1198−1229


  - Cholesky decomposition of AO overlap to get linearly independent orbitals:

  - Orbital details:

     Number of occupied orbitals:         9
     Number of virtual orbitals:         63
     Number of molecular orbitals:       72
     Number of atomic orbitals:          72


  :: Hartree-Fock engine
  =========================

  Drives the calculation of the Hartree-Fock state.

  This is a RHF ground state calculation.
  The following tasks will be performed:

     1) Generate initial SAD density
     2) Calculation of reference state (SCF-DIIS algorithm)


  1) Generate initial SAD density


  2) Calculation of reference state (SCF-DIIS algorithm)

   - Self-consistent field DIIS Hartree-Fock solver
  ----------------------------------------------------

  A DIIS-accelerated Roothan-Hall self-consistent field solver. A least-square 
  DIIS fit is performed on the previous Fock matrices and associated gradients. 
  Following the Roothan-Hall update of the density, the DIIS-fitted Fock 
  matrix is used to get the next orbital coefficients.

  - Hartree-Fock solver settings:

     DIIS dimension:                         8
     Cumulative Fock threshold:       0.10E+01

     Energy threshold:              0.1000E-05
     Gradient threshold:            0.1000E-05

     Coulomb screening threshold:   0.1000E-11
     Exchange screening threshold:  0.1000E-09
     Fock precision:                0.1000E-23
     Integral cutoff:               0.1000E-11

  - Setting initial AO density to SAD

     Energy of initial guess:              -115.818422890552
     Number of electrons in guess:           18.000000000000

  Iteration       Energy (a.u.)      Max(grad.)    Delta E (a.u.)
  ---------------------------------------------------------------
     1          -115.557861334897     0.8451E-01     0.1156E+03
     2          -115.594485563933     0.6907E-01     0.3662E-01
     3          -115.608796664533     0.7808E-02     0.1431E-01
     4          -115.609334419871     0.6580E-03     0.5378E-03
     5          -115.609348097838     0.2166E-03     0.1368E-04
     6          -115.609349065924     0.5923E-04     0.9681E-06
     7          -115.609349142572     0.1540E-04     0.7665E-07
     8          -115.609349149405     0.4166E-05     0.6833E-08
     9          -115.609349149638     0.6272E-06     0.2333E-09
  ---------------------------------------------------------------
  Convergence criterion met in 9 iterations!

  - Summary of RHF wavefunction energetics (a.u.):

     HOMO-LUMO gap:                  0.492056545000
     Nuclear repulsion energy:      39.931299301685
     Electronic energy:           -155.540648451324
     Total energy:                -115.609349149638

  - Summary of QM/MM energetics:
                                         a.u.             eV     kcal/mol
     QM/MM SCF Contribution:        -0.114094148374
     QM/MM Electrostatic Energy:    -0.000402184606    -0.01094    -0.252

  - Molecular orbital energies

  -----------------------------------------------------------------------------------
   1 -20.564499176800  19   0.280241045210  37   1.281761525002  55   2.782991622228
   2 -11.279089284928  20   0.291691114230  38   1.369119783310  56   2.843999237314
   3  -1.366437968761  21   0.291785452745  39   1.441298791731  57   2.847466764210
   4  -0.934015006182  22   0.303925818382  40   1.615598078727  58   2.982836866001
   5  -0.699373376580  23   0.322642214306  41   1.673762516396  59   3.196551579123
   6  -0.627684338465  24   0.345839746114  42   1.705477420074  60   3.341445230925
   7  -0.600859018193  25   0.388045380283  43   1.786198147584  61   3.460708895023
   8  -0.510764326212  26   0.471569626218  44   1.798438783954  62   3.591194099559
   9  -0.458362651454  27   0.558751838832  45   1.807998204781  63   3.678478441351
  10   0.033693893546  28   0.571693761437  46   1.953879082868  64   4.129333729617
  11   0.056935322389  29   0.705530258164  47   1.961721426443  65   4.182360200874
  12   0.068439828067  30   0.770270134821  48   2.073935916722  66   4.323625513606
  13   0.075842844161  31   0.840073435082  49   2.291936426015  67   4.436896023492
  14   0.121151458219  32   0.847936891657  50   2.337895908033  68   5.560090538788
  15   0.140687247214  33   0.870163772356  51   2.412982874687  69   5.908223479212
  16   0.154345077201  34   1.061705670934  52   2.511425170280  70   6.211011491072
  17   0.178758046855  35   1.183902007384  53   2.705454081301  71  25.065709459179
  18   0.273249801012  36   1.229333751226  54   2.751494523278  72  51.593998708694
  -----------------------------------------------------------------------------------

  - Timings for the RHF ground state calculation

     Total wall time (sec):              2.97000
     Total cpu time (sec):             146.12443

  eT terminated successfully!
