


                     eT - an electronic structure program

  ------------------------------------------------------------------------
   Author list in alphabetical order:
  ------------------------------------------------------------------------
   J. H. Andersen, A. Balbi, S. Coriani, S. D. Folkestad, T. Giovannini, 
   L. Goletto, T. S. Haugland, A. Hutcheson, I-M. Høyvik, E. F. Kjønstad, 
   H. Koch, T. Moitra, R. H. Myhre, A. C. Paul, M. Scavino, A. Skeidsvoll, 
   Å. H. Tveten
  ------------------------------------------------------------------------


  :: Input file
  ================

     Note: geometry section is excluded from this print

     system
        name: methanol scan 2.75
        charge: 0
     end system

     do
       ground state
     end do

     memory
        available: 8
     end memory

     solver scf
        algorithm: scf-diis
     end solver scf

     molecular mechanics
        forcefield: non-polarizable
     end molecular mechanics

     method
        hf
     end method


  Running on 56 OMP thread(s)
  Memory available for calculation: 8.000000 GB


  :: Molecular system specifications (QM)
  ==========================================

     Name:             methanol scan 2.75
     Charge:           0
     Multiplicity:     1
     Coordinate units: angstrom

     Pure basis functions:         72
     Cartesian basis functions:    74
     Primitive basis functions:   108

     Nuclear repulsion energy (a.u.):             40.346784236152
     Bohr/angstrom value (CODATA 2010):            0.529177210920

     ==============================================================================
                                     Geometry (angstrom)
     ==============================================================================
        Atom           X                  Y                  Z         # in input
     ==============================================================================
        Basis: 6-311++g**
        1 C      0.997897000000     0.986064000000    -0.008014000000        1
        2 O     -0.422019000000     0.999211000000    -0.000572000000        2
        3 H      1.399338000000     0.999753000000    -1.024504000000        3
        4 H      1.399296000000     0.119782000000     0.523986000000        4
        5 H      1.322862000000     1.888586000000     0.504866000000        5
        6 H     -0.732374000000     0.211603000000    -0.448762000000        6
     ==============================================================================

     ==============================================================================
                                     Geometry (a.u.)
     ==============================================================================
        Atom           X                  Y                  Z         # in input
     ==============================================================================
        Basis: 6-311++g**
        1 C      1.885752030525     1.863390901293    -0.015144265162        1
        2 O     -0.797500329363     1.888235130653    -0.001080923343        2
        3 H      2.644365575697     1.889259362212    -1.936031973521        3
        4 H      2.644286207199     0.226355174653     0.990190033106        4
        5 H      2.499846880594     3.568910302688     0.954058469605        5
        6 H     -1.383986280752     0.399871717136    -0.848037275112        6
     ==============================================================================


  :: Molecular system specifications (MM)
  ==========================================

     Force Field:  non-polarizable

     Number of MM atoms:                   2
     Number of MM molecules:               1

    ====================================================================
                        MM Geometry (Å) and Parameters
    ====================================================================
    Atom    Mol             X          Y          Z            Charge
    ====================================================================
      H       1        -3.171864   1.024672   0.013840        1.000000
      H       1        -4.171807   1.033930   0.019081       -1.000000
    ====================================================================


  :: RHF wavefunction
  ======================

  This is a QM/MM calculation

     Electrostatic Embedding:

     Each atom of the MM portion is endowed with a charge which value 
     is a fixed external parameter.

     The QM/MM electrostatic interaction energy is defined as:

        E^ele_QM/MM = sum_i q_i * V_i(P)

     where V_i(P) is the electrostatic potential due to the QM density 
     calculated at the position of the i-th charge q_i.

     For further details, see:
     Senn & Thiel, Angew. Chem. Int. Ed., 2009, 48, 1198−1229


  - Cholesky decomposition of AO overlap to get linearly independent orbitals:

  - Orbital details:

     Number of occupied orbitals:         9
     Number of virtual orbitals:         63
     Number of molecular orbitals:       72
     Number of atomic orbitals:          72


  :: Hartree-Fock engine
  =========================

  Drives the calculation of the Hartree-Fock state.

  This is a RHF ground state calculation.
  The following tasks will be performed:

     1) Generate initial SAD density
     2) Calculation of reference state (SCF-DIIS algorithm)


  1) Generate initial SAD density


  2) Calculation of reference state (SCF-DIIS algorithm)

   - Self-consistent field DIIS Hartree-Fock solver
  ----------------------------------------------------

  A DIIS-accelerated Roothan-Hall self-consistent field solver. A least-square 
  DIIS fit is performed on the previous Fock matrices and associated gradients. 
  Following the Roothan-Hall update of the density, the DIIS-fitted Fock 
  matrix is used to get the next orbital coefficients.

  - Hartree-Fock solver settings:

     DIIS dimension:                         8
     Cumulative Fock threshold:       0.10E+01

     Energy threshold:              0.1000E-05
     Gradient threshold:            0.1000E-05

     Coulomb screening threshold:   0.1000E-11
     Exchange screening threshold:  0.1000E-09
     Fock precision:                0.1000E-23
     Integral cutoff:               0.1000E-11

  - Setting initial AO density to SAD

     Energy of initial guess:              -115.818164324557
     Number of electrons in guess:           18.000000000000

  Iteration       Energy (a.u.)      Max(grad.)    Delta E (a.u.)
  ---------------------------------------------------------------
     1          -115.562838078699     0.8712E-01     0.1156E+03
     2          -115.600645880221     0.7138E-01     0.3781E-01
     3          -115.615869296712     0.7521E-02     0.1522E-01
     4          -115.616402242042     0.6465E-03     0.5329E-03
     5          -115.616415270407     0.1422E-03     0.1303E-04
     6          -115.616416120977     0.4111E-04     0.8506E-06
     7          -115.616416169531     0.1185E-04     0.4855E-07
     8          -115.616416173594     0.3407E-05     0.4063E-08
     9          -115.616416173792     0.5401E-06     0.1979E-09
  ---------------------------------------------------------------
  Convergence criterion met in 9 iterations!

  - Summary of RHF wavefunction energetics (a.u.):

     HOMO-LUMO gap:                  0.507672120297
     Nuclear repulsion energy:      40.488795690718
     Electronic energy:           -156.105211864510
     Total energy:                -115.616416173792

  - Summary of QM/MM energetics:
                                         a.u.             eV     kcal/mol
     QM/MM SCF Contribution:        -0.679935215280
     QM/MM Electrostatic Energy:    -0.008746333332    -0.23800    -5.488

  - Molecular orbital energies

  -----------------------------------------------------------------------------------
   1 -20.600561484767  19   0.245298887557  37   1.226249979340  55   2.763061130017
   2 -11.302586071976  20   0.266408709339  38   1.336934372023  56   2.822015619129
   3  -1.401908619693  21   0.272411525482  39   1.409868142171  57   2.825176944276
   4  -0.960045517229  22   0.282682573615  40   1.580032505318  58   2.955488092831
   5  -0.730945918685  23   0.294045288148  41   1.639371273883  59   3.174331971937
   6  -0.654154791813  24   0.328377217711  42   1.686027554686  60   3.311480883592
   7  -0.633125706294  25   0.362809010895  43   1.757245545219  61   3.425656804796
   8  -0.540301837725  26   0.446286859124  44   1.777082229815  62   3.555489864387
   9  -0.489831365901  27   0.540150718054  45   1.785024553360  63   3.643282070720
  10   0.017840754396  28   0.552603084276  46   1.930810241031  64   4.101515832717
  11   0.037075610758  29   0.672547066112  47   1.938058492277  65   4.159343651172
  12   0.060079783920  30   0.747134976796  48   2.045852635502  66   4.292708773783
  13   0.064684954690  31   0.820445638501  49   2.267034411153  67   4.399138130725
  14   0.111891512588  32   0.827094285847  50   2.309295567705  68   5.523873058491
  15   0.123196004077  33   0.847656449670  51   2.390824194623  69   5.871338213213
  16   0.142160576924  34   1.037146533404  52   2.484321548862  70   6.174678735163
  17   0.166226538949  35   1.155739335930  53   2.675833379297  71  25.042281526831
  18   0.205139272507  36   1.203815341146  54   2.730813255006  72  51.557914921261
  -----------------------------------------------------------------------------------

  - Timings for the RHF ground state calculation

     Total wall time (sec):              4.24300
     Total cpu time (sec):             215.27029

  eT terminated successfully!
