
  Preparation of molecular system (Libint)
  wall time (sec):                 0.00
  cpu time (sec):                  0.00
  cpu/wall ratio:                  0.80

  Preparation of molecular system (total)
  wall time (sec):                 0.11
  cpu time (sec):                  1.46
  cpu/wall ratio:                 13.41

  Cholesky decomposition of AO overlap
  wall time (sec):                 0.00
  cpu time (sec):                  0.20
  cpu/wall ratio:                 50.85


  :: Hartree-Fock engine
  =========================


  1) Generate initial SAD density

  SAD generation time
  wall time (sec):                 0.43
  cpu time (sec):                 17.60
  cpu/wall ratio:                 41.02


  2) Calculation of reference state (SCF-DIIS algorithm)

  AO Fock construction
  wall time (sec):                 0.05
  cpu time (sec):                  2.88
  cpu/wall ratio:                 52.39

  AO Fock construction
  wall time (sec):                 0.15
  cpu time (sec):                  8.36
  cpu/wall ratio:                 53.92

  AO Fock construction
  wall time (sec):                 0.04
  cpu time (sec):                  1.95
  cpu/wall ratio:                 47.53

  SCF DIIS iteration time
  wall time (sec):                 0.13
  cpu time (sec):                  5.71
  cpu/wall ratio:                 42.64

  AO Fock construction
  wall time (sec):                 0.14
  cpu time (sec):                  7.27
  cpu/wall ratio:                 53.43

  SCF DIIS iteration time
  wall time (sec):                 0.30
  cpu time (sec):                 14.76
  cpu/wall ratio:                 49.02

  AO Fock construction
  wall time (sec):                 0.04
  cpu time (sec):                  1.85
  cpu/wall ratio:                 46.28

  SCF DIIS iteration time
  wall time (sec):                 0.33
  cpu time (sec):                 16.13
  cpu/wall ratio:                 49.02

  AO Fock construction
  wall time (sec):                 0.04
  cpu time (sec):                  1.84
  cpu/wall ratio:                 47.19

  SCF DIIS iteration time
  wall time (sec):                 0.13
  cpu time (sec):                  5.66
  cpu/wall ratio:                 42.24

  AO Fock construction
  wall time (sec):                 0.05
  cpu time (sec):                  2.65
  cpu/wall ratio:                 50.04

  SCF DIIS iteration time
  wall time (sec):                 0.26
  cpu time (sec):                 13.06
  cpu/wall ratio:                 50.03

  AO Fock construction
  wall time (sec):                 0.12
  cpu time (sec):                  6.51
  cpu/wall ratio:                 53.36

  SCF DIIS iteration time
  wall time (sec):                 0.35
  cpu time (sec):                 17.89
  cpu/wall ratio:                 50.82

  AO Fock construction
  wall time (sec):                 0.06
  cpu time (sec):                  3.08
  cpu/wall ratio:                 50.49

  SCF DIIS iteration time
  wall time (sec):                 0.25
  cpu time (sec):                 12.19
  cpu/wall ratio:                 48.75

  AO Fock construction
  wall time (sec):                 0.08
  cpu time (sec):                  3.99
  cpu/wall ratio:                 51.78

  SCF DIIS iteration time
  wall time (sec):                 0.40
  cpu time (sec):                 20.43
  cpu/wall ratio:                 51.45

  SCF DIIS iteration time
  wall time (sec):                 0.00
  cpu time (sec):                  0.00

  SCF DIIS solver time
  wall time (sec):                 2.69
  cpu time (sec):                132.68
  cpu/wall ratio:                 49.31

  Hartree-Fock engine
  wall time (sec):                 3.12
  cpu time (sec):                150.28
  cpu/wall ratio:                 48.17


  :: Total time
  ================

  Total time in eT
  wall time (sec):                 3.26
  cpu time (sec):                153.30
  cpu/wall ratio:                 47.00
