


                     eT - an electronic structure program

  ------------------------------------------------------------------------
   Author list in alphabetical order:
  ------------------------------------------------------------------------
   J. H. Andersen, A. Balbi, S. Coriani, S. D. Folkestad, T. Giovannini, 
   L. Goletto, T. S. Haugland, A. Hutcheson, I-M. Høyvik, E. F. Kjønstad, 
   H. Koch, T. Moitra, R. H. Myhre, A. C. Paul, M. Scavino, A. Skeidsvoll, 
   Å. H. Tveten
  ------------------------------------------------------------------------


  :: Input file
  ================

     Note: geometry section is excluded from this print

     system
        name: methanol scan 2.00
        charge: 0
     end system

     do
       ground state
     end do

     memory
        available: 8
     end memory

     solver scf
        algorithm: scf-diis
     end solver scf

     molecular mechanics
        forcefield: non-polarizable
     end molecular mechanics

     method
        hf
     end method


  Running on 56 OMP thread(s)
  Memory available for calculation: 8.000000 GB


  :: Molecular system specifications (QM)
  ==========================================

     Name:             methanol scan 2.00
     Charge:           0
     Multiplicity:     1
     Coordinate units: angstrom

     Pure basis functions:         72
     Cartesian basis functions:    74
     Primitive basis functions:   108

     Nuclear repulsion energy (a.u.):             40.346784236152
     Bohr/angstrom value (CODATA 2010):            0.529177210920

     ==============================================================================
                                     Geometry (angstrom)
     ==============================================================================
        Atom           X                  Y                  Z         # in input
     ==============================================================================
        Basis: 6-311++g**
        1 C      0.997897000000     0.986064000000    -0.008014000000        1
        2 O     -0.422019000000     0.999211000000    -0.000572000000        2
        3 H      1.399338000000     0.999753000000    -1.024504000000        3
        4 H      1.399296000000     0.119782000000     0.523986000000        4
        5 H      1.322862000000     1.888586000000     0.504866000000        5
        6 H     -0.732374000000     0.211603000000    -0.448762000000        6
     ==============================================================================

     ==============================================================================
                                     Geometry (a.u.)
     ==============================================================================
        Atom           X                  Y                  Z         # in input
     ==============================================================================
        Basis: 6-311++g**
        1 C      1.885752030525     1.863390901293    -0.015144265162        1
        2 O     -0.797500329363     1.888235130653    -0.001080923343        2
        3 H      2.644365575697     1.889259362212    -1.936031973521        3
        4 H      2.644286207199     0.226355174653     0.990190033106        4
        5 H      2.499846880594     3.568910302688     0.954058469605        5
        6 H     -1.383986280752     0.399871717136    -0.848037275112        6
     ==============================================================================


  :: Molecular system specifications (MM)
  ==========================================

     Force Field:  non-polarizable

     Number of MM atoms:                   2
     Number of MM molecules:               1

    ====================================================================
                        MM Geometry (Å) and Parameters
    ====================================================================
    Atom    Mol             X          Y          Z            Charge
    ====================================================================
      H       1        -2.421906   1.017728   0.009910        1.000000
      H       1        -3.421849   1.026986   0.015151       -1.000000
    ====================================================================


  :: RHF wavefunction
  ======================

  This is a QM/MM calculation

     Electrostatic Embedding:

     Each atom of the MM portion is endowed with a charge which value 
     is a fixed external parameter.

     The QM/MM electrostatic interaction energy is defined as:

        E^ele_QM/MM = sum_i q_i * V_i(P)

     where V_i(P) is the electrostatic potential due to the QM density 
     calculated at the position of the i-th charge q_i.

     For further details, see:
     Senn & Thiel, Angew. Chem. Int. Ed., 2009, 48, 1198−1229


  - Cholesky decomposition of AO overlap to get linearly independent orbitals:

  - Orbital details:

     Number of occupied orbitals:         9
     Number of virtual orbitals:         63
     Number of molecular orbitals:       72
     Number of atomic orbitals:          72


  :: Hartree-Fock engine
  =========================

  Drives the calculation of the Hartree-Fock state.

  This is a RHF ground state calculation.
  The following tasks will be performed:

     1) Generate initial SAD density
     2) Calculation of reference state (SCF-DIIS algorithm)


  1) Generate initial SAD density


  2) Calculation of reference state (SCF-DIIS algorithm)

   - Self-consistent field DIIS Hartree-Fock solver
  ----------------------------------------------------

  A DIIS-accelerated Roothan-Hall self-consistent field solver. A least-square 
  DIIS fit is performed on the previous Fock matrices and associated gradients. 
  Following the Roothan-Hall update of the density, the DIIS-fitted Fock 
  matrix is used to get the next orbital coefficients.

  - Hartree-Fock solver settings:

     DIIS dimension:                         8
     Cumulative Fock threshold:       0.10E+01

     Energy threshold:              0.1000E-05
     Gradient threshold:            0.1000E-05

     Coulomb screening threshold:   0.1000E-11
     Exchange screening threshold:  0.1000E-09
     Fock precision:                0.1000E-23
     Integral cutoff:               0.1000E-11

  - Setting initial AO density to SAD

     Energy of initial guess:              -115.815051294465
     Number of electrons in guess:           18.000000000000

  Iteration       Energy (a.u.)      Max(grad.)    Delta E (a.u.)
  ---------------------------------------------------------------
     1          -115.571125560241     0.8986E-01     0.1156E+03
     2          -115.610643702648     0.7392E-01     0.3952E-01
     3          -115.626796251377     0.7182E-02     0.1615E-01
     4          -115.627322411682     0.7144E-03     0.5262E-03
     5          -115.627335209680     0.1443E-03     0.1280E-04
     6          -115.627336004587     0.3756E-04     0.7949E-06
     7          -115.627336041407     0.8486E-05     0.3682E-07
     8          -115.627336043200     0.2113E-05     0.1793E-08
     9          -115.627336043279     0.5115E-06     0.7942E-10
  ---------------------------------------------------------------
  Convergence criterion met in 9 iterations!

  - Summary of RHF wavefunction energetics (a.u.):

     HOMO-LUMO gap:                  0.534265037795
     Nuclear repulsion energy:      40.902089770177
     Electronic energy:           -156.529425813456
     Total energy:                -115.627336043279

  - Summary of QM/MM energetics:
                                         a.u.             eV     kcal/mol
     QM/MM SCF Contribution:        -1.108902827238
     QM/MM Electrostatic Energy:    -0.024419865831    -0.66450   -15.324

  - Molecular orbital energies

  -----------------------------------------------------------------------------------
   1 -20.626726829243  19   0.241211993477  37   1.188056774265  55   2.750591314986
   2 -11.319248647181  20   0.258096782651  38   1.316577411182  56   2.807693501866
   3  -1.428627195805  21   0.266145428471  39   1.388757540595  57   2.810307037199
   4  -0.979187439453  22   0.274917557371  40   1.556829782306  58   2.937907786144
   5  -0.753558893840  23   0.286004861843  41   1.613389114151  59   3.159863436105
   6  -0.672707592964  24   0.322788235978  42   1.673939453234  60   3.289295132179
   7  -0.659802443962  25   0.351522214370  43   1.737326200018  61   3.400345298191
   8  -0.560753086814  26   0.432997404634  44   1.763762316294  62   3.528718968485
   9  -0.511895505062  27   0.529411563880  45   1.770931453086  63   3.616687721047
  10   0.022369532733  28   0.541795595526  46   1.915695522593  64   4.082475952156
  11   0.043034465570  29   0.660203161835  47   1.923281944173  65   4.143835828037
  12   0.057102056860  30   0.734055174566  48   2.026040135914  66   4.270985921448
  13   0.062495649964  31   0.808207510484  49   2.250133756919  67   4.369230149947
  14   0.111721114167  32   0.814767613785  50   2.291736859762  68   5.498118333549
  15   0.123341722947  33   0.835874371740  51   2.376388010846  69   5.844123097523
  16   0.137910329272  34   1.024634184209  52   2.466805757813  70   6.147564129811
  17   0.158683371901  35   1.137829538526  53   2.655167406739  71  25.025759188995
  18   0.175172529423  36   1.184008754470  54   2.717811438957  72  51.531712214197
  -----------------------------------------------------------------------------------

  - Timings for the RHF ground state calculation

     Total wall time (sec):              3.20700
     Total cpu time (sec):             156.89445

  eT terminated successfully!
