
  Preparation of molecular system (Libint)
  wall time (sec):                 0.00
  cpu time (sec):                  0.00
  cpu/wall ratio:                  1.50

  Preparation of molecular system (total)
  wall time (sec):                 0.11
  cpu time (sec):                  1.40
  cpu/wall ratio:                 13.10

  Cholesky decomposition of AO overlap
  wall time (sec):                 0.00
  cpu time (sec):                  0.21
  cpu/wall ratio:                 52.24


  :: Hartree-Fock engine
  =========================


  1) Generate initial SAD density

  SAD generation time
  wall time (sec):                 0.48
  cpu time (sec):                 21.07
  cpu/wall ratio:                 44.36


  2) Calculation of reference state (SCF-DIIS algorithm)

  AO Fock construction
  wall time (sec):                 0.07
  cpu time (sec):                  3.91
  cpu/wall ratio:                 52.09

  AO Fock construction
  wall time (sec):                 0.09
  cpu time (sec):                  4.66
  cpu/wall ratio:                 52.34

  AO Fock construction
  wall time (sec):                 0.09
  cpu time (sec):                  4.73
  cpu/wall ratio:                 53.10

  SCF DIIS iteration time
  wall time (sec):                 0.28
  cpu time (sec):                 14.28
  cpu/wall ratio:                 50.30

  AO Fock construction
  wall time (sec):                 0.08
  cpu time (sec):                  4.02
  cpu/wall ratio:                 51.48

  SCF DIIS iteration time
  wall time (sec):                 0.21
  cpu time (sec):                 10.03
  cpu/wall ratio:                 48.24

  AO Fock construction
  wall time (sec):                 0.17
  cpu time (sec):                  8.99
  cpu/wall ratio:                 53.83

  SCF DIIS iteration time
  wall time (sec):                 0.49
  cpu time (sec):                 25.84
  cpu/wall ratio:                 52.63

  AO Fock construction
  wall time (sec):                 0.04
  cpu time (sec):                  1.85
  cpu/wall ratio:                 48.72

  SCF DIIS iteration time
  wall time (sec):                 0.28
  cpu time (sec):                 13.93
  cpu/wall ratio:                 50.12

  AO Fock construction
  wall time (sec):                 0.07
  cpu time (sec):                  3.63
  cpu/wall ratio:                 51.83

  SCF DIIS iteration time
  wall time (sec):                 0.19
  cpu time (sec):                  9.17
  cpu/wall ratio:                 48.52

  AO Fock construction
  wall time (sec):                 0.10
  cpu time (sec):                  5.24
  cpu/wall ratio:                 52.93

  SCF DIIS iteration time
  wall time (sec):                 0.25
  cpu time (sec):                 12.85
  cpu/wall ratio:                 50.77

  AO Fock construction
  wall time (sec):                 0.09
  cpu time (sec):                  4.68
  cpu/wall ratio:                 52.58

  SCF DIIS iteration time
  wall time (sec):                 0.17
  cpu time (sec):                  8.24
  cpu/wall ratio:                 48.48

  AO Fock construction
  wall time (sec):                 0.05
  cpu time (sec):                  2.49
  cpu/wall ratio:                 50.89

  SCF DIIS iteration time
  wall time (sec):                 0.40
  cpu time (sec):                 20.96
  cpu/wall ratio:                 52.15

  SCF DIIS iteration time
  wall time (sec):                 0.00
  cpu time (sec):                  0.05
  cpu/wall ratio:                 54.56

  SCF DIIS solver time
  wall time (sec):                 2.73
  cpu time (sec):                138.14
  cpu/wall ratio:                 50.60

  Hartree-Fock engine
  wall time (sec):                 3.21
  cpu time (sec):                159.22
  cpu/wall ratio:                 49.68


  :: Total time
  ================

  Total time in eT
  wall time (sec):                 3.35
  cpu time (sec):                162.49
  cpu/wall ratio:                 48.46
