


                     eT - an electronic structure program

  ------------------------------------------------------------------------
   Author list in alphabetical order:
  ------------------------------------------------------------------------
   J. H. Andersen, A. Balbi, S. Coriani, S. D. Folkestad, T. Giovannini, 
   L. Goletto, T. S. Haugland, A. Hutcheson, I-M. Høyvik, E. F. Kjønstad, 
   H. Koch, T. Moitra, R. H. Myhre, A. C. Paul, M. Scavino, A. Skeidsvoll, 
   Å. H. Tveten
  ------------------------------------------------------------------------


  :: Input file
  ================

     Note: geometry section is excluded from this print

     system
        name: methanol scan 4.75
        charge: 0
     end system

     do
       ground state
     end do

     memory
        available: 8
     end memory

     solver scf
        algorithm: scf-diis
     end solver scf

     molecular mechanics
        forcefield: non-polarizable
     end molecular mechanics

     method
        hf
     end method


  Running on 56 OMP thread(s)
  Memory available for calculation: 8.000000 GB


  :: Molecular system specifications (QM)
  ==========================================

     Name:             methanol scan 4.75
     Charge:           0
     Multiplicity:     1
     Coordinate units: angstrom

     Pure basis functions:         72
     Cartesian basis functions:    74
     Primitive basis functions:   108

     Nuclear repulsion energy (a.u.):             40.346784236152
     Bohr/angstrom value (CODATA 2010):            0.529177210920

     ==============================================================================
                                     Geometry (angstrom)
     ==============================================================================
        Atom           X                  Y                  Z         # in input
     ==============================================================================
        Basis: 6-311++g**
        1 C      0.997897000000     0.986064000000    -0.008014000000        1
        2 O     -0.422019000000     0.999211000000    -0.000572000000        2
        3 H      1.399338000000     0.999753000000    -1.024504000000        3
        4 H      1.399296000000     0.119782000000     0.523986000000        4
        5 H      1.322862000000     1.888586000000     0.504866000000        5
        6 H     -0.732374000000     0.211603000000    -0.448762000000        6
     ==============================================================================

     ==============================================================================
                                     Geometry (a.u.)
     ==============================================================================
        Atom           X                  Y                  Z         # in input
     ==============================================================================
        Basis: 6-311++g**
        1 C      1.885752030525     1.863390901293    -0.015144265162        1
        2 O     -0.797500329363     1.888235130653    -0.001080923343        2
        3 H      2.644365575697     1.889259362212    -1.936031973521        3
        4 H      2.644286207199     0.226355174653     0.990190033106        4
        5 H      2.499846880594     3.568910302688     0.954058469605        5
        6 H     -1.383986280752     0.399871717136    -0.848037275112        6
     ==============================================================================


  :: Molecular system specifications (MM)
  ==========================================

     Force Field:  non-polarizable

     Number of MM atoms:                   2
     Number of MM molecules:               1

    ====================================================================
                        MM Geometry (Å) and Parameters
    ====================================================================
    Atom    Mol             X          Y          Z            Charge
    ====================================================================
      H       1        -5.171751   1.043189   0.024322        1.000000
      H       1        -6.171694   1.052447   0.029563       -1.000000
    ====================================================================


  :: RHF wavefunction
  ======================

  This is a QM/MM calculation

     Electrostatic Embedding:

     Each atom of the MM portion is endowed with a charge which value 
     is a fixed external parameter.

     The QM/MM electrostatic interaction energy is defined as:

        E^ele_QM/MM = sum_i q_i * V_i(P)

     where V_i(P) is the electrostatic potential due to the QM density 
     calculated at the position of the i-th charge q_i.

     For further details, see:
     Senn & Thiel, Angew. Chem. Int. Ed., 2009, 48, 1198−1229


  - Cholesky decomposition of AO overlap to get linearly independent orbitals:

  - Orbital details:

     Number of occupied orbitals:         9
     Number of virtual orbitals:         63
     Number of molecular orbitals:       72
     Number of atomic orbitals:          72


  :: Hartree-Fock engine
  =========================

  Drives the calculation of the Hartree-Fock state.

  This is a RHF ground state calculation.
  The following tasks will be performed:

     1) Generate initial SAD density
     2) Calculation of reference state (SCF-DIIS algorithm)


  1) Generate initial SAD density


  2) Calculation of reference state (SCF-DIIS algorithm)

   - Self-consistent field DIIS Hartree-Fock solver
  ----------------------------------------------------

  A DIIS-accelerated Roothan-Hall self-consistent field solver. A least-square 
  DIIS fit is performed on the previous Fock matrices and associated gradients. 
  Following the Roothan-Hall update of the density, the DIIS-fitted Fock 
  matrix is used to get the next orbital coefficients.

  - Hartree-Fock solver settings:

     DIIS dimension:                         8
     Cumulative Fock threshold:       0.10E+01

     Energy threshold:              0.1000E-05
     Gradient threshold:            0.1000E-05

     Coulomb screening threshold:   0.1000E-11
     Exchange screening threshold:  0.1000E-09
     Fock precision:                0.1000E-23
     Integral cutoff:               0.1000E-11

  - Setting initial AO density to SAD

     Energy of initial guess:              -115.818423377262
     Number of electrons in guess:           18.000000000000

  Iteration       Energy (a.u.)      Max(grad.)    Delta E (a.u.)
  ---------------------------------------------------------------
     1          -115.558675849212     0.8511E-01     0.1156E+03
     2          -115.595538443720     0.6955E-01     0.3686E-01
     3          -115.610050745205     0.7688E-02     0.1451E-01
     4          -115.610587605083     0.6556E-03     0.5369E-03
     5          -115.610601125035     0.1996E-03     0.1352E-04
     6          -115.610602065939     0.5511E-04     0.9409E-06
     7          -115.610602136662     0.1486E-04     0.7072E-07
     8          -115.610602143121     0.3977E-05     0.6459E-08
     9          -115.610602143351     0.5963E-06     0.2297E-09
  ---------------------------------------------------------------
  Convergence criterion met in 9 iterations!

  - Summary of RHF wavefunction energetics (a.u.):

     HOMO-LUMO gap:                  0.492759265247
     Nuclear repulsion energy:      40.096259655394
     Electronic energy:           -155.706861798745
     Total energy:                -115.610602143351

  - Summary of QM/MM energetics:
                                         a.u.             eV     kcal/mol
     QM/MM SCF Contribution:        -0.280377631684
     QM/MM Electrostatic Energy:    -0.001724785061    -0.04693    -1.082

  - Molecular orbital energies

  -----------------------------------------------------------------------------------
   1 -20.574871812696  19   0.263650223620  37   1.268017865402  55   2.776471849373
   2 -11.286323209554  20   0.284214197502  38   1.359339623301  56   2.836999227669
   3  -1.376616872506  21   0.285117991350  39   1.431866406325  57   2.840427801189
   4  -0.941859841693  22   0.295234015716  40   1.605055444123  58   2.974370493915
   5  -0.708662118061  23   0.312267600293  41   1.663934835862  59   3.189507493091
   6  -0.635730137577  24   0.339097460648  42   1.699082905189  60   3.332644130347
   7  -0.610017594601  25   0.379183753817  43   1.777451603464  61   3.450561735945
   8  -0.519601155597  26   0.463241543598  44   1.791509757250  62   3.580974700163
   9  -0.467666291611  27   0.551977082430  45   1.800566533138  63   3.668429779309
  10   0.025092973635  28   0.565173917178  46   1.946608832797  64   4.120896898524
  11   0.046103017791  29   0.694409102392  47   1.954356903078  65   4.175150929077
  12   0.064848812882  30   0.763236011440  48   2.065536253784  66   4.314439402740
  13   0.070886771427  31   0.833636470184  49   2.284257910308  67   4.426529640180
  14   0.113321189985  32   0.841056658158  50   2.328885730161  68   5.549601057087
  15   0.133980509250  33   0.862959209738  51   2.405929603084  69   5.897707628090
  16   0.149317512875  34   1.054018531798  52   2.503010623212  70   6.200648239250
  17   0.174247490445  35   1.175175719064  53   2.696443466217  71  25.058483346272
  18   0.261390945709  36   1.221312942543  54   2.744833549012  72  51.583622742784
  -----------------------------------------------------------------------------------

  - Timings for the RHF ground state calculation

     Total wall time (sec):              3.20500
     Total cpu time (sec):             159.21810

  eT terminated successfully!
