
  Preparation of molecular system (Libint)
  wall time (sec):                 0.00
  cpu time (sec):                  0.00
  cpu/wall ratio:                  1.52

  Preparation of molecular system (total)
  wall time (sec):                 0.11
  cpu time (sec):                  1.54
  cpu/wall ratio:                 13.91

  Cholesky decomposition of AO overlap
  wall time (sec):                 0.00
  cpu time (sec):                  0.21
  cpu/wall ratio:                 52.38


  :: Hartree-Fock engine
  =========================


  1) Generate initial SAD density

  SAD generation time
  wall time (sec):                 0.50
  cpu time (sec):                 21.86
  cpu/wall ratio:                 43.54


  2) Calculation of reference state (SCF-DIIS algorithm)

  AO Fock construction
  wall time (sec):                 0.08
  cpu time (sec):                  4.39
  cpu/wall ratio:                 52.83

  AO Fock construction
  wall time (sec):                 0.04
  cpu time (sec):                  1.82
  cpu/wall ratio:                 50.52

  AO Fock construction
  wall time (sec):                 0.06
  cpu time (sec):                  3.05
  cpu/wall ratio:                 51.77

  SCF DIIS iteration time
  wall time (sec):                 0.28
  cpu time (sec):                 13.98
  cpu/wall ratio:                 50.30

  AO Fock construction
  wall time (sec):                 0.08
  cpu time (sec):                  4.27
  cpu/wall ratio:                 52.11

  SCF DIIS iteration time
  wall time (sec):                 0.43
  cpu time (sec):                 22.61
  cpu/wall ratio:                 52.21

  AO Fock construction
  wall time (sec):                 0.12
  cpu time (sec):                  6.56
  cpu/wall ratio:                 52.92

  SCF DIIS iteration time
  wall time (sec):                 0.42
  cpu time (sec):                 21.76
  cpu/wall ratio:                 51.94

  AO Fock construction
  wall time (sec):                 0.13
  cpu time (sec):                  6.55
  cpu/wall ratio:                 51.99

  SCF DIIS iteration time
  wall time (sec):                 0.26
  cpu time (sec):                 12.93
  cpu/wall ratio:                 49.54

  AO Fock construction
  wall time (sec):                 0.05
  cpu time (sec):                  2.50
  cpu/wall ratio:                 51.11

  SCF DIIS iteration time
  wall time (sec):                 0.19
  cpu time (sec):                  9.20
  cpu/wall ratio:                 48.95

  AO Fock construction
  wall time (sec):                 0.05
  cpu time (sec):                  2.45
  cpu/wall ratio:                 51.02

  SCF DIIS iteration time
  wall time (sec):                 0.28
  cpu time (sec):                 14.22
  cpu/wall ratio:                 51.34

  AO Fock construction
  wall time (sec):                 0.16
  cpu time (sec):                  8.62
  cpu/wall ratio:                 53.56

  SCF DIIS iteration time
  wall time (sec):                 0.41
  cpu time (sec):                 21.36
  cpu/wall ratio:                 52.23

  AO Fock construction
  wall time (sec):                 0.06
  cpu time (sec):                  3.14
  cpu/wall ratio:                 51.40

  SCF DIIS iteration time
  wall time (sec):                 0.16
  cpu time (sec):                  7.91
  cpu/wall ratio:                 48.21

  SCF DIIS iteration time
  wall time (sec):                 0.00
  cpu time (sec):                  0.06
  cpu/wall ratio:                 55.50

  SCF DIIS solver time
  wall time (sec):                 2.79
  cpu time (sec):                141.90
  cpu/wall ratio:                 50.90

  Hartree-Fock engine
  wall time (sec):                 3.29
  cpu time (sec):                163.76
  cpu/wall ratio:                 49.76


  :: Total time
  ================

  Total time in eT
  wall time (sec):                 3.44
  cpu time (sec):                167.23
  cpu/wall ratio:                 48.54
