


                     eT - an electronic structure program

  ------------------------------------------------------------------------
   Author list in alphabetical order:
  ------------------------------------------------------------------------
   J. H. Andersen, A. Balbi, S. Coriani, S. D. Folkestad, T. Giovannini, 
   L. Goletto, T. S. Haugland, A. Hutcheson, I-M. Høyvik, E. F. Kjønstad, 
   H. Koch, T. Moitra, R. H. Myhre, A. C. Paul, M. Scavino, A. Skeidsvoll, 
   Å. H. Tveten
  ------------------------------------------------------------------------


  :: Input file
  ================

     Note: geometry section is excluded from this print

     system
        name: methanol scan 7.50
        charge: 0
     end system

     do
       ground state
     end do

     memory
        available: 8
     end memory

     solver scf
        algorithm: scf-diis
     end solver scf

     molecular mechanics
        forcefield: non-polarizable
     end molecular mechanics

     method
        hf
     end method


  Running on 56 OMP thread(s)
  Memory available for calculation: 8.000000 GB


  :: Molecular system specifications (QM)
  ==========================================

     Name:             methanol scan 7.50
     Charge:           0
     Multiplicity:     1
     Coordinate units: angstrom

     Pure basis functions:         72
     Cartesian basis functions:    74
     Primitive basis functions:   108

     Nuclear repulsion energy (a.u.):             40.346784236152
     Bohr/angstrom value (CODATA 2010):            0.529177210920

     ==============================================================================
                                     Geometry (angstrom)
     ==============================================================================
        Atom           X                  Y                  Z         # in input
     ==============================================================================
        Basis: 6-311++g**
        1 C      0.997897000000     0.986064000000    -0.008014000000        1
        2 O     -0.422019000000     0.999211000000    -0.000572000000        2
        3 H      1.399338000000     0.999753000000    -1.024504000000        3
        4 H      1.399296000000     0.119782000000     0.523986000000        4
        5 H      1.322862000000     1.888586000000     0.504866000000        5
        6 H     -0.732374000000     0.211603000000    -0.448762000000        6
     ==============================================================================

     ==============================================================================
                                     Geometry (a.u.)
     ==============================================================================
        Atom           X                  Y                  Z         # in input
     ==============================================================================
        Basis: 6-311++g**
        1 C      1.885752030525     1.863390901293    -0.015144265162        1
        2 O     -0.797500329363     1.888235130653    -0.001080923343        2
        3 H      2.644365575697     1.889259362212    -1.936031973521        3
        4 H      2.644286207199     0.226355174653     0.990190033106        4
        5 H      2.499846880594     3.568910302688     0.954058469605        5
        6 H     -1.383986280752     0.399871717136    -0.848037275112        6
     ==============================================================================


  :: Molecular system specifications (MM)
  ==========================================

     Force Field:  non-polarizable

     Number of MM atoms:                   2
     Number of MM molecules:               1

    ====================================================================
                        MM Geometry (Å) and Parameters
    ====================================================================
    Atom    Mol             X          Y          Z            Charge
    ====================================================================
      H       1        -7.921595   1.068650   0.038734        1.000000
      H       1        -8.921538   1.077908   0.043975       -1.000000
    ====================================================================


  :: RHF wavefunction
  ======================

  This is a QM/MM calculation

     Electrostatic Embedding:

     Each atom of the MM portion is endowed with a charge which value 
     is a fixed external parameter.

     The QM/MM electrostatic interaction energy is defined as:

        E^ele_QM/MM = sum_i q_i * V_i(P)

     where V_i(P) is the electrostatic potential due to the QM density 
     calculated at the position of the i-th charge q_i.

     For further details, see:
     Senn & Thiel, Angew. Chem. Int. Ed., 2009, 48, 1198−1229


  - Cholesky decomposition of AO overlap to get linearly independent orbitals:

  - Orbital details:

     Number of occupied orbitals:         9
     Number of virtual orbitals:         63
     Number of molecular orbitals:       72
     Number of atomic orbitals:          72


  :: Hartree-Fock engine
  =========================

  Drives the calculation of the Hartree-Fock state.

  This is a RHF ground state calculation.
  The following tasks will be performed:

     1) Generate initial SAD density
     2) Calculation of reference state (SCF-DIIS algorithm)


  1) Generate initial SAD density


  2) Calculation of reference state (SCF-DIIS algorithm)

   - Self-consistent field DIIS Hartree-Fock solver
  ----------------------------------------------------

  A DIIS-accelerated Roothan-Hall self-consistent field solver. A least-square 
  DIIS fit is performed on the previous Fock matrices and associated gradients. 
  Following the Roothan-Hall update of the density, the DIIS-fitted Fock 
  matrix is used to get the next orbital coefficients.

  - Hartree-Fock solver settings:

     DIIS dimension:                         8
     Cumulative Fock threshold:       0.10E+01

     Energy threshold:              0.1000E-05
     Gradient threshold:            0.1000E-05

     Coulomb screening threshold:   0.1000E-11
     Exchange screening threshold:  0.1000E-09
     Fock precision:                0.1000E-23
     Integral cutoff:               0.1000E-11

  - Setting initial AO density to SAD

     Energy of initial guess:              -115.818423419698
     Number of electrons in guess:           18.000000000000

  Iteration       Energy (a.u.)      Max(grad.)    Delta E (a.u.)
  ---------------------------------------------------------------
     1          -115.557910074434     0.8455E-01     0.1156E+03
     2          -115.594549854594     0.6910E-01     0.3664E-01
     3          -115.608874516607     0.7800E-02     0.1432E-01
     4          -115.609412217074     0.6579E-03     0.5377E-03
     5          -115.609425884795     0.2155E-03     0.1367E-04
     6          -115.609426851117     0.5897E-04     0.9663E-06
     7          -115.609426927397     0.1537E-04     0.7628E-07
     8          -115.609426934207     0.4153E-05     0.6810E-08
     9          -115.609426934440     0.6250E-06     0.2331E-09
  ---------------------------------------------------------------
  Convergence criterion met in 9 iterations!

  - Summary of RHF wavefunction energetics (a.u.):

     HOMO-LUMO gap:                  0.492198232414
     Nuclear repulsion energy:      39.944992568692
     Electronic energy:           -155.554419503132
     Total energy:                -115.609426934440

  - Summary of QM/MM energetics:
                                         a.u.             eV     kcal/mol
     QM/MM SCF Contribution:        -0.127867198070
     QM/MM Electrostatic Energy:    -0.000481438148    -0.01310    -0.302

  - Molecular orbital energies

  -----------------------------------------------------------------------------------
   1 -20.565341267881  19   0.279040243642  37   1.280724799798  55   2.782412697049
   2 -11.279713545168  20   0.291081337350  38   1.368311717565  56   2.843387685766
   3  -1.367266259806  21   0.291196970474  39   1.440517011764  57   2.846853419685
   4  -0.934681169643  22   0.303140830016  40   1.614738657643  58   2.982122332544
   5  -0.700141396205  23   0.321763937255  41   1.672962153017  59   3.195937867992
   6  -0.628367616771  24   0.345236015067  42   1.704907428731  60   3.340714207561
   7  -0.601611370267  25   0.387285257275  43   1.785464409034  61   3.459881902720
   8  -0.511501016091  26   0.470855958104  44   1.797829222074  62   3.590363971953
   9  -0.459132018766  27   0.558146724271  45   1.807351490994  63   3.677661584249
  10   0.033066213648  28   0.571105873289  46   1.953249701164  64   4.128622701716
  11   0.056003693190  29   0.704635697264  47   1.961089860931  65   4.181735395853
  12   0.068067858120  30   0.769666733857  48   2.073231604152  66   4.322863286205
  13   0.075348171059  31   0.839500407479  49   2.291278961346  67   4.436064431199
  14   0.120433556903  32   0.847334451310  50   2.337141808642  68   5.559238854836
  15   0.140076575098  33   0.869538981918  51   2.412367057379  69   5.907373205090
  16   0.153850846676  34   1.061044620654  52   2.510712886757  70   6.210171644758
  17   0.178325497522  35   1.183164458127  53   2.704705104946  71  25.065085487474
  18   0.272317131516  36   1.228649369547  54   2.750908178233  72  51.593156415380
  -----------------------------------------------------------------------------------

  - Timings for the RHF ground state calculation

     Total wall time (sec):              3.14200
     Total cpu time (sec):             153.89503

  eT terminated successfully!
