
  Preparation of molecular system (Libint)
  wall time (sec):                 0.00
  cpu time (sec):                  0.00
  cpu/wall ratio:                  0.74

  Preparation of molecular system (total)
  wall time (sec):                 0.10
  cpu time (sec):                  0.74
  cpu/wall ratio:                  7.62

  Cholesky decomposition of AO overlap
  wall time (sec):                 0.00
  cpu time (sec):                  0.21
  cpu/wall ratio:                 51.43


  :: Hartree-Fock engine
  =========================


  1) Generate initial SAD density

  SAD generation time
  wall time (sec):                 0.41
  cpu time (sec):                 17.73
  cpu/wall ratio:                 43.25


  2) Calculation of reference state (SCF-DIIS algorithm)

  AO Fock construction
  wall time (sec):                 0.05
  cpu time (sec):                  2.46
  cpu/wall ratio:                 52.27

  AO Fock construction
  wall time (sec):                 0.09
  cpu time (sec):                  4.91
  cpu/wall ratio:                 53.40

  AO Fock construction
  wall time (sec):                 0.09
  cpu time (sec):                  4.84
  cpu/wall ratio:                 52.64

  SCF DIIS iteration time
  wall time (sec):                 0.28
  cpu time (sec):                 13.57
  cpu/wall ratio:                 49.16

  AO Fock construction
  wall time (sec):                 0.08
  cpu time (sec):                  4.40
  cpu/wall ratio:                 52.34

  SCF DIIS iteration time
  wall time (sec):                 0.26
  cpu time (sec):                 12.91
  cpu/wall ratio:                 49.85

  AO Fock construction
  wall time (sec):                 0.05
  cpu time (sec):                  2.65
  cpu/wall ratio:                 49.93

  SCF DIIS iteration time
  wall time (sec):                 0.18
  cpu time (sec):                  8.80
  cpu/wall ratio:                 47.84

  AO Fock construction
  wall time (sec):                 0.18
  cpu time (sec):                  9.80
  cpu/wall ratio:                 53.53

  SCF DIIS iteration time
  wall time (sec):                 0.36
  cpu time (sec):                 18.47
  cpu/wall ratio:                 51.74

  AO Fock construction
  wall time (sec):                 0.04
  cpu time (sec):                  1.84
  cpu/wall ratio:                 49.81

  SCF DIIS iteration time
  wall time (sec):                 0.22
  cpu time (sec):                 11.15
  cpu/wall ratio:                 50.22

  AO Fock construction
  wall time (sec):                 0.05
  cpu time (sec):                  2.70
  cpu/wall ratio:                 51.04

  SCF DIIS iteration time
  wall time (sec):                 0.26
  cpu time (sec):                 13.22
  cpu/wall ratio:                 50.06

  AO Fock construction
  wall time (sec):                 0.11
  cpu time (sec):                  5.68
  cpu/wall ratio:                 53.13

  SCF DIIS iteration time
  wall time (sec):                 0.24
  cpu time (sec):                 12.22
  cpu/wall ratio:                 50.71

  AO Fock construction
  wall time (sec):                 0.16
  cpu time (sec):                  8.77
  cpu/wall ratio:                 53.83

  SCF DIIS iteration time
  wall time (sec):                 0.36
  cpu time (sec):                 18.85
  cpu/wall ratio:                 52.08

  SCF DIIS iteration time
  wall time (sec):                 0.00
  cpu time (sec):                  0.06
  cpu/wall ratio:                 55.75

  SCF DIIS solver time
  wall time (sec):                 2.58
  cpu time (sec):                129.75
  cpu/wall ratio:                 50.39

  Hartree-Fock engine
  wall time (sec):                 2.99
  cpu time (sec):                147.48
  cpu/wall ratio:                 49.41


  :: Total time
  ================

  Total time in eT
  wall time (sec):                 3.11
  cpu time (sec):                149.82
  cpu/wall ratio:                 48.10
