


                     eT - an electronic structure program

  ------------------------------------------------------------------------
   Author list in alphabetical order:
  ------------------------------------------------------------------------
   J. H. Andersen, A. Balbi, S. Coriani, S. D. Folkestad, T. Giovannini, 
   L. Goletto, T. S. Haugland, A. Hutcheson, I-M. Høyvik, E. F. Kjønstad, 
   H. Koch, T. Moitra, R. H. Myhre, A. C. Paul, M. Scavino, A. Skeidsvoll, 
   Å. H. Tveten
  ------------------------------------------------------------------------


  :: Input file
  ================

     Note: geometry section is excluded from this print

     system
        name: methanol scan 10.00
        charge: 0
     end system

     do
       ground state
     end do

     memory
        available: 8
     end memory

     solver scf
        algorithm: scf-diis
     end solver scf

     molecular mechanics
        forcefield: non-polarizable
     end molecular mechanics

     method
        hf
     end method


  Running on 56 OMP thread(s)
  Memory available for calculation: 8.000000 GB


  :: Molecular system specifications (QM)
  ==========================================

     Name:             methanol scan 10.00
     Charge:           0
     Multiplicity:     1
     Coordinate units: angstrom

     Pure basis functions:         72
     Cartesian basis functions:    74
     Primitive basis functions:   108

     Nuclear repulsion energy (a.u.):             40.346784236152
     Bohr/angstrom value (CODATA 2010):            0.529177210920

     ==============================================================================
                                     Geometry (angstrom)
     ==============================================================================
        Atom           X                  Y                  Z         # in input
     ==============================================================================
        Basis: 6-311++g**
        1 C      0.997897000000     0.986064000000    -0.008014000000        1
        2 O     -0.422019000000     0.999211000000    -0.000572000000        2
        3 H      1.399338000000     0.999753000000    -1.024504000000        3
        4 H      1.399296000000     0.119782000000     0.523986000000        4
        5 H      1.322862000000     1.888586000000     0.504866000000        5
        6 H     -0.732374000000     0.211603000000    -0.448762000000        6
     ==============================================================================

     ==============================================================================
                                     Geometry (a.u.)
     ==============================================================================
        Atom           X                  Y                  Z         # in input
     ==============================================================================
        Basis: 6-311++g**
        1 C      1.885752030525     1.863390901293    -0.015144265162        1
        2 O     -0.797500329363     1.888235130653    -0.001080923343        2
        3 H      2.644365575697     1.889259362212    -1.936031973521        3
        4 H      2.644286207199     0.226355174653     0.990190033106        4
        5 H      2.499846880594     3.568910302688     0.954058469605        5
        6 H     -1.383986280752     0.399871717136    -0.848037275112        6
     ==============================================================================


  :: Molecular system specifications (MM)
  ==========================================

     Force Field:  non-polarizable

     Number of MM atoms:                   2
     Number of MM molecules:               1

    ====================================================================
                        MM Geometry (Å) and Parameters
    ====================================================================
    Atom    Mol             X          Y          Z            Charge
    ====================================================================
      H       1       -10.421453   1.091796   0.051837        1.000000
      H       1       -11.421397   1.101054   0.057077       -1.000000
    ====================================================================


  :: RHF wavefunction
  ======================

  This is a QM/MM calculation

     Electrostatic Embedding:

     Each atom of the MM portion is endowed with a charge which value 
     is a fixed external parameter.

     The QM/MM electrostatic interaction energy is defined as:

        E^ele_QM/MM = sum_i q_i * V_i(P)

     where V_i(P) is the electrostatic potential due to the QM density 
     calculated at the position of the i-th charge q_i.

     For further details, see:
     Senn & Thiel, Angew. Chem. Int. Ed., 2009, 48, 1198−1229


  - Cholesky decomposition of AO overlap to get linearly independent orbitals:

  - Orbital details:

     Number of occupied orbitals:         9
     Number of virtual orbitals:         63
     Number of molecular orbitals:       72
     Number of atomic orbitals:          72


  :: Hartree-Fock engine
  =========================

  Drives the calculation of the Hartree-Fock state.

  This is a RHF ground state calculation.
  The following tasks will be performed:

     1) Generate initial SAD density
     2) Calculation of reference state (SCF-DIIS algorithm)


  1) Generate initial SAD density


  2) Calculation of reference state (SCF-DIIS algorithm)

   - Self-consistent field DIIS Hartree-Fock solver
  ----------------------------------------------------

  A DIIS-accelerated Roothan-Hall self-consistent field solver. A least-square 
  DIIS fit is performed on the previous Fock matrices and associated gradients. 
  Following the Roothan-Hall update of the density, the DIIS-fitted Fock 
  matrix is used to get the next orbital coefficients.

  - Hartree-Fock solver settings:

     DIIS dimension:                         8
     Cumulative Fock threshold:       0.10E+01

     Energy threshold:              0.1000E-05
     Gradient threshold:            0.1000E-05

     Coulomb screening threshold:   0.1000E-11
     Exchange screening threshold:  0.1000E-09
     Fock precision:                0.1000E-23
     Integral cutoff:               0.1000E-11

  - Setting initial AO density to SAD

     Energy of initial guess:              -115.818422893325
     Number of electrons in guess:           18.000000000000

  Iteration       Energy (a.u.)      Max(grad.)    Delta E (a.u.)
  ---------------------------------------------------------------
     1          -115.557748768389     0.8441E-01     0.1156E+03
     2          -115.594335324828     0.6899E-01     0.3659E-01
     3          -115.608613211328     0.7828E-02     0.1428E-01
     4          -115.609151097504     0.6584E-03     0.5379E-03
     5          -115.609164799957     0.2193E-03     0.1370E-04
     6          -115.609165772265     0.5983E-04     0.9723E-06
     7          -115.609165849786     0.1547E-04     0.7752E-07
     8          -115.609165856673     0.4198E-05     0.6887E-08
     9          -115.609165856907     0.6326E-06     0.2343E-09
  ---------------------------------------------------------------
  Convergence criterion met in 9 iterations!

  - Summary of RHF wavefunction energetics (a.u.):

     HOMO-LUMO gap:                  0.491649446792
     Nuclear repulsion energy:      39.893926645130
     Electronic energy:           -155.503092502038
     Total energy:                -115.609165856907

  - Summary of QM/MM energetics:
                                         a.u.             eV     kcal/mol
     QM/MM SCF Contribution:        -0.076534792460
     QM/MM Electrostatic Energy:    -0.000215482474    -0.00586    -0.135

  - Molecular orbital energies

  -----------------------------------------------------------------------------------
   1 -20.562225561252  19   0.283326664134  37   1.284480190024  55   2.784621033194
   2 -11.277351653149  20   0.293376138891  38   1.371314583099  56   2.845708514962
   3  -1.364198080647  21   0.293438530456  39   1.443427866077  57   2.849179710489
   4  -0.932174681760  22   0.306092914156  40   1.617918336605  58   2.984800090456
   5  -0.697280835007  23   0.325020855552  41   1.675930317523  59   3.198264966690
   6  -0.625798718222  24   0.347535304750  42   1.707084683425  60   3.343444221009
   7  -0.598810096845  25   0.390116243040  43   1.788208589347  61   3.462945934130
   8  -0.508749573129  26   0.473536254906  44   1.800145995560  62   3.593437471413
   9  -0.456266976617  27   0.560449710954  45   1.809797836220  63   3.680687917182
  10   0.035382470175  28   0.573354797493  46   1.955630791027  64   4.131287655652
  11   0.059416867668  29   0.707932836246  47   1.963474839847  65   4.184100958261
  12   0.069557490826  30   0.771947984285  48   2.075869464311  66   4.325704625614
  13   0.077280849976  31   0.841688539442  49   2.293758068916  67   4.439135843857
  14   0.123120352098  32   0.849623134325  50   2.339957010283  68   5.562388935536
  15   0.142404089354  33   0.871905780544  51   2.414703348950  69   5.910515921270
  16   0.155787010721  34   1.063536533790  52   2.513384033431  70   6.213278382527
  17   0.180019127669  35   1.185925257803  53   2.707498347489  71  25.067446555706
  18   0.275740413007  36   1.231223510155  54   2.753140071823  72  51.596272808608
  -----------------------------------------------------------------------------------

  - Timings for the RHF ground state calculation

     Total wall time (sec):              3.66200
     Total cpu time (sec):             184.36216

  eT terminated successfully!
