


                     eT - an electronic structure program

  ------------------------------------------------------------------------
   Author list in alphabetical order:
  ------------------------------------------------------------------------
   J. H. Andersen, A. Balbi, S. Coriani, S. D. Folkestad, T. Giovannini, 
   L. Goletto, T. S. Haugland, A. Hutcheson, I-M. Høyvik, E. F. Kjønstad, 
   H. Koch, T. Moitra, R. H. Myhre, A. C. Paul, M. Scavino, A. Skeidsvoll, 
   Å. H. Tveten
  ------------------------------------------------------------------------


  :: Input file
  ================

     Note: geometry section is excluded from this print

     system
        name: methanol scan 7.25
        charge: 0
     end system

     do
       ground state
     end do

     memory
        available: 8
     end memory

     solver scf
        algorithm: scf-diis
     end solver scf

     molecular mechanics
        forcefield: non-polarizable
     end molecular mechanics

     method
        hf
     end method


  Running on 56 OMP thread(s)
  Memory available for calculation: 8.000000 GB


  :: Molecular system specifications (QM)
  ==========================================

     Name:             methanol scan 7.25
     Charge:           0
     Multiplicity:     1
     Coordinate units: angstrom

     Pure basis functions:         72
     Cartesian basis functions:    74
     Primitive basis functions:   108

     Nuclear repulsion energy (a.u.):             40.346784236152
     Bohr/angstrom value (CODATA 2010):            0.529177210920

     ==============================================================================
                                     Geometry (angstrom)
     ==============================================================================
        Atom           X                  Y                  Z         # in input
     ==============================================================================
        Basis: 6-311++g**
        1 C      0.997897000000     0.986064000000    -0.008014000000        1
        2 O     -0.422019000000     0.999211000000    -0.000572000000        2
        3 H      1.399338000000     0.999753000000    -1.024504000000        3
        4 H      1.399296000000     0.119782000000     0.523986000000        4
        5 H      1.322862000000     1.888586000000     0.504866000000        5
        6 H     -0.732374000000     0.211603000000    -0.448762000000        6
     ==============================================================================

     ==============================================================================
                                     Geometry (a.u.)
     ==============================================================================
        Atom           X                  Y                  Z         # in input
     ==============================================================================
        Basis: 6-311++g**
        1 C      1.885752030525     1.863390901293    -0.015144265162        1
        2 O     -0.797500329363     1.888235130653    -0.001080923343        2
        3 H      2.644365575697     1.889259362212    -1.936031973521        3
        4 H      2.644286207199     0.226355174653     0.990190033106        4
        5 H      2.499846880594     3.568910302688     0.954058469605        5
        6 H     -1.383986280752     0.399871717136    -0.848037275112        6
     ==============================================================================


  :: Molecular system specifications (MM)
  ==========================================

     Force Field:  non-polarizable

     Number of MM atoms:                   2
     Number of MM molecules:               1

    ====================================================================
                        MM Geometry (Å) and Parameters
    ====================================================================
    Atom    Mol             X          Y          Z            Charge
    ====================================================================
      H       1        -7.671609   1.066335   0.037424        1.000000
      H       1        -8.671553   1.075593   0.042665       -1.000000
    ====================================================================


  :: RHF wavefunction
  ======================

  This is a QM/MM calculation

     Electrostatic Embedding:

     Each atom of the MM portion is endowed with a charge which value 
     is a fixed external parameter.

     The QM/MM electrostatic interaction energy is defined as:

        E^ele_QM/MM = sum_i q_i * V_i(P)

     where V_i(P) is the electrostatic potential due to the QM density 
     calculated at the position of the i-th charge q_i.

     For further details, see:
     Senn & Thiel, Angew. Chem. Int. Ed., 2009, 48, 1198−1229


  - Cholesky decomposition of AO overlap to get linearly independent orbitals:

  - Orbital details:

     Number of occupied orbitals:         9
     Number of virtual orbitals:         63
     Number of molecular orbitals:       72
     Number of atomic orbitals:          72


  :: Hartree-Fock engine
  =========================

  Drives the calculation of the Hartree-Fock state.

  This is a RHF ground state calculation.
  The following tasks will be performed:

     1) Generate initial SAD density
     2) Calculation of reference state (SCF-DIIS algorithm)


  1) Generate initial SAD density


  2) Calculation of reference state (SCF-DIIS algorithm)

   - Self-consistent field DIIS Hartree-Fock solver
  ----------------------------------------------------

  A DIIS-accelerated Roothan-Hall self-consistent field solver. A least-square 
  DIIS fit is performed on the previous Fock matrices and associated gradients. 
  Following the Roothan-Hall update of the density, the DIIS-fitted Fock 
  matrix is used to get the next orbital coefficients.

  - Hartree-Fock solver settings:

     DIIS dimension:                         8
     Cumulative Fock threshold:       0.10E+01

     Energy threshold:              0.1000E-05
     Gradient threshold:            0.1000E-05

     Coulomb screening threshold:   0.1000E-11
     Exchange screening threshold:  0.1000E-09
     Fock precision:                0.1000E-23
     Integral cutoff:               0.1000E-11

  - Setting initial AO density to SAD

     Energy of initial guess:              -115.818422890549
     Number of electrons in guess:           18.000000000000

  Iteration       Energy (a.u.)      Max(grad.)    Delta E (a.u.)
  ---------------------------------------------------------------
     1          -115.557938628901     0.8457E-01     0.1156E+03
     2          -115.594587656464     0.6912E-01     0.3665E-01
     3          -115.608920346102     0.7795E-02     0.1433E-01
     4          -115.609458013694     0.6578E-03     0.5377E-03
     5          -115.609471675299     0.2148E-03     0.1366E-04
     6          -115.609472640569     0.5882E-04     0.9653E-06
     7          -115.609472716627     0.1535E-04     0.7606E-07
     8          -115.609472723423     0.4145E-05     0.6796E-08
     9          -115.609472723656     0.6237E-06     0.2329E-09
  ---------------------------------------------------------------
  Convergence criterion met in 9 iterations!

  - Summary of RHF wavefunction energetics (a.u.):

     HOMO-LUMO gap:                  0.492274998759
     Nuclear repulsion energy:      39.952795672447
     Electronic energy:           -155.562268396103
     Total energy:                -115.609472723656

  - Summary of QM/MM energetics:
                                         a.u.             eV     kcal/mol
     QM/MM SCF Contribution:        -0.135717444696
     QM/MM Electrostatic Energy:    -0.000529110166    -0.01440    -0.332

  - Molecular orbital energies

  -----------------------------------------------------------------------------------
   1 -20.565823001574  19   0.278339365806  37   1.280124749433  55   2.782086657567
   2 -11.280066684320  20   0.290734698147  38   1.367850585029  56   2.843042334867
   3  -1.367739842811  21   0.290865275185  39   1.440071270136  57   2.846506938869
   4  -0.935059085832  22   0.302696712129  40   1.614247105124  58   2.981716258955
   5  -0.700579293625  23   0.321262750814  41   1.672504733574  59   3.195591142410
   6  -0.628755341352  24   0.344895838585  42   1.704586644388  60   3.340297899455
   7  -0.602040534534  25   0.386852052264  43   1.785046951057  61   3.459409133820
   8  -0.511920463939  26   0.470450974689  44   1.797485314863  62   3.589889209709
   9  -0.459570714769  27   0.557805592112  45   1.806985780329  63   3.677194534700
  10   0.032704283990  28   0.570775413762  46   1.952893709763  64   4.128218613804
  11   0.055468785385  29   0.704122960950  47   1.960732223313  65   4.181382115048
  12   0.067863692599  30   0.769325156216  48   2.072831110893  66   4.322428899350
  13   0.075073640299  31   0.839177853606  49   2.290906436463  67   4.435588075586
  14   0.120025662232  32   0.846994408145  50   2.336712441770  68   5.558751574423
  15   0.139732804747  33   0.869185800918  51   2.412019251796  69   5.906886504500
  16   0.153576678704  34   1.060670010743  52   2.510308254750  70   6.209691108365
  17   0.178085114493  35   1.182745120380  53   2.704278320273  71  25.064732536277
  18   0.271781384394  36   1.228261162666  54   2.750577552687  72  51.592674560509
  -----------------------------------------------------------------------------------

  - Timings for the RHF ground state calculation

     Total wall time (sec):              2.63900
     Total cpu time (sec):             127.56002

  eT terminated successfully!
