


                     eT - an electronic structure program

  ------------------------------------------------------------------------
   Author list in alphabetical order:
  ------------------------------------------------------------------------
   J. H. Andersen, A. Balbi, S. Coriani, S. D. Folkestad, T. Giovannini, 
   L. Goletto, T. S. Haugland, A. Hutcheson, I-M. Høyvik, E. F. Kjønstad, 
   H. Koch, T. Moitra, R. H. Myhre, A. C. Paul, M. Scavino, A. Skeidsvoll, 
   Å. H. Tveten
  ------------------------------------------------------------------------


  :: Input file
  ================

     Note: geometry section is excluded from this print

     system
        name: methanol scan 6.00
        charge: 0
     end system

     do
       ground state
     end do

     memory
        available: 8
     end memory

     solver scf
        algorithm: scf-diis
     end solver scf

     molecular mechanics
        forcefield: non-polarizable
     end molecular mechanics

     method
        hf
     end method


  Running on 56 OMP thread(s)
  Memory available for calculation: 8.000000 GB


  :: Molecular system specifications (QM)
  ==========================================

     Name:             methanol scan 6.00
     Charge:           0
     Multiplicity:     1
     Coordinate units: angstrom

     Pure basis functions:         72
     Cartesian basis functions:    74
     Primitive basis functions:   108

     Nuclear repulsion energy (a.u.):             40.346784236152
     Bohr/angstrom value (CODATA 2010):            0.529177210920

     ==============================================================================
                                     Geometry (angstrom)
     ==============================================================================
        Atom           X                  Y                  Z         # in input
     ==============================================================================
        Basis: 6-311++g**
        1 C      0.997897000000     0.986064000000    -0.008014000000        1
        2 O     -0.422019000000     0.999211000000    -0.000572000000        2
        3 H      1.399338000000     0.999753000000    -1.024504000000        3
        4 H      1.399296000000     0.119782000000     0.523986000000        4
        5 H      1.322862000000     1.888586000000     0.504866000000        5
        6 H     -0.732374000000     0.211603000000    -0.448762000000        6
     ==============================================================================

     ==============================================================================
                                     Geometry (a.u.)
     ==============================================================================
        Atom           X                  Y                  Z         # in input
     ==============================================================================
        Basis: 6-311++g**
        1 C      1.885752030525     1.863390901293    -0.015144265162        1
        2 O     -0.797500329363     1.888235130653    -0.001080923343        2
        3 H      2.644365575697     1.889259362212    -1.936031973521        3
        4 H      2.644286207199     0.226355174653     0.990190033106        4
        5 H      2.499846880594     3.568910302688     0.954058469605        5
        6 H     -1.383986280752     0.399871717136    -0.848037275112        6
     ==============================================================================


  :: Molecular system specifications (MM)
  ==========================================

     Force Field:  non-polarizable

     Number of MM atoms:                   2
     Number of MM molecules:               1

    ====================================================================
                        MM Geometry (Å) and Parameters
    ====================================================================
    Atom    Mol             X          Y          Z            Charge
    ====================================================================
      H       1        -6.421679   1.054762   0.030873        1.000000
      H       1        -7.421623   1.064020   0.036114       -1.000000
    ====================================================================


  :: RHF wavefunction
  ======================

  This is a QM/MM calculation

     Electrostatic Embedding:

     Each atom of the MM portion is endowed with a charge which value 
     is a fixed external parameter.

     The QM/MM electrostatic interaction energy is defined as:

        E^ele_QM/MM = sum_i q_i * V_i(P)

     where V_i(P) is the electrostatic potential due to the QM density 
     calculated at the position of the i-th charge q_i.

     For further details, see:
     Senn & Thiel, Angew. Chem. Int. Ed., 2009, 48, 1198−1229


  - Cholesky decomposition of AO overlap to get linearly independent orbitals:

  - Orbital details:

     Number of occupied orbitals:         9
     Number of virtual orbitals:         63
     Number of molecular orbitals:       72
     Number of atomic orbitals:          72


  :: Hartree-Fock engine
  =========================

  Drives the calculation of the Hartree-Fock state.

  This is a RHF ground state calculation.
  The following tasks will be performed:

     1) Generate initial SAD density
     2) Calculation of reference state (SCF-DIIS algorithm)


  1) Generate initial SAD density


  2) Calculation of reference state (SCF-DIIS algorithm)

   - Self-consistent field DIIS Hartree-Fock solver
  ----------------------------------------------------

  A DIIS-accelerated Roothan-Hall self-consistent field solver. A least-square 
  DIIS fit is performed on the previous Fock matrices and associated gradients. 
  Following the Roothan-Hall update of the density, the DIIS-fitted Fock 
  matrix is used to get the next orbital coefficients.

  - Hartree-Fock solver settings:

     DIIS dimension:                         8
     Cumulative Fock threshold:       0.10E+01

     Energy threshold:              0.1000E-05
     Gradient threshold:            0.1000E-05

     Coulomb screening threshold:   0.1000E-11
     Exchange screening threshold:  0.1000E-09
     Fock precision:                0.1000E-23
     Integral cutoff:               0.1000E-11

  - Setting initial AO density to SAD

     Energy of initial guess:              -115.818422890277
     Number of electrons in guess:           18.000000000000

  Iteration       Energy (a.u.)      Max(grad.)    Delta E (a.u.)
  ---------------------------------------------------------------
     1          -115.558163947892     0.8475E-01     0.1156E+03
     2          -115.594881934650     0.6926E-01     0.3672E-01
     3          -115.609273732411     0.7760E-02     0.1439E-01
     4          -115.609811149089     0.6571E-03     0.5374E-03
     5          -115.609824764808     0.2099E-03     0.1362E-04
     6          -115.609825722191     0.5766E-04     0.9574E-06
     7          -115.609825796563     0.1521E-04     0.7437E-07
     8          -115.609825803254     0.4088E-05     0.6691E-08
     9          -115.609825803487     0.6143E-06     0.2326E-09
  ---------------------------------------------------------------
  Convergence criterion met in 9 iterations!

  - Summary of RHF wavefunction energetics (a.u.):

     HOMO-LUMO gap:                  0.492669677987
     Nuclear repulsion energy:      40.005271678165
     Electronic energy:           -155.615097481652
     Total energy:                -115.609825803487

  - Summary of QM/MM energetics:
                                         a.u.             eV     kcal/mol
     QM/MM SCF Contribution:        -0.188560572336
     QM/MM Electrostatic Energy:    -0.000896232089    -0.02439    -0.562

  - Molecular orbital energies

  -----------------------------------------------------------------------------------
   1 -20.569094734330  19   0.273315279239  37   1.275920858046  55   2.779957113462
   2 -11.282400792339  20   0.288398865597  38   1.364740241492  56   2.840770817383
   3  -1.370952460804  21   0.288693555264  39   1.437070024554  57   2.844225731993
   4  -0.937574663152  22   0.299790880793  40   1.610912576081  58   2.979003787186
   5  -0.703529365240  23   0.317897693095  41   1.669403701979  59   3.193307915878
   6  -0.631336850467  24   0.342674700421  42   1.702495008763  60   3.337500065896
   7  -0.604937741684  25   0.383948658888  43   1.782250142952  61   3.456203715857
   8  -0.514736396338  26   0.467759426467  44   1.795229507727  62   3.586666232065
   9  -0.462526334776  27   0.555574509220  45   1.804574214094  63   3.674025369969
  10   0.030143343211  28   0.568629744168  46   1.950542792859  64   4.125518524597
  11   0.051841329657  29   0.700624414962  47   1.958362089902  65   4.179050694929
  12   0.066616285838  30   0.767061841896  48   2.070150029692  66   4.319506490965
  13   0.073358566309  31   0.837073563117  49   2.288435100114  67   4.432338449743
  14   0.117326047880  32   0.844760015775  50   2.333831918415  68   5.555441797216
  15   0.137498639417  33   0.866856162999  51   2.409730966046  69   5.903575674062
  16   0.151859465458  34   1.058185161152  52   2.507608537024  70   6.206425374355
  17   0.176566186426  35   1.179942686896  53   2.701407383002  71  25.062400175816
  18   0.268106599862  36   1.225680256051  54   2.748410480784  72  51.589401900749
  -----------------------------------------------------------------------------------

  - Timings for the RHF ground state calculation

     Total wall time (sec):              3.12700
     Total cpu time (sec):             155.53411

  eT terminated successfully!
