


                     eT - an electronic structure program

  ------------------------------------------------------------------------
   Author list in alphabetical order:
  ------------------------------------------------------------------------
   J. H. Andersen, A. Balbi, S. Coriani, S. D. Folkestad, T. Giovannini, 
   L. Goletto, T. S. Haugland, A. Hutcheson, I-M. Høyvik, E. F. Kjønstad, 
   H. Koch, T. Moitra, R. H. Myhre, A. C. Paul, M. Scavino, A. Skeidsvoll, 
   Å. H. Tveten
  ------------------------------------------------------------------------


  :: Input file
  ================

     Note: geometry section is excluded from this print

     system
        name: methanol scan 5.25
        charge: 0
     end system

     do
       ground state
     end do

     memory
        available: 8
     end memory

     solver scf
        algorithm: scf-diis
     end solver scf

     molecular mechanics
        forcefield: non-polarizable
     end molecular mechanics

     method
        hf
     end method


  Running on 56 OMP thread(s)
  Memory available for calculation: 8.000000 GB


  :: Molecular system specifications (QM)
  ==========================================

     Name:             methanol scan 5.25
     Charge:           0
     Multiplicity:     1
     Coordinate units: angstrom

     Pure basis functions:         72
     Cartesian basis functions:    74
     Primitive basis functions:   108

     Nuclear repulsion energy (a.u.):             40.346784236152
     Bohr/angstrom value (CODATA 2010):            0.529177210920

     ==============================================================================
                                     Geometry (angstrom)
     ==============================================================================
        Atom           X                  Y                  Z         # in input
     ==============================================================================
        Basis: 6-311++g**
        1 C      0.997897000000     0.986064000000    -0.008014000000        1
        2 O     -0.422019000000     0.999211000000    -0.000572000000        2
        3 H      1.399338000000     0.999753000000    -1.024504000000        3
        4 H      1.399296000000     0.119782000000     0.523986000000        4
        5 H      1.322862000000     1.888586000000     0.504866000000        5
        6 H     -0.732374000000     0.211603000000    -0.448762000000        6
     ==============================================================================

     ==============================================================================
                                     Geometry (a.u.)
     ==============================================================================
        Atom           X                  Y                  Z         # in input
     ==============================================================================
        Basis: 6-311++g**
        1 C      1.885752030525     1.863390901293    -0.015144265162        1
        2 O     -0.797500329363     1.888235130653    -0.001080923343        2
        3 H      2.644365575697     1.889259362212    -1.936031973521        3
        4 H      2.644286207199     0.226355174653     0.990190033106        4
        5 H      2.499846880594     3.568910302688     0.954058469605        5
        6 H     -1.383986280752     0.399871717136    -0.848037275112        6
     ==============================================================================


  :: Molecular system specifications (MM)
  ==========================================

     Force Field:  non-polarizable

     Number of MM atoms:                   2
     Number of MM molecules:               1

    ====================================================================
                        MM Geometry (Å) and Parameters
    ====================================================================
    Atom    Mol             X          Y          Z            Charge
    ====================================================================
      H       1        -5.671722   1.047818   0.026943        1.000000
      H       1        -6.671665   1.057076   0.032183       -1.000000
    ====================================================================


  :: RHF wavefunction
  ======================

  This is a QM/MM calculation

     Electrostatic Embedding:

     Each atom of the MM portion is endowed with a charge which value 
     is a fixed external parameter.

     The QM/MM electrostatic interaction energy is defined as:

        E^ele_QM/MM = sum_i q_i * V_i(P)

     where V_i(P) is the electrostatic potential due to the QM density 
     calculated at the position of the i-th charge q_i.

     For further details, see:
     Senn & Thiel, Angew. Chem. Int. Ed., 2009, 48, 1198−1229


  - Cholesky decomposition of AO overlap to get linearly independent orbitals:

  - Orbital details:

     Number of occupied orbitals:         9
     Number of virtual orbitals:         63
     Number of molecular orbitals:       72
     Number of atomic orbitals:          72


  :: Hartree-Fock engine
  =========================

  Drives the calculation of the Hartree-Fock state.

  This is a RHF ground state calculation.
  The following tasks will be performed:

     1) Generate initial SAD density
     2) Calculation of reference state (SCF-DIIS algorithm)


  1) Generate initial SAD density


  2) Calculation of reference state (SCF-DIIS algorithm)

   - Self-consistent field DIIS Hartree-Fock solver
  ----------------------------------------------------

  A DIIS-accelerated Roothan-Hall self-consistent field solver. A least-square 
  DIIS fit is performed on the previous Fock matrices and associated gradients. 
  Following the Roothan-Hall update of the density, the DIIS-fitted Fock 
  matrix is used to get the next orbital coefficients.

  - Hartree-Fock solver settings:

     DIIS dimension:                         8
     Cumulative Fock threshold:       0.10E+01

     Energy threshold:              0.1000E-05
     Gradient threshold:            0.1000E-05

     Coulomb screening threshold:   0.1000E-11
     Exchange screening threshold:  0.1000E-09
     Fock precision:                0.1000E-23
     Integral cutoff:               0.1000E-11

  - Setting initial AO density to SAD

     Energy of initial guess:              -115.818423417735
     Number of electrons in guess:           18.000000000000

  Iteration       Energy (a.u.)      Max(grad.)    Delta E (a.u.)
  ---------------------------------------------------------------
     1          -115.558414556999     0.8493E-01     0.1156E+03
     2          -115.595204930006     0.6941E-01     0.3679E-01
     3          -115.609657559974     0.7723E-02     0.1445E-01
     4          -115.610194702777     0.6563E-03     0.5371E-03
     5          -115.610208270334     0.2047E-03     0.1357E-04
     6          -115.610209219438     0.5640E-04     0.9491E-06
     7          -115.610209291998     0.1504E-04     0.7256E-07
     8          -115.610209298586     0.4031E-05     0.6588E-08
     9          -115.610209298815     0.6050E-06     0.2288E-09
  ---------------------------------------------------------------
  Convergence criterion met in 9 iterations!

  - Summary of RHF wavefunction energetics (a.u.):

     HOMO-LUMO gap:                  0.492787184627
     Nuclear repulsion energy:      40.053164520978
     Electronic energy:           -155.663373819792
     Total energy:                -115.610209298815

  - Summary of QM/MM energetics:
                                         a.u.             eV     kcal/mol
     QM/MM SCF Contribution:        -0.236859293175
     QM/MM Electrostatic Energy:    -0.001301578195    -0.03542    -0.817

  - Molecular orbital energies

  -----------------------------------------------------------------------------------
   1 -20.572121483044  19   0.268302935389  37   1.271848790017  55   2.778094414239
   2 -11.284481361950  20   0.286225878088  38   1.361895972371  56   2.838762888098
   3  -1.373920826956  21   0.286785874553  39   1.434329658786  57   2.842205557956
   4  -0.939839693795  22   0.297303742777  40   1.607837648225  58   2.976554358694
   5  -0.706228572024  23   0.314883432007  41   1.666538699798  59   3.191286004357
   6  -0.633660250574  24   0.340746056227  42   1.700669903841  60   3.334945946772
   7  -0.607601658096  25   0.381369353205  43   1.779715116219  61   3.453245286965
   8  -0.517299702609  26   0.465356353920  44   1.793245050803  62   3.583684938841
   9  -0.465230026003  27   0.553633585060  45   1.802439123317  63   3.671094606468
  10   0.027557158623  28   0.566773514241  46   1.948452636705  64   4.123077405764
  11   0.048651386725  29   0.697369293226  47   1.956240889276  65   4.176978935806
  12   0.065633692522  30   0.765035519560  48   2.067717299594  66   4.316838942696
  13   0.071981824425  31   0.835235769666  49   2.286222130650  67   4.429306885797
  14   0.115043472945  32   0.842787210158  50   2.331218164704  68   5.552380667645
  15   0.135585814872  33   0.864786364166  51   2.407707485765  69   5.900504669096
  16   0.150460345241  34   1.055968639748  52   2.505175550552  70   6.203400337691
  17   0.175302315221  35   1.177416350864  53   2.698789364816  71  25.060322076313
  18   0.264659455416  36   1.223365634348  54   2.746503599201  72  51.586374133599
  -----------------------------------------------------------------------------------

  - Timings for the RHF ground state calculation

     Total wall time (sec):              2.78700
     Total cpu time (sec):             135.74931

  eT terminated successfully!
