


                     eT - an electronic structure program

  ------------------------------------------------------------------------
   Author list in alphabetical order:
  ------------------------------------------------------------------------
   J. H. Andersen, A. Balbi, S. Coriani, S. D. Folkestad, T. Giovannini, 
   L. Goletto, T. S. Haugland, A. Hutcheson, I-M. Høyvik, E. F. Kjønstad, 
   H. Koch, T. Moitra, R. H. Myhre, A. C. Paul, M. Scavino, A. Skeidsvoll, 
   Å. H. Tveten
  ------------------------------------------------------------------------


  :: Input file
  ================

     Note: geometry section is excluded from this print

     system
        name: methanol scan 5.50
        charge: 0
     end system

     do
       ground state
     end do

     memory
        available: 8
     end memory

     solver scf
        algorithm: scf-diis
     end solver scf

     molecular mechanics
        forcefield: non-polarizable
     end molecular mechanics

     method
        hf
     end method


  Running on 56 OMP thread(s)
  Memory available for calculation: 8.000000 GB


  :: Molecular system specifications (QM)
  ==========================================

     Name:             methanol scan 5.50
     Charge:           0
     Multiplicity:     1
     Coordinate units: angstrom

     Pure basis functions:         72
     Cartesian basis functions:    74
     Primitive basis functions:   108

     Nuclear repulsion energy (a.u.):             40.346784236152
     Bohr/angstrom value (CODATA 2010):            0.529177210920

     ==============================================================================
                                     Geometry (angstrom)
     ==============================================================================
        Atom           X                  Y                  Z         # in input
     ==============================================================================
        Basis: 6-311++g**
        1 C      0.997897000000     0.986064000000    -0.008014000000        1
        2 O     -0.422019000000     0.999211000000    -0.000572000000        2
        3 H      1.399338000000     0.999753000000    -1.024504000000        3
        4 H      1.399296000000     0.119782000000     0.523986000000        4
        5 H      1.322862000000     1.888586000000     0.504866000000        5
        6 H     -0.732374000000     0.211603000000    -0.448762000000        6
     ==============================================================================

     ==============================================================================
                                     Geometry (a.u.)
     ==============================================================================
        Atom           X                  Y                  Z         # in input
     ==============================================================================
        Basis: 6-311++g**
        1 C      1.885752030525     1.863390901293    -0.015144265162        1
        2 O     -0.797500329363     1.888235130653    -0.001080923343        2
        3 H      2.644365575697     1.889259362212    -1.936031973521        3
        4 H      2.644286207199     0.226355174653     0.990190033106        4
        5 H      2.499846880594     3.568910302688     0.954058469605        5
        6 H     -1.383986280752     0.399871717136    -0.848037275112        6
     ==============================================================================


  :: Molecular system specifications (MM)
  ==========================================

     Force Field:  non-polarizable

     Number of MM atoms:                   2
     Number of MM molecules:               1

    ====================================================================
                        MM Geometry (Å) and Parameters
    ====================================================================
    Atom    Mol             X          Y          Z            Charge
    ====================================================================
      H       1        -5.921708   1.050133   0.028253        1.000000
      H       1        -6.921651   1.059391   0.033494       -1.000000
    ====================================================================


  :: RHF wavefunction
  ======================

  This is a QM/MM calculation

     Electrostatic Embedding:

     Each atom of the MM portion is endowed with a charge which value 
     is a fixed external parameter.

     The QM/MM electrostatic interaction energy is defined as:

        E^ele_QM/MM = sum_i q_i * V_i(P)

     where V_i(P) is the electrostatic potential due to the QM density 
     calculated at the position of the i-th charge q_i.

     For further details, see:
     Senn & Thiel, Angew. Chem. Int. Ed., 2009, 48, 1198−1229


  - Cholesky decomposition of AO overlap to get linearly independent orbitals:

  - Orbital details:

     Number of occupied orbitals:         9
     Number of virtual orbitals:         63
     Number of molecular orbitals:       72
     Number of atomic orbitals:          72


  :: Hartree-Fock engine
  =========================

  Drives the calculation of the Hartree-Fock state.

  This is a RHF ground state calculation.
  The following tasks will be performed:

     1) Generate initial SAD density
     2) Calculation of reference state (SCF-DIIS algorithm)


  1) Generate initial SAD density


  2) Calculation of reference state (SCF-DIIS algorithm)

   - Self-consistent field DIIS Hartree-Fock solver
  ----------------------------------------------------

  A DIIS-accelerated Roothan-Hall self-consistent field solver. A least-square 
  DIIS fit is performed on the previous Fock matrices and associated gradients. 
  Following the Roothan-Hall update of the density, the DIIS-fitted Fock 
  matrix is used to get the next orbital coefficients.

  - Hartree-Fock solver settings:

     DIIS dimension:                         8
     Cumulative Fock threshold:       0.10E+01

     Energy threshold:              0.1000E-05
     Gradient threshold:            0.1000E-05

     Coulomb screening threshold:   0.1000E-11
     Exchange screening threshold:  0.1000E-09
     Fock precision:                0.1000E-23
     Integral cutoff:               0.1000E-11

  - Setting initial AO density to SAD

     Energy of initial guess:              -115.818423417946
     Number of electrons in guess:           18.000000000000

  Iteration       Energy (a.u.)      Max(grad.)    Delta E (a.u.)
  ---------------------------------------------------------------
     1          -115.558316429785     0.8486E-01     0.1156E+03
     2          -115.595078830934     0.6935E-01     0.3676E-01
     3          -115.609508085493     0.7737E-02     0.1443E-01
     4          -115.610045335346     0.6566E-03     0.5372E-03
     5          -115.610058921480     0.2067E-03     0.1359E-04
     6          -115.610059873779     0.5689E-04     0.9523E-06
     7          -115.610059947044     0.1511E-04     0.7326E-07
     8          -115.610059953678     0.4053E-05     0.6635E-08
     9          -115.610059953908     0.6085E-06     0.2296E-09
  ---------------------------------------------------------------
  Convergence criterion met in 9 iterations!

  - Summary of RHF wavefunction energetics (a.u.):

     HOMO-LUMO gap:                  0.492770348454
     Nuclear repulsion energy:      40.035317887620
     Electronic energy:           -155.645377841528
     Total energy:                -115.610059953908

  - Summary of QM/MM energetics:
                                         a.u.             eV     kcal/mol
     QM/MM SCF Contribution:        -0.218853723653
     QM/MM Electrostatic Energy:    -0.001142644803    -0.03109    -0.717

  - Molecular orbital energies

  -----------------------------------------------------------------------------------
   1 -20.570989627636  19   0.270210422710  37   1.273390412570  55   2.778780573751
   2 -11.283710731186  20   0.287042481485  38   1.362955834674  56   2.839504708489
   3  -1.372811063052  21   0.287489509016  39   1.435350639962  57   2.842952345705
   4  -0.938998488678  22   0.298209057589  40   1.608986108803  58   2.977464298678
   5  -0.705222069783  23   0.315996013216  41   1.667609962026  59   3.192033370189
   6  -0.632797613772  24   0.341453445768  42   1.701341782635  60   3.335898031523
   7  -0.606606559160  25   0.382316353376  43   1.780657539129  61   3.454350908724
   8  -0.516345232534  26   0.466245409761  44   1.793977119450  62   3.584799886503
   9  -0.464221986229  27   0.554345514879  45   1.803227845043  63   3.672190673898
  10   0.028548362225  28   0.567454894798  46   1.949226033432  64   4.123984707316
  11   0.049808948352  29   0.698587893747  47   1.957027454394  65   4.177745513171
  12   0.065984897571  30   0.765786951468  48   2.068622540307  66   4.317832909667
  13   0.072474554746  31   0.835912501186  49   2.287042668996  67   4.430443507155
  14   0.115859973144  32   0.843515822675  50   2.332189956188  68   5.553525183509
  15   0.136283406762  33   0.865552280819  51   2.408455129143  69   5.901653965272
  16   0.150964741086  34   1.056788595451  52   2.506078809585  70   6.204532000468
  17   0.175761247467  35   1.178353706363  53   2.699764167899  71  25.061091673965
  18   0.265954532579  36   1.224223879600  54   2.747207305631  72  51.587506387738
  -----------------------------------------------------------------------------------

  - Timings for the RHF ground state calculation

     Total wall time (sec):              3.19500
     Total cpu time (sec):             159.05662

  eT terminated successfully!
