


                     eT - an electronic structure program

  ------------------------------------------------------------------------
   Author list in alphabetical order:
  ------------------------------------------------------------------------
   J. H. Andersen, A. Balbi, S. Coriani, S. D. Folkestad, T. Giovannini, 
   L. Goletto, T. S. Haugland, A. Hutcheson, I-M. Høyvik, E. F. Kjønstad, 
   H. Koch, T. Moitra, R. H. Myhre, A. C. Paul, M. Scavino, A. Skeidsvoll, 
   Å. H. Tveten
  ------------------------------------------------------------------------


  :: Input file
  ================

     Note: geometry section is excluded from this print

     system
        name: methanol scan 7.75
        charge: 0
     end system

     do
       ground state
     end do

     memory
        available: 8
     end memory

     solver scf
        algorithm: scf-diis
     end solver scf

     molecular mechanics
        forcefield: non-polarizable
     end molecular mechanics

     method
        hf
     end method


  Running on 56 OMP thread(s)
  Memory available for calculation: 8.000000 GB


  :: Molecular system specifications (QM)
  ==========================================

     Name:             methanol scan 7.75
     Charge:           0
     Multiplicity:     1
     Coordinate units: angstrom

     Pure basis functions:         72
     Cartesian basis functions:    74
     Primitive basis functions:   108

     Nuclear repulsion energy (a.u.):             40.346784236152
     Bohr/angstrom value (CODATA 2010):            0.529177210920

     ==============================================================================
                                     Geometry (angstrom)
     ==============================================================================
        Atom           X                  Y                  Z         # in input
     ==============================================================================
        Basis: 6-311++g**
        1 C      0.997897000000     0.986064000000    -0.008014000000        1
        2 O     -0.422019000000     0.999211000000    -0.000572000000        2
        3 H      1.399338000000     0.999753000000    -1.024504000000        3
        4 H      1.399296000000     0.119782000000     0.523986000000        4
        5 H      1.322862000000     1.888586000000     0.504866000000        5
        6 H     -0.732374000000     0.211603000000    -0.448762000000        6
     ==============================================================================

     ==============================================================================
                                     Geometry (a.u.)
     ==============================================================================
        Atom           X                  Y                  Z         # in input
     ==============================================================================
        Basis: 6-311++g**
        1 C      1.885752030525     1.863390901293    -0.015144265162        1
        2 O     -0.797500329363     1.888235130653    -0.001080923343        2
        3 H      2.644365575697     1.889259362212    -1.936031973521        3
        4 H      2.644286207199     0.226355174653     0.990190033106        4
        5 H      2.499846880594     3.568910302688     0.954058469605        5
        6 H     -1.383986280752     0.399871717136    -0.848037275112        6
     ==============================================================================


  :: Molecular system specifications (MM)
  ==========================================

     Force Field:  non-polarizable

     Number of MM atoms:                   2
     Number of MM molecules:               1

    ====================================================================
                        MM Geometry (Å) and Parameters
    ====================================================================
    Atom    Mol             X          Y          Z            Charge
    ====================================================================
      H       1        -8.171581   1.070964   0.040045        1.000000
      H       1        -9.171525   1.080223   0.045286       -1.000000
    ====================================================================


  :: RHF wavefunction
  ======================

  This is a QM/MM calculation

     Electrostatic Embedding:

     Each atom of the MM portion is endowed with a charge which value 
     is a fixed external parameter.

     The QM/MM electrostatic interaction energy is defined as:

        E^ele_QM/MM = sum_i q_i * V_i(P)

     where V_i(P) is the electrostatic potential due to the QM density 
     calculated at the position of the i-th charge q_i.

     For further details, see:
     Senn & Thiel, Angew. Chem. Int. Ed., 2009, 48, 1198−1229


  - Cholesky decomposition of AO overlap to get linearly independent orbitals:

  - Orbital details:

     Number of occupied orbitals:         9
     Number of virtual orbitals:         63
     Number of molecular orbitals:       72
     Number of atomic orbitals:          72


  :: Hartree-Fock engine
  =========================

  Drives the calculation of the Hartree-Fock state.

  This is a RHF ground state calculation.
  The following tasks will be performed:

     1) Generate initial SAD density
     2) Calculation of reference state (SCF-DIIS algorithm)


  1) Generate initial SAD density


  2) Calculation of reference state (SCF-DIIS algorithm)

   - Self-consistent field DIIS Hartree-Fock solver
  ----------------------------------------------------

  A DIIS-accelerated Roothan-Hall self-consistent field solver. A least-square 
  DIIS fit is performed on the previous Fock matrices and associated gradients. 
  Following the Roothan-Hall update of the density, the DIIS-fitted Fock 
  matrix is used to get the next orbital coefficients.

  - Hartree-Fock solver settings:

     DIIS dimension:                         8
     Cumulative Fock threshold:       0.10E+01

     Energy threshold:              0.1000E-05
     Gradient threshold:            0.1000E-05

     Coulomb screening threshold:   0.1000E-11
     Exchange screening threshold:  0.1000E-09
     Fock precision:                0.1000E-23
     Integral cutoff:               0.1000E-11

  - Setting initial AO density to SAD

     Energy of initial guess:              -115.818422885652
     Number of electrons in guess:           18.000000000000

  Iteration       Energy (a.u.)      Max(grad.)    Delta E (a.u.)
  ---------------------------------------------------------------
     1          -115.557883946192     0.8453E-01     0.1156E+03
     2          -115.594515506999     0.6909E-01     0.3663E-01
     3          -115.608833011216     0.7804E-02     0.1432E-01
     4          -115.609370740748     0.6580E-03     0.5377E-03
     5          -115.609384413892     0.2161E-03     0.1367E-04
     6          -115.609385381147     0.5911E-04     0.9673E-06
     7          -115.609385457623     0.1539E-04     0.7648E-07
     8          -115.609385464445     0.4160E-05     0.6822E-08
     9          -115.609385464678     0.6261E-06     0.2332E-09
  ---------------------------------------------------------------
  Convergence criterion met in 9 iterations!

  - Summary of RHF wavefunction energetics (a.u.):

     HOMO-LUMO gap:                  0.492125300098
     Nuclear repulsion energy:      39.937852147123
     Electronic energy:           -155.547237611800
     Total energy:                -115.609385464678

  - Summary of QM/MM energetics:
                                         a.u.             eV     kcal/mol
     QM/MM SCF Contribution:        -0.120684207379
     QM/MM Electrostatic Energy:    -0.000439403073    -0.01196    -0.276

  - Molecular orbital energies

  -----------------------------------------------------------------------------------
   1 -20.564901588712  19   0.279671090148  37   1.281268054616  55   2.782713491811
   2 -11.279388749592  20   0.291399028348  38   1.368733313835  56   2.843705700979
   3  -1.366833861022  21   0.291502807793  39   1.440924778079  57   2.847172399967
   4  -0.934334263523  22   0.303549366994  40   1.615187365532  58   2.982494641641
   5  -0.699740812328  23   0.322222204997  41   1.673379911405  59   3.196257050384
   6  -0.628011765894  24   0.345549755212  42   1.705203516875  60   3.341095347865
   7  -0.601218909911  25   0.387681687899  43   1.785846857205  61   3.460313604562
   8  -0.511116941385  26   0.471227655704  44   1.798146113921  62   3.590797365709
   9  -0.458730722312  27   0.558461230115  45   1.807687943511  63   3.678088012321
  10   0.033394577786  28   0.571411153437  46   1.953577152769  64   4.128993183762
  11   0.056490754311  29   0.705103055080  47   1.961418561710  65   4.182060429953
  12   0.068259584086  30   0.769980738161  48   2.073598645828  66   4.323260791127
  13   0.075604060625  31   0.839798089891  49   2.291621209193  67   4.436498794455
  14   0.120807631149  32   0.847647679996  50   2.337534968074  68   5.559683561689
  15   0.140393845119  33   0.869863981194  51   2.412687304597  69   5.907817236682
  16   0.154106452350  34   1.061388751208  52   2.511083978201  70   6.210610174263
  17   0.178549302897  35   1.183548817351  53   2.705095681429  71  25.065410126109
  18   0.272804731342  36   1.229005758266  54   2.751212942521  72  51.593596201659
  -----------------------------------------------------------------------------------

  - Timings for the RHF ground state calculation

     Total wall time (sec):              3.24700
     Total cpu time (sec):             160.37759

  eT terminated successfully!
