
  Preparation of molecular system (Libint)
  wall time (sec):                 0.00
  cpu time (sec):                  0.00
  cpu/wall ratio:                  1.33

  Preparation of molecular system (total)
  wall time (sec):                 0.09
  cpu time (sec):                  0.76
  cpu/wall ratio:                  8.00

  Cholesky decomposition of AO overlap
  wall time (sec):                 0.00
  cpu time (sec):                  0.20
  cpu/wall ratio:                 50.15


  :: Hartree-Fock engine
  =========================


  1) Generate initial SAD density

  SAD generation time
  wall time (sec):                 0.50
  cpu time (sec):                 20.95
  cpu/wall ratio:                 42.23


  2) Calculation of reference state (SCF-DIIS algorithm)

  AO Fock construction
  wall time (sec):                 0.08
  cpu time (sec):                  4.37
  cpu/wall ratio:                 52.02

  AO Fock construction
  wall time (sec):                 0.10
  cpu time (sec):                  5.09
  cpu/wall ratio:                 53.06

  AO Fock construction
  wall time (sec):                 0.05
  cpu time (sec):                  2.40
  cpu/wall ratio:                 51.08

  SCF DIIS iteration time
  wall time (sec):                 0.30
  cpu time (sec):                 15.13
  cpu/wall ratio:                 50.78

  AO Fock construction
  wall time (sec):                 0.09
  cpu time (sec):                  4.50
  cpu/wall ratio:                 52.28

  SCF DIIS iteration time
  wall time (sec):                 0.28
  cpu time (sec):                 14.20
  cpu/wall ratio:                 50.16

  AO Fock construction
  wall time (sec):                 0.08
  cpu time (sec):                  4.02
  cpu/wall ratio:                 52.27

  SCF DIIS iteration time
  wall time (sec):                 0.26
  cpu time (sec):                 12.91
  cpu/wall ratio:                 50.22

  AO Fock construction
  wall time (sec):                 0.07
  cpu time (sec):                  3.61
  cpu/wall ratio:                 52.30

  SCF DIIS iteration time
  wall time (sec):                 0.33
  cpu time (sec):                 17.03
  cpu/wall ratio:                 51.76

  AO Fock construction
  wall time (sec):                 0.06
  cpu time (sec):                  3.00
  cpu/wall ratio:                 46.95

  SCF DIIS iteration time
  wall time (sec):                 0.18
  cpu time (sec):                  8.18
  cpu/wall ratio:                 46.48

  AO Fock construction
  wall time (sec):                 0.05
  cpu time (sec):                  2.50
  cpu/wall ratio:                 51.09

  SCF DIIS iteration time
  wall time (sec):                 0.31
  cpu time (sec):                 15.85
  cpu/wall ratio:                 51.28

  AO Fock construction
  wall time (sec):                 0.18
  cpu time (sec):                  9.76
  cpu/wall ratio:                 53.62

  SCF DIIS iteration time
  wall time (sec):                 0.49
  cpu time (sec):                 25.93
  cpu/wall ratio:                 52.50

  AO Fock construction
  wall time (sec):                 0.07
  cpu time (sec):                  3.95
  cpu/wall ratio:                 52.63

  SCF DIIS iteration time
  wall time (sec):                 0.17
  cpu time (sec):                  8.12
  cpu/wall ratio:                 48.94

  SCF DIIS iteration time
  wall time (sec):                 0.00
  cpu time (sec):                  0.06
  cpu/wall ratio:                 55.69

  SCF DIIS solver time
  wall time (sec):                 2.75
  cpu time (sec):                139.43
  cpu/wall ratio:                 50.70

  Hartree-Fock engine
  wall time (sec):                 3.25
  cpu time (sec):                160.38
  cpu/wall ratio:                 49.39


  :: Total time
  ================

  Total time in eT
  wall time (sec):                 3.38
  cpu time (sec):                162.67
  cpu/wall ratio:                 48.20
