
  Preparation of molecular system (Libint)
  wall time (sec):                 0.00
  cpu time (sec):                  0.00
  cpu/wall ratio:                  1.21

  Preparation of molecular system (total)
  wall time (sec):                 0.11
  cpu time (sec):                  0.50
  cpu/wall ratio:                  4.36

  Cholesky decomposition of AO overlap
  wall time (sec):                 0.00
  cpu time (sec):                  0.25
  cpu/wall ratio:                 50.71


  :: Hartree-Fock engine
  =========================


  1) Generate initial SAD density

  SAD generation time
  wall time (sec):                 0.49
  cpu time (sec):                 21.97
  cpu/wall ratio:                 45.21


  2) Calculation of reference state (SCF-DIIS algorithm)

  AO Fock construction
  wall time (sec):                 0.04
  cpu time (sec):                  2.26
  cpu/wall ratio:                 51.38

  AO Fock construction
  wall time (sec):                 0.10
  cpu time (sec):                  5.17
  cpu/wall ratio:                 53.30

  AO Fock construction
  wall time (sec):                 0.08
  cpu time (sec):                  4.18
  cpu/wall ratio:                 51.65

  SCF DIIS iteration time
  wall time (sec):                 0.40
  cpu time (sec):                 20.31
  cpu/wall ratio:                 51.16

  AO Fock construction
  wall time (sec):                 0.11
  cpu time (sec):                  5.68
  cpu/wall ratio:                 52.11

  SCF DIIS iteration time
  wall time (sec):                 0.35
  cpu time (sec):                 17.84
  cpu/wall ratio:                 50.38

  AO Fock construction
  wall time (sec):                 0.09
  cpu time (sec):                  4.94
  cpu/wall ratio:                 52.60

  SCF DIIS iteration time
  wall time (sec):                 0.47
  cpu time (sec):                 24.10
  cpu/wall ratio:                 51.38

  AO Fock construction
  wall time (sec):                 0.06
  cpu time (sec):                  3.12
  cpu/wall ratio:                 51.18

  SCF DIIS iteration time
  wall time (sec):                 0.16
  cpu time (sec):                  7.56
  cpu/wall ratio:                 46.95

  AO Fock construction
  wall time (sec):                 0.15
  cpu time (sec):                  7.88
  cpu/wall ratio:                 53.26

  SCF DIIS iteration time
  wall time (sec):                 0.39
  cpu time (sec):                 20.18
  cpu/wall ratio:                 51.88

  AO Fock construction
  wall time (sec):                 0.21
  cpu time (sec):                 11.08
  cpu/wall ratio:                 53.78

  SCF DIIS iteration time
  wall time (sec):                 0.59
  cpu time (sec):                 31.04
  cpu/wall ratio:                 52.78

  AO Fock construction
  wall time (sec):                 0.12
  cpu time (sec):                  6.41
  cpu/wall ratio:                 53.39

  SCF DIIS iteration time
  wall time (sec):                 0.40
  cpu time (sec):                 21.05
  cpu/wall ratio:                 52.37

  AO Fock construction
  wall time (sec):                 0.20
  cpu time (sec):                 10.89
  cpu/wall ratio:                 53.65

  SCF DIIS iteration time
  wall time (sec):                 0.51
  cpu time (sec):                 26.86
  cpu/wall ratio:                 52.87

  SCF DIIS iteration time
  wall time (sec):                 0.02
  cpu time (sec):                  0.95
  cpu/wall ratio:                 45.05

  SCF DIIS solver time
  wall time (sec):                 3.76
  cpu time (sec):                193.30
  cpu/wall ratio:                 51.46

  Hartree-Fock engine
  wall time (sec):                 4.24
  cpu time (sec):                215.27
  cpu/wall ratio:                 50.74


  :: Total time
  ================

  Total time in eT
  wall time (sec):                 4.38
  cpu time (sec):                216.51
  cpu/wall ratio:                 49.41
