
  Preparation of molecular system (Libint)
  wall time (sec):                 0.00
  cpu time (sec):                  0.00
  cpu/wall ratio:                  1.61

  Preparation of molecular system (total)
  wall time (sec):                 0.12
  cpu time (sec):                  1.49
  cpu/wall ratio:                 12.87

  Cholesky decomposition of AO overlap
  wall time (sec):                 0.00
  cpu time (sec):                  0.21
  cpu/wall ratio:                 51.74


  :: Hartree-Fock engine
  =========================


  1) Generate initial SAD density

  SAD generation time
  wall time (sec):                 0.41
  cpu time (sec):                 17.81
  cpu/wall ratio:                 43.03


  2) Calculation of reference state (SCF-DIIS algorithm)

  AO Fock construction
  wall time (sec):                 0.05
  cpu time (sec):                  2.78
  cpu/wall ratio:                 52.50

  AO Fock construction
  wall time (sec):                 0.05
  cpu time (sec):                  2.46
  cpu/wall ratio:                 51.15

  AO Fock construction
  wall time (sec):                 0.09
  cpu time (sec):                  5.03
  cpu/wall ratio:                 52.93

  SCF DIIS iteration time
  wall time (sec):                 0.34
  cpu time (sec):                 17.28
  cpu/wall ratio:                 51.28

  AO Fock construction
  wall time (sec):                 0.08
  cpu time (sec):                  3.99
  cpu/wall ratio:                 52.56

  SCF DIIS iteration time
  wall time (sec):                 0.31
  cpu time (sec):                 15.96
  cpu/wall ratio:                 50.98

  AO Fock construction
  wall time (sec):                 0.07
  cpu time (sec):                  3.57
  cpu/wall ratio:                 51.79

  SCF DIIS iteration time
  wall time (sec):                 0.30
  cpu time (sec):                 15.25
  cpu/wall ratio:                 50.82

  AO Fock construction
  wall time (sec):                 0.03
  cpu time (sec):                  1.69
  cpu/wall ratio:                 49.61

  SCF DIIS iteration time
  wall time (sec):                 0.38
  cpu time (sec):                 19.91
  cpu/wall ratio:                 51.86

  AO Fock construction
  wall time (sec):                 0.05
  cpu time (sec):                  2.43
  cpu/wall ratio:                 50.72

  SCF DIIS iteration time
  wall time (sec):                 0.36
  cpu time (sec):                 18.81
  cpu/wall ratio:                 51.52

  AO Fock construction
  wall time (sec):                 0.11
  cpu time (sec):                  5.81
  cpu/wall ratio:                 52.80

  SCF DIIS iteration time
  wall time (sec):                 0.30
  cpu time (sec):                 15.18
  cpu/wall ratio:                 51.10

  AO Fock construction
  wall time (sec):                 0.11
  cpu time (sec):                  5.70
  cpu/wall ratio:                 53.31

  SCF DIIS iteration time
  wall time (sec):                 0.23
  cpu time (sec):                 11.72
  cpu/wall ratio:                 50.51

  AO Fock construction
  wall time (sec):                 0.05
  cpu time (sec):                  2.43
  cpu/wall ratio:                 50.71

  SCF DIIS iteration time
  wall time (sec):                 0.15
  cpu time (sec):                  7.28
  cpu/wall ratio:                 47.89

  SCF DIIS iteration time
  wall time (sec):                 0.00
  cpu time (sec):                  0.06
  cpu/wall ratio:                 55.64

  SCF DIIS solver time
  wall time (sec):                 2.83
  cpu time (sec):                144.00
  cpu/wall ratio:                 50.88

  Hartree-Fock engine
  wall time (sec):                 3.24
  cpu time (sec):                161.87
  cpu/wall ratio:                 49.88


  :: Total time
  ================

  Total time in eT
  wall time (sec):                 3.40
  cpu time (sec):                165.42
  cpu/wall ratio:                 48.64
