
  Preparation of molecular system (Libint)
  wall time (sec):                 0.00
  cpu time (sec):                  0.00
  cpu/wall ratio:                  1.46

  Preparation of molecular system (total)
  wall time (sec):                 0.11
  cpu time (sec):                  1.53
  cpu/wall ratio:                 14.03

  Cholesky decomposition of AO overlap
  wall time (sec):                 0.00
  cpu time (sec):                  0.19
  cpu/wall ratio:                 48.46


  :: Hartree-Fock engine
  =========================


  1) Generate initial SAD density

  SAD generation time
  wall time (sec):                 0.49
  cpu time (sec):                 20.24
  cpu/wall ratio:                 41.73


  2) Calculation of reference state (SCF-DIIS algorithm)

  AO Fock construction
  wall time (sec):                 0.07
  cpu time (sec):                  3.77
  cpu/wall ratio:                 53.07

  AO Fock construction
  wall time (sec):                 0.19
  cpu time (sec):                 10.36
  cpu/wall ratio:                 53.69

  AO Fock construction
  wall time (sec):                 0.05
  cpu time (sec):                  2.62
  cpu/wall ratio:                 50.29

  SCF DIIS iteration time
  wall time (sec):                 0.24
  cpu time (sec):                 11.46
  cpu/wall ratio:                 48.76

  AO Fock construction
  wall time (sec):                 0.05
  cpu time (sec):                  2.43
  cpu/wall ratio:                 50.63

  SCF DIIS iteration time
  wall time (sec):                 0.27
  cpu time (sec):                 13.43
  cpu/wall ratio:                 50.29

  AO Fock construction
  wall time (sec):                 0.15
  cpu time (sec):                  8.03
  cpu/wall ratio:                 52.83

  SCF DIIS iteration time
  wall time (sec):                 0.26
  cpu time (sec):                 13.09
  cpu/wall ratio:                 49.57

  AO Fock construction
  wall time (sec):                 0.06
  cpu time (sec):                  3.03
  cpu/wall ratio:                 51.39

  SCF DIIS iteration time
  wall time (sec):                 0.24
  cpu time (sec):                 12.10
  cpu/wall ratio:                 50.22

  AO Fock construction
  wall time (sec):                 0.04
  cpu time (sec):                  1.95
  cpu/wall ratio:                 49.87

  SCF DIIS iteration time
  wall time (sec):                 0.23
  cpu time (sec):                 11.56
  cpu/wall ratio:                 50.25

  AO Fock construction
  wall time (sec):                 0.09
  cpu time (sec):                  4.56
  cpu/wall ratio:                 52.37

  SCF DIIS iteration time
  wall time (sec):                 0.34
  cpu time (sec):                 17.50
  cpu/wall ratio:                 51.79

  AO Fock construction
  wall time (sec):                 0.06
  cpu time (sec):                  3.08
  cpu/wall ratio:                 51.38

  SCF DIIS iteration time
  wall time (sec):                 0.23
  cpu time (sec):                 11.48
  cpu/wall ratio:                 50.35

  AO Fock construction
  wall time (sec):                 0.11
  cpu time (sec):                  5.74
  cpu/wall ratio:                 53.12

  SCF DIIS iteration time
  wall time (sec):                 0.22
  cpu time (sec):                 11.26
  cpu/wall ratio:                 50.25

  SCF DIIS iteration time
  wall time (sec):                 0.00
  cpu time (sec):                  0.06
  cpu/wall ratio:                 55.73

  SCF DIIS solver time
  wall time (sec):                 2.67
  cpu time (sec):                135.00
  cpu/wall ratio:                 50.53

  Hartree-Fock engine
  wall time (sec):                 3.16
  cpu time (sec):                155.24
  cpu/wall ratio:                 49.17


  :: Total time
  ================

  Total time in eT
  wall time (sec):                 3.30
  cpu time (sec):                158.37
  cpu/wall ratio:                 47.95
