


                     eT - an electronic structure program

  ------------------------------------------------------------------------
   Author list in alphabetical order:
  ------------------------------------------------------------------------
   J. H. Andersen, A. Balbi, S. Coriani, S. D. Folkestad, T. Giovannini, 
   L. Goletto, T. S. Haugland, A. Hutcheson, I-M. Høyvik, E. F. Kjønstad, 
   H. Koch, T. Moitra, R. H. Myhre, A. C. Paul, M. Scavino, A. Skeidsvoll, 
   Å. H. Tveten
  ------------------------------------------------------------------------


  :: Input file
  ================

     Note: geometry section is excluded from this print

     system
        name: methanol scan 2.50
        charge: 0
     end system

     do
       ground state
     end do

     memory
        available: 8
     end memory

     solver scf
        algorithm: scf-diis
     end solver scf

     molecular mechanics
        forcefield: non-polarizable
     end molecular mechanics

     method
        hf
     end method


  Running on 56 OMP thread(s)
  Memory available for calculation: 8.000000 GB


  :: Molecular system specifications (QM)
  ==========================================

     Name:             methanol scan 2.50
     Charge:           0
     Multiplicity:     1
     Coordinate units: angstrom

     Pure basis functions:         72
     Cartesian basis functions:    74
     Primitive basis functions:   108

     Nuclear repulsion energy (a.u.):             40.346784236152
     Bohr/angstrom value (CODATA 2010):            0.529177210920

     ==============================================================================
                                     Geometry (angstrom)
     ==============================================================================
        Atom           X                  Y                  Z         # in input
     ==============================================================================
        Basis: 6-311++g**
        1 C      0.997897000000     0.986064000000    -0.008014000000        1
        2 O     -0.422019000000     0.999211000000    -0.000572000000        2
        3 H      1.399338000000     0.999753000000    -1.024504000000        3
        4 H      1.399296000000     0.119782000000     0.523986000000        4
        5 H      1.322862000000     1.888586000000     0.504866000000        5
        6 H     -0.732374000000     0.211603000000    -0.448762000000        6
     ==============================================================================

     ==============================================================================
                                     Geometry (a.u.)
     ==============================================================================
        Atom           X                  Y                  Z         # in input
     ==============================================================================
        Basis: 6-311++g**
        1 C      1.885752030525     1.863390901293    -0.015144265162        1
        2 O     -0.797500329363     1.888235130653    -0.001080923343        2
        3 H      2.644365575697     1.889259362212    -1.936031973521        3
        4 H      2.644286207199     0.226355174653     0.990190033106        4
        5 H      2.499846880594     3.568910302688     0.954058469605        5
        6 H     -1.383986280752     0.399871717136    -0.848037275112        6
     ==============================================================================


  :: Molecular system specifications (MM)
  ==========================================

     Force Field:  non-polarizable

     Number of MM atoms:                   2
     Number of MM molecules:               1

    ====================================================================
                        MM Geometry (Å) and Parameters
    ====================================================================
    Atom    Mol             X          Y          Z            Charge
    ====================================================================
      H       1        -2.921878   1.022357   0.012530        1.000000
      H       1        -3.921821   1.031616   0.017771       -1.000000
    ====================================================================


  :: RHF wavefunction
  ======================

  This is a QM/MM calculation

     Electrostatic Embedding:

     Each atom of the MM portion is endowed with a charge which value 
     is a fixed external parameter.

     The QM/MM electrostatic interaction energy is defined as:

        E^ele_QM/MM = sum_i q_i * V_i(P)

     where V_i(P) is the electrostatic potential due to the QM density 
     calculated at the position of the i-th charge q_i.

     For further details, see:
     Senn & Thiel, Angew. Chem. Int. Ed., 2009, 48, 1198−1229


  - Cholesky decomposition of AO overlap to get linearly independent orbitals:

  - Orbital details:

     Number of occupied orbitals:         9
     Number of virtual orbitals:         63
     Number of molecular orbitals:       72
     Number of atomic orbitals:          72


  :: Hartree-Fock engine
  =========================

  Drives the calculation of the Hartree-Fock state.

  This is a RHF ground state calculation.
  The following tasks will be performed:

     1) Generate initial SAD density
     2) Calculation of reference state (SCF-DIIS algorithm)


  1) Generate initial SAD density


  2) Calculation of reference state (SCF-DIIS algorithm)

   - Self-consistent field DIIS Hartree-Fock solver
  ----------------------------------------------------

  A DIIS-accelerated Roothan-Hall self-consistent field solver. A least-square 
  DIIS fit is performed on the previous Fock matrices and associated gradients. 
  Following the Roothan-Hall update of the density, the DIIS-fitted Fock 
  matrix is used to get the next orbital coefficients.

  - Hartree-Fock solver settings:

     DIIS dimension:                         8
     Cumulative Fock threshold:       0.10E+01

     Energy threshold:              0.1000E-05
     Gradient threshold:            0.1000E-05

     Coulomb screening threshold:   0.1000E-11
     Exchange screening threshold:  0.1000E-09
     Fock precision:                0.1000E-23
     Integral cutoff:               0.1000E-11

  - Setting initial AO density to SAD

     Energy of initial guess:              -115.817796776439
     Number of electrons in guess:           18.000000000000

  Iteration       Energy (a.u.)      Max(grad.)    Delta E (a.u.)
  ---------------------------------------------------------------
     1          -115.564589279111     0.8775E-01     0.1156E+03
     2          -115.602751151044     0.7199E-01     0.3816E-01
     3          -115.618203409726     0.7451E-02     0.1545E-01
     4          -115.618734998740     0.6569E-03     0.5316E-03
     5          -115.618747930805     0.1403E-03     0.1293E-04
     6          -115.618748760710     0.3966E-04     0.8299E-06
     7          -115.618748803980     0.9894E-05     0.4327E-07
     8          -115.618748806874     0.3146E-05     0.2894E-08
     9          -115.618748807067     0.5375E-06     0.1935E-09
  ---------------------------------------------------------------
  Convergence criterion met in 9 iterations!

  - Summary of RHF wavefunction energetics (a.u.):

     HOMO-LUMO gap:                  0.514979892777
     Nuclear repulsion energy:      40.594481319534
     Electronic energy:           -156.213230126601
     Total energy:                -115.618748807067

  - Summary of QM/MM energetics:
                                         a.u.             eV     kcal/mol
     QM/MM SCF Contribution:        -0.788759028252
     QM/MM Electrostatic Energy:    -0.011884522388    -0.32339    -7.458

  - Molecular orbital energies

  -----------------------------------------------------------------------------------
   1 -20.607498491798  19   0.243305957329  37   1.214544185415  55   2.759711021855
   2 -11.306926169996  20   0.263115454678  38   1.331349266757  56   2.818193128781
   3  -1.408830530926  21   0.270197121586  39   1.404187295333  57   2.821237651228
   4  -0.964961033786  22   0.280365133629  40   1.573657949290  58   2.950732336389
   5  -0.736909218671  23   0.291120103837  41   1.632636351795  59   3.170448660950
   6  -0.659035905021  24   0.326582927188  42   1.682776318746  60   3.305755508940
   7  -0.639738651521  25   0.359032317603  43   1.751910157657  61   3.418968503951
   8  -0.545739358714  26   0.442596882727  44   1.773486749299  62   3.548519371693
   9  -0.495699292538  27   0.537291337591  45   1.781172655944  63   3.636372969231
  10   0.019280600239  28   0.549628169926  46   1.926774178573  64   4.096453790858
  11   0.036936430287  29   0.668967885541  47   1.934073290925  65   4.155239689294
  12   0.059194519400  30   0.743215797710  48   2.040666750715  66   4.286956767288
  13   0.063688868461  31   0.817155173900  49   2.262550984135  67   4.391518307868
  14   0.112424745242  32   0.823801813163  50   2.304503907191  68   5.517019503155
  15   0.121390645199  33   0.844175934090  51   2.386972461884  69   5.864176564738
  16   0.140857782238  34   1.033341470606  52   2.479592953792  70   6.167583448250
  17   0.163977069146  35   1.150791262104  53   2.670348245966  71  25.037970012216
  18   0.191960913287  36   1.199496775738  54   2.727310709851  72  51.550969992801
  -----------------------------------------------------------------------------------

  - Timings for the RHF ground state calculation

     Total wall time (sec):              3.12000
     Total cpu time (sec):             150.27695

  eT terminated successfully!
