
  Preparation of molecular system (Libint)
  wall time (sec):                 0.00
  cpu time (sec):                  0.00
  cpu/wall ratio:                  1.32

  Preparation of molecular system (total)
  wall time (sec):                 0.09
  cpu time (sec):                  0.29
  cpu/wall ratio:                  3.36

  Cholesky decomposition of AO overlap
  wall time (sec):                 0.00
  cpu time (sec):                  0.21
  cpu/wall ratio:                 53.23


  :: Hartree-Fock engine
  =========================


  1) Generate initial SAD density

  SAD generation time
  wall time (sec):                 0.28
  cpu time (sec):                 12.42
  cpu/wall ratio:                 43.88


  2) Calculation of reference state (SCF-DIIS algorithm)

  AO Fock construction
  wall time (sec):                 0.00
  cpu time (sec):                  0.17
  cpu/wall ratio:                 55.37

  AO Fock construction
  wall time (sec):                 0.06
  cpu time (sec):                  3.06
  cpu/wall ratio:                 53.69

  AO Fock construction
  wall time (sec):                 0.01
  cpu time (sec):                  0.34
  cpu/wall ratio:                 48.23

  SCF DIIS iteration time
  wall time (sec):                 0.02
  cpu time (sec):                  1.01
  cpu/wall ratio:                 53.04

  AO Fock construction
  wall time (sec):                 0.00
  cpu time (sec):                  0.11
  cpu/wall ratio:                 55.86

  SCF DIIS iteration time
  wall time (sec):                 0.01
  cpu time (sec):                  0.67
  cpu/wall ratio:                 51.22

  AO Fock construction
  wall time (sec):                 0.00
  cpu time (sec):                  0.11
  cpu/wall ratio:                 55.78

  SCF DIIS iteration time
  wall time (sec):                 0.02
  cpu time (sec):                  0.99
  cpu/wall ratio:                 52.28

  AO Fock construction
  wall time (sec):                 0.00
  cpu time (sec):                  0.22
  cpu/wall ratio:                 55.11

  SCF DIIS iteration time
  wall time (sec):                 0.03
  cpu time (sec):                  1.47
  cpu/wall ratio:                 52.44

  AO Fock construction
  wall time (sec):                 0.00
  cpu time (sec):                  0.11
  cpu/wall ratio:                 55.87

  SCF DIIS iteration time
  wall time (sec):                 0.01
  cpu time (sec):                  0.50
  cpu/wall ratio:                 50.33

  AO Fock construction
  wall time (sec):                 0.02
  cpu time (sec):                  0.99
  cpu/wall ratio:                 54.94

  SCF DIIS iteration time
  wall time (sec):                 0.05
  cpu time (sec):                  2.70
  cpu/wall ratio:                 54.02

  AO Fock construction
  wall time (sec):                 0.02
  cpu time (sec):                  1.21
  cpu/wall ratio:                 54.92

  SCF DIIS iteration time
  wall time (sec):                 0.05
  cpu time (sec):                  2.81
  cpu/wall ratio:                 53.99

  SCF DIIS iteration time
  wall time (sec):                 0.00
  cpu time (sec):                  0.00

  SCF DIIS solver time
  wall time (sec):                 0.26
  cpu time (sec):                 13.69
  cpu/wall ratio:                 53.04

  Hartree-Fock engine
  wall time (sec):                 0.54
  cpu time (sec):                 26.11
  cpu/wall ratio:                 48.16


  :: Total time
  ================

  Total time in eT
  wall time (sec):                 0.65
  cpu time (sec):                 27.58
  cpu/wall ratio:                 42.24
