
  Preparation of molecular system (Libint)
  wall time (sec):                 0.00
  cpu time (sec):                  0.00
  cpu/wall ratio:                  1.40

  Preparation of molecular system (total)
  wall time (sec):                 0.09
  cpu time (sec):                  0.24
  cpu/wall ratio:                  2.68

  Cholesky decomposition of AO overlap
  wall time (sec):                 0.00
  cpu time (sec):                  0.21
  cpu/wall ratio:                 53.06


  :: Hartree-Fock engine
  =========================


  1) Generate initial SAD density

  SAD generation time
  wall time (sec):                 0.35
  cpu time (sec):                 15.27
  cpu/wall ratio:                 44.01


  2) Calculation of reference state (SCF-DIIS algorithm)

  AO Fock construction
  wall time (sec):                 0.00
  cpu time (sec):                  0.16
  cpu/wall ratio:                 53.85

  AO Fock construction
  wall time (sec):                 0.01
  cpu time (sec):                  0.45
  cpu/wall ratio:                 49.94

  AO Fock construction
  wall time (sec):                 0.01
  cpu time (sec):                  0.55
  cpu/wall ratio:                 49.82

  SCF DIIS iteration time
  wall time (sec):                 0.02
  cpu time (sec):                  1.28
  cpu/wall ratio:                 53.29

  AO Fock construction
  wall time (sec):                 0.01
  cpu time (sec):                  0.28
  cpu/wall ratio:                 55.24

  SCF DIIS iteration time
  wall time (sec):                 0.03
  cpu time (sec):                  1.77
  cpu/wall ratio:                 53.67

  AO Fock construction
  wall time (sec):                 0.09
  cpu time (sec):                  4.88
  cpu/wall ratio:                 54.85

  SCF DIIS iteration time
  wall time (sec):                 0.11
  cpu time (sec):                  5.99
  cpu/wall ratio:                 54.44

  AO Fock construction
  wall time (sec):                 0.00
  cpu time (sec):                  0.11
  cpu/wall ratio:                 55.71

  SCF DIIS iteration time
  wall time (sec):                 0.03
  cpu time (sec):                  1.44
  cpu/wall ratio:                 53.24

  AO Fock construction
  wall time (sec):                 0.00
  cpu time (sec):                  0.11
  cpu/wall ratio:                 55.83

  SCF DIIS iteration time
  wall time (sec):                 0.01
  cpu time (sec):                  0.45
  cpu/wall ratio:                 44.80

  AO Fock construction
  wall time (sec):                 0.00
  cpu time (sec):                  0.11
  cpu/wall ratio:                 55.85

  SCF DIIS iteration time
  wall time (sec):                 0.01
  cpu time (sec):                  0.56
  cpu/wall ratio:                 50.82

  AO Fock construction
  wall time (sec):                 0.00
  cpu time (sec):                  0.11
  cpu/wall ratio:                 55.87

  SCF DIIS iteration time
  wall time (sec):                 0.01
  cpu time (sec):                  0.39
  cpu/wall ratio:                 49.36

  SCF DIIS iteration time
  wall time (sec):                 0.00
  cpu time (sec):                  0.06
  cpu/wall ratio:                 55.42

  SCF DIIS solver time
  wall time (sec):                 0.24
  cpu time (sec):                 12.96
  cpu/wall ratio:                 53.12

  Hartree-Fock engine
  wall time (sec):                 0.59
  cpu time (sec):                 28.29
  cpu/wall ratio:                 47.78


  :: Total time
  ================

  Total time in eT
  wall time (sec):                 0.71
  cpu time (sec):                 29.92
  cpu/wall ratio:                 42.09
