
  Preparation of molecular system (Libint)
  wall time (sec):                 0.00
  cpu time (sec):                  0.00
  cpu/wall ratio:                  1.31

  Preparation of molecular system (total)
  wall time (sec):                 0.11
  cpu time (sec):                  1.52
  cpu/wall ratio:                 13.56

  Cholesky decomposition of AO overlap
  wall time (sec):                 0.04
  cpu time (sec):                  2.42
  cpu/wall ratio:                 54.89


  :: Hartree-Fock engine
  =========================


  1) Generate initial SAD density

  SAD generation time
  wall time (sec):                 0.33
  cpu time (sec):                 15.59
  cpu/wall ratio:                 47.11


  2) Calculation of reference state (SCF-DIIS algorithm)

  AO Fock construction
  wall time (sec):                 0.00
  cpu time (sec):                  0.18
  cpu/wall ratio:                 45.13

  AO Fock construction
  wall time (sec):                 0.01
  cpu time (sec):                  0.44
  cpu/wall ratio:                 48.58

  AO Fock construction
  wall time (sec):                 0.01
  cpu time (sec):                  0.34
  cpu/wall ratio:                 47.88

  SCF DIIS iteration time
  wall time (sec):                 0.02
  cpu time (sec):                  1.01
  cpu/wall ratio:                 53.00

  AO Fock construction
  wall time (sec):                 0.06
  cpu time (sec):                  3.07
  cpu/wall ratio:                 54.88

  SCF DIIS iteration time
  wall time (sec):                 0.08
  cpu time (sec):                  4.62
  cpu/wall ratio:                 54.31

  AO Fock construction
  wall time (sec):                 0.14
  cpu time (sec):                  7.51
  cpu/wall ratio:                 54.85

  SCF DIIS iteration time
  wall time (sec):                 0.17
  cpu time (sec):                  9.06
  cpu/wall ratio:                 54.57

  AO Fock construction
  wall time (sec):                 0.09
  cpu time (sec):                  4.72
  cpu/wall ratio:                 54.84

  SCF DIIS iteration time
  wall time (sec):                 0.11
  cpu time (sec):                  6.26
  cpu/wall ratio:                 54.43

  AO Fock construction
  wall time (sec):                 0.00
  cpu time (sec):                  0.11
  cpu/wall ratio:                 55.82

  SCF DIIS iteration time
  wall time (sec):                 0.01
  cpu time (sec):                  0.45
  cpu/wall ratio:                 49.78

  AO Fock construction
  wall time (sec):                 0.00
  cpu time (sec):                  0.16
  cpu/wall ratio:                 80.88

  SCF DIIS iteration time
  wall time (sec):                 0.03
  cpu time (sec):                  1.79
  cpu/wall ratio:                 52.70

  AO Fock construction
  wall time (sec):                 0.00
  cpu time (sec):                  0.11
  cpu/wall ratio:                 55.84

  SCF DIIS iteration time
  wall time (sec):                 0.01
  cpu time (sec):                  0.45
  cpu/wall ratio:                 49.78

  SCF DIIS iteration time
  wall time (sec):                 0.00
  cpu time (sec):                  0.06
  cpu/wall ratio:                 55.39

  SCF DIIS solver time
  wall time (sec):                 0.46
  cpu time (sec):                 24.62
  cpu/wall ratio:                 53.88

  Hartree-Fock engine
  wall time (sec):                 0.79
  cpu time (sec):                 40.22
  cpu/wall ratio:                 50.97


  :: Total time
  ================

  Total time in eT
  wall time (sec):                 1.00
  cpu time (sec):                 46.67
  cpu/wall ratio:                 46.67
