
  Preparation of molecular system (Libint)
  wall time (sec):                 0.00
  cpu time (sec):                  0.00
  cpu/wall ratio:                  1.40

  Preparation of molecular system (total)
  wall time (sec):                 0.11
  cpu time (sec):                  1.50
  cpu/wall ratio:                 13.49

  Cholesky decomposition of AO overlap
  wall time (sec):                 0.03
  cpu time (sec):                  1.92
  cpu/wall ratio:                 54.91


  :: Hartree-Fock engine
  =========================


  1) Generate initial SAD density

  SAD generation time
  wall time (sec):                 0.39
  cpu time (sec):                 16.65
  cpu/wall ratio:                 42.48


  2) Calculation of reference state (SCF-DIIS algorithm)

  AO Fock construction
  wall time (sec):                 0.00
  cpu time (sec):                  0.11
  cpu/wall ratio:                 56.00

  AO Fock construction
  wall time (sec):                 0.01
  cpu time (sec):                  0.36
  cpu/wall ratio:                 50.78

  AO Fock construction
  wall time (sec):                 0.01
  cpu time (sec):                  0.34
  cpu/wall ratio:                 47.95

  SCF DIIS iteration time
  wall time (sec):                 0.02
  cpu time (sec):                  0.90
  cpu/wall ratio:                 52.84

  AO Fock construction
  wall time (sec):                 0.06
  cpu time (sec):                  3.29
  cpu/wall ratio:                 54.88

  SCF DIIS iteration time
  wall time (sec):                 0.09
  cpu time (sec):                  4.79
  cpu/wall ratio:                 54.38

  AO Fock construction
  wall time (sec):                 0.00
  cpu time (sec):                  0.14
  cpu/wall ratio:                 69.80

  SCF DIIS iteration time
  wall time (sec):                 0.04
  cpu time (sec):                  1.93
  cpu/wall ratio:                 53.59

  AO Fock construction
  wall time (sec):                 0.00
  cpu time (sec):                  0.11
  cpu/wall ratio:                 55.87

  SCF DIIS iteration time
  wall time (sec):                 0.01
  cpu time (sec):                  0.50
  cpu/wall ratio:                 50.19

  AO Fock construction
  wall time (sec):                 0.00
  cpu time (sec):                  0.11
  cpu/wall ratio:                 55.85

  SCF DIIS iteration time
  wall time (sec):                 0.01
  cpu time (sec):                  0.50
  cpu/wall ratio:                 50.33

  AO Fock construction
  wall time (sec):                 0.00
  cpu time (sec):                  0.11
  cpu/wall ratio:                 55.81

  SCF DIIS iteration time
  wall time (sec):                 0.03
  cpu time (sec):                  1.59
  cpu/wall ratio:                 53.01

  AO Fock construction
  wall time (sec):                 0.00
  cpu time (sec):                  0.11
  cpu/wall ratio:                 55.83

  SCF DIIS iteration time
  wall time (sec):                 0.01
  cpu time (sec):                  0.56
  cpu/wall ratio:                 50.61

  SCF DIIS iteration time
  wall time (sec):                 0.00
  cpu time (sec):                  0.06
  cpu/wall ratio:                 55.46

  SCF DIIS solver time
  wall time (sec):                 0.23
  cpu time (sec):                 12.05
  cpu/wall ratio:                 53.08

  Hartree-Fock engine
  wall time (sec):                 0.62
  cpu time (sec):                 28.70
  cpu/wall ratio:                 46.29


  :: Total time
  ================

  Total time in eT
  wall time (sec):                 0.82
  cpu time (sec):                 34.58
  cpu/wall ratio:                 42.27
