
  Preparation of molecular system (Libint)
  wall time (sec):                 0.00
  cpu time (sec):                  0.00
  cpu/wall ratio:                  1.09

  Preparation of molecular system (total)
  wall time (sec):                 0.11
  cpu time (sec):                  1.53
  cpu/wall ratio:                 13.90

  Cholesky decomposition of AO overlap
  wall time (sec):                 0.06
  cpu time (sec):                  3.24
  cpu/wall ratio:                 54.83


  :: Hartree-Fock engine
  =========================


  1) Generate initial SAD density

  SAD generation time
  wall time (sec):                 0.34
  cpu time (sec):                 16.23
  cpu/wall ratio:                 47.44


  2) Calculation of reference state (SCF-DIIS algorithm)

  AO Fock construction
  wall time (sec):                 0.00
  cpu time (sec):                  0.15
  cpu/wall ratio:                 49.22

  AO Fock construction
  wall time (sec):                 0.10
  cpu time (sec):                  5.24
  cpu/wall ratio:                 54.01

  AO Fock construction
  wall time (sec):                 0.01
  cpu time (sec):                  0.39
  cpu/wall ratio:                 48.43

  SCF DIIS iteration time
  wall time (sec):                 0.02
  cpu time (sec):                  1.06
  cpu/wall ratio:                 52.91

  AO Fock construction
  wall time (sec):                 0.00
  cpu time (sec):                  0.11
  cpu/wall ratio:                 55.79

  SCF DIIS iteration time
  wall time (sec):                 0.01
  cpu time (sec):                  0.50
  cpu/wall ratio:                 50.45

  AO Fock construction
  wall time (sec):                 0.00
  cpu time (sec):                  0.11
  cpu/wall ratio:                 55.82

  SCF DIIS iteration time
  wall time (sec):                 0.01
  cpu time (sec):                  0.67
  cpu/wall ratio:                 51.23

  AO Fock construction
  wall time (sec):                 0.00
  cpu time (sec):                  0.11
  cpu/wall ratio:                 55.79

  SCF DIIS iteration time
  wall time (sec):                 0.01
  cpu time (sec):                  0.56
  cpu/wall ratio:                 50.66

  AO Fock construction
  wall time (sec):                 0.03
  cpu time (sec):                  1.70
  cpu/wall ratio:                 54.89

  SCF DIIS iteration time
  wall time (sec):                 0.06
  cpu time (sec):                  3.34
  cpu/wall ratio:                 53.90

  AO Fock construction
  wall time (sec):                 0.02
  cpu time (sec):                  1.21
  cpu/wall ratio:                 54.92

  SCF DIIS iteration time
  wall time (sec):                 0.05
  cpu time (sec):                  2.81
  cpu/wall ratio:                 54.02

  AO Fock construction
  wall time (sec):                 0.00
  cpu time (sec):                  0.11
  cpu/wall ratio:                 54.93

  SCF DIIS iteration time
  wall time (sec):                 0.01
  cpu time (sec):                  0.34
  cpu/wall ratio:                 48.61

  SCF DIIS iteration time
  wall time (sec):                 0.00
  cpu time (sec):                  0.06
  cpu/wall ratio:                 55.83

  SCF DIIS solver time
  wall time (sec):                 0.28
  cpu time (sec):                 14.98
  cpu/wall ratio:                 53.11

  Hartree-Fock engine
  wall time (sec):                 0.62
  cpu time (sec):                 31.20
  cpu/wall ratio:                 50.01


  :: Total time
  ================

  Total time in eT
  wall time (sec):                 0.85
  cpu time (sec):                 38.47
  cpu/wall ratio:                 45.36
