
  Preparation of molecular system (Libint)
  wall time (sec):                 0.00
  cpu time (sec):                  0.00
  cpu/wall ratio:                  1.70

  Preparation of molecular system (total)
  wall time (sec):                 0.12
  cpu time (sec):                  1.72
  cpu/wall ratio:                 14.86

  Cholesky decomposition of AO overlap
  wall time (sec):                 0.07
  cpu time (sec):                  1.53
  cpu/wall ratio:                 23.16


  :: Hartree-Fock engine
  =========================


  1) Generate initial SAD density

  SAD generation time
  wall time (sec):                 0.24
  cpu time (sec):                  9.11
  cpu/wall ratio:                 38.44


  2) Calculation of reference state (SCF-DIIS algorithm)

  AO Fock construction
  wall time (sec):                 0.20
  cpu time (sec):                 10.78
  cpu/wall ratio:                 54.47

  AO Fock construction
  wall time (sec):                 0.55
  cpu time (sec):                 30.52
  cpu/wall ratio:                 55.39

  AO Fock construction
  wall time (sec):                 0.53
  cpu time (sec):                 29.09
  cpu/wall ratio:                 55.41

  SCF DIIS iteration time
  wall time (sec):                 0.67
  cpu time (sec):                 36.02
  cpu/wall ratio:                 53.37

  AO Fock construction
  wall time (sec):                 0.59
  cpu time (sec):                 32.54
  cpu/wall ratio:                 55.25

  SCF DIIS iteration time
  wall time (sec):                 0.85
  cpu time (sec):                 45.77
  cpu/wall ratio:                 53.65

  AO Fock construction
  wall time (sec):                 0.57
  cpu time (sec):                 31.44
  cpu/wall ratio:                 55.25

  SCF DIIS iteration time
  wall time (sec):                 0.67
  cpu time (sec):                 35.86
  cpu/wall ratio:                 53.45

  AO Fock construction
  wall time (sec):                 0.51
  cpu time (sec):                 28.01
  cpu/wall ratio:                 55.35

  SCF DIIS iteration time
  wall time (sec):                 0.71
  cpu time (sec):                 38.15
  cpu/wall ratio:                 53.58

  AO Fock construction
  wall time (sec):                 0.50
  cpu time (sec):                 27.61
  cpu/wall ratio:                 55.12

  SCF DIIS iteration time
  wall time (sec):                 0.79
  cpu time (sec):                 42.43
  cpu/wall ratio:                 53.51

  AO Fock construction
  wall time (sec):                 0.45
  cpu time (sec):                 25.15
  cpu/wall ratio:                 55.27

  SCF DIIS iteration time
  wall time (sec):                 0.55
  cpu time (sec):                 29.21
  cpu/wall ratio:                 53.21

  AO Fock construction
  wall time (sec):                 0.53
  cpu time (sec):                 28.99
  cpu/wall ratio:                 55.22

  SCF DIIS iteration time
  wall time (sec):                 0.77
  cpu time (sec):                 41.43
  cpu/wall ratio:                 53.67

  SCF DIIS iteration time
  wall time (sec):                 0.00
  cpu time (sec):                  0.11
  cpu/wall ratio:                 55.57

  SCF DIIS solver time
  wall time (sec):                 6.16
  cpu time (sec):                329.08
  cpu/wall ratio:                 53.47

  Hartree-Fock engine
  wall time (sec):                 6.39
  cpu time (sec):                338.19
  cpu/wall ratio:                 52.91


  :: Total time
  ================

  Total time in eT
  wall time (sec):                 6.67
  cpu time (sec):                345.83
  cpu/wall ratio:                 51.83
