


                     eT - an electronic structure program

  ------------------------------------------------------------------------
   Author list in alphabetical order:
  ------------------------------------------------------------------------
   J. H. Andersen, A. Balbi, S. Coriani, S. D. Folkestad, T. Giovannini, 
   L. Goletto, T. S. Haugland, A. Hutcheson, I-M. Høyvik, E. F. Kjønstad, 
   H. Koch, T. Moitra, R. H. Myhre, A. C. Paul, M. Scavino, A. Skeidsvoll, 
   Å. H. Tveten
  ------------------------------------------------------------------------


  :: Input file
  ================

     Note: geometry section is excluded from this print

     system
        name: benzene scan 6.25
        charge: 0
     end system

     do
       ground state
     end do

     memory
        available: 8
     end memory

     solver scf
        algorithm: scf-diis
     end solver scf

     molecular mechanics
        forcefield: non-polarizable
     end molecular mechanics

     method
        hf
     end method


  Running on 56 OMP thread(s)
  Memory available for calculation: 8.000000 GB


  :: Molecular system specifications (QM)
  ==========================================

     Name:             benzene scan 6.25
     Charge:           0
     Multiplicity:     1
     Coordinate units: angstrom

     Pure basis functions:        174
     Cartesian basis functions:   180
     Primitive basis functions:   270

     Nuclear repulsion energy (a.u.):            204.234616969248
     Bohr/angstrom value (CODATA 2010):            0.529177210920

     ==============================================================================
                                     Geometry (angstrom)
     ==============================================================================
        Atom           X                  Y                  Z         # in input
     ==============================================================================
        Basis: 6-311++g**
        1 C     -2.282182000000     0.094329000000    -0.000183000000        1
        2 C     -0.893220000000     0.094263000000     0.000431000000        2
        3 C     -0.198699000000     1.297110000000     0.000040000000        3
        4 C     -0.893125000000     2.500009000000    -0.000978000000        4
        5 C     -2.282088000000     2.500067000000    -0.001601000000        5
        6 C     -2.976633000000     1.297226000000    -0.001196000000        6
        7 H     -2.824040000000    -0.844049000000     0.000125000000        7
        8 H     -0.351527000000    -0.844201000000     0.001214000000        8
        9 H      0.884886000000     1.297069000000     0.000516000000        9
       10 H     -0.351327000000     3.438411000000    -0.001306000000       10
       11 H     -2.823832000000     3.438507000000    -0.002402000000       11
       12 H     -4.060212000000     1.297260000000    -0.001659000000       12
     ==============================================================================

     ==============================================================================
                                     Geometry (a.u.)
     ==============================================================================
        Atom           X                  Y                  Z         # in input
     ==============================================================================
        Basis: 6-311++g**
        1 C     -4.312698946412     0.178255975604    -0.000345819881        1
        2 C     -1.687941168984     0.178131253680     0.000814471960        2
        3 C     -0.375486691225     2.451182653435     0.000075589045        3
        4 C     -1.687761645002     4.724332318948    -0.001848152150        4
        5 C     -4.312521312156     4.724441923063    -0.003025451525        5
        6 C     -5.625021143342     2.451401861665    -0.002260112445        6
        7 H     -5.336662164817    -1.595021445713     0.000236215766        7
        8 H     -0.664289755390    -1.595308684084     0.002294127515        8
        9 H      1.672192191462     2.451105174663     0.000975098680        9
       10 H     -0.663911810165     6.497655093692    -0.002467982319       10
       11 H     -5.336269101783     6.497836507400    -0.004539122151       11
       12 H     -7.672688687673     2.451466112353    -0.003135055641       12
     ==============================================================================


  :: Molecular system specifications (MM)
  ==========================================

     Force Field:  non-polarizable

     Number of MM atoms:                   2
     Number of MM molecules:               1

    ====================================================================
                        MM Geometry (Å) and Parameters
    ====================================================================
    Atom    Mol             X          Y          Z            Charge
    ====================================================================
      H       1        -2.826803  -0.840402   6.250123        1.000000
      H       1        -2.827245  -0.839819   7.250123       -1.000000
    ====================================================================


  :: RHF wavefunction
  ======================

  This is a QM/MM calculation

     Electrostatic Embedding:

     Each atom of the MM portion is endowed with a charge which value 
     is a fixed external parameter.

     The QM/MM electrostatic interaction energy is defined as:

        E^ele_QM/MM = sum_i q_i * V_i(P)

     where V_i(P) is the electrostatic potential due to the QM density 
     calculated at the position of the i-th charge q_i.

     For further details, see:
     Senn & Thiel, Angew. Chem. Int. Ed., 2009, 48, 1198−1229


  - Cholesky decomposition of AO overlap to get linearly independent orbitals:

  - Orbital details:

     Number of occupied orbitals:        21
     Number of virtual orbitals:        153
     Number of molecular orbitals:      174
     Number of atomic orbitals:         174


  :: Hartree-Fock engine
  =========================

  Drives the calculation of the Hartree-Fock state.

  This is a RHF ground state calculation.
  The following tasks will be performed:

     1) Generate initial SAD density
     2) Calculation of reference state (SCF-DIIS algorithm)


  1) Generate initial SAD density


  2) Calculation of reference state (SCF-DIIS algorithm)

   - Self-consistent field DIIS Hartree-Fock solver
  ----------------------------------------------------

  A DIIS-accelerated Roothan-Hall self-consistent field solver. A least-square 
  DIIS fit is performed on the previous Fock matrices and associated gradients. 
  Following the Roothan-Hall update of the density, the DIIS-fitted Fock 
  matrix is used to get the next orbital coefficients.

  - Hartree-Fock solver settings:

     DIIS dimension:                         8
     Cumulative Fock threshold:       0.10E+01

     Energy threshold:              0.1000E-05
     Gradient threshold:            0.1000E-05

     Coulomb screening threshold:   0.1000E-11
     Exchange screening threshold:  0.1000E-09
     Fock precision:                0.1000E-23
     Integral cutoff:               0.1000E-11

  - Setting initial AO density to SAD

     Energy of initial guess:              -234.212848018399
     Number of electrons in guess:           42.000000000000

  Iteration       Energy (a.u.)      Max(grad.)    Delta E (a.u.)
  ---------------------------------------------------------------
     1          -231.197762167563     0.4437E-01     0.2312E+03
     2          -231.276049286012     0.1806E-01     0.7829E-01
     3          -231.285200104028     0.6240E-02     0.9151E-02
     4          -231.286442204615     0.4293E-03     0.1242E-02
     5          -231.286451094985     0.1500E-03     0.8890E-05
     6          -231.286451628270     0.4602E-04     0.5333E-06
     7          -231.286451709488     0.3953E-05     0.8122E-07
     8          -231.286451710703     0.1013E-05     0.1215E-08
     9          -231.286451710757     0.2661E-06     0.5357E-10
  ---------------------------------------------------------------
  Convergence criterion met in 9 iterations!

  - Summary of RHF wavefunction energetics (a.u.):

     HOMO-LUMO gap:                  0.380712593211
     Nuclear repulsion energy:     204.090371705596
     Electronic energy:           -435.376823416353
     Total energy:                -231.286451710757

  - Summary of QM/MM energetics:
                                         a.u.             eV     kcal/mol
     QM/MM SCF Contribution:        -0.385724168930
     QM/MM Electrostatic Energy:    -0.000792363283    -0.02156    -0.497

  - Molecular orbital energies

  ---------------------------------------------------------------------------------------
    1 -11.246202995579   45   0.211226340904   89   1.050707788279  133   2.734304662973
    2 -11.245460879978   46   0.217784765055   90   1.104236170959  134   2.740159544794
    3 -11.245340468525   47   0.218593869671   91   1.114178277039  135   2.740174745428
    4 -11.244304208486   48   0.243900712261   92   1.114378257632  136   2.808272443789
    5 -11.244100005426   49   0.243958754744   93   1.127086603960  137   2.808432154598
    6 -11.243401269525   50   0.279325119796   94   1.159314514819  138   2.959356212564
    7  -1.164638887202   51   0.279528922919   95   1.209648866071  139   2.959408506785
    8  -1.027165804095   52   0.297010410615   96   1.209712763228  140   2.980328879766
    9  -1.027076300896   53   0.323941875273   97   1.241931400089  141   2.992644379706
   10  -0.834985269854   54   0.325784800662   98   1.316197666032  142   3.014069472105
   11  -0.834962441715   55   0.362488199887   99   1.316332442236  143   3.014263106592
   12  -0.721210794970   56   0.400372648891  100   1.385252048678  144   3.038663787218
   13  -0.651803087731   57   0.400919321560  101   1.385313517639  145   3.038895362200
   14  -0.631930674763   58   0.423352228528  102   1.515983267489  146   3.051179024945
   15  -0.598948282054   59   0.423563606489  103   1.544242864619  147   3.080335649672
   16  -0.598829259966   60   0.433507445582  104   1.704781539250  148   3.183922281568
   17  -0.513527094682   61   0.491352831941  105   1.781388394808  149   3.184025139151
   18  -0.504743496220   62   0.491480404420  106   1.781490320958  150   3.264395330008
   19  -0.504651966306   63   0.502721440041  107   1.790998759751  151   3.286122122064
   20  -0.347260895559   64   0.502905005411  108   1.819655351048  152   3.286191551799
   21  -0.347092775373   65   0.594831892024  109   1.838783856348  153   3.327483192384
   22   0.033619817837   66   0.601968024718  110   1.838833306327  154   3.327575683406
   23   0.042132084714   67   0.705027322661  111   1.902779815126  155   3.477898782727
   24   0.042554409247   68   0.713431024125  112   1.902906839981  156   3.552068004242
   25   0.060011019314   69   0.713745229763  113   1.927409536818  157   3.777696079838
   26   0.060278388627   70   0.723690339920  114   1.927458946670  158   3.777721668900
   27   0.082617170512   71   0.743034778760  115   1.980612296968  159   3.904786984929
   28   0.101019973393   72   0.743091722187  116   2.046034812265  160   3.904881259030
   29   0.101224197977   73   0.746464389414  117   2.046198372571  161   3.918056113835
   30   0.117242737992   74   0.747071107001  118   2.098628628118  162   4.087300694184
   31   0.141907377238   75   0.747437717635  119   2.098719465205  163   4.398259240226
   32   0.143142073413   76   0.787344414507  120   2.123783006431  164   4.398368288719
   33   0.148312478949   77   0.810677619477  121   2.231996797481  165   4.492403334665
   34   0.155309541413   78   0.810795671075  122   2.233352807163  166   4.565369630270
   35   0.173475867958   79   0.878356518965  123   2.233381702161  167   4.565399882261
   36   0.174071740992   80   0.932409047656  124   2.242645752098  168   5.278150591958
   37   0.176039145747   81   0.932459422241  125   2.242680433612  169  24.736235665877
   38   0.176811267241   82   0.945191191748  126   2.291155503498  170  25.137612238674
   39   0.184278323485   83   0.945271374690  127   2.342199414125  171  25.137662602805
   40   0.200292964491   84   0.965974264323  128   2.342203535824  172  25.267873517504
   41   0.205166110368   85   1.007283293078  129   2.372092973049  173  25.267933168926
   42   0.205506509289   86   1.007486529426  130   2.372217677481  174  25.381584529651
   43   0.207765132842   87   1.008484393101  131   2.635046515163
   44   0.207986769807   88   1.050512321215  132   2.662867478485
  ---------------------------------------------------------------------------------------

  - Timings for the RHF ground state calculation

     Total wall time (sec):              7.51600
     Total cpu time (sec):             398.79137

  eT terminated successfully!
