


                     eT - an electronic structure program

  ------------------------------------------------------------------------
   Author list in alphabetical order:
  ------------------------------------------------------------------------
   J. H. Andersen, A. Balbi, S. Coriani, S. D. Folkestad, T. Giovannini, 
   L. Goletto, T. S. Haugland, A. Hutcheson, I-M. Høyvik, E. F. Kjønstad, 
   H. Koch, T. Moitra, R. H. Myhre, A. C. Paul, M. Scavino, A. Skeidsvoll, 
   Å. H. Tveten
  ------------------------------------------------------------------------


  :: Input file
  ================

     Note: geometry section is excluded from this print

     system
        name: benzene scan 2.00
        charge: 0
     end system

     do
       ground state
     end do

     memory
        available: 8
     end memory

     solver scf
        algorithm: scf-diis
     end solver scf

     molecular mechanics
        forcefield: non-polarizable
     end molecular mechanics

     method
        hf
     end method


  Running on 56 OMP thread(s)
  Memory available for calculation: 8.000000 GB


  :: Molecular system specifications (QM)
  ==========================================

     Name:             benzene scan 2.00
     Charge:           0
     Multiplicity:     1
     Coordinate units: angstrom

     Pure basis functions:        174
     Cartesian basis functions:   180
     Primitive basis functions:   270

     Nuclear repulsion energy (a.u.):            204.234616969248
     Bohr/angstrom value (CODATA 2010):            0.529177210920

     ==============================================================================
                                     Geometry (angstrom)
     ==============================================================================
        Atom           X                  Y                  Z         # in input
     ==============================================================================
        Basis: 6-311++g**
        1 C     -2.282182000000     0.094329000000    -0.000183000000        1
        2 C     -0.893220000000     0.094263000000     0.000431000000        2
        3 C     -0.198699000000     1.297110000000     0.000040000000        3
        4 C     -0.893125000000     2.500009000000    -0.000978000000        4
        5 C     -2.282088000000     2.500067000000    -0.001601000000        5
        6 C     -2.976633000000     1.297226000000    -0.001196000000        6
        7 H     -2.824040000000    -0.844049000000     0.000125000000        7
        8 H     -0.351527000000    -0.844201000000     0.001214000000        8
        9 H      0.884886000000     1.297069000000     0.000516000000        9
       10 H     -0.351327000000     3.438411000000    -0.001306000000       10
       11 H     -2.823832000000     3.438507000000    -0.002402000000       11
       12 H     -4.060212000000     1.297260000000    -0.001659000000       12
     ==============================================================================

     ==============================================================================
                                     Geometry (a.u.)
     ==============================================================================
        Atom           X                  Y                  Z         # in input
     ==============================================================================
        Basis: 6-311++g**
        1 C     -4.312698946412     0.178255975604    -0.000345819881        1
        2 C     -1.687941168984     0.178131253680     0.000814471960        2
        3 C     -0.375486691225     2.451182653435     0.000075589045        3
        4 C     -1.687761645002     4.724332318948    -0.001848152150        4
        5 C     -4.312521312156     4.724441923063    -0.003025451525        5
        6 C     -5.625021143342     2.451401861665    -0.002260112445        6
        7 H     -5.336662164817    -1.595021445713     0.000236215766        7
        8 H     -0.664289755390    -1.595308684084     0.002294127515        8
        9 H      1.672192191462     2.451105174663     0.000975098680        9
       10 H     -0.663911810165     6.497655093692    -0.002467982319       10
       11 H     -5.336269101783     6.497836507400    -0.004539122151       11
       12 H     -7.672688687673     2.451466112353    -0.003135055641       12
     ==============================================================================


  :: Molecular system specifications (MM)
  ==========================================

     Force Field:  non-polarizable

     Number of MM atoms:                   2
     Number of MM molecules:               1

    ====================================================================
                        MM Geometry (Å) and Parameters
    ====================================================================
    Atom    Mol             X          Y          Z            Charge
    ====================================================================
      H       1        -2.824924  -0.842882   2.000124        1.000000
      H       1        -2.825366  -0.842299   3.000124       -1.000000
    ====================================================================


  :: RHF wavefunction
  ======================

  This is a QM/MM calculation

     Electrostatic Embedding:

     Each atom of the MM portion is endowed with a charge which value 
     is a fixed external parameter.

     The QM/MM electrostatic interaction energy is defined as:

        E^ele_QM/MM = sum_i q_i * V_i(P)

     where V_i(P) is the electrostatic potential due to the QM density 
     calculated at the position of the i-th charge q_i.

     For further details, see:
     Senn & Thiel, Angew. Chem. Int. Ed., 2009, 48, 1198−1229


  - Cholesky decomposition of AO overlap to get linearly independent orbitals:

  - Orbital details:

     Number of occupied orbitals:        21
     Number of virtual orbitals:        153
     Number of molecular orbitals:      174
     Number of atomic orbitals:         174


  :: Hartree-Fock engine
  =========================

  Drives the calculation of the Hartree-Fock state.

  This is a RHF ground state calculation.
  The following tasks will be performed:

     1) Generate initial SAD density
     2) Calculation of reference state (SCF-DIIS algorithm)


  1) Generate initial SAD density


  2) Calculation of reference state (SCF-DIIS algorithm)

   - Self-consistent field DIIS Hartree-Fock solver
  ----------------------------------------------------

  A DIIS-accelerated Roothan-Hall self-consistent field solver. A least-square 
  DIIS fit is performed on the previous Fock matrices and associated gradients. 
  Following the Roothan-Hall update of the density, the DIIS-fitted Fock 
  matrix is used to get the next orbital coefficients.

  - Hartree-Fock solver settings:

     DIIS dimension:                         8
     Cumulative Fock threshold:       0.10E+01

     Energy threshold:              0.1000E-05
     Gradient threshold:            0.1000E-05

     Coulomb screening threshold:   0.1000E-11
     Exchange screening threshold:  0.1000E-09
     Fock precision:                0.1000E-23
     Integral cutoff:               0.1000E-11

  - Setting initial AO density to SAD

     Energy of initial guess:              -234.210199949980
     Number of electrons in guess:           42.000000000000

  Iteration       Energy (a.u.)      Max(grad.)    Delta E (a.u.)
  ---------------------------------------------------------------
     1          -231.204874669804     0.4543E-01     0.2312E+03
     2          -231.284783278534     0.2081E-01     0.7991E-01
     3          -231.295053303586     0.7826E-02     0.1027E-01
     4          -231.296540092223     0.1477E-02     0.1487E-02
     5          -231.296589388177     0.4078E-03     0.4930E-04
     6          -231.296597702524     0.1177E-03     0.8314E-05
     7          -231.296599569601     0.5181E-04     0.1867E-05
     8          -231.296599963505     0.2369E-04     0.3939E-06
     9          -231.296600014806     0.6868E-05     0.5130E-07
    10          -231.296600017839     0.1932E-05     0.3033E-08
    11          -231.296600017651     0.4895E-06     0.1886E-09
  ---------------------------------------------------------------
  Convergence criterion met in 11 iterations!

  - Summary of RHF wavefunction energetics (a.u.):

     HOMO-LUMO gap:                  0.395601709985
     Nuclear repulsion energy:     205.018411206208
     Electronic energy:           -436.315011223859
     Total energy:                -231.296600017651

  - Summary of QM/MM energetics:
                                         a.u.             eV     kcal/mol
     QM/MM SCF Contribution:        -1.333699940574
     QM/MM Electrostatic Energy:    -0.020728634315    -0.56405   -13.007

  - Molecular orbital energies

  ---------------------------------------------------------------------------------------
    1 -11.272575316203   45   0.206859423162   89   1.036652398594  133   2.711888152668
    2 -11.271246757201   46   0.212420319099   90   1.082971720477  134   2.718908398765
    3 -11.270661577844   47   0.217348810749   91   1.093684915105  135   2.719803361215
    4 -11.266471690505   48   0.237991131086   92   1.095987738623  136   2.785144160741
    5 -11.260746015436   49   0.238431260229   93   1.107116449913  137   2.790762019307
    6 -11.260602125672   50   0.273912449258   94   1.136452980039  138   2.936194641729
    7  -1.186892327624   51   0.277375613167   95   1.186680911433  139   2.937986189672
    8  -1.051793886794   52   0.293009815061   96   1.191534201803  140   2.956268382949
    9  -1.047174876577   53   0.316392116648   97   1.219621089680  141   2.971039177709
   10  -0.859034561825   54   0.321406266168   98   1.289351228955  142   2.988382635636
   11  -0.856113169684   55   0.344366495603   99   1.297813194556  143   2.997121869004
   12  -0.743690045393   56   0.384550017908  100   1.361617952318  144   3.013997875649
   13  -0.674848042230   57   0.390643497046  101   1.364674909903  145   3.023500670845
   14  -0.654216333375   58   0.407775576819  102   1.495202375151  146   3.029668550616
   15  -0.623345206465   59   0.409531469954  103   1.523004164809  147   3.060955043652
   16  -0.618010930529   60   0.422603100830  104   1.683006697606  148   3.160415755472
   17  -0.536288527407   61   0.473218880387  105   1.756847793849  149   3.163696390470
   18  -0.528336415880   62   0.474788212923  106   1.762201860264  150   3.242673011069
   19  -0.524465431499   63   0.485459391726  107   1.770499654488  151   3.261838520858
   20  -0.375543206392   64   0.485522143366  108   1.791856745522  152   3.266138414057
   21  -0.364261035853   65   0.575979360567  109   1.817236825985  153   3.304455893654
   22   0.031340674132   66   0.587204207189  110   1.819017285613  154   3.307613641310
   23   0.039972167706   67   0.688441342318  111   1.877584652829  155   3.455510849585
   24   0.041953485761   68   0.693412668275  112   1.883790320825  156   3.530014025055
   25   0.058453351072   69   0.699203103598  113   1.906678100425  157   3.755353916028
   26   0.059190576380   70   0.705885840507  114   1.907316122568  158   3.756021491406
   27   0.067702038705   71   0.724124923704  115   1.957382540234  159   3.879797254991
   28   0.081996294080   72   0.725761589553  116   2.020848043221  160   3.884693131620
   29   0.087854541203   73   0.727445348622  117   2.028571068485  161   3.897794632443
   30   0.116837548066   74   0.727552739888  118   2.075788177258  162   4.065463214956
   31   0.128329105283   75   0.733475136790  119   2.078643519389  163   4.373068053632
   32   0.141206712142   76   0.770725573051  120   2.103395551370  164   4.378912244471
   33   0.142409751667   77   0.783753882082  121   2.208963456076  165   4.470617818896
   34   0.145161114641   78   0.794613432663  122   2.209797221123  166   4.543009457313
   35   0.163016194239   79   0.854866351933  123   2.212217895930  167   4.543820969070
   36   0.165577348850   80   0.909361405707  124   2.221194597564  168   5.255910120055
   37   0.170223400314   81   0.911700809313  125   2.223426756708  169  24.713992432325
   38   0.172582223622   82   0.925345174082  126   2.269741931920  170  25.114364323970
   39   0.178560567108   83   0.927197462012  127   2.320532522517  171  25.116281832898
   40   0.193650695746   84   0.945490579065  128   2.320868377984  172  25.244434805258
   41   0.196794529297   85   0.974421892226  129   2.346979219885  173  25.246947699780
   42   0.201341642033   86   0.991372572346  130   2.353206024367  174  25.359478983694
   43   0.201425031345   87   0.994448281839  131   2.612894180962
   44   0.203227501749   88   1.028329277540  132   2.640231883393
  ---------------------------------------------------------------------------------------

  - Timings for the RHF ground state calculation

     Total wall time (sec):              8.89900
     Total cpu time (sec):             472.91092

  eT terminated successfully!
