


                     eT - an electronic structure program

  ------------------------------------------------------------------------
   Author list in alphabetical order:
  ------------------------------------------------------------------------
   J. H. Andersen, A. Balbi, S. Coriani, S. D. Folkestad, T. Giovannini, 
   L. Goletto, T. S. Haugland, A. Hutcheson, I-M. Høyvik, E. F. Kjønstad, 
   H. Koch, T. Moitra, R. H. Myhre, A. C. Paul, M. Scavino, A. Skeidsvoll, 
   Å. H. Tveten
  ------------------------------------------------------------------------


  :: Input file
  ================

     Note: geometry section is excluded from this print

     system
        name: benzene scan 5.25
        charge: 0
     end system

     do
       ground state
     end do

     memory
        available: 8
     end memory

     solver scf
        algorithm: scf-diis
     end solver scf

     molecular mechanics
        forcefield: non-polarizable
     end molecular mechanics

     method
        hf
     end method


  Running on 56 OMP thread(s)
  Memory available for calculation: 8.000000 GB


  :: Molecular system specifications (QM)
  ==========================================

     Name:             benzene scan 5.25
     Charge:           0
     Multiplicity:     1
     Coordinate units: angstrom

     Pure basis functions:        174
     Cartesian basis functions:   180
     Primitive basis functions:   270

     Nuclear repulsion energy (a.u.):            204.234616969248
     Bohr/angstrom value (CODATA 2010):            0.529177210920

     ==============================================================================
                                     Geometry (angstrom)
     ==============================================================================
        Atom           X                  Y                  Z         # in input
     ==============================================================================
        Basis: 6-311++g**
        1 C     -2.282182000000     0.094329000000    -0.000183000000        1
        2 C     -0.893220000000     0.094263000000     0.000431000000        2
        3 C     -0.198699000000     1.297110000000     0.000040000000        3
        4 C     -0.893125000000     2.500009000000    -0.000978000000        4
        5 C     -2.282088000000     2.500067000000    -0.001601000000        5
        6 C     -2.976633000000     1.297226000000    -0.001196000000        6
        7 H     -2.824040000000    -0.844049000000     0.000125000000        7
        8 H     -0.351527000000    -0.844201000000     0.001214000000        8
        9 H      0.884886000000     1.297069000000     0.000516000000        9
       10 H     -0.351327000000     3.438411000000    -0.001306000000       10
       11 H     -2.823832000000     3.438507000000    -0.002402000000       11
       12 H     -4.060212000000     1.297260000000    -0.001659000000       12
     ==============================================================================

     ==============================================================================
                                     Geometry (a.u.)
     ==============================================================================
        Atom           X                  Y                  Z         # in input
     ==============================================================================
        Basis: 6-311++g**
        1 C     -4.312698946412     0.178255975604    -0.000345819881        1
        2 C     -1.687941168984     0.178131253680     0.000814471960        2
        3 C     -0.375486691225     2.451182653435     0.000075589045        3
        4 C     -1.687761645002     4.724332318948    -0.001848152150        4
        5 C     -4.312521312156     4.724441923063    -0.003025451525        5
        6 C     -5.625021143342     2.451401861665    -0.002260112445        6
        7 H     -5.336662164817    -1.595021445713     0.000236215766        7
        8 H     -0.664289755390    -1.595308684084     0.002294127515        8
        9 H      1.672192191462     2.451105174663     0.000975098680        9
       10 H     -0.663911810165     6.497655093692    -0.002467982319       10
       11 H     -5.336269101783     6.497836507400    -0.004539122151       11
       12 H     -7.672688687673     2.451466112353    -0.003135055641       12
     ==============================================================================


  :: Molecular system specifications (MM)
  ==========================================

     Force Field:  non-polarizable

     Number of MM atoms:                   2
     Number of MM molecules:               1

    ====================================================================
                        MM Geometry (Å) and Parameters
    ====================================================================
    Atom    Mol             X          Y          Z            Charge
    ====================================================================
      H       1        -2.826361  -0.840986   5.250124        1.000000
      H       1        -2.826803  -0.840402   6.250123       -1.000000
    ====================================================================


  :: RHF wavefunction
  ======================

  This is a QM/MM calculation

     Electrostatic Embedding:

     Each atom of the MM portion is endowed with a charge which value 
     is a fixed external parameter.

     The QM/MM electrostatic interaction energy is defined as:

        E^ele_QM/MM = sum_i q_i * V_i(P)

     where V_i(P) is the electrostatic potential due to the QM density 
     calculated at the position of the i-th charge q_i.

     For further details, see:
     Senn & Thiel, Angew. Chem. Int. Ed., 2009, 48, 1198−1229


  - Cholesky decomposition of AO overlap to get linearly independent orbitals:

  - Orbital details:

     Number of occupied orbitals:        21
     Number of virtual orbitals:        153
     Number of molecular orbitals:      174
     Number of atomic orbitals:         174


  :: Hartree-Fock engine
  =========================

  Drives the calculation of the Hartree-Fock state.

  This is a RHF ground state calculation.
  The following tasks will be performed:

     1) Generate initial SAD density
     2) Calculation of reference state (SCF-DIIS algorithm)


  1) Generate initial SAD density


  2) Calculation of reference state (SCF-DIIS algorithm)

   - Self-consistent field DIIS Hartree-Fock solver
  ----------------------------------------------------

  A DIIS-accelerated Roothan-Hall self-consistent field solver. A least-square 
  DIIS fit is performed on the previous Fock matrices and associated gradients. 
  Following the Roothan-Hall update of the density, the DIIS-fitted Fock 
  matrix is used to get the next orbital coefficients.

  - Hartree-Fock solver settings:

     DIIS dimension:                         8
     Cumulative Fock threshold:       0.10E+01

     Energy threshold:              0.1000E-05
     Gradient threshold:            0.1000E-05

     Coulomb screening threshold:   0.1000E-11
     Exchange screening threshold:  0.1000E-09
     Fock precision:                0.1000E-23
     Integral cutoff:               0.1000E-11

  - Setting initial AO density to SAD

     Energy of initial guess:              -234.212848223469
     Number of electrons in guess:           42.000000000000

  Iteration       Energy (a.u.)      Max(grad.)    Delta E (a.u.)
  ---------------------------------------------------------------
     1          -231.198064371301     0.4449E-01     0.2312E+03
     2          -231.276438507378     0.1810E-01     0.7837E-01
     3          -231.285627100868     0.6237E-02     0.9189E-02
     4          -231.286872922547     0.4869E-03     0.1246E-02
     5          -231.286881817585     0.2154E-03     0.8895E-05
     6          -231.286882960646     0.4278E-04     0.1143E-05
     7          -231.286883046215     0.4333E-05     0.8557E-07
     8          -231.286883047717     0.1276E-05     0.1501E-08
     9          -231.286883047959     0.3359E-06     0.2427E-09
  ---------------------------------------------------------------
  Convergence criterion met in 9 iterations!

  - Summary of RHF wavefunction energetics (a.u.):

     HOMO-LUMO gap:                  0.380081696117
     Nuclear repulsion energy:     204.198462220833
     Electronic energy:           -435.485345268792
     Total energy:                -231.286883047959

  - Summary of QM/MM energetics:
                                         a.u.             eV     kcal/mol
     QM/MM SCF Contribution:        -0.494326792727
     QM/MM Electrostatic Energy:    -0.001303942975    -0.03548    -0.818

  - Molecular orbital energies

  ---------------------------------------------------------------------------------------
    1 -11.248884689191   45   0.210249197048   89   1.048517244348  133   2.731959359485
    2 -11.247971933379   46   0.214501844475   90   1.101768475263  134   2.737736778156
    3 -11.247708188802   47   0.216308598713   91   1.111614912661  135   2.737788225178
    4 -11.246875855894   48   0.242570289291   92   1.112040323108  136   2.805858623664
    5 -11.246455264975   49   0.242674981782   93   1.124770454998  137   2.806194547267
    6 -11.245692214396   50   0.276341890264   94   1.156843964743  138   2.956932606197
    7  -1.167165419630   51   0.277027740798   95   1.207066595743  139   2.957044203508
    8  -1.029708758761   52   0.295915263296   96   1.207197340711  140   2.977963564961
    9  -1.029512308985   53   0.321463021337   97   1.239407280186  141   2.990201111940
   10  -0.837448360906   54   0.323442270736   98   1.313645381484  142   3.011584693329
   11  -0.837394631910   55   0.360037272466   99   1.313944699097  143   3.012009039555
   12  -0.723643157536   56   0.398100682765  100   1.382761014980  144   3.036201598711
   13  -0.654173282787   57   0.399172525808  101   1.382885509416  145   3.036698921756
   14  -0.634403312047   58   0.421316766168  102   1.513464044256  146   3.048625429104
   15  -0.601432501158   59   0.421729718075  103   1.541797977211  147   3.078016420308
   16  -0.601178848630   60   0.431913816300  104   1.702357505389  148   3.181323412806
   17  -0.516112942500   61   0.489159830885  105   1.778915945116  149   3.181557058851
   18  -0.507189491352   62   0.489393498084  106   1.779151612171  150   3.262006392193
   19  -0.507002179345   63   0.500459221575  107   1.788526607280  151   3.283548637407
   20  -0.349929984686   64   0.500799400310  108   1.817195633718  152   3.283709451077
   21  -0.349544336493   65   0.592571824200  109   1.836301006694  153   3.325029523212
   22   0.030537359624   66   0.599665078292  110   1.836404751197  154   3.325205843404
   23   0.040915532942   67   0.701977091578  111   1.900325144240  155   3.475357092852
   24   0.041603226837   68   0.710677546847  112   1.900597138963  156   3.549596204262
   25   0.058914679367   69   0.711393394483  113   1.924992252494  157   3.775192222507
   26   0.059387433868   70   0.721325438013  114   1.925057879601  158   3.775242856694
   27   0.081868711494   71   0.740446004888  115   1.978228312070  159   3.902257159410
   28   0.098002457698   72   0.740648985605  116   2.043560909700  160   3.902459899228
   29   0.098735057067   73   0.744230175481  117   2.043910837213  161   3.915617074244
   30   0.112481223711   74   0.744286316362  118   2.096203205472  162   4.084861131009
   31   0.138230422849   75   0.745075100183  119   2.096390686247  163   4.395760182700
   32   0.141019925804   76   0.784639397678  120   2.121473505494  164   4.395991381640
   33   0.145882648792   77   0.808014616170  121   2.229678047670  165   4.489965645830
   34   0.153460950383   78   0.808327234611  122   2.230818035239  166   4.562879369883
   35   0.170839328384   79   0.875869672782  123   2.230888153279  167   4.562936025821
   36   0.172473207557   80   0.930051313617  124   2.240191531237  168   5.275638053004
   37   0.174753906049   81   0.930168057979  125   2.240284818085  169  24.733773978805
   38   0.175808758342   82   0.942843747062  126   2.288774535094  170  25.135116617866
   39   0.182794042877   83   0.943007277173  127   2.339757360000  171  25.135227077647
   40   0.196848249865   84   0.963606201971  128   2.339763110083  172  25.265377122288
   41   0.203705530560   85   1.004609135240  129   2.369581580889  173  25.265498938466
   42   0.204238107793   86   1.005108367367  130   2.369837964687  174  25.379121397656
   43   0.205458423058   87   1.006323755690  131   2.632602116280
   44   0.205863520323   88   1.048097683049  132   2.660367548170
  ---------------------------------------------------------------------------------------

  - Timings for the RHF ground state calculation

     Total wall time (sec):              6.82500
     Total cpu time (sec):             363.07510

  eT terminated successfully!
