


                     eT - an electronic structure program

  ------------------------------------------------------------------------
   Author list in alphabetical order:
  ------------------------------------------------------------------------
   J. H. Andersen, A. Balbi, S. Coriani, S. D. Folkestad, T. Giovannini, 
   L. Goletto, T. S. Haugland, A. Hutcheson, I-M. Høyvik, E. F. Kjønstad, 
   H. Koch, T. Moitra, R. H. Myhre, A. C. Paul, M. Scavino, A. Skeidsvoll, 
   Å. H. Tveten
  ------------------------------------------------------------------------


  :: Input file
  ================

     Note: geometry section is excluded from this print

     system
        name: benzene scan 9.50
        charge: 0
     end system

     do
       ground state
     end do

     memory
        available: 8
     end memory

     solver scf
        algorithm: scf-diis
     end solver scf

     molecular mechanics
        forcefield: non-polarizable
     end molecular mechanics

     method
        hf
     end method


  Running on 56 OMP thread(s)
  Memory available for calculation: 8.000000 GB


  :: Molecular system specifications (QM)
  ==========================================

     Name:             benzene scan 9.50
     Charge:           0
     Multiplicity:     1
     Coordinate units: angstrom

     Pure basis functions:        174
     Cartesian basis functions:   180
     Primitive basis functions:   270

     Nuclear repulsion energy (a.u.):            204.234616969248
     Bohr/angstrom value (CODATA 2010):            0.529177210920

     ==============================================================================
                                     Geometry (angstrom)
     ==============================================================================
        Atom           X                  Y                  Z         # in input
     ==============================================================================
        Basis: 6-311++g**
        1 C     -2.282182000000     0.094329000000    -0.000183000000        1
        2 C     -0.893220000000     0.094263000000     0.000431000000        2
        3 C     -0.198699000000     1.297110000000     0.000040000000        3
        4 C     -0.893125000000     2.500009000000    -0.000978000000        4
        5 C     -2.282088000000     2.500067000000    -0.001601000000        5
        6 C     -2.976633000000     1.297226000000    -0.001196000000        6
        7 H     -2.824040000000    -0.844049000000     0.000125000000        7
        8 H     -0.351527000000    -0.844201000000     0.001214000000        8
        9 H      0.884886000000     1.297069000000     0.000516000000        9
       10 H     -0.351327000000     3.438411000000    -0.001306000000       10
       11 H     -2.823832000000     3.438507000000    -0.002402000000       11
       12 H     -4.060212000000     1.297260000000    -0.001659000000       12
     ==============================================================================

     ==============================================================================
                                     Geometry (a.u.)
     ==============================================================================
        Atom           X                  Y                  Z         # in input
     ==============================================================================
        Basis: 6-311++g**
        1 C     -4.312698946412     0.178255975604    -0.000345819881        1
        2 C     -1.687941168984     0.178131253680     0.000814471960        2
        3 C     -0.375486691225     2.451182653435     0.000075589045        3
        4 C     -1.687761645002     4.724332318948    -0.001848152150        4
        5 C     -4.312521312156     4.724441923063    -0.003025451525        5
        6 C     -5.625021143342     2.451401861665    -0.002260112445        6
        7 H     -5.336662164817    -1.595021445713     0.000236215766        7
        8 H     -0.664289755390    -1.595308684084     0.002294127515        8
        9 H      1.672192191462     2.451105174663     0.000975098680        9
       10 H     -0.663911810165     6.497655093692    -0.002467982319       10
       11 H     -5.336269101783     6.497836507400    -0.004539122151       11
       12 H     -7.672688687673     2.451466112353    -0.003135055641       12
     ==============================================================================


  :: Molecular system specifications (MM)
  ==========================================

     Force Field:  non-polarizable

     Number of MM atoms:                   2
     Number of MM molecules:               1

    ====================================================================
                        MM Geometry (Å) and Parameters
    ====================================================================
    Atom    Mol             X          Y          Z            Charge
    ====================================================================
      H       1        -2.828239  -0.838506   9.500122        1.000000
      H       1        -2.828681  -0.837923  10.500122       -1.000000
    ====================================================================


  :: RHF wavefunction
  ======================

  This is a QM/MM calculation

     Electrostatic Embedding:

     Each atom of the MM portion is endowed with a charge which value 
     is a fixed external parameter.

     The QM/MM electrostatic interaction energy is defined as:

        E^ele_QM/MM = sum_i q_i * V_i(P)

     where V_i(P) is the electrostatic potential due to the QM density 
     calculated at the position of the i-th charge q_i.

     For further details, see:
     Senn & Thiel, Angew. Chem. Int. Ed., 2009, 48, 1198−1229


  - Cholesky decomposition of AO overlap to get linearly independent orbitals:

  - Orbital details:

     Number of occupied orbitals:        21
     Number of virtual orbitals:        153
     Number of molecular orbitals:      174
     Number of atomic orbitals:         174


  :: Hartree-Fock engine
  =========================

  Drives the calculation of the Hartree-Fock state.

  This is a RHF ground state calculation.
  The following tasks will be performed:

     1) Generate initial SAD density
     2) Calculation of reference state (SCF-DIIS algorithm)


  1) Generate initial SAD density


  2) Calculation of reference state (SCF-DIIS algorithm)

   - Self-consistent field DIIS Hartree-Fock solver
  ----------------------------------------------------

  A DIIS-accelerated Roothan-Hall self-consistent field solver. A least-square 
  DIIS fit is performed on the previous Fock matrices and associated gradients. 
  Following the Roothan-Hall update of the density, the DIIS-fitted Fock 
  matrix is used to get the next orbital coefficients.

  - Hartree-Fock solver settings:

     DIIS dimension:                         8
     Cumulative Fock threshold:       0.10E+01

     Energy threshold:              0.1000E-05
     Gradient threshold:            0.1000E-05

     Coulomb screening threshold:   0.1000E-11
     Exchange screening threshold:  0.1000E-09
     Fock precision:                0.1000E-23
     Integral cutoff:               0.1000E-11

  - Setting initial AO density to SAD

     Energy of initial guess:              -234.212848027313
     Number of electrons in guess:           42.000000000000

  Iteration       Energy (a.u.)      Max(grad.)    Delta E (a.u.)
  ---------------------------------------------------------------
     1          -231.197393981793     0.4423E-01     0.2312E+03
     2          -231.275570644174     0.1800E-01     0.7818E-01
     3          -231.284678670856     0.6242E-02     0.9108E-02
     4          -231.285918188184     0.3673E-03     0.1240E-02
     5          -231.285927112488     0.7563E-04     0.8924E-05
     6          -231.285927324649     0.3565E-04     0.2122E-06
     7          -231.285927361833     0.4670E-05     0.3718E-07
     8          -231.285927363065     0.7265E-06     0.1232E-08
  ---------------------------------------------------------------
  Convergence criterion met in 8 iterations!

  - Summary of RHF wavefunction energetics (a.u.):

     HOMO-LUMO gap:                  0.380563322261
     Nuclear repulsion energy:     203.903101596581
     Electronic energy:           -435.189028959646
     Total energy:                -231.285927363065

  - Summary of QM/MM energetics:
                                         a.u.             eV     kcal/mol
     QM/MM SCF Contribution:        -0.197881166285
     QM/MM Electrostatic Energy:    -0.000219469654    -0.00597    -0.138

  - Molecular orbital energies

  ---------------------------------------------------------------------------------------
    1 -11.241761371232   45   0.213599925142   89   1.054724537664  133   2.738419738469
    2 -11.241159338009   46   0.223138626355   90   1.108524041584  134   2.744368621212
    3 -11.241151518692   47   0.223217696929   91   1.118556411615  135   2.744383327401
    4 -11.239908350068   48   0.246698708388   92   1.118581603623  136   2.812453644409
    5 -11.239887335951   49   0.246708435258   93   1.131182270175  137   2.812468660973
    6 -11.239260477526   50   0.284104236424   94   1.163609665852  138   2.963569008242
    7  -1.160268226173   51   0.284113809894   95   1.214092748580  139   2.963574432165
    8  -1.022806117151   52   0.299481765613   96   1.214103756197  140   2.984459084879
    9  -1.022795427931   53   0.328321450365   97   1.246298430618  141   2.996903089106
   10  -0.830712320569   54   0.330130575032   98   1.320553830147  142   3.018305082754
   11  -0.830711179428   55   0.366767744444   99   1.320567789270  143   3.018328645427
   12  -0.716969118680   56   0.404363455524  100   1.389561071576  144   3.042871573492
   13  -0.647645552507   57   0.404433822605  101   1.389571729658  145   3.042906324305
   14  -0.627635606961   58   0.427039619842  102   1.520354091030  146   3.055590681900
   15  -0.594672188893   59   0.427065107004  103   1.548515703665  147   3.084443093636
   16  -0.594658470077   60   0.436690715109  104   1.709012162694  148   3.188343708847
   17  -0.509071147813   61   0.495281710317  105   1.785639176143  149   3.188358228820
   18  -0.500505449900   62   0.495306258654  106   1.785645439522  150   3.268580406408
   19  -0.500491585458   63   0.506744395757  107   1.795323543107  151   3.290525081081
   20  -0.342764308621   64   0.506769380543  108   1.823904338829  152   3.290533381714
   21  -0.342745890050   65   0.598852693668  109   1.843096551495  153   3.331733687627
   22   0.037817432211   66   0.606059154478  110   1.843101052180  154   3.331759909269
   23   0.044960319971   67   0.709948657685  111   1.907002281794  155   3.482291089195
   24   0.045059307887   68   0.717974494309  112   1.907012607808  156   3.556361878342
   25   0.062522721179   69   0.718011464399  113   1.931646050557  157   3.782025702895
   26   0.062569426413   70   0.727813749165  114   1.931675169587  158   3.782033741399
   27   0.084605700365   71   0.747353351891  115   1.984783036363  159   3.909117358205
   28   0.105579490886   72   0.747358900668  116   2.050288921364  160   3.909136754312
   29   0.105594392678   73   0.750444981384  117   2.050306880463  161   3.922332046699
   30   0.123704294855   74   0.751800718448  118   2.102829102121  162   4.091553802555
   31   0.147449696257   75   0.751839613784  119   2.102847424445  163   4.402553631553
   32   0.147571620253   76   0.792046095382  120   2.127869535606  164   4.402570720976
   33   0.152981072643   77   0.815167291019  121   2.236062113691  165   4.496657479846
   34   0.158734982405   78   0.815178042478  122   2.237718080285  166   4.569684482585
   35   0.177311451535   79   0.882684780671  123   2.237721689345  167   4.569693299561
   36   0.177321438106   80   0.936516642599  124   2.246911028137  168   5.282500616004
   37   0.179174073039   81   0.936521386887  125   2.246912753404  169  24.740514618673
   38   0.179333139763   82   0.949324190217  126   2.295325824420  170  25.141917704641
   39   0.187728653160   83   0.949338830031  127   2.346458230974  171  25.141924308203
   40   0.204964764860   84   0.970151883643  128   2.346461428927  172  25.272180060540
   41   0.208285602376   85   1.011717922326  129   2.376406020702  173  25.272193472174
   42   0.208351656933   86   1.011740958337  130   2.376431056186  174  25.385866458475
   43   0.212015564781   87   1.012400258003  131   2.639308129549
   44   0.212030826838   88   1.054698606451  132   2.667200157761
  ---------------------------------------------------------------------------------------

  - Timings for the RHF ground state calculation

     Total wall time (sec):              6.28600
     Total cpu time (sec):             333.61540

  eT terminated successfully!
