


                     eT - an electronic structure program

  ------------------------------------------------------------------------
   Author list in alphabetical order:
  ------------------------------------------------------------------------
   J. H. Andersen, A. Balbi, S. Coriani, S. D. Folkestad, T. Giovannini, 
   L. Goletto, T. S. Haugland, A. Hutcheson, I-M. Høyvik, E. F. Kjønstad, 
   H. Koch, T. Moitra, R. H. Myhre, A. C. Paul, M. Scavino, A. Skeidsvoll, 
   Å. H. Tveten
  ------------------------------------------------------------------------


  :: Input file
  ================

     Note: geometry section is excluded from this print

     system
        name: benzene scan 4.75
        charge: 0
     end system

     do
       ground state
     end do

     memory
        available: 8
     end memory

     solver scf
        algorithm: scf-diis
     end solver scf

     molecular mechanics
        forcefield: non-polarizable
     end molecular mechanics

     method
        hf
     end method


  Running on 56 OMP thread(s)
  Memory available for calculation: 8.000000 GB


  :: Molecular system specifications (QM)
  ==========================================

     Name:             benzene scan 4.75
     Charge:           0
     Multiplicity:     1
     Coordinate units: angstrom

     Pure basis functions:        174
     Cartesian basis functions:   180
     Primitive basis functions:   270

     Nuclear repulsion energy (a.u.):            204.234616969248
     Bohr/angstrom value (CODATA 2010):            0.529177210920

     ==============================================================================
                                     Geometry (angstrom)
     ==============================================================================
        Atom           X                  Y                  Z         # in input
     ==============================================================================
        Basis: 6-311++g**
        1 C     -2.282182000000     0.094329000000    -0.000183000000        1
        2 C     -0.893220000000     0.094263000000     0.000431000000        2
        3 C     -0.198699000000     1.297110000000     0.000040000000        3
        4 C     -0.893125000000     2.500009000000    -0.000978000000        4
        5 C     -2.282088000000     2.500067000000    -0.001601000000        5
        6 C     -2.976633000000     1.297226000000    -0.001196000000        6
        7 H     -2.824040000000    -0.844049000000     0.000125000000        7
        8 H     -0.351527000000    -0.844201000000     0.001214000000        8
        9 H      0.884886000000     1.297069000000     0.000516000000        9
       10 H     -0.351327000000     3.438411000000    -0.001306000000       10
       11 H     -2.823832000000     3.438507000000    -0.002402000000       11
       12 H     -4.060212000000     1.297260000000    -0.001659000000       12
     ==============================================================================

     ==============================================================================
                                     Geometry (a.u.)
     ==============================================================================
        Atom           X                  Y                  Z         # in input
     ==============================================================================
        Basis: 6-311++g**
        1 C     -4.312698946412     0.178255975604    -0.000345819881        1
        2 C     -1.687941168984     0.178131253680     0.000814471960        2
        3 C     -0.375486691225     2.451182653435     0.000075589045        3
        4 C     -1.687761645002     4.724332318948    -0.001848152150        4
        5 C     -4.312521312156     4.724441923063    -0.003025451525        5
        6 C     -5.625021143342     2.451401861665    -0.002260112445        6
        7 H     -5.336662164817    -1.595021445713     0.000236215766        7
        8 H     -0.664289755390    -1.595308684084     0.002294127515        8
        9 H      1.672192191462     2.451105174663     0.000975098680        9
       10 H     -0.663911810165     6.497655093692    -0.002467982319       10
       11 H     -5.336269101783     6.497836507400    -0.004539122151       11
       12 H     -7.672688687673     2.451466112353    -0.003135055641       12
     ==============================================================================


  :: Molecular system specifications (MM)
  ==========================================

     Force Field:  non-polarizable

     Number of MM atoms:                   2
     Number of MM molecules:               1

    ====================================================================
                        MM Geometry (Å) and Parameters
    ====================================================================
    Atom    Mol             X          Y          Z            Charge
    ====================================================================
      H       1        -2.826140  -0.841277   4.750124        1.000000
      H       1        -2.826582  -0.840694   5.750123       -1.000000
    ====================================================================


  :: RHF wavefunction
  ======================

  This is a QM/MM calculation

     Electrostatic Embedding:

     Each atom of the MM portion is endowed with a charge which value 
     is a fixed external parameter.

     The QM/MM electrostatic interaction energy is defined as:

        E^ele_QM/MM = sum_i q_i * V_i(P)

     where V_i(P) is the electrostatic potential due to the QM density 
     calculated at the position of the i-th charge q_i.

     For further details, see:
     Senn & Thiel, Angew. Chem. Int. Ed., 2009, 48, 1198−1229


  - Cholesky decomposition of AO overlap to get linearly independent orbitals:

  - Orbital details:

     Number of occupied orbitals:        21
     Number of virtual orbitals:        153
     Number of molecular orbitals:      174
     Number of atomic orbitals:         174


  :: Hartree-Fock engine
  =========================

  Drives the calculation of the Hartree-Fock state.

  This is a RHF ground state calculation.
  The following tasks will be performed:

     1) Generate initial SAD density
     2) Calculation of reference state (SCF-DIIS algorithm)


  1) Generate initial SAD density


  2) Calculation of reference state (SCF-DIIS algorithm)

   - Self-consistent field DIIS Hartree-Fock solver
  ----------------------------------------------------

  A DIIS-accelerated Roothan-Hall self-consistent field solver. A least-square 
  DIIS fit is performed on the previous Fock matrices and associated gradients. 
  Following the Roothan-Hall update of the density, the DIIS-fitted Fock 
  matrix is used to get the next orbital coefficients.

  - Hartree-Fock solver settings:

     DIIS dimension:                         8
     Cumulative Fock threshold:       0.10E+01

     Energy threshold:              0.1000E-05
     Gradient threshold:            0.1000E-05

     Coulomb screening threshold:   0.1000E-11
     Exchange screening threshold:  0.1000E-09
     Fock precision:                0.1000E-23
     Integral cutoff:               0.1000E-11

  - Setting initial AO density to SAD

     Energy of initial guess:              -234.212846940542
     Number of electrons in guess:           42.000000000000

  Iteration       Energy (a.u.)      Max(grad.)    Delta E (a.u.)
  ---------------------------------------------------------------
     1          -231.198300004361     0.4457E-01     0.2312E+03
     2          -231.276738777093     0.1814E-01     0.7844E-01
     3          -231.285958483592     0.6234E-02     0.9220E-02
     4          -231.287208315291     0.5337E-03     0.1250E-02
     5          -231.287217352347     0.2611E-03     0.9037E-05
     6          -231.287219068845     0.4163E-04     0.1716E-05
     7          -231.287219157618     0.4913E-05     0.8877E-07
     8          -231.287219159485     0.1495E-05     0.1867E-08
     9          -231.287219159512     0.5882E-06     0.2680E-10
  ---------------------------------------------------------------
  Convergence criterion met in 9 iterations!

  - Summary of RHF wavefunction energetics (a.u.):

     HOMO-LUMO gap:                  0.379364018743
     Nuclear repulsion energy:     204.268466688058
     Electronic energy:           -435.555685847570
     Total energy:                -231.287219159512

  - Summary of QM/MM energetics:
                                         a.u.             eV     kcal/mol
     QM/MM SCF Contribution:        -0.564759642299
     QM/MM Electrostatic Energy:    -0.001732325014    -0.04714    -1.087

  - Molecular orbital energies

  ---------------------------------------------------------------------------------------
    1 -11.250688660923   45   0.209702624652   89   1.047154940892  133   2.730430689944
    2 -11.249635762824   46   0.212470628308   90   1.100156224991  134   2.736157564961
    3 -11.249271177151   47   0.215076535424   91   1.109960968438  135   2.736245631585
    4 -11.248532444717   48   0.241801737315   92   1.110561705217  136   2.804275754080
    5 -11.247948901339   49   0.241941517871   93   1.123274003835  137   2.804771086289
    6 -11.247154817776   50   0.274300250616   94   1.155234020691  138   2.955347309547
    7  -1.168814346412   51   0.275551385802   95   1.205382533796  139   2.955515417075
    8  -1.031384337020   52   0.295310707774   96   1.205575712547  140   2.976413066624
    9  -1.031084009308   53   0.319867676612   97   1.237759417224  141   2.988610279587
   10  -0.839059516711   54   0.322108142403   98   1.311956043897  142   3.009927817936
   11  -0.838974840382   55   0.358444850124   99   1.312416150356  143   3.010579045121
   12  -0.725227794013   56   0.396741084573  100   1.381130938224  144   3.034564207220
   13  -0.655715028355   57   0.398153822384  101   1.381313660003  145   3.035320270406
   14  -0.636016768611   58   0.420041757876  102   1.511826864145  146   3.046963296140
   15  -0.603067938492   59   0.420599091755  103   1.540214136763  147   3.076520981691
   16  -0.602687649769   60   0.430956822364  104   1.700779326296  148   3.179605518418
   17  -0.517799303146   61   0.487760529923  105   1.777283418425  149   3.179966848211
   18  -0.508792058417   62   0.488079458039  106   1.777649921940  150   3.260453554553
   19  -0.508516641589   63   0.499038762018  107   1.786932619751  151   3.281851908568
   20  -0.351709396280   64   0.499468845148  108   1.815574537439  152   3.282106746597
   21  -0.351104137922   65   0.591116926849  109   1.834684309815  153   3.323423111867
   22   0.028259880820   66   0.598177151257  110   1.834837752957  154   3.323677408632
   23   0.040320628852   67   0.699867081506  111   1.898705777056  155   3.473697853724
   24   0.041190705627   68   0.708816798827  112   1.899108754220  156   3.547983862290
   25   0.058354576921   69   0.709929791488  113   1.923428341141  157   3.773554606364
   26   0.058963188061   70   0.719778837023  114   1.923503537636  158   3.773629285441
   27   0.081499346299   71   0.738653239240  115   1.976675326841  159   3.900585251585
   28   0.095513511920   72   0.739078161195  116   2.041929738675  160   3.900896675188
   29   0.097152362191   73   0.742535539296  117   2.042455211079  161   3.914042862282
   30   0.108957448030   74   0.742789317461  118   2.094607591067  162   4.083272831187
   31   0.135781705654   75   0.743643516390  119   2.094890799972  163   4.394113117804
   32   0.139916883723   76   0.782928292398  120   2.119981131794  164   4.394462190525
   33   0.144474244903   77   0.806241138698  121   2.228162176485  165   4.488380489330
   34   0.152299793615   78   0.806767198084  122   2.229156812672  166   4.561254085458
   35   0.169341709469   79   0.874251962987  123   2.229267103221  167   4.561333460866
   36   0.171581546997   80   0.928513864955  124   2.238592841861  168   5.273997567032
   37   0.174094567928   81   0.928689543463  125   2.238746318090  169  24.732168097682
   38   0.175276672904   82   0.941323434256  126   2.287224158656  170  25.133479289851
   39   0.182048956225   83   0.941564890535  127   2.338170057739  171  25.133646625454
   40   0.194189066251   84   0.962085546871  128   2.338174627711  172  25.263738353522
   41   0.202891726484   85   1.002797464034  129   2.367926834432  173  25.263920190689
   42   0.203549406078   86   1.003606811183  130   2.368309756865  174  25.377514912244
   43   0.204111849639   87   1.004966701943  131   2.631011046795
   44   0.204587063496   88   1.046530041675  132   2.658735119450
  ---------------------------------------------------------------------------------------

  - Timings for the RHF ground state calculation

     Total wall time (sec):              8.05500
     Total cpu time (sec):             426.38311

  eT terminated successfully!
