


                     eT - an electronic structure program

  ------------------------------------------------------------------------
   Author list in alphabetical order:
  ------------------------------------------------------------------------
   J. H. Andersen, A. Balbi, S. Coriani, S. D. Folkestad, T. Giovannini, 
   L. Goletto, T. S. Haugland, A. Hutcheson, I-M. Høyvik, E. F. Kjønstad, 
   H. Koch, T. Moitra, R. H. Myhre, A. C. Paul, M. Scavino, A. Skeidsvoll, 
   Å. H. Tveten
  ------------------------------------------------------------------------


  :: Input file
  ================

     Note: geometry section is excluded from this print

     system
        name: benzene scan 4.25
        charge: 0
     end system

     do
       ground state
     end do

     memory
        available: 8
     end memory

     solver scf
        algorithm: scf-diis
     end solver scf

     molecular mechanics
        forcefield: non-polarizable
     end molecular mechanics

     method
        hf
     end method


  Running on 56 OMP thread(s)
  Memory available for calculation: 8.000000 GB


  :: Molecular system specifications (QM)
  ==========================================

     Name:             benzene scan 4.25
     Charge:           0
     Multiplicity:     1
     Coordinate units: angstrom

     Pure basis functions:        174
     Cartesian basis functions:   180
     Primitive basis functions:   270

     Nuclear repulsion energy (a.u.):            204.234616969248
     Bohr/angstrom value (CODATA 2010):            0.529177210920

     ==============================================================================
                                     Geometry (angstrom)
     ==============================================================================
        Atom           X                  Y                  Z         # in input
     ==============================================================================
        Basis: 6-311++g**
        1 C     -2.282182000000     0.094329000000    -0.000183000000        1
        2 C     -0.893220000000     0.094263000000     0.000431000000        2
        3 C     -0.198699000000     1.297110000000     0.000040000000        3
        4 C     -0.893125000000     2.500009000000    -0.000978000000        4
        5 C     -2.282088000000     2.500067000000    -0.001601000000        5
        6 C     -2.976633000000     1.297226000000    -0.001196000000        6
        7 H     -2.824040000000    -0.844049000000     0.000125000000        7
        8 H     -0.351527000000    -0.844201000000     0.001214000000        8
        9 H      0.884886000000     1.297069000000     0.000516000000        9
       10 H     -0.351327000000     3.438411000000    -0.001306000000       10
       11 H     -2.823832000000     3.438507000000    -0.002402000000       11
       12 H     -4.060212000000     1.297260000000    -0.001659000000       12
     ==============================================================================

     ==============================================================================
                                     Geometry (a.u.)
     ==============================================================================
        Atom           X                  Y                  Z         # in input
     ==============================================================================
        Basis: 6-311++g**
        1 C     -4.312698946412     0.178255975604    -0.000345819881        1
        2 C     -1.687941168984     0.178131253680     0.000814471960        2
        3 C     -0.375486691225     2.451182653435     0.000075589045        3
        4 C     -1.687761645002     4.724332318948    -0.001848152150        4
        5 C     -4.312521312156     4.724441923063    -0.003025451525        5
        6 C     -5.625021143342     2.451401861665    -0.002260112445        6
        7 H     -5.336662164817    -1.595021445713     0.000236215766        7
        8 H     -0.664289755390    -1.595308684084     0.002294127515        8
        9 H      1.672192191462     2.451105174663     0.000975098680        9
       10 H     -0.663911810165     6.497655093692    -0.002467982319       10
       11 H     -5.336269101783     6.497836507400    -0.004539122151       11
       12 H     -7.672688687673     2.451466112353    -0.003135055641       12
     ==============================================================================


  :: Molecular system specifications (MM)
  ==========================================

     Force Field:  non-polarizable

     Number of MM atoms:                   2
     Number of MM molecules:               1

    ====================================================================
                        MM Geometry (Å) and Parameters
    ====================================================================
    Atom    Mol             X          Y          Z            Charge
    ====================================================================
      H       1        -2.825919  -0.841569   4.250124        1.000000
      H       1        -2.826361  -0.840986   5.250123       -1.000000
    ====================================================================


  :: RHF wavefunction
  ======================

  This is a QM/MM calculation

     Electrostatic Embedding:

     Each atom of the MM portion is endowed with a charge which value 
     is a fixed external parameter.

     The QM/MM electrostatic interaction energy is defined as:

        E^ele_QM/MM = sum_i q_i * V_i(P)

     where V_i(P) is the electrostatic potential due to the QM density 
     calculated at the position of the i-th charge q_i.

     For further details, see:
     Senn & Thiel, Angew. Chem. Int. Ed., 2009, 48, 1198−1229


  - Cholesky decomposition of AO overlap to get linearly independent orbitals:

  - Orbital details:

     Number of occupied orbitals:        21
     Number of virtual orbitals:        153
     Number of molecular orbitals:      174
     Number of atomic orbitals:         174


  :: Hartree-Fock engine
  =========================

  Drives the calculation of the Hartree-Fock state.

  This is a RHF ground state calculation.
  The following tasks will be performed:

     1) Generate initial SAD density
     2) Calculation of reference state (SCF-DIIS algorithm)


  1) Generate initial SAD density


  2) Calculation of reference state (SCF-DIIS algorithm)

   - Self-consistent field DIIS Hartree-Fock solver
  ----------------------------------------------------

  A DIIS-accelerated Roothan-Hall self-consistent field solver. A least-square 
  DIIS fit is performed on the previous Fock matrices and associated gradients. 
  Following the Roothan-Hall update of the density, the DIIS-fitted Fock 
  matrix is used to get the next orbital coefficients.

  - Hartree-Fock solver settings:

     DIIS dimension:                         8
     Cumulative Fock threshold:       0.10E+01

     Energy threshold:              0.1000E-05
     Gradient threshold:            0.1000E-05

     Coulomb screening threshold:   0.1000E-11
     Exchange screening threshold:  0.1000E-09
     Fock precision:                0.1000E-23
     Integral cutoff:               0.1000E-11

  - Setting initial AO density to SAD

     Energy of initial guess:              -234.212841785012
     Number of electrons in guess:           42.000000000000

  Iteration       Energy (a.u.)      Max(grad.)    Delta E (a.u.)
  ---------------------------------------------------------------
     1          -231.198635352539     0.4468E-01     0.2312E+03
     2          -231.277160857403     0.1818E-01     0.7853E-01
     3          -231.286426798225     0.6228E-02     0.9266E-02
     4          -231.287683875004     0.6002E-03     0.1257E-02
     5          -231.287693469215     0.3128E-03     0.9594E-05
     6          -231.287695971734     0.4069E-04     0.2503E-05
     7          -231.287696067510     0.5901E-05     0.9578E-07
     8          -231.287696070122     0.1982E-05     0.2612E-08
     9          -231.287696070637     0.1093E-05     0.5143E-09
    10          -231.287696071075     0.5798E-06     0.4388E-09
  ---------------------------------------------------------------
  Convergence criterion met in 10 iterations!

  - Summary of RHF wavefunction energetics (a.u.):

     HOMO-LUMO gap:                  0.378378752076
     Nuclear repulsion energy:     204.352535279878
     Electronic energy:           -435.640231350953
     Total energy:                -231.287696071075

  - Summary of QM/MM energetics:
                                         a.u.             eV     kcal/mol
     QM/MM SCF Contribution:        -0.649482921380
     QM/MM Electrostatic Energy:    -0.002387012275    -0.06495    -1.498

  - Molecular orbital energies

  ---------------------------------------------------------------------------------------
    1 -11.252939636413   45   0.208967869405   89   1.045581700011  133   2.728566599934
    2 -11.251697273608   46   0.210431050528   90   1.098195659616  134   2.734237445246
    3 -11.251251809222   47   0.213898342432   91   1.108002857935  135   2.734386150468
    4 -11.250469929265   48   0.240969750381   92   1.108816370292  136   2.802330318110
    5 -11.249706799167   49   0.241154187111   93   1.121468190460  137   2.803079298502
    6 -11.248906799533   50   0.271847303978   94   1.153278204355  138   2.953410376214
    7  -1.170818401016   51   0.274016159120   95   1.203343219149  139   2.953668753584
    8  -1.033443241649   52   0.294682565418   96   1.203637147446  140   2.974504893724
    9  -1.032972782353   53   0.317992895120   97   1.235755634808  141   2.986678287573
   10  -0.841027511647   54   0.320790540818   98   1.309869741491  142   3.007866971009
   11  -0.840889773035   55   0.356523161840   99   1.310594891374  143   3.008887654447
   12  -0.727154930589   56   0.395247741187  100   1.379141917765  144   3.032536863008
   13  -0.657590291711   57   0.397033546966  101   1.379416449599  145   3.033709680963
   14  -0.637980564945   58   0.418532369360  102   1.509846987359  146   3.044957070002
   15  -0.605077686293   59   0.419280613890  103   1.538298820817  147   3.074725676159
   16  -0.604495105713   60   0.429862481062  104   1.698862279243  148   3.177500579907
   17  -0.519843025330   61   0.486086104286  105   1.775265353054  149   3.178059855340
   18  -0.510752117132   62   0.486531095053  106   1.775850996291  150   3.258568636763
   19  -0.510338732041   63   0.497373833887  107   1.785019897373  151   3.279769498911
   20  -0.353920183784   64   0.497888465187  108   1.813575114840  152   3.280183094574
   21  -0.352944300550   65   0.589369418042  109   1.832725404435  153   3.321459305914
   22   0.025434451526   66   0.596351738408  110   1.832955257097  154   3.321838277427
   23   0.039798388659   67   0.697166760445  111   1.896712092185  155   3.471682201392
   24   0.040903336218   68   0.706508997518  112   1.897316343736  156   3.546022696695
   25   0.057839437072   69   0.708248217276  113   1.921543939655  157   3.771558365897
   26   0.058601087328   70   0.717902702862  114   1.921628351640  158   3.771672745410
   27   0.081110330606   71   0.736378719631  115   1.974785118685  159   3.898524362881
   28   0.091278076902   72   0.737226073449  116   2.039921726207  160   3.899016514300
   29   0.095316207345   73   0.740568533947  117   2.040727864641  161   3.912152617703
   30   0.104813857395   74   0.741050311155  118   2.092646469050  162   4.081343861445
   31   0.133013993531   75   0.742030692578  119   2.093087558576  163   4.392086292664
   32   0.138936493995   76   0.780949634175  120   2.118179213657  164   4.392628533117
   33   0.142984620845   77   0.804065801950  121   2.226304998647  165   4.486457963942
   34   0.150951880027   78   0.804948450321  122   2.227128378281  166   4.559278014483
   35   0.168123465001   79   0.872298145156  123   2.227306080446  167   4.559389726623
   36   0.170645695306   80   0.926639412115  124   2.236656248299  168   5.272001714089
   37   0.173398847701   81   0.926905568075  125   2.236906517084  169  24.730213732191
   38   0.174724840240   82   0.939484749769  126   2.285339383742  170  25.131474540025
   39   0.181337786501   83   0.939848671331  127   2.336244585842  171  25.131734377852
   40   0.190693700421   84   0.960272427842  128   2.336248190407  172  25.261730021416
   41   0.202019961176   85   1.000511422538  129   2.365892538253  173  25.262011694711
   42   0.202616334074   86   1.001850204112  130   2.366481416594  174  25.375560475282
   43   0.202993627606   87   1.003385510513  131   2.629079458568
   44   0.203243508902   88   1.044639495109  132   2.656747809376
  ---------------------------------------------------------------------------------------

  - Timings for the RHF ground state calculation

     Total wall time (sec):              7.93800
     Total cpu time (sec):             422.13114

  eT terminated successfully!
