
  Preparation of molecular system (Libint)
  wall time (sec):                 0.00
  cpu time (sec):                  0.00
  cpu/wall ratio:                  0.92

  Preparation of molecular system (total)
  wall time (sec):                 0.11
  cpu time (sec):                  1.71
  cpu/wall ratio:                 14.85

  Cholesky decomposition of AO overlap
  wall time (sec):                 0.07
  cpu time (sec):                  1.54
  cpu/wall ratio:                 22.92


  :: Hartree-Fock engine
  =========================


  1) Generate initial SAD density

  SAD generation time
  wall time (sec):                 0.20
  cpu time (sec):                  8.21
  cpu/wall ratio:                 40.24


  2) Calculation of reference state (SCF-DIIS algorithm)

  AO Fock construction
  wall time (sec):                 0.18
  cpu time (sec):                  9.79
  cpu/wall ratio:                 54.69

  AO Fock construction
  wall time (sec):                 0.54
  cpu time (sec):                 30.03
  cpu/wall ratio:                 55.31

  AO Fock construction
  wall time (sec):                 0.55
  cpu time (sec):                 30.26
  cpu/wall ratio:                 55.22

  SCF DIIS iteration time
  wall time (sec):                 0.83
  cpu time (sec):                 42.97
  cpu/wall ratio:                 51.90

  AO Fock construction
  wall time (sec):                 0.53
  cpu time (sec):                 29.38
  cpu/wall ratio:                 55.43

  SCF DIIS iteration time
  wall time (sec):                 0.89
  cpu time (sec):                 47.54
  cpu/wall ratio:                 53.66

  AO Fock construction
  wall time (sec):                 0.55
  cpu time (sec):                 30.67
  cpu/wall ratio:                 55.26

  SCF DIIS iteration time
  wall time (sec):                 0.78
  cpu time (sec):                 41.82
  cpu/wall ratio:                 53.55

  AO Fock construction
  wall time (sec):                 0.61
  cpu time (sec):                 33.50
  cpu/wall ratio:                 55.20

  SCF DIIS iteration time
  wall time (sec):                 0.78
  cpu time (sec):                 41.82
  cpu/wall ratio:                 53.62

  AO Fock construction
  wall time (sec):                 0.55
  cpu time (sec):                 30.63
  cpu/wall ratio:                 55.19

  SCF DIIS iteration time
  wall time (sec):                 0.69
  cpu time (sec):                 36.83
  cpu/wall ratio:                 53.53

  AO Fock construction
  wall time (sec):                 0.50
  cpu time (sec):                 27.52
  cpu/wall ratio:                 55.26

  SCF DIIS iteration time
  wall time (sec):                 0.62
  cpu time (sec):                 33.01
  cpu/wall ratio:                 53.33

  AO Fock construction
  wall time (sec):                 0.45
  cpu time (sec):                 25.02
  cpu/wall ratio:                 55.24

  SCF DIIS iteration time
  wall time (sec):                 0.63
  cpu time (sec):                 33.78
  cpu/wall ratio:                 53.37

  SCF DIIS iteration time
  wall time (sec):                 0.00
  cpu time (sec):                  0.11
  cpu/wall ratio:                 55.57

  SCF DIIS solver time
  wall time (sec):                 6.18
  cpu time (sec):                329.19
  cpu/wall ratio:                 53.25

  Hartree-Fock engine
  wall time (sec):                 6.39
  cpu time (sec):                337.40
  cpu/wall ratio:                 52.83


  :: Total time
  ================

  Total time in eT
  wall time (sec):                 6.64
  cpu time (sec):                344.03
  cpu/wall ratio:                 51.79
