


                     eT - an electronic structure program

  ------------------------------------------------------------------------
   Author list in alphabetical order:
  ------------------------------------------------------------------------
   J. H. Andersen, A. Balbi, S. Coriani, S. D. Folkestad, T. Giovannini, 
   L. Goletto, T. S. Haugland, A. Hutcheson, I-M. Høyvik, E. F. Kjønstad, 
   H. Koch, T. Moitra, R. H. Myhre, A. C. Paul, M. Scavino, A. Skeidsvoll, 
   Å. H. Tveten
  ------------------------------------------------------------------------


  :: Input file
  ================

     Note: geometry section is excluded from this print

     system
        name: benzene scan 2.25
        charge: 0
     end system

     do
       ground state
     end do

     memory
        available: 8
     end memory

     solver scf
        algorithm: scf-diis
     end solver scf

     molecular mechanics
        forcefield: non-polarizable
     end molecular mechanics

     method
        hf
     end method


  Running on 56 OMP thread(s)
  Memory available for calculation: 8.000000 GB


  :: Molecular system specifications (QM)
  ==========================================

     Name:             benzene scan 2.25
     Charge:           0
     Multiplicity:     1
     Coordinate units: angstrom

     Pure basis functions:        174
     Cartesian basis functions:   180
     Primitive basis functions:   270

     Nuclear repulsion energy (a.u.):            204.234616969248
     Bohr/angstrom value (CODATA 2010):            0.529177210920

     ==============================================================================
                                     Geometry (angstrom)
     ==============================================================================
        Atom           X                  Y                  Z         # in input
     ==============================================================================
        Basis: 6-311++g**
        1 C     -2.282182000000     0.094329000000    -0.000183000000        1
        2 C     -0.893220000000     0.094263000000     0.000431000000        2
        3 C     -0.198699000000     1.297110000000     0.000040000000        3
        4 C     -0.893125000000     2.500009000000    -0.000978000000        4
        5 C     -2.282088000000     2.500067000000    -0.001601000000        5
        6 C     -2.976633000000     1.297226000000    -0.001196000000        6
        7 H     -2.824040000000    -0.844049000000     0.000125000000        7
        8 H     -0.351527000000    -0.844201000000     0.001214000000        8
        9 H      0.884886000000     1.297069000000     0.000516000000        9
       10 H     -0.351327000000     3.438411000000    -0.001306000000       10
       11 H     -2.823832000000     3.438507000000    -0.002402000000       11
       12 H     -4.060212000000     1.297260000000    -0.001659000000       12
     ==============================================================================

     ==============================================================================
                                     Geometry (a.u.)
     ==============================================================================
        Atom           X                  Y                  Z         # in input
     ==============================================================================
        Basis: 6-311++g**
        1 C     -4.312698946412     0.178255975604    -0.000345819881        1
        2 C     -1.687941168984     0.178131253680     0.000814471960        2
        3 C     -0.375486691225     2.451182653435     0.000075589045        3
        4 C     -1.687761645002     4.724332318948    -0.001848152150        4
        5 C     -4.312521312156     4.724441923063    -0.003025451525        5
        6 C     -5.625021143342     2.451401861665    -0.002260112445        6
        7 H     -5.336662164817    -1.595021445713     0.000236215766        7
        8 H     -0.664289755390    -1.595308684084     0.002294127515        8
        9 H      1.672192191462     2.451105174663     0.000975098680        9
       10 H     -0.663911810165     6.497655093692    -0.002467982319       10
       11 H     -5.336269101783     6.497836507400    -0.004539122151       11
       12 H     -7.672688687673     2.451466112353    -0.003135055641       12
     ==============================================================================


  :: Molecular system specifications (MM)
  ==========================================

     Force Field:  non-polarizable

     Number of MM atoms:                   2
     Number of MM molecules:               1

    ====================================================================
                        MM Geometry (Å) and Parameters
    ====================================================================
    Atom    Mol             X          Y          Z            Charge
    ====================================================================
      H       1        -2.825035  -0.842736   2.250124        1.000000
      H       1        -2.825477  -0.842153   3.250124       -1.000000
    ====================================================================


  :: RHF wavefunction
  ======================

  This is a QM/MM calculation

     Electrostatic Embedding:

     Each atom of the MM portion is endowed with a charge which value 
     is a fixed external parameter.

     The QM/MM electrostatic interaction energy is defined as:

        E^ele_QM/MM = sum_i q_i * V_i(P)

     where V_i(P) is the electrostatic potential due to the QM density 
     calculated at the position of the i-th charge q_i.

     For further details, see:
     Senn & Thiel, Angew. Chem. Int. Ed., 2009, 48, 1198−1229


  - Cholesky decomposition of AO overlap to get linearly independent orbitals:

  - Orbital details:

     Number of occupied orbitals:        21
     Number of virtual orbitals:        153
     Number of molecular orbitals:      174
     Number of atomic orbitals:         174


  :: Hartree-Fock engine
  =========================

  Drives the calculation of the Hartree-Fock state.

  This is a RHF ground state calculation.
  The following tasks will be performed:

     1) Generate initial SAD density
     2) Calculation of reference state (SCF-DIIS algorithm)


  1) Generate initial SAD density


  2) Calculation of reference state (SCF-DIIS algorithm)

   - Self-consistent field DIIS Hartree-Fock solver
  ----------------------------------------------------

  A DIIS-accelerated Roothan-Hall self-consistent field solver. A least-square 
  DIIS fit is performed on the previous Fock matrices and associated gradients. 
  Following the Roothan-Hall update of the density, the DIIS-fitted Fock 
  matrix is used to get the next orbital coefficients.

  - Hartree-Fock solver settings:

     DIIS dimension:                         8
     Cumulative Fock threshold:       0.10E+01

     Energy threshold:              0.1000E-05
     Gradient threshold:            0.1000E-05

     Coulomb screening threshold:   0.1000E-11
     Exchange screening threshold:  0.1000E-09
     Fock precision:                0.1000E-23
     Integral cutoff:               0.1000E-11

  - Setting initial AO density to SAD

     Energy of initial guess:              -234.211623258291
     Number of electrons in guess:           42.000000000000

  Iteration       Energy (a.u.)      Max(grad.)    Delta E (a.u.)
  ---------------------------------------------------------------
     1          -231.203509367612     0.4535E-01     0.2312E+03
     2          -231.283059362052     0.1959E-01     0.7955E-01
     3          -231.293062327840     0.7329E-02     0.1000E-01
     4          -231.294488106466     0.1313E-02     0.1426E-02
     5          -231.294527009982     0.3778E-03     0.3890E-04
     6          -231.294533632008     0.9345E-04     0.6622E-05
     7          -231.294534715338     0.4158E-04     0.1083E-05
     8          -231.294534957718     0.2098E-04     0.2424E-06
     9          -231.294535005250     0.6509E-05     0.4753E-07
    10          -231.294535008425     0.1792E-05     0.3176E-08
    11          -231.294535008610     0.4533E-06     0.1851E-09
  ---------------------------------------------------------------
  Convergence criterion met in 11 iterations!

  - Summary of RHF wavefunction energetics (a.u.):

     HOMO-LUMO gap:                  0.392527695736
     Nuclear repulsion energy:     204.911478869598
     Electronic energy:           -436.206013878208
     Total energy:                -231.294535008610

  - Summary of QM/MM energetics:
                                         a.u.             eV     kcal/mol
     QM/MM SCF Contribution:        -1.221594375473
     QM/MM Electrostatic Energy:    -0.015555405825    -0.42328    -9.761

  - Molecular orbital energies

  ---------------------------------------------------------------------------------------
    1 -11.269482015159   45   0.206356621982   89   1.037461043452  133   2.715062501355
    2 -11.267945264826   46   0.207431379432   90   1.085394435776  134   2.721046249322
    3 -11.267437219856   47   0.215517738201   91   1.095606463324  135   2.721937111322
    4 -11.263745664713   48   0.238008912849   92   1.097814342046  136   2.788147990200
    5 -11.259574159659   49   0.238430842712   93   1.109197521709  137   2.792425901014
    6 -11.259380727574   50   0.270305309870   94   1.139310546496  138   2.939105704947
    7  -1.184531713421   51   0.274883221025   95   1.189205883449  139   2.940679673716
    8  -1.048722918376   52   0.292894257272   96   1.192588234994  140   2.960046656379
    9  -1.045236110842   53   0.315002628548   97   1.221977904112  141   2.973370906002
   10  -0.855796485722   54   0.319994285863   98   1.293296817022  142   2.992332413292
   11  -0.853918494341   55   0.345123047101   99   1.299411382031  143   2.998631961777
   12  -0.740941520878   56   0.385753664845  100   1.364589085656  144   3.017312289140
   13  -0.671644494314   57   0.391388193602  101   1.366761289889  145   3.024685081800
   14  -0.651760958568   58   0.409052510771  102   1.496949806567  146   3.031897103832
   15  -0.620195251586   59   0.410926474487  103   1.525290238858  147   3.063115078098
   16  -0.616168178431   60   0.423549296006  104   1.685430583016  148   3.163100655936
   17  -0.533783544214   61   0.475095664726  105   1.760277008644  149   3.165683080426
   18  -0.525336228590   62   0.476639972122  106   1.764134556062  150   3.245200682788
   19  -0.522455670013   63   0.486815757700  107   1.772547105563  151   3.264726883536
   20  -0.371730994774   64   0.487370111641  108   1.796421395828  152   3.267967900920
   21  -0.363117817114   65   0.577891944748  109   1.819461866027  153   3.307245371302
   22   0.029409878622   66   0.587516913307  110   1.820876613464  154   3.309640017325
   23   0.039513489364   67   0.688613831902  111   1.881149092208  155   3.457882918561
   24   0.041770531025   68   0.694757914554  112   1.885643990032  156   3.532386434961
   25   0.057900446779   69   0.700111227569  113   1.908892259531  157   3.757716624343
   26   0.058882343928   70   0.707299346596  114   1.909338953310  158   3.758320794261
   27   0.066361337108   71   0.725688166047  115   1.960620459819  159   3.883012550116
   28   0.081824584153   72   0.727707637191  116   2.024332909656  160   3.886690485743
   29   0.088022520626   73   0.728942900708  117   2.030122973422  161   3.899820177179
   30   0.108121362241   74   0.729425175557  118   2.078743122573  162   4.067913810745
   31   0.125568308785   75   0.734171767759  119   2.080900399605  163   4.376487235415
   32   0.140248517776   76   0.771611382243  120   2.105690957882  164   4.380778299427
   33   0.141136121569   77   0.788062095303  121   2.211941694313  165   4.473066191143
   34   0.145387458792   78   0.795527746444  122   2.212618136242  166   4.545500131631
   35   0.163295820734   79   0.858224044823  123   2.214312193651  167   4.546088722680
   36   0.166106684143   80   0.912362508412  124   2.223536190584  168   5.258245817334
   37   0.170432285135   81   0.914207209941  125   2.225234259347  169  24.716462972900
   38   0.172641843998   82   0.927450268607  126   2.272313937498  170  25.117030641915
   39   0.178932096014   83   0.928926566638  127   2.322891266600  171  25.118578434858
   40   0.191167436668   84   0.948181542037  128   2.323141040129  172  25.247153930810
   41   0.197998382704   85   0.980159582223  129   2.350386431321  173  25.249098599151
   42   0.201226429697   86   0.992421563316  130   2.354937134576  174  25.361892603313
   43   0.201360339225   87   0.995196845440  131   2.615492301780
   44   0.202620335199   88   1.031112977899  132   2.642766039279
  ---------------------------------------------------------------------------------------

  - Timings for the RHF ground state calculation

     Total wall time (sec):              8.60600
     Total cpu time (sec):             457.38664

  eT terminated successfully!
