


                     eT - an electronic structure program

  ------------------------------------------------------------------------
   Author list in alphabetical order:
  ------------------------------------------------------------------------
   J. H. Andersen, A. Balbi, S. Coriani, S. D. Folkestad, T. Giovannini, 
   L. Goletto, T. S. Haugland, A. Hutcheson, I-M. Høyvik, E. F. Kjønstad, 
   H. Koch, T. Moitra, R. H. Myhre, A. C. Paul, M. Scavino, A. Skeidsvoll, 
   Å. H. Tveten
  ------------------------------------------------------------------------


  :: Input file
  ================

     Note: geometry section is excluded from this print

     system
        name: benzene scan 2.50
        charge: 0
     end system

     do
       ground state
     end do

     memory
        available: 8
     end memory

     solver scf
        algorithm: scf-diis
     end solver scf

     molecular mechanics
        forcefield: non-polarizable
     end molecular mechanics

     method
        hf
     end method


  Running on 56 OMP thread(s)
  Memory available for calculation: 8.000000 GB


  :: Molecular system specifications (QM)
  ==========================================

     Name:             benzene scan 2.50
     Charge:           0
     Multiplicity:     1
     Coordinate units: angstrom

     Pure basis functions:        174
     Cartesian basis functions:   180
     Primitive basis functions:   270

     Nuclear repulsion energy (a.u.):            204.234616969248
     Bohr/angstrom value (CODATA 2010):            0.529177210920

     ==============================================================================
                                     Geometry (angstrom)
     ==============================================================================
        Atom           X                  Y                  Z         # in input
     ==============================================================================
        Basis: 6-311++g**
        1 C     -2.282182000000     0.094329000000    -0.000183000000        1
        2 C     -0.893220000000     0.094263000000     0.000431000000        2
        3 C     -0.198699000000     1.297110000000     0.000040000000        3
        4 C     -0.893125000000     2.500009000000    -0.000978000000        4
        5 C     -2.282088000000     2.500067000000    -0.001601000000        5
        6 C     -2.976633000000     1.297226000000    -0.001196000000        6
        7 H     -2.824040000000    -0.844049000000     0.000125000000        7
        8 H     -0.351527000000    -0.844201000000     0.001214000000        8
        9 H      0.884886000000     1.297069000000     0.000516000000        9
       10 H     -0.351327000000     3.438411000000    -0.001306000000       10
       11 H     -2.823832000000     3.438507000000    -0.002402000000       11
       12 H     -4.060212000000     1.297260000000    -0.001659000000       12
     ==============================================================================

     ==============================================================================
                                     Geometry (a.u.)
     ==============================================================================
        Atom           X                  Y                  Z         # in input
     ==============================================================================
        Basis: 6-311++g**
        1 C     -4.312698946412     0.178255975604    -0.000345819881        1
        2 C     -1.687941168984     0.178131253680     0.000814471960        2
        3 C     -0.375486691225     2.451182653435     0.000075589045        3
        4 C     -1.687761645002     4.724332318948    -0.001848152150        4
        5 C     -4.312521312156     4.724441923063    -0.003025451525        5
        6 C     -5.625021143342     2.451401861665    -0.002260112445        6
        7 H     -5.336662164817    -1.595021445713     0.000236215766        7
        8 H     -0.664289755390    -1.595308684084     0.002294127515        8
        9 H      1.672192191462     2.451105174663     0.000975098680        9
       10 H     -0.663911810165     6.497655093692    -0.002467982319       10
       11 H     -5.336269101783     6.497836507400    -0.004539122151       11
       12 H     -7.672688687673     2.451466112353    -0.003135055641       12
     ==============================================================================


  :: Molecular system specifications (MM)
  ==========================================

     Force Field:  non-polarizable

     Number of MM atoms:                   2
     Number of MM molecules:               1

    ====================================================================
                        MM Geometry (Å) and Parameters
    ====================================================================
    Atom    Mol             X          Y          Z            Charge
    ====================================================================
      H       1        -2.825145  -0.842590   2.500124        1.000000
      H       1        -2.825587  -0.842007   3.500124       -1.000000
    ====================================================================


  :: RHF wavefunction
  ======================

  This is a QM/MM calculation

     Electrostatic Embedding:

     Each atom of the MM portion is endowed with a charge which value 
     is a fixed external parameter.

     The QM/MM electrostatic interaction energy is defined as:

        E^ele_QM/MM = sum_i q_i * V_i(P)

     where V_i(P) is the electrostatic potential due to the QM density 
     calculated at the position of the i-th charge q_i.

     For further details, see:
     Senn & Thiel, Angew. Chem. Int. Ed., 2009, 48, 1198−1229


  - Cholesky decomposition of AO overlap to get linearly independent orbitals:

  - Orbital details:

     Number of occupied orbitals:        21
     Number of virtual orbitals:        153
     Number of molecular orbitals:      174
     Number of atomic orbitals:         174


  :: Hartree-Fock engine
  =========================

  Drives the calculation of the Hartree-Fock state.

  This is a RHF ground state calculation.
  The following tasks will be performed:

     1) Generate initial SAD density
     2) Calculation of reference state (SCF-DIIS algorithm)


  1) Generate initial SAD density


  2) Calculation of reference state (SCF-DIIS algorithm)

   - Self-consistent field DIIS Hartree-Fock solver
  ----------------------------------------------------

  A DIIS-accelerated Roothan-Hall self-consistent field solver. A least-square 
  DIIS fit is performed on the previous Fock matrices and associated gradients. 
  Following the Roothan-Hall update of the density, the DIIS-fitted Fock 
  matrix is used to get the next orbital coefficients.

  - Hartree-Fock solver settings:

     DIIS dimension:                         8
     Cumulative Fock threshold:       0.10E+01

     Energy threshold:              0.1000E-05
     Gradient threshold:            0.1000E-05

     Coulomb screening threshold:   0.1000E-11
     Exchange screening threshold:  0.1000E-09
     Fock precision:                0.1000E-23
     Integral cutoff:               0.1000E-11

  - Setting initial AO density to SAD

     Energy of initial guess:              -234.212259800961
     Number of electrons in guess:           42.000000000000

  Iteration       Energy (a.u.)      Max(grad.)    Delta E (a.u.)
  ---------------------------------------------------------------
     1          -231.202308397077     0.4526E-01     0.2312E+03
     2          -231.281599531907     0.1855E-01     0.7929E-01
     3          -231.291405652980     0.6867E-02     0.9806E-02
     4          -231.292784969839     0.1165E-02     0.1379E-02
     5          -231.292815519877     0.3661E-03     0.3055E-04
     6          -231.292821150568     0.7551E-04     0.5631E-05
     7          -231.292821784235     0.3155E-04     0.6337E-06
     8          -231.292821918495     0.1755E-04     0.1343E-06
     9          -231.292821954740     0.5846E-05     0.3625E-07
    10          -231.292821957907     0.1695E-05     0.3167E-08
    11          -231.292821958157     0.4227E-06     0.2503E-09
  ---------------------------------------------------------------
  Convergence criterion met in 11 iterations!

  - Summary of RHF wavefunction energetics (a.u.):

     HOMO-LUMO gap:                  0.388016530869
     Nuclear repulsion energy:     204.814910187970
     Electronic energy:           -436.107732146127
     Total energy:                -231.292821958157

  - Summary of QM/MM energetics:
                                         a.u.             eV     kcal/mol
     QM/MM SCF Contribution:        -1.121247952418
     QM/MM Electrostatic Energy:    -0.011777664397    -0.32049    -7.391

  - Molecular orbital energies

  ---------------------------------------------------------------------------------------
    1 -11.266654934523   45   0.203657427245   89   1.038441132344  133   2.717621452595
    2 -11.264933045325   46   0.207592703117   90   1.087528258037  134   2.723179140688
    3 -11.264479081098   47   0.214081200470   91   1.097554071993  135   2.723974668450
    4 -11.261268556143   48   0.238178499778   92   1.099566347224  136   2.790723581580
    5 -11.258272889188   49   0.238575814879   93   1.111221820716  137   2.794076309022
    6 -11.258008129995   50   0.268013343396   94   1.141807838417  138   2.941697834752
    7  -1.182275495694   51   0.273189960957   95   1.191635558622  139   2.942980442297
    8  -1.045975756941   52   0.292913685901   96   1.193955752526  140   2.962895053413
    9  -1.043312509152   53   0.313872174075   97   1.224249420345  141   2.975583727518
   10  -0.853031123168   54   0.319272692624   98   1.296560682994  142   2.995453615438
   11  -0.851788666790   55   0.346531817908   99   1.301064239481  143   3.000166314508
   12  -0.738500264302   56   0.387090583682  100   1.367224777272  144   3.020274190395
   13  -0.668970398786   57   0.392150951918  101   1.368799644236  145   3.025932753950
   14  -0.649434511639   58   0.410379145784  102   1.498869554035  146   3.034008760462
   15  -0.617420642560   59   0.412264369350  103   1.527439965863  147   3.065082883578
   16  -0.614337606516   60   0.424487247113  104   1.687716929450  148   3.165552861990
   17  -0.531437658993   61   0.476873733011  105   1.763091241478  149   3.167641487888
   18  -0.522667972298   62   0.478292031207  106   1.766008228544  150   3.247525668121
   19  -0.520500215231   63   0.488295314583  107   1.774534645362  151   3.267383730128
   20  -0.368305294014   64   0.489128206502  108   1.800144616555  152   3.269828986238
   21  -0.361816944437   65   0.579751085941  109   1.821640484866  153   3.309760875578
   22   0.026199586431   66   0.588021610432  110   1.822742674122  154   3.311606315130
   23   0.039112044193   67   0.688247200318  111   1.884166515711  155   3.460177153578
   24   0.041565749640   68   0.696046314500  112   1.887470260319  156   3.534659227264
   25   0.057076847668   69   0.701086560685  113   1.910991774726  157   3.759999360458
   26   0.058635726715   70   0.708803854040  114   1.911299063611  158   3.760527912694
   27   0.065076998694   71   0.726858166483  115   1.963318913838  159   3.885845206272
   28   0.081721069505   72   0.729020656927  116   2.027315149006  160   3.888650366044
   29   0.088494108469   73   0.730942095430  117   2.031709245227  161   3.901792444716
   30   0.101796966047   74   0.731231272652  118   2.081278281115  162   4.070193010709
   31   0.125581315257   75   0.735071738971  119   2.082963559594  163   4.379423008804
   32   0.139715050504   76   0.772641545945  120   2.107828446211  164   4.382633959189
   33   0.140072458127   77   0.791387047685  121   2.214609292791  165   4.475346121620
   34   0.145788468112   78   0.796662552224  122   2.215185463602  166   4.547830497140
   35   0.163879069957   79   0.861009321516  123   2.216384053205  167   4.548274941964
   36   0.166710025190   80   0.915065739903  124   2.225735057272  168   5.260507968946
   37   0.170658210501   81   0.916475761330  125   2.227037011118  169  24.718791905202
   38   0.172787422685   82   0.929424062446  126   2.274610249852  170  25.119514755081
   39   0.179298027304   83   0.930637415903  127   2.325141165480  171  25.120773080155
   40   0.188557501529   84   0.950359395052  128   2.325306913215  172  25.249677993374
   41   0.198986322362   85   0.984558770981  129   2.353301642751  173  25.251199236795
   42   0.201077739525   86   0.993619795309  130   2.356693531524  174  25.364186978341
   43   0.201371836754   87   0.996136213463  131   2.617850386681
   44   0.202131864562   88   1.033585960897  132   2.645144687457
  ---------------------------------------------------------------------------------------

  - Timings for the RHF ground state calculation

     Total wall time (sec):              8.79700
     Total cpu time (sec):             465.66417

  eT terminated successfully!
