


                     eT - an electronic structure program

  ------------------------------------------------------------------------
   Author list in alphabetical order:
  ------------------------------------------------------------------------
   J. H. Andersen, A. Balbi, S. Coriani, S. D. Folkestad, T. Giovannini, 
   L. Goletto, T. S. Haugland, A. Hutcheson, I-M. Høyvik, E. F. Kjønstad, 
   H. Koch, T. Moitra, R. H. Myhre, A. C. Paul, M. Scavino, A. Skeidsvoll, 
   Å. H. Tveten
  ------------------------------------------------------------------------


  :: Input file
  ================

     Note: geometry section is excluded from this print

     system
        name: benzene scan 4.00
        charge: 0
     end system

     do
       ground state
     end do

     memory
        available: 8
     end memory

     solver scf
        algorithm: scf-diis
     end solver scf

     molecular mechanics
        forcefield: non-polarizable
     end molecular mechanics

     method
        hf
     end method


  Running on 56 OMP thread(s)
  Memory available for calculation: 8.000000 GB


  :: Molecular system specifications (QM)
  ==========================================

     Name:             benzene scan 4.00
     Charge:           0
     Multiplicity:     1
     Coordinate units: angstrom

     Pure basis functions:        174
     Cartesian basis functions:   180
     Primitive basis functions:   270

     Nuclear repulsion energy (a.u.):            204.234616969248
     Bohr/angstrom value (CODATA 2010):            0.529177210920

     ==============================================================================
                                     Geometry (angstrom)
     ==============================================================================
        Atom           X                  Y                  Z         # in input
     ==============================================================================
        Basis: 6-311++g**
        1 C     -2.282182000000     0.094329000000    -0.000183000000        1
        2 C     -0.893220000000     0.094263000000     0.000431000000        2
        3 C     -0.198699000000     1.297110000000     0.000040000000        3
        4 C     -0.893125000000     2.500009000000    -0.000978000000        4
        5 C     -2.282088000000     2.500067000000    -0.001601000000        5
        6 C     -2.976633000000     1.297226000000    -0.001196000000        6
        7 H     -2.824040000000    -0.844049000000     0.000125000000        7
        8 H     -0.351527000000    -0.844201000000     0.001214000000        8
        9 H      0.884886000000     1.297069000000     0.000516000000        9
       10 H     -0.351327000000     3.438411000000    -0.001306000000       10
       11 H     -2.823832000000     3.438507000000    -0.002402000000       11
       12 H     -4.060212000000     1.297260000000    -0.001659000000       12
     ==============================================================================

     ==============================================================================
                                     Geometry (a.u.)
     ==============================================================================
        Atom           X                  Y                  Z         # in input
     ==============================================================================
        Basis: 6-311++g**
        1 C     -4.312698946412     0.178255975604    -0.000345819881        1
        2 C     -1.687941168984     0.178131253680     0.000814471960        2
        3 C     -0.375486691225     2.451182653435     0.000075589045        3
        4 C     -1.687761645002     4.724332318948    -0.001848152150        4
        5 C     -4.312521312156     4.724441923063    -0.003025451525        5
        6 C     -5.625021143342     2.451401861665    -0.002260112445        6
        7 H     -5.336662164817    -1.595021445713     0.000236215766        7
        8 H     -0.664289755390    -1.595308684084     0.002294127515        8
        9 H      1.672192191462     2.451105174663     0.000975098680        9
       10 H     -0.663911810165     6.497655093692    -0.002467982319       10
       11 H     -5.336269101783     6.497836507400    -0.004539122151       11
       12 H     -7.672688687673     2.451466112353    -0.003135055641       12
     ==============================================================================


  :: Molecular system specifications (MM)
  ==========================================

     Force Field:  non-polarizable

     Number of MM atoms:                   2
     Number of MM molecules:               1

    ====================================================================
                        MM Geometry (Å) and Parameters
    ====================================================================
    Atom    Mol             X          Y          Z            Charge
    ====================================================================
      H       1        -2.825808  -0.841715   4.000124        1.000000
      H       1        -2.826250  -0.841132   5.000124       -1.000000
    ====================================================================


  :: RHF wavefunction
  ======================

  This is a QM/MM calculation

     Electrostatic Embedding:

     Each atom of the MM portion is endowed with a charge which value 
     is a fixed external parameter.

     The QM/MM electrostatic interaction energy is defined as:

        E^ele_QM/MM = sum_i q_i * V_i(P)

     where V_i(P) is the electrostatic potential due to the QM density 
     calculated at the position of the i-th charge q_i.

     For further details, see:
     Senn & Thiel, Angew. Chem. Int. Ed., 2009, 48, 1198−1229


  - Cholesky decomposition of AO overlap to get linearly independent orbitals:

  - Orbital details:

     Number of occupied orbitals:        21
     Number of virtual orbitals:        153
     Number of molecular orbitals:      174
     Number of atomic orbitals:         174


  :: Hartree-Fock engine
  =========================

  Drives the calculation of the Hartree-Fock state.

  This is a RHF ground state calculation.
  The following tasks will be performed:

     1) Generate initial SAD density
     2) Calculation of reference state (SCF-DIIS algorithm)


  1) Generate initial SAD density


  2) Calculation of reference state (SCF-DIIS algorithm)

   - Self-consistent field DIIS Hartree-Fock solver
  ----------------------------------------------------

  A DIIS-accelerated Roothan-Hall self-consistent field solver. A least-square 
  DIIS fit is performed on the previous Fock matrices and associated gradients. 
  Following the Roothan-Hall update of the density, the DIIS-fitted Fock 
  matrix is used to get the next orbital coefficients.

  - Hartree-Fock solver settings:

     DIIS dimension:                         8
     Cumulative Fock threshold:       0.10E+01

     Energy threshold:              0.1000E-05
     Gradient threshold:            0.1000E-05

     Coulomb screening threshold:   0.1000E-11
     Exchange screening threshold:  0.1000E-09
     Fock precision:                0.1000E-23
     Integral cutoff:               0.1000E-11

  - Setting initial AO density to SAD

     Energy of initial guess:              -234.212834855086
     Number of electrons in guess:           42.000000000000

  Iteration       Energy (a.u.)      Max(grad.)    Delta E (a.u.)
  ---------------------------------------------------------------
     1          -231.198859594729     0.4474E-01     0.2312E+03
     2          -231.277440061589     0.1821E-01     0.7858E-01
     3          -231.286737916607     0.6223E-02     0.9298E-02
     4          -231.288000702738     0.6438E-03     0.1263E-02
     5          -231.288010930433     0.3385E-03     0.1023E-04
     6          -231.288013879191     0.4045E-04     0.2949E-05
     7          -231.288013982230     0.6631E-05     0.1030E-06
     8          -231.288013985883     0.2747E-05     0.3653E-08
     9          -231.288013986872     0.1493E-05     0.9888E-09
    10          -231.288013987473     0.7224E-06     0.6013E-09
  ---------------------------------------------------------------
  Convergence criterion met in 10 iterations!

  - Summary of RHF wavefunction energetics (a.u.):

     HOMO-LUMO gap:                  0.377861489630
     Nuclear repulsion energy:     204.400878071007
     Electronic energy:           -435.688892058480
     Total energy:                -231.288013987473

  - Summary of QM/MM energetics:
                                         a.u.             eV     kcal/mol
     QM/MM SCF Contribution:        -0.698292850117
     QM/MM Electrostatic Energy:    -0.002854679059    -0.07768    -1.791

  - Molecular orbital energies

  ---------------------------------------------------------------------------------------
    1 -11.254280082031   45   0.208311876602   89   1.044708406762  133   2.727475672276
    2 -11.252924036388   46   0.209672467632   90   1.097056450983  134   2.733116495242
    3 -11.252462536952   47   0.213378508303   91   1.106890244545  135   2.733309472335
    4 -11.251551662109   48   0.240535353035   92   1.107823337926  136   2.801181132411
    5 -11.250700654112   49   0.240745840277   93   1.120420657567  137   2.802111465917
    6 -11.249917189514   50   0.270518933271   94   1.152137707031  138   2.952273662516
    7  -1.171986323771   51   0.273283986405   95   1.202159397912  139   2.952595458245
    8  -1.034656256596   52   0.294366813579   96   1.202528205577  140   2.973375687920
    9  -1.034062614212   53   0.316966705071   97   1.234586951930  141   2.985551712940
   10  -0.842182186947   54   0.320193796781   98   1.308633858924  142   3.006644111663
   11  -0.842003653774   55   0.355414338313   99   1.309552928765  143   3.007925935613
   12  -0.728280001624   56   0.394422000633  100   1.377976960147  144   3.031339835907
   13  -0.658686851918   57   0.396431748325  101   1.378316921165  145   3.032805496206
   14  -0.639128009868   58   0.417656970357  102   1.508698214636  146   3.043798779360
   15  -0.606262247353   59   0.418532988408  103   1.537184979239  147   3.073693329231
   16  -0.605535520532   60   0.429251873256  104   1.697744087951  148   3.176270899447
   17  -0.521029902308   61   0.485118454819  105   1.774068879066  149   3.176961445510
   18  -0.511903236094   62   0.485651073028  106   1.774815134975  150   3.257469112059
   19  -0.511392488786   63   0.496419765027  107   1.783917296172  151   3.278546409485
   20  -0.355236598396   64   0.496981587487  108   1.812389428564  152   3.279075427967
   21  -0.353984498013   65   0.588361417877  109   1.831587661800  153   3.320306859640
   22   0.023876991616   66   0.595270847416  110   1.831870038857  154   3.320774725812
   23   0.039574012000   67   0.695552951237  111   1.895534512052  155   3.470508549516
   24   0.040831840054   68   0.705171943472  112   1.896279193070  156   3.544877638626
   25   0.057606650395   69   0.707324461855  113   1.920453986330  157   3.770391370660
   26   0.058459631438   70   0.716824776267  114   1.920543200339  158   3.770534376205
   27   0.080816320099   71   0.735059351498  115   1.973679368530  159   3.897306850563
   28   0.088059561841   72   0.736190645688  116   2.038735487740  160   3.897930546058
   29   0.094310022371   73   0.739508696246  117   2.039742283306  161   3.911063400402
   30   0.102841653302   74   0.740040194062  118   2.091493523857  162   4.080219103796
   31   0.131598302914   75   0.741152572800  119   2.092045523029  163   4.390889012187
   32   0.138557501602   76   0.779861383070  120   2.117133129509  164   4.391572086098
   33   0.142234376789   77   0.802800768839  121   2.225209604790  165   4.485338228684
   34   0.150208559134   78   0.803934524598  122   2.225940894120  166   4.558125057353
   35   0.167706200042   79   0.871169474829  123   2.226168653027  167   4.558257964891
   36   0.170159070849   80   0.925538100142  124   2.235532263223  168   5.270836767906
   37   0.173010397640   81   0.925869561223  125   2.235849986825  169  24.729071487241
   38   0.174440586435   82   0.938419202646  126   2.284241335332  170  25.130296861340
   39   0.181003776621   83   0.938865895596  127   2.335120620062  171  25.130622229235
   40   0.188734429747   84   0.959235939138  128   2.335129855457  172  25.260549074560
   41   0.201554828108   85   0.999129284611  129   2.364692812032  173  25.260902984927
   42   0.202002500206   86   1.000865547114  130   2.365430907303  174  25.374418703787
   43   0.202603559755   87   1.002501195040  131   2.627953631474
   44   0.202658666700   88   1.043542556251  132   2.655586584585
  ---------------------------------------------------------------------------------------

  - Timings for the RHF ground state calculation

     Total wall time (sec):              9.28900
     Total cpu time (sec):             493.59942

  eT terminated successfully!
