


                     eT - an electronic structure program

  ------------------------------------------------------------------------
   Author list in alphabetical order:
  ------------------------------------------------------------------------
   J. H. Andersen, A. Balbi, S. Coriani, S. D. Folkestad, T. Giovannini, 
   L. Goletto, T. S. Haugland, A. Hutcheson, I-M. Høyvik, E. F. Kjønstad, 
   H. Koch, T. Moitra, R. H. Myhre, A. C. Paul, M. Scavino, A. Skeidsvoll, 
   Å. H. Tveten
  ------------------------------------------------------------------------


  :: Input file
  ================

     Note: geometry section is excluded from this print

     system
        name: benzene scan 6.00
        charge: 0
     end system

     do
       ground state
     end do

     memory
        available: 8
     end memory

     solver scf
        algorithm: scf-diis
     end solver scf

     molecular mechanics
        forcefield: non-polarizable
     end molecular mechanics

     method
        hf
     end method


  Running on 56 OMP thread(s)
  Memory available for calculation: 8.000000 GB


  :: Molecular system specifications (QM)
  ==========================================

     Name:             benzene scan 6.00
     Charge:           0
     Multiplicity:     1
     Coordinate units: angstrom

     Pure basis functions:        174
     Cartesian basis functions:   180
     Primitive basis functions:   270

     Nuclear repulsion energy (a.u.):            204.234616969248
     Bohr/angstrom value (CODATA 2010):            0.529177210920

     ==============================================================================
                                     Geometry (angstrom)
     ==============================================================================
        Atom           X                  Y                  Z         # in input
     ==============================================================================
        Basis: 6-311++g**
        1 C     -2.282182000000     0.094329000000    -0.000183000000        1
        2 C     -0.893220000000     0.094263000000     0.000431000000        2
        3 C     -0.198699000000     1.297110000000     0.000040000000        3
        4 C     -0.893125000000     2.500009000000    -0.000978000000        4
        5 C     -2.282088000000     2.500067000000    -0.001601000000        5
        6 C     -2.976633000000     1.297226000000    -0.001196000000        6
        7 H     -2.824040000000    -0.844049000000     0.000125000000        7
        8 H     -0.351527000000    -0.844201000000     0.001214000000        8
        9 H      0.884886000000     1.297069000000     0.000516000000        9
       10 H     -0.351327000000     3.438411000000    -0.001306000000       10
       11 H     -2.823832000000     3.438507000000    -0.002402000000       11
       12 H     -4.060212000000     1.297260000000    -0.001659000000       12
     ==============================================================================

     ==============================================================================
                                     Geometry (a.u.)
     ==============================================================================
        Atom           X                  Y                  Z         # in input
     ==============================================================================
        Basis: 6-311++g**
        1 C     -4.312698946412     0.178255975604    -0.000345819881        1
        2 C     -1.687941168984     0.178131253680     0.000814471960        2
        3 C     -0.375486691225     2.451182653435     0.000075589045        3
        4 C     -1.687761645002     4.724332318948    -0.001848152150        4
        5 C     -4.312521312156     4.724441923063    -0.003025451525        5
        6 C     -5.625021143342     2.451401861665    -0.002260112445        6
        7 H     -5.336662164817    -1.595021445713     0.000236215766        7
        8 H     -0.664289755390    -1.595308684084     0.002294127515        8
        9 H      1.672192191462     2.451105174663     0.000975098680        9
       10 H     -0.663911810165     6.497655093692    -0.002467982319       10
       11 H     -5.336269101783     6.497836507400    -0.004539122151       11
       12 H     -7.672688687673     2.451466112353    -0.003135055641       12
     ==============================================================================


  :: Molecular system specifications (MM)
  ==========================================

     Force Field:  non-polarizable

     Number of MM atoms:                   2
     Number of MM molecules:               1

    ====================================================================
                        MM Geometry (Å) and Parameters
    ====================================================================
    Atom    Mol             X          Y          Z            Charge
    ====================================================================
      H       1        -2.826692  -0.840548   6.000123        1.000000
      H       1        -2.827134  -0.839965   7.000123       -1.000000
    ====================================================================


  :: RHF wavefunction
  ======================

  This is a QM/MM calculation

     Electrostatic Embedding:

     Each atom of the MM portion is endowed with a charge which value 
     is a fixed external parameter.

     The QM/MM electrostatic interaction energy is defined as:

        E^ele_QM/MM = sum_i q_i * V_i(P)

     where V_i(P) is the electrostatic potential due to the QM density 
     calculated at the position of the i-th charge q_i.

     For further details, see:
     Senn & Thiel, Angew. Chem. Int. Ed., 2009, 48, 1198−1229


  - Cholesky decomposition of AO overlap to get linearly independent orbitals:

  - Orbital details:

     Number of occupied orbitals:        21
     Number of virtual orbitals:        153
     Number of molecular orbitals:      174
     Number of atomic orbitals:         174


  :: Hartree-Fock engine
  =========================

  Drives the calculation of the Hartree-Fock state.

  This is a RHF ground state calculation.
  The following tasks will be performed:

     1) Generate initial SAD density
     2) Calculation of reference state (SCF-DIIS algorithm)


  1) Generate initial SAD density


  2) Calculation of reference state (SCF-DIIS algorithm)

   - Self-consistent field DIIS Hartree-Fock solver
  ----------------------------------------------------

  A DIIS-accelerated Roothan-Hall self-consistent field solver. A least-square 
  DIIS fit is performed on the previous Fock matrices and associated gradients. 
  Following the Roothan-Hall update of the density, the DIIS-fitted Fock 
  matrix is used to get the next orbital coefficients.

  - Hartree-Fock solver settings:

     DIIS dimension:                         8
     Cumulative Fock threshold:       0.10E+01

     Energy threshold:              0.1000E-05
     Gradient threshold:            0.1000E-05

     Coulomb screening threshold:   0.1000E-11
     Exchange screening threshold:  0.1000E-09
     Fock precision:                0.1000E-23
     Integral cutoff:               0.1000E-11

  - Setting initial AO density to SAD

     Energy of initial guess:              -234.212848003972
     Number of electrons in guess:           42.000000000000

  Iteration       Energy (a.u.)      Max(grad.)    Delta E (a.u.)
  ---------------------------------------------------------------
     1          -231.197822440332     0.4439E-01     0.2312E+03
     2          -231.276127283401     0.1807E-01     0.7830E-01
     3          -231.285285452511     0.6240E-02     0.9158E-02
     4          -231.286528171021     0.4405E-03     0.1243E-02
     5          -231.286537054348     0.1633E-03     0.8883E-05
     6          -231.286537690305     0.4505E-04     0.6360E-06
     7          -231.286537772688     0.3988E-05     0.8238E-07
     8          -231.286537773904     0.1065E-05     0.1215E-08
     9          -231.286537774025     0.2758E-06     0.1208E-09
  ---------------------------------------------------------------
  Convergence criterion met in 9 iterations!

  - Summary of RHF wavefunction energetics (a.u.):

     HOMO-LUMO gap:                  0.380630949458
     Nuclear repulsion energy:     204.114058135248
     Electronic energy:           -435.400595909273
     Total energy:                -231.286537774025

  - Summary of QM/MM energetics:
                                         a.u.             eV     kcal/mol
     QM/MM SCF Contribution:        -0.409509629278
     QM/MM Electrostatic Energy:    -0.000891393980    -0.02426    -0.559

  - Molecular orbital energies

  ---------------------------------------------------------------------------------------
    1 -11.246781225450   45   0.210992535289   89   1.050219230536  133   2.733790659060
    2 -11.246007138015   46   0.217068050572   90   1.103696435320  134   2.739629253860
    3 -11.245859446455   47   0.218059004804   91   1.113618127139  135   2.739650361571
    4 -11.244866486363   48   0.243593420095   92   1.113860046511  136   2.807745057519
    5 -11.244621112505   49   0.243660685502   93   1.126577386145  137   2.807936902975
    6 -11.243908199007   50   0.278691045917   94   1.158773719249  138   2.958826230445
    7  -1.165191373487   51   0.278965116927   95   1.209084543260  139   2.958889011298
    8  -1.027719832548   52   0.296752349188   96   1.209160362396  140   2.979811459638
    9  -1.027611685404   53   0.323397312076   97   1.241379465557  141   2.992109243724
   10  -0.835523783957   54   0.325251915407   98   1.315642587898  142   3.013530281922
   11  -0.835495616257   55   0.361951160236   99   1.315805983468  143   3.013763923169
   12  -0.721743469777   56   0.399866037707  100   1.384707713772  144   3.038129081599
   13  -0.652322758751   57   0.400518123905  101   1.384780502805  145   3.038406880669
   14  -0.632471701590   58   0.422899860210  102   1.515431528821  146   3.050620458046
   15  -0.599489886622   59   0.423151235137  103   1.543706425306  147   3.079825510294
   16  -0.599346938596   60   0.433144610426  104   1.704250544604  148   3.183357359192
   17  -0.514092381082   61   0.490868316711  105   1.780849682642  149   3.183482543069
   18  -0.505277907956   62   0.491016415826  106   1.780974981377  150   3.263871538305
   19  -0.505169144358   63   0.502220543914  107   1.790455653232  151   3.285561721682
   20  -0.347839325450   64   0.502436978588  108   1.819118916309  152   3.285646504981
   21  -0.347634129010   65   0.594334246236  109   1.838240366065  153   3.326946981069
   22   0.032996820448   66   0.601460537559  110   1.838299607120  154   3.327054482280
   23   0.041836811992   67   0.704376299652  111   1.902245053890  155   3.477343096048
   24   0.042314077052   68   0.712838439980  112   1.902398301275  156   3.551527111798
   25   0.059748551137   69   0.713221496391  113   1.926878885476  157   3.777148895690
   26   0.060057841332   70   0.723173093119  114   1.926931792288  158   3.777178854854
   27   0.082431968545   71   0.742480226801  115   1.980089998306  159   3.904236384608
   28   0.100404634952   72   0.742555591111  116   2.045495753272  160   3.904349186257
   29   0.100675980608   73   0.745972498153  117   2.045692415350  161   3.917520342385
   30   0.116278481211   74   0.746460262851  118   2.098099231432  162   4.086766354200
   31   0.141127939416   75   0.746905530902  119   2.098206880329  163   4.397714657317
   32   0.142640196773   76   0.786748055828  120   2.123275231767  164   4.397845114439
   33   0.147756968212   77   0.810100947609  121   2.231489113930  165   4.491869163709
   34   0.154898484244   78   0.810249775858  122   2.232799398694  166   4.564824999351
   35   0.172907635997   79   0.877811984193  123   2.232835510552  167   4.564860093659
   36   0.173699638339   80   0.931893085283  124   2.242108653116  168   5.277601151213
   37   0.175723558264   81   0.931955295153  125   2.242152944377  169  24.735696940140
   38   0.176569015765   82   0.944675614585  126   2.290633692156  170  25.137067429421
   39   0.183916862901   83   0.944770706164  127   2.341664273541  171  25.137128419269
   40   0.199601747340   84   0.965453109584  128   2.341668919760  172  25.267328621544
   41   0.204823682091   85   1.006707854610  129   2.371545707561  173  25.267399176939
   42   0.205205470373   86   1.006959798444  130   2.371693547561  174  25.381045452179
   43   0.207245543089   87   1.008004716363  131   2.634511087453
   44   0.207509371690   88   1.049983979260  132   2.662320730753
  ---------------------------------------------------------------------------------------

  - Timings for the RHF ground state calculation

     Total wall time (sec):              7.42900
     Total cpu time (sec):             394.68612

  eT terminated successfully!
