


                     eT - an electronic structure program

  ------------------------------------------------------------------------
   Author list in alphabetical order:
  ------------------------------------------------------------------------
   J. H. Andersen, A. Balbi, S. Coriani, S. D. Folkestad, T. Giovannini, 
   L. Goletto, T. S. Haugland, A. Hutcheson, I-M. Høyvik, E. F. Kjønstad, 
   H. Koch, T. Moitra, R. H. Myhre, A. C. Paul, M. Scavino, A. Skeidsvoll, 
   Å. H. Tveten
  ------------------------------------------------------------------------


  :: Input file
  ================

     Note: geometry section is excluded from this print

     system
        name: benzene scan 9.25
        charge: 0
     end system

     do
       ground state
     end do

     memory
        available: 8
     end memory

     solver scf
        algorithm: scf-diis
     end solver scf

     molecular mechanics
        forcefield: non-polarizable
     end molecular mechanics

     method
        hf
     end method


  Running on 56 OMP thread(s)
  Memory available for calculation: 8.000000 GB


  :: Molecular system specifications (QM)
  ==========================================

     Name:             benzene scan 9.25
     Charge:           0
     Multiplicity:     1
     Coordinate units: angstrom

     Pure basis functions:        174
     Cartesian basis functions:   180
     Primitive basis functions:   270

     Nuclear repulsion energy (a.u.):            204.234616969248
     Bohr/angstrom value (CODATA 2010):            0.529177210920

     ==============================================================================
                                     Geometry (angstrom)
     ==============================================================================
        Atom           X                  Y                  Z         # in input
     ==============================================================================
        Basis: 6-311++g**
        1 C     -2.282182000000     0.094329000000    -0.000183000000        1
        2 C     -0.893220000000     0.094263000000     0.000431000000        2
        3 C     -0.198699000000     1.297110000000     0.000040000000        3
        4 C     -0.893125000000     2.500009000000    -0.000978000000        4
        5 C     -2.282088000000     2.500067000000    -0.001601000000        5
        6 C     -2.976633000000     1.297226000000    -0.001196000000        6
        7 H     -2.824040000000    -0.844049000000     0.000125000000        7
        8 H     -0.351527000000    -0.844201000000     0.001214000000        8
        9 H      0.884886000000     1.297069000000     0.000516000000        9
       10 H     -0.351327000000     3.438411000000    -0.001306000000       10
       11 H     -2.823832000000     3.438507000000    -0.002402000000       11
       12 H     -4.060212000000     1.297260000000    -0.001659000000       12
     ==============================================================================

     ==============================================================================
                                     Geometry (a.u.)
     ==============================================================================
        Atom           X                  Y                  Z         # in input
     ==============================================================================
        Basis: 6-311++g**
        1 C     -4.312698946412     0.178255975604    -0.000345819881        1
        2 C     -1.687941168984     0.178131253680     0.000814471960        2
        3 C     -0.375486691225     2.451182653435     0.000075589045        3
        4 C     -1.687761645002     4.724332318948    -0.001848152150        4
        5 C     -4.312521312156     4.724441923063    -0.003025451525        5
        6 C     -5.625021143342     2.451401861665    -0.002260112445        6
        7 H     -5.336662164817    -1.595021445713     0.000236215766        7
        8 H     -0.664289755390    -1.595308684084     0.002294127515        8
        9 H      1.672192191462     2.451105174663     0.000975098680        9
       10 H     -0.663911810165     6.497655093692    -0.002467982319       10
       11 H     -5.336269101783     6.497836507400    -0.004539122151       11
       12 H     -7.672688687673     2.451466112353    -0.003135055641       12
     ==============================================================================


  :: Molecular system specifications (MM)
  ==========================================

     Force Field:  non-polarizable

     Number of MM atoms:                   2
     Number of MM molecules:               1

    ====================================================================
                        MM Geometry (Å) and Parameters
    ====================================================================
    Atom    Mol             X          Y          Z            Charge
    ====================================================================
      H       1        -2.828129  -0.838652   9.250122        1.000000
      H       1        -2.828571  -0.838068  10.250122       -1.000000
    ====================================================================


  :: RHF wavefunction
  ======================

  This is a QM/MM calculation

     Electrostatic Embedding:

     Each atom of the MM portion is endowed with a charge which value 
     is a fixed external parameter.

     The QM/MM electrostatic interaction energy is defined as:

        E^ele_QM/MM = sum_i q_i * V_i(P)

     where V_i(P) is the electrostatic potential due to the QM density 
     calculated at the position of the i-th charge q_i.

     For further details, see:
     Senn & Thiel, Angew. Chem. Int. Ed., 2009, 48, 1198−1229


  - Cholesky decomposition of AO overlap to get linearly independent orbitals:

  - Orbital details:

     Number of occupied orbitals:        21
     Number of virtual orbitals:        153
     Number of molecular orbitals:      174
     Number of atomic orbitals:         174


  :: Hartree-Fock engine
  =========================

  Drives the calculation of the Hartree-Fock state.

  This is a RHF ground state calculation.
  The following tasks will be performed:

     1) Generate initial SAD density
     2) Calculation of reference state (SCF-DIIS algorithm)


  1) Generate initial SAD density


  2) Calculation of reference state (SCF-DIIS algorithm)

   - Self-consistent field DIIS Hartree-Fock solver
  ----------------------------------------------------

  A DIIS-accelerated Roothan-Hall self-consistent field solver. A least-square 
  DIIS fit is performed on the previous Fock matrices and associated gradients. 
  Following the Roothan-Hall update of the density, the DIIS-fitted Fock 
  matrix is used to get the next orbital coefficients.

  - Hartree-Fock solver settings:

     DIIS dimension:                         8
     Cumulative Fock threshold:       0.10E+01

     Energy threshold:              0.1000E-05
     Gradient threshold:            0.1000E-05

     Coulomb screening threshold:   0.1000E-11
     Exchange screening threshold:  0.1000E-09
     Fock precision:                0.1000E-23
     Integral cutoff:               0.1000E-11

  - Setting initial AO density to SAD

     Energy of initial guess:              -234.212848027004
     Number of electrons in guess:           42.000000000000

  Iteration       Energy (a.u.)      Max(grad.)    Delta E (a.u.)
  ---------------------------------------------------------------
     1          -231.197407311808     0.4423E-01     0.2312E+03
     2          -231.275587996760     0.1800E-01     0.7818E-01
     3          -231.284697511297     0.6242E-02     0.9110E-02
     4          -231.285937091597     0.3693E-03     0.1240E-02
     5          -231.285946015924     0.7719E-04     0.8924E-05
     6          -231.285946229151     0.3762E-04     0.2132E-06
     7          -231.285946270518     0.4549E-05     0.4137E-07
     8          -231.285946271746     0.7346E-06     0.1228E-08
  ---------------------------------------------------------------
  Convergence criterion met in 8 iterations!

  - Summary of RHF wavefunction energetics (a.u.):

     HOMO-LUMO gap:                  0.380589267759
     Nuclear repulsion energy:     203.912204172132
     Electronic energy:           -435.198150443878
     Total energy:                -231.285946271746

  - Summary of QM/MM energetics:
                                         a.u.             eV     kcal/mol
     QM/MM SCF Contribution:        -0.207003552619
     QM/MM Electrostatic Energy:    -0.000239280745    -0.00651    -0.150

  - Molecular orbital energies

  ---------------------------------------------------------------------------------------
    1 -11.241973870169   45   0.213459621197   89   1.054523085377  133   2.738216439390
    2 -11.241369115701   46   0.222892464023   90   1.108313955819  134   2.744161836386
    3 -11.241359528177   47   0.222984815395   91   1.118344629871  135   2.744176093899
    4 -11.240120461345   48   0.246545242639   92   1.118373337302  136   2.812248704065
    5 -11.240095753662   49   0.246556268757   93   1.130979377539  137   2.812266959855
    6 -11.239467479619   50   0.283877368271   94   1.163399396786  138   2.963362229906
    7  -1.160481279158   51   0.283888971702   95   1.213877133109  139   2.963368759318
    8  -1.023018161921   52   0.299341064441   96   1.213889367693  140   2.984255388164
    9  -1.023005776370   53   0.328104783859   97   1.246085463479  141   2.996694168996
   10  -0.830921394152   54   0.329917240783   98   1.320342223776  142   3.018098505076
   11  -0.830920136468   55   0.366557546844   99   1.320358770464  143   3.018125810466
   12  -0.717177324444   56   0.404168813555  100   1.389350571680  144   3.042666013279
   13  -0.647850644902   57   0.404249573520  101   1.389362405974  145   3.042705075412
   14  -0.627845847779   58   0.426854227877  102   1.520140944806  146   3.055376043788
   15  -0.594880938102   59   0.426883918598  103   1.548306226924  147   3.084239520797
   16  -0.594864836246   60   0.436521553041  104   1.708804334449  148   3.188129504367
   17  -0.509287483302   61   0.495085621578  105   1.785431852675  149   3.188145745628
   18  -0.500713057692   62   0.495112940387  106   1.785439372617  150   3.268374270107
   19  -0.500697379959   63   0.506545396487  107   1.795111898421  151   3.290311260048
   20  -0.342980928671   64   0.506574075446  108   1.823696181357  152   3.290320807421
   21  -0.342959500641   65   0.598652598616  109   1.842885655392  153   3.331525635535
   22   0.037629767118   66   0.605856338794  110   1.842891228237  154   3.331553348042
   23   0.044802617422   67   0.709716826302  111   1.906795845562  155   3.482077143700
   24   0.044912474415   68   0.717757561331  112   1.906808685106  156   3.556151706342
   25   0.062380525756   69   0.717799984081  113   1.931437873144  157   3.781814344338
   26   0.062433366815   70   0.727610545493  114   1.931467580239  158   3.781822714829
   27   0.084483607461   71   0.747143148836  115   1.984577578256  159   3.908906605023
   28   0.105362856292   72   0.747149533602  116   2.050081175184  160   3.908927491050
   29   0.105380372230   73   0.750246513942  117   2.050102422179  161   3.922122213867
   30   0.123427210668   74   0.751575329051  118   2.102623026512  162   4.091345148824
   31   0.147202294559   75   0.751620554497  119   2.102642964728  163   4.402344162362
   32   0.147344697358   76   0.791819895736  120   2.127666990001  164   4.402363290852
   33   0.152748862863   77   0.814950351669  121   2.235860910383  165   4.496448712554
   34   0.158558778761   78   0.814962907742  122   2.237505870884  166   4.569473662133
   35   0.177139449908   79   0.882472763393  123   2.237509043526  167   4.569482944042
   36   0.177153139429   80   0.936314315718  124   2.246702096349  168   5.282288321685
   37   0.179001294828   81   0.936319848385  125   2.246704195455  169  24.740305027119
   38   0.179181858717   82   0.949120113948  126   2.295120301334  170  25.141707649645
   39   0.187541690151   83   0.949136201618  127   2.346249379515  171  25.141714846765
   40   0.204756140278   84   0.969945963005  128   2.346252472391  172  25.271969821351
   41   0.208118488425   85   1.011504632965  129   2.376195848388  173  25.271984196803
   42   0.208193621174   86   1.011530934544  130   2.376223072416  174  25.385656734290
   43   0.211804200955   87   1.012204253749  131   2.639099088827
   44   0.211823002747   88   1.054493368578  132   2.666988465939
  ---------------------------------------------------------------------------------------

  - Timings for the RHF ground state calculation

     Total wall time (sec):              6.76800
     Total cpu time (sec):             358.79611

  eT terminated successfully!
