
  Preparation of molecular system (Libint)
  wall time (sec):                 0.00
  cpu time (sec):                  0.00
  cpu/wall ratio:                  0.74

  Preparation of molecular system (total)
  wall time (sec):                 0.11
  cpu time (sec):                  1.50
  cpu/wall ratio:                 13.36

  Cholesky decomposition of AO overlap
  wall time (sec):                 0.20
  cpu time (sec):                  8.34
  cpu/wall ratio:                 42.77


  :: Hartree-Fock engine
  =========================


  1) Generate initial SAD density

  SAD generation time
  wall time (sec):                 0.31
  cpu time (sec):                 14.92
  cpu/wall ratio:                 48.28


  2) Calculation of reference state (SCF-DIIS algorithm)

  AO Fock construction
  wall time (sec):                 0.18
  cpu time (sec):                  9.90
  cpu/wall ratio:                 54.68

  AO Fock construction
  wall time (sec):                 0.61
  cpu time (sec):                 33.76
  cpu/wall ratio:                 55.07

  AO Fock construction
  wall time (sec):                 0.55
  cpu time (sec):                 30.56
  cpu/wall ratio:                 55.17

  SCF DIIS iteration time
  wall time (sec):                 0.67
  cpu time (sec):                 35.09
  cpu/wall ratio:                 52.77

  AO Fock construction
  wall time (sec):                 0.59
  cpu time (sec):                 32.54
  cpu/wall ratio:                 55.35

  SCF DIIS iteration time
  wall time (sec):                 0.85
  cpu time (sec):                 45.58
  cpu/wall ratio:                 53.69

  AO Fock construction
  wall time (sec):                 0.60
  cpu time (sec):                 32.92
  cpu/wall ratio:                 55.33

  SCF DIIS iteration time
  wall time (sec):                 0.81
  cpu time (sec):                 43.56
  cpu/wall ratio:                 53.58

  AO Fock construction
  wall time (sec):                 0.49
  cpu time (sec):                 27.03
  cpu/wall ratio:                 55.28

  SCF DIIS iteration time
  wall time (sec):                 0.74
  cpu time (sec):                 39.57
  cpu/wall ratio:                 53.55

  AO Fock construction
  wall time (sec):                 0.56
  cpu time (sec):                 31.07
  cpu/wall ratio:                 55.28

  SCF DIIS iteration time
  wall time (sec):                 0.72
  cpu time (sec):                 38.74
  cpu/wall ratio:                 53.66

  AO Fock construction
  wall time (sec):                 0.48
  cpu time (sec):                 26.48
  cpu/wall ratio:                 55.39

  SCF DIIS iteration time
  wall time (sec):                 0.61
  cpu time (sec):                 32.42
  cpu/wall ratio:                 53.49

  AO Fock construction
  wall time (sec):                 0.50
  cpu time (sec):                 27.60
  cpu/wall ratio:                 55.30

  SCF DIIS iteration time
  wall time (sec):                 0.62
  cpu time (sec):                 33.19
  cpu/wall ratio:                 53.36

  AO Fock construction
  wall time (sec):                 0.53
  cpu time (sec):                 29.06
  cpu/wall ratio:                 55.24

  SCF DIIS iteration time
  wall time (sec):                 0.67
  cpu time (sec):                 35.62
  cpu/wall ratio:                 53.49

  AO Fock construction
  wall time (sec):                 0.45
  cpu time (sec):                 24.68
  cpu/wall ratio:                 55.34

  SCF DIIS iteration time
  wall time (sec):                 0.59
  cpu time (sec):                 31.63
  cpu/wall ratio:                 53.44

  AO Fock construction
  wall time (sec):                 0.45
  cpu time (sec):                 24.83
  cpu/wall ratio:                 55.18

  SCF DIIS iteration time
  wall time (sec):                 0.68
  cpu time (sec):                 36.33
  cpu/wall ratio:                 53.43

  SCF DIIS iteration time
  wall time (sec):                 0.00
  cpu time (sec):                  0.06
  cpu/wall ratio:                 56.30

  SCF DIIS solver time
  wall time (sec):                 7.90
  cpu time (sec):                421.98
  cpu/wall ratio:                 53.39

  Hartree-Fock engine
  wall time (sec):                 8.21
  cpu time (sec):                437.01
  cpu/wall ratio:                 53.20


  :: Total time
  ================

  Total time in eT
  wall time (sec):                 8.63
  cpu time (sec):                452.08
  cpu/wall ratio:                 52.40
