
  Preparation of molecular system (Libint)
  wall time (sec):                 0.00
  cpu time (sec):                  0.00
  cpu/wall ratio:                  0.91

  Preparation of molecular system (total)
  wall time (sec):                 0.11
  cpu time (sec):                  1.50
  cpu/wall ratio:                 13.50

  Cholesky decomposition of AO overlap
  wall time (sec):                 0.18
  cpu time (sec):                  7.63
  cpu/wall ratio:                 42.61


  :: Hartree-Fock engine
  =========================


  1) Generate initial SAD density

  SAD generation time
  wall time (sec):                 0.27
  cpu time (sec):                 10.90
  cpu/wall ratio:                 40.36


  2) Calculation of reference state (SCF-DIIS algorithm)

  AO Fock construction
  wall time (sec):                 0.19
  cpu time (sec):                 10.31
  cpu/wall ratio:                 54.54

  AO Fock construction
  wall time (sec):                 0.60
  cpu time (sec):                 33.33
  cpu/wall ratio:                 55.28

  AO Fock construction
  wall time (sec):                 0.63
  cpu time (sec):                 34.85
  cpu/wall ratio:                 54.97

  SCF DIIS iteration time
  wall time (sec):                 0.96
  cpu time (sec):                 51.07
  cpu/wall ratio:                 53.20

  AO Fock construction
  wall time (sec):                 0.65
  cpu time (sec):                 35.40
  cpu/wall ratio:                 54.54

  SCF DIIS iteration time
  wall time (sec):                 0.92
  cpu time (sec):                 48.73
  cpu/wall ratio:                 53.20

  AO Fock construction
  wall time (sec):                 0.58
  cpu time (sec):                 32.09
  cpu/wall ratio:                 55.05

  SCF DIIS iteration time
  wall time (sec):                 0.67
  cpu time (sec):                 35.71
  cpu/wall ratio:                 53.21

  AO Fock construction
  wall time (sec):                 0.53
  cpu time (sec):                 29.25
  cpu/wall ratio:                 55.29

  SCF DIIS iteration time
  wall time (sec):                 0.92
  cpu time (sec):                 49.73
  cpu/wall ratio:                 53.82

  AO Fock construction
  wall time (sec):                 0.47
  cpu time (sec):                 26.30
  cpu/wall ratio:                 55.36

  SCF DIIS iteration time
  wall time (sec):                 0.62
  cpu time (sec):                 33.20
  cpu/wall ratio:                 53.55

  AO Fock construction
  wall time (sec):                 0.52
  cpu time (sec):                 28.70
  cpu/wall ratio:                 55.18

  SCF DIIS iteration time
  wall time (sec):                 0.65
  cpu time (sec):                 34.45
  cpu/wall ratio:                 53.41

  AO Fock construction
  wall time (sec):                 0.55
  cpu time (sec):                 30.14
  cpu/wall ratio:                 55.09

  SCF DIIS iteration time
  wall time (sec):                 0.67
  cpu time (sec):                 35.64
  cpu/wall ratio:                 53.44

  SCF DIIS iteration time
  wall time (sec):                 0.00
  cpu time (sec):                  0.11
  cpu/wall ratio:                 55.64

  SCF DIIS solver time
  wall time (sec):                 6.66
  cpu time (sec):                355.59
  cpu/wall ratio:                 53.42

  Hartree-Fock engine
  wall time (sec):                 6.93
  cpu time (sec):                366.49
  cpu/wall ratio:                 52.90


  :: Total time
  ================

  Total time in eT
  wall time (sec):                 7.43
  cpu time (sec):                385.35
  cpu/wall ratio:                 51.87
