
  Preparation of molecular system (Libint)
  wall time (sec):                 0.00
  cpu time (sec):                  0.00
  cpu/wall ratio:                  1.39

  Preparation of molecular system (total)
  wall time (sec):                 0.09
  cpu time (sec):                  0.48
  cpu/wall ratio:                  5.16

  Cholesky decomposition of AO overlap
  wall time (sec):                 0.08
  cpu time (sec):                  2.28
  cpu/wall ratio:                 28.44


  :: Hartree-Fock engine
  =========================


  1) Generate initial SAD density

  SAD generation time
  wall time (sec):                 0.17
  cpu time (sec):                  8.19
  cpu/wall ratio:                 47.08


  2) Calculation of reference state (SCF-DIIS algorithm)

  AO Fock construction
  wall time (sec):                 0.17
  cpu time (sec):                  9.08
  cpu/wall ratio:                 54.67

  AO Fock construction
  wall time (sec):                 0.59
  cpu time (sec):                 32.32
  cpu/wall ratio:                 55.15

  AO Fock construction
  wall time (sec):                 0.56
  cpu time (sec):                 31.10
  cpu/wall ratio:                 55.24

  SCF DIIS iteration time
  wall time (sec):                 0.78
  cpu time (sec):                 41.31
  cpu/wall ratio:                 53.10

  AO Fock construction
  wall time (sec):                 0.53
  cpu time (sec):                 29.39
  cpu/wall ratio:                 55.34

  SCF DIIS iteration time
  wall time (sec):                 0.65
  cpu time (sec):                 34.70
  cpu/wall ratio:                 53.30

  AO Fock construction
  wall time (sec):                 0.54
  cpu time (sec):                 29.61
  cpu/wall ratio:                 55.25

  SCF DIIS iteration time
  wall time (sec):                 0.76
  cpu time (sec):                 40.75
  cpu/wall ratio:                 53.48

  AO Fock construction
  wall time (sec):                 0.51
  cpu time (sec):                 28.43
  cpu/wall ratio:                 55.31

  SCF DIIS iteration time
  wall time (sec):                 0.73
  cpu time (sec):                 39.28
  cpu/wall ratio:                 53.45

  AO Fock construction
  wall time (sec):                 0.55
  cpu time (sec):                 30.36
  cpu/wall ratio:                 55.30

  SCF DIIS iteration time
  wall time (sec):                 0.79
  cpu time (sec):                 42.22
  cpu/wall ratio:                 53.78

  AO Fock construction
  wall time (sec):                 0.54
  cpu time (sec):                 29.63
  cpu/wall ratio:                 55.08

  SCF DIIS iteration time
  wall time (sec):                 0.76
  cpu time (sec):                 40.45
  cpu/wall ratio:                 53.58

  AO Fock construction
  wall time (sec):                 0.48
  cpu time (sec):                 26.27
  cpu/wall ratio:                 55.18

  SCF DIIS iteration time
  wall time (sec):                 0.64
  cpu time (sec):                 33.92
  cpu/wall ratio:                 53.33

  AO Fock construction
  wall time (sec):                 0.43
  cpu time (sec):                 23.53
  cpu/wall ratio:                 55.36

  SCF DIIS iteration time
  wall time (sec):                 0.62
  cpu time (sec):                 33.29
  cpu/wall ratio:                 53.44

  SCF DIIS iteration time
  wall time (sec):                 0.00
  cpu time (sec):                  0.11
  cpu/wall ratio:                 53.63

  SCF DIIS solver time
  wall time (sec):                 6.65
  cpu time (sec):                354.88
  cpu/wall ratio:                 53.36

  Hartree-Fock engine
  wall time (sec):                 6.82
  cpu time (sec):                363.08
  cpu/wall ratio:                 53.20


  :: Total time
  ================

  Total time in eT
  wall time (sec):                 7.05
  cpu time (sec):                368.27
  cpu/wall ratio:                 52.25
