


                     eT - an electronic structure program

  ------------------------------------------------------------------------
   Author list in alphabetical order:
  ------------------------------------------------------------------------
   J. H. Andersen, A. Balbi, S. Coriani, S. D. Folkestad, T. Giovannini, 
   L. Goletto, T. S. Haugland, A. Hutcheson, I-M. Høyvik, E. F. Kjønstad, 
   H. Koch, T. Moitra, R. H. Myhre, A. C. Paul, M. Scavino, A. Skeidsvoll, 
   Å. H. Tveten
  ------------------------------------------------------------------------


  :: Input file
  ================

     Note: geometry section is excluded from this print

     system
        name: benzene scan 8.00
        charge: 0
     end system

     do
       ground state
     end do

     memory
        available: 8
     end memory

     solver scf
        algorithm: scf-diis
     end solver scf

     molecular mechanics
        forcefield: non-polarizable
     end molecular mechanics

     method
        hf
     end method


  Running on 56 OMP thread(s)
  Memory available for calculation: 8.000000 GB


  :: Molecular system specifications (QM)
  ==========================================

     Name:             benzene scan 8.00
     Charge:           0
     Multiplicity:     1
     Coordinate units: angstrom

     Pure basis functions:        174
     Cartesian basis functions:   180
     Primitive basis functions:   270

     Nuclear repulsion energy (a.u.):            204.234616969248
     Bohr/angstrom value (CODATA 2010):            0.529177210920

     ==============================================================================
                                     Geometry (angstrom)
     ==============================================================================
        Atom           X                  Y                  Z         # in input
     ==============================================================================
        Basis: 6-311++g**
        1 C     -2.282182000000     0.094329000000    -0.000183000000        1
        2 C     -0.893220000000     0.094263000000     0.000431000000        2
        3 C     -0.198699000000     1.297110000000     0.000040000000        3
        4 C     -0.893125000000     2.500009000000    -0.000978000000        4
        5 C     -2.282088000000     2.500067000000    -0.001601000000        5
        6 C     -2.976633000000     1.297226000000    -0.001196000000        6
        7 H     -2.824040000000    -0.844049000000     0.000125000000        7
        8 H     -0.351527000000    -0.844201000000     0.001214000000        8
        9 H      0.884886000000     1.297069000000     0.000516000000        9
       10 H     -0.351327000000     3.438411000000    -0.001306000000       10
       11 H     -2.823832000000     3.438507000000    -0.002402000000       11
       12 H     -4.060212000000     1.297260000000    -0.001659000000       12
     ==============================================================================

     ==============================================================================
                                     Geometry (a.u.)
     ==============================================================================
        Atom           X                  Y                  Z         # in input
     ==============================================================================
        Basis: 6-311++g**
        1 C     -4.312698946412     0.178255975604    -0.000345819881        1
        2 C     -1.687941168984     0.178131253680     0.000814471960        2
        3 C     -0.375486691225     2.451182653435     0.000075589045        3
        4 C     -1.687761645002     4.724332318948    -0.001848152150        4
        5 C     -4.312521312156     4.724441923063    -0.003025451525        5
        6 C     -5.625021143342     2.451401861665    -0.002260112445        6
        7 H     -5.336662164817    -1.595021445713     0.000236215766        7
        8 H     -0.664289755390    -1.595308684084     0.002294127515        8
        9 H      1.672192191462     2.451105174663     0.000975098680        9
       10 H     -0.663911810165     6.497655093692    -0.002467982319       10
       11 H     -5.336269101783     6.497836507400    -0.004539122151       11
       12 H     -7.672688687673     2.451466112353    -0.003135055641       12
     ==============================================================================


  :: Molecular system specifications (MM)
  ==========================================

     Force Field:  non-polarizable

     Number of MM atoms:                   2
     Number of MM molecules:               1

    ====================================================================
                        MM Geometry (Å) and Parameters
    ====================================================================
    Atom    Mol             X          Y          Z            Charge
    ====================================================================
      H       1        -2.827576  -0.839381   8.000123        1.000000
      H       1        -2.828018  -0.838798   9.000123       -1.000000
    ====================================================================


  :: RHF wavefunction
  ======================

  This is a QM/MM calculation

     Electrostatic Embedding:

     Each atom of the MM portion is endowed with a charge which value 
     is a fixed external parameter.

     The QM/MM electrostatic interaction energy is defined as:

        E^ele_QM/MM = sum_i q_i * V_i(P)

     where V_i(P) is the electrostatic potential due to the QM density 
     calculated at the position of the i-th charge q_i.

     For further details, see:
     Senn & Thiel, Angew. Chem. Int. Ed., 2009, 48, 1198−1229


  - Cholesky decomposition of AO overlap to get linearly independent orbitals:

  - Orbital details:

     Number of occupied orbitals:        21
     Number of virtual orbitals:        153
     Number of molecular orbitals:      174
     Number of atomic orbitals:         174


  :: Hartree-Fock engine
  =========================

  Drives the calculation of the Hartree-Fock state.

  This is a RHF ground state calculation.
  The following tasks will be performed:

     1) Generate initial SAD density
     2) Calculation of reference state (SCF-DIIS algorithm)


  1) Generate initial SAD density


  2) Calculation of reference state (SCF-DIIS algorithm)

   - Self-consistent field DIIS Hartree-Fock solver
  ----------------------------------------------------

  A DIIS-accelerated Roothan-Hall self-consistent field solver. A least-square 
  DIIS fit is performed on the previous Fock matrices and associated gradients. 
  Following the Roothan-Hall update of the density, the DIIS-fitted Fock 
  matrix is used to get the next orbital coefficients.

  - Hartree-Fock solver settings:

     DIIS dimension:                         8
     Cumulative Fock threshold:       0.10E+01

     Energy threshold:              0.1000E-05
     Gradient threshold:            0.1000E-05

     Coulomb screening threshold:   0.1000E-11
     Exchange screening threshold:  0.1000E-09
     Fock precision:                0.1000E-23
     Integral cutoff:               0.1000E-11

  - Setting initial AO density to SAD

     Energy of initial guess:              -234.212848027309
     Number of electrons in guess:           42.000000000000

  Iteration       Energy (a.u.)      Max(grad.)    Delta E (a.u.)
  ---------------------------------------------------------------
     1          -231.197499842494     0.4427E-01     0.2312E+03
     2          -231.275708468707     0.1802E-01     0.7821E-01
     3          -231.284828435639     0.6242E-02     0.9120E-02
     4          -231.286068508347     0.3838E-03     0.1240E-02
     5          -231.286077429573     0.9394E-04     0.8921E-05
     6          -231.286077672842     0.4588E-04     0.2433E-06
     7          -231.286077736143     0.4044E-05     0.6330E-07
     8          -231.286077737292     0.7994E-06     0.1149E-08
  ---------------------------------------------------------------
  Convergence criterion met in 8 iterations!

  - Summary of RHF wavefunction energetics (a.u.):

     HOMO-LUMO gap:                  0.380725996602
     Nuclear repulsion energy:     203.968149337103
     Electronic energy:           -435.254227074395
     Total energy:                -231.286077737292

  - Summary of QM/MM energetics:
                                         a.u.             eV     kcal/mol
     QM/MM SCF Contribution:        -0.263088139782
     QM/MM Electrostatic Energy:    -0.000378702628    -0.01031    -0.238

  - Molecular orbital energies

  ---------------------------------------------------------------------------------------
    1 -11.243284374342   45   0.212657411077   89   1.053298972501  133   2.736976000267
    2 -11.242655001523   46   0.221348375182   90   1.107027602774  134   2.742897947524
    3 -11.242627808196   47   0.221561079970   91   1.117042682681  135   2.742908598307
    4 -11.241426146332   48   0.245645051462   92   1.117101769605  136   2.810994816944
    5 -11.241368569186   49   0.245666389839   93   1.129742255420  137   2.811040572275
    6 -11.240727133114   50   0.282474910669   94   1.162111378017  138   2.962097356590
    7  -1.161788608338   51   0.282508049789   95   1.212551577396  139   2.962112952539
    8  -1.024319814731   52   0.298527112837   96   1.212573914434  140   2.983011922426
    9  -1.024293045864   53   0.326781551735   97   1.244778849872  141   2.995415452391
   10  -0.832202626297   54   0.328608353877   98   1.319042941210  142   3.016832871495
   11  -0.832197757856   55   0.365271468460   99   1.319081478645  143   3.016891511894
   12  -0.718451254097   56   0.402978485862  100   1.388060307343  144   3.041407424543
   13  -0.649103058048   57   0.403146807156  101   1.388081864699  145   3.041482718323
   14  -0.629133725521   58   0.425731970506  102   1.518832878129  146   3.054057845326
   15  -0.596160300589   59   0.425796812592  103   1.547023607817  147   3.082998384428
   16  -0.596124301006   60   0.435516443195  104   1.707533090578  148   3.186812804077
   17  -0.510617382279   61   0.493893820009  105   1.784160148615  149   3.186844136303
   18  -0.501983947817   62   0.493942775379  106   1.784183796267  150   3.267114691401
   19  -0.501953332132   63   0.505332258152  107   1.793814691517  151   3.288997810242
   20  -0.344315271970   64   0.505391533268  108   1.822422155213  152   3.289018068010
   21  -0.344267776317   65   0.597434762505  109   1.841593152957  153   3.330251633763
   22   0.036458220286   66   0.604620017516  110   1.841607561516  154   3.330291835286
   23   0.043879716093   67   0.708277061827  111   1.905531614982  155   3.480763878674
   24   0.044067578715   68   0.716418098861  112   1.905566376200  156   3.554864246765
   25   0.061555926919   69   0.716508200409  113   1.930164314821  157   3.780518381379
   26   0.061656392923   70   0.726369746645  114   1.930198587231  158   3.780529752593
   27   0.083796283688   71   0.745854742507  115   1.983322427367  159   3.907613516130
   28   0.104026835335   72   0.745868294987  116   2.048808322976  160   3.907647424879
   29   0.104068957056   73   0.749039623231  117   2.048857038401  161   3.920837654256
   30   0.121652864048   74   0.750180261677  118   2.101362512923  162   4.090068163333
   31   0.145639052774   75   0.750281709649  119   2.101395964483  163   4.401059985647
   32   0.145966293308   76   0.790422538694  120   2.126432322273  164   4.401096191625
   33   0.151324894733   77   0.813615799353  121   2.234634430935  165   4.495171062535
   34   0.157501531496   78   0.813644740827  122   2.236202162605  166   4.568181412743
   35   0.176074595983   79   0.881174101833  123   2.236206996011  167   4.568194644818
   36   0.176141156887   80   0.935079007506  124   2.245422669929  168   5.280986276752
   37   0.177977086323   81   0.935091766675  125   2.245429281519  169  24.739021528932
   38   0.178320382732   82   0.947874298083  126   2.293864834280  170  25.140419349722
   39   0.186429105081   83   0.947902614846  127   2.344971005560  171  25.140433843094
   40   0.203451466112   84   0.968687628520  128   2.344973591488  172  25.270680956795
   41   0.207124637189   85   1.010191663055  129   2.374906814433  173  25.270703791972
   42   0.207268154463   86   1.010246919637  130   2.374952493418  174  25.384372366048
   43   0.210515307161   87   1.011013311007  131   2.637819604849
   44   0.210569307361   88   1.053237927237  132   2.665690691212
  ---------------------------------------------------------------------------------------

  - Timings for the RHF ground state calculation

     Total wall time (sec):              6.67700
     Total cpu time (sec):             353.35956

  eT terminated successfully!
