


                     eT - an electronic structure program

  ------------------------------------------------------------------------
   Author list in alphabetical order:
  ------------------------------------------------------------------------
   J. H. Andersen, A. Balbi, S. Coriani, S. D. Folkestad, T. Giovannini, 
   L. Goletto, T. S. Haugland, A. Hutcheson, I-M. Høyvik, E. F. Kjønstad, 
   H. Koch, T. Moitra, R. H. Myhre, A. C. Paul, M. Scavino, A. Skeidsvoll, 
   Å. H. Tveten
  ------------------------------------------------------------------------


  :: Input file
  ================

     Note: geometry section is excluded from this print

     system
        name: benzene scan 8.75
        charge: 0
     end system

     do
       ground state
     end do

     memory
        available: 8
     end memory

     solver scf
        algorithm: scf-diis
     end solver scf

     molecular mechanics
        forcefield: non-polarizable
     end molecular mechanics

     method
        hf
     end method


  Running on 56 OMP thread(s)
  Memory available for calculation: 8.000000 GB


  :: Molecular system specifications (QM)
  ==========================================

     Name:             benzene scan 8.75
     Charge:           0
     Multiplicity:     1
     Coordinate units: angstrom

     Pure basis functions:        174
     Cartesian basis functions:   180
     Primitive basis functions:   270

     Nuclear repulsion energy (a.u.):            204.234616969248
     Bohr/angstrom value (CODATA 2010):            0.529177210920

     ==============================================================================
                                     Geometry (angstrom)
     ==============================================================================
        Atom           X                  Y                  Z         # in input
     ==============================================================================
        Basis: 6-311++g**
        1 C     -2.282182000000     0.094329000000    -0.000183000000        1
        2 C     -0.893220000000     0.094263000000     0.000431000000        2
        3 C     -0.198699000000     1.297110000000     0.000040000000        3
        4 C     -0.893125000000     2.500009000000    -0.000978000000        4
        5 C     -2.282088000000     2.500067000000    -0.001601000000        5
        6 C     -2.976633000000     1.297226000000    -0.001196000000        6
        7 H     -2.824040000000    -0.844049000000     0.000125000000        7
        8 H     -0.351527000000    -0.844201000000     0.001214000000        8
        9 H      0.884886000000     1.297069000000     0.000516000000        9
       10 H     -0.351327000000     3.438411000000    -0.001306000000       10
       11 H     -2.823832000000     3.438507000000    -0.002402000000       11
       12 H     -4.060212000000     1.297260000000    -0.001659000000       12
     ==============================================================================

     ==============================================================================
                                     Geometry (a.u.)
     ==============================================================================
        Atom           X                  Y                  Z         # in input
     ==============================================================================
        Basis: 6-311++g**
        1 C     -4.312698946412     0.178255975604    -0.000345819881        1
        2 C     -1.687941168984     0.178131253680     0.000814471960        2
        3 C     -0.375486691225     2.451182653435     0.000075589045        3
        4 C     -1.687761645002     4.724332318948    -0.001848152150        4
        5 C     -4.312521312156     4.724441923063    -0.003025451525        5
        6 C     -5.625021143342     2.451401861665    -0.002260112445        6
        7 H     -5.336662164817    -1.595021445713     0.000236215766        7
        8 H     -0.664289755390    -1.595308684084     0.002294127515        8
        9 H      1.672192191462     2.451105174663     0.000975098680        9
       10 H     -0.663911810165     6.497655093692    -0.002467982319       10
       11 H     -5.336269101783     6.497836507400    -0.004539122151       11
       12 H     -7.672688687673     2.451466112353    -0.003135055641       12
     ==============================================================================


  :: Molecular system specifications (MM)
  ==========================================

     Force Field:  non-polarizable

     Number of MM atoms:                   2
     Number of MM molecules:               1

    ====================================================================
                        MM Geometry (Å) and Parameters
    ====================================================================
    Atom    Mol             X          Y          Z            Charge
    ====================================================================
      H       1        -2.827908  -0.838944   8.750122        1.000000
      H       1        -2.828350  -0.838360   9.750122       -1.000000
    ====================================================================


  :: RHF wavefunction
  ======================

  This is a QM/MM calculation

     Electrostatic Embedding:

     Each atom of the MM portion is endowed with a charge which value 
     is a fixed external parameter.

     The QM/MM electrostatic interaction energy is defined as:

        E^ele_QM/MM = sum_i q_i * V_i(P)

     where V_i(P) is the electrostatic potential due to the QM density 
     calculated at the position of the i-th charge q_i.

     For further details, see:
     Senn & Thiel, Angew. Chem. Int. Ed., 2009, 48, 1198−1229


  - Cholesky decomposition of AO overlap to get linearly independent orbitals:

  - Orbital details:

     Number of occupied orbitals:        21
     Number of virtual orbitals:        153
     Number of molecular orbitals:      174
     Number of atomic orbitals:         174


  :: Hartree-Fock engine
  =========================

  Drives the calculation of the Hartree-Fock state.

  This is a RHF ground state calculation.
  The following tasks will be performed:

     1) Generate initial SAD density
     2) Calculation of reference state (SCF-DIIS algorithm)


  1) Generate initial SAD density


  2) Calculation of reference state (SCF-DIIS algorithm)

   - Self-consistent field DIIS Hartree-Fock solver
  ----------------------------------------------------

  A DIIS-accelerated Roothan-Hall self-consistent field solver. A least-square 
  DIIS fit is performed on the previous Fock matrices and associated gradients. 
  Following the Roothan-Hall update of the density, the DIIS-fitted Fock 
  matrix is used to get the next orbital coefficients.

  - Hartree-Fock solver settings:

     DIIS dimension:                         8
     Cumulative Fock threshold:       0.10E+01

     Energy threshold:              0.1000E-05
     Gradient threshold:            0.1000E-05

     Coulomb screening threshold:   0.1000E-11
     Exchange screening threshold:  0.1000E-09
     Fock precision:                0.1000E-23
     Integral cutoff:               0.1000E-11

  - Setting initial AO density to SAD

     Energy of initial guess:              -234.212848027004
     Number of electrons in guess:           42.000000000000

  Iteration       Energy (a.u.)      Max(grad.)    Delta E (a.u.)
  ---------------------------------------------------------------
     1          -231.197438499546     0.4424E-01     0.2312E+03
     2          -231.275628601396     0.1801E-01     0.7819E-01
     3          -231.284741614588     0.6242E-02     0.9113E-02
     4          -231.285981349755     0.3741E-03     0.1240E-02
     5          -231.285990273674     0.8184E-04     0.8924E-05
     6          -231.285990492440     0.4140E-04     0.2188E-06
     7          -231.285990542793     0.4325E-05     0.5035E-07
     8          -231.285990544016     0.7551E-06     0.1222E-08
  ---------------------------------------------------------------
  Convergence criterion met in 8 iterations!

  - Summary of RHF wavefunction energetics (a.u.):

     HOMO-LUMO gap:                  0.380643781475
     Nuclear repulsion energy:     203.932314276317
     Electronic energy:           -435.218304820333
     Total energy:                -231.285990544016

  - Summary of QM/MM energetics:
                                         a.u.             eV     kcal/mol
     QM/MM SCF Contribution:        -0.227160278416
     QM/MM Electrostatic Energy:    -0.000285902357    -0.00778    -0.179

  - Molecular orbital energies

  ---------------------------------------------------------------------------------------
    1 -11.242443901831   45   0.213159443080   89   1.054080290098  133   2.737768826278
    2 -11.241831948254   46   0.222343655981   90   1.107850642312  134   2.743706177967
    3 -11.241817460095   47   0.222471065114   91   1.117876785441  135   2.743719301611
    4 -11.240589304425   48   0.246213356410   92   1.117914566613  136   2.811796925637
    5 -11.240554898461   49   0.246227621857   93   1.130532783881  137   2.811823536061
    6 -11.239922815205   50   0.283374944335   94   1.162935588532  138   2.962906432491
    7  -1.160951603601   51   0.283392251462   95   1.213400743670  139   2.962915752885
    8  -1.023486316811   52   0.299038674572   96   1.213416080524  140   2.983806812070
    9  -1.023469582980   53   0.327627358310   97   1.245615359273  141   2.996233500671
   10  -0.831382724805   54   0.329446246947   98   1.319874996275  142   3.017642867145
   11  -0.831380585381   55   0.366094133766   99   1.319898186407  143   3.017679708372
   12  -0.717636338014   56   0.403740008880  100   1.388886128451  144   3.042212751568
   13  -0.648302384446   57   0.403847293040  101   1.388900944266  145   3.042262823783
   14  -0.628309597714   58   0.426447607755  102   1.519670323239  146   3.054902027695
   15  -0.595341469388   59   0.426487983294  103   1.547844252118  147   3.083791449971
   16  -0.595319295451   60   0.436153444863  104   1.708346215073  148   3.187656294047
   17  -0.509765461626   61   0.494654662572  105   1.784974164373  149   3.187677010963
   18  -0.501170835707   62   0.494688814951  106   1.784986047802  150   3.267920097568
   19  -0.501150568943   63   0.506107469363  107   1.794644911675  151   3.289839029768
   20  -0.343459923282   64   0.506145517268  108   1.823237229961  152   3.289851788155
   21  -0.343430711593   65   0.598212535691  109   1.842420352823  153   3.331066811607
   22   0.037213069881   66   0.605409969947  110   1.842428650397  154   3.331098325547
   23   0.044461761534   67   0.709202278314  111   1.906340568689  155   3.481604770271
   24   0.044597477291   68   0.717277411656  112   1.906360007157  156   3.555688108055
   25   0.062074592017   69   0.717333998403  113   1.930978944581  157   3.781347931210
   26   0.062142558560   70   0.727162987169  114   1.931010103962  158   3.781357177616
   27   0.084224345926   71   0.746679406514  115   1.984124954704  159   3.908441417055
   28   0.104883702660   72   0.746687927291  116   2.049622924002  160   3.908466176071
   29   0.104908198112   73   0.749810206042  117   2.049652551646  161   3.921659481696
   30   0.122803924273   74   0.751075832825  118   2.102168799173  162   4.090885092560
   31   0.146649163064   75   0.751137625278  119   2.102192852223  163   4.401881976044
   32   0.146845540037   76   0.791318937155  120   2.127221217019  164   4.401906300524
   33   0.152235967466   77   0.814470930165  121   2.235418120826  165   4.495988406800
   34   0.158173854733   78   0.814488242233  122   2.237037301055  166   4.569008502964
   35   0.176759354187   79   0.882005095821  123   2.237039929799  167   4.569018979066
   36   0.176785046089   80   0.935868745128  124   2.246241298667  168   5.281819777044
   37   0.178625426172   81   0.935876369604  125   2.246244580099  169  24.739842777874
   38   0.178858745359   82   0.948670675570  126   2.294667541041  170  25.141244051148
   39   0.187134253026   83   0.948690469299  127   2.345788862865  171  25.141253168307
   40   0.204292440119   84   0.969492244121  128   2.345791732348  172  25.271505926824
   41   0.207754647670   85   1.011033199075  129   2.375732019353  173  25.271522820943
   42   0.207851980745   86   1.011068016737  130   2.375764841793  174  25.385194181185
   43   0.211338872211   87   1.011773410805  131   2.638638156424
   44   0.211367497687   88   1.054040996443  132   2.666521346293
  ---------------------------------------------------------------------------------------

  - Timings for the RHF ground state calculation

     Total wall time (sec):              6.09700
     Total cpu time (sec):             323.01725

  eT terminated successfully!
