


                     eT - an electronic structure program

  ------------------------------------------------------------------------
   Author list in alphabetical order:
  ------------------------------------------------------------------------
   J. H. Andersen, A. Balbi, S. Coriani, S. D. Folkestad, T. Giovannini, 
   L. Goletto, T. S. Haugland, A. Hutcheson, I-M. Høyvik, E. F. Kjønstad, 
   H. Koch, T. Moitra, R. H. Myhre, A. C. Paul, M. Scavino, A. Skeidsvoll, 
   Å. H. Tveten
  ------------------------------------------------------------------------


  :: Input file
  ================

     Note: geometry section is excluded from this print

     system
        name: benzene scan 3.25
        charge: 0
     end system

     do
       ground state
     end do

     memory
        available: 8
     end memory

     solver scf
        algorithm: scf-diis
     end solver scf

     molecular mechanics
        forcefield: non-polarizable
     end molecular mechanics

     method
        hf
     end method


  Running on 56 OMP thread(s)
  Memory available for calculation: 8.000000 GB


  :: Molecular system specifications (QM)
  ==========================================

     Name:             benzene scan 3.25
     Charge:           0
     Multiplicity:     1
     Coordinate units: angstrom

     Pure basis functions:        174
     Cartesian basis functions:   180
     Primitive basis functions:   270

     Nuclear repulsion energy (a.u.):            204.234616969248
     Bohr/angstrom value (CODATA 2010):            0.529177210920

     ==============================================================================
                                     Geometry (angstrom)
     ==============================================================================
        Atom           X                  Y                  Z         # in input
     ==============================================================================
        Basis: 6-311++g**
        1 C     -2.282182000000     0.094329000000    -0.000183000000        1
        2 C     -0.893220000000     0.094263000000     0.000431000000        2
        3 C     -0.198699000000     1.297110000000     0.000040000000        3
        4 C     -0.893125000000     2.500009000000    -0.000978000000        4
        5 C     -2.282088000000     2.500067000000    -0.001601000000        5
        6 C     -2.976633000000     1.297226000000    -0.001196000000        6
        7 H     -2.824040000000    -0.844049000000     0.000125000000        7
        8 H     -0.351527000000    -0.844201000000     0.001214000000        8
        9 H      0.884886000000     1.297069000000     0.000516000000        9
       10 H     -0.351327000000     3.438411000000    -0.001306000000       10
       11 H     -2.823832000000     3.438507000000    -0.002402000000       11
       12 H     -4.060212000000     1.297260000000    -0.001659000000       12
     ==============================================================================

     ==============================================================================
                                     Geometry (a.u.)
     ==============================================================================
        Atom           X                  Y                  Z         # in input
     ==============================================================================
        Basis: 6-311++g**
        1 C     -4.312698946412     0.178255975604    -0.000345819881        1
        2 C     -1.687941168984     0.178131253680     0.000814471960        2
        3 C     -0.375486691225     2.451182653435     0.000075589045        3
        4 C     -1.687761645002     4.724332318948    -0.001848152150        4
        5 C     -4.312521312156     4.724441923063    -0.003025451525        5
        6 C     -5.625021143342     2.451401861665    -0.002260112445        6
        7 H     -5.336662164817    -1.595021445713     0.000236215766        7
        8 H     -0.664289755390    -1.595308684084     0.002294127515        8
        9 H      1.672192191462     2.451105174663     0.000975098680        9
       10 H     -0.663911810165     6.497655093692    -0.002467982319       10
       11 H     -5.336269101783     6.497836507400    -0.004539122151       11
       12 H     -7.672688687673     2.451466112353    -0.003135055641       12
     ==============================================================================


  :: Molecular system specifications (MM)
  ==========================================

     Force Field:  non-polarizable

     Number of MM atoms:                   2
     Number of MM molecules:               1

    ====================================================================
                        MM Geometry (Å) and Parameters
    ====================================================================
    Atom    Mol             X          Y          Z            Charge
    ====================================================================
      H       1        -2.825477  -0.842153   3.250124        1.000000
      H       1        -2.825919  -0.841569   4.250124       -1.000000
    ====================================================================


  :: RHF wavefunction
  ======================

  This is a QM/MM calculation

     Electrostatic Embedding:

     Each atom of the MM portion is endowed with a charge which value 
     is a fixed external parameter.

     The QM/MM electrostatic interaction energy is defined as:

        E^ele_QM/MM = sum_i q_i * V_i(P)

     where V_i(P) is the electrostatic potential due to the QM density 
     calculated at the position of the i-th charge q_i.

     For further details, see:
     Senn & Thiel, Angew. Chem. Int. Ed., 2009, 48, 1198−1229


  - Cholesky decomposition of AO overlap to get linearly independent orbitals:

  - Orbital details:

     Number of occupied orbitals:        21
     Number of virtual orbitals:        153
     Number of molecular orbitals:      174
     Number of atomic orbitals:         174


  :: Hartree-Fock engine
  =========================

  Drives the calculation of the Hartree-Fock state.

  This is a RHF ground state calculation.
  The following tasks will be performed:

     1) Generate initial SAD density
     2) Calculation of reference state (SCF-DIIS algorithm)


  1) Generate initial SAD density


  2) Calculation of reference state (SCF-DIIS algorithm)

   - Self-consistent field DIIS Hartree-Fock solver
  ----------------------------------------------------

  A DIIS-accelerated Roothan-Hall self-consistent field solver. A least-square 
  DIIS fit is performed on the previous Fock matrices and associated gradients. 
  Following the Roothan-Hall update of the density, the DIIS-fitted Fock 
  matrix is used to get the next orbital coefficients.

  - Hartree-Fock solver settings:

     DIIS dimension:                         8
     Cumulative Fock threshold:       0.10E+01

     Energy threshold:              0.1000E-05
     Gradient threshold:            0.1000E-05

     Coulomb screening threshold:   0.1000E-11
     Exchange screening threshold:  0.1000E-09
     Fock precision:                0.1000E-23
     Integral cutoff:               0.1000E-11

  - Setting initial AO density to SAD

     Energy of initial guess:              -234.212763532694
     Number of electrons in guess:           42.000000000000

  Iteration       Energy (a.u.)      Max(grad.)    Delta E (a.u.)
  ---------------------------------------------------------------
     1          -231.199954869534     0.4498E-01     0.2312E+03
     2          -231.278777215146     0.1830E-01     0.7882E-01
     3          -231.288234473783     0.6190E-02     0.9457E-02
     4          -231.289530939312     0.8358E-03     0.1296E-02
     5          -231.289546408534     0.3922E-03     0.1547E-04
     6          -231.289550627157     0.4826E-04     0.4219E-05
     7          -231.289550805584     0.1214E-04     0.1784E-06
     8          -231.289550824029     0.7557E-05     0.1844E-07
     9          -231.289550830616     0.3437E-05     0.6587E-08
    10          -231.289550832333     0.1191E-05     0.1717E-08
    11          -231.289550832399     0.4050E-06     0.6546E-10
  ---------------------------------------------------------------
  Convergence criterion met in 11 iterations!

  - Summary of RHF wavefunction energetics (a.u.):

     HOMO-LUMO gap:                  0.377806398230
     Nuclear repulsion energy:     204.577349777508
     Electronic energy:           -435.866900609907
     Total energy:                -231.289550832399

  - Summary of QM/MM energetics:
                                         a.u.             eV     kcal/mol
     QM/MM SCF Contribution:        -0.877313576169
     QM/MM Electrostatic Energy:    -0.005403698920    -0.14704    -3.391

  - Molecular orbital energies

  ---------------------------------------------------------------------------------------
    1 -11.259451321120   45   0.205264920180   89   1.041726199978  133   2.723377565906
    2 -11.257735778286   46   0.208527309758   90   1.092884374007  134   2.728897467910
    3 -11.257298571923   47   0.212509098202   91   1.102850261699  135   2.729315374641
    4 -11.255485363364   48   0.239222989415   92   1.104228986862  136   2.796805341006
    5 -11.254199127517   49   0.239524803932   93   1.116513762328  137   2.798593946575
    6 -11.253611978418   50   0.267078753710   94   1.147842179457  138   2.947934672262
    7  -1.176362682670   51   0.271790281896   95   1.197739818079  139   2.948568786409
    8  -1.039305958173   52   0.293477465641   96   1.198563583535  140   2.969050914750
    9  -1.038075135758   53   0.314055656241   97   1.230200184042  141   2.981322710194
   10  -0.846595829132   54   0.318982959167   98   1.303831685544  142   3.002013423083
   11  -0.846169769570   55   0.351385964078   99   1.305784275601  143   3.004477301301
   12  -0.732530107089   56   0.391269345478  100   1.373550945331  144   3.026814885629
   13  -0.662861704381   57   0.394426066184  101   1.374233842151  145   3.029649204529
   14  -0.643459816590   58   0.414380461842  102   1.504432650631  146   3.039554936315
   15  -0.610813841116   59   0.415816092674  103   1.533021400431  147   3.069949706095
   16  -0.609356255227   60   0.427104943300  104   1.693534549124  148   3.171699648647
   17  -0.525446636069   61   0.481543922202  105   1.769496970580  149   3.172925390621
   18  -0.516303594222   62   0.482469326989  106   1.771008548994  150   3.253321109678
   19  -0.515299093067   63   0.492839943877  107   1.779858861082  151   3.273908382277
   20  -0.360401213669   64   0.493639235335  108   1.807731591489  152   3.275022970482
   21  -0.357635144129   65   0.584653382478  109   1.827353797290  153   3.315927510792
   22   0.020171254101   66   0.591356256820  110   1.827888441076  154   3.316835971520
   23   0.039035957716   67   0.690228472534  111   1.890985246333  155   3.466122376741
   24   0.040987494854   68   0.700626086946  112   1.892450921424  156   3.540564116916
   25   0.056899539721   69   0.704268612950  113   1.916417927253  157   3.765992616655
   26   0.058286759172   70   0.713080048669  114   1.916541890857  158   3.766280665768
   27   0.072315318372   71   0.730753740685  115   1.969472178689  159   3.892622676680
   28   0.081777874529   72   0.732712518015  116   2.034149725941  160   3.893922963943
   29   0.091121584083   73   0.735886793384  117   2.036184868729  161   3.907059437083
   30   0.098910313793   74   0.736246559741  118   2.087178305202  162   4.075992295112
   31   0.127837975099   75   0.738218190846  119   2.088185745743  163   4.386260666638
   32   0.138310047209   76   0.776273039045  120   2.113220127747  164   4.387690662617
   33   0.140211457132   77   0.798147019381  121   2.220956608230  165   4.481133582254
   34   0.147814781309   78   0.800471653222  122   2.221457537053  166   4.553787570995
   35   0.166513036297   79   0.867009003997  123   2.221952789956  167   4.554016566520
   36   0.168560800942   80   0.921306461483  124   2.231358981422  168   5.266456205841
   37   0.171589267221   81   0.921976729862  125   2.231994790647  169  24.724755836520
   38   0.173557695579   82   0.934514445169  126   2.280161230912  170  25.125807547671
   39   0.180205570330   83   0.935282570914  127   2.330906451451  171  25.126455299020
   40   0.184605661370   84   0.955471626890  128   2.330952421865  172  25.256037171467
   41   0.200256238205   85   0.993548112332  129   2.360076221883  173  25.256763754878
   42   0.200832976144   86   0.997460904797  130   2.361596534960  174  25.370110426988
   43   0.201054151967   87   0.999452354546  131   2.623720513423
   44   0.201928325724   88   1.039420461157  132   2.651203820212
  ---------------------------------------------------------------------------------------

  - Timings for the RHF ground state calculation

     Total wall time (sec):              8.69100
     Total cpu time (sec):             462.21757

  eT terminated successfully!
