
  Preparation of molecular system (Libint)
  wall time (sec):                 0.00
  cpu time (sec):                  0.00
  cpu/wall ratio:                  0.71

  Preparation of molecular system (total)
  wall time (sec):                 0.11
  cpu time (sec):                  1.49
  cpu/wall ratio:                 13.32

  Cholesky decomposition of AO overlap
  wall time (sec):                 0.06
  cpu time (sec):                  1.40
  cpu/wall ratio:                 21.60


  :: Hartree-Fock engine
  =========================


  1) Generate initial SAD density

  SAD generation time
  wall time (sec):                 0.19
  cpu time (sec):                  7.09
  cpu/wall ratio:                 37.72


  2) Calculation of reference state (SCF-DIIS algorithm)

  AO Fock construction
  wall time (sec):                 0.20
  cpu time (sec):                 10.73
  cpu/wall ratio:                 54.74

  AO Fock construction
  wall time (sec):                 0.60
  cpu time (sec):                 33.34
  cpu/wall ratio:                 55.28

  AO Fock construction
  wall time (sec):                 0.63
  cpu time (sec):                 34.62
  cpu/wall ratio:                 55.13

  SCF DIIS iteration time
  wall time (sec):                 0.89
  cpu time (sec):                 47.12
  cpu/wall ratio:                 53.06

  AO Fock construction
  wall time (sec):                 0.64
  cpu time (sec):                 35.40
  cpu/wall ratio:                 55.31

  SCF DIIS iteration time
  wall time (sec):                 0.92
  cpu time (sec):                 49.38
  cpu/wall ratio:                 53.74

  AO Fock construction
  wall time (sec):                 0.59
  cpu time (sec):                 32.66
  cpu/wall ratio:                 55.26

  SCF DIIS iteration time
  wall time (sec):                 0.88
  cpu time (sec):                 47.22
  cpu/wall ratio:                 53.60

  AO Fock construction
  wall time (sec):                 0.50
  cpu time (sec):                 27.85
  cpu/wall ratio:                 55.36

  SCF DIIS iteration time
  wall time (sec):                 0.69
  cpu time (sec):                 36.82
  cpu/wall ratio:                 53.60

  AO Fock construction
  wall time (sec):                 0.55
  cpu time (sec):                 30.08
  cpu/wall ratio:                 54.99

  SCF DIIS iteration time
  wall time (sec):                 0.69
  cpu time (sec):                 36.71
  cpu/wall ratio:                 53.20

  AO Fock construction
  wall time (sec):                 0.48
  cpu time (sec):                 26.40
  cpu/wall ratio:                 55.24

  SCF DIIS iteration time
  wall time (sec):                 0.63
  cpu time (sec):                 33.36
  cpu/wall ratio:                 53.20

  AO Fock construction
  wall time (sec):                 0.53
  cpu time (sec):                 29.04
  cpu/wall ratio:                 54.90

  SCF DIIS iteration time
  wall time (sec):                 0.79
  cpu time (sec):                 41.86
  cpu/wall ratio:                 53.19

  SCF DIIS iteration time
  wall time (sec):                 0.00
  cpu time (sec):                  0.06
  cpu/wall ratio:                 56.33

  SCF DIIS solver time
  wall time (sec):                 6.51
  cpu time (sec):                347.17
  cpu/wall ratio:                 53.35

  Hartree-Fock engine
  wall time (sec):                 6.70
  cpu time (sec):                354.26
  cpu/wall ratio:                 52.91


  :: Total time
  ================

  Total time in eT
  wall time (sec):                 6.92
  cpu time (sec):                359.61
  cpu/wall ratio:                 51.94
