


                     eT - an electronic structure program

  ------------------------------------------------------------------------
   Author list in alphabetical order:
  ------------------------------------------------------------------------
   J. H. Andersen, A. Balbi, S. Coriani, S. D. Folkestad, T. Giovannini, 
   L. Goletto, T. S. Haugland, A. Hutcheson, I-M. Høyvik, E. F. Kjønstad, 
   H. Koch, T. Moitra, R. H. Myhre, A. C. Paul, M. Scavino, A. Skeidsvoll, 
   Å. H. Tveten
  ------------------------------------------------------------------------


  :: Input file
  ================

     Note: geometry section is excluded from this print

     system
        name: benzene scan 7.50
        charge: 0
     end system

     do
       ground state
     end do

     memory
        available: 8
     end memory

     solver scf
        algorithm: scf-diis
     end solver scf

     molecular mechanics
        forcefield: non-polarizable
     end molecular mechanics

     method
        hf
     end method


  Running on 56 OMP thread(s)
  Memory available for calculation: 8.000000 GB


  :: Molecular system specifications (QM)
  ==========================================

     Name:             benzene scan 7.50
     Charge:           0
     Multiplicity:     1
     Coordinate units: angstrom

     Pure basis functions:        174
     Cartesian basis functions:   180
     Primitive basis functions:   270

     Nuclear repulsion energy (a.u.):            204.234616969248
     Bohr/angstrom value (CODATA 2010):            0.529177210920

     ==============================================================================
                                     Geometry (angstrom)
     ==============================================================================
        Atom           X                  Y                  Z         # in input
     ==============================================================================
        Basis: 6-311++g**
        1 C     -2.282182000000     0.094329000000    -0.000183000000        1
        2 C     -0.893220000000     0.094263000000     0.000431000000        2
        3 C     -0.198699000000     1.297110000000     0.000040000000        3
        4 C     -0.893125000000     2.500009000000    -0.000978000000        4
        5 C     -2.282088000000     2.500067000000    -0.001601000000        5
        6 C     -2.976633000000     1.297226000000    -0.001196000000        6
        7 H     -2.824040000000    -0.844049000000     0.000125000000        7
        8 H     -0.351527000000    -0.844201000000     0.001214000000        8
        9 H      0.884886000000     1.297069000000     0.000516000000        9
       10 H     -0.351327000000     3.438411000000    -0.001306000000       10
       11 H     -2.823832000000     3.438507000000    -0.002402000000       11
       12 H     -4.060212000000     1.297260000000    -0.001659000000       12
     ==============================================================================

     ==============================================================================
                                     Geometry (a.u.)
     ==============================================================================
        Atom           X                  Y                  Z         # in input
     ==============================================================================
        Basis: 6-311++g**
        1 C     -4.312698946412     0.178255975604    -0.000345819881        1
        2 C     -1.687941168984     0.178131253680     0.000814471960        2
        3 C     -0.375486691225     2.451182653435     0.000075589045        3
        4 C     -1.687761645002     4.724332318948    -0.001848152150        4
        5 C     -4.312521312156     4.724441923063    -0.003025451525        5
        6 C     -5.625021143342     2.451401861665    -0.002260112445        6
        7 H     -5.336662164817    -1.595021445713     0.000236215766        7
        8 H     -0.664289755390    -1.595308684084     0.002294127515        8
        9 H      1.672192191462     2.451105174663     0.000975098680        9
       10 H     -0.663911810165     6.497655093692    -0.002467982319       10
       11 H     -5.336269101783     6.497836507400    -0.004539122151       11
       12 H     -7.672688687673     2.451466112353    -0.003135055641       12
     ==============================================================================


  :: Molecular system specifications (MM)
  ==========================================

     Force Field:  non-polarizable

     Number of MM atoms:                   2
     Number of MM molecules:               1

    ====================================================================
                        MM Geometry (Å) and Parameters
    ====================================================================
    Atom    Mol             X          Y          Z            Charge
    ====================================================================
      H       1        -2.827355  -0.839673   7.500123        1.000000
      H       1        -2.827797  -0.839089   8.500122       -1.000000
    ====================================================================


  :: RHF wavefunction
  ======================

  This is a QM/MM calculation

     Electrostatic Embedding:

     Each atom of the MM portion is endowed with a charge which value 
     is a fixed external parameter.

     The QM/MM electrostatic interaction energy is defined as:

        E^ele_QM/MM = sum_i q_i * V_i(P)

     where V_i(P) is the electrostatic potential due to the QM density 
     calculated at the position of the i-th charge q_i.

     For further details, see:
     Senn & Thiel, Angew. Chem. Int. Ed., 2009, 48, 1198−1229


  - Cholesky decomposition of AO overlap to get linearly independent orbitals:

  - Orbital details:

     Number of occupied orbitals:        21
     Number of virtual orbitals:        153
     Number of molecular orbitals:      174
     Number of atomic orbitals:         174


  :: Hartree-Fock engine
  =========================

  Drives the calculation of the Hartree-Fock state.

  This is a RHF ground state calculation.
  The following tasks will be performed:

     1) Generate initial SAD density
     2) Calculation of reference state (SCF-DIIS algorithm)


  1) Generate initial SAD density


  2) Calculation of reference state (SCF-DIIS algorithm)

   - Self-consistent field DIIS Hartree-Fock solver
  ----------------------------------------------------

  A DIIS-accelerated Roothan-Hall self-consistent field solver. A least-square 
  DIIS fit is performed on the previous Fock matrices and associated gradients. 
  Following the Roothan-Hall update of the density, the DIIS-fitted Fock 
  matrix is used to get the next orbital coefficients.

  - Hartree-Fock solver settings:

     DIIS dimension:                         8
     Cumulative Fock threshold:       0.10E+01

     Energy threshold:              0.1000E-05
     Gradient threshold:            0.1000E-05

     Coulomb screening threshold:   0.1000E-11
     Exchange screening threshold:  0.1000E-09
     Fock precision:                0.1000E-23
     Integral cutoff:               0.1000E-11

  - Setting initial AO density to SAD

     Energy of initial guess:              -234.212848556141
     Number of electrons in guess:           42.000000000000

  Iteration       Energy (a.u.)      Max(grad.)    Delta E (a.u.)
  ---------------------------------------------------------------
     1          -231.197554359625     0.4429E-01     0.2312E+03
     2          -231.275779265381     0.1803E-01     0.7822E-01
     3          -231.284905432494     0.6241E-02     0.9126E-02
     4          -231.286145841472     0.3927E-03     0.1240E-02
     5          -231.286154758392     0.1050E-03     0.8917E-05
     6          -231.286155037975     0.4749E-04     0.2796E-06
     7          -231.286155108700     0.3946E-05     0.7072E-07
     8          -231.286155109835     0.8412E-06     0.1135E-08
  ---------------------------------------------------------------
  Convergence criterion met in 8 iterations!

  - Summary of RHF wavefunction energetics (a.u.):

     HOMO-LUMO gap:                  0.380771199454
     Nuclear repulsion energy:     203.996689157242
     Electronic energy:           -435.282844267078
     Total energy:                -231.286155109835

  - Summary of QM/MM energetics:
                                         a.u.             eV     kcal/mol
     QM/MM SCF Contribution:        -0.291711371662
     QM/MM Electrostatic Energy:    -0.000461585501    -0.01256    -0.290

  - Molecular orbital energies

  ---------------------------------------------------------------------------------------
    1 -11.243957537634   45   0.212286172534   89   1.052683702660  133   2.736348417934
    2 -11.243309534407   46   0.220539415913   90   1.106374138178  134   2.742257150899
    3 -11.243267973800   47   0.220845025276   91   1.116377267327  135   2.742265698328
    4 -11.242094505716   48   0.245212180707   92   1.116458898594  136   2.810358052610
    5 -11.242012428367   49   0.245240365121   93   1.129117049660  137   2.810423301703
    6 -11.241361038912   50   0.281752610915   94   1.161456729150  138   2.961455364455
    7  -1.162454451281   51   0.281805747104   95   1.211874874102  139   2.961477278738
    8  -1.024983394235   52   0.298142953554   96   1.211904286116  140   2.982382318599
    9  -1.024946242634   53   0.326112628053   97   1.244113490342  141   2.994766188037
   10  -0.832853837406   54   0.327942865589   98   1.318380227025  142   3.016188730826
   11  -0.832846024018   55   0.364618832277   99   1.318434648069  143   3.016269760193
   12  -0.719097877624   56   0.402372526222  100   1.387403875213  144   3.040767388883
   13  -0.649737248297   57   0.402604016218  101   1.387432254154  145   3.040868609512
   14  -0.629788338928   58   0.425168914522  102   1.518166728932  146   3.053385796708
   15  -0.596811310756   59   0.425258788172  103   1.546372103858  147   3.082371363365
   16  -0.596761230076   60   0.435025601671  104   1.706888065579  148   3.186140331019
   17  -0.511296157320   61   0.493293686241  105   1.783512999495  149   3.186182975006
   18  -0.502629621689   62   0.493356966349  106   1.783549358656  150   3.266476411581
   19  -0.502588559129   63   0.504718737792  107   1.793155117008  151   3.288327716366
   20  -0.344998633695   64   0.504799559431  108   1.821774992160  152   3.288355860013
   21  -0.344931848152   65   0.596820651312  109   1.840935862996  153   3.329604146952
   22   0.035839351302   66   0.603995385636  110   1.840956374222  154   3.329653223000
   23   0.043438944211   67   0.707532122782  111   1.904888853957  155   3.480094752705
   24   0.043673744884   68   0.715729425075  112   1.904939308312  156   3.554209841165
   25   0.061165496774   69   0.715855123689  113   1.929518130590  157   3.779858814284
   26   0.061297087300   70   0.725741247062  114   1.929555351992  158   3.779872483185
   27   0.083484221671   71   0.745198693391  115   1.982686482393  159   3.906954583774
   28   0.103339780821   72   0.745217794739  116   2.048160770250  160   3.906998170245
   29   0.103402381121   73   0.748431641572  117   2.048228930877  161   3.920185449081
   30   0.120695538807   74   0.749461746011  118   2.100722650668  162   4.089419818886
   31   0.144809592848   75   0.749605639878  119   2.100765712127  163   4.400406274350
   32   0.145278778926   76   0.789705826890  120   2.125808557917  164   4.400454661216
   33   0.150604968303   77   0.812933472070  121   2.234014490826  165   4.494522454303
   34   0.156977080358   78   0.812975304410  122   2.235537060231  166   4.567524014615
   35   0.175513225457   79   0.880514208573  123   2.235545685557  167   4.567540088236
   36   0.175639209780   80   0.934453158004  124   2.244772627614  168   5.280323502021
   37   0.177483014877   81   0.934471589507  125   2.244783179312  169  24.738369375854
   38   0.177924771487   82   0.947243721967  126   2.293228843741  170  25.139763540912
   39   0.185888913980   83   0.947280782655  127   2.344321789512  171  25.139783999241
   40   0.202761664100   84   0.968050063497  128   2.344324369103  172  25.270025046721
   41   0.206640120925   85   1.009519116288  129   2.374250309168  173  25.270054089917
   42   0.206825415834   86   1.009596587841  130   2.374309201097  174  25.383719752616
   43   0.209864604700   87   1.010414441372  131   2.637169931020
   44   0.209946871925   88   1.052600408361  132   2.665030441993
  ---------------------------------------------------------------------------------------

  - Timings for the RHF ground state calculation

     Total wall time (sec):              6.30000
     Total cpu time (sec):             332.63726

  eT terminated successfully!
