


                     eT - an electronic structure program

  ------------------------------------------------------------------------
   Author list in alphabetical order:
  ------------------------------------------------------------------------
   J. H. Andersen, A. Balbi, S. Coriani, S. D. Folkestad, T. Giovannini, 
   L. Goletto, T. S. Haugland, A. Hutcheson, I-M. Høyvik, E. F. Kjønstad, 
   H. Koch, T. Moitra, R. H. Myhre, A. C. Paul, M. Scavino, A. Skeidsvoll, 
   Å. H. Tveten
  ------------------------------------------------------------------------


  :: Input file
  ================

     Note: geometry section is excluded from this print

     system
        name: benzene scan 5.75
        charge: 0
     end system

     do
       ground state
     end do

     memory
        available: 8
     end memory

     solver scf
        algorithm: scf-diis
     end solver scf

     molecular mechanics
        forcefield: non-polarizable
     end molecular mechanics

     method
        hf
     end method


  Running on 56 OMP thread(s)
  Memory available for calculation: 8.000000 GB


  :: Molecular system specifications (QM)
  ==========================================

     Name:             benzene scan 5.75
     Charge:           0
     Multiplicity:     1
     Coordinate units: angstrom

     Pure basis functions:        174
     Cartesian basis functions:   180
     Primitive basis functions:   270

     Nuclear repulsion energy (a.u.):            204.234616969248
     Bohr/angstrom value (CODATA 2010):            0.529177210920

     ==============================================================================
                                     Geometry (angstrom)
     ==============================================================================
        Atom           X                  Y                  Z         # in input
     ==============================================================================
        Basis: 6-311++g**
        1 C     -2.282182000000     0.094329000000    -0.000183000000        1
        2 C     -0.893220000000     0.094263000000     0.000431000000        2
        3 C     -0.198699000000     1.297110000000     0.000040000000        3
        4 C     -0.893125000000     2.500009000000    -0.000978000000        4
        5 C     -2.282088000000     2.500067000000    -0.001601000000        5
        6 C     -2.976633000000     1.297226000000    -0.001196000000        6
        7 H     -2.824040000000    -0.844049000000     0.000125000000        7
        8 H     -0.351527000000    -0.844201000000     0.001214000000        8
        9 H      0.884886000000     1.297069000000     0.000516000000        9
       10 H     -0.351327000000     3.438411000000    -0.001306000000       10
       11 H     -2.823832000000     3.438507000000    -0.002402000000       11
       12 H     -4.060212000000     1.297260000000    -0.001659000000       12
     ==============================================================================

     ==============================================================================
                                     Geometry (a.u.)
     ==============================================================================
        Atom           X                  Y                  Z         # in input
     ==============================================================================
        Basis: 6-311++g**
        1 C     -4.312698946412     0.178255975604    -0.000345819881        1
        2 C     -1.687941168984     0.178131253680     0.000814471960        2
        3 C     -0.375486691225     2.451182653435     0.000075589045        3
        4 C     -1.687761645002     4.724332318948    -0.001848152150        4
        5 C     -4.312521312156     4.724441923063    -0.003025451525        5
        6 C     -5.625021143342     2.451401861665    -0.002260112445        6
        7 H     -5.336662164817    -1.595021445713     0.000236215766        7
        8 H     -0.664289755390    -1.595308684084     0.002294127515        8
        9 H      1.672192191462     2.451105174663     0.000975098680        9
       10 H     -0.663911810165     6.497655093692    -0.002467982319       10
       11 H     -5.336269101783     6.497836507400    -0.004539122151       11
       12 H     -7.672688687673     2.451466112353    -0.003135055641       12
     ==============================================================================


  :: Molecular system specifications (MM)
  ==========================================

     Force Field:  non-polarizable

     Number of MM atoms:                   2
     Number of MM molecules:               1

    ====================================================================
                        MM Geometry (Å) and Parameters
    ====================================================================
    Atom    Mol             X          Y          Z            Charge
    ====================================================================
      H       1        -2.826582  -0.840694   5.750123        1.000000
      H       1        -2.827024  -0.840111   6.750123       -1.000000
    ====================================================================


  :: RHF wavefunction
  ======================

  This is a QM/MM calculation

     Electrostatic Embedding:

     Each atom of the MM portion is endowed with a charge which value 
     is a fixed external parameter.

     The QM/MM electrostatic interaction energy is defined as:

        E^ele_QM/MM = sum_i q_i * V_i(P)

     where V_i(P) is the electrostatic potential due to the QM density 
     calculated at the position of the i-th charge q_i.

     For further details, see:
     Senn & Thiel, Angew. Chem. Int. Ed., 2009, 48, 1198−1229


  - Cholesky decomposition of AO overlap to get linearly independent orbitals:

  - Orbital details:

     Number of occupied orbitals:        21
     Number of virtual orbitals:        153
     Number of molecular orbitals:      174
     Number of atomic orbitals:         174


  :: Hartree-Fock engine
  =========================

  Drives the calculation of the Hartree-Fock state.

  This is a RHF ground state calculation.
  The following tasks will be performed:

     1) Generate initial SAD density
     2) Calculation of reference state (SCF-DIIS algorithm)


  1) Generate initial SAD density


  2) Calculation of reference state (SCF-DIIS algorithm)

   - Self-consistent field DIIS Hartree-Fock solver
  ----------------------------------------------------

  A DIIS-accelerated Roothan-Hall self-consistent field solver. A least-square 
  DIIS fit is performed on the previous Fock matrices and associated gradients. 
  Following the Roothan-Hall update of the density, the DIIS-fitted Fock 
  matrix is used to get the next orbital coefficients.

  - Hartree-Fock solver settings:

     DIIS dimension:                         8
     Cumulative Fock threshold:       0.10E+01

     Energy threshold:              0.1000E-05
     Gradient threshold:            0.1000E-05

     Coulomb screening threshold:   0.1000E-11
     Exchange screening threshold:  0.1000E-09
     Fock precision:                0.1000E-23
     Integral cutoff:               0.1000E-11

  - Setting initial AO density to SAD

     Energy of initial guess:              -234.212847968500
     Number of electrons in guess:           42.000000000000

  Iteration       Energy (a.u.)      Max(grad.)    Delta E (a.u.)
  ---------------------------------------------------------------
     1          -231.197891587068     0.4442E-01     0.2312E+03
     2          -231.276216570494     0.1808E-01     0.7832E-01
     3          -231.285383294988     0.6239E-02     0.9167E-02
     4          -231.286626798358     0.4536E-03     0.1244E-02
     5          -231.286635676718     0.1786E-03     0.8878E-05
     6          -231.286636443823     0.4399E-04     0.7671E-06
     7          -231.286636527196     0.4037E-05     0.8337E-07
     8          -231.286636528462     0.1124E-05     0.1266E-08
     9          -231.286636528610     0.2908E-06     0.1476E-09
  ---------------------------------------------------------------
  Convergence criterion met in 9 iterations!

  - Summary of RHF wavefunction energetics (a.u.):

     HOMO-LUMO gap:                  0.380506169432
     Nuclear repulsion energy:     204.139814500524
     Electronic energy:           -435.426451029133
     Total energy:                -231.286636528610

  - Summary of QM/MM energetics:
                                         a.u.             eV     kcal/mol
     QM/MM SCF Contribution:        -0.435381526607
     QM/MM Electrostatic Energy:    -0.001006926033    -0.02740    -0.632

  - Molecular orbital energies

  ---------------------------------------------------------------------------------------
    1 -11.247415660646   45   0.210751885578   89   1.049693284064  133   2.733232147365
    2 -11.246603220294   46   0.216283663365   90   1.103109190551  134   2.739052434358
    3 -11.246422808297   47   0.217497522302   91   1.113007493051  135   2.739081288408
    4 -11.245479119150   48   0.243269552850   92   1.113300293898  136   2.807170879452
    5 -11.245184609806   49   0.243347531711   93   1.126024988014  137   2.807401680595
    6 -11.244455959770   50   0.277989469178   94   1.158185518749  138   2.958249544806
    7  -1.165792688801   51   0.278360464183   95   1.208470000280  139   2.958325225070
    8  -1.028324014573   52   0.296483621434   96   1.208560445205  140   2.979248684618
    9  -1.028192720708   53   0.322806240742   97   1.240778748437  141   2.991527416943
   10  -0.836109846694   54   0.324682605661   98   1.315036686271  142   3.012941149280
   11  -0.836075028718   55   0.361367387849   99   1.315235648824  143   3.013224560616
   12  -0.722322646975   56   0.399318218366  100   1.384115093461  144   3.037545078279
   13  -0.652887356333   57   0.400093558262  101   1.384201709174  145   3.037880315832
   14  -0.633060272657   58   0.422411611067  102   1.514831476595  146   3.050012530299
   15  -0.600080245370   59   0.422709776884  103   1.543123674189  147   3.079272245430
   16  -0.599907905465   60   0.432759054696  104   1.703673284329  148   3.182740440619
   17  -0.514707823198   61   0.490344036897  105   1.780262326692  149   3.182893734992
   18  -0.505859720091   62   0.490516275164  106   1.780416595371  150   3.263302434902
   19  -0.505729925387   63   0.501678549907  107   1.789865987309  151   3.284950403680
   20  -0.348472037902   64   0.501932540020  108   1.818534400940  152   3.285054629786
   21  -0.348220245250   65   0.593794877723  109   1.837649201706  153   3.326363260103
   22   0.032285924182   66   0.600910781511  110   1.837720370715  154   3.326489130719
   23   0.041533225675   67   0.703658315054  111   1.901661942199  155   3.476738218619
   24   0.042072805615   68   0.712187674632  112   1.901847134232  156   3.550938709554
   25   0.059476846154   69   0.712657050051  113   1.926302617685  157   3.776553185513
   26   0.059834331714   70   0.722610390628  114   1.926359415231  158   3.776588577982
   27   0.082244631074   71   0.741870712621  115   1.979522290956  159   3.903635639336
   28   0.099712926106   72   0.741973060977  116   2.044908005720  160   3.903771703286
   29   0.100081295321   73   0.745439396192  117   2.045145342880  161   3.916938672518
   30   0.115180916016   74   0.745794912998  118   2.097522664533  162   4.086185404067
   31   0.140261155230   75   0.746335593254  119   2.097651163502  163   4.397120892506
   32   0.142116239556   76   0.786101211373  120   2.122724422589  164   4.397277845892
   33   0.147166679968   77   0.809469879239  121   2.230937209927  165   4.491288539027
   34   0.154455478375   78   0.809659077847  122   2.232196573541  166   4.564232304515
   35   0.172274346900   79   0.877219808070  123   2.232241618103  167   4.564273269935
   36   0.173308288423   80   0.931331791228  124   2.241524374131  168   5.277003187996
   37   0.175403165860   81   0.931408648479  125   2.241581063521  169  24.735110937857
   38   0.176320961937   82   0.944115979090  126   2.290066642231  170  25.136473990120
   39   0.183546771218   83   0.944229316449  127   2.341082576169  171  25.136548075118
   40   0.198812031267   84   0.964887887373  128   2.341087733522  172  25.266735049282
   41   0.204465646242   85   1.006075962701  129   2.370948999949  173  25.266819090591
   42   0.204892926211   86   1.006390454863  130   2.371125432941  174  25.380459087566
   43   0.206687915478   87   1.007486945942  131   2.633928967339
   44   0.206997739698   88   1.049408938965  132   2.661725760073
  ---------------------------------------------------------------------------------------

  - Timings for the RHF ground state calculation

     Total wall time (sec):              7.40100
     Total cpu time (sec):             390.24706

  eT terminated successfully!
