
  Preparation of molecular system (Libint)
  wall time (sec):                 0.00
  cpu time (sec):                  0.00
  cpu/wall ratio:                  1.44

  Preparation of molecular system (total)
  wall time (sec):                 0.11
  cpu time (sec):                  1.49
  cpu/wall ratio:                 13.45

  Cholesky decomposition of AO overlap
  wall time (sec):                 0.12
  cpu time (sec):                  4.32
  cpu/wall ratio:                 34.82


  :: Hartree-Fock engine
  =========================


  1) Generate initial SAD density

  SAD generation time
  wall time (sec):                 0.20
  cpu time (sec):                  8.53
  cpu/wall ratio:                 42.02


  2) Calculation of reference state (SCF-DIIS algorithm)

  AO Fock construction
  wall time (sec):                 0.20
  cpu time (sec):                 10.95
  cpu/wall ratio:                 54.48

  AO Fock construction
  wall time (sec):                 0.64
  cpu time (sec):                 35.48
  cpu/wall ratio:                 55.10

  AO Fock construction
  wall time (sec):                 0.60
  cpu time (sec):                 33.31
  cpu/wall ratio:                 55.14

  SCF DIIS iteration time
  wall time (sec):                 1.02
  cpu time (sec):                 54.53
  cpu/wall ratio:                 53.46

  AO Fock construction
  wall time (sec):                 0.57
  cpu time (sec):                 31.51
  cpu/wall ratio:                 55.08

  SCF DIIS iteration time
  wall time (sec):                 0.70
  cpu time (sec):                 37.28
  cpu/wall ratio:                 53.18

  AO Fock construction
  wall time (sec):                 0.58
  cpu time (sec):                 31.80
  cpu/wall ratio:                 55.21

  SCF DIIS iteration time
  wall time (sec):                 0.77
  cpu time (sec):                 41.08
  cpu/wall ratio:                 53.63

  AO Fock construction
  wall time (sec):                 0.50
  cpu time (sec):                 27.68
  cpu/wall ratio:                 55.36

  SCF DIIS iteration time
  wall time (sec):                 0.61
  cpu time (sec):                 32.74
  cpu/wall ratio:                 53.50

  AO Fock construction
  wall time (sec):                 0.51
  cpu time (sec):                 28.02
  cpu/wall ratio:                 55.37

  SCF DIIS iteration time
  wall time (sec):                 0.65
  cpu time (sec):                 34.60
  cpu/wall ratio:                 53.56

  AO Fock construction
  wall time (sec):                 0.52
  cpu time (sec):                 28.60
  cpu/wall ratio:                 55.31

  SCF DIIS iteration time
  wall time (sec):                 0.65
  cpu time (sec):                 34.78
  cpu/wall ratio:                 53.51

  AO Fock construction
  wall time (sec):                 0.49
  cpu time (sec):                 27.09
  cpu/wall ratio:                 55.06

  SCF DIIS iteration time
  wall time (sec):                 0.67
  cpu time (sec):                 35.74
  cpu/wall ratio:                 53.10

  AO Fock construction
  wall time (sec):                 0.48
  cpu time (sec):                 26.79
  cpu/wall ratio:                 55.25

  SCF DIIS iteration time
  wall time (sec):                 0.73
  cpu time (sec):                 39.31
  cpu/wall ratio:                 53.64

  AO Fock construction
  wall time (sec):                 0.46
  cpu time (sec):                 25.63
  cpu/wall ratio:                 55.36

  SCF DIIS iteration time
  wall time (sec):                 0.64
  cpu time (sec):                 33.99
  cpu/wall ratio:                 53.44

  AO Fock construction
  wall time (sec):                 0.41
  cpu time (sec):                 22.64
  cpu/wall ratio:                 55.34

  SCF DIIS iteration time
  wall time (sec):                 0.63
  cpu time (sec):                 33.66
  cpu/wall ratio:                 53.26

  SCF DIIS iteration time
  wall time (sec):                 0.00
  cpu time (sec):                  0.11
  cpu/wall ratio:                 55.54

  SCF DIIS solver time
  wall time (sec):                 8.40
  cpu time (sec):                448.86
  cpu/wall ratio:                 53.42

  Hartree-Fock engine
  wall time (sec):                 8.61
  cpu time (sec):                457.39
  cpu/wall ratio:                 53.15


  :: Total time
  ================

  Total time in eT
  wall time (sec):                 8.93
  cpu time (sec):                467.48
  cpu/wall ratio:                 52.37
