
  Preparation of molecular system (Libint)
  wall time (sec):                 0.00
  cpu time (sec):                  0.00
  cpu/wall ratio:                  0.69

  Preparation of molecular system (total)
  wall time (sec):                 0.11
  cpu time (sec):                  1.54
  cpu/wall ratio:                 13.63

  Cholesky decomposition of AO overlap
  wall time (sec):                 0.15
  cpu time (sec):                  6.19
  cpu/wall ratio:                 40.46


  :: Hartree-Fock engine
  =========================


  1) Generate initial SAD density

  SAD generation time
  wall time (sec):                 0.19
  cpu time (sec):                  7.63
  cpu/wall ratio:                 39.97


  2) Calculation of reference state (SCF-DIIS algorithm)

  AO Fock construction
  wall time (sec):                 0.20
  cpu time (sec):                 10.70
  cpu/wall ratio:                 54.58

  AO Fock construction
  wall time (sec):                 0.63
  cpu time (sec):                 35.01
  cpu/wall ratio:                 55.21

  AO Fock construction
  wall time (sec):                 0.60
  cpu time (sec):                 32.95
  cpu/wall ratio:                 55.19

  SCF DIIS iteration time
  wall time (sec):                 0.84
  cpu time (sec):                 44.57
  cpu/wall ratio:                 53.05

  AO Fock construction
  wall time (sec):                 0.65
  cpu time (sec):                 35.81
  cpu/wall ratio:                 55.01

  SCF DIIS iteration time
  wall time (sec):                 0.95
  cpu time (sec):                 50.88
  cpu/wall ratio:                 53.73

  AO Fock construction
  wall time (sec):                 0.58
  cpu time (sec):                 32.01
  cpu/wall ratio:                 55.10

  SCF DIIS iteration time
  wall time (sec):                 0.98
  cpu time (sec):                 52.50
  cpu/wall ratio:                 53.57

  AO Fock construction
  wall time (sec):                 0.55
  cpu time (sec):                 30.30
  cpu/wall ratio:                 55.29

  SCF DIIS iteration time
  wall time (sec):                 0.69
  cpu time (sec):                 37.31
  cpu/wall ratio:                 53.68

  AO Fock construction
  wall time (sec):                 0.55
  cpu time (sec):                 30.17
  cpu/wall ratio:                 55.25

  SCF DIIS iteration time
  wall time (sec):                 0.73
  cpu time (sec):                 38.92
  cpu/wall ratio:                 53.61

  AO Fock construction
  wall time (sec):                 0.47
  cpu time (sec):                 26.02
  cpu/wall ratio:                 55.36

  SCF DIIS iteration time
  wall time (sec):                 0.66
  cpu time (sec):                 35.57
  cpu/wall ratio:                 53.65

  AO Fock construction
  wall time (sec):                 0.54
  cpu time (sec):                 29.76
  cpu/wall ratio:                 54.91

  SCF DIIS iteration time
  wall time (sec):                 0.67
  cpu time (sec):                 35.38
  cpu/wall ratio:                 53.20

  SCF DIIS iteration time
  wall time (sec):                 0.00
  cpu time (sec):                  0.06
  cpu/wall ratio:                 56.35

  SCF DIIS solver time
  wall time (sec):                 6.68
  cpu time (sec):                357.26
  cpu/wall ratio:                 53.48

  Hartree-Fock engine
  wall time (sec):                 6.87
  cpu time (sec):                364.89
  cpu/wall ratio:                 53.10


  :: Total time
  ================

  Total time in eT
  wall time (sec):                 7.22
  cpu time (sec):                376.44
  cpu/wall ratio:                 52.16
