


                     eT - an electronic structure program

  ------------------------------------------------------------------------
   Author list in alphabetical order:
  ------------------------------------------------------------------------
   J. H. Andersen, A. Balbi, S. Coriani, S. D. Folkestad, T. Giovannini, 
   L. Goletto, T. S. Haugland, A. Hutcheson, I-M. Høyvik, E. F. Kjønstad, 
   H. Koch, T. Moitra, R. H. Myhre, A. C. Paul, M. Scavino, A. Skeidsvoll, 
   Å. H. Tveten
  ------------------------------------------------------------------------


  :: Input file
  ================

     Note: geometry section is excluded from this print

     system
        name: benzene scan 5.50
        charge: 0
     end system

     do
       ground state
     end do

     memory
        available: 8
     end memory

     solver scf
        algorithm: scf-diis
     end solver scf

     molecular mechanics
        forcefield: non-polarizable
     end molecular mechanics

     method
        hf
     end method


  Running on 56 OMP thread(s)
  Memory available for calculation: 8.000000 GB


  :: Molecular system specifications (QM)
  ==========================================

     Name:             benzene scan 5.50
     Charge:           0
     Multiplicity:     1
     Coordinate units: angstrom

     Pure basis functions:        174
     Cartesian basis functions:   180
     Primitive basis functions:   270

     Nuclear repulsion energy (a.u.):            204.234616969248
     Bohr/angstrom value (CODATA 2010):            0.529177210920

     ==============================================================================
                                     Geometry (angstrom)
     ==============================================================================
        Atom           X                  Y                  Z         # in input
     ==============================================================================
        Basis: 6-311++g**
        1 C     -2.282182000000     0.094329000000    -0.000183000000        1
        2 C     -0.893220000000     0.094263000000     0.000431000000        2
        3 C     -0.198699000000     1.297110000000     0.000040000000        3
        4 C     -0.893125000000     2.500009000000    -0.000978000000        4
        5 C     -2.282088000000     2.500067000000    -0.001601000000        5
        6 C     -2.976633000000     1.297226000000    -0.001196000000        6
        7 H     -2.824040000000    -0.844049000000     0.000125000000        7
        8 H     -0.351527000000    -0.844201000000     0.001214000000        8
        9 H      0.884886000000     1.297069000000     0.000516000000        9
       10 H     -0.351327000000     3.438411000000    -0.001306000000       10
       11 H     -2.823832000000     3.438507000000    -0.002402000000       11
       12 H     -4.060212000000     1.297260000000    -0.001659000000       12
     ==============================================================================

     ==============================================================================
                                     Geometry (a.u.)
     ==============================================================================
        Atom           X                  Y                  Z         # in input
     ==============================================================================
        Basis: 6-311++g**
        1 C     -4.312698946412     0.178255975604    -0.000345819881        1
        2 C     -1.687941168984     0.178131253680     0.000814471960        2
        3 C     -0.375486691225     2.451182653435     0.000075589045        3
        4 C     -1.687761645002     4.724332318948    -0.001848152150        4
        5 C     -4.312521312156     4.724441923063    -0.003025451525        5
        6 C     -5.625021143342     2.451401861665    -0.002260112445        6
        7 H     -5.336662164817    -1.595021445713     0.000236215766        7
        8 H     -0.664289755390    -1.595308684084     0.002294127515        8
        9 H      1.672192191462     2.451105174663     0.000975098680        9
       10 H     -0.663911810165     6.497655093692    -0.002467982319       10
       11 H     -5.336269101783     6.497836507400    -0.004539122151       11
       12 H     -7.672688687673     2.451466112353    -0.003135055641       12
     ==============================================================================


  :: Molecular system specifications (MM)
  ==========================================

     Force Field:  non-polarizable

     Number of MM atoms:                   2
     Number of MM molecules:               1

    ====================================================================
                        MM Geometry (Å) and Parameters
    ====================================================================
    Atom    Mol             X          Y          Z            Charge
    ====================================================================
      H       1        -2.826471  -0.840840   5.500124        1.000000
      H       1        -2.826913  -0.840256   6.500123       -1.000000
    ====================================================================


  :: RHF wavefunction
  ======================

  This is a QM/MM calculation

     Electrostatic Embedding:

     Each atom of the MM portion is endowed with a charge which value 
     is a fixed external parameter.

     The QM/MM electrostatic interaction energy is defined as:

        E^ele_QM/MM = sum_i q_i * V_i(P)

     where V_i(P) is the electrostatic potential due to the QM density 
     calculated at the position of the i-th charge q_i.

     For further details, see:
     Senn & Thiel, Angew. Chem. Int. Ed., 2009, 48, 1198−1229


  - Cholesky decomposition of AO overlap to get linearly independent orbitals:

  - Orbital details:

     Number of occupied orbitals:        21
     Number of virtual orbitals:        153
     Number of molecular orbitals:      174
     Number of atomic orbitals:         174


  :: Hartree-Fock engine
  =========================

  Drives the calculation of the Hartree-Fock state.

  This is a RHF ground state calculation.
  The following tasks will be performed:

     1) Generate initial SAD density
     2) Calculation of reference state (SCF-DIIS algorithm)


  1) Generate initial SAD density


  2) Calculation of reference state (SCF-DIIS algorithm)

   - Self-consistent field DIIS Hartree-Fock solver
  ----------------------------------------------------

  A DIIS-accelerated Roothan-Hall self-consistent field solver. A least-square 
  DIIS fit is performed on the previous Fock matrices and associated gradients. 
  Following the Roothan-Hall update of the density, the DIIS-fitted Fock 
  matrix is used to get the next orbital coefficients.

  - Hartree-Fock solver settings:

     DIIS dimension:                         8
     Cumulative Fock threshold:       0.10E+01

     Energy threshold:              0.1000E-05
     Gradient threshold:            0.1000E-05

     Coulomb screening threshold:   0.1000E-11
     Exchange screening threshold:  0.1000E-09
     Fock precision:                0.1000E-23
     Integral cutoff:               0.1000E-11

  - Setting initial AO density to SAD

     Energy of initial guess:              -234.212848413586
     Number of electrons in guess:           42.000000000000

  Iteration       Energy (a.u.)      Max(grad.)    Delta E (a.u.)
  ---------------------------------------------------------------
     1          -231.197971853630     0.4445E-01     0.2312E+03
     2          -231.276319779501     0.1809E-01     0.7835E-01
     3          -231.285496530001     0.6238E-02     0.9177E-02
     4          -231.286741041610     0.4689E-03     0.1245E-02
     5          -231.286749921270     0.1959E-03     0.8880E-05
     6          -231.286750854922     0.4333E-04     0.9337E-06
     7          -231.286750939392     0.4139E-05     0.8447E-07
     8          -231.286750940752     0.1194E-05     0.1360E-08
     9          -231.286750940974     0.3102E-06     0.2227E-09
  ---------------------------------------------------------------
  Convergence criterion met in 9 iterations!

  - Summary of RHF wavefunction energetics (a.u.):

     HOMO-LUMO gap:                  0.380326857797
     Nuclear repulsion energy:     204.167864367227
     Electronic energy:           -435.454615308201
     Total energy:                -231.286750940974

  - Summary of QM/MM energetics:
                                         a.u.             eV     kcal/mol
     QM/MM SCF Contribution:        -0.463567755888
     QM/MM Electrostatic Energy:    -0.001142759742    -0.03110    -0.717

  - Molecular orbital energies

  ---------------------------------------------------------------------------------------
    1 -11.248113839154   45   0.210504286581   89   1.049126988714  133   2.732623814919
    2 -11.247255576288   46   0.215428252031   90   1.102468756410  134   2.738423709004
    3 -11.247036490050   47   0.216912440233   91   1.112341424783  135   2.738462501812
    4 -11.246147183480   48   0.242928620050   92   1.112695155116  136   2.806544297561
    5 -11.245794515621   49   0.243019005842   93   1.125424558376  137   2.806822436785
    6 -11.245048923088   50   0.277210114518   94   1.157544405838  138   2.957620541476
    7  -1.166448506326   51   0.277714341987   95   1.207799529129  139   2.957712203063
    8  -1.028984551123   52   0.296204444495   96   1.207907989117  140   2.978634964937
    9  -1.028824365194   53   0.322163358201   97   1.240123560422  141   2.990893485795
   10  -0.836749142947   54   0.324078170943   98   1.314373505731  142   3.012295331116
   11  -0.836705978769   55   0.360731493382   99   1.314616923878  143   3.012641077426
   12  -0.722953758662   56   0.398729112618  100   1.383468438660  144   3.036905205396
   13  -0.653502138633   57   0.399645138629  101   1.383572018664  145   3.037312244780
   14  -0.633701967640   58   0.421884843718  102   1.514177746905  146   3.049349649285
   15  -0.600725401893   59   0.422236856084  103   1.542489497021  147   3.078671061577
   16  -0.600516776571   60   0.432349302968  104   1.703044369364  148   3.182064996223
   17  -0.515379145659   61   0.489776041927  105   1.779620198892  149   3.182253783440
   18  -0.506494664647   62   0.489976579426  106   1.779810564713  150   3.262682767301
   19  -0.506339092523   63   0.501092417036  107   1.789224836640  151   3.284281851965
   20  -0.349166113811   64   0.501388082431  108   1.817895727724  152   3.284410866779
   21  -0.348855409756   65   0.593209176526  109   1.837004868976  153   3.325726339465
   22   0.031471448041   66   0.600314184265  110   1.837090643536  154   3.325874783504
   23   0.041224590601   67   0.702862901318  111   1.901024380720  155   3.476078430815
   24   0.041834237891   68   0.711470609138  112   1.901248591402  156   3.550297238123
   25   0.059197857654   69   0.712048745765  113   1.925675678652  157   3.775903200092
   26   0.059609948555   70   0.721996687308  114   1.925736736950  158   3.775945365812
   27   0.082056384151   71   0.741196702747  115   1.978903823330  159   3.902978405626
   28   0.098923356108   72   0.741339265692  116   2.044265468376  160   3.903143844230
   29   0.099435795080   73   0.744860434161  117   2.044553037068  161   3.916306138095
   30   0.113924455202   74   0.745071133242  118   2.096893013915  162   4.085552435673
   31   0.139297752502   75   0.745726023470  119   2.097047586624  163   4.396471819170
   32   0.141574092496   76   0.785399699987  120   2.122125729346  164   4.396661746798
   33   0.146541602288   77   0.808777216602  121   2.230335670786  165   4.490656105314
   34   0.153977410433   78   0.809019615277  122   2.231538424179  166   4.563585936573
   35   0.171580119009   79   0.876574483953  123   2.231594591944  167   4.563634009569
   36   0.172898897404   80   0.930719903803  124   2.240887438345  168   5.276351027545
   37   0.175079619914   81   0.930814741577  125   2.240960124984  169  24.734472113331
   38   0.176067447176   82   0.943507302229  126   2.289449019909  170  25.135826029510
   39   0.183171288627   83   0.943643076519  127   2.340448999224  171  25.135916326761
   40   0.197902724512   84   0.964273979583  128   2.340454568742  172  25.266086877099
   41   0.204092656170   85   1.005379581620  129   2.370296710390  173  25.266187695192
   42   0.204569996606   86   1.005774681923  130   2.370508677273  174  25.379819894048
   43   0.206091692789   87   1.006927762349  131   2.633294745798
   44   0.206449545794   88   1.048782074896  132   2.661076904493
  ---------------------------------------------------------------------------------------

  - Timings for the RHF ground state calculation

     Total wall time (sec):              7.12400
     Total cpu time (sec):             377.56784

  eT terminated successfully!
