


                     eT - an electronic structure program

  ------------------------------------------------------------------------
   Author list in alphabetical order:
  ------------------------------------------------------------------------
   J. H. Andersen, A. Balbi, S. Coriani, S. D. Folkestad, T. Giovannini, 
   L. Goletto, T. S. Haugland, A. Hutcheson, I-M. Høyvik, E. F. Kjønstad, 
   H. Koch, T. Moitra, R. H. Myhre, A. C. Paul, M. Scavino, A. Skeidsvoll, 
   Å. H. Tveten
  ------------------------------------------------------------------------


  :: Input file
  ================

     Note: geometry section is excluded from this print

     system
        name: benzene scan 4.25
        charge: 0
     end system

     do
       ground state
     end do

     memory
        available: 8
     end memory

     solver scf
        algorithm: scf-diis
     end solver scf

     molecular mechanics
        forcefield: non-polarizable
     end molecular mechanics

     method
        hf
     end method


  Running on 56 OMP thread(s)
  Memory available for calculation: 8.000000 GB


  :: Molecular system specifications (QM)
  ==========================================

     Name:             benzene scan 4.25
     Charge:           0
     Multiplicity:     1
     Coordinate units: angstrom

     Pure basis functions:        174
     Cartesian basis functions:   180
     Primitive basis functions:   270

     Nuclear repulsion energy (a.u.):            204.234616969248
     Bohr/angstrom value (CODATA 2010):            0.529177210920

     ==============================================================================
                                     Geometry (angstrom)
     ==============================================================================
        Atom           X                  Y                  Z         # in input
     ==============================================================================
        Basis: 6-311++g**
        1 C     -2.282182000000     0.094329000000    -0.000183000000        1
        2 C     -0.893220000000     0.094263000000     0.000431000000        2
        3 C     -0.198699000000     1.297110000000     0.000040000000        3
        4 C     -0.893125000000     2.500009000000    -0.000978000000        4
        5 C     -2.282088000000     2.500067000000    -0.001601000000        5
        6 C     -2.976633000000     1.297226000000    -0.001196000000        6
        7 H     -2.824040000000    -0.844049000000     0.000125000000        7
        8 H     -0.351527000000    -0.844201000000     0.001214000000        8
        9 H      0.884886000000     1.297069000000     0.000516000000        9
       10 H     -0.351327000000     3.438411000000    -0.001306000000       10
       11 H     -2.823832000000     3.438507000000    -0.002402000000       11
       12 H     -4.060212000000     1.297260000000    -0.001659000000       12
     ==============================================================================

     ==============================================================================
                                     Geometry (a.u.)
     ==============================================================================
        Atom           X                  Y                  Z         # in input
     ==============================================================================
        Basis: 6-311++g**
        1 C     -4.312698946412     0.178255975604    -0.000345819881        1
        2 C     -1.687941168984     0.178131253680     0.000814471960        2
        3 C     -0.375486691225     2.451182653435     0.000075589045        3
        4 C     -1.687761645002     4.724332318948    -0.001848152150        4
        5 C     -4.312521312156     4.724441923063    -0.003025451525        5
        6 C     -5.625021143342     2.451401861665    -0.002260112445        6
        7 H     -5.336662164817    -1.595021445713     0.000236215766        7
        8 H     -0.664289755390    -1.595308684084     0.002294127515        8
        9 H      1.672192191462     2.451105174663     0.000975098680        9
       10 H     -0.663911810165     6.497655093692    -0.002467982319       10
       11 H     -5.336269101783     6.497836507400    -0.004539122151       11
       12 H     -7.672688687673     2.451466112353    -0.003135055641       12
     ==============================================================================


  :: Molecular system specifications (MM)
  ==========================================

     Force Field:  non-polarizable

     Number of MM atoms:                   2
     Number of MM molecules:               1

    ====================================================================
                        MM Geometry (Å) and Parameters
    ====================================================================
    Atom    Mol             X          Y          Z            Charge
    ====================================================================
      H       1        -2.280303   0.091849  -4.250182        1.000000
      H       1        -2.279861   0.091266  -5.250181       -1.000000
    ====================================================================


  :: RHF wavefunction
  ======================

  This is a QM/MM calculation

     Electrostatic Embedding:

     Each atom of the MM portion is endowed with a charge which value 
     is a fixed external parameter.

     The QM/MM electrostatic interaction energy is defined as:

        E^ele_QM/MM = sum_i q_i * V_i(P)

     where V_i(P) is the electrostatic potential due to the QM density 
     calculated at the position of the i-th charge q_i.

     For further details, see:
     Senn & Thiel, Angew. Chem. Int. Ed., 2009, 48, 1198−1229


  - Cholesky decomposition of AO overlap to get linearly independent orbitals:

  - Orbital details:

     Number of occupied orbitals:        21
     Number of virtual orbitals:        153
     Number of molecular orbitals:      174
     Number of atomic orbitals:         174


  :: Hartree-Fock engine
  =========================

  Drives the calculation of the Hartree-Fock state.

  This is a RHF ground state calculation.
  The following tasks will be performed:

     1) Generate initial SAD density
     2) Calculation of reference state (SCF-DIIS algorithm)


  1) Generate initial SAD density


  2) Calculation of reference state (SCF-DIIS algorithm)

   - Self-consistent field DIIS Hartree-Fock solver
  ----------------------------------------------------

  A DIIS-accelerated Roothan-Hall self-consistent field solver. A least-square 
  DIIS fit is performed on the previous Fock matrices and associated gradients. 
  Following the Roothan-Hall update of the density, the DIIS-fitted Fock 
  matrix is used to get the next orbital coefficients.

  - Hartree-Fock solver settings:

     DIIS dimension:                         8
     Cumulative Fock threshold:       0.10E+01

     Energy threshold:              0.1000E-05
     Gradient threshold:            0.1000E-05

     Coulomb screening threshold:   0.1000E-11
     Exchange screening threshold:  0.1000E-09
     Fock precision:                0.1000E-23
     Integral cutoff:               0.1000E-11

  - Setting initial AO density to SAD

     Energy of initial guess:              -234.212834621364
     Number of electrons in guess:           42.000000000000

  Iteration       Energy (a.u.)      Max(grad.)    Delta E (a.u.)
  ---------------------------------------------------------------
     1          -231.199541997113     0.4488E-01     0.2312E+03
     2          -231.278410015678     0.1832E-01     0.7887E-01
     3          -231.287780436874     0.6221E-02     0.9370E-02
     4          -231.289035813508     0.5499E-03     0.1255E-02
     5          -231.289045125909     0.2795E-03     0.9312E-05
     6          -231.289047069278     0.4097E-04     0.1943E-05
     7          -231.289047163918     0.6858E-05     0.9464E-07
     8          -231.289047166494     0.1652E-05     0.2577E-08
     9          -231.289047166794     0.4354E-06     0.3003E-09
  ---------------------------------------------------------------
  Convergence criterion met in 9 iterations!

  - Summary of RHF wavefunction energetics (a.u.):

     HOMO-LUMO gap:                  0.383417400678
     Nuclear repulsion energy:     204.484037760643
     Electronic energy:           -435.773084927437
     Total energy:                -231.289047166794

  - Summary of QM/MM energetics:
                                         a.u.             eV     kcal/mol
     QM/MM SCF Contribution:        -0.782436548924
     QM/MM Electrostatic Energy:    -0.003838159053    -0.10444    -2.408

  - Molecular orbital energies

  ---------------------------------------------------------------------------------------
    1 -11.255098058323   45   0.206707665471   89   1.043282798929  133   2.726628620024
    2 -11.254113427360   46   0.208595263462   90   1.095904366686  134   2.731938615810
    3 -11.253731356906   47   0.209232839306   91   1.105389447838  135   2.732009793699
    4 -11.252984219695   48   0.241056543804   92   1.106023464255  136   2.800509338526
    5 -11.252452905302   49   0.241108222155   93   1.119413338216  137   2.800808336443
    6 -11.251634509438   50   0.271016077409   94   1.150769434074  138   2.951265024992
    7  -1.173631281675   51   0.271687128441   95   1.200381436146  139   2.951373648927
    8  -1.035944923942   52   0.294818405665   96   1.200447629875  140   2.972638714785
    9  -1.035709917819   53   0.317266237414   97   1.233009919860  141   2.984262592812
   10  -0.843388707017   54   0.318308122954   98   1.307532555584  142   3.006066911931
   11  -0.843343639192   55   0.354360376240   99   1.307874239909  143   3.006578628081
   12  -0.729518007934   56   0.394297358284  100   1.376744946678  144   3.030953351555
   13  -0.659666649323   57   0.395215855070  101   1.376846461351  145   3.031460654713
   14  -0.640499763203   58   0.417745733759  102   1.506941222540  146   3.042027134773
   15  -0.607252773819   59   0.417982679751  103   1.535769683699  147   3.072789514583
   16  -0.607000879364   60   0.428841785531  104   1.696549722630  148   3.174912212382
   17  -0.522973204403   61   0.484574027795  105   1.773211645396  149   3.175225616185
   18  -0.512896661374   62   0.484733461780  106   1.773465483191  150   3.256350981522
   19  -0.512730259943   63   0.495817616861  107   1.782185594416  151   3.277144319045
   20  -0.356653804231   64   0.496066957051  108   1.811474565880  152   3.277345622700
   21  -0.356105560471   65   0.587577980953  109   1.830281543857  153   3.319193982278
   22   0.027311840207   66   0.594905830054  110   1.830356831844  154   3.319359996574
   23   0.039716686761   67   0.692861470888  111   1.894849854542  155   3.468852909271
   24   0.040340587167   68   0.704412136422  112   1.895108807590  156   3.543478379440
   25   0.058482869685   69   0.705270680180  113   1.919156785158  157   3.768957619718
   26   0.058641679946   70   0.715945247447  114   1.919167137270  158   3.769033416775
   27   0.081597628625   71   0.734496055881  115   1.972685996621  159   3.896117756843
   28   0.089982684192   72   0.734832372439  116   2.037927960679  160   3.896373913106
   29   0.092917070690   73   0.737755825430  117   2.038273834207  161   3.909501562329
   30   0.096280308064   74   0.738632193793  118   2.090664532988  162   4.078898187569
   31   0.131899865639   75   0.739350926553  119   2.090844568690  163   4.389838681796
   32   0.135224181468   76   0.776427850657  120   2.116192299046  164   4.390082418799
   33   0.139105757354   77   0.801824168295  121   2.224433625123  165   4.484003465410
   34   0.151005597834   78   0.802183182966  122   2.224575060812  166   4.556715547717
   35   0.169611929936   79   0.870042998406  123   2.224635034404  167   4.556772863602
   36   0.170589911549   80   0.924781356870  124   2.234186829411  168   5.269285515653
   37   0.172359627184   81   0.924955271465  125   2.234358493523  169  24.727706398697
   38   0.173381371168   82   0.937407643744  126   2.283196982412  170  25.129031253743
   39   0.178638056744   83   0.937565297755  127   2.333763451388  171  25.129145881454
   40   0.194170174302   84   0.957738452489  128   2.333774178649  172  25.259290380356
   41   0.200814122540   85   0.998159391789  129   2.363601396360  173  25.259418554154
   42   0.201323547037   86   0.998850178355  130   2.363862513586  174  25.373041839732
   43   0.202515490966   87   1.001636897230  131   2.626648481255
   44   0.202828324006   88   1.042866383244  132   2.654145489315
  ---------------------------------------------------------------------------------------

  - Timings for the RHF ground state calculation

     Total wall time (sec):              7.02600
     Total cpu time (sec):             373.19826

  eT terminated successfully!
