


                     eT - an electronic structure program

  ------------------------------------------------------------------------
   Author list in alphabetical order:
  ------------------------------------------------------------------------
   J. H. Andersen, A. Balbi, S. Coriani, S. D. Folkestad, T. Giovannini, 
   L. Goletto, T. S. Haugland, A. Hutcheson, I-M. Høyvik, E. F. Kjønstad, 
   H. Koch, T. Moitra, R. H. Myhre, A. C. Paul, M. Scavino, A. Skeidsvoll, 
   Å. H. Tveten
  ------------------------------------------------------------------------


  :: Input file
  ================

     Note: geometry section is excluded from this print

     system
        name: benzene scan 7.75
        charge: 0
     end system

     do
       ground state
     end do

     memory
        available: 8
     end memory

     solver scf
        algorithm: scf-diis
     end solver scf

     molecular mechanics
        forcefield: non-polarizable
     end molecular mechanics

     method
        hf
     end method


  Running on 56 OMP thread(s)
  Memory available for calculation: 8.000000 GB


  :: Molecular system specifications (QM)
  ==========================================

     Name:             benzene scan 7.75
     Charge:           0
     Multiplicity:     1
     Coordinate units: angstrom

     Pure basis functions:        174
     Cartesian basis functions:   180
     Primitive basis functions:   270

     Nuclear repulsion energy (a.u.):            204.234616969248
     Bohr/angstrom value (CODATA 2010):            0.529177210920

     ==============================================================================
                                     Geometry (angstrom)
     ==============================================================================
        Atom           X                  Y                  Z         # in input
     ==============================================================================
        Basis: 6-311++g**
        1 C     -2.282182000000     0.094329000000    -0.000183000000        1
        2 C     -0.893220000000     0.094263000000     0.000431000000        2
        3 C     -0.198699000000     1.297110000000     0.000040000000        3
        4 C     -0.893125000000     2.500009000000    -0.000978000000        4
        5 C     -2.282088000000     2.500067000000    -0.001601000000        5
        6 C     -2.976633000000     1.297226000000    -0.001196000000        6
        7 H     -2.824040000000    -0.844049000000     0.000125000000        7
        8 H     -0.351527000000    -0.844201000000     0.001214000000        8
        9 H      0.884886000000     1.297069000000     0.000516000000        9
       10 H     -0.351327000000     3.438411000000    -0.001306000000       10
       11 H     -2.823832000000     3.438507000000    -0.002402000000       11
       12 H     -4.060212000000     1.297260000000    -0.001659000000       12
     ==============================================================================

     ==============================================================================
                                     Geometry (a.u.)
     ==============================================================================
        Atom           X                  Y                  Z         # in input
     ==============================================================================
        Basis: 6-311++g**
        1 C     -4.312698946412     0.178255975604    -0.000345819881        1
        2 C     -1.687941168984     0.178131253680     0.000814471960        2
        3 C     -0.375486691225     2.451182653435     0.000075589045        3
        4 C     -1.687761645002     4.724332318948    -0.001848152150        4
        5 C     -4.312521312156     4.724441923063    -0.003025451525        5
        6 C     -5.625021143342     2.451401861665    -0.002260112445        6
        7 H     -5.336662164817    -1.595021445713     0.000236215766        7
        8 H     -0.664289755390    -1.595308684084     0.002294127515        8
        9 H      1.672192191462     2.451105174663     0.000975098680        9
       10 H     -0.663911810165     6.497655093692    -0.002467982319       10
       11 H     -5.336269101783     6.497836507400    -0.004539122151       11
       12 H     -7.672688687673     2.451466112353    -0.003135055641       12
     ==============================================================================


  :: Molecular system specifications (MM)
  ==========================================

     Force Field:  non-polarizable

     Number of MM atoms:                   2
     Number of MM molecules:               1

    ====================================================================
                        MM Geometry (Å) and Parameters
    ====================================================================
    Atom    Mol             X          Y          Z            Charge
    ====================================================================
      H       1        -2.278756   0.089807  -7.750181        1.000000
      H       1        -2.278314   0.089224  -8.750180       -1.000000
    ====================================================================


  :: RHF wavefunction
  ======================

  This is a QM/MM calculation

     Electrostatic Embedding:

     Each atom of the MM portion is endowed with a charge which value 
     is a fixed external parameter.

     The QM/MM electrostatic interaction energy is defined as:

        E^ele_QM/MM = sum_i q_i * V_i(P)

     where V_i(P) is the electrostatic potential due to the QM density 
     calculated at the position of the i-th charge q_i.

     For further details, see:
     Senn & Thiel, Angew. Chem. Int. Ed., 2009, 48, 1198−1229


  - Cholesky decomposition of AO overlap to get linearly independent orbitals:

  - Orbital details:

     Number of occupied orbitals:        21
     Number of virtual orbitals:        153
     Number of molecular orbitals:      174
     Number of atomic orbitals:         174


  :: Hartree-Fock engine
  =========================

  Drives the calculation of the Hartree-Fock state.

  This is a RHF ground state calculation.
  The following tasks will be performed:

     1) Generate initial SAD density
     2) Calculation of reference state (SCF-DIIS algorithm)


  1) Generate initial SAD density


  2) Calculation of reference state (SCF-DIIS algorithm)

   - Self-consistent field DIIS Hartree-Fock solver
  ----------------------------------------------------

  A DIIS-accelerated Roothan-Hall self-consistent field solver. A least-square 
  DIIS fit is performed on the previous Fock matrices and associated gradients. 
  Following the Roothan-Hall update of the density, the DIIS-fitted Fock 
  matrix is used to get the next orbital coefficients.

  - Hartree-Fock solver settings:

     DIIS dimension:                         8
     Cumulative Fock threshold:       0.10E+01

     Energy threshold:              0.1000E-05
     Gradient threshold:            0.1000E-05

     Coulomb screening threshold:   0.1000E-11
     Exchange screening threshold:  0.1000E-09
     Fock precision:                0.1000E-23
     Integral cutoff:               0.1000E-11

  - Setting initial AO density to SAD

     Energy of initial guess:              -234.212848556465
     Number of electrons in guess:           42.000000000000

  Iteration       Energy (a.u.)      Max(grad.)    Delta E (a.u.)
  ---------------------------------------------------------------
     1          -231.197604207454     0.4428E-01     0.2312E+03
     2          -231.275846143870     0.1803E-01     0.7824E-01
     3          -231.284977605680     0.6240E-02     0.9131E-02
     4          -231.286217901857     0.3737E-03     0.1240E-02
     5          -231.286226842212     0.8129E-04     0.8940E-05
     6          -231.286227062457     0.4080E-04     0.2202E-06
     7          -231.286227111665     0.4628E-05     0.4921E-07
     8          -231.286227112905     0.8825E-06     0.1241E-08
  ---------------------------------------------------------------
  Convergence criterion met in 8 iterations!

  - Summary of RHF wavefunction energetics (a.u.):

     HOMO-LUMO gap:                  0.381167826161
     Nuclear repulsion energy:     204.004465346128
     Electronic energy:           -435.290692459034
     Total energy:                -231.286227112905

  - Summary of QM/MM energetics:
                                         a.u.             eV     kcal/mol
     QM/MM SCF Contribution:        -0.299558043904
     QM/MM Electrostatic Energy:    -0.000532068548    -0.01448    -0.334

  - Molecular orbital energies

  ---------------------------------------------------------------------------------------
    1 -11.244065273929   45   0.212227885950   89   1.052524436067  133   2.736226369742
    2 -11.243458167487   46   0.220345559711   90   1.106226599276  134   2.742113030248
    3 -11.243443621734   47   0.220452271059   91   1.116244212784  135   2.742127442620
    4 -11.242210186140   48   0.245252106180   92   1.116273030188  136   2.810257053727
    5 -11.242182907373   49   0.245261033538   93   1.128990773081  137   2.810272080939
    6 -11.241551342459   50   0.281593380497   94   1.161303710488  138   2.961327581593
    7  -1.162621598959   51   0.281606729704   95   1.211704626791  139   2.961332851711
    8  -1.025128616888   52   0.298190513129   96   1.211715091341  140   2.982262297519
    9  -1.025117140607   53   0.326006327525   97   1.243948044353  141   2.994618252523
   10  -0.832998047518   54   0.327744438782   98   1.318246166705  142   3.016088118621
   11  -0.832996910299   55   0.364477506640   99   1.318261161706  143   3.016112501044
   12  -0.719242159821   56   0.402378585783  100   1.387260648226  144   3.040676161772
   13  -0.649867322513   57   0.402452718438  101   1.387271280661  145   3.040711856030
   14  -0.629941572378   58   0.425156606718  102   1.517995019293  146   3.053210913082
   15  -0.596935769227   59   0.425180689812  103   1.546218712362  147   3.082244778447
   16  -0.596921864351   60   0.434973670160  104   1.706745954146  148   3.185987949659
   17  -0.511479059265   61   0.493217423956  105   1.783390849838  149   3.186004373347
   18  -0.502755113202   62   0.493238600533  106   1.783397626236  150   3.266340013431
   19  -0.502741367412   63   0.504642971379  107   1.792987371473  151   3.288171826980
   20  -0.345151794983   64   0.504668759889  108   1.821640350606  152   3.288180825207
   21  -0.345130644708   65   0.596709284748  109   1.840788755964  153   3.329472713515
   22   0.036037181453   66   0.603880310246  110   1.840792826438  154   3.329498812515
   23   0.043501487769   67   0.707284889970  111   1.904780596596  155   3.479924985787
   24   0.043576488103   68   0.715606213032  112   1.904791352938  156   3.554056256169
   25   0.061273921341   69   0.715649108872  113   1.929375406391  157   3.779703403275
   26   0.061309874041   70   0.725622856061  114   1.929403763133  158   3.779711748247
   27   0.083556516649   71   0.745061914315  115   1.982556146317  159   3.906814385873
   28   0.103224689075   72   0.745066456878  116   2.048048749757  160   3.906834763675
   29   0.103242104632   73   0.748325170939  117   2.048066966786  161   3.920026582288
   30   0.120288522157   74   0.749306182197  118   2.100603536501  162   4.089271941255
   31   0.144745306812   75   0.749355388433  119   2.100621944052  163   4.400275917862
   32   0.144906184294   76   0.789454610309  120   2.125685349308  164   4.400293307969
   33   0.150300128752   77   0.812783438931  121   2.233905076599  165   4.494373550922
   34   0.156992149225   78   0.812795870152  122   2.235377260779  166   4.567371499846
   35   0.175749140951   79   0.880364587569  123   2.235380754254  167   4.567380355575
   36   0.175758592300   80   0.934344026367  124   2.244624351814  168   5.280160350645
   37   0.177501646397   81   0.934350054172  125   2.244627313455  169  24.738218059025
   38   0.177673511463   82   0.947122386111  126   2.293095602965  170  25.139618576106
   39   0.185641639568   83   0.947137163105  127   2.344171782363  171  25.139625185554
   40   0.202905979491   84   0.967906716007  128   2.344175152229  172  25.269880916093
   41   0.206732631476   85   1.009383144931  129   2.374118013999  173  25.269894369572
   42   0.206789527680   86   1.009408320446  130   2.374143402428  174  25.383567630920
   43   0.209757372381   87   1.010316495669  131   2.637021487931
   44   0.209790914278   88   1.052499326815  132   2.664871568139
  ---------------------------------------------------------------------------------------

  - Timings for the RHF ground state calculation

     Total wall time (sec):              7.81600
     Total cpu time (sec):             412.99841

  eT terminated successfully!
