
  Preparation of molecular system (Libint)
  wall time (sec):                 0.00
  cpu time (sec):                  0.00
  cpu/wall ratio:                  1.70

  Preparation of molecular system (total)
  wall time (sec):                 0.09
  cpu time (sec):                  0.43
  cpu/wall ratio:                  4.70

  Cholesky decomposition of AO overlap
  wall time (sec):                 0.13
  cpu time (sec):                  5.25
  cpu/wall ratio:                 39.15


  :: Hartree-Fock engine
  =========================


  1) Generate initial SAD density

  SAD generation time
  wall time (sec):                 0.25
  cpu time (sec):                 11.33
  cpu/wall ratio:                 45.67


  2) Calculation of reference state (SCF-DIIS algorithm)

  AO Fock construction
  wall time (sec):                 0.20
  cpu time (sec):                 11.04
  cpu/wall ratio:                 54.64

  AO Fock construction
  wall time (sec):                 0.61
  cpu time (sec):                 33.62
  cpu/wall ratio:                 55.20

  AO Fock construction
  wall time (sec):                 0.59
  cpu time (sec):                 32.62
  cpu/wall ratio:                 55.20

  SCF DIIS iteration time
  wall time (sec):                 0.85
  cpu time (sec):                 45.18
  cpu/wall ratio:                 53.09

  AO Fock construction
  wall time (sec):                 0.65
  cpu time (sec):                 36.19
  cpu/wall ratio:                 55.25

  SCF DIIS iteration time
  wall time (sec):                 0.80
  cpu time (sec):                 42.77
  cpu/wall ratio:                 53.67

  AO Fock construction
  wall time (sec):                 0.58
  cpu time (sec):                 31.72
  cpu/wall ratio:                 55.07

  SCF DIIS iteration time
  wall time (sec):                 0.74
  cpu time (sec):                 39.59
  cpu/wall ratio:                 53.43

  AO Fock construction
  wall time (sec):                 0.57
  cpu time (sec):                 31.24
  cpu/wall ratio:                 55.19

  SCF DIIS iteration time
  wall time (sec):                 0.68
  cpu time (sec):                 36.40
  cpu/wall ratio:                 53.45

  AO Fock construction
  wall time (sec):                 0.50
  cpu time (sec):                 27.74
  cpu/wall ratio:                 55.25

  SCF DIIS iteration time
  wall time (sec):                 0.79
  cpu time (sec):                 42.30
  cpu/wall ratio:                 53.61

  AO Fock construction
  wall time (sec):                 0.47
  cpu time (sec):                 26.30
  cpu/wall ratio:                 55.37

  SCF DIIS iteration time
  wall time (sec):                 0.61
  cpu time (sec):                 32.93
  cpu/wall ratio:                 53.54

  AO Fock construction
  wall time (sec):                 0.49
  cpu time (sec):                 27.10
  cpu/wall ratio:                 55.30

  SCF DIIS iteration time
  wall time (sec):                 0.64
  cpu time (sec):                 34.11
  cpu/wall ratio:                 53.47

  AO Fock construction
  wall time (sec):                 0.44
  cpu time (sec):                 24.27
  cpu/wall ratio:                 55.30

  SCF DIIS iteration time
  wall time (sec):                 0.58
  cpu time (sec):                 30.72
  cpu/wall ratio:                 53.25

  SCF DIIS iteration time
  wall time (sec):                 0.00
  cpu time (sec):                  0.06
  cpu/wall ratio:                 56.30

  SCF DIIS solver time
  wall time (sec):                 6.78
  cpu time (sec):                361.76
  cpu/wall ratio:                 53.39

  Hartree-Fock engine
  wall time (sec):                 7.03
  cpu time (sec):                373.20
  cpu/wall ratio:                 53.12


  :: Total time
  ================

  Total time in eT
  wall time (sec):                 7.36
  cpu time (sec):                381.79
  cpu/wall ratio:                 51.88
