


                     eT - an electronic structure program

  ------------------------------------------------------------------------
   Author list in alphabetical order:
  ------------------------------------------------------------------------
   J. H. Andersen, A. Balbi, S. Coriani, S. D. Folkestad, T. Giovannini, 
   L. Goletto, T. S. Haugland, A. Hutcheson, I-M. Høyvik, E. F. Kjønstad, 
   H. Koch, T. Moitra, R. H. Myhre, A. C. Paul, M. Scavino, A. Skeidsvoll, 
   Å. H. Tveten
  ------------------------------------------------------------------------


  :: Input file
  ================

     Note: geometry section is excluded from this print

     system
        name: benzene scan 2.75
        charge: 0
     end system

     do
       ground state
     end do

     memory
        available: 8
     end memory

     solver scf
        algorithm: scf-diis
     end solver scf

     molecular mechanics
        forcefield: non-polarizable
     end molecular mechanics

     method
        hf
     end method


  Running on 56 OMP thread(s)
  Memory available for calculation: 8.000000 GB


  :: Molecular system specifications (QM)
  ==========================================

     Name:             benzene scan 2.75
     Charge:           0
     Multiplicity:     1
     Coordinate units: angstrom

     Pure basis functions:        174
     Cartesian basis functions:   180
     Primitive basis functions:   270

     Nuclear repulsion energy (a.u.):            204.234616969248
     Bohr/angstrom value (CODATA 2010):            0.529177210920

     ==============================================================================
                                     Geometry (angstrom)
     ==============================================================================
        Atom           X                  Y                  Z         # in input
     ==============================================================================
        Basis: 6-311++g**
        1 C     -2.282182000000     0.094329000000    -0.000183000000        1
        2 C     -0.893220000000     0.094263000000     0.000431000000        2
        3 C     -0.198699000000     1.297110000000     0.000040000000        3
        4 C     -0.893125000000     2.500009000000    -0.000978000000        4
        5 C     -2.282088000000     2.500067000000    -0.001601000000        5
        6 C     -2.976633000000     1.297226000000    -0.001196000000        6
        7 H     -2.824040000000    -0.844049000000     0.000125000000        7
        8 H     -0.351527000000    -0.844201000000     0.001214000000        8
        9 H      0.884886000000     1.297069000000     0.000516000000        9
       10 H     -0.351327000000     3.438411000000    -0.001306000000       10
       11 H     -2.823832000000     3.438507000000    -0.002402000000       11
       12 H     -4.060212000000     1.297260000000    -0.001659000000       12
     ==============================================================================

     ==============================================================================
                                     Geometry (a.u.)
     ==============================================================================
        Atom           X                  Y                  Z         # in input
     ==============================================================================
        Basis: 6-311++g**
        1 C     -4.312698946412     0.178255975604    -0.000345819881        1
        2 C     -1.687941168984     0.178131253680     0.000814471960        2
        3 C     -0.375486691225     2.451182653435     0.000075589045        3
        4 C     -1.687761645002     4.724332318948    -0.001848152150        4
        5 C     -4.312521312156     4.724441923063    -0.003025451525        5
        6 C     -5.625021143342     2.451401861665    -0.002260112445        6
        7 H     -5.336662164817    -1.595021445713     0.000236215766        7
        8 H     -0.664289755390    -1.595308684084     0.002294127515        8
        9 H      1.672192191462     2.451105174663     0.000975098680        9
       10 H     -0.663911810165     6.497655093692    -0.002467982319       10
       11 H     -5.336269101783     6.497836507400    -0.004539122151       11
       12 H     -7.672688687673     2.451466112353    -0.003135055641       12
     ==============================================================================


  :: Molecular system specifications (MM)
  ==========================================

     Force Field:  non-polarizable

     Number of MM atoms:                   2
     Number of MM molecules:               1

    ====================================================================
                        MM Geometry (Å) and Parameters
    ====================================================================
    Atom    Mol             X          Y          Z            Charge
    ====================================================================
      H       1        -2.280966   0.092724  -2.750182        1.000000
      H       1        -2.280524   0.092141  -3.750182       -1.000000
    ====================================================================


  :: RHF wavefunction
  ======================

  This is a QM/MM calculation

     Electrostatic Embedding:

     Each atom of the MM portion is endowed with a charge which value 
     is a fixed external parameter.

     The QM/MM electrostatic interaction energy is defined as:

        E^ele_QM/MM = sum_i q_i * V_i(P)

     where V_i(P) is the electrostatic potential due to the QM density 
     calculated at the position of the i-th charge q_i.

     For further details, see:
     Senn & Thiel, Angew. Chem. Int. Ed., 2009, 48, 1198−1229


  - Cholesky decomposition of AO overlap to get linearly independent orbitals:

  - Orbital details:

     Number of occupied orbitals:        21
     Number of virtual orbitals:        153
     Number of molecular orbitals:      174
     Number of atomic orbitals:         174


  :: Hartree-Fock engine
  =========================

  Drives the calculation of the Hartree-Fock state.

  This is a RHF ground state calculation.
  The following tasks will be performed:

     1) Generate initial SAD density
     2) Calculation of reference state (SCF-DIIS algorithm)


  1) Generate initial SAD density


  2) Calculation of reference state (SCF-DIIS algorithm)

   - Self-consistent field DIIS Hartree-Fock solver
  ----------------------------------------------------

  A DIIS-accelerated Roothan-Hall self-consistent field solver. A least-square 
  DIIS fit is performed on the previous Fock matrices and associated gradients. 
  Following the Roothan-Hall update of the density, the DIIS-fitted Fock 
  matrix is used to get the next orbital coefficients.

  - Hartree-Fock solver settings:

     DIIS dimension:                         8
     Cumulative Fock threshold:       0.10E+01

     Energy threshold:              0.1000E-05
     Gradient threshold:            0.1000E-05

     Coulomb screening threshold:   0.1000E-11
     Exchange screening threshold:  0.1000E-09
     Fock precision:                0.1000E-23
     Integral cutoff:               0.1000E-11

  - Setting initial AO density to SAD

     Energy of initial guess:              -234.212193636417
     Number of electrons in guess:           42.000000000000

  Iteration       Energy (a.u.)      Max(grad.)    Delta E (a.u.)
  ---------------------------------------------------------------
     1          -231.205404234621     0.4619E-01     0.2312E+03
     2          -231.286135755496     0.1896E-01     0.8073E-01
     3          -231.296340561358     0.6454E-02     0.1020E-01
     4          -231.297695707015     0.1046E-02     0.1355E-02
     5          -231.297721853008     0.4139E-03     0.2615E-04
     6          -231.297726827858     0.5532E-04     0.4975E-05
     7          -231.297727118231     0.1919E-04     0.2904E-06
     8          -231.297727169337     0.1053E-04     0.5111E-07
     9          -231.297727183156     0.4315E-05     0.1382E-07
    10          -231.297727185682     0.1591E-05     0.2526E-08
    11          -231.297727185746     0.4972E-06     0.6330E-10
  ---------------------------------------------------------------
  Convergence criterion met in 11 iterations!

  - Summary of RHF wavefunction energetics (a.u.):

     HOMO-LUMO gap:                  0.397368781479
     Nuclear repulsion energy:     205.079479549492
     Electronic energy:           -436.377206735238
     Total energy:                -231.297727185746

  - Summary of QM/MM energetics:
                                         a.u.             eV     kcal/mol
     QM/MM SCF Contribution:        -1.391059107549
     QM/MM Electrostatic Energy:    -0.017019458007    -0.46312   -10.680

  - Molecular orbital energies

  ---------------------------------------------------------------------------------------
    1 -11.269250921325   45   0.201217404897   89   1.034910309849  133   2.716270488386
    2 -11.268122736843   46   0.206129341630   90   1.084309194212  134   2.719812627320
    3 -11.267449928412   47   0.206466662978   91   1.093436982162  135   2.720485153223
    4 -11.264996223805   48   0.239366873367   92   1.095127991205  136   2.789544457889
    5 -11.263464304668   49   0.239400972126   93   1.108899853192  137   2.790624473773
    6 -11.262960283306   50   0.268041070711   94   1.138412585414  138   2.939608091935
    7  -1.187333193221   51   0.269690754033   95   1.186109450495  139   2.940084135975
    8  -1.049481929000   52   0.293806539541   96   1.186271992434  140   2.962228750157
    9  -1.048103639938   53   0.312228924703   97   1.219599180860  141   2.971991503030
   10  -0.855696023705   54   0.318640093153   98   1.294256427809  142   2.995202310436
   11  -0.855466347842   55   0.343499201692   99   1.296186677097  143   2.996948901630
   12  -0.741517225892   56   0.387921159312  100   1.364419274593  144   3.020446679894
   13  -0.670611845917   57   0.389627695249  101   1.364621243996  145   3.022508581699
   14  -0.653170862425   58   0.410744459102  102   1.492786655748  146   3.029008014176
   15  -0.619510089466   59   0.411243832034  103   1.523661985205  147   3.063035837338
   16  -0.618442645751   60   0.423702391751  104   1.684759335782  148   3.161268486453
   17  -0.537995056882   61   0.475574908506  105   1.761393429961  149   3.162647873543
   18  -0.524649043429   62   0.476305244903  106   1.762476499093  150   3.244944734660
   19  -0.524098604820   63   0.487289306040  107   1.769715494295  151   3.263165652764
   20  -0.372786795431   64   0.487454104402  108   1.799414716108  152   3.264579472856
   21  -0.368294857529   65   0.578022112554  109   1.818139187415  153   3.307010962945
   22   0.029073923949   66   0.587213546810  110   1.818411605951  154   3.307633069332
   23   0.039721939845   67   0.679080816941  111   1.883613728296  155   3.455123582530
   24   0.041051655908   68   0.693279970470  112   1.884649609944  156   3.530702921544
   25   0.058505939212   69   0.696169421415  113   1.907217031757  157   3.755739232105
   26   0.058805807677   70   0.705053614722  114   1.907760691017  158   3.756207782965
   27   0.065659744442   71   0.722520062850  115   1.961653069512  159   3.882693170572
   28   0.081895997194   72   0.724546408992  116   2.026144297863  160   3.884190934149
   29   0.083778800558   73   0.727112341720  117   2.027671554723  161   3.897487378911
   30   0.088604102992   74   0.728826695611  118   2.079372871073  162   4.066621598199
   31   0.123983128719   75   0.730106715118  119   2.080122451278  163   4.377196235347
   32   0.135768576172   76   0.763563990093  120   2.105907674683  164   4.378413030404
   33   0.137348086952   77   0.788800408898  121   2.211040034132  165   4.471783840758
   34   0.147992658704   78   0.791200509602  122   2.211615267630  166   4.543965368332
   35   0.167880688604   79   0.858714129425  123   2.214468452533  167   4.544011082423
   36   0.168315636126   80   0.914246046175  124   2.221814967495  168   5.255896313820
   37   0.169942032183   81   0.915015781293  125   2.222901142201  169  24.715047730663
   38   0.171078902315   82   0.926430567688  126   2.271948996220  170  25.116126491447
   39   0.177828603206   83   0.927162180272  127   2.321257892769  171  25.116588162000
   40   0.192808512472   84   0.946335324696  128   2.321571354811  172  25.246323543685
   41   0.197935636062   85   0.983601761514  129   2.350909898230  173  25.246928052773
   42   0.198921780137   86   0.988067974463  130   2.352113130446  174  25.360351553968
   43   0.199325466943   87   0.993391389194  131   2.614490069754
   44   0.200638854615   88   1.032907298081  132   2.641202642909
  ---------------------------------------------------------------------------------------

  - Timings for the RHF ground state calculation

     Total wall time (sec):              8.87400
     Total cpu time (sec):             471.43164

  eT terminated successfully!
