
  Preparation of molecular system (Libint)
  wall time (sec):                 0.00
  cpu time (sec):                  0.00
  cpu/wall ratio:                  0.89

  Preparation of molecular system (total)
  wall time (sec):                 0.09
  cpu time (sec):                  0.52
  cpu/wall ratio:                  5.58

  Cholesky decomposition of AO overlap
  wall time (sec):                 0.13
  cpu time (sec):                  4.95
  cpu/wall ratio:                 38.64


  :: Hartree-Fock engine
  =========================


  1) Generate initial SAD density

  SAD generation time
  wall time (sec):                 0.18
  cpu time (sec):                  7.47
  cpu/wall ratio:                 41.04


  2) Calculation of reference state (SCF-DIIS algorithm)

  AO Fock construction
  wall time (sec):                 0.20
  cpu time (sec):                 10.84
  cpu/wall ratio:                 54.45

  AO Fock construction
  wall time (sec):                 0.61
  cpu time (sec):                 33.55
  cpu/wall ratio:                 55.27

  AO Fock construction
  wall time (sec):                 0.56
  cpu time (sec):                 30.75
  cpu/wall ratio:                 55.31

  SCF DIIS iteration time
  wall time (sec):                 0.76
  cpu time (sec):                 39.99
  cpu/wall ratio:                 52.48

  AO Fock construction
  wall time (sec):                 0.54
  cpu time (sec):                 29.99
  cpu/wall ratio:                 55.43

  SCF DIIS iteration time
  wall time (sec):                 0.82
  cpu time (sec):                 43.77
  cpu/wall ratio:                 53.70

  AO Fock construction
  wall time (sec):                 0.66
  cpu time (sec):                 36.38
  cpu/wall ratio:                 54.88

  SCF DIIS iteration time
  wall time (sec):                 0.90
  cpu time (sec):                 48.42
  cpu/wall ratio:                 53.56

  AO Fock construction
  wall time (sec):                 0.50
  cpu time (sec):                 27.58
  cpu/wall ratio:                 55.38

  SCF DIIS iteration time
  wall time (sec):                 0.72
  cpu time (sec):                 38.93
  cpu/wall ratio:                 53.76

  AO Fock construction
  wall time (sec):                 0.56
  cpu time (sec):                 30.75
  cpu/wall ratio:                 55.30

  SCF DIIS iteration time
  wall time (sec):                 0.72
  cpu time (sec):                 38.42
  cpu/wall ratio:                 53.65

  AO Fock construction
  wall time (sec):                 0.47
  cpu time (sec):                 25.74
  cpu/wall ratio:                 55.23

  SCF DIIS iteration time
  wall time (sec):                 0.70
  cpu time (sec):                 37.20
  cpu/wall ratio:                 53.37

  AO Fock construction
  wall time (sec):                 0.56
  cpu time (sec):                 30.76
  cpu/wall ratio:                 55.12

  SCF DIIS iteration time
  wall time (sec):                 0.87
  cpu time (sec):                 47.06
  cpu/wall ratio:                 53.84

  SCF DIIS iteration time
  wall time (sec):                 0.00
  cpu time (sec):                  0.11
  cpu/wall ratio:                 54.67

  SCF DIIS solver time
  wall time (sec):                 6.68
  cpu time (sec):                357.17
  cpu/wall ratio:                 53.46

  Hartree-Fock engine
  wall time (sec):                 6.86
  cpu time (sec):                364.64
  cpu/wall ratio:                 53.12


  :: Total time
  ================

  Total time in eT
  wall time (sec):                 7.15
  cpu time (sec):                373.05
  cpu/wall ratio:                 52.19
