
  Preparation of molecular system (Libint)
  wall time (sec):                 0.00
  cpu time (sec):                  0.00
  cpu/wall ratio:                  1.40

  Preparation of molecular system (total)
  wall time (sec):                 0.09
  cpu time (sec):                  0.45
  cpu/wall ratio:                  4.84

  Cholesky decomposition of AO overlap
  wall time (sec):                 0.10
  cpu time (sec):                  3.71
  cpu/wall ratio:                 35.37


  :: Hartree-Fock engine
  =========================


  1) Generate initial SAD density

  SAD generation time
  wall time (sec):                 0.24
  cpu time (sec):                 10.77
  cpu/wall ratio:                 44.12


  2) Calculation of reference state (SCF-DIIS algorithm)

  AO Fock construction
  wall time (sec):                 0.20
  cpu time (sec):                 10.79
  cpu/wall ratio:                 54.78

  AO Fock construction
  wall time (sec):                 0.62
  cpu time (sec):                 34.11
  cpu/wall ratio:                 55.20

  AO Fock construction
  wall time (sec):                 0.57
  cpu time (sec):                 31.73
  cpu/wall ratio:                 55.28

  SCF DIIS iteration time
  wall time (sec):                 0.81
  cpu time (sec):                 42.41
  cpu/wall ratio:                 52.29

  AO Fock construction
  wall time (sec):                 0.52
  cpu time (sec):                 28.87
  cpu/wall ratio:                 55.40

  SCF DIIS iteration time
  wall time (sec):                 0.72
  cpu time (sec):                 38.72
  cpu/wall ratio:                 53.41

  AO Fock construction
  wall time (sec):                 0.60
  cpu time (sec):                 33.12
  cpu/wall ratio:                 55.10

  SCF DIIS iteration time
  wall time (sec):                 0.81
  cpu time (sec):                 43.44
  cpu/wall ratio:                 53.63

  AO Fock construction
  wall time (sec):                 0.51
  cpu time (sec):                 28.23
  cpu/wall ratio:                 55.35

  SCF DIIS iteration time
  wall time (sec):                 0.69
  cpu time (sec):                 36.78
  cpu/wall ratio:                 53.61

  AO Fock construction
  wall time (sec):                 0.58
  cpu time (sec):                 32.22
  cpu/wall ratio:                 55.17

  SCF DIIS iteration time
  wall time (sec):                 0.74
  cpu time (sec):                 39.68
  cpu/wall ratio:                 53.69

  AO Fock construction
  wall time (sec):                 0.47
  cpu time (sec):                 25.79
  cpu/wall ratio:                 55.34

  SCF DIIS iteration time
  wall time (sec):                 0.75
  cpu time (sec):                 40.14
  cpu/wall ratio:                 53.67

  AO Fock construction
  wall time (sec):                 0.52
  cpu time (sec):                 28.40
  cpu/wall ratio:                 55.05

  SCF DIIS iteration time
  wall time (sec):                 0.65
  cpu time (sec):                 34.63
  cpu/wall ratio:                 53.27

  SCF DIIS iteration time
  wall time (sec):                 0.01
  cpu time (sec):                  0.60
  cpu/wall ratio:                 54.98

  SCF DIIS solver time
  wall time (sec):                 6.14
  cpu time (sec):                327.46
  cpu/wall ratio:                 53.33

  Hartree-Fock engine
  wall time (sec):                 6.39
  cpu time (sec):                338.23
  cpu/wall ratio:                 52.97


  :: Total time
  ================

  Total time in eT
  wall time (sec):                 6.63
  cpu time (sec):                344.68
  cpu/wall ratio:                 51.96
