
  Preparation of molecular system (Libint)
  wall time (sec):                 0.00
  cpu time (sec):                  0.00
  cpu/wall ratio:                  0.68

  Preparation of molecular system (total)
  wall time (sec):                 0.09
  cpu time (sec):                  0.21
  cpu/wall ratio:                  2.38

  Cholesky decomposition of AO overlap
  wall time (sec):                 0.07
  cpu time (sec):                  1.91
  cpu/wall ratio:                 25.77


  :: Hartree-Fock engine
  =========================


  1) Generate initial SAD density

  SAD generation time
  wall time (sec):                 0.22
  cpu time (sec):                  9.05
  cpu/wall ratio:                 41.30


  2) Calculation of reference state (SCF-DIIS algorithm)

  AO Fock construction
  wall time (sec):                 0.19
  cpu time (sec):                 10.69
  cpu/wall ratio:                 54.83

  AO Fock construction
  wall time (sec):                 0.66
  cpu time (sec):                 36.50
  cpu/wall ratio:                 55.14

  AO Fock construction
  wall time (sec):                 0.61
  cpu time (sec):                 33.64
  cpu/wall ratio:                 55.15

  SCF DIIS iteration time
  wall time (sec):                 0.83
  cpu time (sec):                 44.08
  cpu/wall ratio:                 53.30

  AO Fock construction
  wall time (sec):                 0.61
  cpu time (sec):                 33.79
  cpu/wall ratio:                 55.31

  SCF DIIS iteration time
  wall time (sec):                 0.87
  cpu time (sec):                 46.47
  cpu/wall ratio:                 53.66

  AO Fock construction
  wall time (sec):                 0.61
  cpu time (sec):                 33.69
  cpu/wall ratio:                 55.32

  SCF DIIS iteration time
  wall time (sec):                 0.80
  cpu time (sec):                 43.24
  cpu/wall ratio:                 53.79

  AO Fock construction
  wall time (sec):                 0.57
  cpu time (sec):                 31.51
  cpu/wall ratio:                 55.09

  SCF DIIS iteration time
  wall time (sec):                 0.74
  cpu time (sec):                 39.83
  cpu/wall ratio:                 53.61

  AO Fock construction
  wall time (sec):                 0.51
  cpu time (sec):                 28.32
  cpu/wall ratio:                 55.32

  SCF DIIS iteration time
  wall time (sec):                 0.64
  cpu time (sec):                 34.31
  cpu/wall ratio:                 53.52

  AO Fock construction
  wall time (sec):                 0.53
  cpu time (sec):                 29.02
  cpu/wall ratio:                 55.16

  SCF DIIS iteration time
  wall time (sec):                 0.77
  cpu time (sec):                 41.47
  cpu/wall ratio:                 53.65

  AO Fock construction
  wall time (sec):                 0.49
  cpu time (sec):                 26.85
  cpu/wall ratio:                 55.25

  SCF DIIS iteration time
  wall time (sec):                 0.58
  cpu time (sec):                 30.67
  cpu/wall ratio:                 53.34

  SCF DIIS iteration time
  wall time (sec):                 0.00
  cpu time (sec):                  0.11
  cpu/wall ratio:                 55.55

  SCF DIIS solver time
  wall time (sec):                 6.47
  cpu time (sec):                346.43
  cpu/wall ratio:                 53.55

  Hartree-Fock engine
  wall time (sec):                 6.69
  cpu time (sec):                355.48
  cpu/wall ratio:                 53.14


  :: Total time
  ================

  Total time in eT
  wall time (sec):                 6.91
  cpu time (sec):                360.06
  cpu/wall ratio:                 52.09
