


                     eT - an electronic structure program

  ------------------------------------------------------------------------
   Author list in alphabetical order:
  ------------------------------------------------------------------------
   J. H. Andersen, A. Balbi, S. Coriani, S. D. Folkestad, T. Giovannini, 
   L. Goletto, T. S. Haugland, A. Hutcheson, I-M. Høyvik, E. F. Kjønstad, 
   H. Koch, T. Moitra, R. H. Myhre, A. C. Paul, M. Scavino, A. Skeidsvoll, 
   Å. H. Tveten
  ------------------------------------------------------------------------


  :: Input file
  ================

     Note: geometry section is excluded from this print

     system
        name: benzene scan 3.75
        charge: 0
     end system

     do
       ground state
     end do

     memory
        available: 8
     end memory

     solver scf
        algorithm: scf-diis
     end solver scf

     molecular mechanics
        forcefield: non-polarizable
     end molecular mechanics

     method
        hf
     end method


  Running on 56 OMP thread(s)
  Memory available for calculation: 8.000000 GB


  :: Molecular system specifications (QM)
  ==========================================

     Name:             benzene scan 3.75
     Charge:           0
     Multiplicity:     1
     Coordinate units: angstrom

     Pure basis functions:        174
     Cartesian basis functions:   180
     Primitive basis functions:   270

     Nuclear repulsion energy (a.u.):            204.234616969248
     Bohr/angstrom value (CODATA 2010):            0.529177210920

     ==============================================================================
                                     Geometry (angstrom)
     ==============================================================================
        Atom           X                  Y                  Z         # in input
     ==============================================================================
        Basis: 6-311++g**
        1 C     -2.282182000000     0.094329000000    -0.000183000000        1
        2 C     -0.893220000000     0.094263000000     0.000431000000        2
        3 C     -0.198699000000     1.297110000000     0.000040000000        3
        4 C     -0.893125000000     2.500009000000    -0.000978000000        4
        5 C     -2.282088000000     2.500067000000    -0.001601000000        5
        6 C     -2.976633000000     1.297226000000    -0.001196000000        6
        7 H     -2.824040000000    -0.844049000000     0.000125000000        7
        8 H     -0.351527000000    -0.844201000000     0.001214000000        8
        9 H      0.884886000000     1.297069000000     0.000516000000        9
       10 H     -0.351327000000     3.438411000000    -0.001306000000       10
       11 H     -2.823832000000     3.438507000000    -0.002402000000       11
       12 H     -4.060212000000     1.297260000000    -0.001659000000       12
     ==============================================================================

     ==============================================================================
                                     Geometry (a.u.)
     ==============================================================================
        Atom           X                  Y                  Z         # in input
     ==============================================================================
        Basis: 6-311++g**
        1 C     -4.312698946412     0.178255975604    -0.000345819881        1
        2 C     -1.687941168984     0.178131253680     0.000814471960        2
        3 C     -0.375486691225     2.451182653435     0.000075589045        3
        4 C     -1.687761645002     4.724332318948    -0.001848152150        4
        5 C     -4.312521312156     4.724441923063    -0.003025451525        5
        6 C     -5.625021143342     2.451401861665    -0.002260112445        6
        7 H     -5.336662164817    -1.595021445713     0.000236215766        7
        8 H     -0.664289755390    -1.595308684084     0.002294127515        8
        9 H      1.672192191462     2.451105174663     0.000975098680        9
       10 H     -0.663911810165     6.497655093692    -0.002467982319       10
       11 H     -5.336269101783     6.497836507400    -0.004539122151       11
       12 H     -7.672688687673     2.451466112353    -0.003135055641       12
     ==============================================================================


  :: Molecular system specifications (MM)
  ==========================================

     Force Field:  non-polarizable

     Number of MM atoms:                   2
     Number of MM molecules:               1

    ====================================================================
                        MM Geometry (Å) and Parameters
    ====================================================================
    Atom    Mol             X          Y          Z            Charge
    ====================================================================
      H       1        -2.280524   0.092141  -3.750182        1.000000
      H       1        -2.280082   0.091558  -4.750182       -1.000000
    ====================================================================


  :: RHF wavefunction
  ======================

  This is a QM/MM calculation

     Electrostatic Embedding:

     Each atom of the MM portion is endowed with a charge which value 
     is a fixed external parameter.

     The QM/MM electrostatic interaction energy is defined as:

        E^ele_QM/MM = sum_i q_i * V_i(P)

     where V_i(P) is the electrostatic potential due to the QM density 
     calculated at the position of the i-th charge q_i.

     For further details, see:
     Senn & Thiel, Angew. Chem. Int. Ed., 2009, 48, 1198−1229


  - Cholesky decomposition of AO overlap to get linearly independent orbitals:

  - Orbital details:

     Number of occupied orbitals:        21
     Number of virtual orbitals:        153
     Number of molecular orbitals:      174
     Number of atomic orbitals:         174


  :: Hartree-Fock engine
  =========================

  Drives the calculation of the Hartree-Fock state.

  This is a RHF ground state calculation.
  The following tasks will be performed:

     1) Generate initial SAD density
     2) Calculation of reference state (SCF-DIIS algorithm)


  1) Generate initial SAD density


  2) Calculation of reference state (SCF-DIIS algorithm)

   - Self-consistent field DIIS Hartree-Fock solver
  ----------------------------------------------------

  A DIIS-accelerated Roothan-Hall self-consistent field solver. A least-square 
  DIIS fit is performed on the previous Fock matrices and associated gradients. 
  Following the Roothan-Hall update of the density, the DIIS-fitted Fock 
  matrix is used to get the next orbital coefficients.

  - Hartree-Fock solver settings:

     DIIS dimension:                         8
     Cumulative Fock threshold:       0.10E+01

     Energy threshold:              0.1000E-05
     Gradient threshold:            0.1000E-05

     Coulomb screening threshold:   0.1000E-11
     Exchange screening threshold:  0.1000E-09
     Fock precision:                0.1000E-23
     Integral cutoff:               0.1000E-11

  - Setting initial AO density to SAD

     Energy of initial guess:              -234.212796352158
     Number of electrons in guess:           42.000000000000

  Iteration       Energy (a.u.)      Max(grad.)    Delta E (a.u.)
  ---------------------------------------------------------------
     1          -231.200549817521     0.4515E-01     0.2312E+03
     2          -231.279742870629     0.1845E-01     0.7919E-01
     3          -231.289248122630     0.6205E-02     0.9505E-02
     4          -231.290516636274     0.6448E-03     0.1269E-02
     5          -231.290527250694     0.3469E-03     0.1061E-04
     6          -231.290530255043     0.4084E-04     0.3004E-05
     7          -231.290530364414     0.8976E-05     0.1094E-06
     8          -231.290530369605     0.2019E-05     0.5191E-08
     9          -231.290530370108     0.9763E-06     0.5032E-09
  ---------------------------------------------------------------
  Convergence criterion met in 9 iterations!

  - Summary of RHF wavefunction energetics (a.u.):

     HOMO-LUMO gap:                  0.384726168678
     Nuclear repulsion energy:     204.633229056696
     Electronic energy:           -435.923759426804
     Total energy:                -231.290530370108

  - Summary of QM/MM energetics:
                                         a.u.             eV     kcal/mol
     QM/MM SCF Contribution:        -0.933612464007
     QM/MM Electrostatic Energy:    -0.005823307260    -0.15846    -3.654

  - Molecular orbital energies

  ---------------------------------------------------------------------------------------
    1 -11.258645013900   45   0.203858623454   89   1.040835090347  133   2.723856469495
    2 -11.257482793671   46   0.207182333400   90   1.092864097037  134   2.728867628621
    3 -11.256982045526   47   0.207936115290   91   1.102166646397  135   2.729011293523
    4 -11.256172292177   48   0.240388720191   92   1.103100304348  136   2.797644583985
    5 -11.255440146910   49   0.240444887073   93   1.116643488761  137   2.798108451498
    6 -11.254593811387   50   0.268908556668   94   1.147585635725  138   2.948260934412
    7  -1.177067947505   51   0.269950058373   95   1.196835265661  139   2.948439523933
    8  -1.039317369789   52   0.294364906836   96   1.196904311341  140   2.969841139694
    9  -1.038909046649   53   0.315157392966   97   1.229623628913  141   2.981144002662
   10  -0.846530097020   54   0.317450907010   98   1.304209662375  142   3.003079134864
   11  -0.846456937174   55   0.351446821610   99   1.304797490678  143   3.003926520640
   12  -0.732606217963   56   0.392490157124  100   1.373566912398  144   3.028139900929
   13  -0.662527702593   57   0.393577198262  101   1.373709332551  145   3.028954057902
   14  -0.643720654849   58   0.415827708664  102   1.503486900129  146   3.038626790990
   15  -0.610384517696   59   0.416134346280  103   1.532654181779  147   3.070147328719
   16  -0.609977872944   60   0.427377192416  104   1.693505268998  148   3.171476747989
   17  -0.526637091080   61   0.482185255268  105   1.770143837769  149   3.171981979414
   18  -0.515929570535   62   0.482424274107  106   1.770569953065  150   3.253394211911
   19  -0.515678617972   63   0.493488709476  107   1.778937871669  151   3.273690525572
   20  -0.360413517755   64   0.493745083620  108   1.808430699552  152   3.274054717529
   21  -0.359384271108   65   0.585019310976  109   1.827137927142  153   3.316079350419
   22   0.025341897569   66   0.592637806137  110   1.827245624264  154   3.316333532928
   23   0.039401011073   67   0.688083211093  111   1.891919186999  155   3.465404627039
   24   0.040327055889   68   0.701163074913  112   1.892323874288  156   3.540240526000
   25   0.058305615851   69   0.702508318802  113   1.916092638505  157   3.765634560125
   26   0.058514816657   70   0.713118798342  114   1.916148860258  158   3.765773015412
   27   0.079968235405   71   0.731245787387  115   1.969795542721  159   3.892779021960
   28   0.081896527023   72   0.731936511752  116   2.034894779052  160   3.893225456031
   29   0.090135565294   73   0.734742989409  117   2.035454219763  161   3.906353785876
   30   0.092104085141   74   0.735829487085  118   2.087727787500  162   4.075757969218
   31   0.129340914991   75   0.736852917787  119   2.088010577577  163   4.386644137101
   32   0.134261219423   76   0.772508159339  120   2.113468521664  164   4.387050623051
   33   0.136730716618   77   0.798546981691  121   2.221096746478  165   4.480873746570
   34   0.149841211951   78   0.799183129170  122   2.221272213650  166   4.553454999620
   35   0.168964905017   79   0.867059893403  123   2.221920908581  167   4.553533035197
   36   0.169691800225   80   0.922004502833  124   2.231028158160  168   5.265915175704
   37   0.171644422820   81   0.922287713679  125   2.231335526416  169  24.724495181183
   38   0.172653611569   82   0.934560760411  126   2.280285417155  170  25.125770485533
   39   0.177780700506   83   0.934812140502  127   2.330600966145  171  25.125960893955
   40   0.192316718740   84   0.954691039863  128   2.330633069259  172  25.256024153112
   41   0.199438548265   85   0.994522501665  129   2.360381656356  173  25.256237661259
   42   0.199675877625   86   0.995801013609  130   2.360804399423  174  25.369824291433
   43   0.201664275398   87   0.999304993165  131   2.623524572199
   44   0.202160519884   88   1.040145700724  132   2.650860510420
  ---------------------------------------------------------------------------------------

  - Timings for the RHF ground state calculation

     Total wall time (sec):              7.02900
     Total cpu time (sec):             372.67935

  eT terminated successfully!
