
  Preparation of molecular system (Libint)
  wall time (sec):                 0.00
  cpu time (sec):                  0.00
  cpu/wall ratio:                  0.82

  Preparation of molecular system (total)
  wall time (sec):                 0.11
  cpu time (sec):                  1.40
  cpu/wall ratio:                 12.69

  Cholesky decomposition of AO overlap
  wall time (sec):                 0.10
  cpu time (sec):                  3.49
  cpu/wall ratio:                 34.54


  :: Hartree-Fock engine
  =========================


  1) Generate initial SAD density

  SAD generation time
  wall time (sec):                 0.16
  cpu time (sec):                  6.23
  cpu/wall ratio:                 38.93


  2) Calculation of reference state (SCF-DIIS algorithm)

  AO Fock construction
  wall time (sec):                 0.15
  cpu time (sec):                  8.22
  cpu/wall ratio:                 54.80

  AO Fock construction
  wall time (sec):                 0.60
  cpu time (sec):                 33.43
  cpu/wall ratio:                 55.26

  AO Fock construction
  wall time (sec):                 0.60
  cpu time (sec):                 32.86
  cpu/wall ratio:                 55.04

  SCF DIIS iteration time
  wall time (sec):                 1.04
  cpu time (sec):                 54.52
  cpu/wall ratio:                 52.42

  AO Fock construction
  wall time (sec):                 0.62
  cpu time (sec):                 33.94
  cpu/wall ratio:                 54.48

  SCF DIIS iteration time
  wall time (sec):                 0.98
  cpu time (sec):                 52.21
  cpu/wall ratio:                 53.17

  AO Fock construction
  wall time (sec):                 0.72
  cpu time (sec):                 38.41
  cpu/wall ratio:                 53.56

  SCF DIIS iteration time
  wall time (sec):                 1.18
  cpu time (sec):                 62.41
  cpu/wall ratio:                 52.76

  AO Fock construction
  wall time (sec):                 0.68
  cpu time (sec):                 36.48
  cpu/wall ratio:                 53.96

  SCF DIIS iteration time
  wall time (sec):                 1.14
  cpu time (sec):                 60.69
  cpu/wall ratio:                 53.29

  AO Fock construction
  wall time (sec):                 0.65
  cpu time (sec):                 35.60
  cpu/wall ratio:                 54.43

  SCF DIIS iteration time
  wall time (sec):                 0.89
  cpu time (sec):                 47.18
  cpu/wall ratio:                 53.26

  AO Fock construction
  wall time (sec):                 0.47
  cpu time (sec):                 26.07
  cpu/wall ratio:                 55.35

  SCF DIIS iteration time
  wall time (sec):                 0.65
  cpu time (sec):                 34.51
  cpu/wall ratio:                 53.51

  AO Fock construction
  wall time (sec):                 0.49
  cpu time (sec):                 27.30
  cpu/wall ratio:                 55.26

  SCF DIIS iteration time
  wall time (sec):                 0.83
  cpu time (sec):                 44.57
  cpu/wall ratio:                 53.83

  SCF DIIS iteration time
  wall time (sec):                 0.00
  cpu time (sec):                  0.11
  cpu/wall ratio:                 54.66

  SCF DIIS solver time
  wall time (sec):                 7.66
  cpu time (sec):                406.77
  cpu/wall ratio:                 53.13

  Hartree-Fock engine
  wall time (sec):                 7.82
  cpu time (sec):                413.00
  cpu/wall ratio:                 52.84


  :: Total time
  ================

  Total time in eT
  wall time (sec):                 8.09
  cpu time (sec):                420.75
  cpu/wall ratio:                 52.03
