


                     eT - an electronic structure program

  ------------------------------------------------------------------------
   Author list in alphabetical order:
  ------------------------------------------------------------------------
   J. H. Andersen, A. Balbi, S. Coriani, S. D. Folkestad, T. Giovannini, 
   L. Goletto, T. S. Haugland, A. Hutcheson, I-M. Høyvik, E. F. Kjønstad, 
   H. Koch, T. Moitra, R. H. Myhre, A. C. Paul, M. Scavino, A. Skeidsvoll, 
   Å. H. Tveten
  ------------------------------------------------------------------------


  :: Input file
  ================

     Note: geometry section is excluded from this print

     system
        name: benzene scan 8.75
        charge: 0
     end system

     do
       ground state
     end do

     memory
        available: 8
     end memory

     solver scf
        algorithm: scf-diis
     end solver scf

     molecular mechanics
        forcefield: non-polarizable
     end molecular mechanics

     method
        hf
     end method


  Running on 56 OMP thread(s)
  Memory available for calculation: 8.000000 GB


  :: Molecular system specifications (QM)
  ==========================================

     Name:             benzene scan 8.75
     Charge:           0
     Multiplicity:     1
     Coordinate units: angstrom

     Pure basis functions:        174
     Cartesian basis functions:   180
     Primitive basis functions:   270

     Nuclear repulsion energy (a.u.):            204.234616969248
     Bohr/angstrom value (CODATA 2010):            0.529177210920

     ==============================================================================
                                     Geometry (angstrom)
     ==============================================================================
        Atom           X                  Y                  Z         # in input
     ==============================================================================
        Basis: 6-311++g**
        1 C     -2.282182000000     0.094329000000    -0.000183000000        1
        2 C     -0.893220000000     0.094263000000     0.000431000000        2
        3 C     -0.198699000000     1.297110000000     0.000040000000        3
        4 C     -0.893125000000     2.500009000000    -0.000978000000        4
        5 C     -2.282088000000     2.500067000000    -0.001601000000        5
        6 C     -2.976633000000     1.297226000000    -0.001196000000        6
        7 H     -2.824040000000    -0.844049000000     0.000125000000        7
        8 H     -0.351527000000    -0.844201000000     0.001214000000        8
        9 H      0.884886000000     1.297069000000     0.000516000000        9
       10 H     -0.351327000000     3.438411000000    -0.001306000000       10
       11 H     -2.823832000000     3.438507000000    -0.002402000000       11
       12 H     -4.060212000000     1.297260000000    -0.001659000000       12
     ==============================================================================

     ==============================================================================
                                     Geometry (a.u.)
     ==============================================================================
        Atom           X                  Y                  Z         # in input
     ==============================================================================
        Basis: 6-311++g**
        1 C     -4.312698946412     0.178255975604    -0.000345819881        1
        2 C     -1.687941168984     0.178131253680     0.000814471960        2
        3 C     -0.375486691225     2.451182653435     0.000075589045        3
        4 C     -1.687761645002     4.724332318948    -0.001848152150        4
        5 C     -4.312521312156     4.724441923063    -0.003025451525        5
        6 C     -5.625021143342     2.451401861665    -0.002260112445        6
        7 H     -5.336662164817    -1.595021445713     0.000236215766        7
        8 H     -0.664289755390    -1.595308684084     0.002294127515        8
        9 H      1.672192191462     2.451105174663     0.000975098680        9
       10 H     -0.663911810165     6.497655093692    -0.002467982319       10
       11 H     -5.336269101783     6.497836507400    -0.004539122151       11
       12 H     -7.672688687673     2.451466112353    -0.003135055641       12
     ==============================================================================


  :: Molecular system specifications (MM)
  ==========================================

     Force Field:  non-polarizable

     Number of MM atoms:                   2
     Number of MM molecules:               1

    ====================================================================
                        MM Geometry (Å) and Parameters
    ====================================================================
    Atom    Mol             X          Y          Z            Charge
    ====================================================================
      H       1        -2.278314   0.089224  -8.750180        1.000000
      H       1        -2.277872   0.088640  -9.750180       -1.000000
    ====================================================================


  :: RHF wavefunction
  ======================

  This is a QM/MM calculation

     Electrostatic Embedding:

     Each atom of the MM portion is endowed with a charge which value 
     is a fixed external parameter.

     The QM/MM electrostatic interaction energy is defined as:

        E^ele_QM/MM = sum_i q_i * V_i(P)

     where V_i(P) is the electrostatic potential due to the QM density 
     calculated at the position of the i-th charge q_i.

     For further details, see:
     Senn & Thiel, Angew. Chem. Int. Ed., 2009, 48, 1198−1229


  - Cholesky decomposition of AO overlap to get linearly independent orbitals:

  - Orbital details:

     Number of occupied orbitals:        21
     Number of virtual orbitals:        153
     Number of molecular orbitals:      174
     Number of atomic orbitals:         174


  :: Hartree-Fock engine
  =========================

  Drives the calculation of the Hartree-Fock state.

  This is a RHF ground state calculation.
  The following tasks will be performed:

     1) Generate initial SAD density
     2) Calculation of reference state (SCF-DIIS algorithm)


  1) Generate initial SAD density


  2) Calculation of reference state (SCF-DIIS algorithm)

   - Self-consistent field DIIS Hartree-Fock solver
  ----------------------------------------------------

  A DIIS-accelerated Roothan-Hall self-consistent field solver. A least-square 
  DIIS fit is performed on the previous Fock matrices and associated gradients. 
  Following the Roothan-Hall update of the density, the DIIS-fitted Fock 
  matrix is used to get the next orbital coefficients.

  - Hartree-Fock solver settings:

     DIIS dimension:                         8
     Cumulative Fock threshold:       0.10E+01

     Energy threshold:              0.1000E-05
     Gradient threshold:            0.1000E-05

     Coulomb screening threshold:   0.1000E-11
     Exchange screening threshold:  0.1000E-09
     Fock precision:                0.1000E-23
     Integral cutoff:               0.1000E-11

  - Setting initial AO density to SAD

     Energy of initial guess:              -234.212848027004
     Number of electrons in guess:           42.000000000000

  Iteration       Energy (a.u.)      Max(grad.)    Delta E (a.u.)
  ---------------------------------------------------------------
     1          -231.197482696265     0.4424E-01     0.2312E+03
     2          -231.275686950714     0.1801E-01     0.7820E-01
     3          -231.284804780869     0.6241E-02     0.9118E-02
     4          -231.286044577593     0.3642E-03     0.1240E-02
     5          -231.286053512177     0.7325E-04     0.8935E-05
     6          -231.286053725276     0.3183E-04     0.2131E-06
     7          -231.286053755003     0.5092E-05     0.2973E-07
     8          -231.286053756275     0.8085E-06     0.1272E-08
  ---------------------------------------------------------------
  Convergence criterion met in 8 iterations!

  - Summary of RHF wavefunction energetics (a.u.):

     HOMO-LUMO gap:                  0.380871855382
     Nuclear repulsion energy:     203.947392296368
     Electronic energy:           -435.233446052643
     Total energy:                -231.286053756275

  - Summary of QM/MM energetics:
                                         a.u.             eV     kcal/mol
     QM/MM SCF Contribution:        -0.242302285830
     QM/MM Electrostatic Energy:    -0.000349889720    -0.00952    -0.220

  - Molecular orbital energies

  ---------------------------------------------------------------------------------------
    1 -11.242760544242   45   0.212973871920   89   1.053754206473  133   2.737459789156
    2 -11.242164300450   46   0.221936679664   90   1.107518895456  134   2.743381164073
    3 -11.242158272695   47   0.221986682745   91   1.117551324160  135   2.743397168862
    4 -11.240907503548   48   0.246060640499   92   1.117566666439  136   2.811496502531
    5 -11.240894774789   49   0.246065908223   93   1.130222568105  137   2.811502247481
    6 -11.240269797966   50   0.283005682489   94   1.162601353979  138   2.962590125391
    7  -1.161296638926   51   0.283011156407   95   1.213051231949  139   2.962591939911
    8  -1.023818791038   52   0.298908547498   96   1.213058102516  140   2.983497974537
    9  -1.023813095538   53   0.327299397031   97   1.245271155078  141   2.995903712664
   10  -0.831712399264   54   0.329089606842   98   1.319548777103  142   3.017340856918
   11  -0.831710453188   55   0.365765122165   99   1.319555125893  143   3.017352788677
   12  -0.717963291363   56   0.403510714501  100   1.388556807056  144   3.041916805075
   13  -0.648617948491   57   0.403548964391  101   1.388563722118  145   3.041938305960
   14  -0.628643908142   58   0.426220863718  102   1.519323044565  146   3.054550982698
   15  -0.595658642629   59   0.426232822761  103   1.547511316686  147   3.083479689768
   16  -0.595652327106   60   0.435930521412  104   1.708020817248  148   3.187316723865
   17  -0.510122826606   61   0.494381045138  105   1.784655732736  149   3.187326711525
   18  -0.501486919550   62   0.494394879389  106   1.784661998953  150   3.267600033395
   19  -0.501478903519   63   0.505829241730  107   1.794302156105  151   3.289498439186
   20  -0.343802797420   64   0.505842547333  108   1.822914435292  152   3.289503126899
   21  -0.343792593503   65   0.597913573132  109   1.842088391660  153   3.330747015130
   22   0.037079261878   66   0.605104727721  110   1.842089681471  154   3.330768465009
   23   0.044326307515   67   0.708790304818  111   1.906033293383  155   3.481257054083
   24   0.044373716380   68   0.716948334384  112   1.906037537507  156   3.555353787648
   25   0.061976041807   69   0.716970970467  113   1.930653410074  157   3.781010968144
   26   0.061997907557   70   0.726855734078  114   1.930680287742  158   3.781018125091
   27   0.084133716593   71   0.746351947740  115   1.983808723708  159   3.908112959435
   28   0.104554638718   72   0.746354311323  116   2.049313593162  160   3.908128175061
   29   0.104562738498   73   0.749516088727  117   2.049321371112  161   3.921323446219
   30   0.122246370478   74   0.750718682041  118   2.101857748669  162   4.090555823165
   31   0.146299611355   75   0.750742640758  119   2.101870989917  163   4.401560692632
   32   0.146376025269   76   0.790916018866  120   2.126912948821  164   4.401571442770
   33   0.151798573581   77   0.814127234556  121   2.235118190679  165   4.495658472986
   34   0.157971994314   78   0.814133226683  122   2.236693986242  166   4.568673925924
   35   0.176655601484   79   0.881669252345  123   2.236699318010  167   4.568681292287
   36   0.176656968071   80   0.935567519772  124   2.245910987393  168   5.281477708919
   37   0.178453375238   81   0.935570381470  125   2.245912231687  169  24.739510430497
   38   0.178546256299   82   0.948361775367  126   2.294349840309  170  25.140912840835
   39   0.186795678945   83   0.948371957815  127   2.345458009063  171  25.140918601897
   40   0.204086458332   84   0.969169918814  128   2.345461694736  172  25.271176211654
   41   0.207619601864   85   1.010702975148  129   2.375408785721  173  25.271186729782
   42   0.207653432198   86   1.010716665685  130   2.375427091814  174  25.384861236300
   43   0.211020381955   87   1.011487408143  131   2.638307967567
   44   0.211033850329   88   1.053740828694  132   2.666182110819
  ---------------------------------------------------------------------------------------

  - Timings for the RHF ground state calculation

     Total wall time (sec):              6.86400
     Total cpu time (sec):             364.63559

  eT terminated successfully!
