
  Preparation of molecular system (Libint)
  wall time (sec):                 0.00
  cpu time (sec):                  0.00
  cpu/wall ratio:                  0.73

  Preparation of molecular system (total)
  wall time (sec):                 0.11
  cpu time (sec):                  1.47
  cpu/wall ratio:                 13.17

  Cholesky decomposition of AO overlap
  wall time (sec):                 0.15
  cpu time (sec):                  6.31
  cpu/wall ratio:                 40.98


  :: Hartree-Fock engine
  =========================


  1) Generate initial SAD density

  SAD generation time
  wall time (sec):                 0.31
  cpu time (sec):                 14.06
  cpu/wall ratio:                 44.91


  2) Calculation of reference state (SCF-DIIS algorithm)

  AO Fock construction
  wall time (sec):                 0.20
  cpu time (sec):                 10.86
  cpu/wall ratio:                 54.56

  AO Fock construction
  wall time (sec):                 0.62
  cpu time (sec):                 34.06
  cpu/wall ratio:                 55.30

  AO Fock construction
  wall time (sec):                 0.60
  cpu time (sec):                 33.29
  cpu/wall ratio:                 55.20

  SCF DIIS iteration time
  wall time (sec):                 0.76
  cpu time (sec):                 40.31
  cpu/wall ratio:                 53.32

  AO Fock construction
  wall time (sec):                 0.60
  cpu time (sec):                 33.13
  cpu/wall ratio:                 55.30

  SCF DIIS iteration time
  wall time (sec):                 0.73
  cpu time (sec):                 39.31
  cpu/wall ratio:                 53.56

  AO Fock construction
  wall time (sec):                 0.54
  cpu time (sec):                 30.02
  cpu/wall ratio:                 55.38

  SCF DIIS iteration time
  wall time (sec):                 0.78
  cpu time (sec):                 42.08
  cpu/wall ratio:                 53.81

  AO Fock construction
  wall time (sec):                 0.67
  cpu time (sec):                 36.26
  cpu/wall ratio:                 53.88

  SCF DIIS iteration time
  wall time (sec):                 0.81
  cpu time (sec):                 42.94
  cpu/wall ratio:                 52.75

  AO Fock construction
  wall time (sec):                 0.53
  cpu time (sec):                 29.30
  cpu/wall ratio:                 55.28

  SCF DIIS iteration time
  wall time (sec):                 0.68
  cpu time (sec):                 36.39
  cpu/wall ratio:                 53.68

  AO Fock construction
  wall time (sec):                 0.47
  cpu time (sec):                 26.08
  cpu/wall ratio:                 55.37

  SCF DIIS iteration time
  wall time (sec):                 0.56
  cpu time (sec):                 29.97
  cpu/wall ratio:                 53.51

  AO Fock construction
  wall time (sec):                 0.44
  cpu time (sec):                 24.10
  cpu/wall ratio:                 55.28

  SCF DIIS iteration time
  wall time (sec):                 0.67
  cpu time (sec):                 35.85
  cpu/wall ratio:                 53.43

  AO Fock construction
  wall time (sec):                 0.44
  cpu time (sec):                 24.17
  cpu/wall ratio:                 55.19

  SCF DIIS iteration time
  wall time (sec):                 0.66
  cpu time (sec):                 35.40
  cpu/wall ratio:                 53.40

  SCF DIIS iteration time
  wall time (sec):                 0.02
  cpu time (sec):                  0.95
  cpu/wall ratio:                 49.82

  SCF DIIS solver time
  wall time (sec):                 6.93
  cpu time (sec):                370.06
  cpu/wall ratio:                 53.43

  Hartree-Fock engine
  wall time (sec):                 7.24
  cpu time (sec):                384.12
  cpu/wall ratio:                 53.06


  :: Total time
  ================

  Total time in eT
  wall time (sec):                 7.58
  cpu time (sec):                395.27
  cpu/wall ratio:                 52.15
