


                     eT - an electronic structure program

  ------------------------------------------------------------------------
   Author list in alphabetical order:
  ------------------------------------------------------------------------
   J. H. Andersen, A. Balbi, S. Coriani, S. D. Folkestad, T. Giovannini, 
   L. Goletto, T. S. Haugland, A. Hutcheson, I-M. Høyvik, E. F. Kjønstad, 
   H. Koch, T. Moitra, R. H. Myhre, A. C. Paul, M. Scavino, A. Skeidsvoll, 
   Å. H. Tveten
  ------------------------------------------------------------------------


  :: Input file
  ================

     Note: geometry section is excluded from this print

     system
        name: benzene scan 6.75
        charge: 0
     end system

     do
       ground state
     end do

     memory
        available: 8
     end memory

     solver scf
        algorithm: scf-diis
     end solver scf

     molecular mechanics
        forcefield: non-polarizable
     end molecular mechanics

     method
        hf
     end method


  Running on 56 OMP thread(s)
  Memory available for calculation: 8.000000 GB


  :: Molecular system specifications (QM)
  ==========================================

     Name:             benzene scan 6.75
     Charge:           0
     Multiplicity:     1
     Coordinate units: angstrom

     Pure basis functions:        174
     Cartesian basis functions:   180
     Primitive basis functions:   270

     Nuclear repulsion energy (a.u.):            204.234616969248
     Bohr/angstrom value (CODATA 2010):            0.529177210920

     ==============================================================================
                                     Geometry (angstrom)
     ==============================================================================
        Atom           X                  Y                  Z         # in input
     ==============================================================================
        Basis: 6-311++g**
        1 C     -2.282182000000     0.094329000000    -0.000183000000        1
        2 C     -0.893220000000     0.094263000000     0.000431000000        2
        3 C     -0.198699000000     1.297110000000     0.000040000000        3
        4 C     -0.893125000000     2.500009000000    -0.000978000000        4
        5 C     -2.282088000000     2.500067000000    -0.001601000000        5
        6 C     -2.976633000000     1.297226000000    -0.001196000000        6
        7 H     -2.824040000000    -0.844049000000     0.000125000000        7
        8 H     -0.351527000000    -0.844201000000     0.001214000000        8
        9 H      0.884886000000     1.297069000000     0.000516000000        9
       10 H     -0.351327000000     3.438411000000    -0.001306000000       10
       11 H     -2.823832000000     3.438507000000    -0.002402000000       11
       12 H     -4.060212000000     1.297260000000    -0.001659000000       12
     ==============================================================================

     ==============================================================================
                                     Geometry (a.u.)
     ==============================================================================
        Atom           X                  Y                  Z         # in input
     ==============================================================================
        Basis: 6-311++g**
        1 C     -4.312698946412     0.178255975604    -0.000345819881        1
        2 C     -1.687941168984     0.178131253680     0.000814471960        2
        3 C     -0.375486691225     2.451182653435     0.000075589045        3
        4 C     -1.687761645002     4.724332318948    -0.001848152150        4
        5 C     -4.312521312156     4.724441923063    -0.003025451525        5
        6 C     -5.625021143342     2.451401861665    -0.002260112445        6
        7 H     -5.336662164817    -1.595021445713     0.000236215766        7
        8 H     -0.664289755390    -1.595308684084     0.002294127515        8
        9 H      1.672192191462     2.451105174663     0.000975098680        9
       10 H     -0.663911810165     6.497655093692    -0.002467982319       10
       11 H     -5.336269101783     6.497836507400    -0.004539122151       11
       12 H     -7.672688687673     2.451466112353    -0.003135055641       12
     ==============================================================================


  :: Molecular system specifications (MM)
  ==========================================

     Force Field:  non-polarizable

     Number of MM atoms:                   2
     Number of MM molecules:               1

    ====================================================================
                        MM Geometry (Å) and Parameters
    ====================================================================
    Atom    Mol             X          Y          Z            Charge
    ====================================================================
      H       1        -2.279198   0.090391  -6.750181        1.000000
      H       1        -2.278756   0.089807  -7.750181       -1.000000
    ====================================================================


  :: RHF wavefunction
  ======================

  This is a QM/MM calculation

     Electrostatic Embedding:

     Each atom of the MM portion is endowed with a charge which value 
     is a fixed external parameter.

     The QM/MM electrostatic interaction energy is defined as:

        E^ele_QM/MM = sum_i q_i * V_i(P)

     where V_i(P) is the electrostatic potential due to the QM density 
     calculated at the position of the i-th charge q_i.

     For further details, see:
     Senn & Thiel, Angew. Chem. Int. Ed., 2009, 48, 1198−1229


  - Cholesky decomposition of AO overlap to get linearly independent orbitals:

  - Orbital details:

     Number of occupied orbitals:        21
     Number of virtual orbitals:        153
     Number of molecular orbitals:      174
     Number of atomic orbitals:         174


  :: Hartree-Fock engine
  =========================

  Drives the calculation of the Hartree-Fock state.

  This is a RHF ground state calculation.
  The following tasks will be performed:

     1) Generate initial SAD density
     2) Calculation of reference state (SCF-DIIS algorithm)


  1) Generate initial SAD density


  2) Calculation of reference state (SCF-DIIS algorithm)

   - Self-consistent field DIIS Hartree-Fock solver
  ----------------------------------------------------

  A DIIS-accelerated Roothan-Hall self-consistent field solver. A least-square 
  DIIS fit is performed on the previous Fock matrices and associated gradients. 
  Following the Roothan-Hall update of the density, the DIIS-fitted Fock 
  matrix is used to get the next orbital coefficients.

  - Hartree-Fock solver settings:

     DIIS dimension:                         8
     Cumulative Fock threshold:       0.10E+01

     Energy threshold:              0.1000E-05
     Gradient threshold:            0.1000E-05

     Coulomb screening threshold:   0.1000E-11
     Exchange screening threshold:  0.1000E-09
     Fock precision:                0.1000E-23
     Integral cutoff:               0.1000E-11

  - Setting initial AO density to SAD

     Energy of initial guess:              -234.212848024647
     Number of electrons in guess:           42.000000000000

  Iteration       Energy (a.u.)      Max(grad.)    Delta E (a.u.)
  ---------------------------------------------------------------
     1          -231.197808940602     0.4434E-01     0.2312E+03
     2          -231.276115677345     0.1806E-01     0.7831E-01
     3          -231.285270690804     0.6239E-02     0.9155E-02
     4          -231.286511933804     0.3906E-03     0.1241E-02
     5          -231.286520878757     0.1024E-03     0.8945E-05
     6          -231.286521151513     0.4702E-04     0.2728E-06
     7          -231.286521220571     0.4349E-05     0.6906E-07
     8          -231.286521221792     0.1002E-05     0.1221E-08
     9          -231.286521221790     0.2479E-06     0.1165E-11
  ---------------------------------------------------------------
  Convergence criterion met in 9 iterations!

  - Summary of RHF wavefunction energetics (a.u.):

     HOMO-LUMO gap:                  0.381589344552
     Nuclear repulsion energy:     204.083548756438
     Electronic energy:           -435.370069978229
     Total energy:                -231.286521221790

  - Summary of QM/MM energetics:
                                         a.u.             eV     kcal/mol
     QM/MM SCF Contribution:        -0.378957257033
     QM/MM Electrostatic Energy:    -0.000848400853    -0.02309    -0.532

  - Molecular orbital energies

  ---------------------------------------------------------------------------------------
    1 -11.245868680997   45   0.211340364599   89   1.050863768998  133   2.734553252981
    2 -11.245235341983   46   0.218073430458   90   1.104458742389  134   2.740381856734
    3 -11.245197597996   47   0.218324335184   91   1.114439085266  135   2.740392902185
    4 -11.244006788816   48   0.244266809317   92   1.114501429822  136   2.808570804028
    5 -11.243944875296   49   0.244282315124   93   1.127320950259  137   2.808607937149
    6 -11.243296624398   50   0.279656502210   94   1.159523545530  138   2.959605167457
    7  -1.164449568933   51   0.279692991142   95   1.209839541625  139   2.959617484493
    8  -1.026931390226   52   0.297340600646   96   1.209857038571  140   2.980585747623
    9  -1.026907144735   53   0.324307722445   97   1.242124679050  141   2.992858784108
   10  -0.834759530120   54   0.325868899819   98   1.316455245678  142   3.014379880102
   11  -0.834756042473   55   0.362723353999   99   1.316489478643  143   3.014431483256
   12  -0.720991223451   56   0.400858271025  100   1.385482862960  144   3.038990356328
   13  -0.651565284397   57   0.401014754169  101   1.385501145741  145   3.039056525959
   14  -0.631721896863   58   0.423757047882  102   1.516161689758  146   3.051357451896
   15  -0.598683789024   59   0.423805247580  103   1.544445139676  147   3.080573542405
   16  -0.598653633368   60   0.433748000903  104   1.705004400253  148   3.184153744012
   17  -0.513359440736   61   0.491659247157  105   1.781658898196  149   3.184185411912
   18  -0.504486761614   62   0.491693931279  106   1.781679391553  150   3.264622936145
   19  -0.504461190639   63   0.503045825878  107   1.791175674034  151   3.286342042432
   20  -0.347021686194   64   0.503099085112  108   1.819901317250  152   3.286360692492
   21  -0.346975161056   65   0.595087269026  109   1.839006190205  153   3.327729123929
   22   0.034614183497   66   0.602228421523  110   1.839016650804  154   3.327765047672
   23   0.042503601303   67   0.705137347102  111   1.903072974155  155   3.478086451304
   24   0.042628089475   68   0.713746783645  112   1.903101725694  156   3.552275406787
   25   0.060461785639   69   0.713836704635  113   1.927628271567  157   3.777905223151
   26   0.060520643020   70   0.723948714732  114   1.927658951782  158   3.777916445952
   27   0.082925031331   71   0.743297599806  115   1.980851517947  159   3.905029227539
   28   0.101396481446   72   0.743307032456  116   2.046321486563  160   3.905061624510
   29   0.101438082921   73   0.746723802733  117   2.046362152737  161   3.918246372959
   30   0.117275354303   74   0.747339495070  118   2.098894965229  162   4.087513629416
   31   0.142536249175   75   0.747449603585  119   2.098924324567  163   4.398515159087
   32   0.142904345326   76   0.787387049174  120   2.124022820312  164   4.398546752061
   33   0.148231490182   77   0.810934101818  121   2.232265844996  165   4.492614147445
   34   0.155740596687   78   0.810962087589  122   2.233563629136  166   4.565581894116
   35   0.174563752499   79   0.878582328405  123   2.233567003616  167   4.565594114167
   36   0.174616136596   80   0.932684357857  124   2.242860786147  168   5.278345975346
   37   0.176290566018   81   0.932698813508  125   2.242870040091  169  24.736445524001
   38   0.176621282048   82   0.945438868861  126   2.291388089375  170  25.137840965980
   39   0.184104844606   83   0.945463515905  127   2.342409785962  171  25.137852859804
   40   0.201324566429   84   0.966179925464  128   2.342412741580  172  25.268102659644
   41   0.205627356933   85   1.007557364203  129   2.372347134905  173  25.268122754835
   42   0.205717127556   86   1.007610522264  130   2.372387816738  174  25.381793145599
   43   0.208087859830   87   1.008747105146  131   2.635260027159
   44   0.208171776580   88   1.050813995253  132   2.663070291761
  ---------------------------------------------------------------------------------------

  - Timings for the RHF ground state calculation

     Total wall time (sec):              7.45800
     Total cpu time (sec):             395.53246

  eT terminated successfully!
