


                     eT - an electronic structure program

  ------------------------------------------------------------------------
   Author list in alphabetical order:
  ------------------------------------------------------------------------
   J. H. Andersen, A. Balbi, S. Coriani, S. D. Folkestad, T. Giovannini, 
   L. Goletto, T. S. Haugland, A. Hutcheson, I-M. Høyvik, E. F. Kjønstad, 
   H. Koch, T. Moitra, R. H. Myhre, A. C. Paul, M. Scavino, A. Skeidsvoll, 
   Å. H. Tveten
  ------------------------------------------------------------------------


  :: Input file
  ================

     Note: geometry section is excluded from this print

     system
        name: benzene scan 4.50
        charge: 0
     end system

     do
       ground state
     end do

     memory
        available: 8
     end memory

     solver scf
        algorithm: scf-diis
     end solver scf

     molecular mechanics
        forcefield: non-polarizable
     end molecular mechanics

     method
        hf
     end method


  Running on 56 OMP thread(s)
  Memory available for calculation: 8.000000 GB


  :: Molecular system specifications (QM)
  ==========================================

     Name:             benzene scan 4.50
     Charge:           0
     Multiplicity:     1
     Coordinate units: angstrom

     Pure basis functions:        174
     Cartesian basis functions:   180
     Primitive basis functions:   270

     Nuclear repulsion energy (a.u.):            204.234616969248
     Bohr/angstrom value (CODATA 2010):            0.529177210920

     ==============================================================================
                                     Geometry (angstrom)
     ==============================================================================
        Atom           X                  Y                  Z         # in input
     ==============================================================================
        Basis: 6-311++g**
        1 C     -2.282182000000     0.094329000000    -0.000183000000        1
        2 C     -0.893220000000     0.094263000000     0.000431000000        2
        3 C     -0.198699000000     1.297110000000     0.000040000000        3
        4 C     -0.893125000000     2.500009000000    -0.000978000000        4
        5 C     -2.282088000000     2.500067000000    -0.001601000000        5
        6 C     -2.976633000000     1.297226000000    -0.001196000000        6
        7 H     -2.824040000000    -0.844049000000     0.000125000000        7
        8 H     -0.351527000000    -0.844201000000     0.001214000000        8
        9 H      0.884886000000     1.297069000000     0.000516000000        9
       10 H     -0.351327000000     3.438411000000    -0.001306000000       10
       11 H     -2.823832000000     3.438507000000    -0.002402000000       11
       12 H     -4.060212000000     1.297260000000    -0.001659000000       12
     ==============================================================================

     ==============================================================================
                                     Geometry (a.u.)
     ==============================================================================
        Atom           X                  Y                  Z         # in input
     ==============================================================================
        Basis: 6-311++g**
        1 C     -4.312698946412     0.178255975604    -0.000345819881        1
        2 C     -1.687941168984     0.178131253680     0.000814471960        2
        3 C     -0.375486691225     2.451182653435     0.000075589045        3
        4 C     -1.687761645002     4.724332318948    -0.001848152150        4
        5 C     -4.312521312156     4.724441923063    -0.003025451525        5
        6 C     -5.625021143342     2.451401861665    -0.002260112445        6
        7 H     -5.336662164817    -1.595021445713     0.000236215766        7
        8 H     -0.664289755390    -1.595308684084     0.002294127515        8
        9 H      1.672192191462     2.451105174663     0.000975098680        9
       10 H     -0.663911810165     6.497655093692    -0.002467982319       10
       11 H     -5.336269101783     6.497836507400    -0.004539122151       11
       12 H     -7.672688687673     2.451466112353    -0.003135055641       12
     ==============================================================================


  :: Molecular system specifications (MM)
  ==========================================

     Force Field:  non-polarizable

     Number of MM atoms:                   2
     Number of MM molecules:               1

    ====================================================================
                        MM Geometry (Å) and Parameters
    ====================================================================
    Atom    Mol             X          Y          Z            Charge
    ====================================================================
      H       1        -2.280193   0.091703  -4.500182        1.000000
      H       1        -2.279751   0.091120  -5.500181       -1.000000
    ====================================================================


  :: RHF wavefunction
  ======================

  This is a QM/MM calculation

     Electrostatic Embedding:

     Each atom of the MM portion is endowed with a charge which value 
     is a fixed external parameter.

     The QM/MM electrostatic interaction energy is defined as:

        E^ele_QM/MM = sum_i q_i * V_i(P)

     where V_i(P) is the electrostatic potential due to the QM density 
     calculated at the position of the i-th charge q_i.

     For further details, see:
     Senn & Thiel, Angew. Chem. Int. Ed., 2009, 48, 1198−1229


  - Cholesky decomposition of AO overlap to get linearly independent orbitals:

  - Orbital details:

     Number of occupied orbitals:        21
     Number of virtual orbitals:        153
     Number of molecular orbitals:      174
     Number of atomic orbitals:         174


  :: Hartree-Fock engine
  =========================

  Drives the calculation of the Hartree-Fock state.

  This is a RHF ground state calculation.
  The following tasks will be performed:

     1) Generate initial SAD density
     2) Calculation of reference state (SCF-DIIS algorithm)


  1) Generate initial SAD density


  2) Calculation of reference state (SCF-DIIS algorithm)

   - Self-consistent field DIIS Hartree-Fock solver
  ----------------------------------------------------

  A DIIS-accelerated Roothan-Hall self-consistent field solver. A least-square 
  DIIS fit is performed on the previous Fock matrices and associated gradients. 
  Following the Roothan-Hall update of the density, the DIIS-fitted Fock 
  matrix is used to get the next orbital coefficients.

  - Hartree-Fock solver settings:

     DIIS dimension:                         8
     Cumulative Fock threshold:       0.10E+01

     Energy threshold:              0.1000E-05
     Gradient threshold:            0.1000E-05

     Coulomb screening threshold:   0.1000E-11
     Exchange screening threshold:  0.1000E-09
     Fock precision:                0.1000E-23
     Integral cutoff:               0.1000E-11

  - Setting initial AO density to SAD

     Energy of initial guess:              -234.212841642084
     Number of electrons in guess:           42.000000000000

  Iteration       Energy (a.u.)      Max(grad.)    Delta E (a.u.)
  ---------------------------------------------------------------
     1          -231.199189335974     0.4477E-01     0.2312E+03
     2          -231.277942765334     0.1827E-01     0.7875E-01
     3          -231.287267340927     0.6226E-02     0.9325E-02
     4          -231.288518915505     0.5164E-03     0.1252E-02
     5          -231.288528015301     0.2483E-03     0.9100E-05
     6          -231.288529537542     0.4190E-04     0.1522E-05
     7          -231.288529628534     0.6116E-05     0.9099E-07
     8          -231.288529630579     0.1532E-05     0.2045E-08
     9          -231.288529630909     0.3408E-06     0.3302E-09
  ---------------------------------------------------------------
  Convergence criterion met in 9 iterations!

  - Summary of RHF wavefunction energetics (a.u.):

     HOMO-LUMO gap:                  0.383082881543
     Nuclear repulsion energy:     204.421926088232
     Electronic energy:           -435.710455719141
     Total energy:                -231.288529630909

  - Summary of QM/MM energetics:
                                         a.u.             eV     kcal/mol
     QM/MM SCF Contribution:        -0.719671393654
     QM/MM Electrostatic Energy:    -0.003184676194    -0.08666    -1.998

  - Molecular orbital energies

  ---------------------------------------------------------------------------------------
    1 -11.253642791277   45   0.208168481906   89   1.044363268675  133   2.727808195348
    2 -11.252731333591   46   0.208951618882   90   1.097191590268  134   2.733223971115
    3 -11.252418103259   47   0.210328502696   91   1.106765242327  135   2.733273891824
    4 -11.251614114975   48   0.241402590104   92   1.107277307989  136   2.801718290116
    5 -11.251178879624   49   0.241450322973   93   1.120589990755  137   2.801960079117
    6 -11.250385636758   50   0.272129913727   94   1.152104845092  138   2.952527281889
    7  -1.172207046498   51   0.272646108774   95   1.201852473823  139   2.952612530522
    8  -1.034548641396   52   0.295066545088   96   1.201913358369  140   2.973824135222
    9  -1.034367775773   53   0.318349958730   97   1.234417684239  141   2.985569789799
   10  -0.842073535525   54   0.318895825823   98   1.308911128511  142   3.007331360816
   11  -0.842037990372   55   0.355603854338   99   1.309174985370  143   3.007726130095
   12  -0.728222347664   56   0.395140434296  100   1.378077669156  144   3.032152825018
   13  -0.658454953845   57   0.395965046439  101   1.378162507561  145   3.032554676006
   14  -0.639155469191   58   0.418583071862  102   1.508371307836  146   3.043462076564
   15  -0.605943914387   59   0.418790141710  103   1.537082076312  147   3.073927822856
   16  -0.605744225556   60   0.429496191007  104   1.697829864167  148   3.176344490971
   17  -0.521465287354   61   0.485599937900  105   1.774497481496  149   3.176589113390
   18  -0.511622179063   62   0.485733335380  106   1.774693925968  150   3.257597318553
   19  -0.511486455727   63   0.496837295410  107   1.783555346276  151   3.278572742112
   20  -0.355126444914   64   0.497071722113  108   1.812750925240  152   3.278724796782
   21  -0.354717300417   65   0.588676344488  109   1.831605491500  153   3.320496321860
   22   0.028365581126   66   0.595912879945  110   1.831668036656  154   3.320632256739
   23   0.039932591331   67   0.694899967243  111   1.896087698404  155   3.470283557096
   24   0.040450573981   68   0.705827831797  112   1.896295575644  156   3.544827947306
   25   0.058614928700   69   0.706504535354  113   1.920435684706  157   3.770337715247
   26   0.058760706460   70   0.717144412606  114   1.920453657370  158   3.770395324640
   27   0.081678178909   71   0.735872154178  115   1.973910148501  159   3.897498938833
   28   0.092786339022   72   0.736091232048  116   2.039201402488  160   3.897695876014
   29   0.094152335770   73   0.739120089832  117   2.039475456970  161   3.910830061709
   30   0.099348571350   74   0.739875962515  118   2.091904802352  162   4.080212272401
   31   0.133255934683   75   0.740425661335  119   2.092049203081  163   4.391169337786
   32   0.135984250920   76   0.778127940909  120   2.117352617927  164   4.391360620206
   33   0.140295367892   77   0.803206820511  121   2.225686100297  165   4.485314831850
   34   0.151581189995   78   0.803477716026  122   2.225922681740  166   4.558076706116
   35   0.170101398633   79   0.871314666733  123   2.225955288814  167   4.558124764979
   36   0.171036257590   80   0.925959864500  124   2.235511244980  168   5.270685219607
   37   0.172740470113   81   0.926096600442  125   2.235639148992  169  24.729045523813
   38   0.173729732705   82   0.938610782330  126   2.284427075953  170  25.130386906461
   39   0.179163983824   83   0.938737135302  127   2.335084303176  171  25.130476380173
   40   0.195137635477   84   0.959021971881  128   2.335090687512  172  25.260647174154
   41   0.201574032366   85   0.999647612480  129   2.364943582626  173  25.260748180797
   42   0.202011192177   86   1.000161291182  130   2.365151487153  174  25.374383238911
   43   0.203031198540   87   1.002655675329  131   2.627958631192
   44   0.203215714219   88   1.044036363682  132   2.655515572190
  ---------------------------------------------------------------------------------------

  - Timings for the RHF ground state calculation

     Total wall time (sec):              7.47400
     Total cpu time (sec):             396.60932

  eT terminated successfully!
