
  Preparation of molecular system (Libint)
  wall time (sec):                 0.00
  cpu time (sec):                  0.00
  cpu/wall ratio:                  0.77

  Preparation of molecular system (total)
  wall time (sec):                 0.09
  cpu time (sec):                  0.27
  cpu/wall ratio:                  3.05

  Cholesky decomposition of AO overlap
  wall time (sec):                 0.07
  cpu time (sec):                  1.70
  cpu/wall ratio:                 25.35


  :: Hartree-Fock engine
  =========================


  1) Generate initial SAD density

  SAD generation time
  wall time (sec):                 0.19
  cpu time (sec):                  8.02
  cpu/wall ratio:                 42.67


  2) Calculation of reference state (SCF-DIIS algorithm)

  AO Fock construction
  wall time (sec):                 0.14
  cpu time (sec):                  7.79
  cpu/wall ratio:                 54.83

  AO Fock construction
  wall time (sec):                 0.68
  cpu time (sec):                 37.25
  cpu/wall ratio:                 55.10

  AO Fock construction
  wall time (sec):                 0.53
  cpu time (sec):                 29.07
  cpu/wall ratio:                 55.26

  SCF DIIS iteration time
  wall time (sec):                 0.67
  cpu time (sec):                 34.60
  cpu/wall ratio:                 51.40

  AO Fock construction
  wall time (sec):                 0.51
  cpu time (sec):                 28.43
  cpu/wall ratio:                 55.42

  SCF DIIS iteration time
  wall time (sec):                 0.69
  cpu time (sec):                 36.82
  cpu/wall ratio:                 53.29

  AO Fock construction
  wall time (sec):                 0.52
  cpu time (sec):                 28.76
  cpu/wall ratio:                 55.42

  SCF DIIS iteration time
  wall time (sec):                 0.65
  cpu time (sec):                 34.95
  cpu/wall ratio:                 53.60

  AO Fock construction
  wall time (sec):                 0.58
  cpu time (sec):                 31.83
  cpu/wall ratio:                 55.16

  SCF DIIS iteration time
  wall time (sec):                 0.66
  cpu time (sec):                 35.18
  cpu/wall ratio:                 53.39

  AO Fock construction
  wall time (sec):                 0.54
  cpu time (sec):                 29.62
  cpu/wall ratio:                 55.26

  SCF DIIS iteration time
  wall time (sec):                 0.73
  cpu time (sec):                 38.81
  cpu/wall ratio:                 53.53

  AO Fock construction
  wall time (sec):                 0.48
  cpu time (sec):                 26.33
  cpu/wall ratio:                 55.32

  SCF DIIS iteration time
  wall time (sec):                 0.78
  cpu time (sec):                 41.71
  cpu/wall ratio:                 53.68

  AO Fock construction
  wall time (sec):                 0.44
  cpu time (sec):                 24.52
  cpu/wall ratio:                 55.36

  SCF DIIS iteration time
  wall time (sec):                 0.60
  cpu time (sec):                 31.86
  cpu/wall ratio:                 53.37

  AO Fock construction
  wall time (sec):                 0.49
  cpu time (sec):                 26.85
  cpu/wall ratio:                 55.02

  SCF DIIS iteration time
  wall time (sec):                 0.70
  cpu time (sec):                 37.28
  cpu/wall ratio:                 53.34

  SCF DIIS iteration time
  wall time (sec):                 0.00
  cpu time (sec):                  0.11
  cpu/wall ratio:                 55.56

  SCF DIIS solver time
  wall time (sec):                 6.81
  cpu time (sec):                362.85
  cpu/wall ratio:                 53.27

  Hartree-Fock engine
  wall time (sec):                 7.00
  cpu time (sec):                370.87
  cpu/wall ratio:                 52.98


  :: Total time
  ================

  Total time in eT
  wall time (sec):                 7.22
  cpu time (sec):                375.83
  cpu/wall ratio:                 52.05
