


                     eT - an electronic structure program

  ------------------------------------------------------------------------
   Author list in alphabetical order:
  ------------------------------------------------------------------------
   J. H. Andersen, A. Balbi, S. Coriani, S. D. Folkestad, T. Giovannini, 
   L. Goletto, T. S. Haugland, A. Hutcheson, I-M. Høyvik, E. F. Kjønstad, 
   H. Koch, T. Moitra, R. H. Myhre, A. C. Paul, M. Scavino, A. Skeidsvoll, 
   Å. H. Tveten
  ------------------------------------------------------------------------


  :: Input file
  ================

     Note: geometry section is excluded from this print

     system
        name: benzene scan 9.25
        charge: 0
     end system

     do
       ground state
     end do

     memory
        available: 8
     end memory

     solver scf
        algorithm: scf-diis
     end solver scf

     molecular mechanics
        forcefield: non-polarizable
     end molecular mechanics

     method
        hf
     end method


  Running on 56 OMP thread(s)
  Memory available for calculation: 8.000000 GB


  :: Molecular system specifications (QM)
  ==========================================

     Name:             benzene scan 9.25
     Charge:           0
     Multiplicity:     1
     Coordinate units: angstrom

     Pure basis functions:        174
     Cartesian basis functions:   180
     Primitive basis functions:   270

     Nuclear repulsion energy (a.u.):            204.234616969248
     Bohr/angstrom value (CODATA 2010):            0.529177210920

     ==============================================================================
                                     Geometry (angstrom)
     ==============================================================================
        Atom           X                  Y                  Z         # in input
     ==============================================================================
        Basis: 6-311++g**
        1 C     -2.282182000000     0.094329000000    -0.000183000000        1
        2 C     -0.893220000000     0.094263000000     0.000431000000        2
        3 C     -0.198699000000     1.297110000000     0.000040000000        3
        4 C     -0.893125000000     2.500009000000    -0.000978000000        4
        5 C     -2.282088000000     2.500067000000    -0.001601000000        5
        6 C     -2.976633000000     1.297226000000    -0.001196000000        6
        7 H     -2.824040000000    -0.844049000000     0.000125000000        7
        8 H     -0.351527000000    -0.844201000000     0.001214000000        8
        9 H      0.884886000000     1.297069000000     0.000516000000        9
       10 H     -0.351327000000     3.438411000000    -0.001306000000       10
       11 H     -2.823832000000     3.438507000000    -0.002402000000       11
       12 H     -4.060212000000     1.297260000000    -0.001659000000       12
     ==============================================================================

     ==============================================================================
                                     Geometry (a.u.)
     ==============================================================================
        Atom           X                  Y                  Z         # in input
     ==============================================================================
        Basis: 6-311++g**
        1 C     -4.312698946412     0.178255975604    -0.000345819881        1
        2 C     -1.687941168984     0.178131253680     0.000814471960        2
        3 C     -0.375486691225     2.451182653435     0.000075589045        3
        4 C     -1.687761645002     4.724332318948    -0.001848152150        4
        5 C     -4.312521312156     4.724441923063    -0.003025451525        5
        6 C     -5.625021143342     2.451401861665    -0.002260112445        6
        7 H     -5.336662164817    -1.595021445713     0.000236215766        7
        8 H     -0.664289755390    -1.595308684084     0.002294127515        8
        9 H      1.672192191462     2.451105174663     0.000975098680        9
       10 H     -0.663911810165     6.497655093692    -0.002467982319       10
       11 H     -5.336269101783     6.497836507400    -0.004539122151       11
       12 H     -7.672688687673     2.451466112353    -0.003135055641       12
     ==============================================================================


  :: Molecular system specifications (MM)
  ==========================================

     Force Field:  non-polarizable

     Number of MM atoms:                   2
     Number of MM molecules:               1

    ====================================================================
                        MM Geometry (Å) and Parameters
    ====================================================================
    Atom    Mol             X          Y          Z            Charge
    ====================================================================
      H       1        -2.278093   0.088932  -9.250180        1.000000
      H       1        -2.277651   0.088348 -10.250180       -1.000000
    ====================================================================


  :: RHF wavefunction
  ======================

  This is a QM/MM calculation

     Electrostatic Embedding:

     Each atom of the MM portion is endowed with a charge which value 
     is a fixed external parameter.

     The QM/MM electrostatic interaction energy is defined as:

        E^ele_QM/MM = sum_i q_i * V_i(P)

     where V_i(P) is the electrostatic potential due to the QM density 
     calculated at the position of the i-th charge q_i.

     For further details, see:
     Senn & Thiel, Angew. Chem. Int. Ed., 2009, 48, 1198−1229


  - Cholesky decomposition of AO overlap to get linearly independent orbitals:

  - Orbital details:

     Number of occupied orbitals:        21
     Number of virtual orbitals:        153
     Number of molecular orbitals:      174
     Number of atomic orbitals:         174


  :: Hartree-Fock engine
  =========================

  Drives the calculation of the Hartree-Fock state.

  This is a RHF ground state calculation.
  The following tasks will be performed:

     1) Generate initial SAD density
     2) Calculation of reference state (SCF-DIIS algorithm)


  1) Generate initial SAD density


  2) Calculation of reference state (SCF-DIIS algorithm)

   - Self-consistent field DIIS Hartree-Fock solver
  ----------------------------------------------------

  A DIIS-accelerated Roothan-Hall self-consistent field solver. A least-square 
  DIIS fit is performed on the previous Fock matrices and associated gradients. 
  Following the Roothan-Hall update of the density, the DIIS-fitted Fock 
  matrix is used to get the next orbital coefficients.

  - Hartree-Fock solver settings:

     DIIS dimension:                         8
     Cumulative Fock threshold:       0.10E+01

     Energy threshold:              0.1000E-05
     Gradient threshold:            0.1000E-05

     Coulomb screening threshold:   0.1000E-11
     Exchange screening threshold:  0.1000E-09
     Fock precision:                0.1000E-23
     Integral cutoff:               0.1000E-11

  - Setting initial AO density to SAD

     Energy of initial guess:              -234.212848027004
     Number of electrons in guess:           42.000000000000

  Iteration       Energy (a.u.)      Max(grad.)    Delta E (a.u.)
  ---------------------------------------------------------------
     1          -231.197441043499     0.4423E-01     0.2312E+03
     2          -231.275632438646     0.1800E-01     0.7819E-01
     3          -231.284745622702     0.6242E-02     0.9113E-02
     4          -231.285985256709     0.3610E-03     0.1240E-02
     5          -231.285994188760     0.7078E-04     0.8932E-05
     6          -231.285994402503     0.2764E-04     0.2137E-06
     7          -231.285994424926     0.5353E-05     0.2242E-07
     8          -231.285994426220     0.7841E-06     0.1293E-08
  ---------------------------------------------------------------
  Convergence criterion met in 8 iterations!

  - Summary of RHF wavefunction energetics (a.u.):

     HOMO-LUMO gap:                  0.380760810697
     Nuclear repulsion energy:     203.924686857193
     Electronic energy:           -435.210681283413
     Total energy:                -231.285994426220

  - Summary of QM/MM energetics:
                                         a.u.             eV     kcal/mol
     QM/MM SCF Contribution:        -0.219534915463
     QM/MM Electrostatic Energy:    -0.000287958528    -0.00784    -0.181

  - Molecular orbital energies

  ---------------------------------------------------------------------------------------
    1 -11.242239766030   45   0.213298451900   89   1.054250738685  133   2.737957057142
    2 -11.241646385415   46   0.222557400047   90   1.108037039156  134   2.743890406743
    3 -11.241642403645   47   0.222592737892   91   1.118073085197  135   2.743906864965
    4 -11.240387148180   48   0.246407428145   92   1.118084798878  136   2.811994864773
    5 -11.240378301718   49   0.246411535690   93   1.130719246018  137   2.811999428600
    6 -11.239754983176   50   0.283568990862   94   1.163120870752  138   2.963097368599
    7  -1.160767893721   51   0.283572581363   95   1.213587271501  139   2.963098170656
    8  -1.023295338157   52   0.299221840912   96   1.213593052351  140   2.983996057001
    9  -1.023291263338   53   0.327826197824   97   1.245799401090  141   2.996419036762
   10  -0.831197076747   54   0.329623396902   98   1.320069662577  142   3.017844476624
   11  -0.831194736088   55   0.366282341523   99   1.320073696251  143   3.017852827283
   12  -0.717450301546   56   0.403970784304  100   1.389075778566  144   3.042416477256
   13  -0.648115026692   57   0.403998907188  101   1.389081592585  145   3.042433868517
   14  -0.628124416854   58   0.426658079458  102   1.519852771775  146   3.055084902635
   15  -0.595146541154   59   0.426666368792  103   1.548028862420  147   3.083977959775
   16  -0.595142312122   60   0.436329880672  104   1.708532500158  148   3.187846804132
   17  -0.509583386169   61   0.494853751354  105   1.785163205102  149   3.187855047044
   18  -0.500977730129   62   0.494865225955  106   1.785170696018  150   3.268106540185
   19  -0.500971410634   63   0.506309723237  107   1.794827236400  151   3.290027855474
   20  -0.343266034965   64   0.506319438048  108   1.823426041297  152   3.290031330802
   21  -0.343258843155   65   0.598400904615  109   1.842608351463  153   3.331258179749
   22   0.037501967542   66   0.605599512463  110   1.842609564121  154   3.331278274911
   23   0.044680443464   67   0.709379718736  111   1.906536184939  155   3.481788410564
   24   0.044718542476   68   0.717482594114  112   1.906540522621  156   3.555873168376
   25   0.062285098345   69   0.717499663227  113   1.931166105530  157   3.781533767885
   26   0.062302187737   70   0.727352543758  114   1.931192488882  158   3.781540611451
   27   0.084395960802   71   0.746869304594  115   1.984312685606  159   3.908632440611
   28   0.105086456497   72   0.746871004175  116   2.049821434136  160   3.908646245434
   29   0.105092092682   73   0.749998614045  117   2.049826405236  161   3.921842544368
   30   0.122981505667   74   0.751278523387  118   2.102362108784  162   4.091070473881
   31   0.146908129615   75   0.751295736711  119   2.102373844829  163   4.402075507940
   32   0.146962333341   76   0.791490501621  120   2.127408273830  164   4.402084334074
   33   0.152392183224   77   0.814663738551  121   2.235608389671  165   4.496173529398
   34   0.158380886222   78   0.814667989331  122   2.237220103791  166   4.569194937881
   35   0.177032968797   79   0.882192371885  123   2.237226024994  167   4.569201881782
   36   0.177033370945   80   0.936060902401  124   2.246426371400  168   5.282003913030
   37   0.178851212008   81   0.936062971820  125   2.246427563925  169  24.740028002469
   38   0.178920749648   82   0.948861006218  126   2.294854353850  170  25.141430859712
   39   0.187264488703   83   0.948869872846  127   2.345973471290  171  25.141436753269
   40   0.204566816306   84   0.969676932740  128   2.345977271511  172  25.271694690070
   41   0.207994601591   85   1.011229204328  129   2.375925680006  173  25.271704420628
   42   0.208020547533   86   1.011239770262  130   2.375941956499  174  25.385379252543
   43   0.211534093215   87   1.011962759932  131   2.638823645339
   44   0.211542756390   88   1.054240855774  132   2.666706117308
  ---------------------------------------------------------------------------------------

  - Timings for the RHF ground state calculation

     Total wall time (sec):              6.04300
     Total cpu time (sec):             318.50984

  eT terminated successfully!
