


                     eT - an electronic structure program

  ------------------------------------------------------------------------
   Author list in alphabetical order:
  ------------------------------------------------------------------------
   J. H. Andersen, A. Balbi, S. Coriani, S. D. Folkestad, T. Giovannini, 
   L. Goletto, T. S. Haugland, A. Hutcheson, I-M. Høyvik, E. F. Kjønstad, 
   H. Koch, T. Moitra, R. H. Myhre, A. C. Paul, M. Scavino, A. Skeidsvoll, 
   Å. H. Tveten
  ------------------------------------------------------------------------


  :: Input file
  ================

     Note: geometry section is excluded from this print

     system
        name: benzene scan 4.00
        charge: 0
     end system

     do
       ground state
     end do

     memory
        available: 8
     end memory

     solver scf
        algorithm: scf-diis
     end solver scf

     molecular mechanics
        forcefield: non-polarizable
     end molecular mechanics

     method
        hf
     end method


  Running on 56 OMP thread(s)
  Memory available for calculation: 8.000000 GB


  :: Molecular system specifications (QM)
  ==========================================

     Name:             benzene scan 4.00
     Charge:           0
     Multiplicity:     1
     Coordinate units: angstrom

     Pure basis functions:        174
     Cartesian basis functions:   180
     Primitive basis functions:   270

     Nuclear repulsion energy (a.u.):            204.234616969248
     Bohr/angstrom value (CODATA 2010):            0.529177210920

     ==============================================================================
                                     Geometry (angstrom)
     ==============================================================================
        Atom           X                  Y                  Z         # in input
     ==============================================================================
        Basis: 6-311++g**
        1 C     -2.282182000000     0.094329000000    -0.000183000000        1
        2 C     -0.893220000000     0.094263000000     0.000431000000        2
        3 C     -0.198699000000     1.297110000000     0.000040000000        3
        4 C     -0.893125000000     2.500009000000    -0.000978000000        4
        5 C     -2.282088000000     2.500067000000    -0.001601000000        5
        6 C     -2.976633000000     1.297226000000    -0.001196000000        6
        7 H     -2.824040000000    -0.844049000000     0.000125000000        7
        8 H     -0.351527000000    -0.844201000000     0.001214000000        8
        9 H      0.884886000000     1.297069000000     0.000516000000        9
       10 H     -0.351327000000     3.438411000000    -0.001306000000       10
       11 H     -2.823832000000     3.438507000000    -0.002402000000       11
       12 H     -4.060212000000     1.297260000000    -0.001659000000       12
     ==============================================================================

     ==============================================================================
                                     Geometry (a.u.)
     ==============================================================================
        Atom           X                  Y                  Z         # in input
     ==============================================================================
        Basis: 6-311++g**
        1 C     -4.312698946412     0.178255975604    -0.000345819881        1
        2 C     -1.687941168984     0.178131253680     0.000814471960        2
        3 C     -0.375486691225     2.451182653435     0.000075589045        3
        4 C     -1.687761645002     4.724332318948    -0.001848152150        4
        5 C     -4.312521312156     4.724441923063    -0.003025451525        5
        6 C     -5.625021143342     2.451401861665    -0.002260112445        6
        7 H     -5.336662164817    -1.595021445713     0.000236215766        7
        8 H     -0.664289755390    -1.595308684084     0.002294127515        8
        9 H      1.672192191462     2.451105174663     0.000975098680        9
       10 H     -0.663911810165     6.497655093692    -0.002467982319       10
       11 H     -5.336269101783     6.497836507400    -0.004539122151       11
       12 H     -7.672688687673     2.451466112353    -0.003135055641       12
     ==============================================================================


  :: Molecular system specifications (MM)
  ==========================================

     Force Field:  non-polarizable

     Number of MM atoms:                   2
     Number of MM molecules:               1

    ====================================================================
                        MM Geometry (Å) and Parameters
    ====================================================================
    Atom    Mol             X          Y          Z            Charge
    ====================================================================
      H       1        -2.280414   0.091995  -4.000182        1.000000
      H       1        -2.279972   0.091412  -5.000181       -1.000000
    ====================================================================


  :: RHF wavefunction
  ======================

  This is a QM/MM calculation

     Electrostatic Embedding:

     Each atom of the MM portion is endowed with a charge which value 
     is a fixed external parameter.

     The QM/MM electrostatic interaction energy is defined as:

        E^ele_QM/MM = sum_i q_i * V_i(P)

     where V_i(P) is the electrostatic potential due to the QM density 
     calculated at the position of the i-th charge q_i.

     For further details, see:
     Senn & Thiel, Angew. Chem. Int. Ed., 2009, 48, 1198−1229


  - Cholesky decomposition of AO overlap to get linearly independent orbitals:

  - Orbital details:

     Number of occupied orbitals:        21
     Number of virtual orbitals:        153
     Number of molecular orbitals:      174
     Number of atomic orbitals:         174


  :: Hartree-Fock engine
  =========================

  Drives the calculation of the Hartree-Fock state.

  This is a RHF ground state calculation.
  The following tasks will be performed:

     1) Generate initial SAD density
     2) Calculation of reference state (SCF-DIIS algorithm)


  1) Generate initial SAD density


  2) Calculation of reference state (SCF-DIIS algorithm)

   - Self-consistent field DIIS Hartree-Fock solver
  ----------------------------------------------------

  A DIIS-accelerated Roothan-Hall self-consistent field solver. A least-square 
  DIIS fit is performed on the previous Fock matrices and associated gradients. 
  Following the Roothan-Hall update of the density, the DIIS-fitted Fock 
  matrix is used to get the next orbital coefficients.

  - Hartree-Fock solver settings:

     DIIS dimension:                         8
     Cumulative Fock threshold:       0.10E+01

     Energy threshold:              0.1000E-05
     Gradient threshold:            0.1000E-05

     Coulomb screening threshold:   0.1000E-11
     Exchange screening threshold:  0.1000E-09
     Fock precision:                0.1000E-23
     Integral cutoff:               0.1000E-11

  - Setting initial AO density to SAD

     Energy of initial guess:              -234.212821358061
     Number of electrons in guess:           42.000000000000

  Iteration       Energy (a.u.)      Max(grad.)    Delta E (a.u.)
  ---------------------------------------------------------------
     1          -231.199984621208     0.4500E-01     0.2312E+03
     2          -231.278995869690     0.1838E-01     0.7901E-01
     3          -231.288424880443     0.6215E-02     0.9429E-02
     4          -231.289685640447     0.5919E-03     0.1261E-02
     5          -231.289695393225     0.3131E-03     0.9753E-05
     6          -231.289697839060     0.4000E-04     0.2446E-05
     7          -231.289697939254     0.7819E-05     0.1002E-06
     8          -231.289697942925     0.1808E-05     0.3671E-08
     9          -231.289697943301     0.6480E-06     0.3758E-09
  ---------------------------------------------------------------
  Convergence criterion met in 9 iterations!

  - Summary of RHF wavefunction energetics (a.u.):

     HOMO-LUMO gap:                  0.383917869757
     Nuclear repulsion energy:     204.554035088958
     Electronic energy:           -435.843733032259
     Total energy:                -231.289697943301

  - Summary of QM/MM energetics:
                                         a.u.             eV     kcal/mol
     QM/MM SCF Contribution:        -0.853284834460
     QM/MM Electrostatic Energy:    -0.004689116275    -0.12760    -2.942

  - Molecular orbital energies

  ---------------------------------------------------------------------------------------
    1 -11.256753141360   45   0.205241352181   89   1.042108248282  133   2.725317183409
    2 -11.255683845613   46   0.208168715740   90   1.094469066322  134   2.730495648496
    3 -11.255234424193   47   0.208267636839   91   1.103862056986  135   2.730596688119
    4 -11.254501575069   48   0.240716692979   92   1.104636887846  136   2.799158842379
    5 -11.253867744442   49   0.240771408106   93   1.118104407264  137   2.799530545155
    6 -11.253029171354   50   0.269919854233   94   1.149271668682  138   2.949851231178
    7  -1.175240527659   51   0.270769324963   95   1.198720209942  139   2.949990298477
    8  -1.037523272937   52   0.294582857442   96   1.198789522512  140   2.971317366056
    9  -1.037215005288   53   0.316192144419   97   1.231422356975  141   2.982796372600
   10  -0.844865151137   54   0.317810288462   98   1.305976141685  142   3.004654308497
   11  -0.844807865003   55   0.352980645867   99   1.306422342785  143   3.005316022455
   12  -0.730970701730   56   0.393417500347  100   1.375250010464  144   3.029621144467
   13  -0.661017127374   57   0.394421645158  101   1.375370838691  145   3.030263536810
   14  -0.642011827122   58   0.416831014208  102   1.505325022485  146   3.040422436542
   15  -0.608723784271   59   0.417100998627  103   1.534302298088  147   3.071534134871
   16  -0.608404443780   60   0.428137351331  104   1.695116454616  148   3.173299250013
   17  -0.524684182649   61   0.483441282188  105   1.771768579456  149   3.173698582083
   18  -0.514324180924   62   0.483634603801  106   1.772097607390  150   3.254957784741
   19  -0.514119855614   63   0.494706226433  107   1.780654375201  151   3.275528617357
   20  -0.358399846688   64   0.494962880588  108   1.810043544296  152   3.275797894196
   21  -0.357654615959   65   0.586364195899  109   1.828800413957  153   3.317730759250
   22   0.026263253799   66   0.593817323821  110   1.828890626275  154   3.317935360495
   23   0.039538448188   67   0.690575123323  111   1.893467700393  155   3.467237539205
   24   0.040296523125   68   0.702856368664  112   1.893790921251  156   3.541959143962
   25   0.058380146001   69   0.703937174379  113   1.917716506739  157   3.767400561449
   26   0.058557758871   70   0.714609881286  114   1.917739927695  158   3.767502151772
   27   0.081499500980   71   0.732954079711  115   1.971321426725  159   3.894555664981
   28   0.085738814944   72   0.733449266727  116   2.036500796309  160   3.894892265494
   29   0.091576920324   73   0.736299175608  117   2.036939574926  161   3.908016899196
   30   0.093925382565   74   0.737286291140  118   2.089279350526  162   4.077422494653
   31   0.130583653075   75   0.738164845356  119   2.089504819901  163   4.388340203967
   32   0.134617925104   76   0.774552863343  120   2.114903782751  164   4.388653596737
   33   0.137897826879   77   0.800279518801  121   2.222883452247  165   4.482531989059
   34   0.150421643146   78   0.800756462691  122   2.223023468682  166   4.555184427033
   35   0.169230151490   79   0.868631290110  123   2.223338509899  167   4.555252030389
   36   0.170142213507   80   0.923469778367  124   2.232701079232  168   5.267706159280
   37   0.171995427836   81   0.923691189395  125   2.232930955017  169  24.726199422146
   38   0.173024247598   82   0.936064989942  126   2.281823944367  170  25.127502776015
   39   0.178168719308   83   0.936263280126  127   2.332278559744  171  25.127650292975
   40   0.193203483586   84   0.956301955353  128   2.332297068292  172  25.257759896488
   41   0.200077886425   85   0.996464056885  129   2.362090482095  173  25.257924446875
   42   0.200526408809   86   0.997400386186  130   2.362421328687  174  25.371532048399
   43   0.202068905756   87   1.000522852033  131   2.625179176450
   44   0.202478700862   88   1.041574224839  132   2.652603650669
  ---------------------------------------------------------------------------------------

  - Timings for the RHF ground state calculation

     Total wall time (sec):              7.29700
     Total cpu time (sec):             388.68801

  eT terminated successfully!
