


                     eT - an electronic structure program

  ------------------------------------------------------------------------
   Author list in alphabetical order:
  ------------------------------------------------------------------------
   J. H. Andersen, A. Balbi, S. Coriani, S. D. Folkestad, T. Giovannini, 
   L. Goletto, T. S. Haugland, A. Hutcheson, I-M. Høyvik, E. F. Kjønstad, 
   H. Koch, T. Moitra, R. H. Myhre, A. C. Paul, M. Scavino, A. Skeidsvoll, 
   Å. H. Tveten
  ------------------------------------------------------------------------


  :: Input file
  ================

     Note: geometry section is excluded from this print

     system
        name: benzene scan 2.25
        charge: 0
     end system

     do
       ground state
     end do

     memory
        available: 8
     end memory

     solver scf
        algorithm: scf-diis
     end solver scf

     molecular mechanics
        forcefield: non-polarizable
     end molecular mechanics

     method
        hf
     end method


  Running on 56 OMP thread(s)
  Memory available for calculation: 8.000000 GB


  :: Molecular system specifications (QM)
  ==========================================

     Name:             benzene scan 2.25
     Charge:           0
     Multiplicity:     1
     Coordinate units: angstrom

     Pure basis functions:        174
     Cartesian basis functions:   180
     Primitive basis functions:   270

     Nuclear repulsion energy (a.u.):            204.234616969248
     Bohr/angstrom value (CODATA 2010):            0.529177210920

     ==============================================================================
                                     Geometry (angstrom)
     ==============================================================================
        Atom           X                  Y                  Z         # in input
     ==============================================================================
        Basis: 6-311++g**
        1 C     -2.282182000000     0.094329000000    -0.000183000000        1
        2 C     -0.893220000000     0.094263000000     0.000431000000        2
        3 C     -0.198699000000     1.297110000000     0.000040000000        3
        4 C     -0.893125000000     2.500009000000    -0.000978000000        4
        5 C     -2.282088000000     2.500067000000    -0.001601000000        5
        6 C     -2.976633000000     1.297226000000    -0.001196000000        6
        7 H     -2.824040000000    -0.844049000000     0.000125000000        7
        8 H     -0.351527000000    -0.844201000000     0.001214000000        8
        9 H      0.884886000000     1.297069000000     0.000516000000        9
       10 H     -0.351327000000     3.438411000000    -0.001306000000       10
       11 H     -2.823832000000     3.438507000000    -0.002402000000       11
       12 H     -4.060212000000     1.297260000000    -0.001659000000       12
     ==============================================================================

     ==============================================================================
                                     Geometry (a.u.)
     ==============================================================================
        Atom           X                  Y                  Z         # in input
     ==============================================================================
        Basis: 6-311++g**
        1 C     -4.312698946412     0.178255975604    -0.000345819881        1
        2 C     -1.687941168984     0.178131253680     0.000814471960        2
        3 C     -0.375486691225     2.451182653435     0.000075589045        3
        4 C     -1.687761645002     4.724332318948    -0.001848152150        4
        5 C     -4.312521312156     4.724441923063    -0.003025451525        5
        6 C     -5.625021143342     2.451401861665    -0.002260112445        6
        7 H     -5.336662164817    -1.595021445713     0.000236215766        7
        8 H     -0.664289755390    -1.595308684084     0.002294127515        8
        9 H      1.672192191462     2.451105174663     0.000975098680        9
       10 H     -0.663911810165     6.497655093692    -0.002467982319       10
       11 H     -5.336269101783     6.497836507400    -0.004539122151       11
       12 H     -7.672688687673     2.451466112353    -0.003135055641       12
     ==============================================================================


  :: Molecular system specifications (MM)
  ==========================================

     Force Field:  non-polarizable

     Number of MM atoms:                   2
     Number of MM molecules:               1

    ====================================================================
                        MM Geometry (Å) and Parameters
    ====================================================================
    Atom    Mol             X          Y          Z            Charge
    ====================================================================
      H       1        -2.281187   0.093016  -2.250182        1.000000
      H       1        -2.280745   0.092433  -3.250182       -1.000000
    ====================================================================


  :: RHF wavefunction
  ======================

  This is a QM/MM calculation

     Electrostatic Embedding:

     Each atom of the MM portion is endowed with a charge which value 
     is a fixed external parameter.

     The QM/MM electrostatic interaction energy is defined as:

        E^ele_QM/MM = sum_i q_i * V_i(P)

     where V_i(P) is the electrostatic potential due to the QM density 
     calculated at the position of the i-th charge q_i.

     For further details, see:
     Senn & Thiel, Angew. Chem. Int. Ed., 2009, 48, 1198−1229


  - Cholesky decomposition of AO overlap to get linearly independent orbitals:

  - Orbital details:

     Number of occupied orbitals:        21
     Number of virtual orbitals:        153
     Number of molecular orbitals:      174
     Number of atomic orbitals:         174


  :: Hartree-Fock engine
  =========================

  Drives the calculation of the Hartree-Fock state.

  This is a RHF ground state calculation.
  The following tasks will be performed:

     1) Generate initial SAD density
     2) Calculation of reference state (SCF-DIIS algorithm)


  1) Generate initial SAD density


  2) Calculation of reference state (SCF-DIIS algorithm)

   - Self-consistent field DIIS Hartree-Fock solver
  ----------------------------------------------------

  A DIIS-accelerated Roothan-Hall self-consistent field solver. A least-square 
  DIIS fit is performed on the previous Fock matrices and associated gradients. 
  Following the Roothan-Hall update of the density, the DIIS-fitted Fock 
  matrix is used to get the next orbital coefficients.

  - Hartree-Fock solver settings:

     DIIS dimension:                         8
     Cumulative Fock threshold:       0.10E+01

     Energy threshold:              0.1000E-05
     Gradient threshold:            0.1000E-05

     Coulomb screening threshold:   0.1000E-11
     Exchange screening threshold:  0.1000E-09
     Fock precision:                0.1000E-23
     Integral cutoff:               0.1000E-11

  - Setting initial AO density to SAD

     Energy of initial guess:              -234.209928910156
     Number of electrons in guess:           42.000000000000

  Iteration       Energy (a.u.)      Max(grad.)    Delta E (a.u.)
  ---------------------------------------------------------------
     1          -231.210844746984     0.4720E-01     0.2312E+03
     2          -231.293601909155     0.2136E-01     0.8276E-01
     3          -231.304827726852     0.7598E-02     0.1123E-01
     4          -231.306301860687     0.1440E-02     0.1474E-02
     5          -231.306351746140     0.3571E-03     0.4989E-04
     6          -231.306358320768     0.8744E-04     0.6575E-05
     7          -231.306359180991     0.4233E-04     0.8602E-06
     8          -231.306359430871     0.2076E-04     0.2499E-06
     9          -231.306359484252     0.6368E-05     0.5338E-07
    10          -231.306359488121     0.2149E-05     0.3869E-08
    11          -231.306359488309     0.4396E-06     0.1879E-09
  ---------------------------------------------------------------
  Convergence criterion met in 11 iterations!

  - Summary of RHF wavefunction energetics (a.u.):

     HOMO-LUMO gap:                  0.406054646965
     Nuclear repulsion energy:     205.421813882663
     Electronic energy:           -436.728173370973
     Total energy:                -231.306359488309

  - Summary of QM/MM energetics:
                                         a.u.             eV     kcal/mol
     QM/MM SCF Contribution:        -1.749027972910
     QM/MM Electrostatic Energy:    -0.032653990196    -0.88856   -20.491

  - Molecular orbital energies

  ---------------------------------------------------------------------------------------
    1 -11.276736396111   45   0.202333817964   89   1.032146536258  133   2.711591774624
    2 -11.276399410141   46   0.205750839881   90   1.078742728141  134   2.713318025314
    3 -11.274231240100   47   0.211352265473   91   1.087756234506  135   2.715028776588
    4 -11.271660061160   48   0.239253044961   92   1.090184894418  136   2.784319913186
    5 -11.268001511306   49   0.239276798302   93   1.103992207249  137   2.785888213942
    6 -11.267781920510   50   0.271762524081   94   1.132324248698  138   2.933914639041
    7  -1.194516320192   51   0.273777583736   95   1.178044737079  139   2.934633248732
    8  -1.056796176099   52   0.293889209388   96   1.179014369883  140   2.957629517920
    9  -1.054109152701   53   0.312617637895   97   1.212664679190  141   2.965539701256
   10  -0.861981435325   54   0.321578272411   98   1.287235480263  142   2.990672796733
   11  -0.861447039859   55   0.338865398496   99   1.290820504747  143   2.992839030296
   12  -0.747381501304   56   0.385219833865  100   1.358401762675  144   3.015557928700
   13  -0.675869388813   57   0.387538743237  101   1.358469543837  145   3.018856971627
   14  -0.659564896721   58   0.407643739626  102   1.484250974301  146   3.022299309519
   15  -0.625565346914   59   0.408360728913  103   1.517589033839  147   3.058646510528
   16  -0.623952871175   60   0.421615923916  104   1.679038645019  148   3.153665581139
   17  -0.546934815086   61   0.471310193571  105   1.755649673940  149   3.156446523971
   18  -0.530376607322   62   0.472781314861  106   1.757351321550  150   3.239417598836
   19  -0.529615669356   63   0.483540333910  107   1.763593840683  151   3.255348440577
   20  -0.383476932334   64   0.483625143532  108   1.792860609799  152   3.258423227008
   21  -0.373298851279   65   0.573644280918  109   1.812166695743  153   3.300987081383
   22   0.032755795686   66   0.584787220536  110   1.812768386236  154   3.301903991658
   23   0.041289775548   67   0.673697802851  111   1.878259028346  155   3.447946967204
   24   0.041418975566   68   0.688811798415  112   1.879811021550  156   3.524232300956
   25   0.059150898893   69   0.693115061417  113   1.901060554357  157   3.748978847027
   26   0.059179984599   70   0.699482618458  114   1.902592134232  158   3.749558180915
   27   0.067896416417   71   0.715203110455  115   1.956365357670  159   3.875502249296
   28   0.081033672323   72   0.720211334060  116   2.020309430311  160   3.878316170713
   29   0.082202627190   73   0.722733701788  117   2.022830606071  161   3.891788119317
   30   0.106143697634   74   0.725177962080  118   2.073625870217  162   4.060515046133
   31   0.120351931325   75   0.726035463546  119   2.075159466445  163   4.370634665525
   32   0.139702843270   76   0.760500244662  120   2.101141887162  164   4.372777683893
   33   0.141198775599   77   0.781235504223  121   2.203966232075  165   4.465640605427
   34   0.147851792528   78   0.786635952950  122   2.204936869661  166   4.537485437342
   35   0.167279924133   79   0.853308356245  123   2.209855592161  167   4.537633914724
   36   0.168214426143   80   0.909630094945  124   2.215170460539  168   5.248940169618
   37   0.168904571769   81   0.910663985744  125   2.217636766969  169  24.708665549511
   38   0.170707289076   82   0.920963300723  126   2.266280414052  170  25.109679474149
   39   0.178973809038   83   0.922361794144  127   2.314696174850  171  25.110090364814
   40   0.194074645700   84   0.942068022653  128   2.315663260927  172  25.239804178197
   41   0.199061910973   85   0.976951785849  129   2.344398199661  173  25.240613861549
   42   0.199320609938   86   0.984491946705  130   2.346502817434  174  25.353946770747
   43   0.200175102899   87   0.990193138834  131   2.608444071702
   44   0.201641053170   88   1.028575197639  132   2.634559287165
  ---------------------------------------------------------------------------------------

  - Timings for the RHF ground state calculation

     Total wall time (sec):              8.57200
     Total cpu time (sec):             457.17744

  eT terminated successfully!
