
  Preparation of molecular system (Libint)
  wall time (sec):                 0.00
  cpu time (sec):                  0.00
  cpu/wall ratio:                  1.50

  Preparation of molecular system (total)
  wall time (sec):                 0.10
  cpu time (sec):                  0.86
  cpu/wall ratio:                  8.71

  Cholesky decomposition of AO overlap
  wall time (sec):                 0.10
  cpu time (sec):                  3.59
  cpu/wall ratio:                 34.82


  :: Hartree-Fock engine
  =========================


  1) Generate initial SAD density

  SAD generation time
  wall time (sec):                 0.18
  cpu time (sec):                  8.05
  cpu/wall ratio:                 44.71


  2) Calculation of reference state (SCF-DIIS algorithm)

  AO Fock construction
  wall time (sec):                 0.15
  cpu time (sec):                  8.26
  cpu/wall ratio:                 54.68

  AO Fock construction
  wall time (sec):                 0.55
  cpu time (sec):                 30.27
  cpu/wall ratio:                 55.34

  AO Fock construction
  wall time (sec):                 0.53
  cpu time (sec):                 29.42
  cpu/wall ratio:                 55.41

  SCF DIIS iteration time
  wall time (sec):                 0.72
  cpu time (sec):                 38.26
  cpu/wall ratio:                 53.21

  AO Fock construction
  wall time (sec):                 0.59
  cpu time (sec):                 32.52
  cpu/wall ratio:                 55.22

  SCF DIIS iteration time
  wall time (sec):                 0.75
  cpu time (sec):                 40.17
  cpu/wall ratio:                 53.42

  AO Fock construction
  wall time (sec):                 0.54
  cpu time (sec):                 29.87
  cpu/wall ratio:                 55.32

  SCF DIIS iteration time
  wall time (sec):                 0.86
  cpu time (sec):                 46.11
  cpu/wall ratio:                 53.87

  AO Fock construction
  wall time (sec):                 0.61
  cpu time (sec):                 33.52
  cpu/wall ratio:                 55.12

  SCF DIIS iteration time
  wall time (sec):                 0.76
  cpu time (sec):                 40.92
  cpu/wall ratio:                 53.70

  AO Fock construction
  wall time (sec):                 0.52
  cpu time (sec):                 28.84
  cpu/wall ratio:                 55.14

  SCF DIIS iteration time
  wall time (sec):                 0.78
  cpu time (sec):                 41.48
  cpu/wall ratio:                 53.52

  AO Fock construction
  wall time (sec):                 0.46
  cpu time (sec):                 25.69
  cpu/wall ratio:                 55.37

  SCF DIIS iteration time
  wall time (sec):                 0.64
  cpu time (sec):                 34.29
  cpu/wall ratio:                 53.58

  AO Fock construction
  wall time (sec):                 0.49
  cpu time (sec):                 26.79
  cpu/wall ratio:                 55.11

  SCF DIIS iteration time
  wall time (sec):                 0.59
  cpu time (sec):                 31.20
  cpu/wall ratio:                 53.24

  SCF DIIS iteration time
  wall time (sec):                 0.00
  cpu time (sec):                  0.06
  cpu/wall ratio:                 56.34

  SCF DIIS solver time
  wall time (sec):                 6.05
  cpu time (sec):                323.57
  cpu/wall ratio:                 53.45

  Hartree-Fock engine
  wall time (sec):                 6.23
  cpu time (sec):                331.62
  cpu/wall ratio:                 53.19


  :: Total time
  ================

  Total time in eT
  wall time (sec):                 6.50
  cpu time (sec):                338.98
  cpu/wall ratio:                 52.12
