


                     eT - an electronic structure program

  ------------------------------------------------------------------------
   Author list in alphabetical order:
  ------------------------------------------------------------------------
   J. H. Andersen, A. Balbi, S. Coriani, S. D. Folkestad, T. Giovannini, 
   L. Goletto, T. S. Haugland, A. Hutcheson, I-M. Høyvik, E. F. Kjønstad, 
   H. Koch, T. Moitra, R. H. Myhre, A. C. Paul, M. Scavino, A. Skeidsvoll, 
   Å. H. Tveten
  ------------------------------------------------------------------------


  :: Input file
  ================

     Note: geometry section is excluded from this print

     system
        name: benzene scan 8.00
        charge: 0
     end system

     do
       ground state
     end do

     memory
        available: 8
     end memory

     solver scf
        algorithm: scf-diis
     end solver scf

     molecular mechanics
        forcefield: non-polarizable
     end molecular mechanics

     method
        hf
     end method


  Running on 56 OMP thread(s)
  Memory available for calculation: 8.000000 GB


  :: Molecular system specifications (QM)
  ==========================================

     Name:             benzene scan 8.00
     Charge:           0
     Multiplicity:     1
     Coordinate units: angstrom

     Pure basis functions:        174
     Cartesian basis functions:   180
     Primitive basis functions:   270

     Nuclear repulsion energy (a.u.):            204.234616969248
     Bohr/angstrom value (CODATA 2010):            0.529177210920

     ==============================================================================
                                     Geometry (angstrom)
     ==============================================================================
        Atom           X                  Y                  Z         # in input
     ==============================================================================
        Basis: 6-311++g**
        1 C     -2.282182000000     0.094329000000    -0.000183000000        1
        2 C     -0.893220000000     0.094263000000     0.000431000000        2
        3 C     -0.198699000000     1.297110000000     0.000040000000        3
        4 C     -0.893125000000     2.500009000000    -0.000978000000        4
        5 C     -2.282088000000     2.500067000000    -0.001601000000        5
        6 C     -2.976633000000     1.297226000000    -0.001196000000        6
        7 H     -2.824040000000    -0.844049000000     0.000125000000        7
        8 H     -0.351527000000    -0.844201000000     0.001214000000        8
        9 H      0.884886000000     1.297069000000     0.000516000000        9
       10 H     -0.351327000000     3.438411000000    -0.001306000000       10
       11 H     -2.823832000000     3.438507000000    -0.002402000000       11
       12 H     -4.060212000000     1.297260000000    -0.001659000000       12
     ==============================================================================

     ==============================================================================
                                     Geometry (a.u.)
     ==============================================================================
        Atom           X                  Y                  Z         # in input
     ==============================================================================
        Basis: 6-311++g**
        1 C     -4.312698946412     0.178255975604    -0.000345819881        1
        2 C     -1.687941168984     0.178131253680     0.000814471960        2
        3 C     -0.375486691225     2.451182653435     0.000075589045        3
        4 C     -1.687761645002     4.724332318948    -0.001848152150        4
        5 C     -4.312521312156     4.724441923063    -0.003025451525        5
        6 C     -5.625021143342     2.451401861665    -0.002260112445        6
        7 H     -5.336662164817    -1.595021445713     0.000236215766        7
        8 H     -0.664289755390    -1.595308684084     0.002294127515        8
        9 H      1.672192191462     2.451105174663     0.000975098680        9
       10 H     -0.663911810165     6.497655093692    -0.002467982319       10
       11 H     -5.336269101783     6.497836507400    -0.004539122151       11
       12 H     -7.672688687673     2.451466112353    -0.003135055641       12
     ==============================================================================


  :: Molecular system specifications (MM)
  ==========================================

     Force Field:  non-polarizable

     Number of MM atoms:                   2
     Number of MM molecules:               1

    ====================================================================
                        MM Geometry (Å) and Parameters
    ====================================================================
    Atom    Mol             X          Y          Z            Charge
    ====================================================================
      H       1        -2.278646   0.089661  -8.000180        1.000000
      H       1        -2.278204   0.089078  -9.000180       -1.000000
    ====================================================================


  :: RHF wavefunction
  ======================

  This is a QM/MM calculation

     Electrostatic Embedding:

     Each atom of the MM portion is endowed with a charge which value 
     is a fixed external parameter.

     The QM/MM electrostatic interaction energy is defined as:

        E^ele_QM/MM = sum_i q_i * V_i(P)

     where V_i(P) is the electrostatic potential due to the QM density 
     calculated at the position of the i-th charge q_i.

     For further details, see:
     Senn & Thiel, Angew. Chem. Int. Ed., 2009, 48, 1198−1229


  - Cholesky decomposition of AO overlap to get linearly independent orbitals:

  - Orbital details:

     Number of occupied orbitals:        21
     Number of virtual orbitals:        153
     Number of molecular orbitals:      174
     Number of atomic orbitals:         174


  :: Hartree-Fock engine
  =========================

  Drives the calculation of the Hartree-Fock state.

  This is a RHF ground state calculation.
  The following tasks will be performed:

     1) Generate initial SAD density
     2) Calculation of reference state (SCF-DIIS algorithm)


  1) Generate initial SAD density


  2) Calculation of reference state (SCF-DIIS algorithm)

   - Self-consistent field DIIS Hartree-Fock solver
  ----------------------------------------------------

  A DIIS-accelerated Roothan-Hall self-consistent field solver. A least-square 
  DIIS fit is performed on the previous Fock matrices and associated gradients. 
  Following the Roothan-Hall update of the density, the DIIS-fitted Fock 
  matrix is used to get the next orbital coefficients.

  - Hartree-Fock solver settings:

     DIIS dimension:                         8
     Cumulative Fock threshold:       0.10E+01

     Energy threshold:              0.1000E-05
     Gradient threshold:            0.1000E-05

     Coulomb screening threshold:   0.1000E-11
     Exchange screening threshold:  0.1000E-09
     Fock precision:                0.1000E-23
     Integral cutoff:               0.1000E-11

  - Setting initial AO density to SAD

     Energy of initial guess:              -234.212848027305
     Number of electrons in guess:           42.000000000000

  Iteration       Energy (a.u.)      Max(grad.)    Delta E (a.u.)
  ---------------------------------------------------------------
     1          -231.197567479457     0.4427E-01     0.2312E+03
     2          -231.275798094420     0.1802E-01     0.7823E-01
     3          -231.284925457037     0.6241E-02     0.9127E-02
     4          -231.286165599453     0.3709E-03     0.1240E-02
     5          -231.286174538330     0.7846E-04     0.8939E-05
     6          -231.286174754703     0.3862E-04     0.2164E-06
     7          -231.286174798676     0.4732E-05     0.4397E-07
     8          -231.286174799930     0.8603E-06     0.1253E-08
  ---------------------------------------------------------------
  Convergence criterion met in 8 iterations!

  - Summary of RHF wavefunction energetics (a.u.):

     HOMO-LUMO gap:                  0.381083213250
     Nuclear repulsion energy:     203.988484654789
     Electronic energy:           -435.274659454719
     Total energy:                -231.286174799930

  - Summary of QM/MM energetics:
                                         a.u.             eV     kcal/mol
     QM/MM SCF Contribution:        -0.283521968762
     QM/MM Electrostatic Energy:    -0.000477213922    -0.01299    -0.299

  - Molecular orbital energies

  ---------------------------------------------------------------------------------------
    1 -11.243700447829   45   0.212427282693   89   1.052866143652  133   2.736569405098
    2 -11.243096971789   46   0.220795422839   90   1.106586993328  134   2.742466438378
    3 -11.243085367242   47   0.220882957835   91   1.116609672744  135   2.742481366525
    4 -11.241846105901   48   0.245469758410   92   1.116633988101  136   2.810602118136
    5 -11.241823667585   49   0.245477558430   93   1.129333332950  137   2.810613894667
    6 -11.241194336254   50   0.281988027472   94   1.161665899624  138   2.961679346858
    7  -1.162251165544   51   0.281998620159   95   1.212081591163  139   2.961683517157
    8  -1.024762676812   52   0.298382061219   96   1.212090925480  140   2.982605994259
    9  -1.024753083447   53   0.326363515086   97   1.244317866778  141   2.994976807369
   10  -0.832639376712   54   0.328121713091   98   1.318609968103  142   3.016437059251
   11  -0.832638132827   55   0.364836231419   99   1.318622131788  143   3.016457415676
   12  -0.718885560827   56   0.402692312910  100   1.387622405891  144   3.041021386591
   13  -0.649519582725   57   0.402754702249  101   1.387631853401  145   3.041052508440
   14  -0.629579363335   58   0.425449776512  102   1.518366456618  146   3.053585877235
   15  -0.596579585574   59   0.425470032467  103   1.546579491625  147   3.082588047295
   16  -0.596568141475   60   0.435235193984  104   1.707101325615  148   3.186359520890
   17  -0.511099242946   61   0.493539792443  105   1.783743725545  149   3.186373810078
   18  -0.502401656484   62   0.493558712294  106   1.783749431013  150   3.266690971904
   19  -0.502389737725   63   0.504972133533  107   1.793354828009  151   3.288542714912
   20  -0.344774058854   64   0.504993878864  108   1.821995415195  152   3.288550305232
   21  -0.344756512812   65   0.597043566913  109   1.841151531816  153   3.329828052407
   22   0.036326700438   66   0.604220395673  110   1.841154618143  154   3.329852657466
   23   0.043723265679   67   0.707709968179  111   1.905129631861  155   3.480297477752
   24   0.043789917552   68   0.715981938067  112   1.905137845817  156   3.554418453120
   25   0.061460157028   69   0.716018154195  113   1.929731739703  157   3.780068617315
   26   0.061491901236   70   0.725965869212  114   1.929759653723  158   3.780076563228
   27   0.083707012243   71   0.745421647930  115   1.982904872987  159   3.907177006924
   28   0.103596107996   72   0.745425498155  116   2.048401257484  160   3.907195679841
   29   0.103610388312   73   0.748655536416  117   2.048416082321  161   3.920388597279
   30   0.120853478623   74   0.749702391328  118   2.100952818605  162   4.089630067071
   31   0.145184044513   75   0.749743178798  119   2.100969566713  163   4.400634371729
   32   0.145316589303   76   0.789866353993  120   2.126026616858  164   4.400649623029
   33   0.150720096777   77   0.813158986451  121   2.234242073976  165   4.494731968571
   34   0.157259780286   78   0.813169277248  122   2.235745155781  166   4.567735183226
   35   0.175997554838   79   0.880728388554  123   2.235749194271  167   4.567743553967
   36   0.176003594584   80   0.934684292478  124   2.244983375374  168   5.280528478280
   37   0.177761385137   81   0.934689237074  125   2.244985621324  169  24.738578726535
   38   0.177908083690   82   0.947467243194  126   2.293444835252  170  25.139979915304
   39   0.185961228459   83   0.947480536361  127   2.344530608197  171  25.139986053690
   40   0.203232852550   84   0.968258871422  128   2.344534068412  172  25.270242501657
   41   0.206973173596   85   1.009752372330  129   2.374478255498  173  25.270254980968
   42   0.207023270274   86   1.009773734003  130   2.374501353295  174  25.383928659527
   43   0.210106632818   87   1.010641106130  131   2.637380335980
   44   0.210133261592   88   1.052844774915  132   2.665237595065
  ---------------------------------------------------------------------------------------

  - Timings for the RHF ground state calculation

     Total wall time (sec):              6.36600
     Total cpu time (sec):             338.19002

  eT terminated successfully!
