
  Preparation of molecular system (Libint)
  wall time (sec):                 0.00
  cpu time (sec):                  0.00
  cpu/wall ratio:                  0.91

  Preparation of molecular system (total)
  wall time (sec):                 0.11
  cpu time (sec):                  1.54
  cpu/wall ratio:                 13.75

  Cholesky decomposition of AO overlap
  wall time (sec):                 0.10
  cpu time (sec):                  3.77
  cpu/wall ratio:                 35.87


  :: Hartree-Fock engine
  =========================


  1) Generate initial SAD density

  SAD generation time
  wall time (sec):                 0.19
  cpu time (sec):                  8.57
  cpu/wall ratio:                 45.84


  2) Calculation of reference state (SCF-DIIS algorithm)

  AO Fock construction
  wall time (sec):                 0.20
  cpu time (sec):                 10.96
  cpu/wall ratio:                 54.53

  AO Fock construction
  wall time (sec):                 0.58
  cpu time (sec):                 32.19
  cpu/wall ratio:                 55.21

  AO Fock construction
  wall time (sec):                 0.65
  cpu time (sec):                 35.66
  cpu/wall ratio:                 55.04

  SCF DIIS iteration time
  wall time (sec):                 0.94
  cpu time (sec):                 50.50
  cpu/wall ratio:                 53.44

  AO Fock construction
  wall time (sec):                 0.52
  cpu time (sec):                 28.93
  cpu/wall ratio:                 55.42

  SCF DIIS iteration time
  wall time (sec):                 0.80
  cpu time (sec):                 42.68
  cpu/wall ratio:                 53.49

  AO Fock construction
  wall time (sec):                 0.65
  cpu time (sec):                 35.66
  cpu/wall ratio:                 55.20

  SCF DIIS iteration time
  wall time (sec):                 0.79
  cpu time (sec):                 42.52
  cpu/wall ratio:                 53.69

  AO Fock construction
  wall time (sec):                 0.66
  cpu time (sec):                 35.60
  cpu/wall ratio:                 54.18

  SCF DIIS iteration time
  wall time (sec):                 0.79
  cpu time (sec):                 41.69
  cpu/wall ratio:                 52.90

  AO Fock construction
  wall time (sec):                 0.54
  cpu time (sec):                 29.76
  cpu/wall ratio:                 55.21

  SCF DIIS iteration time
  wall time (sec):                 0.69
  cpu time (sec):                 36.65
  cpu/wall ratio:                 53.50

  AO Fock construction
  wall time (sec):                 0.49
  cpu time (sec):                 27.33
  cpu/wall ratio:                 55.33

  SCF DIIS iteration time
  wall time (sec):                 0.71
  cpu time (sec):                 38.34
  cpu/wall ratio:                 53.63

  AO Fock construction
  wall time (sec):                 0.43
  cpu time (sec):                 23.91
  cpu/wall ratio:                 55.34

  SCF DIIS iteration time
  wall time (sec):                 0.55
  cpu time (sec):                 29.25
  cpu/wall ratio:                 53.18

  AO Fock construction
  wall time (sec):                 0.42
  cpu time (sec):                 22.97
  cpu/wall ratio:                 55.21

  SCF DIIS iteration time
  wall time (sec):                 0.58
  cpu time (sec):                 31.04
  cpu/wall ratio:                 53.24

  SCF DIIS iteration time
  wall time (sec):                 0.00
  cpu time (sec):                  0.11
  cpu/wall ratio:                 55.54

  SCF DIIS solver time
  wall time (sec):                 6.96
  cpu time (sec):                371.29
  cpu/wall ratio:                 53.37

  Hartree-Fock engine
  wall time (sec):                 7.15
  cpu time (sec):                379.87
  cpu/wall ratio:                 53.17


  :: Total time
  ================

  Total time in eT
  wall time (sec):                 7.43
  cpu time (sec):                388.84
  cpu/wall ratio:                 52.30
