


                     eT - an electronic structure program

  ------------------------------------------------------------------------
   Author list in alphabetical order:
  ------------------------------------------------------------------------
   J. H. Andersen, A. Balbi, S. Coriani, S. D. Folkestad, T. Giovannini, 
   L. Goletto, T. S. Haugland, A. Hutcheson, I-M. Høyvik, E. F. Kjønstad, 
   H. Koch, T. Moitra, R. H. Myhre, A. C. Paul, M. Scavino, A. Skeidsvoll, 
   Å. H. Tveten
  ------------------------------------------------------------------------


  :: Input file
  ================

     Note: geometry section is excluded from this print

     system
        name: benzene scan 5.50
        charge: 0
     end system

     do
       ground state
     end do

     memory
        available: 8
     end memory

     solver scf
        algorithm: scf-diis
     end solver scf

     molecular mechanics
        forcefield: non-polarizable
     end molecular mechanics

     method
        hf
     end method


  Running on 56 OMP thread(s)
  Memory available for calculation: 8.000000 GB


  :: Molecular system specifications (QM)
  ==========================================

     Name:             benzene scan 5.50
     Charge:           0
     Multiplicity:     1
     Coordinate units: angstrom

     Pure basis functions:        174
     Cartesian basis functions:   180
     Primitive basis functions:   270

     Nuclear repulsion energy (a.u.):            204.234616969248
     Bohr/angstrom value (CODATA 2010):            0.529177210920

     ==============================================================================
                                     Geometry (angstrom)
     ==============================================================================
        Atom           X                  Y                  Z         # in input
     ==============================================================================
        Basis: 6-311++g**
        1 C     -2.282182000000     0.094329000000    -0.000183000000        1
        2 C     -0.893220000000     0.094263000000     0.000431000000        2
        3 C     -0.198699000000     1.297110000000     0.000040000000        3
        4 C     -0.893125000000     2.500009000000    -0.000978000000        4
        5 C     -2.282088000000     2.500067000000    -0.001601000000        5
        6 C     -2.976633000000     1.297226000000    -0.001196000000        6
        7 H     -2.824040000000    -0.844049000000     0.000125000000        7
        8 H     -0.351527000000    -0.844201000000     0.001214000000        8
        9 H      0.884886000000     1.297069000000     0.000516000000        9
       10 H     -0.351327000000     3.438411000000    -0.001306000000       10
       11 H     -2.823832000000     3.438507000000    -0.002402000000       11
       12 H     -4.060212000000     1.297260000000    -0.001659000000       12
     ==============================================================================

     ==============================================================================
                                     Geometry (a.u.)
     ==============================================================================
        Atom           X                  Y                  Z         # in input
     ==============================================================================
        Basis: 6-311++g**
        1 C     -4.312698946412     0.178255975604    -0.000345819881        1
        2 C     -1.687941168984     0.178131253680     0.000814471960        2
        3 C     -0.375486691225     2.451182653435     0.000075589045        3
        4 C     -1.687761645002     4.724332318948    -0.001848152150        4
        5 C     -4.312521312156     4.724441923063    -0.003025451525        5
        6 C     -5.625021143342     2.451401861665    -0.002260112445        6
        7 H     -5.336662164817    -1.595021445713     0.000236215766        7
        8 H     -0.664289755390    -1.595308684084     0.002294127515        8
        9 H      1.672192191462     2.451105174663     0.000975098680        9
       10 H     -0.663911810165     6.497655093692    -0.002467982319       10
       11 H     -5.336269101783     6.497836507400    -0.004539122151       11
       12 H     -7.672688687673     2.451466112353    -0.003135055641       12
     ==============================================================================


  :: Molecular system specifications (MM)
  ==========================================

     Force Field:  non-polarizable

     Number of MM atoms:                   2
     Number of MM molecules:               1

    ====================================================================
                        MM Geometry (Å) and Parameters
    ====================================================================
    Atom    Mol             X          Y          Z            Charge
    ====================================================================
      H       1        -2.279751   0.091120  -5.500182        1.000000
      H       1        -2.279309   0.090536  -6.500181       -1.000000
    ====================================================================


  :: RHF wavefunction
  ======================

  This is a QM/MM calculation

     Electrostatic Embedding:

     Each atom of the MM portion is endowed with a charge which value 
     is a fixed external parameter.

     The QM/MM electrostatic interaction energy is defined as:

        E^ele_QM/MM = sum_i q_i * V_i(P)

     where V_i(P) is the electrostatic potential due to the QM density 
     calculated at the position of the i-th charge q_i.

     For further details, see:
     Senn & Thiel, Angew. Chem. Int. Ed., 2009, 48, 1198−1229


  - Cholesky decomposition of AO overlap to get linearly independent orbitals:

  - Orbital details:

     Number of occupied orbitals:        21
     Number of virtual orbitals:        153
     Number of molecular orbitals:      174
     Number of atomic orbitals:         174


  :: Hartree-Fock engine
  =========================

  Drives the calculation of the Hartree-Fock state.

  This is a RHF ground state calculation.
  The following tasks will be performed:

     1) Generate initial SAD density
     2) Calculation of reference state (SCF-DIIS algorithm)


  1) Generate initial SAD density


  2) Calculation of reference state (SCF-DIIS algorithm)

   - Self-consistent field DIIS Hartree-Fock solver
  ----------------------------------------------------

  A DIIS-accelerated Roothan-Hall self-consistent field solver. A least-square 
  DIIS fit is performed on the previous Fock matrices and associated gradients. 
  Following the Roothan-Hall update of the density, the DIIS-fitted Fock 
  matrix is used to get the next orbital coefficients.

  - Hartree-Fock solver settings:

     DIIS dimension:                         8
     Cumulative Fock threshold:       0.10E+01

     Energy threshold:              0.1000E-05
     Gradient threshold:            0.1000E-05

     Coulomb screening threshold:   0.1000E-11
     Exchange screening threshold:  0.1000E-09
     Fock precision:                0.1000E-23
     Integral cutoff:               0.1000E-11

  - Setting initial AO density to SAD

     Energy of initial guess:              -234.212848264750
     Number of electrons in guess:           42.000000000000

  Iteration       Energy (a.u.)      Max(grad.)    Delta E (a.u.)
  ---------------------------------------------------------------
     1          -231.198315193792     0.4450E-01     0.2312E+03
     2          -231.276784404293     0.1814E-01     0.7847E-01
     3          -231.285999462656     0.6235E-02     0.9215E-02
     4          -231.287243651007     0.4349E-03     0.1244E-02
     5          -231.287252594610     0.1574E-03     0.8944E-05
     6          -231.287253183507     0.4583E-04     0.5889E-06
     7          -231.287253266745     0.4797E-05     0.8324E-07
     8          -231.287253268074     0.1232E-05     0.1329E-08
     9          -231.287253268293     0.2703E-06     0.2185E-09
  ---------------------------------------------------------------
  Convergence criterion met in 9 iterations!

  - Summary of RHF wavefunction energetics (a.u.):

     HOMO-LUMO gap:                  0.382299904946
     Nuclear repulsion energy:     204.232966414534
     Electronic energy:           -435.520219682827
     Total energy:                -231.287253268293

  - Summary of QM/MM energetics:
                                         a.u.             eV     kcal/mol
     QM/MM SCF Contribution:        -0.529190157839
     QM/MM Electrostatic Energy:    -0.001663114386    -0.04526    -1.044

  - Molecular orbital energies

  ---------------------------------------------------------------------------------------
    1 -11.249278780026   45   0.210030004198   89   1.047868471675  133   2.731500007040
    2 -11.248554531559   46   0.213633961851   90   1.101193378453  134   2.737181768621
    3 -11.248429879206   47   0.214460888625   91   1.111033711862  135   2.737192200269
    4 -11.247382087727   48   0.242767098690   92   1.111232923111  136   2.805479413888
    5 -11.247199817308   49   0.242797592500   93   1.124273648779  137   2.805585701002
    6 -11.246496836954   50   0.276122260135   94   1.156212924938  138   2.956429216884
    7  -1.167881675129   51   0.276278900805   95   1.206316121919  139   2.956463727948
    8  -1.030306336261   52   0.296107917447   96   1.206352337542  140   2.977525464432
    9  -1.030237195310   53   0.321492521939   97   1.238707512469  141   2.989598082232
   10  -0.838027706900   54   0.322337200153   98   1.313108101934  142   3.011227255785
   11  -0.838014020833   55   0.359504409059   99   1.313209094736  143   3.011375160430
   12  -0.724227707273   56   0.398132428612  100   1.382177529947  144   3.035903327302
   13  -0.654675519295   57   0.398565055182  101   1.382218823877  145   3.036071126968
   14  -0.635034896016   58   0.421324693015  102   1.512715286175  146   3.047863284878
   15  -0.601925230727   59   0.421438022303  103   1.541148358092  147   3.077541953866
   16  -0.601842336461   60   0.431701148479  104   1.701787286199  148   3.180702742467
   17  -0.516922305360   61   0.488872567259  105   1.778454417113  149   3.180794104355
   18  -0.507685230130   62   0.488942974014  106   1.778527644943  150   3.261463512542
   19  -0.507623285484   63   0.500170644187  107   1.787782324029  151   3.282905878777
   20  -0.350569811684   64   0.500308102097  108   1.816693409258  152   3.282960574046
   21  -0.350427098730   65   0.592158654218  109   1.835695842539  153   3.324497911717
   22   0.031872806215   66   0.599268058134  110   1.835724775771  154   3.324565485500
   23   0.041043218530   67   0.700842136697  111   1.899931336572  155   3.474632989713
   24   0.041305854935   68   0.710235000051  112   1.900018349363  156   3.548958996595
   25   0.059363217536   69   0.710496492135  113   1.924399312990  157   3.774545154548
   26   0.059466642722   70   0.720881149798  114   1.924432037400  158   3.774568338450
   27   0.082145874875   71   0.740019456031  115   1.977723019915  159   3.901692270563
   28   0.097947703303   72   0.740058134714  116   2.043131340118  160   3.901769732565
   29   0.098123912601   73   0.743620846755  117   2.043244704292  161   3.914933968486
   30   0.110339571198   74   0.743840684989  118   2.095752249126  162   4.084252191890
   31   0.138256053602   75   0.743957045828  119   2.095817076195  163   4.395242058884
   32   0.139396683730   76   0.783355501554  120   2.120996630255  164   4.395321283927
   33   0.144476440859   77   0.807483440590  121   2.229288930394  165   4.489351514288
   34   0.153680086908   78   0.807574972555  122   2.230164240602  166   4.562243165892
   35   0.172404210785   79   0.875300822858  123   2.230181963859  167   4.562266963153
   36   0.172772473247   80   0.929646293406  124   2.239582475154  168   5.274948624869
   37   0.174373671333   81   0.929696705258  125   2.239621583661  169  24.733147892213
   38   0.175076831858   82   0.942357270974  126   2.288252560002  170  25.134526202867
   39   0.181505976656   83   0.942413788750  127   2.339139324346  171  25.134561003284
   40   0.198466837003   84   0.962980024595  128   2.339142019075  172  25.264787671959
   41   0.203889834503   85   1.004096340382  129   2.369050816166  173  25.264831494750
   42   0.203958892002   86   1.004266709267  130   2.369142367091  174  25.378491499599
   43   0.205314038164   87   1.005939105658  131   2.631994965952
   44   0.205502647458   88   1.047735868302  132   2.659708892552
  ---------------------------------------------------------------------------------------

  - Timings for the RHF ground state calculation

     Total wall time (sec):              7.56300
     Total cpu time (sec):             402.61703

  eT terminated successfully!
