


                     eT - an electronic structure program

  ------------------------------------------------------------------------
   Author list in alphabetical order:
  ------------------------------------------------------------------------
   J. H. Andersen, A. Balbi, S. Coriani, S. D. Folkestad, T. Giovannini, 
   L. Goletto, T. S. Haugland, A. Hutcheson, I-M. Høyvik, E. F. Kjønstad, 
   H. Koch, T. Moitra, R. H. Myhre, A. C. Paul, M. Scavino, A. Skeidsvoll, 
   Å. H. Tveten
  ------------------------------------------------------------------------


  :: Input file
  ================

     Note: geometry section is excluded from this print

     system
        name: benzene scan 3.25
        charge: 0
     end system

     do
       ground state
     end do

     memory
        available: 8
     end memory

     solver scf
        algorithm: scf-diis
     end solver scf

     molecular mechanics
        forcefield: non-polarizable
     end molecular mechanics

     method
        hf
     end method


  Running on 56 OMP thread(s)
  Memory available for calculation: 8.000000 GB


  :: Molecular system specifications (QM)
  ==========================================

     Name:             benzene scan 3.25
     Charge:           0
     Multiplicity:     1
     Coordinate units: angstrom

     Pure basis functions:        174
     Cartesian basis functions:   180
     Primitive basis functions:   270

     Nuclear repulsion energy (a.u.):            204.234616969248
     Bohr/angstrom value (CODATA 2010):            0.529177210920

     ==============================================================================
                                     Geometry (angstrom)
     ==============================================================================
        Atom           X                  Y                  Z         # in input
     ==============================================================================
        Basis: 6-311++g**
        1 C     -2.282182000000     0.094329000000    -0.000183000000        1
        2 C     -0.893220000000     0.094263000000     0.000431000000        2
        3 C     -0.198699000000     1.297110000000     0.000040000000        3
        4 C     -0.893125000000     2.500009000000    -0.000978000000        4
        5 C     -2.282088000000     2.500067000000    -0.001601000000        5
        6 C     -2.976633000000     1.297226000000    -0.001196000000        6
        7 H     -2.824040000000    -0.844049000000     0.000125000000        7
        8 H     -0.351527000000    -0.844201000000     0.001214000000        8
        9 H      0.884886000000     1.297069000000     0.000516000000        9
       10 H     -0.351327000000     3.438411000000    -0.001306000000       10
       11 H     -2.823832000000     3.438507000000    -0.002402000000       11
       12 H     -4.060212000000     1.297260000000    -0.001659000000       12
     ==============================================================================

     ==============================================================================
                                     Geometry (a.u.)
     ==============================================================================
        Atom           X                  Y                  Z         # in input
     ==============================================================================
        Basis: 6-311++g**
        1 C     -4.312698946412     0.178255975604    -0.000345819881        1
        2 C     -1.687941168984     0.178131253680     0.000814471960        2
        3 C     -0.375486691225     2.451182653435     0.000075589045        3
        4 C     -1.687761645002     4.724332318948    -0.001848152150        4
        5 C     -4.312521312156     4.724441923063    -0.003025451525        5
        6 C     -5.625021143342     2.451401861665    -0.002260112445        6
        7 H     -5.336662164817    -1.595021445713     0.000236215766        7
        8 H     -0.664289755390    -1.595308684084     0.002294127515        8
        9 H      1.672192191462     2.451105174663     0.000975098680        9
       10 H     -0.663911810165     6.497655093692    -0.002467982319       10
       11 H     -5.336269101783     6.497836507400    -0.004539122151       11
       12 H     -7.672688687673     2.451466112353    -0.003135055641       12
     ==============================================================================


  :: Molecular system specifications (MM)
  ==========================================

     Force Field:  non-polarizable

     Number of MM atoms:                   2
     Number of MM molecules:               1

    ====================================================================
                        MM Geometry (Å) and Parameters
    ====================================================================
    Atom    Mol             X          Y          Z            Charge
    ====================================================================
      H       1        -2.280745   0.092433  -3.250182        1.000000
      H       1        -2.280303   0.091849  -4.250182       -1.000000
    ====================================================================


  :: RHF wavefunction
  ======================

  This is a QM/MM calculation

     Electrostatic Embedding:

     Each atom of the MM portion is endowed with a charge which value 
     is a fixed external parameter.

     The QM/MM electrostatic interaction energy is defined as:

        E^ele_QM/MM = sum_i q_i * V_i(P)

     where V_i(P) is the electrostatic potential due to the QM density 
     calculated at the position of the i-th charge q_i.

     For further details, see:
     Senn & Thiel, Angew. Chem. Int. Ed., 2009, 48, 1198−1229


  - Cholesky decomposition of AO overlap to get linearly independent orbitals:

  - Orbital details:

     Number of occupied orbitals:        21
     Number of virtual orbitals:        153
     Number of molecular orbitals:      174
     Number of atomic orbitals:         174


  :: Hartree-Fock engine
  =========================

  Drives the calculation of the Hartree-Fock state.

  This is a RHF ground state calculation.
  The following tasks will be performed:

     1) Generate initial SAD density
     2) Calculation of reference state (SCF-DIIS algorithm)


  1) Generate initial SAD density


  2) Calculation of reference state (SCF-DIIS algorithm)

   - Self-consistent field DIIS Hartree-Fock solver
  ----------------------------------------------------

  A DIIS-accelerated Roothan-Hall self-consistent field solver. A least-square 
  DIIS fit is performed on the previous Fock matrices and associated gradients. 
  Following the Roothan-Hall update of the density, the DIIS-fitted Fock 
  matrix is used to get the next orbital coefficients.

  - Hartree-Fock solver settings:

     DIIS dimension:                         8
     Cumulative Fock threshold:       0.10E+01

     Energy threshold:              0.1000E-05
     Gradient threshold:            0.1000E-05

     Coulomb screening threshold:   0.1000E-11
     Exchange screening threshold:  0.1000E-09
     Fock precision:                0.1000E-23
     Integral cutoff:               0.1000E-11

  - Setting initial AO density to SAD

     Energy of initial guess:              -234.212669220058
     Number of electrons in guess:           42.000000000000

  Iteration       Energy (a.u.)      Max(grad.)    Delta E (a.u.)
  ---------------------------------------------------------------
     1          -231.202270833701     0.4556E-01     0.2312E+03
     2          -231.282008766246     0.1865E-01     0.7974E-01
     3          -231.291752492810     0.6170E-02     0.9744E-02
     4          -231.293048888869     0.7974E-03     0.1296E-02
     5          -231.293063836253     0.4016E-03     0.1495E-04
     6          -231.293067927864     0.4779E-04     0.4092E-05
     7          -231.293068080803     0.1221E-04     0.1529E-06
     8          -231.293068094243     0.4501E-05     0.1344E-07
     9          -231.293068096917     0.2212E-05     0.2674E-08
    10          -231.293068097962     0.1049E-05     0.1045E-08
    11          -231.293068097872     0.4160E-06     0.9021E-10
  ---------------------------------------------------------------
  Convergence criterion met in 11 iterations!

  - Summary of RHF wavefunction energetics (a.u.):

     HOMO-LUMO gap:                  0.388463891865
     Nuclear repulsion energy:     204.825878616609
     Electronic energy:           -436.118946714480
     Total energy:                -231.293068097872

  - Summary of QM/MM energetics:
                                         a.u.             eV     kcal/mol
     QM/MM SCF Contribution:        -1.129976916133
     QM/MM Electrostatic Energy:    -0.009538199783    -0.25955    -5.985

  - Molecular orbital energies

  ---------------------------------------------------------------------------------------
    1 -11.263298159002   45   0.201598491743   89   1.037997423988  133   2.720422841520
    2 -11.261984941346   46   0.205734040332   90   1.089049291810  134   2.724921273816
    3 -11.261439711604   47   0.207234999909   91   1.098207012891  135   2.725219880359
    4 -11.260057118639   48   0.239797667449   92   1.099501397199  136   2.794031985018
    5 -11.259110465364   49   0.239848979130   93   1.113178900614  137   2.794751442012
    6 -11.258340846078   50   0.267549532071   94   1.143530703143  138   2.944436128723
    7  -1.181536255122   51   0.268951403639   95   1.192221397207  139   2.944731125297
    8  -1.043718540006   52   0.294005612144   96   1.192284625208  140   2.966366395843
    9  -1.042980983960   53   0.313343906160   97   1.225243920966  141   2.977147905277
   10  -0.850554544676   54   0.317387319418   98   1.299889002529  142   2.999422365546
   11  -0.850431464336   55   0.347845454743   99   1.300937256056  143   3.000723729036
   12  -0.736544287028   56   0.390410811553  100   1.369519271319  144   3.024666019539
   13  -0.666126185812   57   0.391714186692  101   1.369705991577  145   3.025967940808
   14  -0.647865477973   58   0.413509691604  102   1.498950795871  146   3.034364376329
   15  -0.614402773750   59   0.413901442492  103   1.528692133105  147   3.066920582291
   16  -0.613738477802   60   0.425668638320  104   1.689635465078  148   3.167056138578
   17  -0.531473122284   61   0.479226712344  105   1.766249859773  149   3.167858507673
   18  -0.519787429791   62   0.479621317426  106   1.766946932368  150   3.249648605032
   19  -0.519411132669   63   0.490667919185  107   1.774840631387  151   3.269167055122
   20  -0.365524819721   64   0.490903598431  108   1.804519973636  152   3.269860846409
   21  -0.363452759610   65   0.581867090971  109   1.823156991720  153   3.312086102681
   22   0.025011132255   66   0.590003846278  110   1.823313639289  154   3.312484966816
   23   0.039275655332   67   0.683016842559  111   1.888224238920  155   3.460928307875
   24   0.040606655969   68   0.697405133542  112   1.888867582830  156   3.536064280268
   25   0.058218679493   69   0.699414362643  113   1.912188718965  157   3.761321354725
   26   0.058568398448   70   0.709572253396  114   1.912379377933  158   3.761585579981
   27   0.069669391904   71   0.727349566784  115   1.966166525112  159   3.888416157409
   28   0.081719584856   72   0.728510945136  116   2.031030768515  160   3.889221944390
   29   0.087007050048   73   0.731247376064  117   2.031951944324  161   3.902395498607
   30   0.089161068250   74   0.732548741901  118   2.084028490588  162   4.071736106720
   31   0.126958979689   75   0.733791573552  119   2.084474338658  163   4.382517034955
   32   0.134750985378   76   0.768022554015  120   2.110076916556  164   4.383216064811
   33   0.135065373357   77   0.794366011548  121   2.216720219460  165   4.476872704989
   34   0.148765011090   78   0.795537124937  122   2.217037483615  166   4.549272720830
   35   0.168645413836   79   0.863344102911  123   2.218577650036  167   4.549361922507
   36   0.168774745844   80   0.918522131090  124   2.226996355772  168   5.261545581137
   37   0.170907946079   81   0.918994457608  125   2.227551972753  169  24.720355772990
   38   0.171859652908   82   0.930964587328  126   2.276604816755  170  25.121548411755
   39   0.177412986437   83   0.931380265526  127   2.326527170456  171  25.121862631991
   40   0.191361967032   84   0.950872221287  128   2.326625527923  172  25.251786322875
   41   0.198220818890   85   0.989729661766  129   2.356232823014  173  25.252153215958
   42   0.198818541942   86   0.992143378251  130   2.356938896554  174  25.365674995001
   43   0.200778277373   87   0.996539743908  131   2.619538914852
   44   0.201547607082   88   1.036829858447  132   2.646630531646
  ---------------------------------------------------------------------------------------

  - Timings for the RHF ground state calculation

     Total wall time (sec):              8.36400
     Total cpu time (sec):             445.50193

  eT terminated successfully!
