
  Preparation of molecular system (Libint)
  wall time (sec):                 0.00
  cpu time (sec):                  0.00
  cpu/wall ratio:                  0.79

  Preparation of molecular system (total)
  wall time (sec):                 0.09
  cpu time (sec):                  0.29
  cpu/wall ratio:                  3.27

  Cholesky decomposition of AO overlap
  wall time (sec):                 0.07
  cpu time (sec):                  1.60
  cpu/wall ratio:                 24.57


  :: Hartree-Fock engine
  =========================


  1) Generate initial SAD density

  SAD generation time
  wall time (sec):                 0.36
  cpu time (sec):                 17.95
  cpu/wall ratio:                 49.86


  2) Calculation of reference state (SCF-DIIS algorithm)

  AO Fock construction
  wall time (sec):                 0.18
  cpu time (sec):                  9.75
  cpu/wall ratio:                 54.78

  AO Fock construction
  wall time (sec):                 0.64
  cpu time (sec):                 35.37
  cpu/wall ratio:                 55.19

  AO Fock construction
  wall time (sec):                 0.67
  cpu time (sec):                 36.76
  cpu/wall ratio:                 55.11

  SCF DIIS iteration time
  wall time (sec):                 0.81
  cpu time (sec):                 43.13
  cpu/wall ratio:                 53.12

  AO Fock construction
  wall time (sec):                 0.56
  cpu time (sec):                 30.95
  cpu/wall ratio:                 55.37

  SCF DIIS iteration time
  wall time (sec):                 0.73
  cpu time (sec):                 38.84
  cpu/wall ratio:                 53.50

  AO Fock construction
  wall time (sec):                 0.61
  cpu time (sec):                 33.52
  cpu/wall ratio:                 55.22

  SCF DIIS iteration time
  wall time (sec):                 0.92
  cpu time (sec):                 49.52
  cpu/wall ratio:                 53.59

  AO Fock construction
  wall time (sec):                 0.53
  cpu time (sec):                 29.16
  cpu/wall ratio:                 55.12

  SCF DIIS iteration time
  wall time (sec):                 0.62
  cpu time (sec):                 33.08
  cpu/wall ratio:                 53.10

  AO Fock construction
  wall time (sec):                 0.52
  cpu time (sec):                 28.97
  cpu/wall ratio:                 55.29

  SCF DIIS iteration time
  wall time (sec):                 0.69
  cpu time (sec):                 36.75
  cpu/wall ratio:                 53.50

  AO Fock construction
  wall time (sec):                 0.47
  cpu time (sec):                 25.82
  cpu/wall ratio:                 55.29

  SCF DIIS iteration time
  wall time (sec):                 0.76
  cpu time (sec):                 40.91
  cpu/wall ratio:                 53.54

  AO Fock construction
  wall time (sec):                 0.48
  cpu time (sec):                 26.58
  cpu/wall ratio:                 55.26

  SCF DIIS iteration time
  wall time (sec):                 0.58
  cpu time (sec):                 30.76
  cpu/wall ratio:                 53.23

  AO Fock construction
  wall time (sec):                 0.44
  cpu time (sec):                 24.41
  cpu/wall ratio:                 55.22

  SCF DIIS iteration time
  wall time (sec):                 0.83
  cpu time (sec):                 44.16
  cpu/wall ratio:                 53.46

  SCF DIIS iteration time
  wall time (sec):                 0.02
  cpu time (sec):                  0.93
  cpu/wall ratio:                 54.80

  SCF DIIS solver time
  wall time (sec):                 7.20
  cpu time (sec):                384.66
  cpu/wall ratio:                 53.41

  Hartree-Fock engine
  wall time (sec):                 7.56
  cpu time (sec):                402.62
  cpu/wall ratio:                 53.24


  :: Total time
  ================

  Total time in eT
  wall time (sec):                 7.77
  cpu time (sec):                406.73
  cpu/wall ratio:                 52.35
