


                     eT - an electronic structure program

  ------------------------------------------------------------------------
   Author list in alphabetical order:
  ------------------------------------------------------------------------
   J. H. Andersen, A. Balbi, S. Coriani, S. D. Folkestad, T. Giovannini, 
   L. Goletto, T. S. Haugland, A. Hutcheson, I-M. Høyvik, E. F. Kjønstad, 
   H. Koch, T. Moitra, R. H. Myhre, A. C. Paul, M. Scavino, A. Skeidsvoll, 
   Å. H. Tveten
  ------------------------------------------------------------------------


  :: Input file
  ================

     Note: geometry section is excluded from this print

     system
        name: benzene scan 9.00
        charge: 0
     end system

     do
       ground state
     end do

     memory
        available: 8
     end memory

     solver scf
        algorithm: scf-diis
     end solver scf

     molecular mechanics
        forcefield: non-polarizable
     end molecular mechanics

     method
        hf
     end method


  Running on 56 OMP thread(s)
  Memory available for calculation: 8.000000 GB


  :: Molecular system specifications (QM)
  ==========================================

     Name:             benzene scan 9.00
     Charge:           0
     Multiplicity:     1
     Coordinate units: angstrom

     Pure basis functions:        174
     Cartesian basis functions:   180
     Primitive basis functions:   270

     Nuclear repulsion energy (a.u.):            204.234616969248
     Bohr/angstrom value (CODATA 2010):            0.529177210920

     ==============================================================================
                                     Geometry (angstrom)
     ==============================================================================
        Atom           X                  Y                  Z         # in input
     ==============================================================================
        Basis: 6-311++g**
        1 C     -2.282182000000     0.094329000000    -0.000183000000        1
        2 C     -0.893220000000     0.094263000000     0.000431000000        2
        3 C     -0.198699000000     1.297110000000     0.000040000000        3
        4 C     -0.893125000000     2.500009000000    -0.000978000000        4
        5 C     -2.282088000000     2.500067000000    -0.001601000000        5
        6 C     -2.976633000000     1.297226000000    -0.001196000000        6
        7 H     -2.824040000000    -0.844049000000     0.000125000000        7
        8 H     -0.351527000000    -0.844201000000     0.001214000000        8
        9 H      0.884886000000     1.297069000000     0.000516000000        9
       10 H     -0.351327000000     3.438411000000    -0.001306000000       10
       11 H     -2.823832000000     3.438507000000    -0.002402000000       11
       12 H     -4.060212000000     1.297260000000    -0.001659000000       12
     ==============================================================================

     ==============================================================================
                                     Geometry (a.u.)
     ==============================================================================
        Atom           X                  Y                  Z         # in input
     ==============================================================================
        Basis: 6-311++g**
        1 C     -4.312698946412     0.178255975604    -0.000345819881        1
        2 C     -1.687941168984     0.178131253680     0.000814471960        2
        3 C     -0.375486691225     2.451182653435     0.000075589045        3
        4 C     -1.687761645002     4.724332318948    -0.001848152150        4
        5 C     -4.312521312156     4.724441923063    -0.003025451525        5
        6 C     -5.625021143342     2.451401861665    -0.002260112445        6
        7 H     -5.336662164817    -1.595021445713     0.000236215766        7
        8 H     -0.664289755390    -1.595308684084     0.002294127515        8
        9 H      1.672192191462     2.451105174663     0.000975098680        9
       10 H     -0.663911810165     6.497655093692    -0.002467982319       10
       11 H     -5.336269101783     6.497836507400    -0.004539122151       11
       12 H     -7.672688687673     2.451466112353    -0.003135055641       12
     ==============================================================================


  :: Molecular system specifications (MM)
  ==========================================

     Force Field:  non-polarizable

     Number of MM atoms:                   2
     Number of MM molecules:               1

    ====================================================================
                        MM Geometry (Å) and Parameters
    ====================================================================
    Atom    Mol             X          Y          Z            Charge
    ====================================================================
      H       1        -2.278204   0.089078  -9.000180        1.000000
      H       1        -2.277762   0.088494 -10.000180       -1.000000
    ====================================================================


  :: RHF wavefunction
  ======================

  This is a QM/MM calculation

     Electrostatic Embedding:

     Each atom of the MM portion is endowed with a charge which value 
     is a fixed external parameter.

     The QM/MM electrostatic interaction energy is defined as:

        E^ele_QM/MM = sum_i q_i * V_i(P)

     where V_i(P) is the electrostatic potential due to the QM density 
     calculated at the position of the i-th charge q_i.

     For further details, see:
     Senn & Thiel, Angew. Chem. Int. Ed., 2009, 48, 1198−1229


  - Cholesky decomposition of AO overlap to get linearly independent orbitals:

  - Orbital details:

     Number of occupied orbitals:        21
     Number of virtual orbitals:        153
     Number of molecular orbitals:      174
     Number of atomic orbitals:         174


  :: Hartree-Fock engine
  =========================

  Drives the calculation of the Hartree-Fock state.

  This is a RHF ground state calculation.
  The following tasks will be performed:

     1) Generate initial SAD density
     2) Calculation of reference state (SCF-DIIS algorithm)


  1) Generate initial SAD density


  2) Calculation of reference state (SCF-DIIS algorithm)

   - Self-consistent field DIIS Hartree-Fock solver
  ----------------------------------------------------

  A DIIS-accelerated Roothan-Hall self-consistent field solver. A least-square 
  DIIS fit is performed on the previous Fock matrices and associated gradients. 
  Following the Roothan-Hall update of the density, the DIIS-fitted Fock 
  matrix is used to get the next orbital coefficients.

  - Hartree-Fock solver settings:

     DIIS dimension:                         8
     Cumulative Fock threshold:       0.10E+01

     Energy threshold:              0.1000E-05
     Gradient threshold:            0.1000E-05

     Coulomb screening threshold:   0.1000E-11
     Exchange screening threshold:  0.1000E-09
     Fock precision:                0.1000E-23
     Integral cutoff:               0.1000E-11

  - Setting initial AO density to SAD

     Energy of initial guess:              -234.212848027004
     Number of electrons in guess:           42.000000000000

  Iteration       Energy (a.u.)      Max(grad.)    Delta E (a.u.)
  ---------------------------------------------------------------
     1          -231.197460650532     0.4424E-01     0.2312E+03
     2          -231.275658090674     0.1801E-01     0.7820E-01
     3          -231.284773458595     0.6241E-02     0.9115E-02
     4          -231.286013168630     0.3625E-03     0.1240E-02
     5          -231.286022101909     0.7194E-04     0.8933E-05
     6          -231.286022315160     0.2967E-04     0.2133E-06
     7          -231.286022341024     0.5222E-05     0.2586E-07
     8          -231.286022342331     0.7954E-06     0.1307E-08
  ---------------------------------------------------------------
  Convergence criterion met in 8 iterations!

  - Summary of RHF wavefunction energetics (a.u.):

     HOMO-LUMO gap:                  0.380813702532
     Nuclear repulsion energy:     203.935629009972
     Electronic energy:           -435.221651352303
     Total energy:                -231.286022342331

  - Summary of QM/MM energetics:
                                         a.u.             eV     kcal/mol
     QM/MM SCF Contribution:        -0.230506167846
     QM/MM Electrostatic Energy:    -0.000317058133    -0.00863    -0.199

  - Molecular orbital energies

  ---------------------------------------------------------------------------------------
    1 -11.242490884140   45   0.213139981130   89   1.054010931414  133   2.737716936889
    2 -11.241896214341   46   0.222259159807   90   1.107787049230  134   2.743644648842
    3 -11.241891327204   47   0.222301092270   91   1.117821496220  135   2.743660900425
    4 -11.240638084241   48   0.246238438981   92   1.117834853969  136   2.811754344143
    5 -11.240627486004   49   0.246243083830   93   1.130479405927  137   2.811759231834
    6 -11.240003427790   50   0.283297484523   94   1.162870268593  138   2.962852557990
    7  -1.161022827019   51   0.283301908548   95   1.213328917507  139   2.962853821348
    8  -1.023547774364   52   0.299068781906   96   1.213335200341  140   2.983755551409
    9  -1.023542963345   53   0.327571574599   97   1.245544693139  141   2.996170407180
   10  -0.831445704713   54   0.329366223886   98   1.319818446026  142   3.017601388154
   11  -0.831443548715   55   0.366032736027   99   1.319823511337  143   3.017611374831
   12  -0.717697827079   56   0.403748331296  100   1.388825435746  144   3.042175232191
   13  -0.648357819401   57   0.403781078086  101   1.388831755135  145   3.042194503960
   14  -0.628375004715   58   0.426446358084  102   1.519597384845  146   3.054827535639
   15  -0.595393623544   59   0.426456335123  103   1.547779204971  147   3.083737331315
   16  -0.595388458820   60   0.436136055003  104   1.708285584555  148   3.187591239811
   17  -0.509843348245   61   0.494625230962  105   1.784918291865  149   3.187600273072
   18  -0.501223457800   62   0.494637802464  106   1.784925176123  150   3.267862065609
   19  -0.501216359640   63   0.506077544593  107   1.794574039451  151   3.289772598577
   20  -0.343524724300   64   0.506088900857  108   1.823179147379  152   3.289776626302
   21  -0.343516165792   65   0.598165454699  109   1.842357580604  153   3.331011530777
   22   0.037297536740   66   0.605360518167  110   1.842358723300  154   3.331032246890
   23   0.044507877591   67   0.709096322734  111   1.906293504551  155   3.481532236485
   24   0.044550346488   68   0.717225094280  112   1.906297602371  156   3.555622637015
   25   0.062133955527   69   0.717244689958  113   1.930918719305  157   3.781281629436
   26   0.062153279847   70   0.727112659521  114   1.930945333295  158   3.781288614509
   27   0.084267125339   71   0.746619683716  115   1.984069407292  159   3.908381879284
   28   0.104829971393   72   0.746621691318  116   2.049576364703  160   3.908396323755
   29   0.104836721111   73   0.749765440920  117   2.049582581365  161   3.921592150720
   30   0.122630166642   74   0.751008887744  118   2.102118654630  162   4.090822171531
   31   0.146615581617   75   0.751029149066  119   2.102131080158  163   4.401827137795
   32   0.146679794072   76   0.791214131580  120   2.127169063979  164   4.401836844315
   33   0.152106398117   77   0.814405061485  121   2.235371601462  165   4.495925031926
   34   0.158182438409   78   0.814410101207  122   2.236966391377  166   4.568943642543
   35   0.176849787044   79   0.881939989254  123   2.236972040849  167   4.568950779378
   36   0.176850543203   80   0.935822642911  124   2.246177737222  168   5.281750170352
   37   0.178658073016   81   0.935825065605  125   2.246178920448  169  24.739778324717
   38   0.178738318271   82   0.948619967900  126   2.294610817588  170  25.141180981391
   39   0.187037872946   83   0.948629435753  127   2.345724786275  171  25.141186791878
   40   0.204334518548   84   0.969432260963  128   2.345728532421  172  25.271444592257
   41   0.207812262748   85   1.010975505716  129   2.375676330088  173  25.271454678720
   42   0.207841893180   86   1.010987489137  130   2.375693533469  174  25.385129364248
   43   0.211285794211   87   1.011733010316  131   2.638574849774
   44   0.211296579494   88   1.053999441570  132   2.666453398581
  ---------------------------------------------------------------------------------------

  - Timings for the RHF ground state calculation

     Total wall time (sec):              6.55800
     Total cpu time (sec):             349.81378

  eT terminated successfully!
