


                     eT - an electronic structure program

  ------------------------------------------------------------------------
   Author list in alphabetical order:
  ------------------------------------------------------------------------
   J. H. Andersen, A. Balbi, S. Coriani, S. D. Folkestad, T. Giovannini, 
   L. Goletto, T. S. Haugland, A. Hutcheson, I-M. Høyvik, E. F. Kjønstad, 
   H. Koch, T. Moitra, R. H. Myhre, A. C. Paul, M. Scavino, A. Skeidsvoll, 
   Å. H. Tveten
  ------------------------------------------------------------------------


  :: Input file
  ================

     Note: geometry section is excluded from this print

     system
        name: methanol scan 7.00
        charge: 0
     end system

     do
       ground state
     end do

     memory
        available: 8
     end memory

     solver scf
        algorithm: scf-diis
     end solver scf

     molecular mechanics
        forcefield: non-polarizable
     end molecular mechanics

     method
        hf
     end method


  Running on 56 OMP thread(s)
  Memory available for calculation: 8.000000 GB


  :: Molecular system specifications (QM)
  ==========================================

     Name:             methanol scan 7.00
     Charge:           0
     Multiplicity:     1
     Coordinate units: angstrom

     Pure basis functions:         72
     Cartesian basis functions:    74
     Primitive basis functions:   108

     Nuclear repulsion energy (a.u.):             40.346784236152
     Bohr/angstrom value (CODATA 2010):            0.529177210920

     ==============================================================================
                                     Geometry (angstrom)
     ==============================================================================
        Atom           X                  Y                  Z         # in input
     ==============================================================================
        Basis: 6-311++g**
        1 C      0.997897000000     0.986064000000    -0.008014000000        1
        2 O     -0.422019000000     0.999211000000    -0.000572000000        2
        3 H      1.399338000000     0.999753000000    -1.024504000000        3
        4 H      1.399296000000     0.119782000000     0.523986000000        4
        5 H      1.322862000000     1.888586000000     0.504866000000        5
        6 H     -0.732374000000     0.211603000000    -0.448762000000        6
     ==============================================================================

     ==============================================================================
                                     Geometry (a.u.)
     ==============================================================================
        Atom           X                  Y                  Z         # in input
     ==============================================================================
        Basis: 6-311++g**
        1 C      1.885752030525     1.863390901293    -0.015144265162        1
        2 O     -0.797500329363     1.888235130653    -0.001080923343        2
        3 H      2.644365575697     1.889259362212    -1.936031973521        3
        4 H      2.644286207199     0.226355174653     0.990190033106        4
        5 H      2.499846880594     3.568910302688     0.954058469605        5
        6 H     -1.383986280752     0.399871717136    -0.848037275112        6
     ==============================================================================


  :: Molecular system specifications (MM)
  ==========================================

     Force Field:  non-polarizable

     Number of MM atoms:                   2
     Number of MM molecules:               1

    ====================================================================
                        MM Geometry (Å) and Parameters
    ====================================================================
    Atom    Mol             X          Y          Z            Charge
    ====================================================================
      H       1         3.414115   7.696602   3.805412        1.000000
      H       1         3.712865   8.526319   4.276919       -1.000000
    ====================================================================


  :: RHF wavefunction
  ======================

  This is a QM/MM calculation

     Electrostatic Embedding:

     Each atom of the MM portion is endowed with a charge which value 
     is a fixed external parameter.

     The QM/MM electrostatic interaction energy is defined as:

        E^ele_QM/MM = sum_i q_i * V_i(P)

     where V_i(P) is the electrostatic potential due to the QM density 
     calculated at the position of the i-th charge q_i.

     For further details, see:
     Senn & Thiel, Angew. Chem. Int. Ed., 2009, 48, 1198−1229


  - Cholesky decomposition of AO overlap to get linearly independent orbitals:

  - Orbital details:

     Number of occupied orbitals:         9
     Number of virtual orbitals:         63
     Number of molecular orbitals:       72
     Number of atomic orbitals:          72


  :: Hartree-Fock engine
  =========================

  Drives the calculation of the Hartree-Fock state.

  This is a RHF ground state calculation.
  The following tasks will be performed:

     1) Generate initial SAD density
     2) Calculation of reference state (SCF-DIIS algorithm)


  1) Generate initial SAD density


  2) Calculation of reference state (SCF-DIIS algorithm)

   - Self-consistent field DIIS Hartree-Fock solver
  ----------------------------------------------------

  A DIIS-accelerated Roothan-Hall self-consistent field solver. A least-square 
  DIIS fit is performed on the previous Fock matrices and associated gradients. 
  Following the Roothan-Hall update of the density, the DIIS-fitted Fock 
  matrix is used to get the next orbital coefficients.

  - Hartree-Fock solver settings:

     DIIS dimension:                         8
     Cumulative Fock threshold:       0.10E+01

     Energy threshold:              0.1000E-05
     Gradient threshold:            0.1000E-05

     Coulomb screening threshold:   0.1000E-11
     Exchange screening threshold:  0.1000E-09
     Fock precision:                0.1000E-23
     Integral cutoff:               0.1000E-11

  - Setting initial AO density to SAD

     Energy of initial guess:              -115.818423014413
     Number of electrons in guess:           18.000000000000

  Iteration       Energy (a.u.)      Max(grad.)    Delta E (a.u.)
  ---------------------------------------------------------------
     1          -115.557711898735     0.8426E-01     0.1156E+03
     2          -115.594282647154     0.6888E-01     0.3657E-01
     3          -115.608506873085     0.7876E-02     0.1422E-01
     4          -115.609044953736     0.6609E-03     0.5381E-03
     5          -115.609058747317     0.2253E-03     0.1379E-04
     6          -115.609059726751     0.6091E-04     0.9794E-06
     7          -115.609059805723     0.1572E-04     0.7897E-07
     8          -115.609059812708     0.4281E-05     0.6985E-08
     9          -115.609059812943     0.6472E-06     0.2348E-09
  ---------------------------------------------------------------
  Convergence criterion met in 9 iterations!

  - Summary of RHF wavefunction energetics (a.u.):

     HOMO-LUMO gap:                  0.490862545620
     Nuclear repulsion energy:      39.939182986943
     Electronic energy:           -155.548242799885
     Total energy:                -115.609059812943

  - Summary of QM/MM energetics:
                                         a.u.             eV     kcal/mol
     QM/MM SCF Contribution:        -0.121691597799
     QM/MM Electrostatic Energy:    -0.000115824908    -0.00315    -0.073

  - Molecular orbital energies

  -----------------------------------------------------------------------------------
   1 -20.564175710072  19   0.282511589745  37   1.283225873317  55   2.781409340902
   2 -11.280727981086  20   0.288294784554  38   1.369260687237  56   2.841885345968
   3  -1.366242578217  21   0.290907916765  39   1.440767422242  57   2.845987358914
   4  -0.935276251882  22   0.304311550893  40   1.616304275166  58   2.981923980030
   5  -0.699665373691  23   0.322364051728  41   1.673739622337  59   3.195004459070
   6  -0.628608507124  24   0.344543967972  42   1.703444723255  60   3.340716497438
   7  -0.601666289187  25   0.387313577297  43   1.785559041835  61   3.460857192832
   8  -0.511561955883  26   0.470582557615  44   1.796884148953  62   3.591358205641
   9  -0.458587072551  27   0.557416280619  45   1.806504454436  63   3.678488145354
  10   0.032275473069  28   0.569837848632  46   1.952533290187  64   4.128318065246
  11   0.055400859307  29   0.706334864246  47   1.960061753743  65   4.180968271700
  12   0.067404234359  30   0.768397519786  48   2.072908543739  66   4.323151054616
  13   0.071186228164  31   0.838533367446  49   2.290586211470  67   4.436925116455
  14   0.120154026384  32   0.845946949614  50   2.337714898914  68   5.560474449885
  15   0.139966787239  33   0.868339675719  51   2.411297374095  69   5.908516435163
  16   0.151384683083  34   1.060375303184  52   2.510713743430  70   6.211275586182
  17   0.174823354729  35   1.183140686563  53   2.704928865292  71  25.064071172489
  18   0.274711455359  36   1.228346044618  54   2.749584308614  72  51.594322094134
  -----------------------------------------------------------------------------------

  - Timings for the RHF ground state calculation

     Total wall time (sec):             30.43300
     Total cpu time (sec):            1402.60217

  eT terminated successfully!
