


                     eT - an electronic structure program

  ------------------------------------------------------------------------
   Author list in alphabetical order:
  ------------------------------------------------------------------------
   J. H. Andersen, A. Balbi, S. Coriani, S. D. Folkestad, T. Giovannini, 
   L. Goletto, T. S. Haugland, A. Hutcheson, I-M. Høyvik, E. F. Kjønstad, 
   H. Koch, T. Moitra, R. H. Myhre, A. C. Paul, M. Scavino, A. Skeidsvoll, 
   Å. H. Tveten
  ------------------------------------------------------------------------


  :: Input file
  ================

     Note: geometry section is excluded from this print

     system
        name: methanol scan 9.75
        charge: 0
     end system

     do
       ground state
     end do

     memory
        available: 8
     end memory

     solver scf
        algorithm: scf-diis
     end solver scf

     molecular mechanics
        forcefield: non-polarizable
     end molecular mechanics

     method
        hf
     end method


  Running on 56 OMP thread(s)
  Memory available for calculation: 8.000000 GB


  :: Molecular system specifications (QM)
  ==========================================

     Name:             methanol scan 9.75
     Charge:           0
     Multiplicity:     1
     Coordinate units: angstrom

     Pure basis functions:         72
     Cartesian basis functions:    74
     Primitive basis functions:   108

     Nuclear repulsion energy (a.u.):             40.346784236152
     Bohr/angstrom value (CODATA 2010):            0.529177210920

     ==============================================================================
                                     Geometry (angstrom)
     ==============================================================================
        Atom           X                  Y                  Z         # in input
     ==============================================================================
        Basis: 6-311++g**
        1 C      0.997897000000     0.986064000000    -0.008014000000        1
        2 O     -0.422019000000     0.999211000000    -0.000572000000        2
        3 H      1.399338000000     0.999753000000    -1.024504000000        3
        4 H      1.399296000000     0.119782000000     0.523986000000        4
        5 H      1.322862000000     1.888586000000     0.504866000000        5
        6 H     -0.732374000000     0.211603000000    -0.448762000000        6
     ==============================================================================

     ==============================================================================
                                     Geometry (a.u.)
     ==============================================================================
        Atom           X                  Y                  Z         # in input
     ==============================================================================
        Basis: 6-311++g**
        1 C      1.885752030525     1.863390901293    -0.015144265162        1
        2 O     -0.797500329363     1.888235130653    -0.001080923343        2
        3 H      2.644365575697     1.889259362212    -1.936031973521        3
        4 H      2.644286207199     0.226355174653     0.990190033106        4
        5 H      2.499846880594     3.568910302688     0.954058469605        5
        6 H     -1.383986280752     0.399871717136    -0.848037275112        6
     ==============================================================================


  :: Molecular system specifications (MM)
  ==========================================

     Force Field:  non-polarizable

     Number of MM atoms:                   2
     Number of MM molecules:               1

    ====================================================================
                        MM Geometry (Å) and Parameters
    ====================================================================
    Atom    Mol             X          Y          Z            Charge
    ====================================================================
      H       1         4.235679   9.978323   5.102056        1.000000
      H       1         4.534429  10.808040   5.573562       -1.000000
    ====================================================================


  :: RHF wavefunction
  ======================

  This is a QM/MM calculation

     Electrostatic Embedding:

     Each atom of the MM portion is endowed with a charge which value 
     is a fixed external parameter.

     The QM/MM electrostatic interaction energy is defined as:

        E^ele_QM/MM = sum_i q_i * V_i(P)

     where V_i(P) is the electrostatic potential due to the QM density 
     calculated at the position of the i-th charge q_i.

     For further details, see:
     Senn & Thiel, Angew. Chem. Int. Ed., 2009, 48, 1198−1229


  - Cholesky decomposition of AO overlap to get linearly independent orbitals:

  - Orbital details:

     Number of occupied orbitals:         9
     Number of virtual orbitals:         63
     Number of molecular orbitals:       72
     Number of atomic orbitals:          72


  :: Hartree-Fock engine
  =========================

  Drives the calculation of the Hartree-Fock state.

  This is a RHF ground state calculation.
  The following tasks will be performed:

     1) Generate initial SAD density
     2) Calculation of reference state (SCF-DIIS algorithm)


  1) Generate initial SAD density


  2) Calculation of reference state (SCF-DIIS algorithm)

   - Self-consistent field DIIS Hartree-Fock solver
  ----------------------------------------------------

  A DIIS-accelerated Roothan-Hall self-consistent field solver. A least-square 
  DIIS fit is performed on the previous Fock matrices and associated gradients. 
  Following the Roothan-Hall update of the density, the DIIS-fitted Fock 
  matrix is used to get the next orbital coefficients.

  - Hartree-Fock solver settings:

     DIIS dimension:                         8
     Cumulative Fock threshold:       0.10E+01

     Energy threshold:              0.1000E-05
     Gradient threshold:            0.1000E-05

     Coulomb screening threshold:   0.1000E-11
     Exchange screening threshold:  0.1000E-09
     Fock precision:                0.1000E-23
     Integral cutoff:               0.1000E-11

  - Setting initial AO density to SAD

     Energy of initial guess:              -115.818423263928
     Number of electrons in guess:           18.000000000000

  Iteration       Energy (a.u.)      Max(grad.)    Delta E (a.u.)
  ---------------------------------------------------------------
     1          -115.557688056694     0.8427E-01     0.1156E+03
     2          -115.594242725852     0.6889E-01     0.3655E-01
     3          -115.608474633943     0.7862E-02     0.1423E-01
     4          -115.609012662518     0.6598E-03     0.5380E-03
     5          -115.609026419653     0.2237E-03     0.1376E-04
     6          -115.609027397566     0.6071E-04     0.9779E-06
     7          -115.609027476263     0.1561E-04     0.7870E-07
     8          -115.609027483226     0.4257E-05     0.6963E-08
     9          -115.609027483461     0.6429E-06     0.2355E-09
  ---------------------------------------------------------------
  Convergence criterion met in 9 iterations!

  - Summary of RHF wavefunction energetics (a.u.):

     HOMO-LUMO gap:                  0.491161975843
     Nuclear repulsion energy:      39.888424795625
     Electronic energy:           -155.497452279086
     Total energy:                -115.609027483461

  - Summary of QM/MM energetics:
                                         a.u.             eV     kcal/mol
     QM/MM SCF Contribution:        -0.070894519695
     QM/MM Electrostatic Energy:    -0.000076688612    -0.00209    -0.048

  - Molecular orbital energies

  -----------------------------------------------------------------------------------
   1 -20.561539213893  19   0.284955314722  37   1.285726479207  55   2.784304421914
   2 -11.277651388910  20   0.292400693359  38   1.371902549282  56   2.845219380636
   3  -1.363573070543  21   0.293388045184  39   1.443702587576  57   2.848935617515
   4  -0.932289316653  22   0.306782539588  40   1.618803140734  58   2.984894198581
   5  -0.696906669385  23   0.325494852828  41   1.676442503710  59   3.197994999080
   6  -0.625754842818  24   0.347366338392  42   1.706581214887  60   3.343601033118
   7  -0.598671839096  25   0.390271683578  43   1.788419056986  61   3.463545662903
   8  -0.508615400670  26   0.473574510702  44   1.799870841503  62   3.594044892010
   9  -0.455868317691  27   0.560299238171  45   1.809586947185  63   3.681219153721
  10   0.035293658152  28   0.572929922507  46   1.955451472955  64   4.131321743673
  11   0.059731571800  29   0.708905869465  47   1.963157224739  65   4.183903030987
  12   0.069301110063  30   0.771498077354  48   2.075893078964  66   4.326001559124
  13   0.075538049171  31   0.841385096962  49   2.293614140250  67   4.439674318256
  14   0.123110643688  32   0.849191655263  50   2.340385053649  68   5.563106593070
  15   0.142625114056  33   0.871542487383  51   2.414385568603  69   5.911189435574
  16   0.154807606445  34   1.063396580056  52   2.513555446362  70   6.213939287825
  17   0.178620492658  35   1.186085729089  53   2.707776389543  71  25.067146866250
  18   0.277039178092  36   1.231242112912  54   2.752696504984  72  51.596959236204
  -----------------------------------------------------------------------------------

  - Timings for the RHF ground state calculation

     Total wall time (sec):             30.00200
     Total cpu time (sec):            1393.99030

  eT terminated successfully!
