
  Preparation of molecular system (Libint)
  wall time (sec):                 0.00
  cpu time (sec):                  0.00
  cpu/wall ratio:                  1.45

  Preparation of molecular system (total)
  wall time (sec):                 0.14
  cpu time (sec):                  1.37
  cpu/wall ratio:                  9.83

  Cholesky decomposition of AO overlap
  wall time (sec):                 0.13
  cpu time (sec):                  6.51
  cpu/wall ratio:                 48.59


  :: Hartree-Fock engine
  =========================


  1) Generate initial SAD density

  SAD generation time
  wall time (sec):                23.87
  cpu time (sec):               1107.80
  cpu/wall ratio:                 46.42


  2) Calculation of reference state (SCF-DIIS algorithm)

  AO Fock construction
  wall time (sec):                 0.20
  cpu time (sec):                  8.98
  cpu/wall ratio:                 45.34

  AO Fock construction
  wall time (sec):                 0.22
  cpu time (sec):                 10.10
  cpu/wall ratio:                 45.91

  AO Fock construction
  wall time (sec):                 0.21
  cpu time (sec):                  9.96
  cpu/wall ratio:                 47.45

  SCF DIIS iteration time
  wall time (sec):                 0.63
  cpu time (sec):                 29.43
  cpu/wall ratio:                 46.72

  AO Fock construction
  wall time (sec):                 0.22
  cpu time (sec):                 10.49
  cpu/wall ratio:                 47.69

  SCF DIIS iteration time
  wall time (sec):                 0.66
  cpu time (sec):                 30.93
  cpu/wall ratio:                 46.72

  AO Fock construction
  wall time (sec):                 0.22
  cpu time (sec):                 10.49
  cpu/wall ratio:                 48.12

  SCF DIIS iteration time
  wall time (sec):                 0.67
  cpu time (sec):                 31.59
  cpu/wall ratio:                 46.81

  AO Fock construction
  wall time (sec):                 0.23
  cpu time (sec):                 10.83
  cpu/wall ratio:                 47.10

  SCF DIIS iteration time
  wall time (sec):                 0.69
  cpu time (sec):                 32.03
  cpu/wall ratio:                 46.75

  AO Fock construction
  wall time (sec):                 0.22
  cpu time (sec):                 10.31
  cpu/wall ratio:                 47.98

  SCF DIIS iteration time
  wall time (sec):                 0.67
  cpu time (sec):                 31.48
  cpu/wall ratio:                 47.12

  AO Fock construction
  wall time (sec):                 0.21
  cpu time (sec):                  9.92
  cpu/wall ratio:                 47.01

  SCF DIIS iteration time
  wall time (sec):                 0.65
  cpu time (sec):                 30.18
  cpu/wall ratio:                 46.72

  AO Fock construction
  wall time (sec):                 0.22
  cpu time (sec):                 10.71
  cpu/wall ratio:                 48.01

  SCF DIIS iteration time
  wall time (sec):                 0.65
  cpu time (sec):                 30.81
  cpu/wall ratio:                 47.18

  AO Fock construction
  wall time (sec):                 0.22
  cpu time (sec):                 10.43
  cpu/wall ratio:                 47.64

  SCF DIIS iteration time
  wall time (sec):                 0.66
  cpu time (sec):                 30.99
  cpu/wall ratio:                 46.67

  SCF DIIS iteration time
  wall time (sec):                 0.00
  cpu time (sec):                  0.05
  cpu/wall ratio:                 47.60

  SCF DIIS solver time
  wall time (sec):                 6.34
  cpu time (sec):                295.55
  cpu/wall ratio:                 46.60

  Hartree-Fock engine
  wall time (sec):                30.21
  cpu time (sec):               1403.35
  cpu/wall ratio:                 46.45


  :: Total time
  ================

  Total time in eT
  wall time (sec):                30.65
  cpu time (sec):               1418.58
  cpu/wall ratio:                 46.29
