


                     eT - an electronic structure program

  ------------------------------------------------------------------------
   Author list in alphabetical order:
  ------------------------------------------------------------------------
   J. H. Andersen, A. Balbi, S. Coriani, S. D. Folkestad, T. Giovannini, 
   L. Goletto, T. S. Haugland, A. Hutcheson, I-M. Høyvik, E. F. Kjønstad, 
   H. Koch, T. Moitra, R. H. Myhre, A. C. Paul, M. Scavino, A. Skeidsvoll, 
   Å. H. Tveten
  ------------------------------------------------------------------------


  :: Input file
  ================

     Note: geometry section is excluded from this print

     system
        name: methanol scan 6.25
        charge: 0
     end system

     do
       ground state
     end do

     memory
        available: 8
     end memory

     solver scf
        algorithm: scf-diis
     end solver scf

     molecular mechanics
        forcefield: non-polarizable
     end molecular mechanics

     method
        hf
     end method


  Running on 56 OMP thread(s)
  Memory available for calculation: 8.000000 GB


  :: Molecular system specifications (QM)
  ==========================================

     Name:             methanol scan 6.25
     Charge:           0
     Multiplicity:     1
     Coordinate units: angstrom

     Pure basis functions:         72
     Cartesian basis functions:    74
     Primitive basis functions:   108

     Nuclear repulsion energy (a.u.):             40.346784236152
     Bohr/angstrom value (CODATA 2010):            0.529177210920

     ==============================================================================
                                     Geometry (angstrom)
     ==============================================================================
        Atom           X                  Y                  Z         # in input
     ==============================================================================
        Basis: 6-311++g**
        1 C      0.997897000000     0.986064000000    -0.008014000000        1
        2 O     -0.422019000000     0.999211000000    -0.000572000000        2
        3 H      1.399338000000     0.999753000000    -1.024504000000        3
        4 H      1.399296000000     0.119782000000     0.523986000000        4
        5 H      1.322862000000     1.888586000000     0.504866000000        5
        6 H     -0.732374000000     0.211603000000    -0.448762000000        6
     ==============================================================================

     ==============================================================================
                                     Geometry (a.u.)
     ==============================================================================
        Atom           X                  Y                  Z         # in input
     ==============================================================================
        Basis: 6-311++g**
        1 C      1.885752030525     1.863390901293    -0.015144265162        1
        2 O     -0.797500329363     1.888235130653    -0.001080923343        2
        3 H      2.644365575697     1.889259362212    -1.936031973521        3
        4 H      2.644286207199     0.226355174653     0.990190033106        4
        5 H      2.499846880594     3.568910302688     0.954058469605        5
        6 H     -1.383986280752     0.399871717136    -0.848037275112        6
     ==============================================================================


  :: Molecular system specifications (MM)
  ==========================================

     Force Field:  non-polarizable

     Number of MM atoms:                   2
     Number of MM molecules:               1

    ====================================================================
                        MM Geometry (Å) and Parameters
    ====================================================================
    Atom    Mol             X          Y          Z            Charge
    ====================================================================
      H       1         3.190052   7.074315   3.451782        1.000000
      H       1         3.488803   7.904032   3.923289       -1.000000
    ====================================================================


  :: RHF wavefunction
  ======================

  This is a QM/MM calculation

     Electrostatic Embedding:

     Each atom of the MM portion is endowed with a charge which value 
     is a fixed external parameter.

     The QM/MM electrostatic interaction energy is defined as:

        E^ele_QM/MM = sum_i q_i * V_i(P)

     where V_i(P) is the electrostatic potential due to the QM density 
     calculated at the position of the i-th charge q_i.

     For further details, see:
     Senn & Thiel, Angew. Chem. Int. Ed., 2009, 48, 1198−1229


  - Cholesky decomposition of AO overlap to get linearly independent orbitals:

  - Orbital details:

     Number of occupied orbitals:         9
     Number of virtual orbitals:         63
     Number of molecular orbitals:       72
     Number of atomic orbitals:          72


  :: Hartree-Fock engine
  =========================

  Drives the calculation of the Hartree-Fock state.

  This is a RHF ground state calculation.
  The following tasks will be performed:

     1) Generate initial SAD density
     2) Calculation of reference state (SCF-DIIS algorithm)


  1) Generate initial SAD density


  2) Calculation of reference state (SCF-DIIS algorithm)

   - Self-consistent field DIIS Hartree-Fock solver
  ----------------------------------------------------

  A DIIS-accelerated Roothan-Hall self-consistent field solver. A least-square 
  DIIS fit is performed on the previous Fock matrices and associated gradients. 
  Following the Roothan-Hall update of the density, the DIIS-fitted Fock 
  matrix is used to get the next orbital coefficients.

  - Hartree-Fock solver settings:

     DIIS dimension:                         8
     Cumulative Fock threshold:       0.10E+01

     Energy threshold:              0.1000E-05
     Gradient threshold:            0.1000E-05

     Coulomb screening threshold:   0.1000E-11
     Exchange screening threshold:  0.1000E-09
     Fock precision:                0.1000E-23
     Integral cutoff:               0.1000E-11

  - Setting initial AO density to SAD

     Energy of initial guess:              -115.818422856213
     Number of electrons in guess:           18.000000000000

  Iteration       Energy (a.u.)      Max(grad.)    Delta E (a.u.)
  ---------------------------------------------------------------
     1          -115.557710550066     0.8425E-01     0.1156E+03
     2          -115.594289620369     0.6887E-01     0.3658E-01
     3          -115.608508912449     0.7885E-02     0.1422E-01
     4          -115.609047045342     0.6614E-03     0.5381E-03
     5          -115.609060859829     0.2262E-03     0.1381E-04
     6          -115.609061840260     0.6102E-04     0.9804E-06
     7          -115.609061919388     0.1579E-04     0.7913E-07
     8          -115.609061926387     0.4294E-05     0.7000E-08
     9          -115.609061926622     0.6496E-06     0.2345E-09
  ---------------------------------------------------------------
  Convergence criterion met in 9 iterations!

  - Summary of RHF wavefunction energetics (a.u.):

     HOMO-LUMO gap:                  0.490377777775
     Nuclear repulsion energy:      39.962698739225
     Electronic energy:           -155.571760665847
     Total energy:                -115.609061926622

  - Summary of QM/MM energetics:
                                         a.u.             eV     kcal/mol
     QM/MM SCF Contribution:        -0.145215708831
     QM/MM Electrostatic Energy:    -0.000124341750    -0.00338    -0.078

  - Molecular orbital energies

  -----------------------------------------------------------------------------------
   1 -20.565381682925  19   0.281413743204  37   1.282098163281  55   2.780060092529
   2 -11.282191123966  20   0.286236410282  38   1.368054294123  56   2.840264546441
   3  -1.367468496191  21   0.289800266350  39   1.439399832177  57   2.844603428846
   4  -0.936683683141  22   0.303214519035  40   1.615167798658  58   2.980515492255
   5  -0.700941151921  23   0.320884696130  41   1.672490301062  59   3.193594219199
   6  -0.629937143622  24   0.343239801413  42   1.701950284069  60   3.339367647245
   7  -0.603080163172  25   0.385937178744  43   1.784223147198  61   3.459623299888
   8  -0.512945347375  26   0.469184204005  44   1.795482486348  62   3.590124533720
   9  -0.459838157777  27   0.556056222216  45   1.805040971118  63   3.677228122604
  10   0.030539619999  28   0.568394641143  46   1.951167471016  64   4.126897860799
  11   0.052839864635  29   0.705138968370  47   1.958594454320  65   4.179591184974
  12   0.066624316048  30   0.766932054028  48   2.071494798487  66   4.321820427259
  13   0.069273674244  31   0.837208565147  49   2.289149969538  67   4.435654871685
  14   0.118795774965  32   0.844364935829  50   2.336481968741  68   5.559273245931
  15   0.138653084419  33   0.866802902161  51   2.409828623168  69   5.907291978207
  16   0.149791096435  34   1.058948384152  52   2.509384326281  70   6.210052176435
  17   0.172950688632  35   1.181762265992  53   2.703589082581  71  25.062608768221
  18   0.273609414031  36   1.226994102891  54   2.748102528143  72  51.593115779472
  -----------------------------------------------------------------------------------

  - Timings for the RHF ground state calculation

     Total wall time (sec):             30.53600
     Total cpu time (sec):            1414.37411

  eT terminated successfully!
