
  Preparation of molecular system (Libint)
  wall time (sec):                 0.00
  cpu time (sec):                  0.00
  cpu/wall ratio:                  1.44

  Preparation of molecular system (total)
  wall time (sec):                 0.13
  cpu time (sec):                  1.50
  cpu/wall ratio:                 11.33

  Cholesky decomposition of AO overlap
  wall time (sec):                 0.14
  cpu time (sec):                  6.82
  cpu/wall ratio:                 48.00


  :: Hartree-Fock engine
  =========================


  1) Generate initial SAD density

  SAD generation time
  wall time (sec):                24.29
  cpu time (sec):               1125.92
  cpu/wall ratio:                 46.34


  2) Calculation of reference state (SCF-DIIS algorithm)

  AO Fock construction
  wall time (sec):                 0.21
  cpu time (sec):                  9.42
  cpu/wall ratio:                 44.84

  AO Fock construction
  wall time (sec):                 0.22
  cpu time (sec):                 10.35
  cpu/wall ratio:                 47.03

  AO Fock construction
  wall time (sec):                 0.21
  cpu time (sec):                 10.24
  cpu/wall ratio:                 48.30

  SCF DIIS iteration time
  wall time (sec):                 0.65
  cpu time (sec):                 30.67
  cpu/wall ratio:                 46.97

  AO Fock construction
  wall time (sec):                 0.24
  cpu time (sec):                 11.24
  cpu/wall ratio:                 46.46

  SCF DIIS iteration time
  wall time (sec):                 0.67
  cpu time (sec):                 30.77
  cpu/wall ratio:                 45.99

  AO Fock construction
  wall time (sec):                 0.21
  cpu time (sec):                 10.17
  cpu/wall ratio:                 47.52

  SCF DIIS iteration time
  wall time (sec):                 0.68
  cpu time (sec):                 31.56
  cpu/wall ratio:                 46.48

  AO Fock construction
  wall time (sec):                 0.23
  cpu time (sec):                 10.87
  cpu/wall ratio:                 47.69

  SCF DIIS iteration time
  wall time (sec):                 0.66
  cpu time (sec):                 31.20
  cpu/wall ratio:                 46.99

  AO Fock construction
  wall time (sec):                 0.22
  cpu time (sec):                 10.85
  cpu/wall ratio:                 48.42

  SCF DIIS iteration time
  wall time (sec):                 0.66
  cpu time (sec):                 31.08
  cpu/wall ratio:                 47.38

  AO Fock construction
  wall time (sec):                 0.23
  cpu time (sec):                 10.73
  cpu/wall ratio:                 47.48

  SCF DIIS iteration time
  wall time (sec):                 0.68
  cpu time (sec):                 31.44
  cpu/wall ratio:                 46.51

  AO Fock construction
  wall time (sec):                 0.21
  cpu time (sec):                 10.13
  cpu/wall ratio:                 47.80

  SCF DIIS iteration time
  wall time (sec):                 0.65
  cpu time (sec):                 30.60
  cpu/wall ratio:                 46.94

  AO Fock construction
  wall time (sec):                 0.22
  cpu time (sec):                 10.58
  cpu/wall ratio:                 47.45

  SCF DIIS iteration time
  wall time (sec):                 0.68
  cpu time (sec):                 31.81
  cpu/wall ratio:                 47.06

  SCF DIIS iteration time
  wall time (sec):                 0.00
  cpu time (sec):                  0.05
  cpu/wall ratio:                 48.54

  SCF DIIS solver time
  wall time (sec):                 6.37
  cpu time (sec):                297.01
  cpu/wall ratio:                 46.61

  Hartree-Fock engine
  wall time (sec):                30.67
  cpu time (sec):               1422.93
  cpu/wall ratio:                 46.40


  :: Total time
  ================

  Total time in eT
  wall time (sec):                31.10
  cpu time (sec):               1438.78
  cpu/wall ratio:                 46.26
