
  Preparation of molecular system (Libint)
  wall time (sec):                 0.00
  cpu time (sec):                  0.00
  cpu/wall ratio:                  0.72

  Preparation of molecular system (total)
  wall time (sec):                 0.12
  cpu time (sec):                  1.53
  cpu/wall ratio:                 12.24

  Cholesky decomposition of AO overlap
  wall time (sec):                 0.13
  cpu time (sec):                  6.54
  cpu/wall ratio:                 49.19


  :: Hartree-Fock engine
  =========================


  1) Generate initial SAD density

  SAD generation time
  wall time (sec):                23.73
  cpu time (sec):               1125.83
  cpu/wall ratio:                 47.45


  2) Calculation of reference state (SCF-DIIS algorithm)

  AO Fock construction
  wall time (sec):                 0.21
  cpu time (sec):                  9.40
  cpu/wall ratio:                 45.20

  AO Fock construction
  wall time (sec):                 0.21
  cpu time (sec):                 10.09
  cpu/wall ratio:                 47.81

  AO Fock construction
  wall time (sec):                 0.23
  cpu time (sec):                 10.65
  cpu/wall ratio:                 47.13

  SCF DIIS iteration time
  wall time (sec):                 0.64
  cpu time (sec):                 29.95
  cpu/wall ratio:                 46.65

  AO Fock construction
  wall time (sec):                 0.22
  cpu time (sec):                 10.58
  cpu/wall ratio:                 47.64

  SCF DIIS iteration time
  wall time (sec):                 0.66
  cpu time (sec):                 30.95
  cpu/wall ratio:                 46.62

  AO Fock construction
  wall time (sec):                 0.24
  cpu time (sec):                 11.05
  cpu/wall ratio:                 46.80

  SCF DIIS iteration time
  wall time (sec):                 0.68
  cpu time (sec):                 31.50
  cpu/wall ratio:                 46.47

  AO Fock construction
  wall time (sec):                 0.23
  cpu time (sec):                 10.72
  cpu/wall ratio:                 47.43

  SCF DIIS iteration time
  wall time (sec):                 0.65
  cpu time (sec):                 30.61
  cpu/wall ratio:                 46.88

  AO Fock construction
  wall time (sec):                 0.21
  cpu time (sec):                 10.14
  cpu/wall ratio:                 47.62

  SCF DIIS iteration time
  wall time (sec):                 0.65
  cpu time (sec):                 30.48
  cpu/wall ratio:                 46.68

  AO Fock construction
  wall time (sec):                 0.23
  cpu time (sec):                 10.69
  cpu/wall ratio:                 47.50

  SCF DIIS iteration time
  wall time (sec):                 0.66
  cpu time (sec):                 31.04
  cpu/wall ratio:                 46.96

  AO Fock construction
  wall time (sec):                 0.23
  cpu time (sec):                 10.79
  cpu/wall ratio:                 47.72

  SCF DIIS iteration time
  wall time (sec):                 0.68
  cpu time (sec):                 32.05
  cpu/wall ratio:                 46.86

  AO Fock construction
  wall time (sec):                 0.21
  cpu time (sec):                 10.01
  cpu/wall ratio:                 47.68

  SCF DIIS iteration time
  wall time (sec):                 0.66
  cpu time (sec):                 30.90
  cpu/wall ratio:                 46.82

  SCF DIIS iteration time
  wall time (sec):                 0.00
  cpu time (sec):                  0.05
  cpu/wall ratio:                 47.71

  SCF DIIS solver time
  wall time (sec):                 6.32
  cpu time (sec):                294.54
  cpu/wall ratio:                 46.61

  Hartree-Fock engine
  wall time (sec):                30.04
  cpu time (sec):               1420.37
  cpu/wall ratio:                 47.28


  :: Total time
  ================

  Total time in eT
  wall time (sec):                30.46
  cpu time (sec):               1435.75
  cpu/wall ratio:                 47.13
