


                     eT - an electronic structure program

  ------------------------------------------------------------------------
   Author list in alphabetical order:
  ------------------------------------------------------------------------
   J. H. Andersen, A. Balbi, S. Coriani, S. D. Folkestad, T. Giovannini, 
   L. Goletto, T. S. Haugland, A. Hutcheson, I-M. Høyvik, E. F. Kjønstad, 
   H. Koch, T. Moitra, R. H. Myhre, A. C. Paul, M. Scavino, A. Skeidsvoll, 
   Å. H. Tveten
  ------------------------------------------------------------------------


  :: Input file
  ================

     Note: geometry section is excluded from this print

     system
        name: methanol scan 2.25
        charge: 0
     end system

     do
       ground state
     end do

     memory
        available: 8
     end memory

     solver scf
        algorithm: scf-diis
     end solver scf

     molecular mechanics
        forcefield: non-polarizable
     end molecular mechanics

     method
        hf
     end method


  Running on 56 OMP thread(s)
  Memory available for calculation: 8.000000 GB


  :: Molecular system specifications (QM)
  ==========================================

     Name:             methanol scan 2.25
     Charge:           0
     Multiplicity:     1
     Coordinate units: angstrom

     Pure basis functions:         72
     Cartesian basis functions:    74
     Primitive basis functions:   108

     Nuclear repulsion energy (a.u.):             40.346784236152
     Bohr/angstrom value (CODATA 2010):            0.529177210920

     ==============================================================================
                                     Geometry (angstrom)
     ==============================================================================
        Atom           X                  Y                  Z         # in input
     ==============================================================================
        Basis: 6-311++g**
        1 C      0.997897000000     0.986064000000    -0.008014000000        1
        2 O     -0.422019000000     0.999211000000    -0.000572000000        2
        3 H      1.399338000000     0.999753000000    -1.024504000000        3
        4 H      1.399296000000     0.119782000000     0.523986000000        4
        5 H      1.322862000000     1.888586000000     0.504866000000        5
        6 H     -0.732374000000     0.211603000000    -0.448762000000        6
     ==============================================================================

     ==============================================================================
                                     Geometry (a.u.)
     ==============================================================================
        Atom           X                  Y                  Z         # in input
     ==============================================================================
        Basis: 6-311++g**
        1 C      1.885752030525     1.863390901293    -0.015144265162        1
        2 O     -0.797500329363     1.888235130653    -0.001080923343        2
        3 H      2.644365575697     1.889259362212    -1.936031973521        3
        4 H      2.644286207199     0.226355174653     0.990190033106        4
        5 H      2.499846880594     3.568910302688     0.954058469605        5
        6 H     -1.383986280752     0.399871717136    -0.848037275112        6
     ==============================================================================


  :: Molecular system specifications (MM)
  ==========================================

     Force Field:  non-polarizable

     Number of MM atoms:                   2
     Number of MM molecules:               1

    ====================================================================
                        MM Geometry (Å) and Parameters
    ====================================================================
    Atom    Mol             X          Y          Z            Charge
    ====================================================================
      H       1         1.995050   3.755448   1.565756        1.000000
      H       1         2.293801   4.585165   2.037262       -1.000000
    ====================================================================


  :: RHF wavefunction
  ======================

  This is a QM/MM calculation

     Electrostatic Embedding:

     Each atom of the MM portion is endowed with a charge which value 
     is a fixed external parameter.

     The QM/MM electrostatic interaction energy is defined as:

        E^ele_QM/MM = sum_i q_i * V_i(P)

     where V_i(P) is the electrostatic potential due to the QM density 
     calculated at the position of the i-th charge q_i.

     For further details, see:
     Senn & Thiel, Angew. Chem. Int. Ed., 2009, 48, 1198−1229


  - Cholesky decomposition of AO overlap to get linearly independent orbitals:

  - Orbital details:

     Number of occupied orbitals:         9
     Number of virtual orbitals:         63
     Number of molecular orbitals:       72
     Number of atomic orbitals:          72


  :: Hartree-Fock engine
  =========================

  Drives the calculation of the Hartree-Fock state.

  This is a RHF ground state calculation.
  The following tasks will be performed:

     1) Generate initial SAD density
     2) Calculation of reference state (SCF-DIIS algorithm)


  1) Generate initial SAD density


  2) Calculation of reference state (SCF-DIIS algorithm)

   - Self-consistent field DIIS Hartree-Fock solver
  ----------------------------------------------------

  A DIIS-accelerated Roothan-Hall self-consistent field solver. A least-square 
  DIIS fit is performed on the previous Fock matrices and associated gradients. 
  Following the Roothan-Hall update of the density, the DIIS-fitted Fock 
  matrix is used to get the next orbital coefficients.

  - Hartree-Fock solver settings:

     DIIS dimension:                         8
     Cumulative Fock threshold:       0.10E+01

     Energy threshold:              0.1000E-05
     Gradient threshold:            0.1000E-05

     Coulomb screening threshold:   0.1000E-11
     Exchange screening threshold:  0.1000E-09
     Fock precision:                0.1000E-23
     Integral cutoff:               0.1000E-11

  - Setting initial AO density to SAD

     Energy of initial guess:              -115.818111264119
     Number of electrons in guess:           18.000000000000

  Iteration       Energy (a.u.)      Max(grad.)    Delta E (a.u.)
  ---------------------------------------------------------------
     1          -115.556732369890     0.8345E-01     0.1156E+03
     2          -115.593580702098     0.6836E-01     0.3685E-01
     3          -115.607565066918     0.8255E-02     0.1398E-01
     4          -115.608112527064     0.7260E-03     0.5475E-03
     5          -115.608127291282     0.2608E-03     0.1476E-04
     6          -115.608128348279     0.6662E-04     0.1057E-05
     7          -115.608128432423     0.1935E-04     0.8414E-07
     8          -115.608128439986     0.4926E-05     0.7563E-08
     9          -115.608128440244     0.7508E-06     0.2578E-09
  ---------------------------------------------------------------
  Convergence criterion met in 9 iterations!

  - Summary of RHF wavefunction energetics (a.u.):

     HOMO-LUMO gap:                  0.494670849479
     Nuclear repulsion energy:      40.387599539107
     Electronic energy:           -155.995727979351
     Total energy:                -115.608128440244

  - Summary of QM/MM energetics:
                                         a.u.             eV     kcal/mol
     QM/MM SCF Contribution:        -0.571218135794
     QM/MM Electrostatic Energy:    -0.001225719321    -0.03335    -0.769

  - Molecular orbital energies

  -----------------------------------------------------------------------------------
   1 -20.586992247559  19   0.264000276338  37   1.263276591912  55   2.754358237348
   2 -11.314400035093  20   0.269699645246  38   1.347043773988  56   2.801935621824
   3  -1.389887088186  21   0.272629159547  39   1.413923722413  57   2.816618662877
   4  -0.965546072517  22   0.287811995972  40   1.595083526010  58   2.950353918924
   5  -0.724821386199  23   0.295889442712  41   1.648860270515  59   3.165240228221
   6  -0.655678227622  24   0.323521123970  42   1.669803735956  60   3.312368215585
   7  -0.632979064532  25   0.362954622718  43   1.756688841808  61   3.437330241154
   8  -0.540659440544  26   0.451571329490  44   1.768147484710  62   3.567757374313
   9  -0.482745033576  27   0.528310641972  45   1.775716509278  63   3.653673985338
  10   0.011925815903  28   0.543793948337  46   1.924182627350  64   4.096987459061
  11   0.036733216017  29   0.681262978071  47   1.928612698010  65   4.151718627798
  12   0.058613810883  30   0.741360140481  48   2.042465698733  66   4.295580735133
  13   0.058719245998  31   0.812031806313  49   2.258570419595  67   4.411699487462
  14   0.103780755707  32   0.812282436502  50   2.313412975280  68   5.538183901418
  15   0.129323373533  33   0.834974934568  51   2.378350752333  69   5.885509558444
  16   0.129899535301  34   1.029385201577  52   2.482914078226  70   6.187654556247
  17   0.169728807245  35   1.155469173930  53   2.675640851756  71  25.030503207776
  18   0.239332832041  36   1.200785171200  54   2.715601434477  72  51.571507798534
  -----------------------------------------------------------------------------------

  - Timings for the RHF ground state calculation

     Total wall time (sec):             30.36900
     Total cpu time (sec):            1412.84006

  eT terminated successfully!
