


                     eT - an electronic structure program

  ------------------------------------------------------------------------
   Author list in alphabetical order:
  ------------------------------------------------------------------------
   J. H. Andersen, A. Balbi, S. Coriani, S. D. Folkestad, T. Giovannini, 
   L. Goletto, T. S. Haugland, A. Hutcheson, I-M. Høyvik, E. F. Kjønstad, 
   H. Koch, T. Moitra, R. H. Myhre, A. C. Paul, M. Scavino, A. Skeidsvoll, 
   Å. H. Tveten
  ------------------------------------------------------------------------


  :: Input file
  ================

     Note: geometry section is excluded from this print

     system
        name: methanol scan 8.00
        charge: 0
     end system

     do
       ground state
     end do

     memory
        available: 8
     end memory

     solver scf
        algorithm: scf-diis
     end solver scf

     molecular mechanics
        forcefield: non-polarizable
     end molecular mechanics

     method
        hf
     end method


  Running on 56 OMP thread(s)
  Memory available for calculation: 8.000000 GB


  :: Molecular system specifications (QM)
  ==========================================

     Name:             methanol scan 8.00
     Charge:           0
     Multiplicity:     1
     Coordinate units: angstrom

     Pure basis functions:         72
     Cartesian basis functions:    74
     Primitive basis functions:   108

     Nuclear repulsion energy (a.u.):             40.346784236152
     Bohr/angstrom value (CODATA 2010):            0.529177210920

     ==============================================================================
                                     Geometry (angstrom)
     ==============================================================================
        Atom           X                  Y                  Z         # in input
     ==============================================================================
        Basis: 6-311++g**
        1 C      0.997897000000     0.986064000000    -0.008014000000        1
        2 O     -0.422019000000     0.999211000000    -0.000572000000        2
        3 H      1.399338000000     0.999753000000    -1.024504000000        3
        4 H      1.399296000000     0.119782000000     0.523986000000        4
        5 H      1.322862000000     1.888586000000     0.504866000000        5
        6 H     -0.732374000000     0.211603000000    -0.448762000000        6
     ==============================================================================

     ==============================================================================
                                     Geometry (a.u.)
     ==============================================================================
        Atom           X                  Y                  Z         # in input
     ==============================================================================
        Basis: 6-311++g**
        1 C      1.885752030525     1.863390901293    -0.015144265162        1
        2 O     -0.797500329363     1.888235130653    -0.001080923343        2
        3 H      2.644365575697     1.889259362212    -1.936031973521        3
        4 H      2.644286207199     0.226355174653     0.990190033106        4
        5 H      2.499846880594     3.568910302688     0.954058469605        5
        6 H     -1.383986280752     0.399871717136    -0.848037275112        6
     ==============================================================================


  :: Molecular system specifications (MM)
  ==========================================

     Force Field:  non-polarizable

     Number of MM atoms:                   2
     Number of MM molecules:               1

    ====================================================================
                        MM Geometry (Å) and Parameters
    ====================================================================
    Atom    Mol             X          Y          Z            Charge
    ====================================================================
      H       1         3.712865   8.526320   4.276919        1.000000
      H       1         4.011616   9.356036   4.748425       -1.000000
    ====================================================================


  :: RHF wavefunction
  ======================

  This is a QM/MM calculation

     Electrostatic Embedding:

     Each atom of the MM portion is endowed with a charge which value 
     is a fixed external parameter.

     The QM/MM electrostatic interaction energy is defined as:

        E^ele_QM/MM = sum_i q_i * V_i(P)

     where V_i(P) is the electrostatic potential due to the QM density 
     calculated at the position of the i-th charge q_i.

     For further details, see:
     Senn & Thiel, Angew. Chem. Int. Ed., 2009, 48, 1198−1229


  - Cholesky decomposition of AO overlap to get linearly independent orbitals:

  - Orbital details:

     Number of occupied orbitals:         9
     Number of virtual orbitals:         63
     Number of molecular orbitals:       72
     Number of atomic orbitals:          72


  :: Hartree-Fock engine
  =========================

  Drives the calculation of the Hartree-Fock state.

  This is a RHF ground state calculation.
  The following tasks will be performed:

     1) Generate initial SAD density
     2) Calculation of reference state (SCF-DIIS algorithm)


  1) Generate initial SAD density


  2) Calculation of reference state (SCF-DIIS algorithm)

   - Self-consistent field DIIS Hartree-Fock solver
  ----------------------------------------------------

  A DIIS-accelerated Roothan-Hall self-consistent field solver. A least-square 
  DIIS fit is performed on the previous Fock matrices and associated gradients. 
  Following the Roothan-Hall update of the density, the DIIS-fitted Fock 
  matrix is used to get the next orbital coefficients.

  - Hartree-Fock solver settings:

     DIIS dimension:                         8
     Cumulative Fock threshold:       0.10E+01

     Energy threshold:              0.1000E-05
     Gradient threshold:            0.1000E-05

     Coulomb screening threshold:   0.1000E-11
     Exchange screening threshold:  0.1000E-09
     Fock precision:                0.1000E-23
     Integral cutoff:               0.1000E-11

  - Setting initial AO density to SAD

     Energy of initial guess:              -115.818423544903
     Number of electrons in guess:           18.000000000000

  Iteration       Energy (a.u.)      Max(grad.)    Delta E (a.u.)
  ---------------------------------------------------------------
     1          -115.557705558455     0.8427E-01     0.1156E+03
     2          -115.594268539087     0.6888E-01     0.3656E-01
     3          -115.608496810418     0.7869E-02     0.1423E-01
     4          -115.609034857770     0.6603E-03     0.5380E-03
     5          -115.609048633018     0.2245E-03     0.1378E-04
     6          -115.609049611643     0.6081E-04     0.9786E-06
     7          -115.609049690477     0.1567E-04     0.7883E-07
     8          -115.609049697451     0.4269E-05     0.6974E-08
     9          -115.609049697687     0.6451E-06     0.2356E-09
  ---------------------------------------------------------------
  Convergence criterion met in 9 iterations!

  - Summary of RHF wavefunction energetics (a.u.):

     HOMO-LUMO gap:                  0.491088002478
     Nuclear repulsion energy:      39.915782074351
     Electronic energy:           -155.524831772037
     Total energy:                -115.609049697687

  - Summary of QM/MM energetics:
                                         a.u.             eV     kcal/mol
     QM/MM SCF Contribution:        -0.098276596993
     QM/MM Electrostatic Energy:    -0.000101206209    -0.00275    -0.064

  - Molecular orbital energies

  -----------------------------------------------------------------------------------
   1 -20.562966504505  19   0.283622161445  37   1.284366485129  55   2.782746980612
   2 -11.279296003533  20   0.290252998382  38   1.370471716097  56   2.843450051999
   3  -1.365016423788  21   0.292035534088  39   1.442123701162  57   2.847353021858
   4  -0.933890651313  22   0.305432713065  40   1.617447530079  58   2.983304787285
   5  -0.698394750713  23   0.323819010519  41   1.674984030443  59   3.196392166221
   6  -0.627290719107  24   0.345844279396  42   1.704905934812  60   3.342050596515
   7  -0.600276287983  25   0.388680451817  43   1.786881222108  61   3.462091911159
   8  -0.510196947860  26   0.471967407740  44   1.798267861668  62   3.592592295440
   9  -0.457337197196  27   0.558754057613  45   1.807938623909  63   3.679744825094
  10   0.033750805282  28   0.571268657059  46   1.953883580519  64   4.129713099011
  11   0.057583011119  29   0.707520371909  47   1.961501204291  65   4.182327459517
  12   0.068240010358  30   0.769838245820  48   2.074295540544  66   4.324468531667
  13   0.073191728713  31   0.839849211006  49   2.291994208437  67   4.438190828424
  14   0.121514960847  32   0.847470691657  50   2.338943707481  68   5.561680695943
  15   0.141218681163  33   0.869835924879  51   2.412734970976  69   5.909743178994
  16   0.152969705490  34   1.061778107840  52   2.512028146591  70   6.212499107114
  17   0.176621008083  35   1.184503756685  53   2.706248457975  71  25.065502631529
  18   0.275785839250  36   1.229684860500  54   2.751033622426  72  51.595531616068
  -----------------------------------------------------------------------------------

  - Timings for the RHF ground state calculation

     Total wall time (sec):             30.23900
     Total cpu time (sec):            1408.77432

  eT terminated successfully!
