


                     eT - an electronic structure program

  ------------------------------------------------------------------------
   Author list in alphabetical order:
  ------------------------------------------------------------------------
   J. H. Andersen, A. Balbi, S. Coriani, S. D. Folkestad, T. Giovannini, 
   L. Goletto, T. S. Haugland, A. Hutcheson, I-M. Høyvik, E. F. Kjønstad, 
   H. Koch, T. Moitra, R. H. Myhre, A. C. Paul, M. Scavino, A. Skeidsvoll, 
   Å. H. Tveten
  ------------------------------------------------------------------------


  :: Input file
  ================

     Note: geometry section is excluded from this print

     system
        name: methanol scan 6.50
        charge: 0
     end system

     do
       ground state
     end do

     memory
        available: 8
     end memory

     solver scf
        algorithm: scf-diis
     end solver scf

     molecular mechanics
        forcefield: non-polarizable
     end molecular mechanics

     method
        hf
     end method


  Running on 56 OMP thread(s)
  Memory available for calculation: 8.000000 GB


  :: Molecular system specifications (QM)
  ==========================================

     Name:             methanol scan 6.50
     Charge:           0
     Multiplicity:     1
     Coordinate units: angstrom

     Pure basis functions:         72
     Cartesian basis functions:    74
     Primitive basis functions:   108

     Nuclear repulsion energy (a.u.):             40.346784236152
     Bohr/angstrom value (CODATA 2010):            0.529177210920

     ==============================================================================
                                     Geometry (angstrom)
     ==============================================================================
        Atom           X                  Y                  Z         # in input
     ==============================================================================
        Basis: 6-311++g**
        1 C      0.997897000000     0.986064000000    -0.008014000000        1
        2 O     -0.422019000000     0.999211000000    -0.000572000000        2
        3 H      1.399338000000     0.999753000000    -1.024504000000        3
        4 H      1.399296000000     0.119782000000     0.523986000000        4
        5 H      1.322862000000     1.888586000000     0.504866000000        5
        6 H     -0.732374000000     0.211603000000    -0.448762000000        6
     ==============================================================================

     ==============================================================================
                                     Geometry (a.u.)
     ==============================================================================
        Atom           X                  Y                  Z         # in input
     ==============================================================================
        Basis: 6-311++g**
        1 C      1.885752030525     1.863390901293    -0.015144265162        1
        2 O     -0.797500329363     1.888235130653    -0.001080923343        2
        3 H      2.644365575697     1.889259362212    -1.936031973521        3
        4 H      2.644286207199     0.226355174653     0.990190033106        4
        5 H      2.499846880594     3.568910302688     0.954058469605        5
        6 H     -1.383986280752     0.399871717136    -0.848037275112        6
     ==============================================================================


  :: Molecular system specifications (MM)
  ==========================================

     Force Field:  non-polarizable

     Number of MM atoms:                   2
     Number of MM molecules:               1

    ====================================================================
                        MM Geometry (Å) and Parameters
    ====================================================================
    Atom    Mol             X          Y          Z            Charge
    ====================================================================
      H       1         3.264740   7.281744   3.569659        1.000000
      H       1         3.563490   8.111461   4.041165       -1.000000
    ====================================================================


  :: RHF wavefunction
  ======================

  This is a QM/MM calculation

     Electrostatic Embedding:

     Each atom of the MM portion is endowed with a charge which value 
     is a fixed external parameter.

     The QM/MM electrostatic interaction energy is defined as:

        E^ele_QM/MM = sum_i q_i * V_i(P)

     where V_i(P) is the electrostatic potential due to the QM density 
     calculated at the position of the i-th charge q_i.

     For further details, see:
     Senn & Thiel, Angew. Chem. Int. Ed., 2009, 48, 1198−1229


  - Cholesky decomposition of AO overlap to get linearly independent orbitals:

  - Orbital details:

     Number of occupied orbitals:         9
     Number of virtual orbitals:         63
     Number of molecular orbitals:       72
     Number of atomic orbitals:          72


  :: Hartree-Fock engine
  =========================

  Drives the calculation of the Hartree-Fock state.

  This is a RHF ground state calculation.
  The following tasks will be performed:

     1) Generate initial SAD density
     2) Calculation of reference state (SCF-DIIS algorithm)


  1) Generate initial SAD density


  2) Calculation of reference state (SCF-DIIS algorithm)

   - Self-consistent field DIIS Hartree-Fock solver
  ----------------------------------------------------

  A DIIS-accelerated Roothan-Hall self-consistent field solver. A least-square 
  DIIS fit is performed on the previous Fock matrices and associated gradients. 
  Following the Roothan-Hall update of the density, the DIIS-fitted Fock 
  matrix is used to get the next orbital coefficients.

  - Hartree-Fock solver settings:

     DIIS dimension:                         8
     Cumulative Fock threshold:       0.10E+01

     Energy threshold:              0.1000E-05
     Gradient threshold:            0.1000E-05

     Coulomb screening threshold:   0.1000E-11
     Exchange screening threshold:  0.1000E-09
     Fock precision:                0.1000E-23
     Integral cutoff:               0.1000E-11

  - Setting initial AO density to SAD

     Energy of initial guess:              -115.818423263888
     Number of electrons in guess:           18.000000000000

  Iteration       Energy (a.u.)      Max(grad.)    Delta E (a.u.)
  ---------------------------------------------------------------
     1          -115.557712358635     0.8425E-01     0.1156E+03
     2          -115.594288349115     0.6887E-01     0.3658E-01
     3          -115.608509534747     0.7882E-02     0.1422E-01
     4          -115.609047646313     0.6612E-03     0.5381E-03
     5          -115.609061452922     0.2259E-03     0.1381E-04
     6          -115.609062432969     0.6098E-04     0.9800E-06
     7          -115.609062512038     0.1576E-04     0.7907E-07
     8          -115.609062519033     0.4289E-05     0.6994E-08
     9          -115.609062519267     0.6487E-06     0.2344E-09
  ---------------------------------------------------------------
  Convergence criterion met in 9 iterations!

  - Summary of RHF wavefunction energetics (a.u.):

     HOMO-LUMO gap:                  0.490592345486
     Nuclear repulsion energy:      39.954153295230
     Electronic energy:           -155.563215814497
     Total energy:                -115.609062519267

  - Summary of QM/MM energetics:
                                         a.u.             eV     kcal/mol
     QM/MM SCF Contribution:        -0.136668286153
     QM/MM Electrostatic Energy:    -0.000121955466    -0.00332    -0.077

  - Molecular orbital energies

  -----------------------------------------------------------------------------------
   1 -20.564944436996  19   0.281811326140  37   1.282505921307  55   2.780550964343
   2 -11.281656602200  20   0.286992586469  38   1.368491511661  56   2.840859158494
   3  -1.367023668416  21   0.290199888175  39   1.439897282414  57   2.845107689007
   4  -0.936170490630  22   0.303609787675  40   1.615579466730  58   2.981029790410
   5  -0.700477636391  23   0.321424110314  41   1.672944221610  59   3.194108488665
   6  -0.629453802985  24   0.343713255425  42   1.702496351312  60   3.339858790564
   7  -0.602564370364  25   0.386437499056  43   1.784709474701  61   3.460070936435
   8  -0.512441277198  26   0.469692689831  44   1.795993087291  62   3.590572140980
   9  -0.459384050956  27   0.556552224247  45   1.805575315934  63   3.677685726388
  10   0.031208294530  28   0.568919488655  46   1.951664835609  64   4.127416095641
  11   0.053812595556  29   0.705574253802  47   1.959130001665  65   4.180092924051
  12   0.066901120624  30   0.767466410218  48   2.072010867797  66   4.322304773686
  13   0.069950936997  31   0.837690291051  49   2.289674376728  67   4.436116325856
  14   0.119287889635  32   0.844945712986  50   2.336929855698  68   5.559708542647
  15   0.139136595814  33   0.867365130567  51   2.410365146237  69   5.907736017176
  16   0.150369630886  34   1.059468904114  52   2.509868458687  70   6.210496111269
  17   0.173637086937  35   1.182264127828  53   2.704077621082  71  25.063142993589
  18   0.274013928746  36   1.227486143233  54   2.748643937679  72  51.593553151755
  -----------------------------------------------------------------------------------

  - Timings for the RHF ground state calculation

     Total wall time (sec):             30.29900
     Total cpu time (sec):            1415.01518

  eT terminated successfully!
