


                     eT - an electronic structure program

  ------------------------------------------------------------------------
   Author list in alphabetical order:
  ------------------------------------------------------------------------
   J. H. Andersen, A. Balbi, S. Coriani, S. D. Folkestad, T. Giovannini, 
   L. Goletto, T. S. Haugland, A. Hutcheson, I-M. Høyvik, E. F. Kjønstad, 
   H. Koch, T. Moitra, R. H. Myhre, A. C. Paul, M. Scavino, A. Skeidsvoll, 
   Å. H. Tveten
  ------------------------------------------------------------------------


  :: Input file
  ================

     Note: geometry section is excluded from this print

     system
        name: methanol scan 3.75
        charge: 0
     end system

     do
       ground state
     end do

     memory
        available: 8
     end memory

     solver scf
        algorithm: scf-diis
     end solver scf

     molecular mechanics
        forcefield: non-polarizable
     end molecular mechanics

     method
        hf
     end method


  Running on 56 OMP thread(s)
  Memory available for calculation: 8.000000 GB


  :: Molecular system specifications (QM)
  ==========================================

     Name:             methanol scan 3.75
     Charge:           0
     Multiplicity:     1
     Coordinate units: angstrom

     Pure basis functions:         72
     Cartesian basis functions:    74
     Primitive basis functions:   108

     Nuclear repulsion energy (a.u.):             40.346784236152
     Bohr/angstrom value (CODATA 2010):            0.529177210920

     ==============================================================================
                                     Geometry (angstrom)
     ==============================================================================
        Atom           X                  Y                  Z         # in input
     ==============================================================================
        Basis: 6-311++g**
        1 C      0.997897000000     0.986064000000    -0.008014000000        1
        2 O     -0.422019000000     0.999211000000    -0.000572000000        2
        3 H      1.399338000000     0.999753000000    -1.024504000000        3
        4 H      1.399296000000     0.119782000000     0.523986000000        4
        5 H      1.322862000000     1.888586000000     0.504866000000        5
        6 H     -0.732374000000     0.211603000000    -0.448762000000        6
     ==============================================================================

     ==============================================================================
                                     Geometry (a.u.)
     ==============================================================================
        Atom           X                  Y                  Z         # in input
     ==============================================================================
        Basis: 6-311++g**
        1 C      1.885752030525     1.863390901293    -0.015144265162        1
        2 O     -0.797500329363     1.888235130653    -0.001080923343        2
        3 H      2.644365575697     1.889259362212    -1.936031973521        3
        4 H      2.644286207199     0.226355174653     0.990190033106        4
        5 H      2.499846880594     3.568910302688     0.954058469605        5
        6 H     -1.383986280752     0.399871717136    -0.848037275112        6
     ==============================================================================


  :: Molecular system specifications (MM)
  ==========================================

     Force Field:  non-polarizable

     Number of MM atoms:                   2
     Number of MM molecules:               1

    ====================================================================
                        MM Geometry (Å) and Parameters
    ====================================================================
    Atom    Mol             X          Y          Z            Charge
    ====================================================================
      H       1         2.443176   5.000023   2.273016        1.000000
      H       1         2.741927   5.829740   2.744522       -1.000000
    ====================================================================


  :: RHF wavefunction
  ======================

  This is a QM/MM calculation

     Electrostatic Embedding:

     Each atom of the MM portion is endowed with a charge which value 
     is a fixed external parameter.

     The QM/MM electrostatic interaction energy is defined as:

        E^ele_QM/MM = sum_i q_i * V_i(P)

     where V_i(P) is the electrostatic potential due to the QM density 
     calculated at the position of the i-th charge q_i.

     For further details, see:
     Senn & Thiel, Angew. Chem. Int. Ed., 2009, 48, 1198−1229


  - Cholesky decomposition of AO overlap to get linearly independent orbitals:

  - Orbital details:

     Number of occupied orbitals:         9
     Number of virtual orbitals:         63
     Number of molecular orbitals:       72
     Number of atomic orbitals:          72


  :: Hartree-Fock engine
  =========================

  Drives the calculation of the Hartree-Fock state.

  This is a RHF ground state calculation.
  The following tasks will be performed:

     1) Generate initial SAD density
     2) Calculation of reference state (SCF-DIIS algorithm)


  1) Generate initial SAD density


  2) Calculation of reference state (SCF-DIIS algorithm)

   - Self-consistent field DIIS Hartree-Fock solver
  ----------------------------------------------------

  A DIIS-accelerated Roothan-Hall self-consistent field solver. A least-square 
  DIIS fit is performed on the previous Fock matrices and associated gradients. 
  Following the Roothan-Hall update of the density, the DIIS-fitted Fock 
  matrix is used to get the next orbital coefficients.

  - Hartree-Fock solver settings:

     DIIS dimension:                         8
     Cumulative Fock threshold:       0.10E+01

     Energy threshold:              0.1000E-05
     Gradient threshold:            0.1000E-05

     Coulomb screening threshold:   0.1000E-11
     Exchange screening threshold:  0.1000E-09
     Fock precision:                0.1000E-23
     Integral cutoff:               0.1000E-11

  - Setting initial AO density to SAD

     Energy of initial guess:              -115.818421771196
     Number of electrons in guess:           18.000000000000

  Iteration       Energy (a.u.)      Max(grad.)    Delta E (a.u.)
  ---------------------------------------------------------------
     1          -115.557487487675     0.8410E-01     0.1156E+03
     2          -115.594133983492     0.6876E-01     0.3665E-01
     3          -115.608297294282     0.7970E-02     0.1416E-01
     4          -115.608836494459     0.6670E-03     0.5392E-03
     5          -115.608850512798     0.2351E-03     0.1402E-04
     6          -115.608851505102     0.6170E-04     0.9923E-06
     7          -115.608851585548     0.1652E-04     0.8045E-07
     8          -115.608851592660     0.4435E-05     0.7112E-08
     9          -115.608851592891     0.6726E-06     0.2316E-09
  ---------------------------------------------------------------
  Convergence criterion met in 9 iterations!

  - Summary of RHF wavefunction energetics (a.u.):

     HOMO-LUMO gap:                  0.477364000921
     Nuclear repulsion energy:      40.121078856829
     Electronic energy:           -155.729930449720
     Total energy:                -115.608851592891

  - Summary of QM/MM energetics:
                                         a.u.             eV     kcal/mol
     QM/MM SCF Contribution:        -0.303550959359
     QM/MM Electrostatic Energy:    -0.000079225164    -0.00216    -0.050

  - Molecular orbital energies

  -----------------------------------------------------------------------------------
   1 -20.573361168930  19   0.273489485608  37   1.274897159055  55   2.770824194145
   2 -11.292764363713  20   0.275829296278  38   1.360132209583  56   2.828141512358
   3  -1.375655063151  21   0.282915671514  39   1.430107328954  57   2.834925510366
   4  -0.946599969017  22   0.296539372003  40   1.607705133502  58   2.970402794908
   5  -0.709570582721  23   0.310645566078  41   1.664029632658  59   3.183754549776
   6  -0.639056633864  24   0.335028099776  42   1.691175473764  60   3.329995953555
   7  -0.613124419252  25   0.376828671205  43   1.774957844221  61   3.451413818003
   8  -0.522608215319  26   0.461122476558  44   1.785760328697  62   3.581903730509
   9  -0.468211456093  27   0.546605253503  45   1.794710167418  63   3.668733293734
  10   0.009152544828  28   0.558742409228  46   1.941691773424  64   4.116805316294
  11   0.038306108575  29   0.696948635706  47   1.948283864307  65   4.169963655752
  12   0.061682523168  30   0.757298947721  48   2.061518473934  66   4.312621138530
  13   0.062593417767  31   0.828170318673  49   2.278861481606  67   4.427058570736
  14   0.110609788018  32   0.833313264163  50   2.328157242310  68   5.551381882716
  15   0.132506787167  33   0.855657165953  51   2.399264299388  69   5.899210087896
  16   0.139738876110  34   1.048849900889  52   2.500141415319  70   6.201878987630
  17   0.163630203481  35   1.172265007352  53   2.694134444057  71  25.052051339052
  18   0.263379359975  36   1.217685326509  54   2.737410158495  72  51.585135002660
  -----------------------------------------------------------------------------------

  - Timings for the RHF ground state calculation

     Total wall time (sec):             30.33500
     Total cpu time (sec):            1403.61899

  eT terminated successfully!
