
  Preparation of molecular system (Libint)
  wall time (sec):                 0.00
  cpu time (sec):                  0.00
  cpu/wall ratio:                  1.44

  Preparation of molecular system (total)
  wall time (sec):                 0.12
  cpu time (sec):                  1.36
  cpu/wall ratio:                 11.02

  Cholesky decomposition of AO overlap
  wall time (sec):                 0.14
  cpu time (sec):                  6.66
  cpu/wall ratio:                 48.94


  :: Hartree-Fock engine
  =========================


  1) Generate initial SAD density

  SAD generation time
  wall time (sec):                23.98
  cpu time (sec):               1112.37
  cpu/wall ratio:                 46.39


  2) Calculation of reference state (SCF-DIIS algorithm)

  AO Fock construction
  wall time (sec):                 0.20
  cpu time (sec):                  9.22
  cpu/wall ratio:                 45.66

  AO Fock construction
  wall time (sec):                 0.21
  cpu time (sec):                  9.81
  cpu/wall ratio:                 47.41

  AO Fock construction
  wall time (sec):                 0.20
  cpu time (sec):                  9.44
  cpu/wall ratio:                 47.69

  SCF DIIS iteration time
  wall time (sec):                 0.62
  cpu time (sec):                 29.18
  cpu/wall ratio:                 46.69

  AO Fock construction
  wall time (sec):                 0.22
  cpu time (sec):                 10.66
  cpu/wall ratio:                 47.39

  SCF DIIS iteration time
  wall time (sec):                 0.65
  cpu time (sec):                 30.20
  cpu/wall ratio:                 46.40

  AO Fock construction
  wall time (sec):                 0.23
  cpu time (sec):                 10.63
  cpu/wall ratio:                 47.06

  SCF DIIS iteration time
  wall time (sec):                 0.67
  cpu time (sec):                 31.24
  cpu/wall ratio:                 46.70

  AO Fock construction
  wall time (sec):                 0.21
  cpu time (sec):                 10.19
  cpu/wall ratio:                 48.07

  SCF DIIS iteration time
  wall time (sec):                 0.64
  cpu time (sec):                 29.95
  cpu/wall ratio:                 46.88

  AO Fock construction
  wall time (sec):                 0.23
  cpu time (sec):                 10.79
  cpu/wall ratio:                 47.54

  SCF DIIS iteration time
  wall time (sec):                 0.67
  cpu time (sec):                 31.36
  cpu/wall ratio:                 46.88

  AO Fock construction
  wall time (sec):                 0.22
  cpu time (sec):                 10.19
  cpu/wall ratio:                 47.18

  SCF DIIS iteration time
  wall time (sec):                 0.67
  cpu time (sec):                 30.77
  cpu/wall ratio:                 46.20

  AO Fock construction
  wall time (sec):                 0.21
  cpu time (sec):                  9.81
  cpu/wall ratio:                 47.86

  SCF DIIS iteration time
  wall time (sec):                 0.66
  cpu time (sec):                 30.84
  cpu/wall ratio:                 46.80

  AO Fock construction
  wall time (sec):                 0.22
  cpu time (sec):                 10.74
  cpu/wall ratio:                 48.18

  SCF DIIS iteration time
  wall time (sec):                 0.67
  cpu time (sec):                 31.40
  cpu/wall ratio:                 47.07

  SCF DIIS iteration time
  wall time (sec):                 0.00
  cpu time (sec):                  0.05
  cpu/wall ratio:                 47.12

  SCF DIIS solver time
  wall time (sec):                 6.27
  cpu time (sec):                292.17
  cpu/wall ratio:                 46.62

  Hartree-Fock engine
  wall time (sec):                30.25
  cpu time (sec):               1404.54
  cpu/wall ratio:                 46.43


  :: Total time
  ================

  Total time in eT
  wall time (sec):                30.67
  cpu time (sec):               1420.20
  cpu/wall ratio:                 46.30
