


                     eT - an electronic structure program

  ------------------------------------------------------------------------
   Author list in alphabetical order:
  ------------------------------------------------------------------------
   J. H. Andersen, A. Balbi, S. Coriani, S. D. Folkestad, T. Giovannini, 
   L. Goletto, T. S. Haugland, A. Hutcheson, I-M. Høyvik, E. F. Kjønstad, 
   H. Koch, T. Moitra, R. H. Myhre, A. C. Paul, M. Scavino, A. Skeidsvoll, 
   Å. H. Tveten
  ------------------------------------------------------------------------


  :: Input file
  ================

     Note: geometry section is excluded from this print

     system
        name: methanol scan 9.25
        charge: 0
     end system

     do
       ground state
     end do

     memory
        available: 8
     end memory

     solver scf
        algorithm: scf-diis
     end solver scf

     molecular mechanics
        forcefield: non-polarizable
     end molecular mechanics

     method
        hf
     end method


  Running on 56 OMP thread(s)
  Memory available for calculation: 8.000000 GB


  :: Molecular system specifications (QM)
  ==========================================

     Name:             methanol scan 9.25
     Charge:           0
     Multiplicity:     1
     Coordinate units: angstrom

     Pure basis functions:         72
     Cartesian basis functions:    74
     Primitive basis functions:   108

     Nuclear repulsion energy (a.u.):             40.346784236152
     Bohr/angstrom value (CODATA 2010):            0.529177210920

     ==============================================================================
                                     Geometry (angstrom)
     ==============================================================================
        Atom           X                  Y                  Z         # in input
     ==============================================================================
        Basis: 6-311++g**
        1 C      0.997897000000     0.986064000000    -0.008014000000        1
        2 O     -0.422019000000     0.999211000000    -0.000572000000        2
        3 H      1.399338000000     0.999753000000    -1.024504000000        3
        4 H      1.399296000000     0.119782000000     0.523986000000        4
        5 H      1.322862000000     1.888586000000     0.504866000000        5
        6 H     -0.732374000000     0.211603000000    -0.448762000000        6
     ==============================================================================

     ==============================================================================
                                     Geometry (a.u.)
     ==============================================================================
        Atom           X                  Y                  Z         # in input
     ==============================================================================
        Basis: 6-311++g**
        1 C      1.885752030525     1.863390901293    -0.015144265162        1
        2 O     -0.797500329363     1.888235130653    -0.001080923343        2
        3 H      2.644365575697     1.889259362212    -1.936031973521        3
        4 H      2.644286207199     0.226355174653     0.990190033106        4
        5 H      2.499846880594     3.568910302688     0.954058469605        5
        6 H     -1.383986280752     0.399871717136    -0.848037275112        6
     ==============================================================================


  :: Molecular system specifications (MM)
  ==========================================

     Force Field:  non-polarizable

     Number of MM atoms:                   2
     Number of MM molecules:               1

    ====================================================================
                        MM Geometry (Å) and Parameters
    ====================================================================
    Atom    Mol             X          Y          Z            Charge
    ====================================================================
      H       1         4.086304   9.563465   4.866302        1.000000
      H       1         4.385054  10.393182   5.337809       -1.000000
    ====================================================================


  :: RHF wavefunction
  ======================

  This is a QM/MM calculation

     Electrostatic Embedding:

     Each atom of the MM portion is endowed with a charge which value 
     is a fixed external parameter.

     The QM/MM electrostatic interaction energy is defined as:

        E^ele_QM/MM = sum_i q_i * V_i(P)

     where V_i(P) is the electrostatic potential due to the QM density 
     calculated at the position of the i-th charge q_i.

     For further details, see:
     Senn & Thiel, Angew. Chem. Int. Ed., 2009, 48, 1198−1229


  - Cholesky decomposition of AO overlap to get linearly independent orbitals:

  - Orbital details:

     Number of occupied orbitals:         9
     Number of virtual orbitals:         63
     Number of molecular orbitals:       72
     Number of atomic orbitals:          72


  :: Hartree-Fock engine
  =========================

  Drives the calculation of the Hartree-Fock state.

  This is a RHF ground state calculation.
  The following tasks will be performed:

     1) Generate initial SAD density
     2) Calculation of reference state (SCF-DIIS algorithm)


  1) Generate initial SAD density


  2) Calculation of reference state (SCF-DIIS algorithm)

   - Self-consistent field DIIS Hartree-Fock solver
  ----------------------------------------------------

  A DIIS-accelerated Roothan-Hall self-consistent field solver. A least-square 
  DIIS fit is performed on the previous Fock matrices and associated gradients. 
  Following the Roothan-Hall update of the density, the DIIS-fitted Fock 
  matrix is used to get the next orbital coefficients.

  - Hartree-Fock solver settings:

     DIIS dimension:                         8
     Cumulative Fock threshold:       0.10E+01

     Energy threshold:              0.1000E-05
     Gradient threshold:            0.1000E-05

     Coulomb screening threshold:   0.1000E-11
     Exchange screening threshold:  0.1000E-09
     Fock precision:                0.1000E-23
     Integral cutoff:               0.1000E-11

  - Setting initial AO density to SAD

     Energy of initial guess:              -115.818423014417
     Number of electrons in guess:           18.000000000000

  Iteration       Energy (a.u.)      Max(grad.)    Delta E (a.u.)
  ---------------------------------------------------------------
     1          -115.557692720549     0.8427E-01     0.1156E+03
     2          -115.594249283933     0.6889E-01     0.3656E-01
     3          -115.608480432632     0.7864E-02     0.1423E-01
     4          -115.609018463915     0.6599E-03     0.5380E-03
     5          -115.609032225023     0.2238E-03     0.1376E-04
     6          -115.609033203082     0.6073E-04     0.9781E-06
     7          -115.609033281809     0.1562E-04     0.7873E-07
     8          -115.609033288775     0.4259E-05     0.6966E-08
     9          -115.609033289010     0.6434E-06     0.2354E-09
  ---------------------------------------------------------------
  Convergence criterion met in 9 iterations!

  - Summary of RHF wavefunction energetics (a.u.):

     HOMO-LUMO gap:                  0.491157200811
     Nuclear repulsion energy:      39.894940823138
     Electronic energy:           -155.503974112149
     Total energy:                -115.609033289010

  - Summary of QM/MM energetics:
                                         a.u.             eV     kcal/mol
     QM/MM SCF Contribution:        -0.077416807214
     QM/MM Electrostatic Energy:    -0.000083198128    -0.00226    -0.052

  - Molecular orbital energies

  -----------------------------------------------------------------------------------
   1 -20.561880618638  19   0.284633869790  37   1.285399753226  55   2.783934125908
   2 -11.278040229252  20   0.291903892988  38   1.371560184908  56   2.844803810436
   3  -1.363917927810  21   0.293062424332  39   1.443327273526  57   2.848560041754
   4  -0.932668895100  22   0.306457105720  40   1.618478170904  58   2.984517999266
   5  -0.697261416552  23   0.325098409225  41   1.676094640104  59   3.197615152470
   6  -0.626120215874  24   0.347003676194  42   1.706185483978  60   3.343232615934
   7  -0.599051989766  25   0.389893562041  43   1.788053504863  61   3.463198320695
   8  -0.508990693715  26   0.473192991204  44   1.799490557661  62   3.593697858603
   9  -0.456218999390  27   0.559932953403  45   1.809197164254  63   3.680867410555
  10   0.034938201422  28   0.572535700718  46   1.955079081263  64   4.130940762156
  11   0.059253351474  29   0.708575560858  47   1.962765488831  65   4.183529065489
  12   0.069039593079  30   0.771105252600  48   2.075514872495  66   4.325637077670
  13   0.074986285886  31   0.841019504615  49   2.293230851264  67   4.439320529184
  14   0.122730582320  32   0.848787418898  50   2.340041141497  68   5.562765331137
  15   0.142294398215  33   0.871140276442  51   2.413995395682  69   5.910843694427
  16   0.154372268755  34   1.063013226142  52   2.513192518077  70   6.213595188724
  17   0.178154803637  35   1.185710139735  53   2.707413772944  71  25.066758096807
  18   0.276739668491  36   1.230871992897  54   2.752303538650  72  51.596617757485
  -----------------------------------------------------------------------------------

  - Timings for the RHF ground state calculation

     Total wall time (sec):             30.01000
     Total cpu time (sec):            1441.49507

  eT terminated successfully!
