
  Preparation of molecular system (Libint)
  wall time (sec):                 0.00
  cpu time (sec):                  0.00
  cpu/wall ratio:                  0.73

  Preparation of molecular system (total)
  wall time (sec):                 0.14
  cpu time (sec):                  1.32
  cpu/wall ratio:                  9.81

  Cholesky decomposition of AO overlap
  wall time (sec):                 0.13
  cpu time (sec):                  6.57
  cpu/wall ratio:                 49.38


  :: Hartree-Fock engine
  =========================


  1) Generate initial SAD density

  SAD generation time
  wall time (sec):                23.78
  cpu time (sec):               1106.35
  cpu/wall ratio:                 46.52


  2) Calculation of reference state (SCF-DIIS algorithm)

  AO Fock construction
  wall time (sec):                 0.21
  cpu time (sec):                  9.38
  cpu/wall ratio:                 44.24

  AO Fock construction
  wall time (sec):                 0.22
  cpu time (sec):                  9.84
  cpu/wall ratio:                 44.93

  AO Fock construction
  wall time (sec):                 0.20
  cpu time (sec):                  9.56
  cpu/wall ratio:                 48.29

  SCF DIIS iteration time
  wall time (sec):                 0.64
  cpu time (sec):                 30.11
  cpu/wall ratio:                 47.05

  AO Fock construction
  wall time (sec):                 0.22
  cpu time (sec):                 10.64
  cpu/wall ratio:                 47.94

  SCF DIIS iteration time
  wall time (sec):                 0.67
  cpu time (sec):                 31.29
  cpu/wall ratio:                 46.57

  AO Fock construction
  wall time (sec):                 0.23
  cpu time (sec):                 10.80
  cpu/wall ratio:                 47.39

  SCF DIIS iteration time
  wall time (sec):                 0.67
  cpu time (sec):                 31.07
  cpu/wall ratio:                 46.51

  AO Fock construction
  wall time (sec):                 0.23
  cpu time (sec):                 10.85
  cpu/wall ratio:                 46.96

  SCF DIIS iteration time
  wall time (sec):                 0.67
  cpu time (sec):                 31.17
  cpu/wall ratio:                 46.59

  AO Fock construction
  wall time (sec):                 0.22
  cpu time (sec):                 10.52
  cpu/wall ratio:                 47.60

  SCF DIIS iteration time
  wall time (sec):                 0.65
  cpu time (sec):                 30.40
  cpu/wall ratio:                 46.63

  AO Fock construction
  wall time (sec):                 0.22
  cpu time (sec):                 10.50
  cpu/wall ratio:                 47.28

  SCF DIIS iteration time
  wall time (sec):                 0.66
  cpu time (sec):                 30.80
  cpu/wall ratio:                 46.59

  AO Fock construction
  wall time (sec):                 0.21
  cpu time (sec):                 10.38
  cpu/wall ratio:                 48.27

  SCF DIIS iteration time
  wall time (sec):                 0.65
  cpu time (sec):                 30.30
  cpu/wall ratio:                 46.84

  AO Fock construction
  wall time (sec):                 0.22
  cpu time (sec):                 10.56
  cpu/wall ratio:                 48.42

  SCF DIIS iteration time
  wall time (sec):                 0.66
  cpu time (sec):                 30.53
  cpu/wall ratio:                 46.61

  SCF DIIS iteration time
  wall time (sec):                 0.00
  cpu time (sec):                  0.05
  cpu/wall ratio:                 50.07

  SCF DIIS solver time
  wall time (sec):                 6.33
  cpu time (sec):                293.48
  cpu/wall ratio:                 46.33

  Hartree-Fock engine
  wall time (sec):                30.12
  cpu time (sec):               1399.83
  cpu/wall ratio:                 46.48


  :: Total time
  ================

  Total time in eT
  wall time (sec):                30.53
  cpu time (sec):               1414.45
  cpu/wall ratio:                 46.32
