
  Preparation of molecular system (Libint)
  wall time (sec):                 0.00
  cpu time (sec):                  0.00
  cpu/wall ratio:                  0.71

  Preparation of molecular system (total)
  wall time (sec):                 0.14
  cpu time (sec):                  1.34
  cpu/wall ratio:                  9.41

  Cholesky decomposition of AO overlap
  wall time (sec):                 0.13
  cpu time (sec):                  6.30
  cpu/wall ratio:                 48.43


  :: Hartree-Fock engine
  =========================


  1) Generate initial SAD density

  SAD generation time
  wall time (sec):                23.77
  cpu time (sec):               1191.45
  cpu/wall ratio:                 50.12


  2) Calculation of reference state (SCF-DIIS algorithm)

  AO Fock construction
  wall time (sec):                 0.20
  cpu time (sec):                  9.34
  cpu/wall ratio:                 47.40

  AO Fock construction
  wall time (sec):                 0.20
  cpu time (sec):                  9.68
  cpu/wall ratio:                 48.40

  AO Fock construction
  wall time (sec):                 0.20
  cpu time (sec):                  9.40
  cpu/wall ratio:                 47.47

  SCF DIIS iteration time
  wall time (sec):                 0.63
  cpu time (sec):                 29.36
  cpu/wall ratio:                 46.38

  AO Fock construction
  wall time (sec):                 0.22
  cpu time (sec):                 10.26
  cpu/wall ratio:                 47.52

  SCF DIIS iteration time
  wall time (sec):                 0.64
  cpu time (sec):                 29.97
  cpu/wall ratio:                 46.61

  AO Fock construction
  wall time (sec):                 0.24
  cpu time (sec):                 11.17
  cpu/wall ratio:                 47.52

  SCF DIIS iteration time
  wall time (sec):                 0.67
  cpu time (sec):                 31.15
  cpu/wall ratio:                 46.56

  AO Fock construction
  wall time (sec):                 0.22
  cpu time (sec):                 10.72
  cpu/wall ratio:                 47.86

  SCF DIIS iteration time
  wall time (sec):                 0.66
  cpu time (sec):                 31.03
  cpu/wall ratio:                 47.01

  AO Fock construction
  wall time (sec):                 0.21
  cpu time (sec):                  9.95
  cpu/wall ratio:                 47.38

  SCF DIIS iteration time
  wall time (sec):                 0.65
  cpu time (sec):                 30.54
  cpu/wall ratio:                 46.69

  AO Fock construction
  wall time (sec):                 0.22
  cpu time (sec):                 10.50
  cpu/wall ratio:                 47.75

  SCF DIIS iteration time
  wall time (sec):                 0.67
  cpu time (sec):                 31.08
  cpu/wall ratio:                 46.74

  AO Fock construction
  wall time (sec):                 0.22
  cpu time (sec):                 10.40
  cpu/wall ratio:                 47.72

  SCF DIIS iteration time
  wall time (sec):                 0.65
  cpu time (sec):                 30.52
  cpu/wall ratio:                 46.73

  AO Fock construction
  wall time (sec):                 0.21
  cpu time (sec):                 10.15
  cpu/wall ratio:                 47.86

  SCF DIIS iteration time
  wall time (sec):                 0.66
  cpu time (sec):                 31.08
  cpu/wall ratio:                 46.88

  SCF DIIS iteration time
  wall time (sec):                 0.00
  cpu time (sec):                  0.05
  cpu/wall ratio:                 49.16

  SCF DIIS solver time
  wall time (sec):                 6.24
  cpu time (sec):                291.15
  cpu/wall ratio:                 46.63

  Hartree-Fock engine
  wall time (sec):                30.02
  cpu time (sec):               1482.60
  cpu/wall ratio:                 49.39


  :: Total time
  ================

  Total time in eT
  wall time (sec):                30.45
  cpu time (sec):               1497.60
  cpu/wall ratio:                 49.18
