
  Preparation of molecular system (Libint)
  wall time (sec):                 0.00
  cpu time (sec):                  0.00
  cpu/wall ratio:                  0.73

  Preparation of molecular system (total)
  wall time (sec):                 0.12
  cpu time (sec):                  1.30
  cpu/wall ratio:                 10.62

  Cholesky decomposition of AO overlap
  wall time (sec):                 0.13
  cpu time (sec):                  6.38
  cpu/wall ratio:                 49.10


  :: Hartree-Fock engine
  =========================


  1) Generate initial SAD density

  SAD generation time
  wall time (sec):                23.94
  cpu time (sec):               1106.75
  cpu/wall ratio:                 46.24


  2) Calculation of reference state (SCF-DIIS algorithm)

  AO Fock construction
  wall time (sec):                 0.19
  cpu time (sec):                  8.74
  cpu/wall ratio:                 45.53

  AO Fock construction
  wall time (sec):                 0.20
  cpu time (sec):                  9.59
  cpu/wall ratio:                 47.23

  AO Fock construction
  wall time (sec):                 0.21
  cpu time (sec):                 10.07
  cpu/wall ratio:                 47.06

  SCF DIIS iteration time
  wall time (sec):                 0.65
  cpu time (sec):                 30.34
  cpu/wall ratio:                 46.40

  AO Fock construction
  wall time (sec):                 0.22
  cpu time (sec):                 10.64
  cpu/wall ratio:                 47.48

  SCF DIIS iteration time
  wall time (sec):                 0.67
  cpu time (sec):                 30.98
  cpu/wall ratio:                 46.31

  AO Fock construction
  wall time (sec):                 0.23
  cpu time (sec):                 10.79
  cpu/wall ratio:                 47.11

  SCF DIIS iteration time
  wall time (sec):                 0.69
  cpu time (sec):                 31.76
  cpu/wall ratio:                 46.30

  AO Fock construction
  wall time (sec):                 0.23
  cpu time (sec):                 10.99
  cpu/wall ratio:                 47.37

  SCF DIIS iteration time
  wall time (sec):                 0.68
  cpu time (sec):                 31.75
  cpu/wall ratio:                 46.42

  AO Fock construction
  wall time (sec):                 0.23
  cpu time (sec):                 10.96
  cpu/wall ratio:                 46.62

  SCF DIIS iteration time
  wall time (sec):                 0.67
  cpu time (sec):                 30.81
  cpu/wall ratio:                 46.27

  AO Fock construction
  wall time (sec):                 0.21
  cpu time (sec):                 10.14
  cpu/wall ratio:                 47.59

  SCF DIIS iteration time
  wall time (sec):                 0.65
  cpu time (sec):                 30.39
  cpu/wall ratio:                 46.98

  AO Fock construction
  wall time (sec):                 0.23
  cpu time (sec):                 11.05
  cpu/wall ratio:                 47.42

  SCF DIIS iteration time
  wall time (sec):                 0.70
  cpu time (sec):                 32.52
  cpu/wall ratio:                 46.46

  AO Fock construction
  wall time (sec):                 0.24
  cpu time (sec):                 11.27
  cpu/wall ratio:                 47.17

  SCF DIIS iteration time
  wall time (sec):                 0.69
  cpu time (sec):                 31.78
  cpu/wall ratio:                 46.39

  SCF DIIS iteration time
  wall time (sec):                 0.00
  cpu time (sec):                  0.05
  cpu/wall ratio:                 48.61

  SCF DIIS solver time
  wall time (sec):                 6.40
  cpu time (sec):                296.87
  cpu/wall ratio:                 46.39

  Hartree-Fock engine
  wall time (sec):                30.33
  cpu time (sec):               1403.62
  cpu/wall ratio:                 46.27


  :: Total time
  ================

  Total time in eT
  wall time (sec):                30.73
  cpu time (sec):               1418.23
  cpu/wall ratio:                 46.15
