


                     eT - an electronic structure program

  ------------------------------------------------------------------------
   Author list in alphabetical order:
  ------------------------------------------------------------------------
   J. H. Andersen, A. Balbi, S. Coriani, S. D. Folkestad, T. Giovannini, 
   L. Goletto, T. S. Haugland, A. Hutcheson, I-M. Høyvik, E. F. Kjønstad, 
   H. Koch, T. Moitra, R. H. Myhre, A. C. Paul, M. Scavino, A. Skeidsvoll, 
   Å. H. Tveten
  ------------------------------------------------------------------------


  :: Input file
  ================

     Note: geometry section is excluded from this print

     system
        name: methanol scan 5.75
        charge: 0
     end system

     do
       ground state
     end do

     memory
        available: 8
     end memory

     solver scf
        algorithm: scf-diis
     end solver scf

     molecular mechanics
        forcefield: non-polarizable
     end molecular mechanics

     method
        hf
     end method


  Running on 56 OMP thread(s)
  Memory available for calculation: 8.000000 GB


  :: Molecular system specifications (QM)
  ==========================================

     Name:             methanol scan 5.75
     Charge:           0
     Multiplicity:     1
     Coordinate units: angstrom

     Pure basis functions:         72
     Cartesian basis functions:    74
     Primitive basis functions:   108

     Nuclear repulsion energy (a.u.):             40.346784236152
     Bohr/angstrom value (CODATA 2010):            0.529177210920

     ==============================================================================
                                     Geometry (angstrom)
     ==============================================================================
        Atom           X                  Y                  Z         # in input
     ==============================================================================
        Basis: 6-311++g**
        1 C      0.997897000000     0.986064000000    -0.008014000000        1
        2 O     -0.422019000000     0.999211000000    -0.000572000000        2
        3 H      1.399338000000     0.999753000000    -1.024504000000        3
        4 H      1.399296000000     0.119782000000     0.523986000000        4
        5 H      1.322862000000     1.888586000000     0.504866000000        5
        6 H     -0.732374000000     0.211603000000    -0.448762000000        6
     ==============================================================================

     ==============================================================================
                                     Geometry (a.u.)
     ==============================================================================
        Atom           X                  Y                  Z         # in input
     ==============================================================================
        Basis: 6-311++g**
        1 C      1.885752030525     1.863390901293    -0.015144265162        1
        2 O     -0.797500329363     1.888235130653    -0.001080923343        2
        3 H      2.644365575697     1.889259362212    -1.936031973521        3
        4 H      2.644286207199     0.226355174653     0.990190033106        4
        5 H      2.499846880594     3.568910302688     0.954058469605        5
        6 H     -1.383986280752     0.399871717136    -0.848037275112        6
     ==============================================================================


  :: Molecular system specifications (MM)
  ==========================================

     Force Field:  non-polarizable

     Number of MM atoms:                   2
     Number of MM molecules:               1

    ====================================================================
                        MM Geometry (Å) and Parameters
    ====================================================================
    Atom    Mol             X          Y          Z            Charge
    ====================================================================
      H       1         3.040677   6.659457   3.216029        1.000000
      H       1         3.339427   7.489173   3.687536       -1.000000
    ====================================================================


  :: RHF wavefunction
  ======================

  This is a QM/MM calculation

     Electrostatic Embedding:

     Each atom of the MM portion is endowed with a charge which value 
     is a fixed external parameter.

     The QM/MM electrostatic interaction energy is defined as:

        E^ele_QM/MM = sum_i q_i * V_i(P)

     where V_i(P) is the electrostatic potential due to the QM density 
     calculated at the position of the i-th charge q_i.

     For further details, see:
     Senn & Thiel, Angew. Chem. Int. Ed., 2009, 48, 1198−1229


  - Cholesky decomposition of AO overlap to get linearly independent orbitals:

  - Orbital details:

     Number of occupied orbitals:         9
     Number of virtual orbitals:         63
     Number of molecular orbitals:       72
     Number of atomic orbitals:          72


  :: Hartree-Fock engine
  =========================

  Drives the calculation of the Hartree-Fock state.

  This is a RHF ground state calculation.
  The following tasks will be performed:

     1) Generate initial SAD density
     2) Calculation of reference state (SCF-DIIS algorithm)


  1) Generate initial SAD density


  2) Calculation of reference state (SCF-DIIS algorithm)

   - Self-consistent field DIIS Hartree-Fock solver
  ----------------------------------------------------

  A DIIS-accelerated Roothan-Hall self-consistent field solver. A least-square 
  DIIS fit is performed on the previous Fock matrices and associated gradients. 
  Following the Roothan-Hall update of the density, the DIIS-fitted Fock 
  matrix is used to get the next orbital coefficients.

  - Hartree-Fock solver settings:

     DIIS dimension:                         8
     Cumulative Fock threshold:       0.10E+01

     Energy threshold:              0.1000E-05
     Gradient threshold:            0.1000E-05

     Coulomb screening threshold:   0.1000E-11
     Exchange screening threshold:  0.1000E-09
     Fock precision:                0.1000E-23
     Integral cutoff:               0.1000E-11

  - Setting initial AO density to SAD

     Energy of initial guess:              -115.818423452599
     Number of electrons in guess:           18.000000000000

  Iteration       Energy (a.u.)      Max(grad.)    Delta E (a.u.)
  ---------------------------------------------------------------
     1          -115.557703629886     0.8424E-01     0.1156E+03
     2          -115.594290024427     0.6886E-01     0.3659E-01
     3          -115.608504515788     0.7892E-02     0.1421E-01
     4          -115.609042708835     0.6620E-03     0.5382E-03
     5          -115.609056542677     0.2271E-03     0.1383E-04
     6          -115.609057524089     0.6111E-04     0.9814E-06
     7          -115.609057603358     0.1585E-04     0.7927E-07
     8          -115.609057610371     0.4307E-05     0.7013E-08
     9          -115.609057610603     0.6518E-06     0.2316E-09
  ---------------------------------------------------------------
  Convergence criterion met in 9 iterations!

  - Summary of RHF wavefunction energetics (a.u.):

     HOMO-LUMO gap:                  0.489665411437
     Nuclear repulsion energy:      39.982385150891
     Electronic energy:           -155.591442761494
     Total energy:                -115.609057610603

  - Summary of QM/MM energetics:
                                         a.u.             eV     kcal/mol
     QM/MM SCF Contribution:        -0.164905262363
     QM/MM Electrostatic Energy:    -0.000126886457    -0.00345    -0.080

  - Molecular orbital energies

  -----------------------------------------------------------------------------------
   1 -20.566385212390  19   0.280498155144  37   1.281167131417  55   2.778926577218
   2 -11.283435306669  20   0.284478305951  38   1.367051704180  56   2.838870059880
   3  -1.368490931393  21   0.288891680992  39   1.438251803027  57   2.843435503059
   4  -0.937873850506  22   0.302318200618  40   1.614224423357  58   2.979319478362
   5  -0.702008990821  23   0.319634586943  41   1.671444390947  59   3.192401647799
   6  -0.631053291074  24   0.342152674408  42   1.700678983107  60   3.338231467528
   7  -0.604277570237  25   0.384784576076  43   1.783098506953  61   3.458594847548
   8  -0.514112809587  26   0.468015933336  44   1.794300663759  62   3.589095914663
   9  -0.460882471335  27   0.554906469441  45   1.803799179212  63   3.676174645624
  10   0.028782940103  28   0.567184525511  46   1.950016834141  64   4.125694260886
  11   0.050450437508  29   0.704132375395  47   1.957350740566  65   4.178429197727
  12   0.066013715986  30   0.765695101681  48   2.070295621952  66   4.320700686030
  13   0.067813074056  31   0.836097116729  49   2.287930660205  67   4.434591913526
  14   0.117670341731  32   0.843002747252  50   2.335450290783  68   5.558275185327
  15   0.137523124924  33   0.865491294636  51   2.408580155062  69   5.906272626627
  16   0.148463466456  34   1.057740312696  52   2.508264060862  70   6.209031712971
  17   0.171360128665  35   1.180601886236  53   2.702455740131  71  25.061365409316
  18   0.272650685026  36   1.225857006489  54   2.746842154892  72  51.592111954499
  -----------------------------------------------------------------------------------

  - Timings for the RHF ground state calculation

     Total wall time (sec):             30.01700
     Total cpu time (sec):            1482.60208

  eT terminated successfully!
