
  Preparation of molecular system (Libint)
  wall time (sec):                 0.00
  cpu time (sec):                  0.00
  cpu/wall ratio:                  0.71

  Preparation of molecular system (total)
  wall time (sec):                 0.13
  cpu time (sec):                  1.49
  cpu/wall ratio:                 11.29

  Cholesky decomposition of AO overlap
  wall time (sec):                 0.13
  cpu time (sec):                  6.29
  cpu/wall ratio:                 48.37


  :: Hartree-Fock engine
  =========================


  1) Generate initial SAD density

  SAD generation time
  wall time (sec):                23.94
  cpu time (sec):               1119.49
  cpu/wall ratio:                 46.75


  2) Calculation of reference state (SCF-DIIS algorithm)

  AO Fock construction
  wall time (sec):                 0.20
  cpu time (sec):                  8.88
  cpu/wall ratio:                 45.06

  AO Fock construction
  wall time (sec):                 0.22
  cpu time (sec):                 10.03
  cpu/wall ratio:                 45.82

  AO Fock construction
  wall time (sec):                 0.22
  cpu time (sec):                 10.22
  cpu/wall ratio:                 47.55

  SCF DIIS iteration time
  wall time (sec):                 0.64
  cpu time (sec):                 30.03
  cpu/wall ratio:                 46.63

  AO Fock construction
  wall time (sec):                 0.22
  cpu time (sec):                 10.40
  cpu/wall ratio:                 47.07

  SCF DIIS iteration time
  wall time (sec):                 0.65
  cpu time (sec):                 29.94
  cpu/wall ratio:                 46.35

  AO Fock construction
  wall time (sec):                 0.22
  cpu time (sec):                 10.60
  cpu/wall ratio:                 47.96

  SCF DIIS iteration time
  wall time (sec):                 0.67
  cpu time (sec):                 31.55
  cpu/wall ratio:                 47.24

  AO Fock construction
  wall time (sec):                 0.21
  cpu time (sec):                 10.19
  cpu/wall ratio:                 48.08

  SCF DIIS iteration time
  wall time (sec):                 0.66
  cpu time (sec):                 30.96
  cpu/wall ratio:                 46.99

  AO Fock construction
  wall time (sec):                 0.23
  cpu time (sec):                 11.19
  cpu/wall ratio:                 47.82

  SCF DIIS iteration time
  wall time (sec):                 0.70
  cpu time (sec):                 32.57
  cpu/wall ratio:                 46.73

  AO Fock construction
  wall time (sec):                 0.22
  cpu time (sec):                 10.51
  cpu/wall ratio:                 47.36

  SCF DIIS iteration time
  wall time (sec):                 0.66
  cpu time (sec):                 30.53
  cpu/wall ratio:                 46.19

  AO Fock construction
  wall time (sec):                 0.22
  cpu time (sec):                 10.31
  cpu/wall ratio:                 47.73

  SCF DIIS iteration time
  wall time (sec):                 0.66
  cpu time (sec):                 30.78
  cpu/wall ratio:                 46.78

  AO Fock construction
  wall time (sec):                 0.22
  cpu time (sec):                 10.61
  cpu/wall ratio:                 47.58

  SCF DIIS iteration time
  wall time (sec):                 0.66
  cpu time (sec):                 31.27
  cpu/wall ratio:                 47.02

  SCF DIIS iteration time
  wall time (sec):                 0.00
  cpu time (sec):                  0.05
  cpu/wall ratio:                 49.21

  SCF DIIS solver time
  wall time (sec):                 6.35
  cpu time (sec):                295.52
  cpu/wall ratio:                 46.50

  Hartree-Fock engine
  wall time (sec):                30.30
  cpu time (sec):               1415.02
  cpu/wall ratio:                 46.70


  :: Total time
  ================

  Total time in eT
  wall time (sec):                30.72
  cpu time (sec):               1430.11
  cpu/wall ratio:                 46.55
