
  Preparation of molecular system (Libint)
  wall time (sec):                 0.00
  cpu time (sec):                  0.00
  cpu/wall ratio:                  1.07

  Preparation of molecular system (total)
  wall time (sec):                 0.11
  cpu time (sec):                  1.53
  cpu/wall ratio:                 13.91

  Cholesky decomposition of AO overlap
  wall time (sec):                 0.11
  cpu time (sec):                  6.31
  cpu/wall ratio:                 54.84


  :: Hartree-Fock engine
  =========================


  1) Generate initial SAD density

  SAD generation time
  wall time (sec):                 0.28
  cpu time (sec):                 12.93
  cpu/wall ratio:                 45.52


  2) Calculation of reference state (SCF-DIIS algorithm)

  AO Fock construction
  wall time (sec):                 0.00
  cpu time (sec):                  0.17
  cpu/wall ratio:                 55.40

  AO Fock construction
  wall time (sec):                 0.03
  cpu time (sec):                  1.37
  cpu/wall ratio:                 52.63

  AO Fock construction
  wall time (sec):                 0.01
  cpu time (sec):                  0.50
  cpu/wall ratio:                 49.64

  SCF DIIS iteration time
  wall time (sec):                 0.02
  cpu time (sec):                  1.06
  cpu/wall ratio:                 53.13

  AO Fock construction
  wall time (sec):                 0.00
  cpu time (sec):                  0.11
  cpu/wall ratio:                 55.84

  SCF DIIS iteration time
  wall time (sec):                 0.01
  cpu time (sec):                  0.56
  cpu/wall ratio:                 51.26

  AO Fock construction
  wall time (sec):                 0.00
  cpu time (sec):                  0.11
  cpu/wall ratio:                 55.95

  SCF DIIS iteration time
  wall time (sec):                 0.01
  cpu time (sec):                  0.45
  cpu/wall ratio:                 49.80

  AO Fock construction
  wall time (sec):                 0.00
  cpu time (sec):                  0.11
  cpu/wall ratio:                 55.83

  SCF DIIS iteration time
  wall time (sec):                 0.01
  cpu time (sec):                  0.62
  cpu/wall ratio:                 51.35

  AO Fock construction
  wall time (sec):                 0.00
  cpu time (sec):                  0.11
  cpu/wall ratio:                 55.77

  SCF DIIS iteration time
  wall time (sec):                 0.01
  cpu time (sec):                  0.29
  cpu/wall ratio:                 47.68

  AO Fock construction
  wall time (sec):                 0.00
  cpu time (sec):                  0.11
  cpu/wall ratio:                 55.83

  SCF DIIS iteration time
  wall time (sec):                 0.01
  cpu time (sec):                  0.61
  cpu/wall ratio:                 51.20

  AO Fock construction
  wall time (sec):                 0.06
  cpu time (sec):                  3.07
  cpu/wall ratio:                 54.83

  SCF DIIS iteration time
  wall time (sec):                 0.08
  cpu time (sec):                  4.56
  cpu/wall ratio:                 54.34

  SCF DIIS iteration time
  wall time (sec):                 0.00
  cpu time (sec):                  0.06
  cpu/wall ratio:                 55.52

  SCF DIIS solver time
  wall time (sec):                 0.19
  cpu time (sec):                 10.07
  cpu/wall ratio:                 52.74

  Hartree-Fock engine
  wall time (sec):                 0.48
  cpu time (sec):                 23.00
  cpu/wall ratio:                 48.32


  :: Total time
  ================

  Total time in eT
  wall time (sec):                 0.74
  cpu time (sec):                 32.97
  cpu/wall ratio:                 44.50
