
  Preparation of molecular system (Libint)
  wall time (sec):                 0.00
  cpu time (sec):                  0.00
  cpu/wall ratio:                  1.33

  Preparation of molecular system (total)
  wall time (sec):                 0.11
  cpu time (sec):                  1.49
  cpu/wall ratio:                 13.43

  Cholesky decomposition of AO overlap
  wall time (sec):                 0.02
  cpu time (sec):                  1.04
  cpu/wall ratio:                 54.96


  :: Hartree-Fock engine
  =========================


  1) Generate initial SAD density

  SAD generation time
  wall time (sec):                 0.29
  cpu time (sec):                 13.01
  cpu/wall ratio:                 44.70


  2) Calculation of reference state (SCF-DIIS algorithm)

  AO Fock construction
  wall time (sec):                 0.00
  cpu time (sec):                  0.15
  cpu/wall ratio:                 50.89

  AO Fock construction
  wall time (sec):                 0.06
  cpu time (sec):                  3.46
  cpu/wall ratio:                 54.03

  AO Fock construction
  wall time (sec):                 0.11
  cpu time (sec):                  6.26
  cpu/wall ratio:                 54.42

  SCF DIIS iteration time
  wall time (sec):                 0.13
  cpu time (sec):                  6.93
  cpu/wall ratio:                 54.56

  AO Fock construction
  wall time (sec):                 0.00
  cpu time (sec):                  0.11
  cpu/wall ratio:                 55.79

  SCF DIIS iteration time
  wall time (sec):                 0.02
  cpu time (sec):                  1.26
  cpu/wall ratio:                 52.33

  AO Fock construction
  wall time (sec):                 0.00
  cpu time (sec):                  0.11
  cpu/wall ratio:                 55.84

  SCF DIIS iteration time
  wall time (sec):                 0.01
  cpu time (sec):                  0.44
  cpu/wall ratio:                 49.39

  AO Fock construction
  wall time (sec):                 0.00
  cpu time (sec):                  0.11
  cpu/wall ratio:                 55.61

  SCF DIIS iteration time
  wall time (sec):                 0.02
  cpu time (sec):                  0.83
  cpu/wall ratio:                 51.88

  AO Fock construction
  wall time (sec):                 0.00
  cpu time (sec):                  0.11
  cpu/wall ratio:                 55.15

  SCF DIIS iteration time
  wall time (sec):                 0.02
  cpu time (sec):                  1.11
  cpu/wall ratio:                 52.69

  AO Fock construction
  wall time (sec):                 0.00
  cpu time (sec):                  0.11
  cpu/wall ratio:                 55.81

  SCF DIIS iteration time
  wall time (sec):                 0.01
  cpu time (sec):                  0.67
  cpu/wall ratio:                 51.47

  AO Fock construction
  wall time (sec):                 0.07
  cpu time (sec):                  3.95
  cpu/wall ratio:                 54.84

  SCF DIIS iteration time
  wall time (sec):                 0.10
  cpu time (sec):                  5.55
  cpu/wall ratio:                 54.40

  SCF DIIS iteration time
  wall time (sec):                 0.00
  cpu time (sec):                  0.00

  SCF DIIS solver time
  wall time (sec):                 0.38
  cpu time (sec):                 20.60
  cpu/wall ratio:                 53.66

  Hartree-Fock engine
  wall time (sec):                 0.68
  cpu time (sec):                 33.61
  cpu/wall ratio:                 49.80


  :: Total time
  ================

  Total time in eT
  wall time (sec):                 0.85
  cpu time (sec):                 38.38
  cpu/wall ratio:                 45.31
