
  Preparation of molecular system (Libint)
  wall time (sec):                 0.00
  cpu time (sec):                  0.00
  cpu/wall ratio:                  0.55

  Preparation of molecular system (total)
  wall time (sec):                 0.11
  cpu time (sec):                  1.52
  cpu/wall ratio:                 13.72

  Cholesky decomposition of AO overlap
  wall time (sec):                 0.06
  cpu time (sec):                  3.29
  cpu/wall ratio:                 54.83


  :: Hartree-Fock engine
  =========================


  1) Generate initial SAD density

  SAD generation time
  wall time (sec):                 0.30
  cpu time (sec):                 12.89
  cpu/wall ratio:                 42.96


  2) Calculation of reference state (SCF-DIIS algorithm)

  AO Fock construction
  wall time (sec):                 0.00
  cpu time (sec):                  0.17
  cpu/wall ratio:                 55.38

  AO Fock construction
  wall time (sec):                 0.09
  cpu time (sec):                  4.87
  cpu/wall ratio:                 54.08

  AO Fock construction
  wall time (sec):                 0.11
  cpu time (sec):                  6.20
  cpu/wall ratio:                 54.39

  SCF DIIS iteration time
  wall time (sec):                 0.13
  cpu time (sec):                  6.93
  cpu/wall ratio:                 54.54

  AO Fock construction
  wall time (sec):                 0.08
  cpu time (sec):                  4.66
  cpu/wall ratio:                 54.84

  SCF DIIS iteration time
  wall time (sec):                 0.11
  cpu time (sec):                  6.20
  cpu/wall ratio:                 54.35

  AO Fock construction
  wall time (sec):                 0.03
  cpu time (sec):                  1.59
  cpu/wall ratio:                 54.90

  SCF DIIS iteration time
  wall time (sec):                 0.06
  cpu time (sec):                  3.08
  cpu/wall ratio:                 54.05

  AO Fock construction
  wall time (sec):                 0.03
  cpu time (sec):                  1.48
  cpu/wall ratio:                 54.90

  SCF DIIS iteration time
  wall time (sec):                 0.06
  cpu time (sec):                  3.03
  cpu/wall ratio:                 54.05

  AO Fock construction
  wall time (sec):                 0.00
  cpu time (sec):                  0.11
  cpu/wall ratio:                 55.85

  SCF DIIS iteration time
  wall time (sec):                 0.02
  cpu time (sec):                  1.16
  cpu/wall ratio:                 52.74

  AO Fock construction
  wall time (sec):                 0.15
  cpu time (sec):                  8.45
  cpu/wall ratio:                 54.84

  SCF DIIS iteration time
  wall time (sec):                 0.23
  cpu time (sec):                 12.38
  cpu/wall ratio:                 54.30

  AO Fock construction
  wall time (sec):                 0.00
  cpu time (sec):                  0.16
  cpu/wall ratio:                 54.24

  SCF DIIS iteration time
  wall time (sec):                 0.02
  cpu time (sec):                  1.14
  cpu/wall ratio:                 51.76

  SCF DIIS iteration time
  wall time (sec):                 0.00
  cpu time (sec):                  0.06
  cpu/wall ratio:                 55.41

  SCF DIIS solver time
  wall time (sec):                 0.73
  cpu time (sec):                 39.29
  cpu/wall ratio:                 54.05

  Hartree-Fock engine
  wall time (sec):                 1.03
  cpu time (sec):                 52.18
  cpu/wall ratio:                 50.81


  :: Total time
  ================

  Total time in eT
  wall time (sec):                 1.24
  cpu time (sec):                 59.02
  cpu/wall ratio:                 47.75
