


                     eT - an electronic structure program

  ------------------------------------------------------------------------
   Author list in alphabetical order:
  ------------------------------------------------------------------------
   J. H. Andersen, A. Balbi, S. Coriani, S. D. Folkestad, T. Giovannini, 
   L. Goletto, T. S. Haugland, A. Hutcheson, I-M. Høyvik, E. F. Kjønstad, 
   H. Koch, T. Moitra, R. H. Myhre, A. C. Paul, M. Scavino, A. Skeidsvoll, 
   Å. H. Tveten
  ------------------------------------------------------------------------


  :: Input file
  ================

     Note: geometry section is excluded from this print

     system
        name: water scan 9.00
        charge: 0
     end system

     do
       ground state
     end do

     memory
        available: 8
     end memory

     solver scf
        algorithm: scf-diis
     end solver scf

     molecular mechanics
        forcefield: non-polarizable
     end molecular mechanics

     method
        hf
     end method


  Running on 56 OMP thread(s)
  Memory available for calculation: 8.000000 GB


  :: Molecular system specifications (QM)
  ==========================================

     Name:             water scan 9.00
     Charge:           0
     Multiplicity:     1
     Coordinate units: angstrom

     Pure basis functions:         36
     Cartesian basis functions:    37
     Primitive basis functions:    54

     Nuclear repulsion energy (a.u.):              9.177132664463
     Bohr/angstrom value (CODATA 2010):            0.529177210920

     ==============================================================================
                                     Geometry (angstrom)
     ==============================================================================
        Atom           X                  Y                  Z         # in input
     ==============================================================================
        Basis: 6-311++g**
        1 O      0.000000000000     0.000000000000    -0.115688000000        1
        2 H      0.000000000000    -0.758056000000     0.471834000000        2
        3 H      0.000000000000     0.758056000000     0.471834000000        3
     ==============================================================================

     ==============================================================================
                                     Geometry (a.u.)
     ==============================================================================
        Atom           X                  Y                  Z         # in input
     ==============================================================================
        Basis: 6-311++g**
        1 O      0.000000000000     0.000000000000    -0.218618635899        1
        2 H      0.000000000000    -1.432518227083     0.891637036258        2
        3 H      0.000000000000     1.432518227083     0.891637036258        3
     ==============================================================================


  :: Molecular system specifications (MM)
  ==========================================

     Force Field:  non-polarizable

     Number of MM atoms:                   2
     Number of MM molecules:               1

    ====================================================================
                        MM Geometry (Å) and Parameters
    ====================================================================
    Atom    Mol             X          Y          Z            Charge
    ====================================================================
      H       1         0.000000   0.000000  -9.115689        1.000000
      H       1         0.000000   0.000000 -10.115689       -1.000000
    ====================================================================


  :: RHF wavefunction
  ======================

  This is a QM/MM calculation

     Electrostatic Embedding:

     Each atom of the MM portion is endowed with a charge which value 
     is a fixed external parameter.

     The QM/MM electrostatic interaction energy is defined as:

        E^ele_QM/MM = sum_i q_i * V_i(P)

     where V_i(P) is the electrostatic potential due to the QM density 
     calculated at the position of the i-th charge q_i.

     For further details, see:
     Senn & Thiel, Angew. Chem. Int. Ed., 2009, 48, 1198−1229


  - Cholesky decomposition of AO overlap to get linearly independent orbitals:

  - Orbital details:

     Number of occupied orbitals:         5
     Number of virtual orbitals:         31
     Number of molecular orbitals:       36
     Number of atomic orbitals:          36


  :: Hartree-Fock engine
  =========================

  Drives the calculation of the Hartree-Fock state.

  This is a RHF ground state calculation.
  The following tasks will be performed:

     1) Generate initial SAD density
     2) Calculation of reference state (SCF-DIIS algorithm)


  1) Generate initial SAD density


  2) Calculation of reference state (SCF-DIIS algorithm)

   - Self-consistent field DIIS Hartree-Fock solver
  ----------------------------------------------------

  A DIIS-accelerated Roothan-Hall self-consistent field solver. A least-square 
  DIIS fit is performed on the previous Fock matrices and associated gradients. 
  Following the Roothan-Hall update of the density, the DIIS-fitted Fock 
  matrix is used to get the next orbital coefficients.

  - Hartree-Fock solver settings:

     DIIS dimension:                         8
     Cumulative Fock threshold:       0.10E+01

     Energy threshold:              0.1000E-05
     Gradient threshold:            0.1000E-05

     Coulomb screening threshold:   0.1000E-11
     Exchange screening threshold:  0.1000E-09
     Fock precision:                0.1000E-23
     Integral cutoff:               0.1000E-11

  - Setting initial AO density to SAD

     Energy of initial guess:               -76.373745070277
     Number of electrons in guess:           10.000000000000

  Iteration       Energy (a.u.)      Max(grad.)    Delta E (a.u.)
  ---------------------------------------------------------------
     1           -76.534647505550     0.1060E+00     0.7653E+02
     2           -76.566751010057     0.7902E-01     0.3210E-01
     3           -76.582258092028     0.5320E-02     0.1551E-01
     4           -76.582444525846     0.1238E-02     0.1864E-03
     5           -76.582458036480     0.2841E-03     0.1351E-04
     6           -76.582458656712     0.6611E-04     0.6202E-06
     7           -76.582458680686     0.5656E-05     0.2397E-07
     8           -76.582458680901     0.3597E-06     0.2154E-09
  ---------------------------------------------------------------
  Convergence criterion met in 8 iterations!

  - Summary of RHF wavefunction energetics (a.u.):

     HOMO-LUMO gap:                  0.553935492123
     Nuclear repulsion energy:       8.705331522006
     Electronic energy:            -85.287790202907
     Total energy:                 -76.582458680901

  - Summary of QM/MM energetics:
                                         a.u.             eV     kcal/mol
     QM/MM SCF Contribution:        -0.057945854182
     QM/MM Electrostatic Energy:    -0.000569785719    -0.01550    -0.358

  - Molecular orbital energies

  -----------------------------------------------------------------------------------
   1 -20.572568208287  10   0.243426770430  19   1.459161527594  28   3.477728449768
   2  -1.360231112498  11   0.253986479818  20   1.499872667514  29   3.528738529949
   3  -0.725066918916  12   0.313424009528  21   1.606207108024  30   3.704601340222
   4  -0.589853525171  13   0.318564346974  22   1.708043210455  31   4.078370968411
   5  -0.515660744053  14   0.676926488181  23   1.927241797269  32   4.325729564712
   6   0.038274748069  15   0.731160661518  24   2.297128444218  33   5.483856983888
   7   0.067640034773  16   1.193862118591  25   2.449612529436  34   5.870461315621
   8   0.234886376221  17   1.238341474761  26   2.704218556903  35   6.189498237993
   9   0.239857496854  18   1.241178241772  27   2.872194783435  36  51.563066394188
  -----------------------------------------------------------------------------------

  - Timings for the RHF ground state calculation

     Total wall time (sec):              0.47600
     Total cpu time (sec):              23.00086

  eT terminated successfully!
