
  Preparation of molecular system (Libint)
  wall time (sec):                 0.00
  cpu time (sec):                  0.00
  cpu/wall ratio:                  1.15

  Preparation of molecular system (total)
  wall time (sec):                 0.11
  cpu time (sec):                  1.54
  cpu/wall ratio:                 13.98

  Cholesky decomposition of AO overlap
  wall time (sec):                 0.06
  cpu time (sec):                  3.23
  cpu/wall ratio:                 54.83


  :: Hartree-Fock engine
  =========================


  1) Generate initial SAD density

  SAD generation time
  wall time (sec):                 0.29
  cpu time (sec):                 13.06
  cpu/wall ratio:                 44.58


  2) Calculation of reference state (SCF-DIIS algorithm)

  AO Fock construction
  wall time (sec):                 0.00
  cpu time (sec):                  0.15
  cpu/wall ratio:                 48.42

  AO Fock construction
  wall time (sec):                 0.12
  cpu time (sec):                  6.21
  cpu/wall ratio:                 53.51

  AO Fock construction
  wall time (sec):                 0.07
  cpu time (sec):                  3.80
  cpu/wall ratio:                 54.23

  SCF DIIS iteration time
  wall time (sec):                 0.08
  cpu time (sec):                  4.52
  cpu/wall ratio:                 54.45

  AO Fock construction
  wall time (sec):                 0.00
  cpu time (sec):                  0.11
  cpu/wall ratio:                 55.72

  SCF DIIS iteration time
  wall time (sec):                 0.02
  cpu time (sec):                  1.09
  cpu/wall ratio:                 52.12

  AO Fock construction
  wall time (sec):                 0.00
  cpu time (sec):                  0.11
  cpu/wall ratio:                 55.77

  SCF DIIS iteration time
  wall time (sec):                 0.01
  cpu time (sec):                  0.39
  cpu/wall ratio:                 49.10

  AO Fock construction
  wall time (sec):                 0.00
  cpu time (sec):                  0.11
  cpu/wall ratio:                 55.92

  SCF DIIS iteration time
  wall time (sec):                 0.01
  cpu time (sec):                  0.49
  cpu/wall ratio:                 49.46

  AO Fock construction
  wall time (sec):                 0.00
  cpu time (sec):                  0.11
  cpu/wall ratio:                 55.78

  SCF DIIS iteration time
  wall time (sec):                 0.02
  cpu time (sec):                  1.00
  cpu/wall ratio:                 52.42

  AO Fock construction
  wall time (sec):                 0.00
  cpu time (sec):                  0.11
  cpu/wall ratio:                 55.71

  SCF DIIS iteration time
  wall time (sec):                 0.01
  cpu time (sec):                  0.39
  cpu/wall ratio:                 49.07

  AO Fock construction
  wall time (sec):                 0.00
  cpu time (sec):                  0.11
  cpu/wall ratio:                 55.86

  SCF DIIS iteration time
  wall time (sec):                 0.01
  cpu time (sec):                  0.39
  cpu/wall ratio:                 49.31

  SCF DIIS iteration time
  wall time (sec):                 0.00
  cpu time (sec):                  0.06
  cpu/wall ratio:                 55.41

  SCF DIIS solver time
  wall time (sec):                 0.28
  cpu time (sec):                 14.99
  cpu/wall ratio:                 52.79

  Hartree-Fock engine
  wall time (sec):                 0.58
  cpu time (sec):                 28.06
  cpu/wall ratio:                 48.62


  :: Total time
  ================

  Total time in eT
  wall time (sec):                 0.80
  cpu time (sec):                 35.30
  cpu/wall ratio:                 44.29
