
  Preparation of molecular system (Libint)
  wall time (sec):                 0.00
  cpu time (sec):                  0.00
  cpu/wall ratio:                  1.38

  Preparation of molecular system (total)
  wall time (sec):                 0.11
  cpu time (sec):                  1.48
  cpu/wall ratio:                 13.37

  Cholesky decomposition of AO overlap
  wall time (sec):                 0.07
  cpu time (sec):                  3.73
  cpu/wall ratio:                 54.83


  :: Hartree-Fock engine
  =========================


  1) Generate initial SAD density

  SAD generation time
  wall time (sec):                 0.33
  cpu time (sec):                 14.01
  cpu/wall ratio:                 41.81


  2) Calculation of reference state (SCF-DIIS algorithm)

  AO Fock construction
  wall time (sec):                 0.00
  cpu time (sec):                  0.17
  cpu/wall ratio:                 55.70

  AO Fock construction
  wall time (sec):                 0.06
  cpu time (sec):                  3.04
  cpu/wall ratio:                 54.24

  AO Fock construction
  wall time (sec):                 0.11
  cpu time (sec):                  6.15
  cpu/wall ratio:                 54.42

  SCF DIIS iteration time
  wall time (sec):                 0.13
  cpu time (sec):                  6.87
  cpu/wall ratio:                 54.55

  AO Fock construction
  wall time (sec):                 0.09
  cpu time (sec):                  4.66
  cpu/wall ratio:                 54.79

  SCF DIIS iteration time
  wall time (sec):                 0.11
  cpu time (sec):                  6.13
  cpu/wall ratio:                 53.73

  AO Fock construction
  wall time (sec):                 0.00
  cpu time (sec):                  0.16
  cpu/wall ratio:                 53.89

  SCF DIIS iteration time
  wall time (sec):                 0.02
  cpu time (sec):                  1.04
  cpu/wall ratio:                 51.78

  AO Fock construction
  wall time (sec):                 0.12
  cpu time (sec):                  6.64
  cpu/wall ratio:                 54.84

  SCF DIIS iteration time
  wall time (sec):                 0.15
  cpu time (sec):                  8.13
  cpu/wall ratio:                 54.53

  AO Fock construction
  wall time (sec):                 0.00
  cpu time (sec):                  0.16
  cpu/wall ratio:                 79.81

  SCF DIIS iteration time
  wall time (sec):                 0.02
  cpu time (sec):                  1.16
  cpu/wall ratio:                 52.75

  AO Fock construction
  wall time (sec):                 0.14
  cpu time (sec):                  7.78
  cpu/wall ratio:                 54.40

  SCF DIIS iteration time
  wall time (sec):                 0.44
  cpu time (sec):                 23.91
  cpu/wall ratio:                 54.58

  AO Fock construction
  wall time (sec):                 0.08
  cpu time (sec):                  4.55
  cpu/wall ratio:                 54.82

  SCF DIIS iteration time
  wall time (sec):                 0.15
  cpu time (sec):                  7.96
  cpu/wall ratio:                 54.50

  SCF DIIS iteration time
  wall time (sec):                 0.01
  cpu time (sec):                  0.49
  cpu/wall ratio:                 54.86

  SCF DIIS solver time
  wall time (sec):                 1.09
  cpu time (sec):                 59.45
  cpu/wall ratio:                 54.34

  Hartree-Fock engine
  wall time (sec):                 1.43
  cpu time (sec):                 73.46
  cpu/wall ratio:                 51.40


  :: Total time
  ================

  Total time in eT
  wall time (sec):                 1.64
  cpu time (sec):                 80.29
  cpu/wall ratio:                 48.96
