
  Preparation of molecular system (Libint)
  wall time (sec):                 0.00
  cpu time (sec):                  0.00
  cpu/wall ratio:                  0.76

  Preparation of molecular system (total)
  wall time (sec):                 0.11
  cpu time (sec):                  1.54
  cpu/wall ratio:                 13.86

  Cholesky decomposition of AO overlap
  wall time (sec):                 0.06
  cpu time (sec):                  3.23
  cpu/wall ratio:                 54.83


  :: Hartree-Fock engine
  =========================


  1) Generate initial SAD density

  SAD generation time
  wall time (sec):                 0.32
  cpu time (sec):                 12.91
  cpu/wall ratio:                 39.95


  2) Calculation of reference state (SCF-DIIS algorithm)

  AO Fock construction
  wall time (sec):                 0.00
  cpu time (sec):                  0.17
  cpu/wall ratio:                 55.40

  AO Fock construction
  wall time (sec):                 0.11
  cpu time (sec):                  6.09
  cpu/wall ratio:                 54.39

  AO Fock construction
  wall time (sec):                 0.11
  cpu time (sec):                  6.03
  cpu/wall ratio:                 54.33

  SCF DIIS iteration time
  wall time (sec):                 0.12
  cpu time (sec):                  6.75
  cpu/wall ratio:                 54.45

  AO Fock construction
  wall time (sec):                 0.08
  cpu time (sec):                  4.66
  cpu/wall ratio:                 54.81

  SCF DIIS iteration time
  wall time (sec):                 0.11
  cpu time (sec):                  6.18
  cpu/wall ratio:                 54.18

  AO Fock construction
  wall time (sec):                 0.04
  cpu time (sec):                  2.25
  cpu/wall ratio:                 54.90

  SCF DIIS iteration time
  wall time (sec):                 0.07
  cpu time (sec):                  3.73
  cpu/wall ratio:                 54.02

  AO Fock construction
  wall time (sec):                 0.00
  cpu time (sec):                  0.11
  cpu/wall ratio:                 55.81

  SCF DIIS iteration time
  wall time (sec):                 0.01
  cpu time (sec):                  0.45
  cpu/wall ratio:                 49.71

  AO Fock construction
  wall time (sec):                 0.00
  cpu time (sec):                  0.11
  cpu/wall ratio:                 55.83

  SCF DIIS iteration time
  wall time (sec):                 0.01
  cpu time (sec):                  0.56
  cpu/wall ratio:                 50.73

  AO Fock construction
  wall time (sec):                 0.00
  cpu time (sec):                  0.11
  cpu/wall ratio:                 55.89

  SCF DIIS iteration time
  wall time (sec):                 0.01
  cpu time (sec):                  0.29
  cpu/wall ratio:                 47.81

  AO Fock construction
  wall time (sec):                 0.00
  cpu time (sec):                  0.11
  cpu/wall ratio:                 55.82

  SCF DIIS iteration time
  wall time (sec):                 0.01
  cpu time (sec):                  0.61
  cpu/wall ratio:                 51.21

  SCF DIIS iteration time
  wall time (sec):                 0.00
  cpu time (sec):                  0.06
  cpu/wall ratio:                 55.34

  SCF DIIS solver time
  wall time (sec):                 0.47
  cpu time (sec):                 25.13
  cpu/wall ratio:                 53.71

  Hartree-Fock engine
  wall time (sec):                 0.79
  cpu time (sec):                 38.04
  cpu/wall ratio:                 48.09


  :: Total time
  ================

  Total time in eT
  wall time (sec):                 1.01
  cpu time (sec):                 45.09
  cpu/wall ratio:                 44.60
