
  Preparation of molecular system (Libint)
  wall time (sec):                 0.00
  cpu time (sec):                  0.00
  cpu/wall ratio:                  0.75

  Preparation of molecular system (total)
  wall time (sec):                 0.11
  cpu time (sec):                  1.55
  cpu/wall ratio:                 13.96

  Cholesky decomposition of AO overlap
  wall time (sec):                 0.06
  cpu time (sec):                  3.24
  cpu/wall ratio:                 54.89


  :: Hartree-Fock engine
  =========================


  1) Generate initial SAD density

  SAD generation time
  wall time (sec):                 0.32
  cpu time (sec):                 14.27
  cpu/wall ratio:                 45.03


  2) Calculation of reference state (SCF-DIIS algorithm)

  AO Fock construction
  wall time (sec):                 0.00
  cpu time (sec):                  0.15
  cpu/wall ratio:                 48.78

  AO Fock construction
  wall time (sec):                 0.01
  cpu time (sec):                  0.38
  cpu/wall ratio:                 47.44

  AO Fock construction
  wall time (sec):                 0.01
  cpu time (sec):                  0.45
  cpu/wall ratio:                 50.35

  SCF DIIS iteration time
  wall time (sec):                 0.02
  cpu time (sec):                  1.12
  cpu/wall ratio:                 53.11

  AO Fock construction
  wall time (sec):                 0.00
  cpu time (sec):                  0.11
  cpu/wall ratio:                 55.79

  SCF DIIS iteration time
  wall time (sec):                 0.01
  cpu time (sec):                  0.39
  cpu/wall ratio:                 49.22

  AO Fock construction
  wall time (sec):                 0.00
  cpu time (sec):                  0.11
  cpu/wall ratio:                 55.90

  SCF DIIS iteration time
  wall time (sec):                 0.01
  cpu time (sec):                  0.61
  cpu/wall ratio:                 50.85

  AO Fock construction
  wall time (sec):                 0.00
  cpu time (sec):                  0.11
  cpu/wall ratio:                 55.85

  SCF DIIS iteration time
  wall time (sec):                 0.01
  cpu time (sec):                  0.72
  cpu/wall ratio:                 51.39

  AO Fock construction
  wall time (sec):                 0.00
  cpu time (sec):                  0.11
  cpu/wall ratio:                 55.73

  SCF DIIS iteration time
  wall time (sec):                 0.01
  cpu time (sec):                  0.45
  cpu/wall ratio:                 49.99

  AO Fock construction
  wall time (sec):                 0.00
  cpu time (sec):                  0.11
  cpu/wall ratio:                 55.83

  SCF DIIS iteration time
  wall time (sec):                 0.01
  cpu time (sec):                  0.40
  cpu/wall ratio:                 49.69

  AO Fock construction
  wall time (sec):                 0.00
  cpu time (sec):                  0.11
  cpu/wall ratio:                 55.76

  SCF DIIS iteration time
  wall time (sec):                 0.01
  cpu time (sec):                  0.29
  cpu/wall ratio:                 47.76

  SCF DIIS iteration time
  wall time (sec):                 0.00
  cpu time (sec):                  0.11
  cpu/wall ratio:                 55.11

  SCF DIIS solver time
  wall time (sec):                 0.10
  cpu time (sec):                  5.08
  cpu/wall ratio:                 50.33

  Hartree-Fock engine
  wall time (sec):                 0.42
  cpu time (sec):                 19.36
  cpu/wall ratio:                 46.31


  :: Total time
  ================

  Total time in eT
  wall time (sec):                 0.63
  cpu time (sec):                 26.14
  cpu/wall ratio:                 41.69
