
  Preparation of molecular system (Libint)
  wall time (sec):                 0.00
  cpu time (sec):                  0.00
  cpu/wall ratio:                  1.40

  Preparation of molecular system (total)
  wall time (sec):                 0.11
  cpu time (sec):                  1.52
  cpu/wall ratio:                 13.57

  Cholesky decomposition of AO overlap
  wall time (sec):                 0.00
  cpu time (sec):                  0.17
  cpu/wall ratio:                 55.63


  :: Hartree-Fock engine
  =========================


  1) Generate initial SAD density

  SAD generation time
  wall time (sec):                 0.33
  cpu time (sec):                 14.49
  cpu/wall ratio:                 43.50


  2) Calculation of reference state (SCF-DIIS algorithm)

  AO Fock construction
  wall time (sec):                 0.00
  cpu time (sec):                  0.11
  cpu/wall ratio:                 55.85

  AO Fock construction
  wall time (sec):                 0.01
  cpu time (sec):                  0.44
  cpu/wall ratio:                 48.80

  AO Fock construction
  wall time (sec):                 0.01
  cpu time (sec):                  0.26
  cpu/wall ratio:                 43.97

  SCF DIIS iteration time
  wall time (sec):                 0.02
  cpu time (sec):                  0.94
  cpu/wall ratio:                 51.96

  AO Fock construction
  wall time (sec):                 0.00
  cpu time (sec):                  0.11
  cpu/wall ratio:                 55.90

  SCF DIIS iteration time
  wall time (sec):                 0.01
  cpu time (sec):                  0.61
  cpu/wall ratio:                 50.93

  AO Fock construction
  wall time (sec):                 0.06
  cpu time (sec):                  3.13
  cpu/wall ratio:                 54.88

  SCF DIIS iteration time
  wall time (sec):                 0.09
  cpu time (sec):                  4.66
  cpu/wall ratio:                 54.19

  AO Fock construction
  wall time (sec):                 0.08
  cpu time (sec):                  4.50
  cpu/wall ratio:                 54.85

  SCF DIIS iteration time
  wall time (sec):                 0.11
  cpu time (sec):                  6.21
  cpu/wall ratio:                 54.44

  AO Fock construction
  wall time (sec):                 0.00
  cpu time (sec):                  0.16
  cpu/wall ratio:                 54.90

  SCF DIIS iteration time
  wall time (sec):                 0.02
  cpu time (sec):                  1.10
  cpu/wall ratio:                 52.28

  AO Fock construction
  wall time (sec):                 0.00
  cpu time (sec):                  0.11
  cpu/wall ratio:                 55.80

  SCF DIIS iteration time
  wall time (sec):                 0.01
  cpu time (sec):                  0.55
  cpu/wall ratio:                 50.39

  AO Fock construction
  wall time (sec):                 0.00
  cpu time (sec):                  0.11
  cpu/wall ratio:                 55.78

  SCF DIIS iteration time
  wall time (sec):                 0.01
  cpu time (sec):                  0.55
  cpu/wall ratio:                 55.17

  SCF DIIS iteration time
  wall time (sec):                 0.01
  cpu time (sec):                  0.55
  cpu/wall ratio:                 54.88

  SCF DIIS solver time
  wall time (sec):                 0.31
  cpu time (sec):                 16.57
  cpu/wall ratio:                 53.29

  Hartree-Fock engine
  wall time (sec):                 0.64
  cpu time (sec):                 31.06
  cpu/wall ratio:                 48.23


  :: Total time
  ================

  Total time in eT
  wall time (sec):                 0.80
  cpu time (sec):                 34.95
  cpu/wall ratio:                 43.57
