
  Preparation of molecular system (Libint)
  wall time (sec):                 0.00
  cpu time (sec):                  0.00
  cpu/wall ratio:                  1.44

  Preparation of molecular system (total)
  wall time (sec):                 0.11
  cpu time (sec):                  1.50
  cpu/wall ratio:                 13.62

  Cholesky decomposition of AO overlap
  wall time (sec):                 0.02
  cpu time (sec):                  1.04
  cpu/wall ratio:                 54.97


  :: Hartree-Fock engine
  =========================


  1) Generate initial SAD density

  SAD generation time
  wall time (sec):                 0.27
  cpu time (sec):                 12.08
  cpu/wall ratio:                 45.06


  2) Calculation of reference state (SCF-DIIS algorithm)

  AO Fock construction
  wall time (sec):                 0.00
  cpu time (sec):                  0.17
  cpu/wall ratio:                 55.60

  AO Fock construction
  wall time (sec):                 0.03
  cpu time (sec):                  1.38
  cpu/wall ratio:                 52.92

  AO Fock construction
  wall time (sec):                 0.05
  cpu time (sec):                  2.69
  cpu/wall ratio:                 53.85

  SCF DIIS iteration time
  wall time (sec):                 0.06
  cpu time (sec):                  3.26
  cpu/wall ratio:                 54.26

  AO Fock construction
  wall time (sec):                 0.00
  cpu time (sec):                  0.11
  cpu/wall ratio:                 55.88

  SCF DIIS iteration time
  wall time (sec):                 0.03
  cpu time (sec):                  1.55
  cpu/wall ratio:                 53.33

  AO Fock construction
  wall time (sec):                 0.00
  cpu time (sec):                  0.11
  cpu/wall ratio:                 55.91

  SCF DIIS iteration time
  wall time (sec):                 0.01
  cpu time (sec):                  0.45
  cpu/wall ratio:                 50.21

  AO Fock construction
  wall time (sec):                 0.00
  cpu time (sec):                  0.11
  cpu/wall ratio:                 55.78

  SCF DIIS iteration time
  wall time (sec):                 0.01
  cpu time (sec):                  0.39
  cpu/wall ratio:                 49.37

  AO Fock construction
  wall time (sec):                 0.00
  cpu time (sec):                  0.11
  cpu/wall ratio:                 55.81

  SCF DIIS iteration time
  wall time (sec):                 0.01
  cpu time (sec):                  0.56
  cpu/wall ratio:                 50.81

  AO Fock construction
  wall time (sec):                 0.00
  cpu time (sec):                  0.11
  cpu/wall ratio:                 55.80

  SCF DIIS iteration time
  wall time (sec):                 0.01
  cpu time (sec):                  0.40
  cpu/wall ratio:                 49.42

  AO Fock construction
  wall time (sec):                 0.00
  cpu time (sec):                  0.11
  cpu/wall ratio:                 55.73

  SCF DIIS iteration time
  wall time (sec):                 0.01
  cpu time (sec):                  0.28
  cpu/wall ratio:                 47.40

  SCF DIIS iteration time
  wall time (sec):                 0.00
  cpu time (sec):                  0.06
  cpu/wall ratio:                 55.04

  SCF DIIS solver time
  wall time (sec):                 0.17
  cpu time (sec):                  9.01
  cpu/wall ratio:                 52.41

  Hartree-Fock engine
  wall time (sec):                 0.44
  cpu time (sec):                 21.09
  cpu/wall ratio:                 47.94


  :: Total time
  ================

  Total time in eT
  wall time (sec):                 0.61
  cpu time (sec):                 25.77
  cpu/wall ratio:                 42.25
