
  Preparation of molecular system (Libint)
  wall time (sec):                 0.00
  cpu time (sec):                  0.00
  cpu/wall ratio:                  1.38

  Preparation of molecular system (total)
  wall time (sec):                 0.10
  cpu time (sec):                  1.13
  cpu/wall ratio:                 10.86

  Cholesky decomposition of AO overlap
  wall time (sec):                 0.00
  cpu time (sec):                  0.22
  cpu/wall ratio:                 54.37


  :: Hartree-Fock engine
  =========================


  1) Generate initial SAD density

  SAD generation time
  wall time (sec):                 0.39
  cpu time (sec):                 17.75
  cpu/wall ratio:                 45.52


  2) Calculation of reference state (SCF-DIIS algorithm)

  AO Fock construction
  wall time (sec):                 0.00
  cpu time (sec):                  0.13
  cpu/wall ratio:                 41.70

  AO Fock construction
  wall time (sec):                 0.06
  cpu time (sec):                  2.93
  cpu/wall ratio:                 53.32

  AO Fock construction
  wall time (sec):                 0.01
  cpu time (sec):                  0.33
  cpu/wall ratio:                 47.80

  SCF DIIS iteration time
  wall time (sec):                 0.02
  cpu time (sec):                  0.90
  cpu/wall ratio:                 52.90

  AO Fock construction
  wall time (sec):                 0.05
  cpu time (sec):                  2.74
  cpu/wall ratio:                 54.88

  SCF DIIS iteration time
  wall time (sec):                 0.08
  cpu time (sec):                  4.35
  cpu/wall ratio:                 54.32

  AO Fock construction
  wall time (sec):                 0.00
  cpu time (sec):                  0.11
  cpu/wall ratio:                 54.59

  SCF DIIS iteration time
  wall time (sec):                 0.02
  cpu time (sec):                  1.11
  cpu/wall ratio:                 52.65

  AO Fock construction
  wall time (sec):                 0.00
  cpu time (sec):                  0.11
  cpu/wall ratio:                 55.04

  SCF DIIS iteration time
  wall time (sec):                 0.02
  cpu time (sec):                  1.11
  cpu/wall ratio:                 52.81

  AO Fock construction
  wall time (sec):                 0.00
  cpu time (sec):                  0.11
  cpu/wall ratio:                 55.31

  SCF DIIS iteration time
  wall time (sec):                 0.02
  cpu time (sec):                  1.11
  cpu/wall ratio:                 52.75

  AO Fock construction
  wall time (sec):                 0.00
  cpu time (sec):                  0.11
  cpu/wall ratio:                 55.12

  SCF DIIS iteration time
  wall time (sec):                 0.02
  cpu time (sec):                  1.11
  cpu/wall ratio:                 52.83

  AO Fock construction
  wall time (sec):                 0.00
  cpu time (sec):                  0.11
  cpu/wall ratio:                 55.14

  SCF DIIS iteration time
  wall time (sec):                 0.02
  cpu time (sec):                  1.11
  cpu/wall ratio:                 52.73

  SCF DIIS iteration time
  wall time (sec):                 0.01
  cpu time (sec):                  0.49
  cpu/wall ratio:                 54.89

  SCF DIIS solver time
  wall time (sec):                 0.27
  cpu time (sec):                 14.59
  cpu/wall ratio:                 53.27

  Hartree-Fock engine
  wall time (sec):                 0.67
  cpu time (sec):                 32.35
  cpu/wall ratio:                 48.64


  :: Total time
  ================

  Total time in eT
  wall time (sec):                 0.80
  cpu time (sec):                 34.49
  cpu/wall ratio:                 42.95
