
  Preparation of molecular system (Libint)
  wall time (sec):                 0.00
  cpu time (sec):                  0.00
  cpu/wall ratio:                  1.34

  Preparation of molecular system (total)
  wall time (sec):                 0.11
  cpu time (sec):                  1.47
  cpu/wall ratio:                 13.22

  Cholesky decomposition of AO overlap
  wall time (sec):                 0.06
  cpu time (sec):                  3.29
  cpu/wall ratio:                 54.83


  :: Hartree-Fock engine
  =========================


  1) Generate initial SAD density

  SAD generation time
  wall time (sec):                 0.34
  cpu time (sec):                 13.97
  cpu/wall ratio:                 40.73


  2) Calculation of reference state (SCF-DIIS algorithm)

  AO Fock construction
  wall time (sec):                 0.00
  cpu time (sec):                  0.17
  cpu/wall ratio:                 55.40

  AO Fock construction
  wall time (sec):                 0.04
  cpu time (sec):                  2.26
  cpu/wall ratio:                 53.78

  AO Fock construction
  wall time (sec):                 0.08
  cpu time (sec):                  4.34
  cpu/wall ratio:                 54.26

  SCF DIIS iteration time
  wall time (sec):                 0.09
  cpu time (sec):                  4.95
  cpu/wall ratio:                 54.45

  AO Fock construction
  wall time (sec):                 0.08
  cpu time (sec):                  4.55
  cpu/wall ratio:                 54.79

  SCF DIIS iteration time
  wall time (sec):                 0.11
  cpu time (sec):                  6.26
  cpu/wall ratio:                 54.46

  AO Fock construction
  wall time (sec):                 0.00
  cpu time (sec):                  0.11
  cpu/wall ratio:                 55.85

  SCF DIIS iteration time
  wall time (sec):                 0.02
  cpu time (sec):                  1.16
  cpu/wall ratio:                 52.95

  AO Fock construction
  wall time (sec):                 0.03
  cpu time (sec):                  1.48
  cpu/wall ratio:                 54.91

  SCF DIIS iteration time
  wall time (sec):                 0.06
  cpu time (sec):                  2.97
  cpu/wall ratio:                 54.05

  AO Fock construction
  wall time (sec):                 0.01
  cpu time (sec):                  0.44
  cpu/wall ratio:                 55.08

  SCF DIIS iteration time
  wall time (sec):                 0.04
  cpu time (sec):                  1.99
  cpu/wall ratio:                 53.65

  AO Fock construction
  wall time (sec):                 0.05
  cpu time (sec):                  2.69
  cpu/wall ratio:                 54.88

  SCF DIIS iteration time
  wall time (sec):                 0.08
  cpu time (sec):                  4.29
  cpu/wall ratio:                 54.27

  AO Fock construction
  wall time (sec):                 0.00
  cpu time (sec):                  0.11
  cpu/wall ratio:                 55.77

  SCF DIIS iteration time
  wall time (sec):                 0.01
  cpu time (sec):                  0.40
  cpu/wall ratio:                 49.59

  SCF DIIS iteration time
  wall time (sec):                 0.00
  cpu time (sec):                  0.11
  cpu/wall ratio:                 55.11

  SCF DIIS solver time
  wall time (sec):                 0.46
  cpu time (sec):                 24.76
  cpu/wall ratio:                 53.94

  Hartree-Fock engine
  wall time (sec):                 0.80
  cpu time (sec):                 38.73
  cpu/wall ratio:                 48.29


  :: Total time
  ================

  Total time in eT
  wall time (sec):                 1.02
  cpu time (sec):                 45.95
  cpu/wall ratio:                 44.91
