
  Preparation of molecular system (Libint)
  wall time (sec):                 0.00
  cpu time (sec):                  0.00
  cpu/wall ratio:                  0.55

  Preparation of molecular system (total)
  wall time (sec):                 0.09
  cpu time (sec):                  0.27
  cpu/wall ratio:                  3.02

  Cholesky decomposition of AO overlap
  wall time (sec):                 0.00
  cpu time (sec):                  0.21
  cpu/wall ratio:                 53.02


  :: Hartree-Fock engine
  =========================


  1) Generate initial SAD density

  SAD generation time
  wall time (sec):                 0.34
  cpu time (sec):                 14.37
  cpu/wall ratio:                 41.76


  2) Calculation of reference state (SCF-DIIS algorithm)

  AO Fock construction
  wall time (sec):                 0.00
  cpu time (sec):                  0.17
  cpu/wall ratio:                 55.79

  AO Fock construction
  wall time (sec):                 0.11
  cpu time (sec):                  6.09
  cpu/wall ratio:                 54.36

  AO Fock construction
  wall time (sec):                 0.06
  cpu time (sec):                  3.19
  cpu/wall ratio:                 53.15

  SCF DIIS iteration time
  wall time (sec):                 0.07
  cpu time (sec):                  3.86
  cpu/wall ratio:                 53.57

  AO Fock construction
  wall time (sec):                 0.00
  cpu time (sec):                  0.11
  cpu/wall ratio:                 55.88

  SCF DIIS iteration time
  wall time (sec):                 0.02
  cpu time (sec):                  1.26
  cpu/wall ratio:                 52.38

  AO Fock construction
  wall time (sec):                 0.00
  cpu time (sec):                  0.11
  cpu/wall ratio:                 55.80

  SCF DIIS iteration time
  wall time (sec):                 0.01
  cpu time (sec):                  0.50
  cpu/wall ratio:                 50.19

  AO Fock construction
  wall time (sec):                 0.00
  cpu time (sec):                  0.11
  cpu/wall ratio:                 55.88

  SCF DIIS iteration time
  wall time (sec):                 0.01
  cpu time (sec):                  0.67
  cpu/wall ratio:                 51.24

  AO Fock construction
  wall time (sec):                 0.00
  cpu time (sec):                  0.11
  cpu/wall ratio:                 55.82

  SCF DIIS iteration time
  wall time (sec):                 0.01
  cpu time (sec):                  0.56
  cpu/wall ratio:                 51.00

  AO Fock construction
  wall time (sec):                 0.00
  cpu time (sec):                  0.11
  cpu/wall ratio:                 55.75

  SCF DIIS iteration time
  wall time (sec):                 0.01
  cpu time (sec):                  0.34
  cpu/wall ratio:                 48.78

  AO Fock construction
  wall time (sec):                 0.00
  cpu time (sec):                  0.11
  cpu/wall ratio:                 55.70

  SCF DIIS iteration time
  wall time (sec):                 0.02
  cpu time (sec):                  1.00
  cpu/wall ratio:                 52.52

  SCF DIIS iteration time
  wall time (sec):                 0.00
  cpu time (sec):                  0.00

  SCF DIIS solver time
  wall time (sec):                 0.29
  cpu time (sec):                 15.31
  cpu/wall ratio:                 53.17

  Hartree-Fock engine
  wall time (sec):                 0.63
  cpu time (sec):                 29.68
  cpu/wall ratio:                 46.96


  :: Total time
  ================

  Total time in eT
  wall time (sec):                 0.74
  cpu time (sec):                 31.13
  cpu/wall ratio:                 41.90
