
  Preparation of molecular system (Libint)
  wall time (sec):                 0.00
  cpu time (sec):                  0.00
  cpu/wall ratio:                  1.40

  Preparation of molecular system (total)
  wall time (sec):                 0.11
  cpu time (sec):                  1.59
  cpu/wall ratio:                 14.07

  Cholesky decomposition of AO overlap
  wall time (sec):                 0.01
  cpu time (sec):                  0.28
  cpu/wall ratio:                 55.26


  :: Hartree-Fock engine
  =========================


  1) Generate initial SAD density

  SAD generation time
  wall time (sec):                 0.31
  cpu time (sec):                 13.43
  cpu/wall ratio:                 43.19


  2) Calculation of reference state (SCF-DIIS algorithm)

  AO Fock construction
  wall time (sec):                 0.00
  cpu time (sec):                  0.17
  cpu/wall ratio:                 55.53

  AO Fock construction
  wall time (sec):                 0.11
  cpu time (sec):                  6.05
  cpu/wall ratio:                 54.51

  AO Fock construction
  wall time (sec):                 0.04
  cpu time (sec):                  2.22
  cpu/wall ratio:                 52.86

  SCF DIIS iteration time
  wall time (sec):                 0.05
  cpu time (sec):                  2.61
  cpu/wall ratio:                 53.33

  AO Fock construction
  wall time (sec):                 0.00
  cpu time (sec):                  0.11
  cpu/wall ratio:                 55.90

  SCF DIIS iteration time
  wall time (sec):                 0.01
  cpu time (sec):                  0.56
  cpu/wall ratio:                 50.91

  AO Fock construction
  wall time (sec):                 0.00
  cpu time (sec):                  0.11
  cpu/wall ratio:                 55.79

  SCF DIIS iteration time
  wall time (sec):                 0.01
  cpu time (sec):                  0.39
  cpu/wall ratio:                 49.30

  AO Fock construction
  wall time (sec):                 0.00
  cpu time (sec):                  0.11
  cpu/wall ratio:                 55.78

  SCF DIIS iteration time
  wall time (sec):                 0.01
  cpu time (sec):                  0.34
  cpu/wall ratio:                 49.10

  AO Fock construction
  wall time (sec):                 0.00
  cpu time (sec):                  0.11
  cpu/wall ratio:                 55.79

  SCF DIIS iteration time
  wall time (sec):                 0.03
  cpu time (sec):                  1.55
  cpu/wall ratio:                 53.36

  AO Fock construction
  wall time (sec):                 0.00
  cpu time (sec):                  0.11
  cpu/wall ratio:                 55.87

  SCF DIIS iteration time
  wall time (sec):                 0.01
  cpu time (sec):                  0.66
  cpu/wall ratio:                 47.38

  AO Fock construction
  wall time (sec):                 0.00
  cpu time (sec):                  0.11
  cpu/wall ratio:                 55.77

  SCF DIIS iteration time
  wall time (sec):                 0.01
  cpu time (sec):                  0.45
  cpu/wall ratio:                 49.96

  SCF DIIS iteration time
  wall time (sec):                 0.00
  cpu time (sec):                  0.06
  cpu/wall ratio:                 55.38

  SCF DIIS solver time
  wall time (sec):                 0.26
  cpu time (sec):                 13.70
  cpu/wall ratio:                 52.89

  Hartree-Fock engine
  wall time (sec):                 0.57
  cpu time (sec):                 27.13
  cpu/wall ratio:                 47.52


  :: Total time
  ================

  Total time in eT
  wall time (sec):                 0.73
  cpu time (sec):                 31.18
  cpu/wall ratio:                 42.71
