
  Preparation of molecular system (Libint)
  wall time (sec):                 0.00
  cpu time (sec):                  0.00
  cpu/wall ratio:                  1.44

  Preparation of molecular system (total)
  wall time (sec):                 0.11
  cpu time (sec):                  1.53
  cpu/wall ratio:                 13.91

  Cholesky decomposition of AO overlap
  wall time (sec):                 0.01
  cpu time (sec):                  0.55
  cpu/wall ratio:                 55.08


  :: Hartree-Fock engine
  =========================


  1) Generate initial SAD density

  SAD generation time
  wall time (sec):                 0.32
  cpu time (sec):                 14.67
  cpu/wall ratio:                 46.27


  2) Calculation of reference state (SCF-DIIS algorithm)

  AO Fock construction
  wall time (sec):                 0.00
  cpu time (sec):                  0.18
  cpu/wall ratio:                 45.56

  AO Fock construction
  wall time (sec):                 0.04
  cpu time (sec):                  1.92
  cpu/wall ratio:                 53.37

  AO Fock construction
  wall time (sec):                 0.04
  cpu time (sec):                  2.26
  cpu/wall ratio:                 53.70

  SCF DIIS iteration time
  wall time (sec):                 0.05
  cpu time (sec):                  2.81
  cpu/wall ratio:                 54.12

  AO Fock construction
  wall time (sec):                 0.00
  cpu time (sec):                  0.11
  cpu/wall ratio:                 55.85

  SCF DIIS iteration time
  wall time (sec):                 0.03
  cpu time (sec):                  1.38
  cpu/wall ratio:                 53.15

  AO Fock construction
  wall time (sec):                 0.00
  cpu time (sec):                  0.11
  cpu/wall ratio:                 55.94

  SCF DIIS iteration time
  wall time (sec):                 0.01
  cpu time (sec):                  0.50
  cpu/wall ratio:                 50.20

  AO Fock construction
  wall time (sec):                 0.00
  cpu time (sec):                  0.16
  cpu/wall ratio:                 54.26

  SCF DIIS iteration time
  wall time (sec):                 0.02
  cpu time (sec):                  1.10
  cpu/wall ratio:                 55.11

  AO Fock construction
  wall time (sec):                 0.00
  cpu time (sec):                  0.11
  cpu/wall ratio:                 55.64

  SCF DIIS iteration time
  wall time (sec):                 0.01
  cpu time (sec):                  0.56
  cpu/wall ratio:                 50.92

  AO Fock construction
  wall time (sec):                 0.02
  cpu time (sec):                  1.15
  cpu/wall ratio:                 54.92

  SCF DIIS iteration time
  wall time (sec):                 0.05
  cpu time (sec):                  2.65
  cpu/wall ratio:                 53.99

  AO Fock construction
  wall time (sec):                 0.00
  cpu time (sec):                  0.11
  cpu/wall ratio:                 54.99

  SCF DIIS iteration time
  wall time (sec):                 0.02
  cpu time (sec):                  1.11
  cpu/wall ratio:                 52.68

  SCF DIIS iteration time
  wall time (sec):                 0.01
  cpu time (sec):                  0.55
  cpu/wall ratio:                 54.87

  SCF DIIS solver time
  wall time (sec):                 0.24
  cpu time (sec):                 12.92
  cpu/wall ratio:                 53.15

  Hartree-Fock engine
  wall time (sec):                 0.56
  cpu time (sec):                 27.61
  cpu/wall ratio:                 49.21


  :: Total time
  ================

  Total time in eT
  wall time (sec):                 0.71
  cpu time (sec):                 31.36
  cpu/wall ratio:                 43.93
