
  Preparation of molecular system (Libint)
  wall time (sec):                 0.00
  cpu time (sec):                  0.00
  cpu/wall ratio:                  1.29

  Preparation of molecular system (total)
  wall time (sec):                 0.09
  cpu time (sec):                  0.29
  cpu/wall ratio:                  3.31

  Cholesky decomposition of AO overlap
  wall time (sec):                 0.00
  cpu time (sec):                  0.21
  cpu/wall ratio:                 53.29


  :: Hartree-Fock engine
  =========================


  1) Generate initial SAD density

  SAD generation time
  wall time (sec):                 0.33
  cpu time (sec):                 14.07
  cpu/wall ratio:                 43.28


  2) Calculation of reference state (SCF-DIIS algorithm)

  AO Fock construction
  wall time (sec):                 0.02
  cpu time (sec):                  0.93
  cpu/wall ratio:                 54.91

  AO Fock construction
  wall time (sec):                 0.00
  cpu time (sec):                  0.20
  cpu/wall ratio:                 48.82

  AO Fock construction
  wall time (sec):                 0.01
  cpu time (sec):                  0.28
  cpu/wall ratio:                 47.21

  SCF DIIS iteration time
  wall time (sec):                 0.02
  cpu time (sec):                  0.95
  cpu/wall ratio:                 52.96

  AO Fock construction
  wall time (sec):                 0.00
  cpu time (sec):                  0.11
  cpu/wall ratio:                 55.61

  SCF DIIS iteration time
  wall time (sec):                 0.01
  cpu time (sec):                  0.29
  cpu/wall ratio:                 47.70

  AO Fock construction
  wall time (sec):                 0.00
  cpu time (sec):                  0.11
  cpu/wall ratio:                 55.83

  SCF DIIS iteration time
  wall time (sec):                 0.01
  cpu time (sec):                  0.34
  cpu/wall ratio:                 48.96

  AO Fock construction
  wall time (sec):                 0.00
  cpu time (sec):                  0.11
  cpu/wall ratio:                 55.78

  SCF DIIS iteration time
  wall time (sec):                 0.01
  cpu time (sec):                  0.29
  cpu/wall ratio:                 47.68

  AO Fock construction
  wall time (sec):                 0.00
  cpu time (sec):                  0.11
  cpu/wall ratio:                 55.72

  SCF DIIS iteration time
  wall time (sec):                 0.01
  cpu time (sec):                  0.40
  cpu/wall ratio:                 49.47

  AO Fock construction
  wall time (sec):                 0.00
  cpu time (sec):                  0.11
  cpu/wall ratio:                 55.78

  SCF DIIS iteration time
  wall time (sec):                 0.01
  cpu time (sec):                  0.56
  cpu/wall ratio:                 50.51

  AO Fock construction
  wall time (sec):                 0.00
  cpu time (sec):                  0.11
  cpu/wall ratio:                 55.78

  SCF DIIS iteration time
  wall time (sec):                 0.01
  cpu time (sec):                  0.29
  cpu/wall ratio:                 47.73

  SCF DIIS iteration time
  wall time (sec):                 0.00
  cpu time (sec):                  0.06
  cpu/wall ratio:                 55.38

  SCF DIIS solver time
  wall time (sec):                 0.10
  cpu time (sec):                  5.21
  cpu/wall ratio:                 51.04

  Hartree-Fock engine
  wall time (sec):                 0.43
  cpu time (sec):                 19.27
  cpu/wall ratio:                 45.03


  :: Total time
  ================

  Total time in eT
  wall time (sec):                 0.54
  cpu time (sec):                 20.81
  cpu/wall ratio:                 38.54
