
  Preparation of molecular system (Libint)
  wall time (sec):                 0.00
  cpu time (sec):                  0.00
  cpu/wall ratio:                  1.13

  Preparation of molecular system (total)
  wall time (sec):                 0.11
  cpu time (sec):                  1.47
  cpu/wall ratio:                 13.39

  Cholesky decomposition of AO overlap
  wall time (sec):                 0.13
  cpu time (sec):                  7.01
  cpu/wall ratio:                 54.37


  :: Hartree-Fock engine
  =========================


  1) Generate initial SAD density

  SAD generation time
  wall time (sec):                 0.30
  cpu time (sec):                 12.51
  cpu/wall ratio:                 41.71


  2) Calculation of reference state (SCF-DIIS algorithm)

  AO Fock construction
  wall time (sec):                 0.00
  cpu time (sec):                  0.11
  cpu/wall ratio:                 55.77

  AO Fock construction
  wall time (sec):                 0.03
  cpu time (sec):                  1.44
  cpu/wall ratio:                 53.31

  AO Fock construction
  wall time (sec):                 0.06
  cpu time (sec):                  3.19
  cpu/wall ratio:                 54.07

  SCF DIIS iteration time
  wall time (sec):                 0.07
  cpu time (sec):                  3.91
  cpu/wall ratio:                 54.35

  AO Fock construction
  wall time (sec):                 0.00
  cpu time (sec):                  0.11
  cpu/wall ratio:                 55.78

  SCF DIIS iteration time
  wall time (sec):                 0.02
  cpu time (sec):                  0.83
  cpu/wall ratio:                 52.12

  AO Fock construction
  wall time (sec):                 0.04
  cpu time (sec):                  1.92
  cpu/wall ratio:                 54.84

  SCF DIIS iteration time
  wall time (sec):                 0.06
  cpu time (sec):                  3.46
  cpu/wall ratio:                 54.11

  AO Fock construction
  wall time (sec):                 0.10
  cpu time (sec):                  5.27
  cpu/wall ratio:                 54.85

  SCF DIIS iteration time
  wall time (sec):                 0.12
  cpu time (sec):                  6.81
  cpu/wall ratio:                 54.46

  AO Fock construction
  wall time (sec):                 0.00
  cpu time (sec):                  0.11
  cpu/wall ratio:                 55.86

  SCF DIIS iteration time
  wall time (sec):                 0.03
  cpu time (sec):                  1.32
  cpu/wall ratio:                 45.65

  AO Fock construction
  wall time (sec):                 0.00
  cpu time (sec):                  0.11
  cpu/wall ratio:                 55.76

  SCF DIIS iteration time
  wall time (sec):                 0.01
  cpu time (sec):                  0.31
  cpu/wall ratio:                 43.98

  AO Fock construction
  wall time (sec):                 0.00
  cpu time (sec):                  0.11
  cpu/wall ratio:                 55.85

  SCF DIIS iteration time
  wall time (sec):                 0.01
  cpu time (sec):                  0.56
  cpu/wall ratio:                 50.86

  SCF DIIS iteration time
  wall time (sec):                 0.01
  cpu time (sec):                  0.49
  cpu/wall ratio:                 54.90

  SCF DIIS solver time
  wall time (sec):                 0.38
  cpu time (sec):                 20.12
  cpu/wall ratio:                 53.09

  Hartree-Fock engine
  wall time (sec):                 0.68
  cpu time (sec):                 32.63
  cpu/wall ratio:                 48.06


  :: Total time
  ================

  Total time in eT
  wall time (sec):                 1.01
  cpu time (sec):                 45.43
  cpu/wall ratio:                 45.15
