
  Preparation of molecular system (Libint)
  wall time (sec):                 0.00
  cpu time (sec):                  0.00
  cpu/wall ratio:                  1.41

  Preparation of molecular system (total)
  wall time (sec):                 0.11
  cpu time (sec):                  1.46
  cpu/wall ratio:                 13.31

  Cholesky decomposition of AO overlap
  wall time (sec):                 0.06
  cpu time (sec):                  3.35
  cpu/wall ratio:                 54.84


  :: Hartree-Fock engine
  =========================


  1) Generate initial SAD density

  SAD generation time
  wall time (sec):                 0.29
  cpu time (sec):                 12.80
  cpu/wall ratio:                 43.84


  2) Calculation of reference state (SCF-DIIS algorithm)

  AO Fock construction
  wall time (sec):                 0.00
  cpu time (sec):                  0.17
  cpu/wall ratio:                 55.36

  AO Fock construction
  wall time (sec):                 0.11
  cpu time (sec):                  6.09
  cpu/wall ratio:                 54.37

  AO Fock construction
  wall time (sec):                 0.07
  cpu time (sec):                  3.90
  cpu/wall ratio:                 54.15

  SCF DIIS iteration time
  wall time (sec):                 0.08
  cpu time (sec):                  4.51
  cpu/wall ratio:                 54.35

  AO Fock construction
  wall time (sec):                 0.00
  cpu time (sec):                  0.11
  cpu/wall ratio:                 55.79

  SCF DIIS iteration time
  wall time (sec):                 0.02
  cpu time (sec):                  1.09
  cpu/wall ratio:                 52.04

  AO Fock construction
  wall time (sec):                 0.00
  cpu time (sec):                  0.11
  cpu/wall ratio:                 55.91

  SCF DIIS iteration time
  wall time (sec):                 0.01
  cpu time (sec):                  0.56
  cpu/wall ratio:                 50.73

  AO Fock construction
  wall time (sec):                 0.00
  cpu time (sec):                  0.11
  cpu/wall ratio:                 55.81

  SCF DIIS iteration time
  wall time (sec):                 0.01
  cpu time (sec):                  0.50
  cpu/wall ratio:                 55.80

  AO Fock construction
  wall time (sec):                 0.00
  cpu time (sec):                  0.11
  cpu/wall ratio:                 55.84

  SCF DIIS iteration time
  wall time (sec):                 0.01
  cpu time (sec):                  0.50
  cpu/wall ratio:                 50.49

  AO Fock construction
  wall time (sec):                 0.00
  cpu time (sec):                  0.11
  cpu/wall ratio:                 55.90

  SCF DIIS iteration time
  wall time (sec):                 0.01
  cpu time (sec):                  0.51
  cpu/wall ratio:                 50.58

  AO Fock construction
  wall time (sec):                 0.00
  cpu time (sec):                  0.11
  cpu/wall ratio:                 55.78

  SCF DIIS iteration time
  wall time (sec):                 0.01
  cpu time (sec):                  0.29
  cpu/wall ratio:                 48.63

  SCF DIIS iteration time
  wall time (sec):                 0.00
  cpu time (sec):                  0.11
  cpu/wall ratio:                 55.09

  SCF DIIS solver time
  wall time (sec):                 0.27
  cpu time (sec):                 14.65
  cpu/wall ratio:                 53.29

  Hartree-Fock engine
  wall time (sec):                 0.57
  cpu time (sec):                 27.46
  cpu/wall ratio:                 48.43


  :: Total time
  ================

  Total time in eT
  wall time (sec):                 0.78
  cpu time (sec):                 34.34
  cpu/wall ratio:                 44.14
