
  Preparation of molecular system (Libint)
  wall time (sec):                 0.00
  cpu time (sec):                  0.00
  cpu/wall ratio:                  1.10

  Preparation of molecular system (total)
  wall time (sec):                 0.11
  cpu time (sec):                  1.51
  cpu/wall ratio:                 13.75

  Cholesky decomposition of AO overlap
  wall time (sec):                 0.06
  cpu time (sec):                  3.29
  cpu/wall ratio:                 54.82


  :: Hartree-Fock engine
  =========================


  1) Generate initial SAD density

  SAD generation time
  wall time (sec):                 0.33
  cpu time (sec):                 14.88
  cpu/wall ratio:                 45.22


  2) Calculation of reference state (SCF-DIIS algorithm)

  AO Fock construction
  wall time (sec):                 0.00
  cpu time (sec):                  0.15
  cpu/wall ratio:                 51.57

  AO Fock construction
  wall time (sec):                 0.08
  cpu time (sec):                  4.13
  cpu/wall ratio:                 54.35

  AO Fock construction
  wall time (sec):                 0.05
  cpu time (sec):                  2.80
  cpu/wall ratio:                 53.92

  SCF DIIS iteration time
  wall time (sec):                 0.06
  cpu time (sec):                  3.48
  cpu/wall ratio:                 54.33

  AO Fock construction
  wall time (sec):                 0.00
  cpu time (sec):                  0.11
  cpu/wall ratio:                 55.62

  SCF DIIS iteration time
  wall time (sec):                 0.02
  cpu time (sec):                  1.09
  cpu/wall ratio:                 52.08

  AO Fock construction
  wall time (sec):                 0.00
  cpu time (sec):                  0.11
  cpu/wall ratio:                 55.89

  SCF DIIS iteration time
  wall time (sec):                 0.01
  cpu time (sec):                  0.67
  cpu/wall ratio:                 51.16

  AO Fock construction
  wall time (sec):                 0.00
  cpu time (sec):                  0.11
  cpu/wall ratio:                 55.79

  SCF DIIS iteration time
  wall time (sec):                 0.01
  cpu time (sec):                  0.50
  cpu/wall ratio:                 50.07

  AO Fock construction
  wall time (sec):                 0.00
  cpu time (sec):                  0.11
  cpu/wall ratio:                 55.72

  SCF DIIS iteration time
  wall time (sec):                 0.01
  cpu time (sec):                  0.61
  cpu/wall ratio:                 51.19

  AO Fock construction
  wall time (sec):                 0.00
  cpu time (sec):                  0.11
  cpu/wall ratio:                 55.80

  SCF DIIS iteration time
  wall time (sec):                 0.01
  cpu time (sec):                  0.62
  cpu/wall ratio:                 51.26

  AO Fock construction
  wall time (sec):                 0.00
  cpu time (sec):                  0.11
  cpu/wall ratio:                 55.87

  SCF DIIS iteration time
  wall time (sec):                 0.01
  cpu time (sec):                  0.40
  cpu/wall ratio:                 56.43

  SCF DIIS iteration time
  wall time (sec):                 0.00
  cpu time (sec):                  0.06
  cpu/wall ratio:                 55.45

  SCF DIIS solver time
  wall time (sec):                 0.22
  cpu time (sec):                 11.84
  cpu/wall ratio:                 52.85

  Hartree-Fock engine
  wall time (sec):                 0.55
  cpu time (sec):                 26.72
  cpu/wall ratio:                 48.31


  :: Total time
  ================

  Total time in eT
  wall time (sec):                 0.78
  cpu time (sec):                 33.99
  cpu/wall ratio:                 43.68
