
  Preparation of molecular system (Libint)
  wall time (sec):                 0.00
  cpu time (sec):                  0.00
  cpu/wall ratio:                  1.10

  Preparation of molecular system (total)
  wall time (sec):                 0.11
  cpu time (sec):                  1.53
  cpu/wall ratio:                 13.88

  Cholesky decomposition of AO overlap
  wall time (sec):                 0.06
  cpu time (sec):                  3.23
  cpu/wall ratio:                 54.82


  :: Hartree-Fock engine
  =========================


  1) Generate initial SAD density

  SAD generation time
  wall time (sec):                 0.30
  cpu time (sec):                 13.00
  cpu/wall ratio:                 43.92


  2) Calculation of reference state (SCF-DIIS algorithm)

  AO Fock construction
  wall time (sec):                 0.00
  cpu time (sec):                  0.17
  cpu/wall ratio:                 55.59

  AO Fock construction
  wall time (sec):                 0.01
  cpu time (sec):                  0.35
  cpu/wall ratio:                 50.38

  AO Fock construction
  wall time (sec):                 0.01
  cpu time (sec):                  0.55
  cpu/wall ratio:                 49.96

  SCF DIIS iteration time
  wall time (sec):                 0.02
  cpu time (sec):                  1.28
  cpu/wall ratio:                 55.53

  AO Fock construction
  wall time (sec):                 0.00
  cpu time (sec):                  0.11
  cpu/wall ratio:                 55.87

  SCF DIIS iteration time
  wall time (sec):                 0.01
  cpu time (sec):                  0.34
  cpu/wall ratio:                 49.16

  AO Fock construction
  wall time (sec):                 0.00
  cpu time (sec):                  0.11
  cpu/wall ratio:                 55.79

  SCF DIIS iteration time
  wall time (sec):                 0.01
  cpu time (sec):                  0.28
  cpu/wall ratio:                 47.32

  AO Fock construction
  wall time (sec):                 0.00
  cpu time (sec):                  0.11
  cpu/wall ratio:                 55.83

  SCF DIIS iteration time
  wall time (sec):                 0.01
  cpu time (sec):                  0.51
  cpu/wall ratio:                 50.60

  AO Fock construction
  wall time (sec):                 0.00
  cpu time (sec):                  0.11
  cpu/wall ratio:                 55.79

  SCF DIIS iteration time
  wall time (sec):                 0.01
  cpu time (sec):                  0.34
  cpu/wall ratio:                 48.63

  AO Fock construction
  wall time (sec):                 0.00
  cpu time (sec):                  0.11
  cpu/wall ratio:                 55.73

  SCF DIIS iteration time
  wall time (sec):                 0.01
  cpu time (sec):                  0.50
  cpu/wall ratio:                 50.42

  AO Fock construction
  wall time (sec):                 0.00
  cpu time (sec):                  0.11
  cpu/wall ratio:                 55.82

  SCF DIIS iteration time
  wall time (sec):                 0.01
  cpu time (sec):                  0.51
  cpu/wall ratio:                 50.62

  SCF DIIS iteration time
  wall time (sec):                 0.00
  cpu time (sec):                  0.06
  cpu/wall ratio:                 55.35

  SCF DIIS solver time
  wall time (sec):                 0.09
  cpu time (sec):                  4.70
  cpu/wall ratio:                 50.57

  Hartree-Fock engine
  wall time (sec):                 0.39
  cpu time (sec):                 17.76
  cpu/wall ratio:                 45.42


  :: Total time
  ================

  Total time in eT
  wall time (sec):                 0.61
  cpu time (sec):                 24.99
  cpu/wall ratio:                 40.89
