
  Preparation of molecular system (Libint)
  wall time (sec):                 0.00
  cpu time (sec):                  0.00
  cpu/wall ratio:                  1.15

  Preparation of molecular system (total)
  wall time (sec):                 0.11
  cpu time (sec):                  1.52
  cpu/wall ratio:                 13.84

  Cholesky decomposition of AO overlap
  wall time (sec):                 0.02
  cpu time (sec):                  1.15
  cpu/wall ratio:                 54.95


  :: Hartree-Fock engine
  =========================


  1) Generate initial SAD density

  SAD generation time
  wall time (sec):                 0.31
  cpu time (sec):                 14.19
  cpu/wall ratio:                 45.20


  2) Calculation of reference state (SCF-DIIS algorithm)

  AO Fock construction
  wall time (sec):                 0.00
  cpu time (sec):                  0.21
  cpu/wall ratio:                 51.79

  AO Fock construction
  wall time (sec):                 0.05
  cpu time (sec):                  2.75
  cpu/wall ratio:                 54.00

  AO Fock construction
  wall time (sec):                 0.01
  cpu time (sec):                  0.39
  cpu/wall ratio:                 49.14

  SCF DIIS iteration time
  wall time (sec):                 0.02
  cpu time (sec):                  1.06
  cpu/wall ratio:                 53.05

  AO Fock construction
  wall time (sec):                 0.02
  cpu time (sec):                  1.10
  cpu/wall ratio:                 54.93

  SCF DIIS iteration time
  wall time (sec):                 0.05
  cpu time (sec):                  2.69
  cpu/wall ratio:                 53.82

  AO Fock construction
  wall time (sec):                 0.00
  cpu time (sec):                  0.11
  cpu/wall ratio:                 55.85

  SCF DIIS iteration time
  wall time (sec):                 0.01
  cpu time (sec):                  0.45
  cpu/wall ratio:                 49.67

  AO Fock construction
  wall time (sec):                 0.00
  cpu time (sec):                  0.11
  cpu/wall ratio:                 55.83

  SCF DIIS iteration time
  wall time (sec):                 0.01
  cpu time (sec):                  0.66
  cpu/wall ratio:                 50.47

  AO Fock construction
  wall time (sec):                 0.00
  cpu time (sec):                  0.11
  cpu/wall ratio:                 55.84

  SCF DIIS iteration time
  wall time (sec):                 0.01
  cpu time (sec):                  0.45
  cpu/wall ratio:                 49.63

  AO Fock construction
  wall time (sec):                 0.00
  cpu time (sec):                  0.11
  cpu/wall ratio:                 55.91

  SCF DIIS iteration time
  wall time (sec):                 0.01
  cpu time (sec):                  0.61
  cpu/wall ratio:                 50.54

  AO Fock construction
  wall time (sec):                 0.00
  cpu time (sec):                  0.11
  cpu/wall ratio:                 55.80

  SCF DIIS iteration time
  wall time (sec):                 0.01
  cpu time (sec):                  0.45
  cpu/wall ratio:                 49.64

  SCF DIIS iteration time
  wall time (sec):                 0.00
  cpu time (sec):                  0.06
  cpu/wall ratio:                 55.51

  SCF DIIS solver time
  wall time (sec):                 0.18
  cpu time (sec):                  9.61
  cpu/wall ratio:                 52.24

  Hartree-Fock engine
  wall time (sec):                 0.50
  cpu time (sec):                 23.81
  cpu/wall ratio:                 47.80


  :: Total time
  ================

  Total time in eT
  wall time (sec):                 0.66
  cpu time (sec):                 28.29
  cpu/wall ratio:                 42.67
