


                     eT - an electronic structure program

  ------------------------------------------------------------------------
   Author list in alphabetical order:
  ------------------------------------------------------------------------
   J. H. Andersen, A. Balbi, S. Coriani, S. D. Folkestad, T. Giovannini, 
   L. Goletto, T. S. Haugland, A. Hutcheson, I-M. Høyvik, E. F. Kjønstad, 
   H. Koch, T. Moitra, R. H. Myhre, A. C. Paul, M. Scavino, A. Skeidsvoll, 
   Å. H. Tveten
  ------------------------------------------------------------------------


  :: Input file
  ================

     Note: geometry section is excluded from this print

     system
        name: water scan 7.25
        charge: 0
     end system

     do
       ground state
     end do

     memory
        available: 8
     end memory

     solver scf
        algorithm: scf-diis
     end solver scf

     molecular mechanics
        forcefield: non-polarizable
     end molecular mechanics

     method
        hf
     end method


  Running on 56 OMP thread(s)
  Memory available for calculation: 8.000000 GB


  :: Molecular system specifications (QM)
  ==========================================

     Name:             water scan 7.25
     Charge:           0
     Multiplicity:     1
     Coordinate units: angstrom

     Pure basis functions:         36
     Cartesian basis functions:    37
     Primitive basis functions:    54

     Nuclear repulsion energy (a.u.):              9.177132664463
     Bohr/angstrom value (CODATA 2010):            0.529177210920

     ==============================================================================
                                     Geometry (angstrom)
     ==============================================================================
        Atom           X                  Y                  Z         # in input
     ==============================================================================
        Basis: 6-311++g**
        1 O      0.000000000000     0.000000000000    -0.115688000000        1
        2 H      0.000000000000    -0.758056000000     0.471834000000        2
        3 H      0.000000000000     0.758056000000     0.471834000000        3
     ==============================================================================

     ==============================================================================
                                     Geometry (a.u.)
     ==============================================================================
        Atom           X                  Y                  Z         # in input
     ==============================================================================
        Basis: 6-311++g**
        1 O      0.000000000000     0.000000000000    -0.218618635899        1
        2 H      0.000000000000    -1.432518227083     0.891637036258        2
        3 H      0.000000000000     1.432518227083     0.891637036258        3
     ==============================================================================


  :: Molecular system specifications (MM)
  ==========================================

     Force Field:  non-polarizable

     Number of MM atoms:                   2
     Number of MM molecules:               1

    ====================================================================
                        MM Geometry (Å) and Parameters
    ====================================================================
    Atom    Mol             X          Y          Z            Charge
    ====================================================================
      H       1        -7.250000  -0.758056   0.471834        1.000000
      H       1        -8.250000  -0.758056   0.471834       -1.000000
    ====================================================================


  :: RHF wavefunction
  ======================

  This is a QM/MM calculation

     Electrostatic Embedding:

     Each atom of the MM portion is endowed with a charge which value 
     is a fixed external parameter.

     The QM/MM electrostatic interaction energy is defined as:

        E^ele_QM/MM = sum_i q_i * V_i(P)

     where V_i(P) is the electrostatic potential due to the QM density 
     calculated at the position of the i-th charge q_i.

     For further details, see:
     Senn & Thiel, Angew. Chem. Int. Ed., 2009, 48, 1198−1229


  - Cholesky decomposition of AO overlap to get linearly independent orbitals:

  - Orbital details:

     Number of occupied orbitals:         5
     Number of virtual orbitals:         31
     Number of molecular orbitals:       36
     Number of atomic orbitals:          36


  :: Hartree-Fock engine
  =========================

  Drives the calculation of the Hartree-Fock state.

  This is a RHF ground state calculation.
  The following tasks will be performed:

     1) Generate initial SAD density
     2) Calculation of reference state (SCF-DIIS algorithm)


  1) Generate initial SAD density


  2) Calculation of reference state (SCF-DIIS algorithm)

   - Self-consistent field DIIS Hartree-Fock solver
  ----------------------------------------------------

  A DIIS-accelerated Roothan-Hall self-consistent field solver. A least-square 
  DIIS fit is performed on the previous Fock matrices and associated gradients. 
  Following the Roothan-Hall update of the density, the DIIS-fitted Fock 
  matrix is used to get the next orbital coefficients.

  - Hartree-Fock solver settings:

     DIIS dimension:                         8
     Cumulative Fock threshold:       0.10E+01

     Energy threshold:              0.1000E-05
     Gradient threshold:            0.1000E-05

     Coulomb screening threshold:   0.1000E-11
     Exchange screening threshold:  0.1000E-09
     Fock precision:                0.1000E-23
     Integral cutoff:               0.1000E-11

  - Setting initial AO density to SAD

     Energy of initial guess:               -76.373745070275
     Number of electrons in guess:           10.000000000000

  Iteration       Energy (a.u.)      Max(grad.)    Delta E (a.u.)
  ---------------------------------------------------------------
     1           -76.534263570918     0.1058E+00     0.7653E+02
     2           -76.566307741595     0.7895E-01     0.3204E-01
     3           -76.581795751367     0.5324E-02     0.1549E-01
     4           -76.581982280213     0.1239E-02     0.1865E-03
     5           -76.581995793694     0.2851E-03     0.1351E-04
     6           -76.581996415578     0.6623E-04     0.6219E-06
     7           -76.581996439637     0.5640E-05     0.2406E-07
     8           -76.581996439854     0.3557E-06     0.2170E-09
  ---------------------------------------------------------------
  Convergence criterion met in 8 iterations!

  - Summary of RHF wavefunction energetics (a.u.):

     HOMO-LUMO gap:                  0.553131579685
     Nuclear repulsion energy:       8.734328652849
     Electronic energy:            -85.316325092703
     Total energy:                 -76.581996439854

  - Summary of QM/MM energetics:
                                         a.u.             eV     kcal/mol
     QM/MM SCF Contribution:        -0.086483626043
     QM/MM Electrostatic Energy:    -0.000110426737    -0.00300    -0.069

  - Molecular orbital energies

  -----------------------------------------------------------------------------------
   1 -20.575644085502  10   0.239819548843  19   1.456303960147  28   3.474734430497
   2  -1.363321251698  11   0.251779576830  20   1.496521050012  29   3.525726730722
   3  -0.728099603835  12   0.310825355935  21   1.603138704952  30   3.701691173741
   4  -0.592623799709  13   0.315070592079  22   1.704808420278  31   4.075338559309
   5  -0.518708460739  14   0.673987601813  23   1.924145851404  32   4.322888493670
   6   0.034423118946  15   0.727673058146  24   2.293959851892  33   5.480771981880
   7   0.064587807523  16   1.191263767381  25   2.446380817410  34   5.867551573520
   8   0.233676389749  17   1.235084767023  26   2.700946551370  35   6.186441317803
   9   0.235686379649  18   1.238625423299  27   2.868970931201  36  51.559992046558
  -----------------------------------------------------------------------------------

  - Timings for the RHF ground state calculation

     Total wall time (sec):              0.37200
     Total cpu time (sec):              17.34949

  eT terminated successfully!
