
  Preparation of molecular system (Libint)
  wall time (sec):                 0.00
  cpu time (sec):                  0.00
  cpu/wall ratio:                  1.34

  Preparation of molecular system (total)
  wall time (sec):                 0.11
  cpu time (sec):                  1.29
  cpu/wall ratio:                 11.49

  Cholesky decomposition of AO overlap
  wall time (sec):                 0.00
  cpu time (sec):                  0.17
  cpu/wall ratio:                 55.62


  :: Hartree-Fock engine
  =========================


  1) Generate initial SAD density

  SAD generation time
  wall time (sec):                 0.53
  cpu time (sec):                 26.62
  cpu/wall ratio:                 50.13


  2) Calculation of reference state (SCF-DIIS algorithm)

  AO Fock construction
  wall time (sec):                 0.00
  cpu time (sec):                  0.13
  cpu/wall ratio:                 44.35

  AO Fock construction
  wall time (sec):                 0.01
  cpu time (sec):                  0.35
  cpu/wall ratio:                 50.49

  AO Fock construction
  wall time (sec):                 0.05
  cpu time (sec):                  2.62
  cpu/wall ratio:                 53.53

  SCF DIIS iteration time
  wall time (sec):                 0.06
  cpu time (sec):                  3.30
  cpu/wall ratio:                 54.17

  AO Fock construction
  wall time (sec):                 0.00
  cpu time (sec):                  0.11
  cpu/wall ratio:                 55.86

  SCF DIIS iteration time
  wall time (sec):                 0.01
  cpu time (sec):                  0.45
  cpu/wall ratio:                 50.36

  AO Fock construction
  wall time (sec):                 0.01
  cpu time (sec):                  0.77
  cpu/wall ratio:                 54.91

  SCF DIIS iteration time
  wall time (sec):                 0.05
  cpu time (sec):                  2.42
  cpu/wall ratio:                 53.85

  AO Fock construction
  wall time (sec):                 0.00
  cpu time (sec):                  0.11
  cpu/wall ratio:                 55.77

  SCF DIIS iteration time
  wall time (sec):                 0.01
  cpu time (sec):                  0.72
  cpu/wall ratio:                 51.63

  AO Fock construction
  wall time (sec):                 0.07
  cpu time (sec):                  3.95
  cpu/wall ratio:                 54.85

  SCF DIIS iteration time
  wall time (sec):                 0.10
  cpu time (sec):                  5.55
  cpu/wall ratio:                 54.42

  AO Fock construction
  wall time (sec):                 0.00
  cpu time (sec):                  0.11
  cpu/wall ratio:                 55.73

  SCF DIIS iteration time
  wall time (sec):                 0.01
  cpu time (sec):                  0.34
  cpu/wall ratio:                 48.48

  AO Fock construction
  wall time (sec):                 0.00
  cpu time (sec):                  0.11
  cpu/wall ratio:                 55.73

  SCF DIIS iteration time
  wall time (sec):                 0.01
  cpu time (sec):                  0.45
  cpu/wall ratio:                 49.88

  SCF DIIS iteration time
  wall time (sec):                 0.00
  cpu time (sec):                  0.06
  cpu/wall ratio:                 55.32

  SCF DIIS solver time
  wall time (sec):                 0.26
  cpu time (sec):                 14.10
  cpu/wall ratio:                 53.41

  Hartree-Fock engine
  wall time (sec):                 0.80
  cpu time (sec):                 40.72
  cpu/wall ratio:                 51.15


  :: Total time
  ================

  Total time in eT
  wall time (sec):                 1.03
  cpu time (sec):                 48.25
  cpu/wall ratio:                 46.76
