
  Preparation of molecular system (Libint)
  wall time (sec):                 0.00
  cpu time (sec):                  0.00
  cpu/wall ratio:                  1.21

  Preparation of molecular system (total)
  wall time (sec):                 0.11
  cpu time (sec):                  1.54
  cpu/wall ratio:                 13.85

  Cholesky decomposition of AO overlap
  wall time (sec):                 0.00
  cpu time (sec):                  0.22
  cpu/wall ratio:                 54.41


  :: Hartree-Fock engine
  =========================


  1) Generate initial SAD density

  SAD generation time
  wall time (sec):                 0.33
  cpu time (sec):                 14.44
  cpu/wall ratio:                 43.49


  2) Calculation of reference state (SCF-DIIS algorithm)

  AO Fock construction
  wall time (sec):                 0.00
  cpu time (sec):                  0.17
  cpu/wall ratio:                 55.47

  AO Fock construction
  wall time (sec):                 0.01
  cpu time (sec):                  0.72
  cpu/wall ratio:                 51.75

  AO Fock construction
  wall time (sec):                 0.01
  cpu time (sec):                  0.24
  cpu/wall ratio:                 47.33

  SCF DIIS iteration time
  wall time (sec):                 0.02
  cpu time (sec):                  0.95
  cpu/wall ratio:                 52.99

  AO Fock construction
  wall time (sec):                 0.01
  cpu time (sec):                  0.71
  cpu/wall ratio:                 54.99

  SCF DIIS iteration time
  wall time (sec):                 0.04
  cpu time (sec):                  2.26
  cpu/wall ratio:                 53.92

  AO Fock construction
  wall time (sec):                 0.00
  cpu time (sec):                  0.11
  cpu/wall ratio:                 55.05

  SCF DIIS iteration time
  wall time (sec):                 0.02
  cpu time (sec):                  1.11
  cpu/wall ratio:                 52.82

  AO Fock construction
  wall time (sec):                 0.10
  cpu time (sec):                  5.38
  cpu/wall ratio:                 54.86

  SCF DIIS iteration time
  wall time (sec):                 0.13
  cpu time (sec):                  6.98
  cpu/wall ratio:                 54.50

  AO Fock construction
  wall time (sec):                 0.00
  cpu time (sec):                  0.11
  cpu/wall ratio:                 55.83

  SCF DIIS iteration time
  wall time (sec):                 0.01
  cpu time (sec):                  0.45
  cpu/wall ratio:                 50.19

  AO Fock construction
  wall time (sec):                 0.00
  cpu time (sec):                  0.11
  cpu/wall ratio:                 55.86

  SCF DIIS iteration time
  wall time (sec):                 0.01
  cpu time (sec):                  0.45
  cpu/wall ratio:                 45.14

  AO Fock construction
  wall time (sec):                 0.00
  cpu time (sec):                  0.11
  cpu/wall ratio:                 55.85

  SCF DIIS iteration time
  wall time (sec):                 0.01
  cpu time (sec):                  0.45
  cpu/wall ratio:                 49.96

  SCF DIIS iteration time
  wall time (sec):                 0.00
  cpu time (sec):                  0.06
  cpu/wall ratio:                 55.43

  SCF DIIS solver time
  wall time (sec):                 0.26
  cpu time (sec):                 13.92
  cpu/wall ratio:                 53.32

  Hartree-Fock engine
  wall time (sec):                 0.59
  cpu time (sec):                 28.35
  cpu/wall ratio:                 47.73


  :: Total time
  ================

  Total time in eT
  wall time (sec):                 0.74
  cpu time (sec):                 31.59
  cpu/wall ratio:                 42.81
