
  Preparation of molecular system (Libint)
  wall time (sec):                 0.00
  cpu time (sec):                  0.00
  cpu/wall ratio:                  1.63

  Preparation of molecular system (total)
  wall time (sec):                 0.11
  cpu time (sec):                  1.48
  cpu/wall ratio:                 13.48

  Cholesky decomposition of AO overlap
  wall time (sec):                 0.07
  cpu time (sec):                  3.89
  cpu/wall ratio:                 54.82


  :: Hartree-Fock engine
  =========================


  1) Generate initial SAD density

  SAD generation time
  wall time (sec):                 0.32
  cpu time (sec):                 15.32
  cpu/wall ratio:                 47.58


  2) Calculation of reference state (SCF-DIIS algorithm)

  AO Fock construction
  wall time (sec):                 0.00
  cpu time (sec):                  0.16
  cpu/wall ratio:                 52.40

  AO Fock construction
  wall time (sec):                 0.15
  cpu time (sec):                  7.91
  cpu/wall ratio:                 54.20

  AO Fock construction
  wall time (sec):                 0.04
  cpu time (sec):                  2.04
  cpu/wall ratio:                 53.75

  SCF DIIS iteration time
  wall time (sec):                 0.05
  cpu time (sec):                  2.76
  cpu/wall ratio:                 54.16

  AO Fock construction
  wall time (sec):                 0.00
  cpu time (sec):                  0.11
  cpu/wall ratio:                 55.90

  SCF DIIS iteration time
  wall time (sec):                 0.01
  cpu time (sec):                  0.56
  cpu/wall ratio:                 46.46

  AO Fock construction
  wall time (sec):                 0.00
  cpu time (sec):                  0.11
  cpu/wall ratio:                 55.83

  SCF DIIS iteration time
  wall time (sec):                 0.01
  cpu time (sec):                  0.56
  cpu/wall ratio:                 50.99

  AO Fock construction
  wall time (sec):                 0.00
  cpu time (sec):                  0.11
  cpu/wall ratio:                 55.81

  SCF DIIS iteration time
  wall time (sec):                 0.01
  cpu time (sec):                  0.56
  cpu/wall ratio:                 50.77

  AO Fock construction
  wall time (sec):                 0.00
  cpu time (sec):                  0.11
  cpu/wall ratio:                 55.79

  SCF DIIS iteration time
  wall time (sec):                 0.01
  cpu time (sec):                  0.67
  cpu/wall ratio:                 51.41

  AO Fock construction
  wall time (sec):                 0.00
  cpu time (sec):                  0.11
  cpu/wall ratio:                 55.77

  SCF DIIS iteration time
  wall time (sec):                 0.01
  cpu time (sec):                  0.24
  cpu/wall ratio:                 47.12

  AO Fock construction
  wall time (sec):                 0.00
  cpu time (sec):                  0.11
  cpu/wall ratio:                 55.68

  SCF DIIS iteration time
  wall time (sec):                 0.01
  cpu time (sec):                  0.51
  cpu/wall ratio:                 50.60

  SCF DIIS iteration time
  wall time (sec):                 0.00
  cpu time (sec):                  0.06
  cpu/wall ratio:                 55.27

  SCF DIIS solver time
  wall time (sec):                 0.27
  cpu time (sec):                 14.27
  cpu/wall ratio:                 53.25

  Hartree-Fock engine
  wall time (sec):                 0.59
  cpu time (sec):                 29.59
  cpu/wall ratio:                 50.16


  :: Total time
  ================

  Total time in eT
  wall time (sec):                 0.83
  cpu time (sec):                 37.27
  cpu/wall ratio:                 45.06
