
  Preparation of molecular system (Libint)
  wall time (sec):                 0.00
  cpu time (sec):                  0.00
  cpu/wall ratio:                  0.69

  Preparation of molecular system (total)
  wall time (sec):                 0.11
  cpu time (sec):                  1.51
  cpu/wall ratio:                 13.57

  Cholesky decomposition of AO overlap
  wall time (sec):                 0.12
  cpu time (sec):                  6.57
  cpu/wall ratio:                 53.84


  :: Hartree-Fock engine
  =========================


  1) Generate initial SAD density

  SAD generation time
  wall time (sec):                 0.31
  cpu time (sec):                 13.41
  cpu/wall ratio:                 43.13


  2) Calculation of reference state (SCF-DIIS algorithm)

  AO Fock construction
  wall time (sec):                 0.00
  cpu time (sec):                  0.15
  cpu/wall ratio:                 49.29

  AO Fock construction
  wall time (sec):                 0.03
  cpu time (sec):                  1.49
  cpu/wall ratio:                 53.25

  AO Fock construction
  wall time (sec):                 0.01
  cpu time (sec):                  0.34
  cpu/wall ratio:                 48.37

  SCF DIIS iteration time
  wall time (sec):                 0.02
  cpu time (sec):                  1.01
  cpu/wall ratio:                 53.06

  AO Fock construction
  wall time (sec):                 0.00
  cpu time (sec):                  0.11
  cpu/wall ratio:                 55.81

  SCF DIIS iteration time
  wall time (sec):                 0.02
  cpu time (sec):                  1.00
  cpu/wall ratio:                 52.58

  AO Fock construction
  wall time (sec):                 0.00
  cpu time (sec):                  0.11
  cpu/wall ratio:                 55.85

  SCF DIIS iteration time
  wall time (sec):                 0.01
  cpu time (sec):                  0.67
  cpu/wall ratio:                 51.39

  AO Fock construction
  wall time (sec):                 0.00
  cpu time (sec):                  0.11
  cpu/wall ratio:                 55.82

  SCF DIIS iteration time
  wall time (sec):                 0.01
  cpu time (sec):                  0.51
  cpu/wall ratio:                 50.61

  AO Fock construction
  wall time (sec):                 0.00
  cpu time (sec):                  0.11
  cpu/wall ratio:                 55.80

  SCF DIIS iteration time
  wall time (sec):                 0.01
  cpu time (sec):                  0.61
  cpu/wall ratio:                 51.11

  AO Fock construction
  wall time (sec):                 0.00
  cpu time (sec):                  0.11
  cpu/wall ratio:                 55.79

  SCF DIIS iteration time
  wall time (sec):                 0.01
  cpu time (sec):                  0.61
  cpu/wall ratio:                 50.99

  AO Fock construction
  wall time (sec):                 0.00
  cpu time (sec):                  0.11
  cpu/wall ratio:                 55.75

  SCF DIIS iteration time
  wall time (sec):                 0.01
  cpu time (sec):                  0.45
  cpu/wall ratio:                 50.09

  SCF DIIS iteration time
  wall time (sec):                 0.00
  cpu time (sec):                  0.06
  cpu/wall ratio:                 55.22

  SCF DIIS solver time
  wall time (sec):                 0.13
  cpu time (sec):                  6.86
  cpu/wall ratio:                 51.55

  Hartree-Fock engine
  wall time (sec):                 0.44
  cpu time (sec):                 20.27
  cpu/wall ratio:                 45.66


  :: Total time
  ================

  Total time in eT
  wall time (sec):                 0.73
  cpu time (sec):                 31.21
  cpu/wall ratio:                 42.69
