
  Preparation of molecular system (Libint)
  wall time (sec):                 0.00
  cpu time (sec):                  0.00
  cpu/wall ratio:                  0.73

  Preparation of molecular system (total)
  wall time (sec):                 0.11
  cpu time (sec):                  1.54
  cpu/wall ratio:                 13.77

  Cholesky decomposition of AO overlap
  wall time (sec):                 0.06
  cpu time (sec):                  3.23
  cpu/wall ratio:                 54.83


  :: Hartree-Fock engine
  =========================


  1) Generate initial SAD density

  SAD generation time
  wall time (sec):                 0.29
  cpu time (sec):                 12.17
  cpu/wall ratio:                 41.69


  2) Calculation of reference state (SCF-DIIS algorithm)

  AO Fock construction
  wall time (sec):                 0.00
  cpu time (sec):                  0.14
  cpu/wall ratio:                 46.83

  AO Fock construction
  wall time (sec):                 0.16
  cpu time (sec):                  8.66
  cpu/wall ratio:                 54.44

  AO Fock construction
  wall time (sec):                 0.12
  cpu time (sec):                  6.62
  cpu/wall ratio:                 54.30

  SCF DIIS iteration time
  wall time (sec):                 0.13
  cpu time (sec):                  7.25
  cpu/wall ratio:                 54.53

  AO Fock construction
  wall time (sec):                 0.00
  cpu time (sec):                  0.11
  cpu/wall ratio:                 55.79

  SCF DIIS iteration time
  wall time (sec):                 0.01
  cpu time (sec):                  0.51
  cpu/wall ratio:                 50.55

  AO Fock construction
  wall time (sec):                 0.00
  cpu time (sec):                  0.11
  cpu/wall ratio:                 55.82

  SCF DIIS iteration time
  wall time (sec):                 0.01
  cpu time (sec):                  0.67
  cpu/wall ratio:                 51.29

  AO Fock construction
  wall time (sec):                 0.03
  cpu time (sec):                  1.37
  cpu/wall ratio:                 54.84

  SCF DIIS iteration time
  wall time (sec):                 0.05
  cpu time (sec):                  2.91
  cpu/wall ratio:                 53.83

  AO Fock construction
  wall time (sec):                 0.00
  cpu time (sec):                  0.11
  cpu/wall ratio:                 55.78

  SCF DIIS iteration time
  wall time (sec):                 0.01
  cpu time (sec):                  0.50
  cpu/wall ratio:                 50.13

  AO Fock construction
  wall time (sec):                 0.00
  cpu time (sec):                  0.11
  cpu/wall ratio:                 55.73

  SCF DIIS iteration time
  wall time (sec):                 0.01
  cpu time (sec):                  0.50
  cpu/wall ratio:                 50.42

  AO Fock construction
  wall time (sec):                 0.00
  cpu time (sec):                  0.16
  cpu/wall ratio:                 54.95

  SCF DIIS iteration time
  wall time (sec):                 0.02
  cpu time (sec):                  1.11
  cpu/wall ratio:                 55.29

  SCF DIIS iteration time
  wall time (sec):                 0.00
  cpu time (sec):                  0.00

  SCF DIIS solver time
  wall time (sec):                 0.54
  cpu time (sec):                 29.19
  cpu/wall ratio:                 54.06

  Hartree-Fock engine
  wall time (sec):                 0.83
  cpu time (sec):                 41.37
  cpu/wall ratio:                 49.66


  :: Total time
  ================

  Total time in eT
  wall time (sec):                 1.06
  cpu time (sec):                 48.70
  cpu/wall ratio:                 46.08
