
  Preparation of molecular system (Libint)
  wall time (sec):                 0.00
  cpu time (sec):                  0.00
  cpu/wall ratio:                  1.27

  Preparation of molecular system (total)
  wall time (sec):                 0.10
  cpu time (sec):                  1.11
  cpu/wall ratio:                 10.69

  Cholesky decomposition of AO overlap
  wall time (sec):                 0.00
  cpu time (sec):                  0.17
  cpu/wall ratio:                 55.52


  :: Hartree-Fock engine
  =========================


  1) Generate initial SAD density

  SAD generation time
  wall time (sec):                 0.38
  cpu time (sec):                 12.66
  cpu/wall ratio:                 33.13


  2) Calculation of reference state (SCF-DIIS algorithm)

  AO Fock construction
  wall time (sec):                 0.02
  cpu time (sec):                  0.93
  cpu/wall ratio:                 54.93

  AO Fock construction
  wall time (sec):                 0.01
  cpu time (sec):                  0.25
  cpu/wall ratio:                 50.02

  AO Fock construction
  wall time (sec):                 0.01
  cpu time (sec):                  0.22
  cpu/wall ratio:                 44.08

  SCF DIIS iteration time
  wall time (sec):                 0.02
  cpu time (sec):                  0.90
  cpu/wall ratio:                 52.86

  AO Fock construction
  wall time (sec):                 0.09
  cpu time (sec):                  4.72
  cpu/wall ratio:                 54.85

  SCF DIIS iteration time
  wall time (sec):                 0.11
  cpu time (sec):                  6.26
  cpu/wall ratio:                 54.46

  AO Fock construction
  wall time (sec):                 0.09
  cpu time (sec):                  4.66
  cpu/wall ratio:                 54.85

  SCF DIIS iteration time
  wall time (sec):                 0.11
  cpu time (sec):                  6.15
  cpu/wall ratio:                 54.43

  AO Fock construction
  wall time (sec):                 0.13
  cpu time (sec):                  6.90
  cpu/wall ratio:                 54.79

  SCF DIIS iteration time
  wall time (sec):                 0.15
  cpu time (sec):                  8.37
  cpu/wall ratio:                 54.33

  AO Fock construction
  wall time (sec):                 0.15
  cpu time (sec):                  8.36
  cpu/wall ratio:                 54.30

  SCF DIIS iteration time
  wall time (sec):                 0.22
  cpu time (sec):                 12.19
  cpu/wall ratio:                 54.16

  AO Fock construction
  wall time (sec):                 0.02
  cpu time (sec):                  1.32
  cpu/wall ratio:                 54.91

  SCF DIIS iteration time
  wall time (sec):                 0.05
  cpu time (sec):                  2.92
  cpu/wall ratio:                 54.03

  AO Fock construction
  wall time (sec):                 0.01
  cpu time (sec):                  0.68
  cpu/wall ratio:                 48.86

  SCF DIIS iteration time
  wall time (sec):                 0.05
  cpu time (sec):                  2.44
  cpu/wall ratio:                 51.91

  SCF DIIS iteration time
  wall time (sec):                 0.00
  cpu time (sec):                  0.00

  SCF DIIS solver time
  wall time (sec):                 0.77
  cpu time (sec):                 41.41
  cpu/wall ratio:                 53.99

  Hartree-Fock engine
  wall time (sec):                 1.15
  cpu time (sec):                 54.12
  cpu/wall ratio:                 47.06


  :: Total time
  ================

  Total time in eT
  wall time (sec):                 1.27
  cpu time (sec):                 56.22
  cpu/wall ratio:                 44.13
