
  Preparation of molecular system (Libint)
  wall time (sec):                 0.00
  cpu time (sec):                  0.00
  cpu/wall ratio:                  0.73

  Preparation of molecular system (total)
  wall time (sec):                 0.12
  cpu time (sec):                  1.37
  cpu/wall ratio:                 11.11

  Cholesky decomposition of AO overlap
  wall time (sec):                 0.14
  cpu time (sec):                  6.94
  cpu/wall ratio:                 48.85


  :: Hartree-Fock engine
  =========================


  1) Generate initial SAD density

  SAD generation time
  wall time (sec):                23.85
  cpu time (sec):               1113.91
  cpu/wall ratio:                 46.70


  2) Calculation of reference state (SCF-DIIS algorithm)

  AO Fock construction
  wall time (sec):                 0.20
  cpu time (sec):                  9.06
  cpu/wall ratio:                 45.10

  AO Fock construction
  wall time (sec):                 0.22
  cpu time (sec):                 10.20
  cpu/wall ratio:                 47.24

  AO Fock construction
  wall time (sec):                 0.20
  cpu time (sec):                  9.43
  cpu/wall ratio:                 47.60

  SCF DIIS iteration time
  wall time (sec):                 0.62
  cpu time (sec):                 29.10
  cpu/wall ratio:                 46.63

  AO Fock construction
  wall time (sec):                 0.22
  cpu time (sec):                 10.33
  cpu/wall ratio:                 47.83

  SCF DIIS iteration time
  wall time (sec):                 0.65
  cpu time (sec):                 30.13
  cpu/wall ratio:                 46.49

  AO Fock construction
  wall time (sec):                 0.22
  cpu time (sec):                 10.51
  cpu/wall ratio:                 47.56

  SCF DIIS iteration time
  wall time (sec):                 0.69
  cpu time (sec):                 31.87
  cpu/wall ratio:                 46.53

  AO Fock construction
  wall time (sec):                 0.22
  cpu time (sec):                 10.38
  cpu/wall ratio:                 46.96

  SCF DIIS iteration time
  wall time (sec):                 0.67
  cpu time (sec):                 31.12
  cpu/wall ratio:                 46.59

  AO Fock construction
  wall time (sec):                 0.22
  cpu time (sec):                 10.65
  cpu/wall ratio:                 47.55

  SCF DIIS iteration time
  wall time (sec):                 0.67
  cpu time (sec):                 31.25
  cpu/wall ratio:                 46.43

  AO Fock construction
  wall time (sec):                 0.22
  cpu time (sec):                 10.41
  cpu/wall ratio:                 48.17

  SCF DIIS iteration time
  wall time (sec):                 0.66
  cpu time (sec):                 30.92
  cpu/wall ratio:                 47.14

  AO Fock construction
  wall time (sec):                 0.22
  cpu time (sec):                 10.09
  cpu/wall ratio:                 46.71

  SCF DIIS iteration time
  wall time (sec):                 0.66
  cpu time (sec):                 30.24
  cpu/wall ratio:                 46.02

  AO Fock construction
  wall time (sec):                 0.21
  cpu time (sec):                 10.17
  cpu/wall ratio:                 47.99

  SCF DIIS iteration time
  wall time (sec):                 0.66
  cpu time (sec):                 31.07
  cpu/wall ratio:                 47.00

  SCF DIIS iteration time
  wall time (sec):                 0.00
  cpu time (sec):                  0.05
  cpu/wall ratio:                 49.47

  SCF DIIS solver time
  wall time (sec):                 6.32
  cpu time (sec):                293.72
  cpu/wall ratio:                 46.45

  Hartree-Fock engine
  wall time (sec):                30.17
  cpu time (sec):               1407.63
  cpu/wall ratio:                 46.65


  :: Total time
  ================

  Total time in eT
  wall time (sec):                30.58
  cpu time (sec):               1422.67
  cpu/wall ratio:                 46.52
