
  Preparation of molecular system (Libint)
  wall time (sec):                 0.00
  cpu time (sec):                  0.00
  cpu/wall ratio:                  1.42

  Preparation of molecular system (total)
  wall time (sec):                 0.14
  cpu time (sec):                  2.11
  cpu/wall ratio:                 15.28

  Cholesky decomposition of AO overlap
  wall time (sec):                 0.13
  cpu time (sec):                  6.38
  cpu/wall ratio:                 49.05


  :: Hartree-Fock engine
  =========================


  1) Generate initial SAD density

  SAD generation time
  wall time (sec):                23.79
  cpu time (sec):               1164.00
  cpu/wall ratio:                 48.93


  2) Calculation of reference state (SCF-DIIS algorithm)

  AO Fock construction
  wall time (sec):                 0.20
  cpu time (sec):                  8.88
  cpu/wall ratio:                 45.09

  AO Fock construction
  wall time (sec):                 0.22
  cpu time (sec):                 10.27
  cpu/wall ratio:                 46.69

  AO Fock construction
  wall time (sec):                 0.20
  cpu time (sec):                  9.80
  cpu/wall ratio:                 48.05

  SCF DIIS iteration time
  wall time (sec):                 0.64
  cpu time (sec):                 29.92
  cpu/wall ratio:                 46.75

  AO Fock construction
  wall time (sec):                 0.22
  cpu time (sec):                 10.37
  cpu/wall ratio:                 46.72

  SCF DIIS iteration time
  wall time (sec):                 0.66
  cpu time (sec):                 30.36
  cpu/wall ratio:                 46.21

  AO Fock construction
  wall time (sec):                 0.23
  cpu time (sec):                 10.66
  cpu/wall ratio:                 46.34

  SCF DIIS iteration time
  wall time (sec):                 0.67
  cpu time (sec):                 30.89
  cpu/wall ratio:                 46.25

  AO Fock construction
  wall time (sec):                 0.21
  cpu time (sec):                 10.04
  cpu/wall ratio:                 47.80

  SCF DIIS iteration time
  wall time (sec):                 0.65
  cpu time (sec):                 30.39
  cpu/wall ratio:                 46.76

  AO Fock construction
  wall time (sec):                 0.22
  cpu time (sec):                 10.34
  cpu/wall ratio:                 47.65

  SCF DIIS iteration time
  wall time (sec):                 0.65
  cpu time (sec):                 30.24
  cpu/wall ratio:                 46.44

  AO Fock construction
  wall time (sec):                 0.22
  cpu time (sec):                 10.34
  cpu/wall ratio:                 47.63

  SCF DIIS iteration time
  wall time (sec):                 0.66
  cpu time (sec):                 30.91
  cpu/wall ratio:                 46.55

  AO Fock construction
  wall time (sec):                 0.21
  cpu time (sec):                 10.31
  cpu/wall ratio:                 48.16

  SCF DIIS iteration time
  wall time (sec):                 0.65
  cpu time (sec):                 30.52
  cpu/wall ratio:                 47.32

  AO Fock construction
  wall time (sec):                 0.22
  cpu time (sec):                 10.47
  cpu/wall ratio:                 48.04

  SCF DIIS iteration time
  wall time (sec):                 0.66
  cpu time (sec):                 31.08
  cpu/wall ratio:                 47.09

  SCF DIIS iteration time
  wall time (sec):                 0.00
  cpu time (sec):                  0.05
  cpu/wall ratio:                 49.74

  SCF DIIS solver time
  wall time (sec):                 6.26
  cpu time (sec):                290.96
  cpu/wall ratio:                 46.48

  Hartree-Fock engine
  wall time (sec):                30.05
  cpu time (sec):               1454.96
  cpu/wall ratio:                 48.42


  :: Total time
  ================

  Total time in eT
  wall time (sec):                30.47
  cpu time (sec):               1470.57
  cpu/wall ratio:                 48.26
