
  Preparation of molecular system (Libint)
  wall time (sec):                 0.00
  cpu time (sec):                  0.00
  cpu/wall ratio:                  0.74

  Preparation of molecular system (total)
  wall time (sec):                 0.12
  cpu time (sec):                  1.39
  cpu/wall ratio:                 11.28

  Cholesky decomposition of AO overlap
  wall time (sec):                 0.14
  cpu time (sec):                  6.58
  cpu/wall ratio:                 47.70


  :: Hartree-Fock engine
  =========================


  1) Generate initial SAD density

  SAD generation time
  wall time (sec):                23.71
  cpu time (sec):               1124.56
  cpu/wall ratio:                 47.42


  2) Calculation of reference state (SCF-DIIS algorithm)

  AO Fock construction
  wall time (sec):                 0.20
  cpu time (sec):                  9.19
  cpu/wall ratio:                 45.72

  AO Fock construction
  wall time (sec):                 0.16
  cpu time (sec):                  7.41
  cpu/wall ratio:                 47.83

  AO Fock construction
  wall time (sec):                 0.20
  cpu time (sec):                  9.44
  cpu/wall ratio:                 47.93

  SCF DIIS iteration time
  wall time (sec):                 0.64
  cpu time (sec):                 29.96
  cpu/wall ratio:                 46.53

  AO Fock construction
  wall time (sec):                 0.23
  cpu time (sec):                 10.86
  cpu/wall ratio:                 47.64

  SCF DIIS iteration time
  wall time (sec):                 0.66
  cpu time (sec):                 30.79
  cpu/wall ratio:                 46.38

  AO Fock construction
  wall time (sec):                 0.23
  cpu time (sec):                 11.04
  cpu/wall ratio:                 47.79

  SCF DIIS iteration time
  wall time (sec):                 0.68
  cpu time (sec):                 31.92
  cpu/wall ratio:                 46.66

  AO Fock construction
  wall time (sec):                 0.22
  cpu time (sec):                 10.53
  cpu/wall ratio:                 47.22

  SCF DIIS iteration time
  wall time (sec):                 0.68
  cpu time (sec):                 31.79
  cpu/wall ratio:                 46.68

  AO Fock construction
  wall time (sec):                 0.22
  cpu time (sec):                 10.78
  cpu/wall ratio:                 48.11

  SCF DIIS iteration time
  wall time (sec):                 0.67
  cpu time (sec):                 31.25
  cpu/wall ratio:                 46.85

  AO Fock construction
  wall time (sec):                 0.24
  cpu time (sec):                 11.15
  cpu/wall ratio:                 46.66

  SCF DIIS iteration time
  wall time (sec):                 0.68
  cpu time (sec):                 31.62
  cpu/wall ratio:                 46.23

  AO Fock construction
  wall time (sec):                 0.21
  cpu time (sec):                 10.16
  cpu/wall ratio:                 48.13

  SCF DIIS iteration time
  wall time (sec):                 0.66
  cpu time (sec):                 30.78
  cpu/wall ratio:                 46.85

  AO Fock construction
  wall time (sec):                 0.21
  cpu time (sec):                  9.92
  cpu/wall ratio:                 47.22

  SCF DIIS iteration time
  wall time (sec):                 0.65
  cpu time (sec):                 30.31
  cpu/wall ratio:                 46.78

  SCF DIIS iteration time
  wall time (sec):                 0.00
  cpu time (sec):                  0.05
  cpu/wall ratio:                 50.12

  SCF DIIS solver time
  wall time (sec):                 6.33
  cpu time (sec):                293.92
  cpu/wall ratio:                 46.47

  Hartree-Fock engine
  wall time (sec):                30.04
  cpu time (sec):               1418.48
  cpu/wall ratio:                 47.22


  :: Total time
  ================

  Total time in eT
  wall time (sec):                30.47
  cpu time (sec):               1434.31
  cpu/wall ratio:                 47.08
