
  Preparation of molecular system (Libint)
  wall time (sec):                 0.00
  cpu time (sec):                  0.00
  cpu/wall ratio:                  1.41

  Preparation of molecular system (total)
  wall time (sec):                 0.12
  cpu time (sec):                  1.36
  cpu/wall ratio:                 11.22

  Cholesky decomposition of AO overlap
  wall time (sec):                 0.14
  cpu time (sec):                  7.00
  cpu/wall ratio:                 49.30


  :: Hartree-Fock engine
  =========================


  1) Generate initial SAD density

  SAD generation time
  wall time (sec):                23.76
  cpu time (sec):               1174.00
  cpu/wall ratio:                 49.42


  2) Calculation of reference state (SCF-DIIS algorithm)

  AO Fock construction
  wall time (sec):                 0.21
  cpu time (sec):                  9.70
  cpu/wall ratio:                 47.30

  AO Fock construction
  wall time (sec):                 0.21
  cpu time (sec):                 10.06
  cpu/wall ratio:                 47.01

  AO Fock construction
  wall time (sec):                 0.21
  cpu time (sec):                 10.07
  cpu/wall ratio:                 47.75

  SCF DIIS iteration time
  wall time (sec):                 0.64
  cpu time (sec):                 29.83
  cpu/wall ratio:                 46.76

  AO Fock construction
  wall time (sec):                 0.22
  cpu time (sec):                 10.27
  cpu/wall ratio:                 47.78

  SCF DIIS iteration time
  wall time (sec):                 0.65
  cpu time (sec):                 30.41
  cpu/wall ratio:                 46.85

  AO Fock construction
  wall time (sec):                 0.21
  cpu time (sec):                 10.17
  cpu/wall ratio:                 48.18

  SCF DIIS iteration time
  wall time (sec):                 0.65
  cpu time (sec):                 30.30
  cpu/wall ratio:                 46.98

  AO Fock construction
  wall time (sec):                 0.23
  cpu time (sec):                 11.14
  cpu/wall ratio:                 47.62

  SCF DIIS iteration time
  wall time (sec):                 0.68
  cpu time (sec):                 32.05
  cpu/wall ratio:                 46.99

  AO Fock construction
  wall time (sec):                 0.21
  cpu time (sec):                 10.27
  cpu/wall ratio:                 47.99

  SCF DIIS iteration time
  wall time (sec):                 0.66
  cpu time (sec):                 30.96
  cpu/wall ratio:                 46.98

  AO Fock construction
  wall time (sec):                 0.21
  cpu time (sec):                 10.27
  cpu/wall ratio:                 48.69

  SCF DIIS iteration time
  wall time (sec):                 0.65
  cpu time (sec):                 30.73
  cpu/wall ratio:                 47.06

  AO Fock construction
  wall time (sec):                 0.22
  cpu time (sec):                 10.55
  cpu/wall ratio:                 47.76

  SCF DIIS iteration time
  wall time (sec):                 0.67
  cpu time (sec):                 31.21
  cpu/wall ratio:                 46.86

  AO Fock construction
  wall time (sec):                 0.22
  cpu time (sec):                 10.36
  cpu/wall ratio:                 47.95

  SCF DIIS iteration time
  wall time (sec):                 0.66
  cpu time (sec):                 30.79
  cpu/wall ratio:                 47.01

  SCF DIIS iteration time
  wall time (sec):                 0.01
  cpu time (sec):                  0.68
  cpu/wall ratio:                 48.55

  SCF DIIS solver time
  wall time (sec):                 6.28
  cpu time (sec):                294.50
  cpu/wall ratio:                 46.86

  Hartree-Fock engine
  wall time (sec):                30.04
  cpu time (sec):               1468.50
  cpu/wall ratio:                 48.88


  :: Total time
  ================

  Total time in eT
  wall time (sec):                30.47
  cpu time (sec):               1484.24
  cpu/wall ratio:                 48.72
