
  Preparation of molecular system (Libint)
  wall time (sec):                 0.00
  cpu time (sec):                  0.00
  cpu/wall ratio:                  1.42

  Preparation of molecular system (total)
  wall time (sec):                 0.12
  cpu time (sec):                  1.34
  cpu/wall ratio:                 10.91

  Cholesky decomposition of AO overlap
  wall time (sec):                 0.14
  cpu time (sec):                  6.75
  cpu/wall ratio:                 48.56


  :: Hartree-Fock engine
  =========================


  1) Generate initial SAD density

  SAD generation time
  wall time (sec):                23.82
  cpu time (sec):               1101.58
  cpu/wall ratio:                 46.25


  2) Calculation of reference state (SCF-DIIS algorithm)

  AO Fock construction
  wall time (sec):                 0.21
  cpu time (sec):                  9.70
  cpu/wall ratio:                 45.32

  AO Fock construction
  wall time (sec):                 0.23
  cpu time (sec):                 10.43
  cpu/wall ratio:                 45.34

  AO Fock construction
  wall time (sec):                 0.20
  cpu time (sec):                  9.51
  cpu/wall ratio:                 48.29

  SCF DIIS iteration time
  wall time (sec):                 0.62
  cpu time (sec):                 29.14
  cpu/wall ratio:                 46.93

  AO Fock construction
  wall time (sec):                 0.22
  cpu time (sec):                 10.54
  cpu/wall ratio:                 47.46

  SCF DIIS iteration time
  wall time (sec):                 0.67
  cpu time (sec):                 31.14
  cpu/wall ratio:                 46.68

  AO Fock construction
  wall time (sec):                 0.24
  cpu time (sec):                 11.29
  cpu/wall ratio:                 47.46

  SCF DIIS iteration time
  wall time (sec):                 0.70
  cpu time (sec):                 32.51
  cpu/wall ratio:                 46.18

  AO Fock construction
  wall time (sec):                 0.22
  cpu time (sec):                 10.64
  cpu/wall ratio:                 47.52

  SCF DIIS iteration time
  wall time (sec):                 0.66
  cpu time (sec):                 30.93
  cpu/wall ratio:                 46.72

  AO Fock construction
  wall time (sec):                 0.21
  cpu time (sec):                 10.05
  cpu/wall ratio:                 47.41

  SCF DIIS iteration time
  wall time (sec):                 0.66
  cpu time (sec):                 30.51
  cpu/wall ratio:                 46.43

  AO Fock construction
  wall time (sec):                 0.23
  cpu time (sec):                 11.14
  cpu/wall ratio:                 47.62

  SCF DIIS iteration time
  wall time (sec):                 0.69
  cpu time (sec):                 32.21
  cpu/wall ratio:                 46.95

  AO Fock construction
  wall time (sec):                 0.22
  cpu time (sec):                 10.51
  cpu/wall ratio:                 47.97

  SCF DIIS iteration time
  wall time (sec):                 0.66
  cpu time (sec):                 31.00
  cpu/wall ratio:                 47.12

  AO Fock construction
  wall time (sec):                 0.22
  cpu time (sec):                 10.73
  cpu/wall ratio:                 48.13

  SCF DIIS iteration time
  wall time (sec):                 0.67
  cpu time (sec):                 31.27
  cpu/wall ratio:                 46.96

  SCF DIIS iteration time
  wall time (sec):                 0.00
  cpu time (sec):                  0.00

  SCF DIIS solver time
  wall time (sec):                 6.38
  cpu time (sec):                296.75
  cpu/wall ratio:                 46.51

  Hartree-Fock engine
  wall time (sec):                30.20
  cpu time (sec):               1398.38
  cpu/wall ratio:                 46.30


  :: Total time
  ================

  Total time in eT
  wall time (sec):                30.64
  cpu time (sec):               1414.52
  cpu/wall ratio:                 46.16
