


                     eT - an electronic structure program

  ------------------------------------------------------------------------
   Author list in alphabetical order:
  ------------------------------------------------------------------------
   J. H. Andersen, A. Balbi, S. Coriani, S. D. Folkestad, T. Giovannini, 
   L. Goletto, T. S. Haugland, A. Hutcheson, I-M. Høyvik, E. F. Kjønstad, 
   H. Koch, T. Moitra, R. H. Myhre, A. C. Paul, M. Scavino, A. Skeidsvoll, 
   Å. H. Tveten
  ------------------------------------------------------------------------


  :: Input file
  ================

     Note: geometry section is excluded from this print

     system
        name: methanol scan 3.75
        charge: 0
     end system

     do
       ground state
     end do

     memory
        available: 8
     end memory

     solver scf
        algorithm: scf-diis
     end solver scf

     molecular mechanics
        forcefield: non-polarizable
     end molecular mechanics

     method
        hf
     end method


  Running on 56 OMP thread(s)
  Memory available for calculation: 8.000000 GB


  :: Molecular system specifications (QM)
  ==========================================

     Name:             methanol scan 3.75
     Charge:           0
     Multiplicity:     1
     Coordinate units: angstrom

     Pure basis functions:         72
     Cartesian basis functions:    74
     Primitive basis functions:   108

     Nuclear repulsion energy (a.u.):             40.346784236152
     Bohr/angstrom value (CODATA 2010):            0.529177210920

     ==============================================================================
                                     Geometry (angstrom)
     ==============================================================================
        Atom           X                  Y                  Z         # in input
     ==============================================================================
        Basis: 6-311++g**
        1 C      0.997897000000     0.986064000000    -0.008014000000        1
        2 O     -0.422019000000     0.999211000000    -0.000572000000        2
        3 H      1.399338000000     0.999753000000    -1.024504000000        3
        4 H      1.399296000000     0.119782000000     0.523986000000        4
        5 H      1.322862000000     1.888586000000     0.504866000000        5
        6 H     -0.732374000000     0.211603000000    -0.448762000000        6
     ==============================================================================

     ==============================================================================
                                     Geometry (a.u.)
     ==============================================================================
        Atom           X                  Y                  Z         # in input
     ==============================================================================
        Basis: 6-311++g**
        1 C      1.885752030525     1.863390901293    -0.015144265162        1
        2 O     -0.797500329363     1.888235130653    -0.001080923343        2
        3 H      2.644365575697     1.889259362212    -1.936031973521        3
        4 H      2.644286207199     0.226355174653     0.990190033106        4
        5 H      2.499846880594     3.568910302688     0.954058469605        5
        6 H     -1.383986280752     0.399871717136    -0.848037275112        6
     ==============================================================================


  :: Molecular system specifications (MM)
  ==========================================

     Force Field:  non-polarizable

     Number of MM atoms:                   2
     Number of MM molecules:               1

    ====================================================================
                        MM Geometry (Å) and Parameters
    ====================================================================
    Atom    Mol             X          Y          Z            Charge
    ====================================================================
      H       1         2.776683   1.046720  -4.512084        1.000000
      H       1         3.143975   1.059244  -5.442105       -1.000000
    ====================================================================


  :: RHF wavefunction
  ======================

  This is a QM/MM calculation

     Electrostatic Embedding:

     Each atom of the MM portion is endowed with a charge which value 
     is a fixed external parameter.

     The QM/MM electrostatic interaction energy is defined as:

        E^ele_QM/MM = sum_i q_i * V_i(P)

     where V_i(P) is the electrostatic potential due to the QM density 
     calculated at the position of the i-th charge q_i.

     For further details, see:
     Senn & Thiel, Angew. Chem. Int. Ed., 2009, 48, 1198−1229


  - Cholesky decomposition of AO overlap to get linearly independent orbitals:

  - Orbital details:

     Number of occupied orbitals:         9
     Number of virtual orbitals:         63
     Number of molecular orbitals:       72
     Number of atomic orbitals:          72


  :: Hartree-Fock engine
  =========================

  Drives the calculation of the Hartree-Fock state.

  This is a RHF ground state calculation.
  The following tasks will be performed:

     1) Generate initial SAD density
     2) Calculation of reference state (SCF-DIIS algorithm)


  1) Generate initial SAD density


  2) Calculation of reference state (SCF-DIIS algorithm)

   - Self-consistent field DIIS Hartree-Fock solver
  ----------------------------------------------------

  A DIIS-accelerated Roothan-Hall self-consistent field solver. A least-square 
  DIIS fit is performed on the previous Fock matrices and associated gradients. 
  Following the Roothan-Hall update of the density, the DIIS-fitted Fock 
  matrix is used to get the next orbital coefficients.

  - Hartree-Fock solver settings:

     DIIS dimension:                         8
     Cumulative Fock threshold:       0.10E+01

     Energy threshold:              0.1000E-05
     Gradient threshold:            0.1000E-05

     Coulomb screening threshold:   0.1000E-11
     Exchange screening threshold:  0.1000E-09
     Fock precision:                0.1000E-23
     Integral cutoff:               0.1000E-11

  - Setting initial AO density to SAD

     Energy of initial guess:              -115.818422063254
     Number of electrons in guess:           18.000000000000

  Iteration       Energy (a.u.)      Max(grad.)    Delta E (a.u.)
  ---------------------------------------------------------------
     1          -115.557056032180     0.8352E-01     0.1156E+03
     2          -115.593314505848     0.6839E-01     0.3626E-01
     3          -115.607342359127     0.7971E-02     0.1403E-01
     4          -115.607882178312     0.6563E-03     0.5398E-03
     5          -115.607895961797     0.2363E-03     0.1378E-04
     6          -115.607896961079     0.6606E-04     0.9993E-06
     7          -115.607897042963     0.1667E-04     0.8188E-07
     8          -115.607897050086     0.4500E-05     0.7123E-08
     9          -115.607897050324     0.6867E-06     0.2379E-09
  ---------------------------------------------------------------
  Convergence criterion met in 9 iterations!

  - Summary of RHF wavefunction energetics (a.u.):

     HOMO-LUMO gap:                  0.472398554736
     Nuclear repulsion energy:      40.120017413688
     Electronic energy:           -155.727914464011
     Total energy:                -115.607897050324

  - Summary of QM/MM energetics:
                                         a.u.             eV     kcal/mol
     QM/MM SCF Contribution:        -0.301542929711
     QM/MM Electrostatic Energy:     0.000867637533     0.02361     0.544

  - Molecular orbital energies

  -----------------------------------------------------------------------------------
   1 -20.573969551085  19   0.269528125248  37   1.274778373687  55   2.767725166178
   2 -11.292974891911  20   0.275805155962  38   1.359101673953  56   2.830774649112
   3  -1.376146482591  21   0.283379124463  39   1.431455997063  57   2.833224334235
   4  -0.946734970852  22   0.294417014262  40   1.606447615976  58   2.971634039744
   5  -0.710264494923  23   0.316243907180  41   1.663398285220  59   3.182658049331
   6  -0.640415109335  24   0.332587966382  42   1.690871067453  60   3.329841540730
   7  -0.611569813439  25   0.378491630952  43   1.775128392043  61   3.451026100066
   8  -0.521916197927  26   0.461751859915  44   1.784422428911  62   3.581496791674
   9  -0.469441252073  27   0.545751660297  45   1.795580366371  63   3.668529947944
  10   0.002957302663  28   0.558723679130  46   1.939821155733  64   4.117855825793
  11   0.043978510231  29   0.697553151329  47   1.948964788087  65   4.168187995893
  12   0.053302054021  30   0.757198588489  48   2.062165583327  66   4.312890705261
  13   0.068683820290  31   0.822984917711  49   2.279269102574  67   4.427005318081
  14   0.111948014038  32   0.834713796037  50   2.326508996449  68   5.550904897077
  15   0.127684120373  33   0.857497629882  51   2.399376514436  69   5.898967333140
  16   0.141737540379  34   1.048941866377  52   2.499613588005  70   6.201509635056
  17   0.166020708411  35   1.173251020095  53   2.694418317097  71  25.051844969770
  18   0.265291915703  36   1.217056845296  54   2.736822492302  72  51.584536414025
  -----------------------------------------------------------------------------------

  - Timings for the RHF ground state calculation

     Total wall time (sec):             29.95700
     Total cpu time (sec):            1474.05903

  eT terminated successfully!
