


                     eT - an electronic structure program

  ------------------------------------------------------------------------
   Author list in alphabetical order:
  ------------------------------------------------------------------------
   J. H. Andersen, A. Balbi, S. Coriani, S. D. Folkestad, T. Giovannini, 
   L. Goletto, T. S. Haugland, A. Hutcheson, I-M. Høyvik, E. F. Kjønstad, 
   H. Koch, T. Moitra, R. H. Myhre, A. C. Paul, M. Scavino, A. Skeidsvoll, 
   Å. H. Tveten
  ------------------------------------------------------------------------


  :: Input file
  ================

     Note: geometry section is excluded from this print

     system
        name: methanol scan 3.50
        charge: 0
     end system

     do
       ground state
     end do

     memory
        available: 8
     end memory

     solver scf
        algorithm: scf-diis
     end solver scf

     molecular mechanics
        forcefield: non-polarizable
     end molecular mechanics

     method
        hf
     end method


  Running on 56 OMP thread(s)
  Memory available for calculation: 8.000000 GB


  :: Molecular system specifications (QM)
  ==========================================

     Name:             methanol scan 3.50
     Charge:           0
     Multiplicity:     1
     Coordinate units: angstrom

     Pure basis functions:         72
     Cartesian basis functions:    74
     Primitive basis functions:   108

     Nuclear repulsion energy (a.u.):             40.346784236152
     Bohr/angstrom value (CODATA 2010):            0.529177210920

     ==============================================================================
                                     Geometry (angstrom)
     ==============================================================================
        Atom           X                  Y                  Z         # in input
     ==============================================================================
        Basis: 6-311++g**
        1 C      0.997897000000     0.986064000000    -0.008014000000        1
        2 O     -0.422019000000     0.999211000000    -0.000572000000        2
        3 H      1.399338000000     0.999753000000    -1.024504000000        3
        4 H      1.399296000000     0.119782000000     0.523986000000        4
        5 H      1.322862000000     1.888586000000     0.504866000000        5
        6 H     -0.732374000000     0.211603000000    -0.448762000000        6
     ==============================================================================

     ==============================================================================
                                     Geometry (a.u.)
     ==============================================================================
        Atom           X                  Y                  Z         # in input
     ==============================================================================
        Basis: 6-311++g**
        1 C      1.885752030525     1.863390901293    -0.015144265162        1
        2 O     -0.797500329363     1.888235130653    -0.001080923343        2
        3 H      2.644365575697     1.889259362212    -1.936031973521        3
        4 H      2.644286207199     0.226355174653     0.990190033106        4
        5 H      2.499846880594     3.568910302688     0.954058469605        5
        6 H     -1.383986280752     0.399871717136    -0.848037275112        6
     ==============================================================================


  :: Molecular system specifications (MM)
  ==========================================

     Force Field:  non-polarizable

     Number of MM atoms:                   2
     Number of MM molecules:               1

    ====================================================================
                        MM Geometry (Å) and Parameters
    ====================================================================
    Atom    Mol             X          Y          Z            Charge
    ====================================================================
      H       1         2.684860   1.043589  -4.279579        1.000000
      H       1         3.052152   1.056113  -5.209600       -1.000000
    ====================================================================


  :: RHF wavefunction
  ======================

  This is a QM/MM calculation

     Electrostatic Embedding:

     Each atom of the MM portion is endowed with a charge which value 
     is a fixed external parameter.

     The QM/MM electrostatic interaction energy is defined as:

        E^ele_QM/MM = sum_i q_i * V_i(P)

     where V_i(P) is the electrostatic potential due to the QM density 
     calculated at the position of the i-th charge q_i.

     For further details, see:
     Senn & Thiel, Angew. Chem. Int. Ed., 2009, 48, 1198−1229


  - Cholesky decomposition of AO overlap to get linearly independent orbitals:

  - Orbital details:

     Number of occupied orbitals:         9
     Number of virtual orbitals:         63
     Number of molecular orbitals:       72
     Number of atomic orbitals:          72


  :: Hartree-Fock engine
  =========================

  Drives the calculation of the Hartree-Fock state.

  This is a RHF ground state calculation.
  The following tasks will be performed:

     1) Generate initial SAD density
     2) Calculation of reference state (SCF-DIIS algorithm)


  1) Generate initial SAD density


  2) Calculation of reference state (SCF-DIIS algorithm)

   - Self-consistent field DIIS Hartree-Fock solver
  ----------------------------------------------------

  A DIIS-accelerated Roothan-Hall self-consistent field solver. A least-square 
  DIIS fit is performed on the previous Fock matrices and associated gradients. 
  Following the Roothan-Hall update of the density, the DIIS-fitted Fock 
  matrix is used to get the next orbital coefficients.

  - Hartree-Fock solver settings:

     DIIS dimension:                         8
     Cumulative Fock threshold:       0.10E+01

     Energy threshold:              0.1000E-05
     Gradient threshold:            0.1000E-05

     Coulomb screening threshold:   0.1000E-11
     Exchange screening threshold:  0.1000E-09
     Fock precision:                0.1000E-23
     Integral cutoff:               0.1000E-11

  - Setting initial AO density to SAD

     Energy of initial guess:              -115.818420272486
     Number of electrons in guess:           18.000000000000

  Iteration       Energy (a.u.)      Max(grad.)    Delta E (a.u.)
  ---------------------------------------------------------------
     1          -115.557011211602     0.8339E-01     0.1156E+03
     2          -115.593228025762     0.6831E-01     0.3622E-01
     3          -115.607223292380     0.7993E-02     0.1400E-01
     4          -115.607763604213     0.6564E-03     0.5403E-03
     5          -115.607777404016     0.2386E-03     0.1380E-04
     6          -115.607778407519     0.6708E-04     0.1004E-05
     7          -115.607778489881     0.1690E-04     0.8236E-07
     8          -115.607778497023     0.4555E-05     0.7142E-08
     9          -115.607778497260     0.6969E-06     0.2377E-09
  ---------------------------------------------------------------
  Convergence criterion met in 9 iterations!

  - Summary of RHF wavefunction energetics (a.u.):

     HOMO-LUMO gap:                  0.471550000256
     Nuclear repulsion energy:      40.148935522064
     Electronic energy:           -155.756714019325
     Total energy:                -115.607778497260

  - Summary of QM/MM energetics:
                                         a.u.             eV     kcal/mol
     QM/MM SCF Contribution:        -0.330418456649
     QM/MM Electrostatic Energy:     0.000910218971     0.02477     0.571

  - Molecular orbital energies

  -----------------------------------------------------------------------------------
   1 -20.575520527005  19   0.266993180737  37   1.273473334367  55   2.765422574856
   2 -11.295111295305  20   0.274745392137  38   1.357512936008  56   2.828736672031
   3  -1.377722042987  21   0.282223674321  39   1.429888489915  57   2.831170769817
   4  -0.948668828009  22   0.293118383835  40   1.604961482623  58   2.969940354956
   5  -0.711988730986  23   0.315158240233  41   1.661762049604  59   3.180609074198
   6  -0.642381281356  24   0.330884183547  42   1.688698984896  60   3.328024474891
   7  -0.613246247647  25   0.377135472486  43   1.773421657543  61   3.449451985628
   8  -0.523659324804  26   0.460548616286  44   1.782301085791  62   3.579915653069
   9  -0.471198791525  27   0.543998021288  45   1.793742836785  63   3.666919238662
  10   0.000351208732  28   0.556868935963  46   1.937671866476  64   4.116078889267
  11   0.043106949786  29   0.696265186254  47   1.947147456191  65   4.166020990849
  12   0.052656797293  30   0.755442352258  48   2.060372360556  66   4.311198910738
  13   0.068065507504  31   0.820652756973  49   2.277352736613  67   4.425383936007
  14   0.110855238602  32   0.832893540505  50   2.324728651247  68   5.549397848275
  15   0.126473489723  33   0.855689994961  51   2.397342090928  69   5.897440982154
  16   0.141609673781  34   1.046999062793  52   2.497798206732  70   6.199958350466
  17   0.165201331848  35   1.171600790511  53   2.692713151811  71  25.049714627124
  18   0.264011032489  36   1.215188574690  54   2.734572820801  72  51.582986935601
  -----------------------------------------------------------------------------------

  - Timings for the RHF ground state calculation

     Total wall time (sec):             30.03900
     Total cpu time (sec):            1418.48211

  eT terminated successfully!
