
  Preparation of molecular system (Libint)
  wall time (sec):                 0.00
  cpu time (sec):                  0.00
  cpu/wall ratio:                  1.42

  Preparation of molecular system (total)
  wall time (sec):                 0.12
  cpu time (sec):                  1.37
  cpu/wall ratio:                 11.21

  Cholesky decomposition of AO overlap
  wall time (sec):                 0.13
  cpu time (sec):                  6.49
  cpu/wall ratio:                 49.54


  :: Hartree-Fock engine
  =========================


  1) Generate initial SAD density

  SAD generation time
  wall time (sec):                23.82
  cpu time (sec):               1115.70
  cpu/wall ratio:                 46.84


  2) Calculation of reference state (SCF-DIIS algorithm)

  AO Fock construction
  wall time (sec):                 0.19
  cpu time (sec):                  8.98
  cpu/wall ratio:                 46.51

  AO Fock construction
  wall time (sec):                 0.23
  cpu time (sec):                 10.22
  cpu/wall ratio:                 45.42

  AO Fock construction
  wall time (sec):                 0.20
  cpu time (sec):                  9.89
  cpu/wall ratio:                 48.23

  SCF DIIS iteration time
  wall time (sec):                 0.62
  cpu time (sec):                 29.15
  cpu/wall ratio:                 47.25

  AO Fock construction
  wall time (sec):                 0.23
  cpu time (sec):                 10.77
  cpu/wall ratio:                 47.45

  SCF DIIS iteration time
  wall time (sec):                 0.66
  cpu time (sec):                 30.49
  cpu/wall ratio:                 46.55

  AO Fock construction
  wall time (sec):                 0.22
  cpu time (sec):                 10.44
  cpu/wall ratio:                 47.46

  SCF DIIS iteration time
  wall time (sec):                 0.67
  cpu time (sec):                 31.22
  cpu/wall ratio:                 46.88

  AO Fock construction
  wall time (sec):                 0.22
  cpu time (sec):                 10.28
  cpu/wall ratio:                 47.39

  SCF DIIS iteration time
  wall time (sec):                 0.67
  cpu time (sec):                 31.22
  cpu/wall ratio:                 46.87

  AO Fock construction
  wall time (sec):                 0.23
  cpu time (sec):                 10.77
  cpu/wall ratio:                 47.85

  SCF DIIS iteration time
  wall time (sec):                 0.67
  cpu time (sec):                 31.56
  cpu/wall ratio:                 46.89

  AO Fock construction
  wall time (sec):                 0.21
  cpu time (sec):                 10.20
  cpu/wall ratio:                 47.45

  SCF DIIS iteration time
  wall time (sec):                 0.68
  cpu time (sec):                 31.75
  cpu/wall ratio:                 47.04

  AO Fock construction
  wall time (sec):                 0.21
  cpu time (sec):                 10.19
  cpu/wall ratio:                 48.31

  SCF DIIS iteration time
  wall time (sec):                 0.65
  cpu time (sec):                 30.86
  cpu/wall ratio:                 47.48

  AO Fock construction
  wall time (sec):                 0.23
  cpu time (sec):                 10.83
  cpu/wall ratio:                 47.50

  SCF DIIS iteration time
  wall time (sec):                 0.68
  cpu time (sec):                 31.78
  cpu/wall ratio:                 46.80

  SCF DIIS iteration time
  wall time (sec):                 0.00
  cpu time (sec):                  0.05
  cpu/wall ratio:                 50.18

  SCF DIIS solver time
  wall time (sec):                 6.35
  cpu time (sec):                296.76
  cpu/wall ratio:                 46.76

  Hartree-Fock engine
  wall time (sec):                30.16
  cpu time (sec):               1412.47
  cpu/wall ratio:                 46.83


  :: Total time
  ================

  Total time in eT
  wall time (sec):                30.58
  cpu time (sec):               1427.76
  cpu/wall ratio:                 46.69
