
  Preparation of molecular system (Libint)
  wall time (sec):                 0.00
  cpu time (sec):                  0.00
  cpu/wall ratio:                  0.72

  Preparation of molecular system (total)
  wall time (sec):                 0.15
  cpu time (sec):                  1.33
  cpu/wall ratio:                  8.65

  Cholesky decomposition of AO overlap
  wall time (sec):                 0.13
  cpu time (sec):                  6.31
  cpu/wall ratio:                 48.56


  :: Hartree-Fock engine
  =========================


  1) Generate initial SAD density

  SAD generation time
  wall time (sec):                24.24
  cpu time (sec):               1117.75
  cpu/wall ratio:                 46.11


  2) Calculation of reference state (SCF-DIIS algorithm)

  AO Fock construction
  wall time (sec):                 0.22
  cpu time (sec):                  9.71
  cpu/wall ratio:                 44.54

  AO Fock construction
  wall time (sec):                 0.22
  cpu time (sec):                 10.11
  cpu/wall ratio:                 46.38

  AO Fock construction
  wall time (sec):                 0.21
  cpu time (sec):                 10.33
  cpu/wall ratio:                 48.28

  SCF DIIS iteration time
  wall time (sec):                 0.65
  cpu time (sec):                 30.49
  cpu/wall ratio:                 46.90

  AO Fock construction
  wall time (sec):                 0.23
  cpu time (sec):                 10.80
  cpu/wall ratio:                 47.99

  SCF DIIS iteration time
  wall time (sec):                 0.66
  cpu time (sec):                 30.95
  cpu/wall ratio:                 47.11

  AO Fock construction
  wall time (sec):                 0.21
  cpu time (sec):                 10.35
  cpu/wall ratio:                 48.12

  SCF DIIS iteration time
  wall time (sec):                 0.67
  cpu time (sec):                 31.40
  cpu/wall ratio:                 46.80

  AO Fock construction
  wall time (sec):                 0.23
  cpu time (sec):                 10.93
  cpu/wall ratio:                 47.72

  SCF DIIS iteration time
  wall time (sec):                 0.66
  cpu time (sec):                 31.10
  cpu/wall ratio:                 46.98

  AO Fock construction
  wall time (sec):                 0.22
  cpu time (sec):                 10.31
  cpu/wall ratio:                 47.28

  SCF DIIS iteration time
  wall time (sec):                 0.66
  cpu time (sec):                 30.77
  cpu/wall ratio:                 46.91

  AO Fock construction
  wall time (sec):                 0.23
  cpu time (sec):                 10.65
  cpu/wall ratio:                 47.33

  SCF DIIS iteration time
  wall time (sec):                 0.65
  cpu time (sec):                 30.75
  cpu/wall ratio:                 47.02

  AO Fock construction
  wall time (sec):                 0.21
  cpu time (sec):                 10.08
  cpu/wall ratio:                 47.34

  SCF DIIS iteration time
  wall time (sec):                 0.64
  cpu time (sec):                 30.07
  cpu/wall ratio:                 46.99

  AO Fock construction
  wall time (sec):                 0.21
  cpu time (sec):                  9.94
  cpu/wall ratio:                 47.33

  SCF DIIS iteration time
  wall time (sec):                 0.65
  cpu time (sec):                 30.40
  cpu/wall ratio:                 46.99

  SCF DIIS iteration time
  wall time (sec):                 0.00
  cpu time (sec):                  0.05
  cpu/wall ratio:                 48.67

  SCF DIIS solver time
  wall time (sec):                 6.31
  cpu time (sec):                294.50
  cpu/wall ratio:                 46.71

  Hartree-Fock engine
  wall time (sec):                30.55
  cpu time (sec):               1412.26
  cpu/wall ratio:                 46.23


  :: Total time
  ================

  Total time in eT
  wall time (sec):                30.99
  cpu time (sec):               1427.11
  cpu/wall ratio:                 46.05
