
  Preparation of molecular system (Libint)
  wall time (sec):                 0.00
  cpu time (sec):                  0.00
  cpu/wall ratio:                  1.51

  Preparation of molecular system (total)
  wall time (sec):                 0.10
  cpu time (sec):                  1.04
  cpu/wall ratio:                 10.09

  Cholesky decomposition of AO overlap
  wall time (sec):                 0.00
  cpu time (sec):                  0.21
  cpu/wall ratio:                 53.51


  :: Hartree-Fock engine
  =========================


  1) Generate initial SAD density

  SAD generation time
  wall time (sec):                 0.45
  cpu time (sec):                 19.37
  cpu/wall ratio:                 42.66


  2) Calculation of reference state (SCF-DIIS algorithm)

  AO Fock construction
  wall time (sec):                 0.09
  cpu time (sec):                  4.93
  cpu/wall ratio:                 52.96

  AO Fock construction
  wall time (sec):                 0.13
  cpu time (sec):                  6.74
  cpu/wall ratio:                 53.52

  AO Fock construction
  wall time (sec):                 0.10
  cpu time (sec):                  5.11
  cpu/wall ratio:                 52.70

  SCF DIIS iteration time
  wall time (sec):                 0.22
  cpu time (sec):                 10.59
  cpu/wall ratio:                 48.81

  AO Fock construction
  wall time (sec):                 0.07
  cpu time (sec):                  3.68
  cpu/wall ratio:                 51.09

  SCF DIIS iteration time
  wall time (sec):                 0.35
  cpu time (sec):                 18.04
  cpu/wall ratio:                 50.82

  AO Fock construction
  wall time (sec):                 0.07
  cpu time (sec):                  3.56
  cpu/wall ratio:                 52.38

  SCF DIIS iteration time
  wall time (sec):                 0.36
  cpu time (sec):                 18.47
  cpu/wall ratio:                 51.16

  AO Fock construction
  wall time (sec):                 0.11
  cpu time (sec):                  6.03
  cpu/wall ratio:                 53.36

  SCF DIIS iteration time
  wall time (sec):                 0.36
  cpu time (sec):                 18.16
  cpu/wall ratio:                 51.01

  AO Fock construction
  wall time (sec):                 0.12
  cpu time (sec):                  6.57
  cpu/wall ratio:                 53.40

  SCF DIIS iteration time
  wall time (sec):                 0.31
  cpu time (sec):                 16.08
  cpu/wall ratio:                 51.22

  AO Fock construction
  wall time (sec):                 0.06
  cpu time (sec):                  2.94
  cpu/wall ratio:                 51.59

  SCF DIIS iteration time
  wall time (sec):                 0.26
  cpu time (sec):                 13.05
  cpu/wall ratio:                 50.57

  AO Fock construction
  wall time (sec):                 0.10
  cpu time (sec):                  5.16
  cpu/wall ratio:                 53.16

  SCF DIIS iteration time
  wall time (sec):                 0.45
  cpu time (sec):                 23.82
  cpu/wall ratio:                 52.59

  AO Fock construction
  wall time (sec):                 0.05
  cpu time (sec):                  2.47
  cpu/wall ratio:                 51.46

  SCF DIIS iteration time
  wall time (sec):                 0.11
  cpu time (sec):                  5.05
  cpu/wall ratio:                 45.51

  AO Fock construction
  wall time (sec):                 0.05
  cpu time (sec):                  2.51
  cpu/wall ratio:                 51.31

  SCF DIIS iteration time
  wall time (sec):                 0.19
  cpu time (sec):                  9.20
  cpu/wall ratio:                 49.49

  SCF DIIS iteration time
  wall time (sec):                 0.00
  cpu time (sec):                  0.06
  cpu/wall ratio:                 55.91

  SCF DIIS solver time
  wall time (sec):                 3.14
  cpu time (sec):                159.29
  cpu/wall ratio:                 50.75

  Hartree-Fock engine
  wall time (sec):                 3.59
  cpu time (sec):                178.66
  cpu/wall ratio:                 49.71


  :: Total time
  ================

  Total time in eT
  wall time (sec):                 3.72
  cpu time (sec):                180.83
  cpu/wall ratio:                 48.62
