
  Preparation of molecular system (Libint)
  wall time (sec):                 0.00
  cpu time (sec):                  0.00
  cpu/wall ratio:                  1.62

  Preparation of molecular system (total)
  wall time (sec):                 0.15
  cpu time (sec):                  2.42
  cpu/wall ratio:                 16.04

  Cholesky decomposition of AO overlap
  wall time (sec):                 0.00
  cpu time (sec):                  0.21
  cpu/wall ratio:                 52.08


  :: Hartree-Fock engine
  =========================


  1) Generate initial SAD density

  SAD generation time
  wall time (sec):                 0.39
  cpu time (sec):                 14.64
  cpu/wall ratio:                 37.34


  2) Calculation of reference state (SCF-DIIS algorithm)

  AO Fock construction
  wall time (sec):                 0.02
  cpu time (sec):                  1.20
  cpu/wall ratio:                 49.90

  AO Fock construction
  wall time (sec):                 0.08
  cpu time (sec):                  4.30
  cpu/wall ratio:                 53.11

  AO Fock construction
  wall time (sec):                 0.10
  cpu time (sec):                  5.38
  cpu/wall ratio:                 52.77

  SCF DIIS iteration time
  wall time (sec):                 0.37
  cpu time (sec):                 19.15
  cpu/wall ratio:                 51.47

  AO Fock construction
  wall time (sec):                 0.17
  cpu time (sec):                  9.15
  cpu/wall ratio:                 53.84

  SCF DIIS iteration time
  wall time (sec):                 0.55
  cpu time (sec):                 29.05
  cpu/wall ratio:                 52.34

  AO Fock construction
  wall time (sec):                 0.07
  cpu time (sec):                  3.57
  cpu/wall ratio:                 51.76

  SCF DIIS iteration time
  wall time (sec):                 0.21
  cpu time (sec):                 10.07
  cpu/wall ratio:                 48.43

  AO Fock construction
  wall time (sec):                 0.06
  cpu time (sec):                  3.24
  cpu/wall ratio:                 51.48

  SCF DIIS iteration time
  wall time (sec):                 0.14
  cpu time (sec):                  6.13
  cpu/wall ratio:                 45.43

  AO Fock construction
  wall time (sec):                 0.19
  cpu time (sec):                 10.00
  cpu/wall ratio:                 52.91

  SCF DIIS iteration time
  wall time (sec):                 0.35
  cpu time (sec):                 17.53
  cpu/wall ratio:                 50.66

  AO Fock construction
  wall time (sec):                 0.11
  cpu time (sec):                  6.02
  cpu/wall ratio:                 52.33

  SCF DIIS iteration time
  wall time (sec):                 0.25
  cpu time (sec):                 12.22
  cpu/wall ratio:                 49.66

  AO Fock construction
  wall time (sec):                 0.07
  cpu time (sec):                  3.73
  cpu/wall ratio:                 52.47

  SCF DIIS iteration time
  wall time (sec):                 0.21
  cpu time (sec):                 10.21
  cpu/wall ratio:                 49.79

  AO Fock construction
  wall time (sec):                 0.05
  cpu time (sec):                  2.58
  cpu/wall ratio:                 51.68

  SCF DIIS iteration time
  wall time (sec):                 0.19
  cpu time (sec):                  9.64
  cpu/wall ratio:                 49.68

  SCF DIIS iteration time
  wall time (sec):                 0.00
  cpu time (sec):                  0.06
  cpu/wall ratio:                 55.75

  SCF DIIS solver time
  wall time (sec):                 2.62
  cpu time (sec):                131.79
  cpu/wall ratio:                 50.24

  Hartree-Fock engine
  wall time (sec):                 3.02
  cpu time (sec):                146.48
  cpu/wall ratio:                 48.55


  :: Total time
  ================

  Total time in eT
  wall time (sec):                 3.21
  cpu time (sec):                150.50
  cpu/wall ratio:                 46.96
