


                     eT - an electronic structure program

  ------------------------------------------------------------------------
   Author list in alphabetical order:
  ------------------------------------------------------------------------
   J. H. Andersen, A. Balbi, S. Coriani, S. D. Folkestad, T. Giovannini, 
   L. Goletto, T. S. Haugland, A. Hutcheson, I-M. Høyvik, E. F. Kjønstad, 
   H. Koch, T. Moitra, R. H. Myhre, A. C. Paul, M. Scavino, A. Skeidsvoll, 
   Å. H. Tveten
  ------------------------------------------------------------------------


  :: Input file
  ================

     Note: geometry section is excluded from this print

     system
        name: acetonitrile scan 8.75
        charge: 0
     end system

     do
       ground state
     end do

     memory
        available: 8
     end memory

     solver scf
        algorithm: scf-diis
     end solver scf

     molecular mechanics
        forcefield: non-polarizable
     end molecular mechanics

     method
        hf
     end method


  Running on 56 OMP thread(s)
  Memory available for calculation: 8.000000 GB


  :: Molecular system specifications (QM)
  ==========================================

     Name:             acetonitrile scan 8.75
     Charge:           0
     Multiplicity:     1
     Coordinate units: angstrom

     Pure basis functions:         87
     Cartesian basis functions:    90
     Primitive basis functions:   135

     Nuclear repulsion energy (a.u.):             58.467242266463
     Bohr/angstrom value (CODATA 2010):            0.529177210920

     ==============================================================================
                                     Geometry (angstrom)
     ==============================================================================
        Atom           X                  Y                  Z         # in input
     ==============================================================================
        Basis: 6-311++g**
        1 C     -1.183009000000     0.000009000000     0.000044000000        1
        2 C      0.280591000000    -0.000033000000    -0.000101000000        2
        3 N      1.434854000000     0.000012000000     0.000006000000        3
        4 H     -1.551986000000     0.908175000000     0.472453000000        4
        5 H     -1.551961000000    -0.863153000000     0.550412000000        5
        6 H     -1.552113000000    -0.044999000000    -1.022607000000        6
     ==============================================================================

     ==============================================================================
                                     Geometry (a.u.)
     ==============================================================================
        Atom           X                  Y                  Z         # in input
     ==============================================================================
        Basis: 6-311++g**
        1 C     -2.235563012896     0.000017007535     0.000083147949        1
        2 C      0.530240143018    -0.000062360962    -0.000190862339        2
        3 N      2.711481088737     0.000022676713     0.000011338357        3
        4 H     -2.932828489159     1.716202023177     0.892806776729        4
        5 H     -2.932781246006    -1.631122773597     1.040127935674        5
        6 H     -2.933068484377    -0.085035785879    -1.932447163063        6
     ==============================================================================


  :: Molecular system specifications (MM)
  ==========================================

     Force Field:  non-polarizable

     Number of MM atoms:                   2
     Number of MM molecules:               1

    ====================================================================
                        MM Geometry (Å) and Parameters
    ====================================================================
    Atom    Mol             X          Y          Z            Charge
    ====================================================================
      H       1         1.434971  -4.037881   7.762603        1.000000
      H       1         1.434985  -4.499355   8.649756       -1.000000
    ====================================================================


  :: RHF wavefunction
  ======================

  This is a QM/MM calculation

     Electrostatic Embedding:

     Each atom of the MM portion is endowed with a charge which value 
     is a fixed external parameter.

     The QM/MM electrostatic interaction energy is defined as:

        E^ele_QM/MM = sum_i q_i * V_i(P)

     where V_i(P) is the electrostatic potential due to the QM density 
     calculated at the position of the i-th charge q_i.

     For further details, see:
     Senn & Thiel, Angew. Chem. Int. Ed., 2009, 48, 1198−1229


  - Cholesky decomposition of AO overlap to get linearly independent orbitals:

  - Orbital details:

     Number of occupied orbitals:        11
     Number of virtual orbitals:         76
     Number of molecular orbitals:       87
     Number of atomic orbitals:          87


  :: Hartree-Fock engine
  =========================

  Drives the calculation of the Hartree-Fock state.

  This is a RHF ground state calculation.
  The following tasks will be performed:

     1) Generate initial SAD density
     2) Calculation of reference state (SCF-DIIS algorithm)


  1) Generate initial SAD density


  2) Calculation of reference state (SCF-DIIS algorithm)

   - Self-consistent field DIIS Hartree-Fock solver
  ----------------------------------------------------

  A DIIS-accelerated Roothan-Hall self-consistent field solver. A least-square 
  DIIS fit is performed on the previous Fock matrices and associated gradients. 
  Following the Roothan-Hall update of the density, the DIIS-fitted Fock 
  matrix is used to get the next orbital coefficients.

  - Hartree-Fock solver settings:

     DIIS dimension:                         8
     Cumulative Fock threshold:       0.10E+01

     Energy threshold:              0.1000E-05
     Gradient threshold:            0.1000E-05

     Coulomb screening threshold:   0.1000E-11
     Exchange screening threshold:  0.1000E-09
     Fock precision:                0.1000E-23
     Integral cutoff:               0.1000E-11

  - Setting initial AO density to SAD

     Energy of initial guess:              -133.164522997707
     Number of electrons in guess:           22.000000000000

  Iteration       Energy (a.u.)      Max(grad.)    Delta E (a.u.)
  ---------------------------------------------------------------
     1          -132.431462232088     0.6891E-01     0.1324E+03
     2          -132.465713039676     0.6631E-01     0.3425E-01
     3          -132.488882901878     0.1044E-01     0.2317E-01
     4          -132.490443293407     0.1668E-02     0.1560E-02
     5          -132.490498480856     0.1095E-02     0.5519E-04
     6          -132.490505406964     0.2357E-03     0.6926E-05
     7          -132.490505844521     0.2932E-04     0.4376E-06
     8          -132.490505853588     0.2592E-05     0.9067E-08
     9          -132.490505853825     0.8515E-06     0.2372E-09
  ---------------------------------------------------------------
  Convergence criterion met in 9 iterations!

  - Summary of RHF wavefunction energetics (a.u.):

     HOMO-LUMO gap:                  0.496559558668
     Nuclear repulsion energy:      58.067064701010
     Electronic energy:           -190.557570554835
     Total energy:                -132.490505853825

  - Summary of QM/MM energetics:
                                         a.u.             eV     kcal/mol
     QM/MM SCF Contribution:        -0.129200825740
     QM/MM Electrostatic Energy:    -0.000200835853    -0.00547    -0.126

  - Molecular orbital energies

  -----------------------------------------------------------------------------------
   1 -15.579753999302  23   0.187187925362  45   1.106392597788  67   2.780565801404
   2 -11.293020445243  24   0.187525777044  46   1.106661923570  68   2.780866524243
   3 -11.287357693948  25   0.274449244217  47   1.245216149748  69   2.853348530218
   4  -1.231319168925  26   0.275400807246  48   1.245336362942  70   2.853480299824
   5  -1.048279063660  27   0.311378377346  49   1.357861768794  71   2.918728010261
   6  -0.704619118738  28   0.317764241892  50   1.489447213715  72   3.152498876080
   7  -0.637654441767  29   0.318651207972  51   1.489460667454  73   3.152588870852
   8  -0.637467363549  30   0.323232973433  52   1.646281879473  74   3.218977904116
   9  -0.563510126047  31   0.355724191990  53   1.665310572490  75   3.258540525368
  10  -0.470152290281  32   0.412150123959  54   1.720447364545  76   3.258637034011
  11  -0.470074135511  33   0.575106661803  55   1.720643662085  77   3.390767677417
  12   0.026485423157  34   0.575607952407  56   1.788233440274  78   3.556043185009
  13   0.058415773891  35   0.599181121966  57   1.788346954250  79   4.175725390762
  14   0.060830693049  36   0.731326037238  58   2.001870642179  80   4.175934805001
  15   0.079320120023  37   0.731669007116  59   2.120813784104  81   4.276987365868
  16   0.127941398055  38   0.806008843640  60   2.120855806969  82   4.468781746716
  17   0.131229164927  39   0.806382413216  61   2.265577692489  83   4.468851637637
  18   0.132441966107  40   0.846727429123  62   2.392131458567  84   5.053435465693
  19   0.138118162848  41   0.877912355717  63   2.392167458724  85  25.029233574849
  20   0.139491397860  42   0.931246902452  64   2.482309431667  86  25.459837375927
  21   0.170836584682  43   1.012936222141  65   2.482340352633  87  37.266723800593
  22   0.184844852130  44   1.091225922491  66   2.730133965574
  -----------------------------------------------------------------------------------

  - Timings for the RHF ground state calculation

     Total wall time (sec):              2.84800
     Total cpu time (sec):             136.94688

  eT terminated successfully!
