


                     eT - an electronic structure program

  ------------------------------------------------------------------------
   Author list in alphabetical order:
  ------------------------------------------------------------------------
   J. H. Andersen, A. Balbi, S. Coriani, S. D. Folkestad, T. Giovannini, 
   L. Goletto, T. S. Haugland, A. Hutcheson, I-M. Høyvik, E. F. Kjønstad, 
   H. Koch, T. Moitra, R. H. Myhre, A. C. Paul, M. Scavino, A. Skeidsvoll, 
   Å. H. Tveten
  ------------------------------------------------------------------------


  :: Input file
  ================

     Note: geometry section is excluded from this print

     system
        name: acetonitrile scan 8.00
        charge: 0
     end system

     do
       ground state
     end do

     memory
        available: 8
     end memory

     solver scf
        algorithm: scf-diis
     end solver scf

     molecular mechanics
        forcefield: non-polarizable
     end molecular mechanics

     method
        hf
     end method


  Running on 56 OMP thread(s)
  Memory available for calculation: 8.000000 GB


  :: Molecular system specifications (QM)
  ==========================================

     Name:             acetonitrile scan 8.00
     Charge:           0
     Multiplicity:     1
     Coordinate units: angstrom

     Pure basis functions:         87
     Cartesian basis functions:    90
     Primitive basis functions:   135

     Nuclear repulsion energy (a.u.):             58.467242266463
     Bohr/angstrom value (CODATA 2010):            0.529177210920

     ==============================================================================
                                     Geometry (angstrom)
     ==============================================================================
        Atom           X                  Y                  Z         # in input
     ==============================================================================
        Basis: 6-311++g**
        1 C     -1.183009000000     0.000009000000     0.000044000000        1
        2 C      0.280591000000    -0.000033000000    -0.000101000000        2
        3 N      1.434854000000     0.000012000000     0.000006000000        3
        4 H     -1.551986000000     0.908175000000     0.472453000000        4
        5 H     -1.551961000000    -0.863153000000     0.550412000000        5
        6 H     -1.552113000000    -0.044999000000    -1.022607000000        6
     ==============================================================================

     ==============================================================================
                                     Geometry (a.u.)
     ==============================================================================
        Atom           X                  Y                  Z         # in input
     ==============================================================================
        Basis: 6-311++g**
        1 C     -2.235563012896     0.000017007535     0.000083147949        1
        2 C      0.530240143018    -0.000062360962    -0.000190862339        2
        3 N      2.711481088737     0.000022676713     0.000011338357        3
        4 H     -2.932828489159     1.716202023177     0.892806776729        4
        5 H     -2.932781246006    -1.631122773597     1.040127935674        5
        6 H     -2.933068484377    -0.085035785879    -1.932447163063        6
     ==============================================================================


  :: Molecular system specifications (MM)
  ==========================================

     Force Field:  non-polarizable

     Number of MM atoms:                   2
     Number of MM molecules:               1

    ====================================================================
                        MM Geometry (Å) and Parameters
    ====================================================================
    Atom    Mol             X          Y          Z            Charge
    ====================================================================
      H       1         1.434961  -3.691776   7.097238        1.000000
      H       1         1.434975  -4.153250   7.984392       -1.000000
    ====================================================================


  :: RHF wavefunction
  ======================

  This is a QM/MM calculation

     Electrostatic Embedding:

     Each atom of the MM portion is endowed with a charge which value 
     is a fixed external parameter.

     The QM/MM electrostatic interaction energy is defined as:

        E^ele_QM/MM = sum_i q_i * V_i(P)

     where V_i(P) is the electrostatic potential due to the QM density 
     calculated at the position of the i-th charge q_i.

     For further details, see:
     Senn & Thiel, Angew. Chem. Int. Ed., 2009, 48, 1198−1229


  - Cholesky decomposition of AO overlap to get linearly independent orbitals:

  - Orbital details:

     Number of occupied orbitals:        11
     Number of virtual orbitals:         76
     Number of molecular orbitals:       87
     Number of atomic orbitals:          87


  :: Hartree-Fock engine
  =========================

  Drives the calculation of the Hartree-Fock state.

  This is a RHF ground state calculation.
  The following tasks will be performed:

     1) Generate initial SAD density
     2) Calculation of reference state (SCF-DIIS algorithm)


  1) Generate initial SAD density


  2) Calculation of reference state (SCF-DIIS algorithm)

   - Self-consistent field DIIS Hartree-Fock solver
  ----------------------------------------------------

  A DIIS-accelerated Roothan-Hall self-consistent field solver. A least-square 
  DIIS fit is performed on the previous Fock matrices and associated gradients. 
  Following the Roothan-Hall update of the density, the DIIS-fitted Fock 
  matrix is used to get the next orbital coefficients.

  - Hartree-Fock solver settings:

     DIIS dimension:                         8
     Cumulative Fock threshold:       0.10E+01

     Energy threshold:              0.1000E-05
     Gradient threshold:            0.1000E-05

     Coulomb screening threshold:   0.1000E-11
     Exchange screening threshold:  0.1000E-09
     Fock precision:                0.1000E-23
     Integral cutoff:               0.1000E-11

  - Setting initial AO density to SAD

     Energy of initial guess:              -133.164522528243
     Number of electrons in guess:           22.000000000000

  Iteration       Energy (a.u.)      Max(grad.)    Delta E (a.u.)
  ---------------------------------------------------------------
     1          -132.431505764763     0.6894E-01     0.1324E+03
     2          -132.465769669759     0.6634E-01     0.3426E-01
     3          -132.488960550763     0.1044E-01     0.2319E-01
     4          -132.490520600634     0.1668E-02     0.1560E-02
     5          -132.490575824167     0.1095E-02     0.5522E-04
     6          -132.490582757154     0.2359E-03     0.6933E-05
     7          -132.490583195140     0.2939E-04     0.4380E-06
     8          -132.490583204230     0.2648E-05     0.9090E-08
     9          -132.490583204468     0.8812E-06     0.2383E-09
  ---------------------------------------------------------------
  Convergence criterion met in 9 iterations!

  - Summary of RHF wavefunction energetics (a.u.):

     HOMO-LUMO gap:                  0.496806469969
     Nuclear repulsion energy:      58.089436486899
     Electronic energy:           -190.580019691367
     Total energy:                -132.490583204468

  - Summary of QM/MM energetics:
                                         a.u.             eV     kcal/mol
     QM/MM SCF Contribution:        -0.151652667441
     QM/MM Electrostatic Energy:    -0.000281361126    -0.00766    -0.177

  - Molecular orbital energies

  -----------------------------------------------------------------------------------
   1 -15.580801073555  23   0.186126538157  45   1.105260842661  67   2.779649612289
   2 -11.293920753440  24   0.186563765585  46   1.105634784348  68   2.780012291575
   3 -11.288414539277  25   0.273474228856  47   1.244247344355  69   2.852429567270
   4  -1.232387576072  26   0.274628256674  48   1.244404171059  70   2.852587327958
   5  -1.049215805192  27   0.310390888765  49   1.356816379015  71   2.917729834487
   6  -0.705561311474  28   0.316447490732  50   1.488398572146  72   3.151470093795
   7  -0.638595972966  29   0.317711840989  51   1.488415979395  73   3.151587143491
   8  -0.638363153368  30   0.322268251459  52   1.645243195418  74   3.218081631329
   9  -0.564562873973  31   0.354856007508  53   1.664435927666  75   3.257464439104
  10  -0.471221437204  32   0.411207307089  54   1.719467808229  76   3.257594166163
  11  -0.471114829260  33   0.574157519303  55   1.719705169513  77   3.389727440478
  12   0.025691640709  34   0.574770687255  56   1.787320542175  78   3.555023454851
  13   0.057367956412  35   0.598257956685  57   1.787465330763  79   4.174795846569
  14   0.060310296085  36   0.730183096794  58   2.000956470524  80   4.175049483128
  15   0.078327735344  37   0.730659226292  59   2.119872030134  81   4.276015386293
  16   0.127068745380  38   0.805092904535  60   2.119923470501  82   4.467709467437
  17   0.129938040691  39   0.805542371257  61   2.264676465337  83   4.467809161292
  18   0.131585088812  40   0.845750544251  62   2.391073163655  84   5.052380364600
  19   0.137111883408  41   0.876967234054  63   2.391111280407  85  25.028318855338
  20   0.138764702238  42   0.930287499484  64   2.481361058638  86  25.458796457070
  21   0.169977882383  43   1.011888306630  65   2.481399491280  87  37.265676030403
  22   0.183956315040  44   1.090288218344  66   2.729241919582
  -----------------------------------------------------------------------------------

  - Timings for the RHF ground state calculation

     Total wall time (sec):              2.63600
     Total cpu time (sec):             127.75262

  eT terminated successfully!
