


                     eT - an electronic structure program

  ------------------------------------------------------------------------
   Author list in alphabetical order:
  ------------------------------------------------------------------------
   J. H. Andersen, A. Balbi, S. Coriani, S. D. Folkestad, T. Giovannini, 
   L. Goletto, T. S. Haugland, A. Hutcheson, I-M. Høyvik, E. F. Kjønstad, 
   H. Koch, T. Moitra, R. H. Myhre, A. C. Paul, M. Scavino, A. Skeidsvoll, 
   Å. H. Tveten
  ------------------------------------------------------------------------


  :: Input file
  ================

     Note: geometry section is excluded from this print

     system
        name: acetonitrile scan 9.50
        charge: 0
     end system

     do
       ground state
     end do

     memory
        available: 8
     end memory

     solver scf
        algorithm: scf-diis
     end solver scf

     molecular mechanics
        forcefield: non-polarizable
     end molecular mechanics

     method
        hf
     end method


  Running on 56 OMP thread(s)
  Memory available for calculation: 8.000000 GB


  :: Molecular system specifications (QM)
  ==========================================

     Name:             acetonitrile scan 9.50
     Charge:           0
     Multiplicity:     1
     Coordinate units: angstrom

     Pure basis functions:         87
     Cartesian basis functions:    90
     Primitive basis functions:   135

     Nuclear repulsion energy (a.u.):             58.467242266463
     Bohr/angstrom value (CODATA 2010):            0.529177210920

     ==============================================================================
                                     Geometry (angstrom)
     ==============================================================================
        Atom           X                  Y                  Z         # in input
     ==============================================================================
        Basis: 6-311++g**
        1 C     -1.183009000000     0.000009000000     0.000044000000        1
        2 C      0.280591000000    -0.000033000000    -0.000101000000        2
        3 N      1.434854000000     0.000012000000     0.000006000000        3
        4 H     -1.551986000000     0.908175000000     0.472453000000        4
        5 H     -1.551961000000    -0.863153000000     0.550412000000        5
        6 H     -1.552113000000    -0.044999000000    -1.022607000000        6
     ==============================================================================

     ==============================================================================
                                     Geometry (a.u.)
     ==============================================================================
        Atom           X                  Y                  Z         # in input
     ==============================================================================
        Basis: 6-311++g**
        1 C     -2.235563012896     0.000017007535     0.000083147949        1
        2 C      0.530240143018    -0.000062360962    -0.000190862339        2
        3 N      2.711481088737     0.000022676713     0.000011338357        3
        4 H     -2.932828489159     1.716202023177     0.892806776729        4
        5 H     -2.932781246006    -1.631122773597     1.040127935674        5
        6 H     -2.933068484377    -0.085035785879    -1.932447163063        6
     ==============================================================================


  :: Molecular system specifications (MM)
  ==========================================

     Force Field:  non-polarizable

     Number of MM atoms:                   2
     Number of MM molecules:               1

    ====================================================================
                        MM Geometry (Å) and Parameters
    ====================================================================
    Atom    Mol             X          Y          Z            Charge
    ====================================================================
      H       1         1.434981  -4.383986   8.427968        1.000000
      H       1         1.434995  -4.845460   9.315122       -1.000000
    ====================================================================


  :: RHF wavefunction
  ======================

  This is a QM/MM calculation

     Electrostatic Embedding:

     Each atom of the MM portion is endowed with a charge which value 
     is a fixed external parameter.

     The QM/MM electrostatic interaction energy is defined as:

        E^ele_QM/MM = sum_i q_i * V_i(P)

     where V_i(P) is the electrostatic potential due to the QM density 
     calculated at the position of the i-th charge q_i.

     For further details, see:
     Senn & Thiel, Angew. Chem. Int. Ed., 2009, 48, 1198−1229


  - Cholesky decomposition of AO overlap to get linearly independent orbitals:

  - Orbital details:

     Number of occupied orbitals:        11
     Number of virtual orbitals:         76
     Number of molecular orbitals:       87
     Number of atomic orbitals:          87


  :: Hartree-Fock engine
  =========================

  Drives the calculation of the Hartree-Fock state.

  This is a RHF ground state calculation.
  The following tasks will be performed:

     1) Generate initial SAD density
     2) Calculation of reference state (SCF-DIIS algorithm)


  1) Generate initial SAD density


  2) Calculation of reference state (SCF-DIIS algorithm)

   - Self-consistent field DIIS Hartree-Fock solver
  ----------------------------------------------------

  A DIIS-accelerated Roothan-Hall self-consistent field solver. A least-square 
  DIIS fit is performed on the previous Fock matrices and associated gradients. 
  Following the Roothan-Hall update of the density, the DIIS-fitted Fock 
  matrix is used to get the next orbital coefficients.

  - Hartree-Fock solver settings:

     DIIS dimension:                         8
     Cumulative Fock threshold:       0.10E+01

     Energy threshold:              0.1000E-05
     Gradient threshold:            0.1000E-05

     Coulomb screening threshold:   0.1000E-11
     Exchange screening threshold:  0.1000E-09
     Fock precision:                0.1000E-23
     Integral cutoff:               0.1000E-11

  - Setting initial AO density to SAD

     Energy of initial guess:              -133.164522528245
     Number of electrons in guess:           22.000000000000

  Iteration       Energy (a.u.)      Max(grad.)    Delta E (a.u.)
  ---------------------------------------------------------------
     1          -132.431432403708     0.6890E-01     0.1324E+03
     2          -132.465674288396     0.6629E-01     0.3424E-01
     3          -132.488830065945     0.1045E-01     0.2316E-01
     4          -132.490390688211     0.1668E-02     0.1561E-02
     5          -132.490445851172     0.1095E-02     0.5516E-04
     6          -132.490452772594     0.2355E-03     0.6921E-05
     7          -132.490453209861     0.2926E-04     0.4373E-06
     8          -132.490453218913     0.2554E-05     0.9052E-08
     9          -132.490453219150     0.8309E-06     0.2365E-09
  ---------------------------------------------------------------
  Convergence criterion met in 9 iterations!

  - Summary of RHF wavefunction energetics (a.u.):

     HOMO-LUMO gap:                  0.496387615093
     Nuclear repulsion energy:      58.049253546201
     Electronic energy:           -190.539706765350
     Total energy:                -132.490453219150

  - Summary of QM/MM energetics:
                                         a.u.             eV     kcal/mol
     QM/MM SCF Contribution:        -0.111335472095
     QM/MM Electrostatic Energy:    -0.000147106478    -0.00400    -0.092

  - Molecular orbital energies

  -----------------------------------------------------------------------------------
   1 -15.578924221367  23   0.188031196725  45   1.107279509521  67   2.781311130613
   2 -11.292290046463  24   0.188297467353  46   1.107478533923  68   2.781561931395
   3 -11.286521587561  25   0.275244364885  47   1.245993531719  69   2.854093273016
   4  -1.230475023716  26   0.276032737304  48   1.246087699027  70   2.854204353422
   5  -1.047524044485  27   0.312167214718  49   1.358690453221  71   2.919524487046
   6  -0.703860880258  28   0.318768098065  50   1.490277943935  72   3.153316350250
   7  -0.636893951490  29   0.319408881007  51   1.490289168525  73   3.153387878650
   8  -0.636741942823  30   0.324015064658  52   1.647105205895  74   3.219705300042
   9  -0.562676473910  31   0.356435077867  53   1.666023747690  75   3.259389834023
  10  -0.469307584348  32   0.412906989269  54   1.721233529508  76   3.259464073017
  11  -0.469248787175  33   0.575877633591  55   1.721397255988  77   3.391593065609
  12   0.027138827918  34   0.576290426509  56   1.788973661146  78   3.556854440735
  13   0.059280963858  35   0.599924420706  57   1.789064351444  79   4.176477753094
  14   0.061276340635  36   0.732220434795  58   2.002609242470  80   4.176652870263
  15   0.080103251134  37   0.732473902776  59   2.121572150704  81   4.277766228633
  16   0.128634187574  38   0.806756506987  60   2.121607912328  82   4.469628400503
  17   0.132231594947  39   0.807067725104  61   2.266308513320  83   4.469678444495
  18   0.133139126481  40   0.847509614225  62   2.392968785120  84   5.054270679959
  19   0.138948118902  41   0.878673122243  63   2.393003326993  85  25.029973711603
  20   0.140092196905  42   0.932017646627  64   2.483072039454  86  25.460662730303
  21   0.171540276516  43   1.013766743105  65   2.483098842994  87  37.267554047654
  22   0.185564688563  44   1.091981448856  66   2.730858862524
  -----------------------------------------------------------------------------------

  - Timings for the RHF ground state calculation

     Total wall time (sec):              3.39500
     Total cpu time (sec):             168.59400

  eT terminated successfully!
