


                     eT - an electronic structure program

  ------------------------------------------------------------------------
   Author list in alphabetical order:
  ------------------------------------------------------------------------
   J. H. Andersen, A. Balbi, S. Coriani, S. D. Folkestad, T. Giovannini, 
   L. Goletto, T. S. Haugland, A. Hutcheson, I-M. Høyvik, E. F. Kjønstad, 
   H. Koch, T. Moitra, R. H. Myhre, A. C. Paul, M. Scavino, A. Skeidsvoll, 
   Å. H. Tveten
  ------------------------------------------------------------------------


  :: Input file
  ================

     Note: geometry section is excluded from this print

     system
        name: acetonitrile scan 3.50
        charge: 0
     end system

     do
       ground state
     end do

     memory
        available: 8
     end memory

     solver scf
        algorithm: scf-diis
     end solver scf

     molecular mechanics
        forcefield: non-polarizable
     end molecular mechanics

     method
        hf
     end method


  Running on 56 OMP thread(s)
  Memory available for calculation: 8.000000 GB


  :: Molecular system specifications (QM)
  ==========================================

     Name:             acetonitrile scan 3.50
     Charge:           0
     Multiplicity:     1
     Coordinate units: angstrom

     Pure basis functions:         87
     Cartesian basis functions:    90
     Primitive basis functions:   135

     Nuclear repulsion energy (a.u.):             58.467242266463
     Bohr/angstrom value (CODATA 2010):            0.529177210920

     ==============================================================================
                                     Geometry (angstrom)
     ==============================================================================
        Atom           X                  Y                  Z         # in input
     ==============================================================================
        Basis: 6-311++g**
        1 C     -1.183009000000     0.000009000000     0.000044000000        1
        2 C      0.280591000000    -0.000033000000    -0.000101000000        2
        3 N      1.434854000000     0.000012000000     0.000006000000        3
        4 H     -1.551986000000     0.908175000000     0.472453000000        4
        5 H     -1.551961000000    -0.863153000000     0.550412000000        5
        6 H     -1.552113000000    -0.044999000000    -1.022607000000        6
     ==============================================================================

     ==============================================================================
                                     Geometry (a.u.)
     ==============================================================================
        Atom           X                  Y                  Z         # in input
     ==============================================================================
        Basis: 6-311++g**
        1 C     -2.235563012896     0.000017007535     0.000083147949        1
        2 C      0.530240143018    -0.000062360962    -0.000190862339        2
        3 N      2.711481088737     0.000022676713     0.000011338357        3
        4 H     -2.932828489159     1.716202023177     0.892806776729        4
        5 H     -2.932781246006    -1.631122773597     1.040127935674        5
        6 H     -2.933068484377    -0.085035785879    -1.932447163063        6
     ==============================================================================


  :: Molecular system specifications (MM)
  ==========================================

     Force Field:  non-polarizable

     Number of MM atoms:                   2
     Number of MM molecules:               1

    ====================================================================
                        MM Geometry (Å) and Parameters
    ====================================================================
    Atom    Mol             X          Y          Z            Charge
    ====================================================================
      H       1         1.434901  -1.615145   3.105045        1.000000
      H       1         1.434914  -2.076619   3.992198       -1.000000
    ====================================================================


  :: RHF wavefunction
  ======================

  This is a QM/MM calculation

     Electrostatic Embedding:

     Each atom of the MM portion is endowed with a charge which value 
     is a fixed external parameter.

     The QM/MM electrostatic interaction energy is defined as:

        E^ele_QM/MM = sum_i q_i * V_i(P)

     where V_i(P) is the electrostatic potential due to the QM density 
     calculated at the position of the i-th charge q_i.

     For further details, see:
     Senn & Thiel, Angew. Chem. Int. Ed., 2009, 48, 1198−1229


  - Cholesky decomposition of AO overlap to get linearly independent orbitals:

  - Orbital details:

     Number of occupied orbitals:        11
     Number of virtual orbitals:         76
     Number of molecular orbitals:       87
     Number of atomic orbitals:          87


  :: Hartree-Fock engine
  =========================

  Drives the calculation of the Hartree-Fock state.

  This is a RHF ground state calculation.
  The following tasks will be performed:

     1) Generate initial SAD density
     2) Calculation of reference state (SCF-DIIS algorithm)


  1) Generate initial SAD density


  2) Calculation of reference state (SCF-DIIS algorithm)

   - Self-consistent field DIIS Hartree-Fock solver
  ----------------------------------------------------

  A DIIS-accelerated Roothan-Hall self-consistent field solver. A least-square 
  DIIS fit is performed on the previous Fock matrices and associated gradients. 
  Following the Roothan-Hall update of the density, the DIIS-fitted Fock 
  matrix is used to get the next orbital coefficients.

  - Hartree-Fock solver settings:

     DIIS dimension:                         8
     Cumulative Fock threshold:       0.10E+01

     Energy threshold:              0.1000E-05
     Gradient threshold:            0.1000E-05

     Coulomb screening threshold:   0.1000E-11
     Exchange screening threshold:  0.1000E-09
     Fock precision:                0.1000E-23
     Integral cutoff:               0.1000E-11

  - Setting initial AO density to SAD

     Energy of initial guess:              -133.164492531774
     Number of electrons in guess:           22.000000000000

  Iteration       Energy (a.u.)      Max(grad.)    Delta E (a.u.)
  ---------------------------------------------------------------
     1          -132.434157209917     0.7042E-01     0.1324E+03
     2          -132.469103124407     0.6796E-01     0.3495E-01
     3          -132.493607365747     0.1010E-01     0.2450E-01
     4          -132.495150361931     0.1653E-02     0.1543E-02
     5          -132.495207434360     0.1096E-02     0.5707E-04
     6          -132.495214688520     0.2447E-03     0.7254E-05
     7          -132.495215150043     0.3285E-04     0.4615E-06
     8          -132.495215160620     0.4893E-05     0.1058E-07
     9          -132.495215160989     0.1595E-05     0.3697E-09
    10          -132.495215160929     0.3874E-06     0.6006E-10
  ---------------------------------------------------------------
  Convergence criterion met in 10 iterations!

  - Summary of RHF wavefunction energetics (a.u.):

     HOMO-LUMO gap:                  0.508941515136
     Nuclear repulsion energy:      58.517548102032
     Electronic energy:           -191.012763262962
     Total energy:                -132.495215160929

  - Summary of QM/MM energetics:
                                         a.u.             eV     kcal/mol
     QM/MM SCF Contribution:        -0.584944319098
     QM/MM Electrostatic Energy:    -0.005460928181    -0.14860    -3.427

  - Molecular orbital energies

  -----------------------------------------------------------------------------------
   1 -15.602179721691  23   0.170383747406  45   1.081158027508  67   2.766351273355
   2 -11.310786877488  24   0.173116060936  46   1.085802802221  68   2.767144354526
   3 -11.307753110744  25   0.258976822372  47   1.227336334560  69   2.838116869147
   4  -1.255009208758  26   0.263425430714  48   1.228718666061  70   2.838483482044
   5  -1.064965913741  27   0.294149657907  49   1.336015883955  71   2.898750997210
   6  -0.721936978209  28   0.295814346986  50   1.466986954416  72   3.131221783883
   7  -0.653716945368  29   0.303022891212  51   1.467334445291  73   3.132532625175
   8  -0.652753848697  30   0.307859586142  52   1.623895539809  74   3.204445732667
   9  -0.586191377067  31   0.344222757795  53   1.651826567018  75   3.234416664580
  10  -0.493978683679  32   0.396786161999  54   1.702067250732  76   3.236578651392
  11  -0.492139186166  33   0.560714065175  55   1.702929099696  77   3.368989794164
  12   0.016802328970  34   0.562745962797  56   1.773617957360  78   3.535144783979
  13   0.045044118722  35   0.582693169506  57   1.774326783537  79   4.160247161737
  14   0.055091339312  36   0.704744323894  58   1.985752705754  80   4.160999248118
  15   0.062820969389  37   0.711859952346  59   2.103784104801  81   4.258378486620
  16   0.104845567316  38   0.792632382571  60   2.104318448743  82   4.445019087139
  17   0.117242747902  39   0.793414387612  61   2.250650546391  83   4.446812885557
  18   0.120490917798  40   0.827816354856  62   2.368990831818  84   5.030667907324
  19   0.128431827102  41   0.862370840301  63   2.369121735868  85  25.013590052106
  20   0.130542009389  42   0.914221490776  64   2.465127099587  86  25.437423611405
  21   0.160138019691  43   0.992117935801  65   2.465495687692  87  37.244257548935
  22   0.165816520552  44   1.074193533542  66   2.715722640675
  -----------------------------------------------------------------------------------

  - Timings for the RHF ground state calculation

     Total wall time (sec):              3.59400
     Total cpu time (sec):             178.66081

  eT terminated successfully!
