
  Preparation of molecular system (Libint)
  wall time (sec):                 0.00
  cpu time (sec):                  0.00
  cpu/wall ratio:                  1.19

  Preparation of molecular system (total)
  wall time (sec):                 0.10
  cpu time (sec):                  0.25
  cpu/wall ratio:                  2.51

  Cholesky decomposition of AO overlap
  wall time (sec):                 0.00
  cpu time (sec):                  0.22
  cpu/wall ratio:                 54.83


  :: Hartree-Fock engine
  =========================


  1) Generate initial SAD density

  SAD generation time
  wall time (sec):                 0.47
  cpu time (sec):                 20.49
  cpu/wall ratio:                 43.87


  2) Calculation of reference state (SCF-DIIS algorithm)

  AO Fock construction
  wall time (sec):                 0.09
  cpu time (sec):                  5.02
  cpu/wall ratio:                 52.80

  AO Fock construction
  wall time (sec):                 0.07
  cpu time (sec):                  3.90
  cpu/wall ratio:                 52.72

  AO Fock construction
  wall time (sec):                 0.07
  cpu time (sec):                  3.56
  cpu/wall ratio:                 52.32

  SCF DIIS iteration time
  wall time (sec):                 0.34
  cpu time (sec):                 17.13
  cpu/wall ratio:                 50.52

  AO Fock construction
  wall time (sec):                 0.05
  cpu time (sec):                  2.80
  cpu/wall ratio:                 51.86

  SCF DIIS iteration time
  wall time (sec):                 0.20
  cpu time (sec):                  9.67
  cpu/wall ratio:                 47.65

  AO Fock construction
  wall time (sec):                 0.11
  cpu time (sec):                  6.06
  cpu/wall ratio:                 53.12

  SCF DIIS iteration time
  wall time (sec):                 0.27
  cpu time (sec):                 13.60
  cpu/wall ratio:                 49.45

  AO Fock construction
  wall time (sec):                 0.07
  cpu time (sec):                  3.56
  cpu/wall ratio:                 52.32

  SCF DIIS iteration time
  wall time (sec):                 0.23
  cpu time (sec):                 11.69
  cpu/wall ratio:                 50.40

  AO Fock construction
  wall time (sec):                 0.08
  cpu time (sec):                  4.00
  cpu/wall ratio:                 52.65

  SCF DIIS iteration time
  wall time (sec):                 0.22
  cpu time (sec):                 10.82
  cpu/wall ratio:                 50.10

  AO Fock construction
  wall time (sec):                 0.10
  cpu time (sec):                  5.24
  cpu/wall ratio:                 51.88

  SCF DIIS iteration time
  wall time (sec):                 0.19
  cpu time (sec):                  9.32
  cpu/wall ratio:                 48.52

  AO Fock construction
  wall time (sec):                 0.06
  cpu time (sec):                  2.96
  cpu/wall ratio:                 51.95

  SCF DIIS iteration time
  wall time (sec):                 0.13
  cpu time (sec):                  6.30
  cpu/wall ratio:                 47.39

  AO Fock construction
  wall time (sec):                 0.06
  cpu time (sec):                  3.24
  cpu/wall ratio:                 52.20

  SCF DIIS iteration time
  wall time (sec):                 0.23
  cpu time (sec):                 11.47
  cpu/wall ratio:                 50.55

  AO Fock construction
  wall time (sec):                 0.09
  cpu time (sec):                  4.66
  cpu/wall ratio:                 52.99

  SCF DIIS iteration time
  wall time (sec):                 0.27
  cpu time (sec):                 13.65
  cpu/wall ratio:                 51.11

  SCF DIIS iteration time
  wall time (sec):                 0.00
  cpu time (sec):                  0.06
  cpu/wall ratio:                 55.80

  SCF DIIS solver time
  wall time (sec):                 2.36
  cpu time (sec):                116.76
  cpu/wall ratio:                 49.48

  Hartree-Fock engine
  wall time (sec):                 2.83
  cpu time (sec):                137.31
  cpu/wall ratio:                 48.54


  :: Total time
  ================

  Total time in eT
  wall time (sec):                 2.98
  cpu time (sec):                139.23
  cpu/wall ratio:                 46.78
