


                     eT - an electronic structure program

  ------------------------------------------------------------------------
   Author list in alphabetical order:
  ------------------------------------------------------------------------
   J. H. Andersen, A. Balbi, S. Coriani, S. D. Folkestad, T. Giovannini, 
   L. Goletto, T. S. Haugland, A. Hutcheson, I-M. Høyvik, E. F. Kjønstad, 
   H. Koch, T. Moitra, R. H. Myhre, A. C. Paul, M. Scavino, A. Skeidsvoll, 
   Å. H. Tveten
  ------------------------------------------------------------------------


  :: Input file
  ================

     Note: geometry section is excluded from this print

     system
        name: acetonitrile scan 9.00
        charge: 0
     end system

     do
       ground state
     end do

     memory
        available: 8
     end memory

     solver scf
        algorithm: scf-diis
     end solver scf

     molecular mechanics
        forcefield: non-polarizable
     end molecular mechanics

     method
        hf
     end method


  Running on 56 OMP thread(s)
  Memory available for calculation: 8.000000 GB


  :: Molecular system specifications (QM)
  ==========================================

     Name:             acetonitrile scan 9.00
     Charge:           0
     Multiplicity:     1
     Coordinate units: angstrom

     Pure basis functions:         87
     Cartesian basis functions:    90
     Primitive basis functions:   135

     Nuclear repulsion energy (a.u.):             58.467242266463
     Bohr/angstrom value (CODATA 2010):            0.529177210920

     ==============================================================================
                                     Geometry (angstrom)
     ==============================================================================
        Atom           X                  Y                  Z         # in input
     ==============================================================================
        Basis: 6-311++g**
        1 C     -1.183009000000     0.000009000000     0.000044000000        1
        2 C      0.280591000000    -0.000033000000    -0.000101000000        2
        3 N      1.434854000000     0.000012000000     0.000006000000        3
        4 H     -1.551986000000     0.908175000000     0.472453000000        4
        5 H     -1.551961000000    -0.863153000000     0.550412000000        5
        6 H     -1.552113000000    -0.044999000000    -1.022607000000        6
     ==============================================================================

     ==============================================================================
                                     Geometry (a.u.)
     ==============================================================================
        Atom           X                  Y                  Z         # in input
     ==============================================================================
        Basis: 6-311++g**
        1 C     -2.235563012896     0.000017007535     0.000083147949        1
        2 C      0.530240143018    -0.000062360962    -0.000190862339        2
        3 N      2.711481088737     0.000022676713     0.000011338357        3
        4 H     -2.932828489159     1.716202023177     0.892806776729        4
        5 H     -2.932781246006    -1.631122773597     1.040127935674        5
        6 H     -2.933068484377    -0.085035785879    -1.932447163063        6
     ==============================================================================


  :: Molecular system specifications (MM)
  ==========================================

     Force Field:  non-polarizable

     Number of MM atoms:                   2
     Number of MM molecules:               1

    ====================================================================
                        MM Geometry (Å) and Parameters
    ====================================================================
    Atom    Mol             X          Y          Z            Charge
    ====================================================================
      H       1         1.434975  -4.153250   7.984392        1.000000
      H       1         1.434988  -4.614723   8.871546       -1.000000
    ====================================================================


  :: RHF wavefunction
  ======================

  This is a QM/MM calculation

     Electrostatic Embedding:

     Each atom of the MM portion is endowed with a charge which value 
     is a fixed external parameter.

     The QM/MM electrostatic interaction energy is defined as:

        E^ele_QM/MM = sum_i q_i * V_i(P)

     where V_i(P) is the electrostatic potential due to the QM density 
     calculated at the position of the i-th charge q_i.

     For further details, see:
     Senn & Thiel, Angew. Chem. Int. Ed., 2009, 48, 1198−1229


  - Cholesky decomposition of AO overlap to get linearly independent orbitals:

  - Orbital details:

     Number of occupied orbitals:        11
     Number of virtual orbitals:         76
     Number of molecular orbitals:       87
     Number of atomic orbitals:          87


  :: Hartree-Fock engine
  =========================

  Drives the calculation of the Hartree-Fock state.

  This is a RHF ground state calculation.
  The following tasks will be performed:

     1) Generate initial SAD density
     2) Calculation of reference state (SCF-DIIS algorithm)


  1) Generate initial SAD density


  2) Calculation of reference state (SCF-DIIS algorithm)

   - Self-consistent field DIIS Hartree-Fock solver
  ----------------------------------------------------

  A DIIS-accelerated Roothan-Hall self-consistent field solver. A least-square 
  DIIS fit is performed on the previous Fock matrices and associated gradients. 
  Following the Roothan-Hall update of the density, the DIIS-fitted Fock 
  matrix is used to get the next orbital coefficients.

  - Hartree-Fock solver settings:

     DIIS dimension:                         8
     Cumulative Fock threshold:       0.10E+01

     Energy threshold:              0.1000E-05
     Gradient threshold:            0.1000E-05

     Coulomb screening threshold:   0.1000E-11
     Exchange screening threshold:  0.1000E-09
     Fock precision:                0.1000E-23
     Integral cutoff:               0.1000E-11

  - Setting initial AO density to SAD

     Energy of initial guess:              -133.164522772453
     Number of electrons in guess:           22.000000000000

  Iteration       Energy (a.u.)      Max(grad.)    Delta E (a.u.)
  ---------------------------------------------------------------
     1          -132.431450924003     0.6891E-01     0.1324E+03
     2          -132.465698383133     0.6630E-01     0.3425E-01
     3          -132.488862935939     0.1044E-01     0.2316E-01
     4          -132.490423414275     0.1668E-02     0.1560E-02
     5          -132.490478592524     0.1095E-02     0.5518E-04
     6          -132.490485516874     0.2356E-03     0.6924E-05
     7          -132.490485954322     0.2930E-04     0.4374E-06
     8          -132.490485963383     0.2578E-05     0.9062E-08
     9          -132.490485963620     0.8438E-06     0.2369E-09
  ---------------------------------------------------------------
  Convergence criterion met in 9 iterations!

  - Summary of RHF wavefunction energetics (a.u.):

     HOMO-LUMO gap:                  0.496495424751
     Nuclear repulsion energy:      58.060686307319
     Electronic energy:           -190.551172270939
     Total energy:                -132.490485963620

  - Summary of QM/MM energetics:
                                         a.u.             eV     kcal/mol
     QM/MM SCF Contribution:        -0.122801926602
     QM/MM Electrostatic Energy:    -0.000180555659    -0.00491    -0.113

  - Molecular orbital energies

  -----------------------------------------------------------------------------------
   1 -15.579456455164  23   0.187490109959  45   1.106711642010  67   2.780831122175
   2 -11.292760262369  24   0.187801565179  46   1.106954485222  68   2.781113987452
   3 -11.287057741134  25   0.274732150693  47   1.245493928992  69   2.853613916285
   4  -1.231016215965  26   0.275625316787  48   1.245604492377  70   2.853738250913
   5  -1.048009618386  27   0.311660612800  49   1.358158897332  71   2.919013056085
   6  -0.704348413872  28   0.318128138021  50   1.489745133729  72   3.152791785544
   7  -0.637383191355  29   0.318921568821  51   1.489757690227  73   3.152874855194
   8  -0.637208832366  30   0.323511729559  52   1.646577080517  74   3.219236987060
   9  -0.563211128854  31   0.355976809338  53   1.665564264197  75   3.258845423300
  10  -0.469849135111  32   0.412420505544  54   1.720728271147  76   3.258933537102
  11  -0.469778242987  33   0.575381251354  55   1.720912865697  77   3.391063546302
  12   0.026717181764  34   0.575850720936  56   1.788497179028  78   3.556333766523
  13   0.058722608954  35   0.599446433253  57   1.788602287676  79   4.175993589375
  14   0.060986933089  36   0.731647901545  58   2.002134035948  80   4.176190595504
  15   0.079601158005  37   0.731957161211  59   2.121084491077  81   4.277265775914
  16   0.128189120105  38   0.806274771587  60   2.121124148747  82   4.469085655921
  17   0.131591125246  39   0.806626133740  61   2.265838057162  83   4.469148048594
  18   0.132690067888  40   0.847007086514  62   2.392431844909  84   5.053735053358
  19   0.138412704235  41   0.878183946482  63   2.392467299766  85  25.029497420987
  20   0.139704288311  42   0.931522223646  64   2.482581770567  86  25.460133283139
  21   0.171086576107  43   1.013234027567  65   2.482611018935  87  37.267021521294
  22   0.185101350200  44   1.091495573030  66   2.730392070216
  -----------------------------------------------------------------------------------

  - Timings for the RHF ground state calculation

     Total wall time (sec):              3.28600
     Total cpu time (sec):             163.94016

  eT terminated successfully!
