
  Preparation of molecular system (Libint)
  wall time (sec):                 0.00
  cpu time (sec):                  0.00
  cpu/wall ratio:                  0.73

  Preparation of molecular system (total)
  wall time (sec):                 0.12
  cpu time (sec):                  1.55
  cpu/wall ratio:                 12.41

  Cholesky decomposition of AO overlap
  wall time (sec):                 0.06
  cpu time (sec):                  3.23
  cpu/wall ratio:                 54.82


  :: Hartree-Fock engine
  =========================


  1) Generate initial SAD density

  SAD generation time
  wall time (sec):                 0.40
  cpu time (sec):                 15.45
  cpu/wall ratio:                 39.01


  2) Calculation of reference state (SCF-DIIS algorithm)

  AO Fock construction
  wall time (sec):                 0.06
  cpu time (sec):                  3.24
  cpu/wall ratio:                 53.12

  AO Fock construction
  wall time (sec):                 0.06
  cpu time (sec):                  2.95
  cpu/wall ratio:                 52.73

  AO Fock construction
  wall time (sec):                 0.07
  cpu time (sec):                  3.51
  cpu/wall ratio:                 52.45

  SCF DIIS iteration time
  wall time (sec):                 0.44
  cpu time (sec):                 21.90
  cpu/wall ratio:                 49.89

  AO Fock construction
  wall time (sec):                 0.06
  cpu time (sec):                  3.08
  cpu/wall ratio:                 51.33

  SCF DIIS iteration time
  wall time (sec):                 0.17
  cpu time (sec):                  7.46
  cpu/wall ratio:                 44.66

  AO Fock construction
  wall time (sec):                 0.12
  cpu time (sec):                  6.06
  cpu/wall ratio:                 52.26

  SCF DIIS iteration time
  wall time (sec):                 0.29
  cpu time (sec):                 14.40
  cpu/wall ratio:                 49.83

  AO Fock construction
  wall time (sec):                 0.09
  cpu time (sec):                  4.50
  cpu/wall ratio:                 52.27

  SCF DIIS iteration time
  wall time (sec):                 0.21
  cpu time (sec):                 10.17
  cpu/wall ratio:                 49.11

  AO Fock construction
  wall time (sec):                 0.10
  cpu time (sec):                  5.19
  cpu/wall ratio:                 52.94

  SCF DIIS iteration time
  wall time (sec):                 0.23
  cpu time (sec):                 10.99
  cpu/wall ratio:                 48.39

  AO Fock construction
  wall time (sec):                 0.11
  cpu time (sec):                  6.01
  cpu/wall ratio:                 53.21

  SCF DIIS iteration time
  wall time (sec):                 0.28
  cpu time (sec):                 14.36
  cpu/wall ratio:                 50.57

  AO Fock construction
  wall time (sec):                 0.11
  cpu time (sec):                  5.87
  cpu/wall ratio:                 52.41

  SCF DIIS iteration time
  wall time (sec):                 0.21
  cpu time (sec):                 10.13
  cpu/wall ratio:                 49.18

  AO Fock construction
  wall time (sec):                 0.05
  cpu time (sec):                  2.52
  cpu/wall ratio:                 51.50

  SCF DIIS iteration time
  wall time (sec):                 0.25
  cpu time (sec):                 12.44
  cpu/wall ratio:                 50.15

  AO Fock construction
  wall time (sec):                 0.17
  cpu time (sec):                  9.36
  cpu/wall ratio:                 53.80

  SCF DIIS iteration time
  wall time (sec):                 0.33
  cpu time (sec):                 17.02
  cpu/wall ratio:                 51.74

  AO Fock construction
  wall time (sec):                 0.07
  cpu time (sec):                  3.62
  cpu/wall ratio:                 52.44

  SCF DIIS iteration time
  wall time (sec):                 0.21
  cpu time (sec):                 10.44
  cpu/wall ratio:                 49.93

  SCF DIIS iteration time
  wall time (sec):                 0.00
  cpu time (sec):                  0.06
  cpu/wall ratio:                 55.91

  SCF DIIS solver time
  wall time (sec):                 2.99
  cpu time (sec):                148.14
  cpu/wall ratio:                 49.58

  Hartree-Fock engine
  wall time (sec):                 3.38
  cpu time (sec):                163.58
  cpu/wall ratio:                 48.34


  :: Total time
  ================

  Total time in eT
  wall time (sec):                 3.61
  cpu time (sec):                170.87
  cpu/wall ratio:                 47.27
