
  Preparation of molecular system (Libint)
  wall time (sec):                 0.00
  cpu time (sec):                  0.00
  cpu/wall ratio:                  0.80

  Preparation of molecular system (total)
  wall time (sec):                 0.09
  cpu time (sec):                  0.32
  cpu/wall ratio:                  3.62

  Cholesky decomposition of AO overlap
  wall time (sec):                 0.00
  cpu time (sec):                  0.22
  cpu/wall ratio:                 54.86


  :: Hartree-Fock engine
  =========================


  1) Generate initial SAD density

  SAD generation time
  wall time (sec):                 0.92
  cpu time (sec):                 43.95
  cpu/wall ratio:                 47.93


  2) Calculation of reference state (SCF-DIIS algorithm)

  AO Fock construction
  wall time (sec):                 0.03
  cpu time (sec):                  1.42
  cpu/wall ratio:                 50.84

  AO Fock construction
  wall time (sec):                 0.06
  cpu time (sec):                  3.39
  cpu/wall ratio:                 53.01

  AO Fock construction
  wall time (sec):                 0.07
  cpu time (sec):                  3.56
  cpu/wall ratio:                 52.42

  SCF DIIS iteration time
  wall time (sec):                 0.25
  cpu time (sec):                 12.64
  cpu/wall ratio:                 49.75

  AO Fock construction
  wall time (sec):                 0.11
  cpu time (sec):                  6.04
  cpu/wall ratio:                 52.94

  SCF DIIS iteration time
  wall time (sec):                 0.32
  cpu time (sec):                 16.09
  cpu/wall ratio:                 50.61

  AO Fock construction
  wall time (sec):                 0.12
  cpu time (sec):                  6.32
  cpu/wall ratio:                 53.12

  SCF DIIS iteration time
  wall time (sec):                 0.23
  cpu time (sec):                 11.54
  cpu/wall ratio:                 49.52

  AO Fock construction
  wall time (sec):                 0.07
  cpu time (sec):                  3.38
  cpu/wall ratio:                 51.97

  SCF DIIS iteration time
  wall time (sec):                 0.26
  cpu time (sec):                 13.05
  cpu/wall ratio:                 50.20

  AO Fock construction
  wall time (sec):                 0.16
  cpu time (sec):                  8.70
  cpu/wall ratio:                 53.39

  SCF DIIS iteration time
  wall time (sec):                 0.30
  cpu time (sec):                 15.16
  cpu/wall ratio:                 50.70

  AO Fock construction
  wall time (sec):                 0.06
  cpu time (sec):                  3.29
  cpu/wall ratio:                 52.16

  SCF DIIS iteration time
  wall time (sec):                 0.23
  cpu time (sec):                 11.60
  cpu/wall ratio:                 49.80

  AO Fock construction
  wall time (sec):                 0.13
  cpu time (sec):                  6.78
  cpu/wall ratio:                 53.36

  SCF DIIS iteration time
  wall time (sec):                 0.20
  cpu time (sec):                  9.81
  cpu/wall ratio:                 49.27

  AO Fock construction
  wall time (sec):                 0.12
  cpu time (sec):                  6.62
  cpu/wall ratio:                 53.38

  SCF DIIS iteration time
  wall time (sec):                 0.34
  cpu time (sec):                 17.28
  cpu/wall ratio:                 51.27

  SCF DIIS iteration time
  wall time (sec):                 0.00
  cpu time (sec):                  0.06
  cpu/wall ratio:                 55.33

  SCF DIIS solver time
  wall time (sec):                 2.46
  cpu time (sec):                122.68
  cpu/wall ratio:                 49.97

  Hartree-Fock engine
  wall time (sec):                 3.37
  cpu time (sec):                166.63
  cpu/wall ratio:                 49.42


  :: Total time
  ================

  Total time in eT
  wall time (sec):                 3.51
  cpu time (sec):                168.64
  cpu/wall ratio:                 48.03
