
  Preparation of molecular system (Libint)
  wall time (sec):                 0.00
  cpu time (sec):                  0.00
  cpu/wall ratio:                  0.64

  Preparation of molecular system (total)
  wall time (sec):                 0.15
  cpu time (sec):                  0.73
  cpu/wall ratio:                  4.90

  Cholesky decomposition of AO overlap
  wall time (sec):                 0.00
  cpu time (sec):                  0.25
  cpu/wall ratio:                 49.41


  :: Hartree-Fock engine
  =========================


  1) Generate initial SAD density

  SAD generation time
  wall time (sec):                 0.45
  cpu time (sec):                 19.01
  cpu/wall ratio:                 42.44


  2) Calculation of reference state (SCF-DIIS algorithm)

  AO Fock construction
  wall time (sec):                 0.09
  cpu time (sec):                  4.77
  cpu/wall ratio:                 53.00

  AO Fock construction
  wall time (sec):                 0.06
  cpu time (sec):                  3.03
  cpu/wall ratio:                 52.22

  AO Fock construction
  wall time (sec):                 0.07
  cpu time (sec):                  3.92
  cpu/wall ratio:                 52.31

  SCF DIIS iteration time
  wall time (sec):                 0.19
  cpu time (sec):                  7.90
  cpu/wall ratio:                 42.24

  AO Fock construction
  wall time (sec):                 0.06
  cpu time (sec):                  3.08
  cpu/wall ratio:                 51.29

  SCF DIIS iteration time
  wall time (sec):                 0.12
  cpu time (sec):                  5.30
  cpu/wall ratio:                 44.17

  AO Fock construction
  wall time (sec):                 0.16
  cpu time (sec):                  8.32
  cpu/wall ratio:                 53.32

  SCF DIIS iteration time
  wall time (sec):                 0.35
  cpu time (sec):                 17.83
  cpu/wall ratio:                 51.38

  AO Fock construction
  wall time (sec):                 0.12
  cpu time (sec):                  6.20
  cpu/wall ratio:                 53.42

  SCF DIIS iteration time
  wall time (sec):                 0.24
  cpu time (sec):                 12.11
  cpu/wall ratio:                 50.45

  AO Fock construction
  wall time (sec):                 0.07
  cpu time (sec):                  3.57
  cpu/wall ratio:                 52.53

  SCF DIIS iteration time
  wall time (sec):                 0.23
  cpu time (sec):                 11.41
  cpu/wall ratio:                 50.48

  AO Fock construction
  wall time (sec):                 0.18
  cpu time (sec):                  9.81
  cpu/wall ratio:                 53.05

  SCF DIIS iteration time
  wall time (sec):                 0.43
  cpu time (sec):                 22.29
  cpu/wall ratio:                 52.07

  AO Fock construction
  wall time (sec):                 0.20
  cpu time (sec):                 10.83
  cpu/wall ratio:                 53.63

  SCF DIIS iteration time
  wall time (sec):                 0.34
  cpu time (sec):                 17.83
  cpu/wall ratio:                 51.69

  AO Fock construction
  wall time (sec):                 0.09
  cpu time (sec):                  4.55
  cpu/wall ratio:                 52.95

  SCF DIIS iteration time
  wall time (sec):                 0.37
  cpu time (sec):                 19.41
  cpu/wall ratio:                 52.04

  SCF DIIS iteration time
  wall time (sec):                 0.00
  cpu time (sec):                  0.05
  cpu/wall ratio:                 54.75

  SCF DIIS solver time
  wall time (sec):                 2.66
  cpu time (sec):                133.23
  cpu/wall ratio:                 50.18

  Hartree-Fock engine
  wall time (sec):                 3.10
  cpu time (sec):                152.30
  cpu/wall ratio:                 49.08


  :: Total time
  ================

  Total time in eT
  wall time (sec):                 3.31
  cpu time (sec):                154.94
  cpu/wall ratio:                 46.74
