
  Preparation of molecular system (Libint)
  wall time (sec):                 0.00
  cpu time (sec):                  0.00
  cpu/wall ratio:                  1.21

  Preparation of molecular system (total)
  wall time (sec):                 0.10
  cpu time (sec):                  0.36
  cpu/wall ratio:                  3.54

  Cholesky decomposition of AO overlap
  wall time (sec):                 0.00
  cpu time (sec):                  0.22
  cpu/wall ratio:                 54.83


  :: Hartree-Fock engine
  =========================


  1) Generate initial SAD density

  SAD generation time
  wall time (sec):                 0.40
  cpu time (sec):                 16.80
  cpu/wall ratio:                 42.31


  2) Calculation of reference state (SCF-DIIS algorithm)

  AO Fock construction
  wall time (sec):                 0.09
  cpu time (sec):                  4.85
  cpu/wall ratio:                 52.77

  AO Fock construction
  wall time (sec):                 0.18
  cpu time (sec):                  9.43
  cpu/wall ratio:                 53.60

  AO Fock construction
  wall time (sec):                 0.08
  cpu time (sec):                  4.22
  cpu/wall ratio:                 52.71

  SCF DIIS iteration time
  wall time (sec):                 0.32
  cpu time (sec):                 16.12
  cpu/wall ratio:                 49.90

  AO Fock construction
  wall time (sec):                 0.12
  cpu time (sec):                  6.20
  cpu/wall ratio:                 53.03

  SCF DIIS iteration time
  wall time (sec):                 0.36
  cpu time (sec):                 18.17
  cpu/wall ratio:                 50.75

  AO Fock construction
  wall time (sec):                 0.10
  cpu time (sec):                  5.38
  cpu/wall ratio:                 52.79

  SCF DIIS iteration time
  wall time (sec):                 0.41
  cpu time (sec):                 21.07
  cpu/wall ratio:                 51.27

  AO Fock construction
  wall time (sec):                 0.18
  cpu time (sec):                  9.70
  cpu/wall ratio:                 53.92

  SCF DIIS iteration time
  wall time (sec):                 0.46
  cpu time (sec):                 23.88
  cpu/wall ratio:                 52.37

  AO Fock construction
  wall time (sec):                 0.15
  cpu time (sec):                  8.02
  cpu/wall ratio:                 53.83

  SCF DIIS iteration time
  wall time (sec):                 0.24
  cpu time (sec):                 11.92
  cpu/wall ratio:                 49.85

  AO Fock construction
  wall time (sec):                 0.13
  cpu time (sec):                  7.04
  cpu/wall ratio:                 53.33

  SCF DIIS iteration time
  wall time (sec):                 0.21
  cpu time (sec):                 10.42
  cpu/wall ratio:                 49.85

  AO Fock construction
  wall time (sec):                 0.05
  cpu time (sec):                  2.69
  cpu/wall ratio:                 51.73

  SCF DIIS iteration time
  wall time (sec):                 0.18
  cpu time (sec):                  8.75
  cpu/wall ratio:                 47.79

  AO Fock construction
  wall time (sec):                 0.05
  cpu time (sec):                  2.71
  cpu/wall ratio:                 51.18

  SCF DIIS iteration time
  wall time (sec):                 0.16
  cpu time (sec):                  7.79
  cpu/wall ratio:                 47.77

  AO Fock construction
  wall time (sec):                 0.16
  cpu time (sec):                  8.61
  cpu/wall ratio:                 53.84

  SCF DIIS iteration time
  wall time (sec):                 0.34
  cpu time (sec):                 17.63
  cpu/wall ratio:                 51.69

  SCF DIIS iteration time
  wall time (sec):                 0.02
  cpu time (sec):                  0.95
  cpu/wall ratio:                 56.13

  SCF DIIS solver time
  wall time (sec):                 3.26
  cpu time (sec):                165.40
  cpu/wall ratio:                 50.67

  Hartree-Fock engine
  wall time (sec):                 3.66
  cpu time (sec):                182.20
  cpu/wall ratio:                 49.77


  :: Total time
  ================

  Total time in eT
  wall time (sec):                 3.79
  cpu time (sec):                183.35
  cpu/wall ratio:                 48.37
