
  Preparation of molecular system (Libint)
  wall time (sec):                 0.00
  cpu time (sec):                  0.00
  cpu/wall ratio:                  1.23

  Preparation of molecular system (total)
  wall time (sec):                 0.12
  cpu time (sec):                  1.51
  cpu/wall ratio:                 12.17

  Cholesky decomposition of AO overlap
  wall time (sec):                 0.06
  cpu time (sec):                  3.23
  cpu/wall ratio:                 54.83


  :: Hartree-Fock engine
  =========================


  1) Generate initial SAD density

  SAD generation time
  wall time (sec):                 0.36
  cpu time (sec):                 14.37
  cpu/wall ratio:                 39.48


  2) Calculation of reference state (SCF-DIIS algorithm)

  AO Fock construction
  wall time (sec):                 0.09
  cpu time (sec):                  4.70
  cpu/wall ratio:                 53.45

  AO Fock construction
  wall time (sec):                 0.10
  cpu time (sec):                  5.34
  cpu/wall ratio:                 53.38

  AO Fock construction
  wall time (sec):                 0.06
  cpu time (sec):                  2.97
  cpu/wall ratio:                 51.17

  SCF DIIS iteration time
  wall time (sec):                 0.13
  cpu time (sec):                  5.93
  cpu/wall ratio:                 45.26

  AO Fock construction
  wall time (sec):                 0.07
  cpu time (sec):                  3.53
  cpu/wall ratio:                 51.93

  SCF DIIS iteration time
  wall time (sec):                 0.39
  cpu time (sec):                 19.75
  cpu/wall ratio:                 51.02

  AO Fock construction
  wall time (sec):                 0.07
  cpu time (sec):                  3.62
  cpu/wall ratio:                 51.68

  SCF DIIS iteration time
  wall time (sec):                 0.36
  cpu time (sec):                 18.23
  cpu/wall ratio:                 50.91

  AO Fock construction
  wall time (sec):                 0.18
  cpu time (sec):                  9.76
  cpu/wall ratio:                 53.64

  SCF DIIS iteration time
  wall time (sec):                 0.43
  cpu time (sec):                 22.03
  cpu/wall ratio:                 51.47

  AO Fock construction
  wall time (sec):                 0.05
  cpu time (sec):                  2.70
  cpu/wall ratio:                 50.96

  SCF DIIS iteration time
  wall time (sec):                 0.10
  cpu time (sec):                  4.39
  cpu/wall ratio:                 43.49

  AO Fock construction
  wall time (sec):                 0.07
  cpu time (sec):                  3.45
  cpu/wall ratio:                 52.24

  SCF DIIS iteration time
  wall time (sec):                 0.24
  cpu time (sec):                 12.36
  cpu/wall ratio:                 50.67

  AO Fock construction
  wall time (sec):                 0.10
  cpu time (sec):                  5.03
  cpu/wall ratio:                 52.99

  SCF DIIS iteration time
  wall time (sec):                 0.19
  cpu time (sec):                  9.58
  cpu/wall ratio:                 49.62

  AO Fock construction
  wall time (sec):                 0.06
  cpu time (sec):                  2.95
  cpu/wall ratio:                 51.77

  SCF DIIS iteration time
  wall time (sec):                 0.22
  cpu time (sec):                 11.06
  cpu/wall ratio:                 50.27

  AO Fock construction
  wall time (sec):                 0.13
  cpu time (sec):                  7.01
  cpu/wall ratio:                 53.50

  SCF DIIS iteration time
  wall time (sec):                 0.39
  cpu time (sec):                 20.09
  cpu/wall ratio:                 52.04

  SCF DIIS iteration time
  wall time (sec):                 0.00
  cpu time (sec):                  0.06
  cpu/wall ratio:                 55.69

  SCF DIIS solver time
  wall time (sec):                 2.82
  cpu time (sec):                141.86
  cpu/wall ratio:                 50.27

  Hartree-Fock engine
  wall time (sec):                 3.19
  cpu time (sec):                156.23
  cpu/wall ratio:                 49.04


  :: Total time
  ================

  Total time in eT
  wall time (sec):                 3.44
  cpu time (sec):                163.61
  cpu/wall ratio:                 47.55
