
  Preparation of molecular system (Libint)
  wall time (sec):                 0.00
  cpu time (sec):                  0.00
  cpu/wall ratio:                  1.25

  Preparation of molecular system (total)
  wall time (sec):                 0.12
  cpu time (sec):                  1.49
  cpu/wall ratio:                 11.95

  Cholesky decomposition of AO overlap
  wall time (sec):                 0.04
  cpu time (sec):                  2.25
  cpu/wall ratio:                 54.92


  :: Hartree-Fock engine
  =========================


  1) Generate initial SAD density

  SAD generation time
  wall time (sec):                 0.44
  cpu time (sec):                 18.90
  cpu/wall ratio:                 42.94


  2) Calculation of reference state (SCF-DIIS algorithm)

  AO Fock construction
  wall time (sec):                 0.09
  cpu time (sec):                  4.96
  cpu/wall ratio:                 53.35

  AO Fock construction
  wall time (sec):                 0.07
  cpu time (sec):                  3.68
  cpu/wall ratio:                 52.53

  AO Fock construction
  wall time (sec):                 0.10
  cpu time (sec):                  5.48
  cpu/wall ratio:                 52.70

  SCF DIIS iteration time
  wall time (sec):                 0.31
  cpu time (sec):                 15.96
  cpu/wall ratio:                 50.82

  AO Fock construction
  wall time (sec):                 0.12
  cpu time (sec):                  6.41
  cpu/wall ratio:                 52.95

  SCF DIIS iteration time
  wall time (sec):                 0.24
  cpu time (sec):                 11.97
  cpu/wall ratio:                 49.25

  AO Fock construction
  wall time (sec):                 0.06
  cpu time (sec):                  3.17
  cpu/wall ratio:                 52.02

  SCF DIIS iteration time
  wall time (sec):                 0.22
  cpu time (sec):                 10.95
  cpu/wall ratio:                 49.54

  AO Fock construction
  wall time (sec):                 0.07
  cpu time (sec):                  3.76
  cpu/wall ratio:                 52.19

  SCF DIIS iteration time
  wall time (sec):                 0.31
  cpu time (sec):                 15.77
  cpu/wall ratio:                 51.05

  AO Fock construction
  wall time (sec):                 0.17
  cpu time (sec):                  8.87
  cpu/wall ratio:                 53.78

  SCF DIIS iteration time
  wall time (sec):                 0.40
  cpu time (sec):                 20.69
  cpu/wall ratio:                 51.99

  AO Fock construction
  wall time (sec):                 0.05
  cpu time (sec):                  2.64
  cpu/wall ratio:                 51.81

  SCF DIIS iteration time
  wall time (sec):                 0.20
  cpu time (sec):                 10.25
  cpu/wall ratio:                 50.26

  AO Fock construction
  wall time (sec):                 0.13
  cpu time (sec):                  7.02
  cpu/wall ratio:                 53.56

  SCF DIIS iteration time
  wall time (sec):                 0.38
  cpu time (sec):                 19.64
  cpu/wall ratio:                 52.24

  AO Fock construction
  wall time (sec):                 0.05
  cpu time (sec):                  2.58
  cpu/wall ratio:                 51.64

  SCF DIIS iteration time
  wall time (sec):                 0.20
  cpu time (sec):                  9.98
  cpu/wall ratio:                 49.88

  SCF DIIS iteration time
  wall time (sec):                 0.00
  cpu time (sec):                  0.06
  cpu/wall ratio:                 55.87

  SCF DIIS solver time
  wall time (sec):                 2.77
  cpu time (sec):                140.96
  cpu/wall ratio:                 50.83

  Hartree-Fock engine
  wall time (sec):                 3.21
  cpu time (sec):                159.86
  cpu/wall ratio:                 49.74


  :: Total time
  ================

  Total time in eT
  wall time (sec):                 3.43
  cpu time (sec):                165.98
  cpu/wall ratio:                 48.45
