


                     eT - an electronic structure program

  ------------------------------------------------------------------------
   Author list in alphabetical order:
  ------------------------------------------------------------------------
   J. H. Andersen, A. Balbi, S. Coriani, S. D. Folkestad, T. Giovannini, 
   L. Goletto, T. S. Haugland, A. Hutcheson, I-M. Høyvik, E. F. Kjønstad, 
   H. Koch, T. Moitra, R. H. Myhre, A. C. Paul, M. Scavino, A. Skeidsvoll, 
   Å. H. Tveten
  ------------------------------------------------------------------------


  :: Input file
  ================

     Note: geometry section is excluded from this print

     system
        name: acetonitrile scan 2.75
        charge: 0
     end system

     do
       ground state
     end do

     memory
        available: 8
     end memory

     solver scf
        algorithm: scf-diis
     end solver scf

     molecular mechanics
        forcefield: non-polarizable
     end molecular mechanics

     method
        hf
     end method


  Running on 56 OMP thread(s)
  Memory available for calculation: 8.000000 GB


  :: Molecular system specifications (QM)
  ==========================================

     Name:             acetonitrile scan 2.75
     Charge:           0
     Multiplicity:     1
     Coordinate units: angstrom

     Pure basis functions:         87
     Cartesian basis functions:    90
     Primitive basis functions:   135

     Nuclear repulsion energy (a.u.):             58.467242266463
     Bohr/angstrom value (CODATA 2010):            0.529177210920

     ==============================================================================
                                     Geometry (angstrom)
     ==============================================================================
        Atom           X                  Y                  Z         # in input
     ==============================================================================
        Basis: 6-311++g**
        1 C     -1.183009000000     0.000009000000     0.000044000000        1
        2 C      0.280591000000    -0.000033000000    -0.000101000000        2
        3 N      1.434854000000     0.000012000000     0.000006000000        3
        4 H     -1.551986000000     0.908175000000     0.472453000000        4
        5 H     -1.551961000000    -0.863153000000     0.550412000000        5
        6 H     -1.552113000000    -0.044999000000    -1.022607000000        6
     ==============================================================================

     ==============================================================================
                                     Geometry (a.u.)
     ==============================================================================
        Atom           X                  Y                  Z         # in input
     ==============================================================================
        Basis: 6-311++g**
        1 C     -2.235563012896     0.000017007535     0.000083147949        1
        2 C      0.530240143018    -0.000062360962    -0.000190862339        2
        3 N      2.711481088737     0.000022676713     0.000011338357        3
        4 H     -2.932828489159     1.716202023177     0.892806776729        4
        5 H     -2.932781246006    -1.631122773597     1.040127935674        5
        6 H     -2.933068484377    -0.085035785879    -1.932447163063        6
     ==============================================================================


  :: Molecular system specifications (MM)
  ==========================================

     Force Field:  non-polarizable

     Number of MM atoms:                   2
     Number of MM molecules:               1

    ====================================================================
                        MM Geometry (Å) and Parameters
    ====================================================================
    Atom    Mol             X          Y          Z            Charge
    ====================================================================
      H       1         1.434891  -1.269040   2.439679        1.000000
      H       1         1.434904  -1.730514   3.326833       -1.000000
    ====================================================================


  :: RHF wavefunction
  ======================

  This is a QM/MM calculation

     Electrostatic Embedding:

     Each atom of the MM portion is endowed with a charge which value 
     is a fixed external parameter.

     The QM/MM electrostatic interaction energy is defined as:

        E^ele_QM/MM = sum_i q_i * V_i(P)

     where V_i(P) is the electrostatic potential due to the QM density 
     calculated at the position of the i-th charge q_i.

     For further details, see:
     Senn & Thiel, Angew. Chem. Int. Ed., 2009, 48, 1198−1229


  - Cholesky decomposition of AO overlap to get linearly independent orbitals:

  - Orbital details:

     Number of occupied orbitals:        11
     Number of virtual orbitals:         76
     Number of molecular orbitals:       87
     Number of atomic orbitals:          87


  :: Hartree-Fock engine
  =========================

  Drives the calculation of the Hartree-Fock state.

  This is a RHF ground state calculation.
  The following tasks will be performed:

     1) Generate initial SAD density
     2) Calculation of reference state (SCF-DIIS algorithm)


  1) Generate initial SAD density


  2) Calculation of reference state (SCF-DIIS algorithm)

   - Self-consistent field DIIS Hartree-Fock solver
  ----------------------------------------------------

  A DIIS-accelerated Roothan-Hall self-consistent field solver. A least-square 
  DIIS fit is performed on the previous Fock matrices and associated gradients. 
  Following the Roothan-Hall update of the density, the DIIS-fitted Fock 
  matrix is used to get the next orbital coefficients.

  - Hartree-Fock solver settings:

     DIIS dimension:                         8
     Cumulative Fock threshold:       0.10E+01

     Energy threshold:              0.1000E-05
     Gradient threshold:            0.1000E-05

     Coulomb screening threshold:   0.1000E-11
     Exchange screening threshold:  0.1000E-09
     Fock precision:                0.1000E-23
     Integral cutoff:               0.1000E-11

  - Setting initial AO density to SAD

     Energy of initial guess:              -133.164319067635
     Number of electrons in guess:           22.000000000000

  Iteration       Energy (a.u.)      Max(grad.)    Delta E (a.u.)
  ---------------------------------------------------------------
     1          -132.437233498041     0.7244E-01     0.1324E+03
     2          -132.472964970410     0.6986E-01     0.3573E-01
     3          -132.499151453295     0.9726E-02     0.2619E-01
     4          -132.500680198928     0.1637E-02     0.1529E-02
     5          -132.500739266608     0.1091E-02     0.5907E-04
     6          -132.500746825716     0.2517E-03     0.7559E-05
     7          -132.500747319863     0.3575E-04     0.4941E-06
     8          -132.500747334453     0.6413E-05     0.1459E-07
     9          -132.500747335695     0.4135E-05     0.1241E-08
    10          -132.500747336057     0.2496E-05     0.3621E-09
    11          -132.500747336219     0.7326E-06     0.1628E-09
  ---------------------------------------------------------------
  Convergence criterion met in 11 iterations!

  - Summary of RHF wavefunction energetics (a.u.):

     HOMO-LUMO gap:                  0.523258788468
     Nuclear repulsion energy:      58.751142028286
     Electronic energy:           -191.251889364506
     Total energy:                -132.500747336219

  - Summary of QM/MM energetics:
                                         a.u.             eV     kcal/mol
     QM/MM SCF Contribution:        -0.825409253725
     QM/MM Electrostatic Energy:    -0.012332406016    -0.33558    -7.739

  - Molecular orbital energies

  -----------------------------------------------------------------------------------
   1 -15.614795193546  23   0.163626360376  45   1.070147971536  67   2.761413320050
   2 -11.324873556573  24   0.173137715829  46   1.075221301128  68   2.762079675633
   3 -11.313583644316  25   0.253225454705  47   1.219047078999  69   2.831954107532
   4  -1.269196777017  26   0.259872241665  48   1.221417847788  70   2.832476525875
   5  -1.072364723371  27   0.290463736051  49   1.324012132853  71   2.888198946680
   6  -0.730147831615  28   0.294366264603  50   1.454262929369  72   3.119878290048
   7  -0.660280890398  29   0.297375875045  51   1.455071334974  73   3.122023000108
   8  -0.659152161190  30   0.303007092061  52   1.611240841303  74   3.198784746895
   9  -0.599128969607  31   0.341789006894  53   1.647231132258  75   3.220150740952
  10  -0.508640612422  32   0.390823314825  54   1.692978380716  76   3.224408224741
  11  -0.504391701932  33   0.556038620820  55   1.694424389987  77   3.357064711094
  12   0.018867086536  34   0.558425020175  56   1.768412250216  78   3.523871858376
  13   0.050212409467  35   0.575470336344  57   1.769231473185  79   4.154116755616
  14   0.054181957803  36   0.692689823006  58   1.978512198455  80   4.154819796430
  15   0.062745725261  37   0.702441463415  59   2.095893454730  81   4.249069222197
  16   0.105841876393  38   0.788007091501  60   2.096923725708  82   4.430769823069
  17   0.116738930435  39   0.789237938432  61   2.244825478011  83   4.434689561968
  18   0.118345302637  40   0.818294132667  62   2.355271915305  84   5.017749575748
  19   0.126563334411  41   0.855949371838  63   2.355600231972  85  25.006955727623
  20   0.128569877722  42   0.906707703780  64   2.457316637545  86  25.424274961278
  21   0.153746348658  43   0.981989880878  65   2.457931043603  87  37.231591770661
  22   0.159298293808  44   1.062314983430  66   2.710199710951
  -----------------------------------------------------------------------------------

  - Timings for the RHF ground state calculation

     Total wall time (sec):              4.77600
     Total cpu time (sec):             228.79067

  eT terminated successfully!
