
  Preparation of molecular system (Libint)
  wall time (sec):                 0.00
  cpu time (sec):                  0.00
  cpu/wall ratio:                  1.20

  Preparation of molecular system (total)
  wall time (sec):                 0.11
  cpu time (sec):                  0.68
  cpu/wall ratio:                  6.27

  Cholesky decomposition of AO overlap
  wall time (sec):                 0.00
  cpu time (sec):                  0.20
  cpu/wall ratio:                 51.20


  :: Hartree-Fock engine
  =========================


  1) Generate initial SAD density

  SAD generation time
  wall time (sec):                 0.39
  cpu time (sec):                 14.62
  cpu/wall ratio:                 37.88


  2) Calculation of reference state (SCF-DIIS algorithm)

  AO Fock construction
  wall time (sec):                 0.06
  cpu time (sec):                  3.06
  cpu/wall ratio:                 52.70

  AO Fock construction
  wall time (sec):                 0.06
  cpu time (sec):                  3.14
  cpu/wall ratio:                 52.30

  AO Fock construction
  wall time (sec):                 0.08
  cpu time (sec):                  3.92
  cpu/wall ratio:                 52.25

  SCF DIIS iteration time
  wall time (sec):                 0.14
  cpu time (sec):                  6.70
  cpu/wall ratio:                 46.84

  AO Fock construction
  wall time (sec):                 0.09
  cpu time (sec):                  4.78
  cpu/wall ratio:                 51.96

  SCF DIIS iteration time
  wall time (sec):                 0.40
  cpu time (sec):                 20.61
  cpu/wall ratio:                 51.26

  AO Fock construction
  wall time (sec):                 0.07
  cpu time (sec):                  3.40
  cpu/wall ratio:                 51.59

  SCF DIIS iteration time
  wall time (sec):                 0.26
  cpu time (sec):                 12.72
  cpu/wall ratio:                 49.70

  AO Fock construction
  wall time (sec):                 0.13
  cpu time (sec):                  7.01
  cpu/wall ratio:                 53.12

  SCF DIIS iteration time
  wall time (sec):                 0.34
  cpu time (sec):                 17.61
  cpu/wall ratio:                 51.18

  AO Fock construction
  wall time (sec):                 0.10
  cpu time (sec):                  5.10
  cpu/wall ratio:                 53.08

  SCF DIIS iteration time
  wall time (sec):                 0.33
  cpu time (sec):                 16.86
  cpu/wall ratio:                 51.10

  AO Fock construction
  wall time (sec):                 0.08
  cpu time (sec):                  3.96
  cpu/wall ratio:                 52.13

  SCF DIIS iteration time
  wall time (sec):                 0.26
  cpu time (sec):                 12.77
  cpu/wall ratio:                 49.68

  AO Fock construction
  wall time (sec):                 0.11
  cpu time (sec):                  6.03
  cpu/wall ratio:                 53.35

  SCF DIIS iteration time
  wall time (sec):                 0.34
  cpu time (sec):                 17.50
  cpu/wall ratio:                 51.77

  AO Fock construction
  wall time (sec):                 0.14
  cpu time (sec):                  7.51
  cpu/wall ratio:                 53.25

  SCF DIIS iteration time
  wall time (sec):                 0.38
  cpu time (sec):                 19.75
  cpu/wall ratio:                 51.99

  AO Fock construction
  wall time (sec):                 0.06
  cpu time (sec):                  3.31
  cpu/wall ratio:                 51.71

  SCF DIIS iteration time
  wall time (sec):                 0.18
  cpu time (sec):                  8.92
  cpu/wall ratio:                 49.02

  SCF DIIS iteration time
  wall time (sec):                 0.00
  cpu time (sec):                  0.06
  cpu/wall ratio:                 55.68

  SCF DIIS solver time
  wall time (sec):                 2.86
  cpu time (sec):                143.69
  cpu/wall ratio:                 50.31

  Hartree-Fock engine
  wall time (sec):                 3.24
  cpu time (sec):                158.32
  cpu/wall ratio:                 48.83


  :: Total time
  ================

  Total time in eT
  wall time (sec):                 3.39
  cpu time (sec):                160.65
  cpu/wall ratio:                 47.39
