
  Preparation of molecular system (Libint)
  wall time (sec):                 0.00
  cpu time (sec):                  0.00
  cpu/wall ratio:                  0.78

  Preparation of molecular system (total)
  wall time (sec):                 0.11
  cpu time (sec):                  1.49
  cpu/wall ratio:                 13.38

  Cholesky decomposition of AO overlap
  wall time (sec):                 0.04
  cpu time (sec):                  2.31
  cpu/wall ratio:                 54.90


  :: Hartree-Fock engine
  =========================


  1) Generate initial SAD density

  SAD generation time
  wall time (sec):                 0.41
  cpu time (sec):                 16.04
  cpu/wall ratio:                 39.31


  2) Calculation of reference state (SCF-DIIS algorithm)

  AO Fock construction
  wall time (sec):                 0.08
  cpu time (sec):                  4.33
  cpu/wall ratio:                 53.50

  AO Fock construction
  wall time (sec):                 0.06
  cpu time (sec):                  2.95
  cpu/wall ratio:                 52.69

  AO Fock construction
  wall time (sec):                 0.06
  cpu time (sec):                  2.92
  cpu/wall ratio:                 52.23

  SCF DIIS iteration time
  wall time (sec):                 0.21
  cpu time (sec):                 10.47
  cpu/wall ratio:                 49.17

  AO Fock construction
  wall time (sec):                 0.09
  cpu time (sec):                  4.98
  cpu/wall ratio:                 52.94

  SCF DIIS iteration time
  wall time (sec):                 0.22
  cpu time (sec):                 10.40
  cpu/wall ratio:                 48.13

  AO Fock construction
  wall time (sec):                 0.16
  cpu time (sec):                  8.40
  cpu/wall ratio:                 53.49

  SCF DIIS iteration time
  wall time (sec):                 0.43
  cpu time (sec):                 22.07
  cpu/wall ratio:                 51.93

  AO Fock construction
  wall time (sec):                 0.06
  cpu time (sec):                  3.26
  cpu/wall ratio:                 51.68

  SCF DIIS iteration time
  wall time (sec):                 0.17
  cpu time (sec):                  8.39
  cpu/wall ratio:                 48.20

  AO Fock construction
  wall time (sec):                 0.17
  cpu time (sec):                  8.79
  cpu/wall ratio:                 52.62

  SCF DIIS iteration time
  wall time (sec):                 0.38
  cpu time (sec):                 19.60
  cpu/wall ratio:                 51.32

  AO Fock construction
  wall time (sec):                 0.13
  cpu time (sec):                  6.73
  cpu/wall ratio:                 53.00

  SCF DIIS iteration time
  wall time (sec):                 0.39
  cpu time (sec):                 20.08
  cpu/wall ratio:                 51.76

  AO Fock construction
  wall time (sec):                 0.17
  cpu time (sec):                  8.86
  cpu/wall ratio:                 53.70

  SCF DIIS iteration time
  wall time (sec):                 0.40
  cpu time (sec):                 20.90
  cpu/wall ratio:                 52.25

  AO Fock construction
  wall time (sec):                 0.05
  cpu time (sec):                  2.50
  cpu/wall ratio:                 51.08

  SCF DIIS iteration time
  wall time (sec):                 0.21
  cpu time (sec):                 10.21
  cpu/wall ratio:                 49.83

  SCF DIIS iteration time
  wall time (sec):                 0.00
  cpu time (sec):                  0.06
  cpu/wall ratio:                 55.74

  SCF DIIS solver time
  wall time (sec):                 2.85
  cpu time (sec):                144.78
  cpu/wall ratio:                 50.76

  Hartree-Fock engine
  wall time (sec):                 3.26
  cpu time (sec):                160.82
  cpu/wall ratio:                 49.33


  :: Total time
  ================

  Total time in eT
  wall time (sec):                 3.47
  cpu time (sec):                167.21
  cpu/wall ratio:                 48.20
