
  Preparation of molecular system (Libint)
  wall time (sec):                 0.00
  cpu time (sec):                  0.00
  cpu/wall ratio:                  0.79

  Preparation of molecular system (total)
  wall time (sec):                 0.12
  cpu time (sec):                  1.49
  cpu/wall ratio:                 12.04

  Cholesky decomposition of AO overlap
  wall time (sec):                 0.07
  cpu time (sec):                  3.89
  cpu/wall ratio:                 54.83


  :: Hartree-Fock engine
  =========================


  1) Generate initial SAD density

  SAD generation time
  wall time (sec):                 0.45
  cpu time (sec):                 20.22
  cpu/wall ratio:                 44.74


  2) Calculation of reference state (SCF-DIIS algorithm)

  AO Fock construction
  wall time (sec):                 0.04
  cpu time (sec):                  2.07
  cpu/wall ratio:                 51.84

  AO Fock construction
  wall time (sec):                 0.06
  cpu time (sec):                  3.32
  cpu/wall ratio:                 52.72

  AO Fock construction
  wall time (sec):                 0.06
  cpu time (sec):                  3.19
  cpu/wall ratio:                 52.27

  SCF DIIS iteration time
  wall time (sec):                 0.14
  cpu time (sec):                  6.53
  cpu/wall ratio:                 45.66

  AO Fock construction
  wall time (sec):                 0.05
  cpu time (sec):                  2.79
  cpu/wall ratio:                 51.71

  SCF DIIS iteration time
  wall time (sec):                 0.35
  cpu time (sec):                 17.72
  cpu/wall ratio:                 51.22

  AO Fock construction
  wall time (sec):                 0.18
  cpu time (sec):                  9.75
  cpu/wall ratio:                 53.85

  SCF DIIS iteration time
  wall time (sec):                 0.49
  cpu time (sec):                 25.54
  cpu/wall ratio:                 52.13

  AO Fock construction
  wall time (sec):                 0.07
  cpu time (sec):                  3.45
  cpu/wall ratio:                 52.32

  SCF DIIS iteration time
  wall time (sec):                 0.21
  cpu time (sec):                 10.45
  cpu/wall ratio:                 50.01

  AO Fock construction
  wall time (sec):                 0.12
  cpu time (sec):                  6.36
  cpu/wall ratio:                 52.54

  SCF DIIS iteration time
  wall time (sec):                 0.23
  cpu time (sec):                 11.52
  cpu/wall ratio:                 49.64

  AO Fock construction
  wall time (sec):                 0.05
  cpu time (sec):                  2.72
  cpu/wall ratio:                 51.30

  SCF DIIS iteration time
  wall time (sec):                 0.23
  cpu time (sec):                 11.43
  cpu/wall ratio:                 50.12

  AO Fock construction
  wall time (sec):                 0.11
  cpu time (sec):                  5.93
  cpu/wall ratio:                 53.40

  SCF DIIS iteration time
  wall time (sec):                 0.39
  cpu time (sec):                 20.21
  cpu/wall ratio:                 52.23

  AO Fock construction
  wall time (sec):                 0.08
  cpu time (sec):                  4.05
  cpu/wall ratio:                 52.66

  SCF DIIS iteration time
  wall time (sec):                 0.21
  cpu time (sec):                 10.74
  cpu/wall ratio:                 50.17

  AO Fock construction
  wall time (sec):                 0.06
  cpu time (sec):                  2.96
  cpu/wall ratio:                 51.97

  SCF DIIS iteration time
  wall time (sec):                 0.19
  cpu time (sec):                  9.53
  cpu/wall ratio:                 49.38

  SCF DIIS iteration time
  wall time (sec):                 0.00
  cpu time (sec):                  0.06
  cpu/wall ratio:                 55.71

  SCF DIIS solver time
  wall time (sec):                 2.63
  cpu time (sec):                132.21
  cpu/wall ratio:                 50.23

  Hartree-Fock engine
  wall time (sec):                 3.08
  cpu time (sec):                152.43
  cpu/wall ratio:                 49.43


  :: Total time
  ================

  Total time in eT
  wall time (sec):                 3.32
  cpu time (sec):                160.21
  cpu/wall ratio:                 48.18
