


                     eT - an electronic structure program

  ------------------------------------------------------------------------
   Author list in alphabetical order:
  ------------------------------------------------------------------------
   J. H. Andersen, A. Balbi, S. Coriani, S. D. Folkestad, T. Giovannini, 
   L. Goletto, T. S. Haugland, A. Hutcheson, I-M. Høyvik, E. F. Kjønstad, 
   H. Koch, T. Moitra, R. H. Myhre, A. C. Paul, M. Scavino, A. Skeidsvoll, 
   Å. H. Tveten
  ------------------------------------------------------------------------


  :: Input file
  ================

     Note: geometry section is excluded from this print

     system
        name: acetonitrile scan 4.00
        charge: 0
     end system

     do
       ground state
     end do

     memory
        available: 8
     end memory

     solver scf
        algorithm: scf-diis
     end solver scf

     molecular mechanics
        forcefield: non-polarizable
     end molecular mechanics

     method
        hf
     end method


  Running on 56 OMP thread(s)
  Memory available for calculation: 8.000000 GB


  :: Molecular system specifications (QM)
  ==========================================

     Name:             acetonitrile scan 4.00
     Charge:           0
     Multiplicity:     1
     Coordinate units: angstrom

     Pure basis functions:         87
     Cartesian basis functions:    90
     Primitive basis functions:   135

     Nuclear repulsion energy (a.u.):             58.467242266463
     Bohr/angstrom value (CODATA 2010):            0.529177210920

     ==============================================================================
                                     Geometry (angstrom)
     ==============================================================================
        Atom           X                  Y                  Z         # in input
     ==============================================================================
        Basis: 6-311++g**
        1 C     -1.183009000000     0.000009000000     0.000044000000        1
        2 C      0.280591000000    -0.000033000000    -0.000101000000        2
        3 N      1.434854000000     0.000012000000     0.000006000000        3
        4 H     -1.551986000000     0.908175000000     0.472453000000        4
        5 H     -1.551961000000    -0.863153000000     0.550412000000        5
        6 H     -1.552113000000    -0.044999000000    -1.022607000000        6
     ==============================================================================

     ==============================================================================
                                     Geometry (a.u.)
     ==============================================================================
        Atom           X                  Y                  Z         # in input
     ==============================================================================
        Basis: 6-311++g**
        1 C     -2.235563012896     0.000017007535     0.000083147949        1
        2 C      0.530240143018    -0.000062360962    -0.000190862339        2
        3 N      2.711481088737     0.000022676713     0.000011338357        3
        4 H     -2.932828489159     1.716202023177     0.892806776729        4
        5 H     -2.932781246006    -1.631122773597     1.040127935674        5
        6 H     -2.933068484377    -0.085035785879    -1.932447163063        6
     ==============================================================================


  :: Molecular system specifications (MM)
  ==========================================

     Force Field:  non-polarizable

     Number of MM atoms:                   2
     Number of MM molecules:               1

    ====================================================================
                        MM Geometry (Å) and Parameters
    ====================================================================
    Atom    Mol             X          Y          Z            Charge
    ====================================================================
      H       1         1.434908  -1.845882   3.548622        1.000000
      H       1         1.434921  -2.307356   4.435776       -1.000000
    ====================================================================


  :: RHF wavefunction
  ======================

  This is a QM/MM calculation

     Electrostatic Embedding:

     Each atom of the MM portion is endowed with a charge which value 
     is a fixed external parameter.

     The QM/MM electrostatic interaction energy is defined as:

        E^ele_QM/MM = sum_i q_i * V_i(P)

     where V_i(P) is the electrostatic potential due to the QM density 
     calculated at the position of the i-th charge q_i.

     For further details, see:
     Senn & Thiel, Angew. Chem. Int. Ed., 2009, 48, 1198−1229


  - Cholesky decomposition of AO overlap to get linearly independent orbitals:

  - Orbital details:

     Number of occupied orbitals:        11
     Number of virtual orbitals:         76
     Number of molecular orbitals:       87
     Number of atomic orbitals:          87


  :: Hartree-Fock engine
  =========================

  Drives the calculation of the Hartree-Fock state.

  This is a RHF ground state calculation.
  The following tasks will be performed:

     1) Generate initial SAD density
     2) Calculation of reference state (SCF-DIIS algorithm)


  1) Generate initial SAD density


  2) Calculation of reference state (SCF-DIIS algorithm)

   - Self-consistent field DIIS Hartree-Fock solver
  ----------------------------------------------------

  A DIIS-accelerated Roothan-Hall self-consistent field solver. A least-square 
  DIIS fit is performed on the previous Fock matrices and associated gradients. 
  Following the Roothan-Hall update of the density, the DIIS-fitted Fock 
  matrix is used to get the next orbital coefficients.

  - Hartree-Fock solver settings:

     DIIS dimension:                         8
     Cumulative Fock threshold:       0.10E+01

     Energy threshold:              0.1000E-05
     Gradient threshold:            0.1000E-05

     Coulomb screening threshold:   0.1000E-11
     Exchange screening threshold:  0.1000E-09
     Fock precision:                0.1000E-23
     Integral cutoff:               0.1000E-11

  - Setting initial AO density to SAD

     Energy of initial guess:              -133.164513969209
     Number of electrons in guess:           22.000000000000

  Iteration       Energy (a.u.)      Max(grad.)    Delta E (a.u.)
  ---------------------------------------------------------------
     1          -132.433167896922     0.6983E-01     0.1324E+03
     2          -132.467867302019     0.6735E-01     0.3470E-01
     3          -132.491866775984     0.1022E-01     0.2400E-01
     4          -132.493415510476     0.1658E-02     0.1549E-02
     5          -132.493471931106     0.1096E-02     0.5642E-04
     6          -132.493479078155     0.2419E-03     0.7147E-05
     7          -132.493479531056     0.3170E-04     0.4529E-06
     8          -132.493479541031     0.4214E-05     0.9975E-08
     9          -132.493479541332     0.1478E-05     0.3012E-09
    10          -132.493479541354     0.3026E-06     0.2163E-10
  ---------------------------------------------------------------
  Convergence criterion met in 10 iterations!

  - Summary of RHF wavefunction energetics (a.u.):

     HOMO-LUMO gap:                  0.504032769542
     Nuclear repulsion energy:      58.413464507904
     Electronic energy:           -190.906944049258
     Total energy:                -132.493479541354

  - Summary of QM/MM energetics:
                                         a.u.             eV     kcal/mol
     QM/MM SCF Contribution:        -0.478846172227
     QM/MM Electrostatic Energy:    -0.003446844900    -0.09379    -2.163

  - Molecular orbital energies

  -----------------------------------------------------------------------------------
   1 -15.596725453538  23   0.173576813468  45   1.087286163567  67   2.768931895699
   2 -11.305287125245  24   0.174547793108  46   1.090631088489  68   2.769757835662
   3 -11.304517740626  25   0.261972785243  47   1.231180612264  69   2.841122440402
   4  -1.249088756995  26   0.265477948066  48   1.232209566443  70   2.841469671269
   5  -1.061457757685  27   0.296040842572  49   1.341160478308  71   2.903392110041
   6  -0.718169181857  28   0.298188000456  50   1.472448063790  72   3.136227619710
   7  -0.650495634090  29   0.306010494211  51   1.472660557417  73   3.137180797220
   8  -0.649652177523  30   0.310747495582  52   1.629381265000  74   3.207220413085
   9  -0.580654155678  31   0.345852306847  53   1.654268679313  75   3.240479614651
  10  -0.487980770739  32   0.399386890147  54   1.706141519838  76   3.241881777316
  11  -0.486817789702  33   0.563206154283  55   1.706850195515  77   3.374179187624
  12   0.017214979841  34   0.565034822679  56   1.776338230175  78   3.540059365401
  13   0.046131984370  35   0.586075603272  57   1.776957603713  79   4.163285001099
  14   0.055768711732  36   0.711143695023  58   1.989145697159  80   4.164005323399
  15   0.064399598264  37   0.716291847488  59   2.107425318223  81   4.262560196233
  16   0.107369219371  38   0.794999857781  60   2.107798040694  82   4.450949015368
  17   0.118694096565  39   0.795704244757  61   2.253574371635  83   4.452110078309
  18   0.122118750225  40   0.832084351288  62   2.374723838928  84   5.036211786697
  19   0.129050900210  41   0.865215439365  63   2.374819736371  85  25.016773707615
  20   0.131890624643  42   0.917762326271  64   2.468782696798  86  25.442933823170
  21   0.161627189758  43   0.996614392796  65   2.469062306889  87  37.249726709385
  22   0.170577781844  44   1.077920888353  66   2.718486409385
  -----------------------------------------------------------------------------------

  - Timings for the RHF ground state calculation

     Total wall time (sec):              2.77400
     Total cpu time (sec):             133.95504

  eT terminated successfully!
