


                     eT - an electronic structure program

  ------------------------------------------------------------------------
   Author list in alphabetical order:
  ------------------------------------------------------------------------
   J. H. Andersen, A. Balbi, S. Coriani, S. D. Folkestad, T. Giovannini, 
   L. Goletto, T. S. Haugland, A. Hutcheson, I-M. Høyvik, E. F. Kjønstad, 
   H. Koch, T. Moitra, R. H. Myhre, A. C. Paul, M. Scavino, A. Skeidsvoll, 
   Å. H. Tveten
  ------------------------------------------------------------------------


  :: Input file
  ================

     Note: geometry section is excluded from this print

     system
        name: methanol scan 3.50
        charge: 0
     end system

     do
       ground state
     end do

     memory
        available: 8
     end memory

     solver scf
        algorithm: scf-diis
     end solver scf

     molecular mechanics
        forcefield: non-polarizable
     end molecular mechanics

     method
        hf
     end method


  Running on 56 OMP thread(s)
  Memory available for calculation: 8.000000 GB


  :: Molecular system specifications (QM)
  ==========================================

     Name:             methanol scan 3.50
     Charge:           0
     Multiplicity:     1
     Coordinate units: angstrom

     Pure basis functions:         72
     Cartesian basis functions:    74
     Primitive basis functions:   108

     Nuclear repulsion energy (a.u.):             40.346784236152
     Bohr/angstrom value (CODATA 2010):            0.529177210920

     ==============================================================================
                                     Geometry (angstrom)
     ==============================================================================
        Atom           X                  Y                  Z         # in input
     ==============================================================================
        Basis: 6-311++g**
        1 C      0.997897000000     0.986064000000    -0.008014000000        1
        2 O     -0.422019000000     0.999211000000    -0.000572000000        2
        3 H      1.399338000000     0.999753000000    -1.024504000000        3
        4 H      1.399296000000     0.119782000000     0.523986000000        4
        5 H      1.322862000000     1.888586000000     0.504866000000        5
        6 H     -0.732374000000     0.211603000000    -0.448762000000        6
     ==============================================================================

     ==============================================================================
                                     Geometry (a.u.)
     ==============================================================================
        Atom           X                  Y                  Z         # in input
     ==============================================================================
        Basis: 6-311++g**
        1 C      1.885752030525     1.863390901293    -0.015144265162        1
        2 O     -0.797500329363     1.888235130653    -0.001080923343        2
        3 H      2.644365575697     1.889259362212    -1.936031973521        3
        4 H      2.644286207199     0.226355174653     0.990190033106        4
        5 H      2.499846880594     3.568910302688     0.954058469605        5
        6 H     -1.383986280752     0.399871717136    -0.848037275112        6
     ==============================================================================


  :: Molecular system specifications (MM)
  ==========================================

     Force Field:  non-polarizable

     Number of MM atoms:                   2
     Number of MM molecules:               1

    ====================================================================
                        MM Geometry (Å) and Parameters
    ====================================================================
    Atom    Mol             X          Y          Z            Charge
    ====================================================================
      H       1         4.497699   0.953659  -0.026357        1.000000
      H       1         5.497643   0.944401  -0.031598       -1.000000
    ====================================================================


  :: RHF wavefunction
  ======================

  This is a QM/MM calculation

     Electrostatic Embedding:

     Each atom of the MM portion is endowed with a charge which value 
     is a fixed external parameter.

     The QM/MM electrostatic interaction energy is defined as:

        E^ele_QM/MM = sum_i q_i * V_i(P)

     where V_i(P) is the electrostatic potential due to the QM density 
     calculated at the position of the i-th charge q_i.

     For further details, see:
     Senn & Thiel, Angew. Chem. Int. Ed., 2009, 48, 1198−1229


  - Cholesky decomposition of AO overlap to get linearly independent orbitals:

  - Orbital details:

     Number of occupied orbitals:         9
     Number of virtual orbitals:         63
     Number of molecular orbitals:       72
     Number of atomic orbitals:          72


  :: Hartree-Fock engine
  =========================

  Drives the calculation of the Hartree-Fock state.

  This is a RHF ground state calculation.
  The following tasks will be performed:

     1) Generate initial SAD density
     2) Calculation of reference state (SCF-DIIS algorithm)


  1) Generate initial SAD density


  2) Calculation of reference state (SCF-DIIS algorithm)

   - Self-consistent field DIIS Hartree-Fock solver
  ----------------------------------------------------

  A DIIS-accelerated Roothan-Hall self-consistent field solver. A least-square 
  DIIS fit is performed on the previous Fock matrices and associated gradients. 
  Following the Roothan-Hall update of the density, the DIIS-fitted Fock 
  matrix is used to get the next orbital coefficients.

  - Hartree-Fock solver settings:

     DIIS dimension:                         8
     Cumulative Fock threshold:       0.10E+01

     Energy threshold:              0.1000E-05
     Gradient threshold:            0.1000E-05

     Coulomb screening threshold:   0.1000E-11
     Exchange screening threshold:  0.1000E-09
     Fock precision:                0.1000E-23
     Integral cutoff:               0.1000E-11

  - Setting initial AO density to SAD

     Energy of initial guess:              -115.818373924382
     Number of electrons in guess:           18.000000000000

  Iteration       Energy (a.u.)      Max(grad.)    Delta E (a.u.)
  ---------------------------------------------------------------
     1          -115.557619915724     0.8183E-01     0.1156E+03
     2          -115.593279433462     0.6708E-01     0.3566E-01
     3          -115.606716745902     0.8214E-02     0.1344E-01
     4          -115.607258115217     0.6749E-03     0.5414E-03
     5          -115.607272136869     0.2588E-03     0.1402E-04
     6          -115.607273162885     0.6810E-04     0.1026E-05
     7          -115.607273252181     0.1773E-04     0.8930E-07
     8          -115.607273259804     0.4615E-05     0.7623E-08
     9          -115.607273260036     0.6897E-06     0.2320E-09
  ---------------------------------------------------------------
  Convergence criterion met in 9 iterations!

  - Summary of RHF wavefunction energetics (a.u.):

     HOMO-LUMO gap:                  0.486408536671
     Nuclear repulsion energy:      40.289564329760
     Electronic energy:           -155.896837589796
     Total energy:                -115.607273260036

  - Summary of QM/MM energetics:
                                         a.u.             eV     kcal/mol
     QM/MM SCF Contribution:        -0.470762256541
     QM/MM Electrostatic Energy:     0.001194735302     0.03251     0.750

  - Molecular orbital energies

  -----------------------------------------------------------------------------------
   1 -20.581901037598  19   0.269404989748  37   1.268114550336  55   2.755264846135
   2 -11.304844490312  20   0.271189937742  38   1.351611471140  56   2.818931868476
   3  -1.383673510611  21   0.272927902521  39   1.422427520191  57   2.822159034466
   4  -0.959533392818  22   0.290059821780  40   1.600114749910  58   2.961278722530
   5  -0.719523079509  23   0.308908897319  41   1.654651314532  59   3.168605752060
   6  -0.650662271140  24   0.319120672511  42   1.678166593684  60   3.319225848672
   7  -0.622401422317  25   0.361132930769  43   1.765943951632  61   3.443187777449
   8  -0.532134536796  26   0.452977223518  44   1.773511868455  62   3.573705753437
   9  -0.478336291188  27   0.536505271356  45   1.784807542250  63   3.660036447012
  10   0.008072245483  28   0.549228990721  46   1.927105094430  64   4.107320169694
  11   0.041213131790  29   0.691226028407  47   1.931005722381  65   4.156548847411
  12   0.055689358193  30   0.731708146336  48   2.051010850858  66   4.303845720642
  13   0.061748393849  31   0.816148793651  49   2.266479155614  67   4.418467747902
  14   0.084065650581  32   0.824585975704  50   2.317643869415  68   5.543720017627
  15   0.127592567607  33   0.845839644963  51   2.387996379142  69   5.891414878477
  16   0.141382406010  34   1.039270856612  52   2.490148464799  70   6.193714342776
  17   0.155570591525  35   1.163584372364  53   2.684470925978  71  25.039910371580
  18   0.261333125712  36   1.205991535073  54   2.723873577836  72  51.576627375819
  -----------------------------------------------------------------------------------

  - Timings for the RHF ground state calculation

     Total wall time (sec):              2.80400
     Total cpu time (sec):             135.24154

  eT terminated successfully!
