


                     eT - an electronic structure program

  ------------------------------------------------------------------------
   Author list in alphabetical order:
  ------------------------------------------------------------------------
   J. H. Andersen, A. Balbi, S. Coriani, S. D. Folkestad, T. Giovannini, 
   L. Goletto, T. S. Haugland, A. Hutcheson, I-M. Høyvik, E. F. Kjønstad, 
   H. Koch, T. Moitra, R. H. Myhre, A. C. Paul, M. Scavino, A. Skeidsvoll, 
   Å. H. Tveten
  ------------------------------------------------------------------------


  :: Input file
  ================

     Note: geometry section is excluded from this print

     system
        name: methanol scan 9.75
        charge: 0
     end system

     do
       ground state
     end do

     memory
        available: 8
     end memory

     solver scf
        algorithm: scf-diis
     end solver scf

     molecular mechanics
        forcefield: non-polarizable
     end molecular mechanics

     method
        hf
     end method


  Running on 56 OMP thread(s)
  Memory available for calculation: 8.000000 GB


  :: Molecular system specifications (QM)
  ==========================================

     Name:             methanol scan 9.75
     Charge:           0
     Multiplicity:     1
     Coordinate units: angstrom

     Pure basis functions:         72
     Cartesian basis functions:    74
     Primitive basis functions:   108

     Nuclear repulsion energy (a.u.):             40.346784236152
     Bohr/angstrom value (CODATA 2010):            0.529177210920

     ==============================================================================
                                     Geometry (angstrom)
     ==============================================================================
        Atom           X                  Y                  Z         # in input
     ==============================================================================
        Basis: 6-311++g**
        1 C      0.997897000000     0.986064000000    -0.008014000000        1
        2 O     -0.422019000000     0.999211000000    -0.000572000000        2
        3 H      1.399338000000     0.999753000000    -1.024504000000        3
        4 H      1.399296000000     0.119782000000     0.523986000000        4
        5 H      1.322862000000     1.888586000000     0.504866000000        5
        6 H     -0.732374000000     0.211603000000    -0.448762000000        6
     ==============================================================================

     ==============================================================================
                                     Geometry (a.u.)
     ==============================================================================
        Atom           X                  Y                  Z         # in input
     ==============================================================================
        Basis: 6-311++g**
        1 C      1.885752030525     1.863390901293    -0.015144265162        1
        2 O     -0.797500329363     1.888235130653    -0.001080923343        2
        3 H      2.644365575697     1.889259362212    -1.936031973521        3
        4 H      2.644286207199     0.226355174653     0.990190033106        4
        5 H      2.499846880594     3.568910302688     0.954058469605        5
        6 H     -1.383986280752     0.399871717136    -0.848037275112        6
     ==============================================================================


  :: Molecular system specifications (MM)
  ==========================================

     Force Field:  non-polarizable

     Number of MM atoms:                   2
     Number of MM molecules:               1

    ====================================================================
                        MM Geometry (Å) and Parameters
    ====================================================================
    Atom    Mol             X          Y          Z            Charge
    ====================================================================
      H       1        10.747346   0.895794  -0.059112        1.000000
      H       1        11.747290   0.886535  -0.064353       -1.000000
    ====================================================================


  :: RHF wavefunction
  ======================

  This is a QM/MM calculation

     Electrostatic Embedding:

     Each atom of the MM portion is endowed with a charge which value 
     is a fixed external parameter.

     The QM/MM electrostatic interaction energy is defined as:

        E^ele_QM/MM = sum_i q_i * V_i(P)

     where V_i(P) is the electrostatic potential due to the QM density 
     calculated at the position of the i-th charge q_i.

     For further details, see:
     Senn & Thiel, Angew. Chem. Int. Ed., 2009, 48, 1198−1229


  - Cholesky decomposition of AO overlap to get linearly independent orbitals:

  - Orbital details:

     Number of occupied orbitals:         9
     Number of virtual orbitals:         63
     Number of molecular orbitals:       72
     Number of atomic orbitals:          72


  :: Hartree-Fock engine
  =========================

  Drives the calculation of the Hartree-Fock state.

  This is a RHF ground state calculation.
  The following tasks will be performed:

     1) Generate initial SAD density
     2) Calculation of reference state (SCF-DIIS algorithm)


  1) Generate initial SAD density


  2) Calculation of reference state (SCF-DIIS algorithm)

   - Self-consistent field DIIS Hartree-Fock solver
  ----------------------------------------------------

  A DIIS-accelerated Roothan-Hall self-consistent field solver. A least-square 
  DIIS fit is performed on the previous Fock matrices and associated gradients. 
  Following the Roothan-Hall update of the density, the DIIS-fitted Fock 
  matrix is used to get the next orbital coefficients.

  - Hartree-Fock solver settings:

     DIIS dimension:                         8
     Cumulative Fock threshold:       0.10E+01

     Energy threshold:              0.1000E-05
     Gradient threshold:            0.1000E-05

     Coulomb screening threshold:   0.1000E-11
     Exchange screening threshold:  0.1000E-09
     Fock precision:                0.1000E-23
     Integral cutoff:               0.1000E-11

  - Setting initial AO density to SAD

     Energy of initial guess:              -115.818422885653
     Number of electrons in guess:           18.000000000000

  Iteration       Energy (a.u.)      Max(grad.)    Delta E (a.u.)
  ---------------------------------------------------------------
     1          -115.557543165709     0.8412E-01     0.1156E+03
     2          -115.594026407558     0.6878E-01     0.3648E-01
     3          -115.608209098338     0.7880E-02     0.1418E-01
     4          -115.608747356536     0.6592E-03     0.5383E-03
     5          -115.608761110312     0.2256E-03     0.1375E-04
     6          -115.608762091569     0.6116E-04     0.9813E-06
     7          -115.608762170870     0.1574E-04     0.7930E-07
     8          -115.608762177869     0.4281E-05     0.7000E-08
     9          -115.608762178106     0.6463E-06     0.2361E-09
  ---------------------------------------------------------------
  Convergence criterion met in 9 iterations!

  - Summary of RHF wavefunction energetics (a.u.):

     HOMO-LUMO gap:                  0.490263311067
     Nuclear repulsion energy:      39.898773465985
     Electronic energy:           -155.507535644090
     Total energy:                -115.608762178106

  - Summary of QM/MM energetics:
                                         a.u.             eV     kcal/mol
     QM/MM SCF Contribution:        -0.080978372768
     QM/MM Electrostatic Energy:     0.000187750400     0.00511     0.118

  - Molecular orbital energies

  -----------------------------------------------------------------------------------
   1 -20.562052092143  19   0.284798041518  37   1.285399122548  55   2.783168273418
   2 -11.278553483789  20   0.292163415324  38   1.371349115663  56   2.844496318545
   3  -1.364081661010  21   0.292280339183  39   1.443285675052  57   2.847957151983
   4  -0.933141496907  22   0.306185652477  40   1.618272511240  58   2.984221916802
   5  -0.697549964001  23   0.325516169676  41   1.675796995794  59   3.196980055389
   6  -0.626564589148  24   0.346299509558  42   1.705591951946  60   3.342892987208
   7  -0.599254923629  25   0.389421375887  43   1.787776430918  61   3.463046588822
   8  -0.509241346629  26   0.472996698961  44   1.798972631994  62   3.593540626610
   9  -0.456538833124  27   0.559355263130  45   1.808847395508  63   3.680681282060
  10   0.033724477943  28   0.572249383198  46   1.954435113296  64   4.130683235111
  11   0.059705569697  29   0.708443266454  47   1.962164915275  65   4.182924317145
  12   0.067272531726  30   0.770191769472  48   2.075146212400  66   4.325413101194
  13   0.075652961765  31   0.840297344016  49   2.292795156159  67   4.439142112651
  14   0.121890585773  32   0.848390906666  50   2.339623804031  68   5.562654314297
  15   0.141602021373  33   0.870790971030  51   2.413528642562  69   5.910733051010
  16   0.154636932568  34   1.062664662968  52   2.512816869775  70   6.213431761653
  17   0.177463228941  35   1.185555763059  53   2.707080405063  71  25.066244621409
  18   0.276377163676  36   1.230462746550  54   2.751692620844  72  51.596447869592
  -----------------------------------------------------------------------------------

  - Timings for the RHF ground state calculation

     Total wall time (sec):              2.84700
     Total cpu time (sec):             139.86078

  eT terminated successfully!
