


                     eT - an electronic structure program

  ------------------------------------------------------------------------
   Author list in alphabetical order:
  ------------------------------------------------------------------------
   J. H. Andersen, A. Balbi, S. Coriani, S. D. Folkestad, T. Giovannini, 
   L. Goletto, T. S. Haugland, A. Hutcheson, I-M. Høyvik, E. F. Kjønstad, 
   H. Koch, T. Moitra, R. H. Myhre, A. C. Paul, M. Scavino, A. Skeidsvoll, 
   Å. H. Tveten
  ------------------------------------------------------------------------


  :: Input file
  ================

     Note: geometry section is excluded from this print

     system
        name: methanol scan 4.25
        charge: 0
     end system

     do
       ground state
     end do

     memory
        available: 8
     end memory

     solver scf
        algorithm: scf-diis
     end solver scf

     molecular mechanics
        forcefield: non-polarizable
     end molecular mechanics

     method
        hf
     end method


  Running on 56 OMP thread(s)
  Memory available for calculation: 8.000000 GB


  :: Molecular system specifications (QM)
  ==========================================

     Name:             methanol scan 4.25
     Charge:           0
     Multiplicity:     1
     Coordinate units: angstrom

     Pure basis functions:         72
     Cartesian basis functions:    74
     Primitive basis functions:   108

     Nuclear repulsion energy (a.u.):             40.346784236152
     Bohr/angstrom value (CODATA 2010):            0.529177210920

     ==============================================================================
                                     Geometry (angstrom)
     ==============================================================================
        Atom           X                  Y                  Z         # in input
     ==============================================================================
        Basis: 6-311++g**
        1 C      0.997897000000     0.986064000000    -0.008014000000        1
        2 O     -0.422019000000     0.999211000000    -0.000572000000        2
        3 H      1.399338000000     0.999753000000    -1.024504000000        3
        4 H      1.399296000000     0.119782000000     0.523986000000        4
        5 H      1.322862000000     1.888586000000     0.504866000000        5
        6 H     -0.732374000000     0.211603000000    -0.448762000000        6
     ==============================================================================

     ==============================================================================
                                     Geometry (a.u.)
     ==============================================================================
        Atom           X                  Y                  Z         # in input
     ==============================================================================
        Basis: 6-311++g**
        1 C      1.885752030525     1.863390901293    -0.015144265162        1
        2 O     -0.797500329363     1.888235130653    -0.001080923343        2
        3 H      2.644365575697     1.889259362212    -1.936031973521        3
        4 H      2.644286207199     0.226355174653     0.990190033106        4
        5 H      2.499846880594     3.568910302688     0.954058469605        5
        6 H     -1.383986280752     0.399871717136    -0.848037275112        6
     ==============================================================================


  :: Molecular system specifications (MM)
  ==========================================

     Force Field:  non-polarizable

     Number of MM atoms:                   2
     Number of MM molecules:               1

    ====================================================================
                        MM Geometry (Å) and Parameters
    ====================================================================
    Atom    Mol             X          Y          Z            Charge
    ====================================================================
      H       1         5.247657   0.946716  -0.030288        1.000000
      H       1         6.247600   0.937457  -0.035529       -1.000000
    ====================================================================


  :: RHF wavefunction
  ======================

  This is a QM/MM calculation

     Electrostatic Embedding:

     Each atom of the MM portion is endowed with a charge which value 
     is a fixed external parameter.

     The QM/MM electrostatic interaction energy is defined as:

        E^ele_QM/MM = sum_i q_i * V_i(P)

     where V_i(P) is the electrostatic potential due to the QM density 
     calculated at the position of the i-th charge q_i.

     For further details, see:
     Senn & Thiel, Angew. Chem. Int. Ed., 2009, 48, 1198−1229


  - Cholesky decomposition of AO overlap to get linearly independent orbitals:

  - Orbital details:

     Number of occupied orbitals:         9
     Number of virtual orbitals:         63
     Number of molecular orbitals:       72
     Number of atomic orbitals:          72


  :: Hartree-Fock engine
  =========================

  Drives the calculation of the Hartree-Fock state.

  This is a RHF ground state calculation.
  The following tasks will be performed:

     1) Generate initial SAD density
     2) Calculation of reference state (SCF-DIIS algorithm)


  1) Generate initial SAD density


  2) Calculation of reference state (SCF-DIIS algorithm)

   - Self-consistent field DIIS Hartree-Fock solver
  ----------------------------------------------------

  A DIIS-accelerated Roothan-Hall self-consistent field solver. A least-square 
  DIIS fit is performed on the previous Fock matrices and associated gradients. 
  Following the Roothan-Hall update of the density, the DIIS-fitted Fock 
  matrix is used to get the next orbital coefficients.

  - Hartree-Fock solver settings:

     DIIS dimension:                         8
     Cumulative Fock threshold:       0.10E+01

     Energy threshold:              0.1000E-05
     Gradient threshold:            0.1000E-05

     Coulomb screening threshold:   0.1000E-11
     Exchange screening threshold:  0.1000E-09
     Fock precision:                0.1000E-23
     Integral cutoff:               0.1000E-11

  - Setting initial AO density to SAD

     Energy of initial guess:              -115.818417443852
     Number of electrons in guess:           18.000000000000

  Iteration       Energy (a.u.)      Max(grad.)    Delta E (a.u.)
  ---------------------------------------------------------------
     1          -115.557397909771     0.8278E-01     0.1156E+03
     2          -115.593402678720     0.6778E-01     0.3600E-01
     3          -115.607148373879     0.8082E-02     0.1375E-01
     4          -115.607688461227     0.6608E-03     0.5401E-03
     5          -115.607702373577     0.2460E-03     0.1391E-04
     6          -115.607703381703     0.6540E-04     0.1008E-05
     7          -115.607703466765     0.1703E-04     0.8506E-07
     8          -115.607703474109     0.4512E-05     0.7345E-08
     9          -115.607703474339     0.6796E-06     0.2298E-09
  ---------------------------------------------------------------
  Convergence criterion met in 9 iterations!

  - Summary of RHF wavefunction energetics (a.u.):

     HOMO-LUMO gap:                  0.484300436113
     Nuclear repulsion energy:      40.161637691950
     Electronic energy:           -155.769341166290
     Total energy:                -115.607703474339

  - Summary of QM/MM energetics:
                                         a.u.             eV     kcal/mol
     QM/MM SCF Contribution:        -0.342952478530
     QM/MM Electrostatic Energy:     0.001078399751     0.02934     0.677

  - Molecular orbital energies

  -----------------------------------------------------------------------------------
   1 -20.575456287722  19   0.273824005606  37   1.273542539697  55   2.764543278456
   2 -11.296223594559  20   0.277064492898  38   1.357892214731  56   2.827213848816
   3  -1.377399670121  21   0.278071955345  39   1.429139084151  57   2.830535528696
   4  -0.950609457511  22   0.294495754403  40   1.605832749194  58   2.968678128805
   5  -0.712321326988  23   0.313843078249  41   1.661448870215  59   3.178174213429
   6  -0.642752672813  24   0.327263387994  42   1.687157767612  60   3.327047181716
   7  -0.614777188208  25   0.369114223075  43   1.772708823232  61   3.449584085138
   8  -0.524679814225  26   0.459032571319  44   1.781818606052  62   3.580081970012
   9  -0.471255884970  27   0.543553637016  45   1.792420349078  63   3.666734889164
  10   0.013044551144  28   0.556432997793  46   1.936258268117  64   4.114962856146
  11   0.046904316942  29   0.696566547781  47   1.942008112379  65   4.165265805507
  12   0.056193848092  30   0.745578574998  48   2.058889579218  66   4.310790842463
  13   0.063767736725  31   0.823598086831  49   2.275441970938  67   4.425123502669
  14   0.095712896476  32   0.831916487536  50   2.324764868774  68   5.549772846320
  15   0.130568092411  33   0.853655056602  51   2.396298164805  69   5.897593091876
  16   0.144120933792  34   1.046656216979  52   2.497453473406  70   6.200065745483
  17   0.160199278437  35   1.170736774637  53   2.691830913226  71  25.048553887714
  18   0.264894241623  36   1.214111982592  54   2.732895653330  72  51.583056658165
  -----------------------------------------------------------------------------------

  - Timings for the RHF ground state calculation

     Total wall time (sec):              2.97200
     Total cpu time (sec):             144.37576

  eT terminated successfully!
