
  Preparation of molecular system (Libint)
  wall time (sec):                 0.00
  cpu time (sec):                  0.00
  cpu/wall ratio:                  1.59

  Preparation of molecular system (total)
  wall time (sec):                 0.10
  cpu time (sec):                  0.85
  cpu/wall ratio:                  8.76

  Cholesky decomposition of AO overlap
  wall time (sec):                 0.00
  cpu time (sec):                  0.20
  cpu/wall ratio:                 50.64


  :: Hartree-Fock engine
  =========================


  1) Generate initial SAD density

  SAD generation time
  wall time (sec):                 0.51
  cpu time (sec):                 21.81
  cpu/wall ratio:                 43.02


  2) Calculation of reference state (SCF-DIIS algorithm)

  AO Fock construction
  wall time (sec):                 0.07
  cpu time (sec):                  3.90
  cpu/wall ratio:                 52.73

  AO Fock construction
  wall time (sec):                 0.03
  cpu time (sec):                  1.64
  cpu/wall ratio:                 49.84

  AO Fock construction
  wall time (sec):                 0.09
  cpu time (sec):                  4.72
  cpu/wall ratio:                 53.05

  SCF DIIS iteration time
  wall time (sec):                 0.21
  cpu time (sec):                  9.94
  cpu/wall ratio:                 48.26

  AO Fock construction
  wall time (sec):                 0.14
  cpu time (sec):                  7.48
  cpu/wall ratio:                 51.95

  SCF DIIS iteration time
  wall time (sec):                 0.24
  cpu time (sec):                 11.68
  cpu/wall ratio:                 48.89

  AO Fock construction
  wall time (sec):                 0.11
  cpu time (sec):                  5.78
  cpu/wall ratio:                 52.58

  SCF DIIS iteration time
  wall time (sec):                 0.33
  cpu time (sec):                 16.99
  cpu/wall ratio:                 51.02

  AO Fock construction
  wall time (sec):                 0.04
  cpu time (sec):                  1.78
  cpu/wall ratio:                 49.57

  SCF DIIS iteration time
  wall time (sec):                 0.12
  cpu time (sec):                  5.73
  cpu/wall ratio:                 46.18

  AO Fock construction
  wall time (sec):                 0.09
  cpu time (sec):                  4.87
  cpu/wall ratio:                 52.96

  SCF DIIS iteration time
  wall time (sec):                 0.26
  cpu time (sec):                 13.41
  cpu/wall ratio:                 51.00

  AO Fock construction
  wall time (sec):                 0.09
  cpu time (sec):                  4.56
  cpu/wall ratio:                 52.44

  SCF DIIS iteration time
  wall time (sec):                 0.25
  cpu time (sec):                 12.38
  cpu/wall ratio:                 50.53

  AO Fock construction
  wall time (sec):                 0.20
  cpu time (sec):                 10.98
  cpu/wall ratio:                 53.81

  SCF DIIS iteration time
  wall time (sec):                 0.34
  cpu time (sec):                 17.55
  cpu/wall ratio:                 51.78

  AO Fock construction
  wall time (sec):                 0.09
  cpu time (sec):                  4.88
  cpu/wall ratio:                 52.99

  SCF DIIS iteration time
  wall time (sec):                 0.25
  cpu time (sec):                 12.85
  cpu/wall ratio:                 50.78

  SCF DIIS iteration time
  wall time (sec):                 0.00
  cpu time (sec):                  0.06
  cpu/wall ratio:                 55.60

  SCF DIIS solver time
  wall time (sec):                 2.38
  cpu time (sec):                118.98
  cpu/wall ratio:                 50.10

  Hartree-Fock engine
  wall time (sec):                 2.88
  cpu time (sec):                140.79
  cpu/wall ratio:                 48.84


  :: Total time
  ================

  Total time in eT
  wall time (sec):                 3.02
  cpu time (sec):                143.23
  cpu/wall ratio:                 47.46
