


                     eT - an electronic structure program

  ------------------------------------------------------------------------
   Author list in alphabetical order:
  ------------------------------------------------------------------------
   J. H. Andersen, A. Balbi, S. Coriani, S. D. Folkestad, T. Giovannini, 
   L. Goletto, T. S. Haugland, A. Hutcheson, I-M. Høyvik, E. F. Kjønstad, 
   H. Koch, T. Moitra, R. H. Myhre, A. C. Paul, M. Scavino, A. Skeidsvoll, 
   Å. H. Tveten
  ------------------------------------------------------------------------


  :: Input file
  ================

     Note: geometry section is excluded from this print

     system
        name: methanol scan 7.75
        charge: 0
     end system

     do
       ground state
     end do

     memory
        available: 8
     end memory

     solver scf
        algorithm: scf-diis
     end solver scf

     molecular mechanics
        forcefield: non-polarizable
     end molecular mechanics

     method
        hf
     end method


  Running on 56 OMP thread(s)
  Memory available for calculation: 8.000000 GB


  :: Molecular system specifications (QM)
  ==========================================

     Name:             methanol scan 7.75
     Charge:           0
     Multiplicity:     1
     Coordinate units: angstrom

     Pure basis functions:         72
     Cartesian basis functions:    74
     Primitive basis functions:   108

     Nuclear repulsion energy (a.u.):             40.346784236152
     Bohr/angstrom value (CODATA 2010):            0.529177210920

     ==============================================================================
                                     Geometry (angstrom)
     ==============================================================================
        Atom           X                  Y                  Z         # in input
     ==============================================================================
        Basis: 6-311++g**
        1 C      0.997897000000     0.986064000000    -0.008014000000        1
        2 O     -0.422019000000     0.999211000000    -0.000572000000        2
        3 H      1.399338000000     0.999753000000    -1.024504000000        3
        4 H      1.399296000000     0.119782000000     0.523986000000        4
        5 H      1.322862000000     1.888586000000     0.504866000000        5
        6 H     -0.732374000000     0.211603000000    -0.448762000000        6
     ==============================================================================

     ==============================================================================
                                     Geometry (a.u.)
     ==============================================================================
        Atom           X                  Y                  Z         # in input
     ==============================================================================
        Basis: 6-311++g**
        1 C      1.885752030525     1.863390901293    -0.015144265162        1
        2 O     -0.797500329363     1.888235130653    -0.001080923343        2
        3 H      2.644365575697     1.889259362212    -1.936031973521        3
        4 H      2.644286207199     0.226355174653     0.990190033106        4
        5 H      2.499846880594     3.568910302688     0.954058469605        5
        6 H     -1.383986280752     0.399871717136    -0.848037275112        6
     ==============================================================================


  :: Molecular system specifications (MM)
  ==========================================

     Force Field:  non-polarizable

     Number of MM atoms:                   2
     Number of MM molecules:               1

    ====================================================================
                        MM Geometry (Å) and Parameters
    ====================================================================
    Atom    Mol             X          Y          Z            Charge
    ====================================================================
      H       1         8.747458   0.914311  -0.048631        1.000000
      H       1         9.747402   0.905052  -0.053872       -1.000000
    ====================================================================


  :: RHF wavefunction
  ======================

  This is a QM/MM calculation

     Electrostatic Embedding:

     Each atom of the MM portion is endowed with a charge which value 
     is a fixed external parameter.

     The QM/MM electrostatic interaction energy is defined as:

        E^ele_QM/MM = sum_i q_i * V_i(P)

     where V_i(P) is the electrostatic potential due to the QM density 
     calculated at the position of the i-th charge q_i.

     For further details, see:
     Senn & Thiel, Angew. Chem. Int. Ed., 2009, 48, 1198−1229


  - Cholesky decomposition of AO overlap to get linearly independent orbitals:

  - Orbital details:

     Number of occupied orbitals:         9
     Number of virtual orbitals:         63
     Number of molecular orbitals:       72
     Number of atomic orbitals:          72


  :: Hartree-Fock engine
  =========================

  Drives the calculation of the Hartree-Fock state.

  This is a RHF ground state calculation.
  The following tasks will be performed:

     1) Generate initial SAD density
     2) Calculation of reference state (SCF-DIIS algorithm)


  1) Generate initial SAD density


  2) Calculation of reference state (SCF-DIIS algorithm)

   - Self-consistent field DIIS Hartree-Fock solver
  ----------------------------------------------------

  A DIIS-accelerated Roothan-Hall self-consistent field solver. A least-square 
  DIIS fit is performed on the previous Fock matrices and associated gradients. 
  Following the Roothan-Hall update of the density, the DIIS-fitted Fock 
  matrix is used to get the next orbital coefficients.

  - Hartree-Fock solver settings:

     DIIS dimension:                         8
     Cumulative Fock threshold:       0.10E+01

     Energy threshold:              0.1000E-05
     Gradient threshold:            0.1000E-05

     Coulomb screening threshold:   0.1000E-11
     Exchange screening threshold:  0.1000E-09
     Fock precision:                0.1000E-23
     Integral cutoff:               0.1000E-11

  - Setting initial AO density to SAD

     Energy of initial guess:              -115.818422885642
     Number of electrons in guess:           18.000000000000

  Iteration       Energy (a.u.)      Max(grad.)    Delta E (a.u.)
  ---------------------------------------------------------------
     1          -115.557492390268     0.8397E-01     0.1156E+03
     2          -115.593925311350     0.6867E-01     0.3643E-01
     3          -115.608061158715     0.7904E-02     0.1414E-01
     4          -115.608599610021     0.6594E-03     0.5385E-03
     5          -115.608613381950     0.2280E-03     0.1377E-04
     6          -115.608614366377     0.6167E-04     0.9844E-06
     7          -115.608614446315     0.1590E-04     0.7994E-07
     8          -115.608614453331     0.4314E-05     0.7017E-08
     9          -115.608614453565     0.6515E-06     0.2339E-09
  ---------------------------------------------------------------
  Convergence criterion met in 9 iterations!

  - Summary of RHF wavefunction energetics (a.u.):

     HOMO-LUMO gap:                  0.489525785869
     Nuclear repulsion energy:      39.940158739440
     Electronic energy:           -155.548773193005
     Total energy:                -115.608614453565

  - Summary of QM/MM energetics:
                                         a.u.             eV     kcal/mol
     QM/MM SCF Contribution:        -0.122220734448
     QM/MM Electrostatic Energy:     0.000330662175     0.00900     0.207

  - Molecular orbital energies

  -----------------------------------------------------------------------------------
   1 -20.564194649822  19   0.282976525534  37   1.283462458063  55   2.780363387781
   2 -11.281253617161  20   0.289595189422  38   1.369175757915  56   2.841822230548
   3  -1.366229286400  21   0.289791777173  39   1.441034065768  57   2.845269479063
   4  -0.935771455640  22   0.304100160882  40   1.616229668065  58   2.981789915344
   5  -0.699866316673  23   0.323521758531  41   1.673519681366  59   3.194211780008
   6  -0.629069571479  24   0.343560497758  42   1.702787569730  60   3.340445882576
   7  -0.601661929734  25   0.386646230475  43   1.785401934217  61   3.460886196694
   8  -0.511653337643  26   0.470576843130  44   1.796324738479  62   3.591378946158
   9  -0.458857502880  27   0.556808294785  45   1.806283257181  63   3.678464944396
  10   0.030668282989  28   0.569716166996  46   1.951706431232  64   4.128237764565
  11   0.057530336091  29   0.706448974091  47   1.959307482401  65   4.180235051203
  12   0.064630020851  30   0.766982703500  48   2.072630579420  66   4.323096981392
  13   0.073111823750  31   0.837608230041  49   2.290183096564  67   4.436915438640
  14   0.118661641773  32   0.845750696424  50   2.337285790985  68   5.560564386183
  15   0.139384468081  33   0.868155781970  51   2.410869063934  69   5.908612536726
  16   0.152434152163  34   1.060146083401  52   2.510399524677  70   6.211285573496
  17   0.174174057756  35   1.183223145867  53   2.704696666085  71  25.063543983072
  18   0.274401746711  36   1.227950492200  54   2.748876160442  72  51.594306225639
  -----------------------------------------------------------------------------------

  - Timings for the RHF ground state calculation

     Total wall time (sec):              2.78600
     Total cpu time (sec):             134.33014

  eT terminated successfully!
