
  Preparation of molecular system (Libint)
  wall time (sec):                 0.00
  cpu time (sec):                  0.00
  cpu/wall ratio:                  0.63

  Preparation of molecular system (total)
  wall time (sec):                 0.09
  cpu time (sec):                  0.27
  cpu/wall ratio:                  3.13

  Cholesky decomposition of AO overlap
  wall time (sec):                 0.00
  cpu time (sec):                  0.25
  cpu/wall ratio:                 49.98


  :: Hartree-Fock engine
  =========================


  1) Generate initial SAD density

  SAD generation time
  wall time (sec):                 0.49
  cpu time (sec):                 21.78
  cpu/wall ratio:                 44.27


  2) Calculation of reference state (SCF-DIIS algorithm)

  AO Fock construction
  wall time (sec):                 0.08
  cpu time (sec):                  4.12
  cpu/wall ratio:                 52.84

  AO Fock construction
  wall time (sec):                 0.11
  cpu time (sec):                  5.85
  cpu/wall ratio:                 53.19

  AO Fock construction
  wall time (sec):                 0.06
  cpu time (sec):                  2.92
  cpu/wall ratio:                 51.29

  SCF DIIS iteration time
  wall time (sec):                 0.18
  cpu time (sec):                  8.37
  cpu/wall ratio:                 47.56

  AO Fock construction
  wall time (sec):                 0.10
  cpu time (sec):                  5.06
  cpu/wall ratio:                 52.13

  SCF DIIS iteration time
  wall time (sec):                 0.30
  cpu time (sec):                 14.85
  cpu/wall ratio:                 49.67

  AO Fock construction
  wall time (sec):                 0.05
  cpu time (sec):                  2.54
  cpu/wall ratio:                 50.72

  SCF DIIS iteration time
  wall time (sec):                 0.18
  cpu time (sec):                  8.50
  cpu/wall ratio:                 47.48

  AO Fock construction
  wall time (sec):                 0.09
  cpu time (sec):                  4.88
  cpu/wall ratio:                 52.43

  SCF DIIS iteration time
  wall time (sec):                 0.32
  cpu time (sec):                 16.04
  cpu/wall ratio:                 50.77

  AO Fock construction
  wall time (sec):                 0.05
  cpu time (sec):                  2.33
  cpu/wall ratio:                 50.57

  SCF DIIS iteration time
  wall time (sec):                 0.33
  cpu time (sec):                 16.80
  cpu/wall ratio:                 50.61

  AO Fock construction
  wall time (sec):                 0.09
  cpu time (sec):                  4.88
  cpu/wall ratio:                 52.43

  SCF DIIS iteration time
  wall time (sec):                 0.18
  cpu time (sec):                  8.66
  cpu/wall ratio:                 48.38

  AO Fock construction
  wall time (sec):                 0.05
  cpu time (sec):                  2.56
  cpu/wall ratio:                 51.30

  SCF DIIS iteration time
  wall time (sec):                 0.20
  cpu time (sec):                 10.07
  cpu/wall ratio:                 49.37

  AO Fock construction
  wall time (sec):                 0.08
  cpu time (sec):                  4.14
  cpu/wall ratio:                 52.38

  SCF DIIS iteration time
  wall time (sec):                 0.29
  cpu time (sec):                 14.95
  cpu/wall ratio:                 51.38

  SCF DIIS iteration time
  wall time (sec):                 0.00
  cpu time (sec):                  0.00

  SCF DIIS solver time
  wall time (sec):                 2.44
  cpu time (sec):                121.72
  cpu/wall ratio:                 49.82

  Hartree-Fock engine
  wall time (sec):                 2.94
  cpu time (sec):                143.56
  cpu/wall ratio:                 48.88


  :: Total time
  ================

  Total time in eT
  wall time (sec):                 3.06
  cpu time (sec):                145.43
  cpu/wall ratio:                 47.57
