


                     eT - an electronic structure program

  ------------------------------------------------------------------------
   Author list in alphabetical order:
  ------------------------------------------------------------------------
   J. H. Andersen, A. Balbi, S. Coriani, S. D. Folkestad, T. Giovannini, 
   L. Goletto, T. S. Haugland, A. Hutcheson, I-M. Høyvik, E. F. Kjønstad, 
   H. Koch, T. Moitra, R. H. Myhre, A. C. Paul, M. Scavino, A. Skeidsvoll, 
   Å. H. Tveten
  ------------------------------------------------------------------------


  :: Input file
  ================

     Note: geometry section is excluded from this print

     system
        name: methanol scan 3.00
        charge: 0
     end system

     do
       ground state
     end do

     memory
        available: 8
     end memory

     solver scf
        algorithm: scf-diis
     end solver scf

     molecular mechanics
        forcefield: non-polarizable
     end molecular mechanics

     method
        hf
     end method


  Running on 56 OMP thread(s)
  Memory available for calculation: 8.000000 GB


  :: Molecular system specifications (QM)
  ==========================================

     Name:             methanol scan 3.00
     Charge:           0
     Multiplicity:     1
     Coordinate units: angstrom

     Pure basis functions:         72
     Cartesian basis functions:    74
     Primitive basis functions:   108

     Nuclear repulsion energy (a.u.):             40.346784236152
     Bohr/angstrom value (CODATA 2010):            0.529177210920

     ==============================================================================
                                     Geometry (angstrom)
     ==============================================================================
        Atom           X                  Y                  Z         # in input
     ==============================================================================
        Basis: 6-311++g**
        1 C      0.997897000000     0.986064000000    -0.008014000000        1
        2 O     -0.422019000000     0.999211000000    -0.000572000000        2
        3 H      1.399338000000     0.999753000000    -1.024504000000        3
        4 H      1.399296000000     0.119782000000     0.523986000000        4
        5 H      1.322862000000     1.888586000000     0.504866000000        5
        6 H     -0.732374000000     0.211603000000    -0.448762000000        6
     ==============================================================================

     ==============================================================================
                                     Geometry (a.u.)
     ==============================================================================
        Atom           X                  Y                  Z         # in input
     ==============================================================================
        Basis: 6-311++g**
        1 C      1.885752030525     1.863390901293    -0.015144265162        1
        2 O     -0.797500329363     1.888235130653    -0.001080923343        2
        3 H      2.644365575697     1.889259362212    -1.936031973521        3
        4 H      2.644286207199     0.226355174653     0.990190033106        4
        5 H      2.499846880594     3.568910302688     0.954058469605        5
        6 H     -1.383986280752     0.399871717136    -0.848037275112        6
     ==============================================================================


  :: Molecular system specifications (MM)
  ==========================================

     Force Field:  non-polarizable

     Number of MM atoms:                   2
     Number of MM molecules:               1

    ====================================================================
                        MM Geometry (Å) and Parameters
    ====================================================================
    Atom    Mol             X          Y          Z            Charge
    ====================================================================
      H       1         3.997727   0.958289  -0.023737        1.000000
      H       1         4.997671   0.949030  -0.028977       -1.000000
    ====================================================================


  :: RHF wavefunction
  ======================

  This is a QM/MM calculation

     Electrostatic Embedding:

     Each atom of the MM portion is endowed with a charge which value 
     is a fixed external parameter.

     The QM/MM electrostatic interaction energy is defined as:

        E^ele_QM/MM = sum_i q_i * V_i(P)

     where V_i(P) is the electrostatic potential due to the QM density 
     calculated at the position of the i-th charge q_i.

     For further details, see:
     Senn & Thiel, Angew. Chem. Int. Ed., 2009, 48, 1198−1229


  - Cholesky decomposition of AO overlap to get linearly independent orbitals:

  - Orbital details:

     Number of occupied orbitals:         9
     Number of virtual orbitals:         63
     Number of molecular orbitals:       72
     Number of atomic orbitals:          72


  :: Hartree-Fock engine
  =========================

  Drives the calculation of the Hartree-Fock state.

  This is a RHF ground state calculation.
  The following tasks will be performed:

     1) Generate initial SAD density
     2) Calculation of reference state (SCF-DIIS algorithm)


  1) Generate initial SAD density


  2) Calculation of reference state (SCF-DIIS algorithm)

   - Self-consistent field DIIS Hartree-Fock solver
  ----------------------------------------------------

  A DIIS-accelerated Roothan-Hall self-consistent field solver. A least-square 
  DIIS fit is performed on the previous Fock matrices and associated gradients. 
  Following the Roothan-Hall update of the density, the DIIS-fitted Fock 
  matrix is used to get the next orbital coefficients.

  - Hartree-Fock solver settings:

     DIIS dimension:                         8
     Cumulative Fock threshold:       0.10E+01

     Energy threshold:              0.1000E-05
     Gradient threshold:            0.1000E-05

     Coulomb screening threshold:   0.1000E-11
     Exchange screening threshold:  0.1000E-09
     Fock precision:                0.1000E-23
     Integral cutoff:               0.1000E-11

  - Setting initial AO density to SAD

     Energy of initial guess:              -115.818197802454
     Number of electrons in guess:           18.000000000000

  Iteration       Energy (a.u.)      Max(grad.)    Delta E (a.u.)
  ---------------------------------------------------------------
     1          -115.558162969758     0.8070E-01     0.1156E+03
     2          -115.593416013367     0.6623E-01     0.3525E-01
     3          -115.606487497337     0.8364E-02     0.1307E-01
     4          -115.607030396973     0.6931E-03     0.5429E-03
     5          -115.607044548497     0.2733E-03     0.1415E-04
     6          -115.607045595687     0.7113E-04     0.1047E-05
     7          -115.607045690370     0.1845E-04     0.9468E-07
     8          -115.607045698332     0.4708E-05     0.7962E-08
     9          -115.607045698567     0.6949E-06     0.2354E-09
  ---------------------------------------------------------------
  Convergence criterion met in 9 iterations!

  - Summary of RHF wavefunction energetics (a.u.):

     HOMO-LUMO gap:                  0.496191596014
     Nuclear repulsion energy:      40.419762524240
     Electronic energy:           -156.026808222807
     Total energy:                -115.607045698567

  - Summary of QM/MM energetics:
                                         a.u.             eV     kcal/mol
     QM/MM SCF Contribution:        -0.601357333408
     QM/MM Electrostatic Energy:     0.000797850788     0.02171     0.501

  - Molecular orbital energies

  -----------------------------------------------------------------------------------
   1 -20.588449202985  19   0.265888581886  37   1.262960793386  55   2.746017583042
   2 -11.313336954439  20   0.266067339897  38   1.345399307596  56   2.810827585854
   3  -1.389941567556  21   0.269253002466  39   1.415735747836  57   2.813957551972
   4  -0.968759977979  22   0.286327715198  40   1.594478700553  58   2.954036619124
   5  -0.726822939310  23   0.304164463142  41   1.647773319421  59   3.159486949713
   6  -0.658580420495  24   0.315720946899  42   1.669341651277  60   3.311287503681
   7  -0.630103749649  25   0.357440604230  43   1.759258809537  61   3.436761517771
   8  -0.539567919730  26   0.446987870907  44   1.765294383288  62   3.567316099987
   9  -0.485423676935  27   0.529860599261  45   1.777523348017  63   3.653285064143
  10   0.010767919079  28   0.542389625406  46   1.917905351304  64   4.099668608090
  11   0.036948614110  29   0.685884567368  47   1.919894496551  65   4.147841015120
  12   0.056734700521  30   0.719930854373  48   2.043196701974  66   4.296943245149
  13   0.061223447392  31   0.809169630797  49   2.257087314848  67   4.411815665618
  14   0.078879640490  32   0.817664618977  50   2.310549578509  68   5.537649455157
  15   0.125486990918  33   0.839010781815  51   2.379841196741  69   5.885211662451
  16   0.139487424978  34   1.032303697747  52   2.482939330340  70   6.187329179909
  17   0.151478088467  35   1.156408577326  53   2.677125929925  71  25.031395362736
  18   0.258871312740  36   1.197739272186  54   2.715443557468  72  51.570097201855
  -----------------------------------------------------------------------------------

  - Timings for the RHF ground state calculation

     Total wall time (sec):              2.72100
     Total cpu time (sec):             130.61912

  eT terminated successfully!
