


                     eT - an electronic structure program

  ------------------------------------------------------------------------
   Author list in alphabetical order:
  ------------------------------------------------------------------------
   J. H. Andersen, A. Balbi, S. Coriani, S. D. Folkestad, T. Giovannini, 
   L. Goletto, T. S. Haugland, A. Hutcheson, I-M. Høyvik, E. F. Kjønstad, 
   H. Koch, T. Moitra, R. H. Myhre, A. C. Paul, M. Scavino, A. Skeidsvoll, 
   Å. H. Tveten
  ------------------------------------------------------------------------


  :: Input file
  ================

     Note: geometry section is excluded from this print

     system
        name: methanol scan 2.00
        charge: 0
     end system

     do
       ground state
     end do

     memory
        available: 8
     end memory

     solver scf
        algorithm: scf-diis
     end solver scf

     molecular mechanics
        forcefield: non-polarizable
     end molecular mechanics

     method
        hf
     end method


  Running on 56 OMP thread(s)
  Memory available for calculation: 8.000000 GB


  :: Molecular system specifications (QM)
  ==========================================

     Name:             methanol scan 2.00
     Charge:           0
     Multiplicity:     1
     Coordinate units: angstrom

     Pure basis functions:         72
     Cartesian basis functions:    74
     Primitive basis functions:   108

     Nuclear repulsion energy (a.u.):             40.346784236152
     Bohr/angstrom value (CODATA 2010):            0.529177210920

     ==============================================================================
                                     Geometry (angstrom)
     ==============================================================================
        Atom           X                  Y                  Z         # in input
     ==============================================================================
        Basis: 6-311++g**
        1 C      0.997897000000     0.986064000000    -0.008014000000        1
        2 O     -0.422019000000     0.999211000000    -0.000572000000        2
        3 H      1.399338000000     0.999753000000    -1.024504000000        3
        4 H      1.399296000000     0.119782000000     0.523986000000        4
        5 H      1.322862000000     1.888586000000     0.504866000000        5
        6 H     -0.732374000000     0.211603000000    -0.448762000000        6
     ==============================================================================

     ==============================================================================
                                     Geometry (a.u.)
     ==============================================================================
        Atom           X                  Y                  Z         # in input
     ==============================================================================
        Basis: 6-311++g**
        1 C      1.885752030525     1.863390901293    -0.015144265162        1
        2 O     -0.797500329363     1.888235130653    -0.001080923343        2
        3 H      2.644365575697     1.889259362212    -1.936031973521        3
        4 H      2.644286207199     0.226355174653     0.990190033106        4
        5 H      2.499846880594     3.568910302688     0.954058469605        5
        6 H     -1.383986280752     0.399871717136    -0.848037275112        6
     ==============================================================================


  :: Molecular system specifications (MM)
  ==========================================

     Force Field:  non-polarizable

     Number of MM atoms:                   2
     Number of MM molecules:               1

    ====================================================================
                        MM Geometry (Å) and Parameters
    ====================================================================
    Atom    Mol             X          Y          Z            Charge
    ====================================================================
      H       1         2.997784   0.967547  -0.018496        1.000000
      H       1         3.997727   0.958289  -0.023737       -1.000000
    ====================================================================


  :: RHF wavefunction
  ======================

  This is a QM/MM calculation

     Electrostatic Embedding:

     Each atom of the MM portion is endowed with a charge which value 
     is a fixed external parameter.

     The QM/MM electrostatic interaction energy is defined as:

        E^ele_QM/MM = sum_i q_i * V_i(P)

     where V_i(P) is the electrostatic potential due to the QM density 
     calculated at the position of the i-th charge q_i.

     For further details, see:
     Senn & Thiel, Angew. Chem. Int. Ed., 2009, 48, 1198−1229


  - Cholesky decomposition of AO overlap to get linearly independent orbitals:

  - Orbital details:

     Number of occupied orbitals:         9
     Number of virtual orbitals:         63
     Number of molecular orbitals:       72
     Number of atomic orbitals:          72


  :: Hartree-Fock engine
  =========================

  Drives the calculation of the Hartree-Fock state.

  This is a RHF ground state calculation.
  The following tasks will be performed:

     1) Generate initial SAD density
     2) Calculation of reference state (SCF-DIIS algorithm)


  1) Generate initial SAD density


  2) Calculation of reference state (SCF-DIIS algorithm)

   - Self-consistent field DIIS Hartree-Fock solver
  ----------------------------------------------------

  A DIIS-accelerated Roothan-Hall self-consistent field solver. A least-square 
  DIIS fit is performed on the previous Fock matrices and associated gradients. 
  Following the Roothan-Hall update of the density, the DIIS-fitted Fock 
  matrix is used to get the next orbital coefficients.

  - Hartree-Fock solver settings:

     DIIS dimension:                         8
     Cumulative Fock threshold:       0.10E+01

     Energy threshold:              0.1000E-05
     Gradient threshold:            0.1000E-05

     Coulomb screening threshold:   0.1000E-11
     Exchange screening threshold:  0.1000E-09
     Fock precision:                0.1000E-23
     Integral cutoff:               0.1000E-11

  - Setting initial AO density to SAD

     Energy of initial guess:              -115.811334908963
     Number of electrons in guess:           18.000000000000

  Iteration       Energy (a.u.)      Max(grad.)    Delta E (a.u.)
  ---------------------------------------------------------------
     1          -115.563453268563     0.7627E-01     0.1156E+03
     2          -115.597068338675     0.6186E-01     0.3362E-01
     3          -115.608348748640     0.9045E-02     0.1128E-01
     4          -115.608901998497     0.8065E-03     0.5532E-03
     5          -115.608917085484     0.3409E-03     0.1509E-04
     6          -115.608918267581     0.8288E-04     0.1182E-05
     7          -115.608918395411     0.2206E-04     0.1278E-06
     8          -115.608918405178     0.5007E-05     0.9767E-08
     9          -115.608918405422     0.6732E-06     0.2431E-09
  ---------------------------------------------------------------
  Convergence criterion met in 9 iterations!

  - Summary of RHF wavefunction energetics (a.u.):

     HOMO-LUMO gap:                  0.535769410868
     Nuclear repulsion energy:      40.918492659951
     Electronic energy:           -156.527411065372
     Total energy:                -115.608918405422

  - Summary of QM/MM energetics:
                                         a.u.             eV     kcal/mol
     QM/MM SCF Contribution:        -1.110082527462
     QM/MM Electrostatic Energy:    -0.009196676281    -0.25025    -5.771

  - Molecular orbital energies

  -----------------------------------------------------------------------------------
   1 -20.612599560731  19   0.255917941222  37   1.244568124462  55   2.715592617331
   2 -11.340533755056  20   0.256114265032  38   1.323756737828  56   2.784827017763
   3  -1.412119840894  21   0.263391430479  39   1.392153009687  57   2.787665473161
   4  -1.004406625002  22   0.277713152514  40   1.575234173603  58   2.929351127252
   5  -0.753515272487  23   0.280722553916  41   1.623427197088  59   3.123409986736
   6  -0.685789555635  24   0.304195420486  42   1.641212227405  60   3.282289627335
   7  -0.657666138951  25   0.374737655657  43   1.735083885991  61   3.413676000090
   8  -0.565269046251  26   0.432554003721  44   1.737806175125  62   3.544518433969
   9  -0.510234595914  27   0.510808702154  45   1.753076846276  63   3.628891895891
  10   0.025534814953  28   0.522619560602  46   1.873024956302  64   4.073047971466
  11   0.046059184385  29   0.657725106650  47   1.887157437620  65   4.118185492777
  12   0.063079225001  30   0.678198602948  48   2.017213323629  66   4.273077936951
  13   0.067130636605  31   0.789380358621  49   2.219057238991  67   4.388096873505
  14   0.087233184090  32   0.796783001140  50   2.285781939407  68   5.515786950767
  15   0.122209986353  33   0.818233500513  51   2.353246939295  69   5.862839042286
  16   0.136902619597  34   1.008796100812  52   2.458586613833  70   6.164412502519
  17   0.149571940469  35   1.130821852056  53   2.652431317913  71  25.003881891042
  18   0.249435797793  36   1.167808387756  54   2.686958987169  72  51.546023586622
  -----------------------------------------------------------------------------------

  - Timings for the RHF ground state calculation

     Total wall time (sec):              3.31800
     Total cpu time (sec):             161.97376

  eT terminated successfully!
