


                     eT - an electronic structure program

  ------------------------------------------------------------------------
   Author list in alphabetical order:
  ------------------------------------------------------------------------
   J. H. Andersen, A. Balbi, S. Coriani, S. D. Folkestad, T. Giovannini, 
   L. Goletto, T. S. Haugland, A. Hutcheson, I-M. Høyvik, E. F. Kjønstad, 
   H. Koch, T. Moitra, R. H. Myhre, A. C. Paul, M. Scavino, A. Skeidsvoll, 
   Å. H. Tveten
  ------------------------------------------------------------------------


  :: Input file
  ================

     Note: geometry section is excluded from this print

     system
        name: methanol scan 3.25
        charge: 0
     end system

     do
       ground state
     end do

     memory
        available: 8
     end memory

     solver scf
        algorithm: scf-diis
     end solver scf

     molecular mechanics
        forcefield: non-polarizable
     end molecular mechanics

     method
        hf
     end method


  Running on 56 OMP thread(s)
  Memory available for calculation: 8.000000 GB


  :: Molecular system specifications (QM)
  ==========================================

     Name:             methanol scan 3.25
     Charge:           0
     Multiplicity:     1
     Coordinate units: angstrom

     Pure basis functions:         72
     Cartesian basis functions:    74
     Primitive basis functions:   108

     Nuclear repulsion energy (a.u.):             40.346784236152
     Bohr/angstrom value (CODATA 2010):            0.529177210920

     ==============================================================================
                                     Geometry (angstrom)
     ==============================================================================
        Atom           X                  Y                  Z         # in input
     ==============================================================================
        Basis: 6-311++g**
        1 C      0.997897000000     0.986064000000    -0.008014000000        1
        2 O     -0.422019000000     0.999211000000    -0.000572000000        2
        3 H      1.399338000000     0.999753000000    -1.024504000000        3
        4 H      1.399296000000     0.119782000000     0.523986000000        4
        5 H      1.322862000000     1.888586000000     0.504866000000        5
        6 H     -0.732374000000     0.211603000000    -0.448762000000        6
     ==============================================================================

     ==============================================================================
                                     Geometry (a.u.)
     ==============================================================================
        Atom           X                  Y                  Z         # in input
     ==============================================================================
        Basis: 6-311++g**
        1 C      1.885752030525     1.863390901293    -0.015144265162        1
        2 O     -0.797500329363     1.888235130653    -0.001080923343        2
        3 H      2.644365575697     1.889259362212    -1.936031973521        3
        4 H      2.644286207199     0.226355174653     0.990190033106        4
        5 H      2.499846880594     3.568910302688     0.954058469605        5
        6 H     -1.383986280752     0.399871717136    -0.848037275112        6
     ==============================================================================


  :: Molecular system specifications (MM)
  ==========================================

     Force Field:  non-polarizable

     Number of MM atoms:                   2
     Number of MM molecules:               1

    ====================================================================
                        MM Geometry (Å) and Parameters
    ====================================================================
    Atom    Mol             X          Y          Z            Charge
    ====================================================================
      H       1         4.247713   0.955974  -0.025047        1.000000
      H       1         5.247656   0.946716  -0.030288       -1.000000
    ====================================================================


  :: RHF wavefunction
  ======================

  This is a QM/MM calculation

     Electrostatic Embedding:

     Each atom of the MM portion is endowed with a charge which value 
     is a fixed external parameter.

     The QM/MM electrostatic interaction energy is defined as:

        E^ele_QM/MM = sum_i q_i * V_i(P)

     where V_i(P) is the electrostatic potential due to the QM density 
     calculated at the position of the i-th charge q_i.

     For further details, see:
     Senn & Thiel, Angew. Chem. Int. Ed., 2009, 48, 1198−1229


  - Cholesky decomposition of AO overlap to get linearly independent orbitals:

  - Orbital details:

     Number of occupied orbitals:         9
     Number of virtual orbitals:         63
     Number of molecular orbitals:       72
     Number of atomic orbitals:          72


  :: Hartree-Fock engine
  =========================

  Drives the calculation of the Hartree-Fock state.

  This is a RHF ground state calculation.
  The following tasks will be performed:

     1) Generate initial SAD density
     2) Calculation of reference state (SCF-DIIS algorithm)


  1) Generate initial SAD density


  2) Calculation of reference state (SCF-DIIS algorithm)

   - Self-consistent field DIIS Hartree-Fock solver
  ----------------------------------------------------

  A DIIS-accelerated Roothan-Hall self-consistent field solver. A least-square 
  DIIS fit is performed on the previous Fock matrices and associated gradients. 
  Following the Roothan-Hall update of the density, the DIIS-fitted Fock 
  matrix is used to get the next orbital coefficients.

  - Hartree-Fock solver settings:

     DIIS dimension:                         8
     Cumulative Fock threshold:       0.10E+01

     Energy threshold:              0.1000E-05
     Gradient threshold:            0.1000E-05

     Coulomb screening threshold:   0.1000E-11
     Exchange screening threshold:  0.1000E-09
     Fock precision:                0.1000E-23
     Integral cutoff:               0.1000E-11

  - Setting initial AO density to SAD

     Energy of initial guess:              -115.818320759379
     Number of electrons in guess:           18.000000000000

  Iteration       Energy (a.u.)      Max(grad.)    Delta E (a.u.)
  ---------------------------------------------------------------
     1          -115.557823268314     0.8134E-01     0.1156E+03
     2          -115.593304003683     0.6671E-01     0.3548E-01
     3          -115.606581463885     0.8280E-02     0.1328E-01
     4          -115.607123496458     0.6827E-03     0.5420E-03
     5          -115.607137574511     0.2652E-03     0.1408E-04
     6          -115.607138609743     0.6944E-04     0.1035E-05
     7          -115.607138701339     0.1806E-04     0.9160E-07
     8          -115.607138709105     0.4658E-05     0.7766E-08
     9          -115.607138709340     0.6926E-06     0.2348E-09
  ---------------------------------------------------------------
  Convergence criterion met in 9 iterations!

  - Summary of RHF wavefunction energetics (a.u.):

     HOMO-LUMO gap:                  0.489834814578
     Nuclear repulsion energy:      40.348668617992
     Electronic energy:           -155.955807327332
     Total energy:                -115.607138709340

  - Summary of QM/MM energetics:
                                         a.u.             eV     kcal/mol
     QM/MM SCF Contribution:        -0.529969140717
     QM/MM Electrostatic Energy:     0.001092668505     0.02973     0.686

  - Molecular orbital energies

  -----------------------------------------------------------------------------------
   1 -20.584875548760  19   0.267732039819  37   1.265738945109  55   2.751029409379
   2 -11.308745903087  20   0.268756867852  38   1.348767961567  56   2.815203602498
   3  -1.386534583799  21   0.271022859111  39   1.419370932848  57   2.818386052641
   4  -0.963708490362  22   0.288270652521  40   1.597532667470  58   2.957952741798
   5  -0.722843166981  23   0.306737288935  41   1.651522131710  59   3.164407722606
   6  -0.654279820499  24   0.317077779073  42   1.674108172359  60   3.315615034887
   7  -0.625909715847  25   0.358835988387  43   1.762904910718  61   3.440259037529
   8  -0.535532784751  26   0.450161736209  44   1.769744462653  62   3.570791560158
   9  -0.481571967058  27   0.533420851104  45   1.781450887740  63   3.656961780754
  10   0.008262847520  28   0.546056556358  46   1.922901038102  64   4.103825796883
  11   0.038991212417  29   0.688784337640  47   1.925964267973  65   4.152566372153
  12   0.056043469782  30   0.726056591621  48   2.047430088898  66   4.300689067105
  13   0.061355102694  31   0.812895490111  49   2.262246293538  67   4.415434632632
  14   0.080926267262  32   0.821374866552  50   2.314402155849  68   5.540953106387
  15   0.126538754558  33   0.842610763289  51   2.384249147874  69   5.888589303893
  16   0.140428422474  34   1.036049272574  52   2.486843588795  70   6.190804839213
  17   0.153576465300  35   1.160310686499  53   2.681114725595  71  25.035999672853
  18   0.260165682415  36   1.202238758540  54   2.719965818973  72  51.573660915167
  -----------------------------------------------------------------------------------

  - Timings for the RHF ground state calculation

     Total wall time (sec):              2.80500
     Total cpu time (sec):             136.29299

  eT terminated successfully!
