
  Preparation of molecular system (Libint)
  wall time (sec):                 0.00
  cpu time (sec):                  0.00
  cpu/wall ratio:                  0.76

  Preparation of molecular system (total)
  wall time (sec):                 0.11
  cpu time (sec):                  1.54
  cpu/wall ratio:                 13.78

  Cholesky decomposition of AO overlap
  wall time (sec):                 0.06
  cpu time (sec):                  3.23
  cpu/wall ratio:                 54.83


  :: Hartree-Fock engine
  =========================


  1) Generate initial SAD density

  SAD generation time
  wall time (sec):                 0.49
  cpu time (sec):                 21.39
  cpu/wall ratio:                 44.10


  2) Calculation of reference state (SCF-DIIS algorithm)

  AO Fock construction
  wall time (sec):                 0.02
  cpu time (sec):                  1.17
  cpu/wall ratio:                 48.69

  AO Fock construction
  wall time (sec):                 0.04
  cpu time (sec):                  1.75
  cpu/wall ratio:                 48.50

  AO Fock construction
  wall time (sec):                 0.07
  cpu time (sec):                  3.80
  cpu/wall ratio:                 51.36

  SCF DIIS iteration time
  wall time (sec):                 0.18
  cpu time (sec):                  7.02
  cpu/wall ratio:                 39.03

  AO Fock construction
  wall time (sec):                 0.14
  cpu time (sec):                  7.28
  cpu/wall ratio:                 52.34

  SCF DIIS iteration time
  wall time (sec):                 0.39
  cpu time (sec):                 19.47
  cpu/wall ratio:                 49.67

  AO Fock construction
  wall time (sec):                 0.03
  cpu time (sec):                  1.67
  cpu/wall ratio:                 47.63

  SCF DIIS iteration time
  wall time (sec):                 0.11
  cpu time (sec):                  4.32
  cpu/wall ratio:                 40.77

  AO Fock construction
  wall time (sec):                 0.10
  cpu time (sec):                  5.50
  cpu/wall ratio:                 52.90

  SCF DIIS iteration time
  wall time (sec):                 0.44
  cpu time (sec):                 23.08
  cpu/wall ratio:                 52.10

  AO Fock construction
  wall time (sec):                 0.05
  cpu time (sec):                  2.61
  cpu/wall ratio:                 51.10

  SCF DIIS iteration time
  wall time (sec):                 0.23
  cpu time (sec):                 11.64
  cpu/wall ratio:                 50.18

  AO Fock construction
  wall time (sec):                 0.11
  cpu time (sec):                  5.62
  cpu/wall ratio:                 53.03

  SCF DIIS iteration time
  wall time (sec):                 0.21
  cpu time (sec):                 10.54
  cpu/wall ratio:                 49.95

  AO Fock construction
  wall time (sec):                 0.07
  cpu time (sec):                  3.76
  cpu/wall ratio:                 52.28

  SCF DIIS iteration time
  wall time (sec):                 0.16
  cpu time (sec):                  7.47
  cpu/wall ratio:                 48.20

  AO Fock construction
  wall time (sec):                 0.04
  cpu time (sec):                  1.89
  cpu/wall ratio:                 49.76

  SCF DIIS iteration time
  wall time (sec):                 0.15
  cpu time (sec):                  7.40
  cpu/wall ratio:                 48.04

  SCF DIIS iteration time
  wall time (sec):                 0.00
  cpu time (sec):                  0.06
  cpu/wall ratio:                 55.70

  SCF DIIS solver time
  wall time (sec):                 2.11
  cpu time (sec):                101.92
  cpu/wall ratio:                 48.19

  Hartree-Fock engine
  wall time (sec):                 2.60
  cpu time (sec):                123.31
  cpu/wall ratio:                 47.41


  :: Total time
  ================

  Total time in eT
  wall time (sec):                 2.82
  cpu time (sec):                130.71
  cpu/wall ratio:                 46.27
