


                     eT - an electronic structure program

  ------------------------------------------------------------------------
   Author list in alphabetical order:
  ------------------------------------------------------------------------
   J. H. Andersen, A. Balbi, S. Coriani, S. D. Folkestad, T. Giovannini, 
   L. Goletto, T. S. Haugland, A. Hutcheson, I-M. Høyvik, E. F. Kjønstad, 
   H. Koch, T. Moitra, R. H. Myhre, A. C. Paul, M. Scavino, A. Skeidsvoll, 
   Å. H. Tveten
  ------------------------------------------------------------------------


  :: Input file
  ================

     Note: geometry section is excluded from this print

     system
        name: methanol scan 7.25
        charge: 0
     end system

     do
       ground state
     end do

     memory
        available: 8
     end memory

     solver scf
        algorithm: scf-diis
     end solver scf

     molecular mechanics
        forcefield: non-polarizable
     end molecular mechanics

     method
        hf
     end method


  Running on 56 OMP thread(s)
  Memory available for calculation: 8.000000 GB


  :: Molecular system specifications (QM)
  ==========================================

     Name:             methanol scan 7.25
     Charge:           0
     Multiplicity:     1
     Coordinate units: angstrom

     Pure basis functions:         72
     Cartesian basis functions:    74
     Primitive basis functions:   108

     Nuclear repulsion energy (a.u.):             40.346784236152
     Bohr/angstrom value (CODATA 2010):            0.529177210920

     ==============================================================================
                                     Geometry (angstrom)
     ==============================================================================
        Atom           X                  Y                  Z         # in input
     ==============================================================================
        Basis: 6-311++g**
        1 C      0.997897000000     0.986064000000    -0.008014000000        1
        2 O     -0.422019000000     0.999211000000    -0.000572000000        2
        3 H      1.399338000000     0.999753000000    -1.024504000000        3
        4 H      1.399296000000     0.119782000000     0.523986000000        4
        5 H      1.322862000000     1.888586000000     0.504866000000        5
        6 H     -0.732374000000     0.211603000000    -0.448762000000        6
     ==============================================================================

     ==============================================================================
                                     Geometry (a.u.)
     ==============================================================================
        Atom           X                  Y                  Z         # in input
     ==============================================================================
        Basis: 6-311++g**
        1 C      1.885752030525     1.863390901293    -0.015144265162        1
        2 O     -0.797500329363     1.888235130653    -0.001080923343        2
        3 H      2.644365575697     1.889259362212    -1.936031973521        3
        4 H      2.644286207199     0.226355174653     0.990190033106        4
        5 H      2.499846880594     3.568910302688     0.954058469605        5
        6 H     -1.383986280752     0.399871717136    -0.848037275112        6
     ==============================================================================


  :: Molecular system specifications (MM)
  ==========================================

     Force Field:  non-polarizable

     Number of MM atoms:                   2
     Number of MM molecules:               1

    ====================================================================
                        MM Geometry (Å) and Parameters
    ====================================================================
    Atom    Mol             X          Y          Z            Charge
    ====================================================================
      H       1         8.247487   0.918940  -0.046010        1.000000
      H       1         9.247431   0.909682  -0.051251       -1.000000
    ====================================================================


  :: RHF wavefunction
  ======================

  This is a QM/MM calculation

     Electrostatic Embedding:

     Each atom of the MM portion is endowed with a charge which value 
     is a fixed external parameter.

     The QM/MM electrostatic interaction energy is defined as:

        E^ele_QM/MM = sum_i q_i * V_i(P)

     where V_i(P) is the electrostatic potential due to the QM density 
     calculated at the position of the i-th charge q_i.

     For further details, see:
     Senn & Thiel, Angew. Chem. Int. Ed., 2009, 48, 1198−1229


  - Cholesky decomposition of AO overlap to get linearly independent orbitals:

  - Orbital details:

     Number of occupied orbitals:         9
     Number of virtual orbitals:         63
     Number of molecular orbitals:       72
     Number of atomic orbitals:          72


  :: Hartree-Fock engine
  =========================

  Drives the calculation of the Hartree-Fock state.

  This is a RHF ground state calculation.
  The following tasks will be performed:

     1) Generate initial SAD density
     2) Calculation of reference state (SCF-DIIS algorithm)


  1) Generate initial SAD density


  2) Calculation of reference state (SCF-DIIS algorithm)

   - Self-consistent field DIIS Hartree-Fock solver
  ----------------------------------------------------

  A DIIS-accelerated Roothan-Hall self-consistent field solver. A least-square 
  DIIS fit is performed on the previous Fock matrices and associated gradients. 
  Following the Roothan-Hall update of the density, the DIIS-fitted Fock 
  matrix is used to get the next orbital coefficients.

  - Hartree-Fock solver settings:

     DIIS dimension:                         8
     Cumulative Fock threshold:       0.10E+01

     Energy threshold:              0.1000E-05
     Gradient threshold:            0.1000E-05

     Coulomb screening threshold:   0.1000E-11
     Exchange screening threshold:  0.1000E-09
     Fock precision:                0.1000E-23
     Integral cutoff:               0.1000E-11

  - Setting initial AO density to SAD

     Energy of initial guess:              -115.818422890438
     Number of electrons in guess:           18.000000000000

  Iteration       Energy (a.u.)      Max(grad.)    Delta E (a.u.)
  ---------------------------------------------------------------
     1          -115.557474420976     0.8391E-01     0.1156E+03
     2          -115.593885894974     0.6862E-01     0.3641E-01
     3          -115.608001855074     0.7913E-02     0.1412E-01
     4          -115.608540389010     0.6595E-03     0.5385E-03
     5          -115.608554168416     0.2290E-03     0.1378E-04
     6          -115.608555154141     0.6187E-04     0.9857E-06
     7          -115.608555234343     0.1597E-04     0.8020E-07
     8          -115.608555241378     0.4327E-05     0.7035E-08
     9          -115.608555241610     0.6535E-06     0.2317E-09
  ---------------------------------------------------------------
  Convergence criterion met in 9 iterations!

  - Summary of RHF wavefunction energetics (a.u.):

     HOMO-LUMO gap:                  0.489189173895
     Nuclear repulsion energy:      39.955515711777
     Electronic energy:           -155.564070953387
     Total energy:                -115.608555241610

  - Summary of QM/MM energetics:
                                         a.u.             eV     kcal/mol
     QM/MM SCF Contribution:        -0.137521433952
     QM/MM Electrostatic Energy:     0.000386939908     0.01053     0.243

  - Molecular orbital energies

  -----------------------------------------------------------------------------------
   1 -20.564984879197  19   0.282312063340  37   1.282754367309  55   2.779303112459
   2 -11.282269836032  20   0.288647750930  38   1.368375195396  56   2.840818987032
   3  -1.367020028635  21   0.288882396960  39   1.440200638697  57   2.844260198775
   4  -0.936762668055  22   0.303348658203  40   1.615482097317  58   2.980883226452
   5  -0.700727195965  23   0.322797312222  41   1.672674266138  59   3.193162213877
   6  -0.630006410730  24   0.342518610150  42   1.701729642403  60   3.339530987494
   7  -0.602560410425  25   0.385564624411  43   1.784515915623  61   3.460089716136
   8  -0.512552486066  26   0.469675225441  44   1.795331712786  62   3.590582055541
   9  -0.459718702337  27   0.555862812603  45   1.805324313841  63   3.677645086697
  10   0.029470471558  28   0.568775719142  46   1.950675106232  64   4.127324989812
  11   0.056737641038  29   0.705721360282  47   1.958213807435  65   4.179222602404
  12   0.063706982662  30   0.765727051924  48   2.071688755039  66   4.322237601029
  13   0.072211774058  31   0.836606968958  49   2.289199276066  67   4.436091122939
  14   0.117367725528  32   0.844766941840  50   2.336416807553  68   5.559796910391
  15   0.138598215566  33   0.867166929291  51   2.409871101650  69   5.907832036234
  16   0.151664716376  34   1.059207085078  52   2.509499654517  70   6.210494614339
  17   0.172923450968  35   1.182356752996  53   2.703808542942  71  25.062527405330
  18   0.273679658442  36   1.227009571450  54   2.747810178465  72  51.593516391550
  -----------------------------------------------------------------------------------

  - Timings for the RHF ground state calculation

     Total wall time (sec):              3.01900
     Total cpu time (sec):             146.80339

  eT terminated successfully!
