
  Preparation of molecular system (Libint)
  wall time (sec):                 0.00
  cpu time (sec):                  0.00
  cpu/wall ratio:                  0.74

  Preparation of molecular system (total)
  wall time (sec):                 0.09
  cpu time (sec):                  0.32
  cpu/wall ratio:                  3.64

  Cholesky decomposition of AO overlap
  wall time (sec):                 0.00
  cpu time (sec):                  0.22
  cpu/wall ratio:                 55.01


  :: Hartree-Fock engine
  =========================


  1) Generate initial SAD density

  SAD generation time
  wall time (sec):                 0.47
  cpu time (sec):                 20.39
  cpu/wall ratio:                 43.29


  2) Calculation of reference state (SCF-DIIS algorithm)

  AO Fock construction
  wall time (sec):                 0.08
  cpu time (sec):                  4.27
  cpu/wall ratio:                 52.67

  AO Fock construction
  wall time (sec):                 0.09
  cpu time (sec):                  4.57
  cpu/wall ratio:                 53.12

  AO Fock construction
  wall time (sec):                 0.15
  cpu time (sec):                  8.04
  cpu/wall ratio:                 53.28

  SCF DIIS iteration time
  wall time (sec):                 0.29
  cpu time (sec):                 13.63
  cpu/wall ratio:                 47.66

  AO Fock construction
  wall time (sec):                 0.15
  cpu time (sec):                  8.06
  cpu/wall ratio:                 53.36

  SCF DIIS iteration time
  wall time (sec):                 0.29
  cpu time (sec):                 14.45
  cpu/wall ratio:                 49.66

  AO Fock construction
  wall time (sec):                 0.06
  cpu time (sec):                  3.32
  cpu/wall ratio:                 51.06

  SCF DIIS iteration time
  wall time (sec):                 0.37
  cpu time (sec):                 19.16
  cpu/wall ratio:                 51.24

  AO Fock construction
  wall time (sec):                 0.04
  cpu time (sec):                  1.83
  cpu/wall ratio:                 49.55

  SCF DIIS iteration time
  wall time (sec):                 0.17
  cpu time (sec):                  8.20
  cpu/wall ratio:                 47.96

  AO Fock construction
  wall time (sec):                 0.05
  cpu time (sec):                  2.37
  cpu/wall ratio:                 48.36

  SCF DIIS iteration time
  wall time (sec):                 0.12
  cpu time (sec):                  5.10
  cpu/wall ratio:                 43.21

  AO Fock construction
  wall time (sec):                 0.10
  cpu time (sec):                  5.06
  cpu/wall ratio:                 52.72

  SCF DIIS iteration time
  wall time (sec):                 0.25
  cpu time (sec):                 12.55
  cpu/wall ratio:                 50.01

  AO Fock construction
  wall time (sec):                 0.07
  cpu time (sec):                  3.48
  cpu/wall ratio:                 51.22

  SCF DIIS iteration time
  wall time (sec):                 0.15
  cpu time (sec):                  6.93
  cpu/wall ratio:                 47.12

  AO Fock construction
  wall time (sec):                 0.05
  cpu time (sec):                  2.62
  cpu/wall ratio:                 50.41

  SCF DIIS iteration time
  wall time (sec):                 0.16
  cpu time (sec):                  7.73
  cpu/wall ratio:                 47.72

  SCF DIIS iteration time
  wall time (sec):                 0.00
  cpu time (sec):                  0.06
  cpu/wall ratio:                 55.71

  SCF DIIS solver time
  wall time (sec):                 2.31
  cpu time (sec):                113.94
  cpu/wall ratio:                 49.24

  Hartree-Fock engine
  wall time (sec):                 2.79
  cpu time (sec):                134.33
  cpu/wall ratio:                 48.22


  :: Total time
  ================

  Total time in eT
  wall time (sec):                 2.89
  cpu time (sec):                135.59
  cpu/wall ratio:                 46.88
