
  Preparation of molecular system (Libint)
  wall time (sec):                 0.00
  cpu time (sec):                  0.00
  cpu/wall ratio:                  1.43

  Preparation of molecular system (total)
  wall time (sec):                 0.11
  cpu time (sec):                  1.44
  cpu/wall ratio:                 13.09

  Cholesky decomposition of AO overlap
  wall time (sec):                 0.00
  cpu time (sec):                  0.22
  cpu/wall ratio:                 55.39


  :: Hartree-Fock engine
  =========================


  1) Generate initial SAD density

  SAD generation time
  wall time (sec):                 0.43
  cpu time (sec):                 18.42
  cpu/wall ratio:                 42.64


  2) Calculation of reference state (SCF-DIIS algorithm)

  AO Fock construction
  wall time (sec):                 0.08
  cpu time (sec):                  4.26
  cpu/wall ratio:                 53.24

  AO Fock construction
  wall time (sec):                 0.11
  cpu time (sec):                  5.87
  cpu/wall ratio:                 52.88

  AO Fock construction
  wall time (sec):                 0.06
  cpu time (sec):                  3.19
  cpu/wall ratio:                 50.57

  SCF DIIS iteration time
  wall time (sec):                 0.43
  cpu time (sec):                 22.06
  cpu/wall ratio:                 51.55

  AO Fock construction
  wall time (sec):                 0.13
  cpu time (sec):                  6.75
  cpu/wall ratio:                 53.11

  SCF DIIS iteration time
  wall time (sec):                 0.24
  cpu time (sec):                 11.83
  cpu/wall ratio:                 49.29

  AO Fock construction
  wall time (sec):                 0.11
  cpu time (sec):                  5.62
  cpu/wall ratio:                 52.55

  SCF DIIS iteration time
  wall time (sec):                 0.30
  cpu time (sec):                 14.86
  cpu/wall ratio:                 50.03

  AO Fock construction
  wall time (sec):                 0.06
  cpu time (sec):                  2.88
  cpu/wall ratio:                 50.44

  SCF DIIS iteration time
  wall time (sec):                 0.34
  cpu time (sec):                 16.75
  cpu/wall ratio:                 49.86

  AO Fock construction
  wall time (sec):                 0.08
  cpu time (sec):                  4.35
  cpu/wall ratio:                 51.73

  SCF DIIS iteration time
  wall time (sec):                 0.21
  cpu time (sec):                 10.04
  cpu/wall ratio:                 48.74

  AO Fock construction
  wall time (sec):                 0.04
  cpu time (sec):                  2.05
  cpu/wall ratio:                 50.00

  SCF DIIS iteration time
  wall time (sec):                 0.20
  cpu time (sec):                  9.51
  cpu/wall ratio:                 48.50

  AO Fock construction
  wall time (sec):                 0.05
  cpu time (sec):                  2.41
  cpu/wall ratio:                 50.21

  SCF DIIS iteration time
  wall time (sec):                 0.14
  cpu time (sec):                  6.25
  cpu/wall ratio:                 45.62

  AO Fock construction
  wall time (sec):                 0.04
  cpu time (sec):                  1.67
  cpu/wall ratio:                 47.79

  SCF DIIS iteration time
  wall time (sec):                 0.16
  cpu time (sec):                  7.26
  cpu/wall ratio:                 46.24

  SCF DIIS iteration time
  wall time (sec):                 0.00
  cpu time (sec):                  0.06
  cpu/wall ratio:                 55.72

  SCF DIIS solver time
  wall time (sec):                 2.54
  cpu time (sec):                125.96
  cpu/wall ratio:                 49.59

  Hartree-Fock engine
  wall time (sec):                 2.97
  cpu time (sec):                144.38
  cpu/wall ratio:                 48.58


  :: Total time
  ================

  Total time in eT
  wall time (sec):                 3.13
  cpu time (sec):                148.13
  cpu/wall ratio:                 47.31
