


                     eT - an electronic structure program

  ------------------------------------------------------------------------
   Author list in alphabetical order:
  ------------------------------------------------------------------------
   J. H. Andersen, A. Balbi, S. Coriani, S. D. Folkestad, T. Giovannini, 
   L. Goletto, T. S. Haugland, A. Hutcheson, I-M. Høyvik, E. F. Kjønstad, 
   H. Koch, T. Moitra, R. H. Myhre, A. C. Paul, M. Scavino, A. Skeidsvoll, 
   Å. H. Tveten
  ------------------------------------------------------------------------


  :: Input file
  ================

     Note: geometry section is excluded from this print

     system
        name: methanol scan 9.25
        charge: 0
     end system

     do
       ground state
     end do

     memory
        available: 8
     end memory

     solver scf
        algorithm: scf-diis
     end solver scf

     molecular mechanics
        forcefield: non-polarizable
     end molecular mechanics

     method
        hf
     end method


  Running on 56 OMP thread(s)
  Memory available for calculation: 8.000000 GB


  :: Molecular system specifications (QM)
  ==========================================

     Name:             methanol scan 9.25
     Charge:           0
     Multiplicity:     1
     Coordinate units: angstrom

     Pure basis functions:         72
     Cartesian basis functions:    74
     Primitive basis functions:   108

     Nuclear repulsion energy (a.u.):             40.346784236152
     Bohr/angstrom value (CODATA 2010):            0.529177210920

     ==============================================================================
                                     Geometry (angstrom)
     ==============================================================================
        Atom           X                  Y                  Z         # in input
     ==============================================================================
        Basis: 6-311++g**
        1 C      0.997897000000     0.986064000000    -0.008014000000        1
        2 O     -0.422019000000     0.999211000000    -0.000572000000        2
        3 H      1.399338000000     0.999753000000    -1.024504000000        3
        4 H      1.399296000000     0.119782000000     0.523986000000        4
        5 H      1.322862000000     1.888586000000     0.504866000000        5
        6 H     -0.732374000000     0.211603000000    -0.448762000000        6
     ==============================================================================

     ==============================================================================
                                     Geometry (a.u.)
     ==============================================================================
        Atom           X                  Y                  Z         # in input
     ==============================================================================
        Basis: 6-311++g**
        1 C      1.885752030525     1.863390901293    -0.015144265162        1
        2 O     -0.797500329363     1.888235130653    -0.001080923343        2
        3 H      2.644365575697     1.889259362212    -1.936031973521        3
        4 H      2.644286207199     0.226355174653     0.990190033106        4
        5 H      2.499846880594     3.568910302688     0.954058469605        5
        6 H     -1.383986280752     0.399871717136    -0.848037275112        6
     ==============================================================================


  :: Molecular system specifications (MM)
  ==========================================

     Force Field:  non-polarizable

     Number of MM atoms:                   2
     Number of MM molecules:               1

    ====================================================================
                        MM Geometry (Å) and Parameters
    ====================================================================
    Atom    Mol             X          Y          Z            Charge
    ====================================================================
      H       1        10.247374   0.900423  -0.056492        1.000000
      H       1        11.247317   0.891165  -0.061733       -1.000000
    ====================================================================


  :: RHF wavefunction
  ======================

  This is a QM/MM calculation

     Electrostatic Embedding:

     Each atom of the MM portion is endowed with a charge which value 
     is a fixed external parameter.

     The QM/MM electrostatic interaction energy is defined as:

        E^ele_QM/MM = sum_i q_i * V_i(P)

     where V_i(P) is the electrostatic potential due to the QM density 
     calculated at the position of the i-th charge q_i.

     For further details, see:
     Senn & Thiel, Angew. Chem. Int. Ed., 2009, 48, 1198−1229


  - Cholesky decomposition of AO overlap to get linearly independent orbitals:

  - Orbital details:

     Number of occupied orbitals:         9
     Number of virtual orbitals:         63
     Number of molecular orbitals:       72
     Number of atomic orbitals:          72


  :: Hartree-Fock engine
  =========================

  Drives the calculation of the Hartree-Fock state.

  This is a RHF ground state calculation.
  The following tasks will be performed:

     1) Generate initial SAD density
     2) Calculation of reference state (SCF-DIIS algorithm)


  1) Generate initial SAD density


  2) Calculation of reference state (SCF-DIIS algorithm)

   - Self-consistent field DIIS Hartree-Fock solver
  ----------------------------------------------------

  A DIIS-accelerated Roothan-Hall self-consistent field solver. A least-square 
  DIIS fit is performed on the previous Fock matrices and associated gradients. 
  Following the Roothan-Hall update of the density, the DIIS-fitted Fock 
  matrix is used to get the next orbital coefficients.

  - Hartree-Fock solver settings:

     DIIS dimension:                         8
     Cumulative Fock threshold:       0.10E+01

     Energy threshold:              0.1000E-05
     Gradient threshold:            0.1000E-05

     Coulomb screening threshold:   0.1000E-11
     Exchange screening threshold:  0.1000E-09
     Fock precision:                0.1000E-23
     Integral cutoff:               0.1000E-11

  - Setting initial AO density to SAD

     Energy of initial guess:              -115.818423419699
     Number of electrons in guess:           18.000000000000

  Iteration       Energy (a.u.)      Max(grad.)    Delta E (a.u.)
  ---------------------------------------------------------------
     1          -115.557533665278     0.8409E-01     0.1156E+03
     2          -115.594007959675     0.6876E-01     0.3647E-01
     3          -115.608182301908     0.7885E-02     0.1417E-01
     4          -115.608720594316     0.6592E-03     0.5383E-03
     5          -115.608734351401     0.2260E-03     0.1376E-04
     6          -115.608735333237     0.6125E-04     0.9818E-06
     7          -115.608735412654     0.1577E-04     0.7942E-07
     8          -115.608735419662     0.4287E-05     0.7008E-08
     9          -115.608735419898     0.6473E-06     0.2359E-09
  ---------------------------------------------------------------
  Convergence criterion met in 9 iterations!

  - Summary of RHF wavefunction energetics (a.u.):

     HOMO-LUMO gap:                  0.490137249284
     Nuclear repulsion energy:      39.906881205556
     Electronic energy:           -155.515616625454
     Total energy:                -115.608735419898

  - Summary of QM/MM energetics:
                                         a.u.             eV     kcal/mol
     QM/MM SCF Contribution:        -0.089059996400
     QM/MM Electrostatic Energy:     0.000214400386     0.00583     0.135

  - Molecular orbital energies

  -----------------------------------------------------------------------------------
   1 -20.562473601108  19   0.284436975956  37   1.285015886146  55   2.782625619048
   2 -11.279077331163  20   0.291659742890  38   1.370921358804  56   2.843976564238
   3  -1.364504536941  21   0.291789510973  39   1.442843858821  57   2.847435070013
   4  -0.933651547403  22   0.305770443619  40   1.617868684806  58   2.983747031890
   5  -0.698003334975  23   0.325120424053  41   1.675350920973  59   3.196445199249
   6  -0.627052738373  24   0.345771036435  42   1.705048803935  60   3.342415911302
   7  -0.599724677629  25   0.388893208702  43   1.787312765385  61   3.462621529436
   8  -0.509712380742  26   0.472524217638  44   1.798457757803  62   3.593115304681
   9  -0.456992778640  27   0.558857047236  45   1.808347874086  63   3.680246155575
  10   0.033144470644  28   0.571753802240  46   1.953907013639  64   4.130206044077
  11   0.059275298054  29   0.708048340785  47   1.961615907627  65   4.182402624054
  12   0.066740633996  30   0.769583510727  48   2.074656356082  66   4.324959401111
  13   0.075144471821  31   0.839772684838  49   2.292288311395  67   4.438705179507
  14   0.121286934423  32   0.847875812345  50   2.339166286627  68   5.562242069293
  15   0.141157193606  33   0.870278686221  51   2.413011706454  69   5.910315372156
  16   0.154191729845  34   1.062173087556  52   2.512344432660  70   6.213009383782
  17   0.176830911162  35   1.185099086472  53   2.706614671437  71  25.065720720883
  18   0.275986221283  36   1.229973571915  54   2.751148110329  72  51.596026521609
  -----------------------------------------------------------------------------------

  - Timings for the RHF ground state calculation

     Total wall time (sec):              2.88200
     Total cpu time (sec):             141.39967

  eT terminated successfully!
