
  Preparation of molecular system (Libint)
  wall time (sec):                 0.00
  cpu time (sec):                  0.00
  cpu/wall ratio:                  1.46

  Preparation of molecular system (total)
  wall time (sec):                 0.11
  cpu time (sec):                  1.51
  cpu/wall ratio:                 13.94

  Cholesky decomposition of AO overlap
  wall time (sec):                 0.06
  cpu time (sec):                  3.29
  cpu/wall ratio:                 54.81


  :: Hartree-Fock engine
  =========================


  1) Generate initial SAD density

  SAD generation time
  wall time (sec):                 0.44
  cpu time (sec):                 17.67
  cpu/wall ratio:                 40.35


  2) Calculation of reference state (SCF-DIIS algorithm)

  AO Fock construction
  wall time (sec):                 0.08
  cpu time (sec):                  4.29
  cpu/wall ratio:                 52.97

  AO Fock construction
  wall time (sec):                 0.09
  cpu time (sec):                  4.85
  cpu/wall ratio:                 52.20

  AO Fock construction
  wall time (sec):                 0.05
  cpu time (sec):                  2.21
  cpu/wall ratio:                 49.17

  SCF DIIS iteration time
  wall time (sec):                 0.25
  cpu time (sec):                 12.23
  cpu/wall ratio:                 48.36

  AO Fock construction
  wall time (sec):                 0.17
  cpu time (sec):                  8.97
  cpu/wall ratio:                 53.74

  SCF DIIS iteration time
  wall time (sec):                 0.30
  cpu time (sec):                 14.89
  cpu/wall ratio:                 50.32

  AO Fock construction
  wall time (sec):                 0.03
  cpu time (sec):                  1.58
  cpu/wall ratio:                 47.95

  SCF DIIS iteration time
  wall time (sec):                 0.24
  cpu time (sec):                 11.85
  cpu/wall ratio:                 49.37

  AO Fock construction
  wall time (sec):                 0.06
  cpu time (sec):                  3.31
  cpu/wall ratio:                 51.68

  SCF DIIS iteration time
  wall time (sec):                 0.33
  cpu time (sec):                 17.17
  cpu/wall ratio:                 51.25

  AO Fock construction
  wall time (sec):                 0.10
  cpu time (sec):                  5.24
  cpu/wall ratio:                 52.38

  SCF DIIS iteration time
  wall time (sec):                 0.34
  cpu time (sec):                 17.32
  cpu/wall ratio:                 50.50

  AO Fock construction
  wall time (sec):                 0.11
  cpu time (sec):                  5.69
  cpu/wall ratio:                 53.21

  SCF DIIS iteration time
  wall time (sec):                 0.35
  cpu time (sec):                 18.22
  cpu/wall ratio:                 51.75

  AO Fock construction
  wall time (sec):                 0.08
  cpu time (sec):                  4.26
  cpu/wall ratio:                 52.59

  SCF DIIS iteration time
  wall time (sec):                 0.17
  cpu time (sec):                  8.29
  cpu/wall ratio:                 48.79

  AO Fock construction
  wall time (sec):                 0.09
  cpu time (sec):                  4.43
  cpu/wall ratio:                 51.56

  SCF DIIS iteration time
  wall time (sec):                 0.22
  cpu time (sec):                 11.25
  cpu/wall ratio:                 49.98

  SCF DIIS iteration time
  wall time (sec):                 0.00
  cpu time (sec):                  0.06
  cpu/wall ratio:                 55.38

  SCF DIIS solver time
  wall time (sec):                 2.88
  cpu time (sec):                145.33
  cpu/wall ratio:                 50.44

  Hartree-Fock engine
  wall time (sec):                 3.32
  cpu time (sec):                163.06
  cpu/wall ratio:                 49.10


  :: Total time
  ================

  Total time in eT
  wall time (sec):                 3.54
  cpu time (sec):                170.45
  cpu/wall ratio:                 48.12
