


                     eT - an electronic structure program

  ------------------------------------------------------------------------
   Author list in alphabetical order:
  ------------------------------------------------------------------------
   J. H. Andersen, A. Balbi, S. Coriani, S. D. Folkestad, T. Giovannini, 
   L. Goletto, T. S. Haugland, A. Hutcheson, I-M. Høyvik, E. F. Kjønstad, 
   H. Koch, T. Moitra, R. H. Myhre, A. C. Paul, M. Scavino, A. Skeidsvoll, 
   Å. H. Tveten
  ------------------------------------------------------------------------


  :: Input file
  ================

     Note: geometry section is excluded from this print

     system
        name: methanol scan 5.50
        charge: 0
     end system

     do
       ground state
     end do

     memory
        available: 8
     end memory

     solver scf
        algorithm: scf-diis
     end solver scf

     molecular mechanics
        forcefield: non-polarizable
     end molecular mechanics

     method
        hf
     end method


  Running on 56 OMP thread(s)
  Memory available for calculation: 8.000000 GB


  :: Molecular system specifications (QM)
  ==========================================

     Name:             methanol scan 5.50
     Charge:           0
     Multiplicity:     1
     Coordinate units: angstrom

     Pure basis functions:         72
     Cartesian basis functions:    74
     Primitive basis functions:   108

     Nuclear repulsion energy (a.u.):             40.346784236152
     Bohr/angstrom value (CODATA 2010):            0.529177210920

     ==============================================================================
                                     Geometry (angstrom)
     ==============================================================================
        Atom           X                  Y                  Z         # in input
     ==============================================================================
        Basis: 6-311++g**
        1 C      0.997897000000     0.986064000000    -0.008014000000        1
        2 O     -0.422019000000     0.999211000000    -0.000572000000        2
        3 H      1.399338000000     0.999753000000    -1.024504000000        3
        4 H      1.399296000000     0.119782000000     0.523986000000        4
        5 H      1.322862000000     1.888586000000     0.504866000000        5
        6 H     -0.732374000000     0.211603000000    -0.448762000000        6
     ==============================================================================

     ==============================================================================
                                     Geometry (a.u.)
     ==============================================================================
        Atom           X                  Y                  Z         # in input
     ==============================================================================
        Basis: 6-311++g**
        1 C      1.885752030525     1.863390901293    -0.015144265162        1
        2 O     -0.797500329363     1.888235130653    -0.001080923343        2
        3 H      2.644365575697     1.889259362212    -1.936031973521        3
        4 H      2.644286207199     0.226355174653     0.990190033106        4
        5 H      2.499846880594     3.568910302688     0.954058469605        5
        6 H     -1.383986280752     0.399871717136    -0.848037275112        6
     ==============================================================================


  :: Molecular system specifications (MM)
  ==========================================

     Force Field:  non-polarizable

     Number of MM atoms:                   2
     Number of MM molecules:               1

    ====================================================================
                        MM Geometry (Å) and Parameters
    ====================================================================
    Atom    Mol             X          Y          Z            Charge
    ====================================================================
      H       1         6.497586   0.935142  -0.036839        1.000000
      H       1         7.497530   0.925884  -0.042080       -1.000000
    ====================================================================


  :: RHF wavefunction
  ======================

  This is a QM/MM calculation

     Electrostatic Embedding:

     Each atom of the MM portion is endowed with a charge which value 
     is a fixed external parameter.

     The QM/MM electrostatic interaction energy is defined as:

        E^ele_QM/MM = sum_i q_i * V_i(P)

     where V_i(P) is the electrostatic potential due to the QM density 
     calculated at the position of the i-th charge q_i.

     For further details, see:
     Senn & Thiel, Angew. Chem. Int. Ed., 2009, 48, 1198−1229


  - Cholesky decomposition of AO overlap to get linearly independent orbitals:

  - Orbital details:

     Number of occupied orbitals:         9
     Number of virtual orbitals:         63
     Number of molecular orbitals:       72
     Number of atomic orbitals:          72


  :: Hartree-Fock engine
  =========================

  Drives the calculation of the Hartree-Fock state.

  This is a RHF ground state calculation.
  The following tasks will be performed:

     1) Generate initial SAD density
     2) Calculation of reference state (SCF-DIIS algorithm)


  1) Generate initial SAD density


  2) Calculation of reference state (SCF-DIIS algorithm)

   - Self-consistent field DIIS Hartree-Fock solver
  ----------------------------------------------------

  A DIIS-accelerated Roothan-Hall self-consistent field solver. A least-square 
  DIIS fit is performed on the previous Fock matrices and associated gradients. 
  Following the Roothan-Hall update of the density, the DIIS-fitted Fock 
  matrix is used to get the next orbital coefficients.

  - Hartree-Fock solver settings:

     DIIS dimension:                         8
     Cumulative Fock threshold:       0.10E+01

     Energy threshold:              0.1000E-05
     Gradient threshold:            0.1000E-05

     Coulomb screening threshold:   0.1000E-11
     Exchange screening threshold:  0.1000E-09
     Fock precision:                0.1000E-23
     Integral cutoff:               0.1000E-11

  - Setting initial AO density to SAD

     Energy of initial guess:              -115.818422769904
     Number of electrons in guess:           18.000000000000

  Iteration       Energy (a.u.)      Max(grad.)    Delta E (a.u.)
  ---------------------------------------------------------------
     1          -115.557396779686     0.8351E-01     0.1156E+03
     2          -115.593665659500     0.6833E-01     0.3627E-01
     3          -115.607650447145     0.7975E-02     0.1398E-01
     4          -115.608189530456     0.6600E-03     0.5391E-03
     5          -115.608203357598     0.2354E-03     0.1383E-04
     6          -115.608204351521     0.6318E-04     0.9939E-06
     7          -115.608204433439     0.1638E-04     0.8192E-07
     8          -115.608204440590     0.4403E-05     0.7151E-08
     9          -115.608204440818     0.6651E-06     0.2284E-09
  ---------------------------------------------------------------
  Convergence criterion met in 9 iterations!

  - Summary of RHF wavefunction energetics (a.u.):

     HOMO-LUMO gap:                  0.486791455090
     Nuclear repulsion energy:      40.040534956961
     Electronic energy:           -155.648739397779
     Total energy:                -115.608204440818

  - Summary of QM/MM energetics:
                                         a.u.             eV     kcal/mol
     QM/MM SCF Contribution:        -0.222223081728
     QM/MM Electrostatic Energy:     0.000704537315     0.01917     0.442

  - Molecular orbital energies

  -----------------------------------------------------------------------------------
   1 -20.569327532004  19   0.278712317386  37   1.278905715240  55   2.773301321773
   2 -11.287983866257  20   0.283558697851  38   1.363994661972  56   2.835210259291
   3  -1.371348854452  21   0.284067045206  39   1.435606887425  57   2.838610033202
   4  -0.942368378476  22   0.299423358185  40   1.611424806987  58   2.975842501070
   5  -0.705503022725  23   0.318933855458  41   1.667999133868  59   3.187173877656
   6  -0.635239271819  24   0.336535570435  42   1.695767368574  60   3.334416739492
   7  -0.607572690385  25   0.379043922103  43   1.779577461629  61   3.455719809014
   8  -0.517552431512  26   0.464824747418  44   1.789776178044  62   3.586211379478
   9  -0.464487302173  27   0.550672335899  45   1.799979451486  63   3.673125781535
  10   0.022304152917  28   0.563603315519  46   1.944829895792  64   4.122239359093
  11   0.052517571414  29   0.701806048877  47   1.951867296505  65   4.173522529982
  12   0.059424451633  30   0.758169257841  48   2.066424869297  66   4.317489203857
  13   0.067841843936  31   0.831110251331  49   2.283637392804  67   4.431543091203
  14   0.109235716393  32   0.839347775731  50   2.331601128859  68   5.555608583379
  15   0.134685898417  33   0.861624349960  51   2.404286227680  69   5.903559016302
  16   0.147943126868  34   1.054000219068  52   2.504510768842  70   6.206156327394
  17   0.166295395562  35   1.177558144712  53   2.698870892060  71  25.056809200705
  18   0.269781606405  36   1.221738084831  54   2.741759306596  72  51.589176634693
  -----------------------------------------------------------------------------------

  - Timings for the RHF ground state calculation

     Total wall time (sec):              3.03300
     Total cpu time (sec):             148.15531

  eT terminated successfully!
