


                     eT - an electronic structure program

  ------------------------------------------------------------------------
   Author list in alphabetical order:
  ------------------------------------------------------------------------
   J. H. Andersen, A. Balbi, S. Coriani, S. D. Folkestad, T. Giovannini, 
   L. Goletto, T. S. Haugland, A. Hutcheson, I-M. Høyvik, E. F. Kjønstad, 
   H. Koch, T. Moitra, R. H. Myhre, A. C. Paul, M. Scavino, A. Skeidsvoll, 
   Å. H. Tveten
  ------------------------------------------------------------------------


  :: Input file
  ================

     Note: geometry section is excluded from this print

     system
        name: methanol scan 5.25
        charge: 0
     end system

     do
       ground state
     end do

     memory
        available: 8
     end memory

     solver scf
        algorithm: scf-diis
     end solver scf

     molecular mechanics
        forcefield: non-polarizable
     end molecular mechanics

     method
        hf
     end method


  Running on 56 OMP thread(s)
  Memory available for calculation: 8.000000 GB


  :: Molecular system specifications (QM)
  ==========================================

     Name:             methanol scan 5.25
     Charge:           0
     Multiplicity:     1
     Coordinate units: angstrom

     Pure basis functions:         72
     Cartesian basis functions:    74
     Primitive basis functions:   108

     Nuclear repulsion energy (a.u.):             40.346784236152
     Bohr/angstrom value (CODATA 2010):            0.529177210920

     ==============================================================================
                                     Geometry (angstrom)
     ==============================================================================
        Atom           X                  Y                  Z         # in input
     ==============================================================================
        Basis: 6-311++g**
        1 C      0.997897000000     0.986064000000    -0.008014000000        1
        2 O     -0.422019000000     0.999211000000    -0.000572000000        2
        3 H      1.399338000000     0.999753000000    -1.024504000000        3
        4 H      1.399296000000     0.119782000000     0.523986000000        4
        5 H      1.322862000000     1.888586000000     0.504866000000        5
        6 H     -0.732374000000     0.211603000000    -0.448762000000        6
     ==============================================================================

     ==============================================================================
                                     Geometry (a.u.)
     ==============================================================================
        Atom           X                  Y                  Z         # in input
     ==============================================================================
        Basis: 6-311++g**
        1 C      1.885752030525     1.863390901293    -0.015144265162        1
        2 O     -0.797500329363     1.888235130653    -0.001080923343        2
        3 H      2.644365575697     1.889259362212    -1.936031973521        3
        4 H      2.644286207199     0.226355174653     0.990190033106        4
        5 H      2.499846880594     3.568910302688     0.954058469605        5
        6 H     -1.383986280752     0.399871717136    -0.848037275112        6
     ==============================================================================


  :: Molecular system specifications (MM)
  ==========================================

     Force Field:  non-polarizable

     Number of MM atoms:                   2
     Number of MM molecules:               1

    ====================================================================
                        MM Geometry (Å) and Parameters
    ====================================================================
    Atom    Mol             X          Y          Z            Charge
    ====================================================================
      H       1         6.247600   0.937457  -0.035529        1.000000
      H       1         7.247543   0.928199  -0.040769       -1.000000
    ====================================================================


  :: RHF wavefunction
  ======================

  This is a QM/MM calculation

     Electrostatic Embedding:

     Each atom of the MM portion is endowed with a charge which value 
     is a fixed external parameter.

     The QM/MM electrostatic interaction energy is defined as:

        E^ele_QM/MM = sum_i q_i * V_i(P)

     where V_i(P) is the electrostatic potential due to the QM density 
     calculated at the position of the i-th charge q_i.

     For further details, see:
     Senn & Thiel, Angew. Chem. Int. Ed., 2009, 48, 1198−1229


  - Cholesky decomposition of AO overlap to get linearly independent orbitals:

  - Orbital details:

     Number of occupied orbitals:         9
     Number of virtual orbitals:         63
     Number of molecular orbitals:       72
     Number of atomic orbitals:          72


  :: Hartree-Fock engine
  =========================

  Drives the calculation of the Hartree-Fock state.

  This is a RHF ground state calculation.
  The following tasks will be performed:

     1) Generate initial SAD density
     2) Calculation of reference state (SCF-DIIS algorithm)


  1) Generate initial SAD density


  2) Calculation of reference state (SCF-DIIS algorithm)

   - Self-consistent field DIIS Hartree-Fock solver
  ----------------------------------------------------

  A DIIS-accelerated Roothan-Hall self-consistent field solver. A least-square 
  DIIS fit is performed on the previous Fock matrices and associated gradients. 
  Following the Roothan-Hall update of the density, the DIIS-fitted Fock 
  matrix is used to get the next orbital coefficients.

  - Hartree-Fock solver settings:

     DIIS dimension:                         8
     Cumulative Fock threshold:       0.10E+01

     Energy threshold:              0.1000E-05
     Gradient threshold:            0.1000E-05

     Coulomb screening threshold:   0.1000E-11
     Exchange screening threshold:  0.1000E-09
     Fock precision:                0.1000E-23
     Integral cutoff:               0.1000E-11

  - Setting initial AO density to SAD

     Energy of initial guess:              -115.818423140796
     Number of electrons in guess:           18.000000000000

  Iteration       Energy (a.u.)      Max(grad.)    Delta E (a.u.)
  ---------------------------------------------------------------
     1          -115.557387427278     0.8341E-01     0.1156E+03
     2          -115.593620512334     0.6825E-01     0.3623E-01
     3          -115.607572631587     0.7990E-02     0.1395E-01
     4          -115.608111852245     0.6601E-03     0.5392E-03
     5          -115.608125691071     0.2369E-03     0.1384E-04
     6          -115.608126686965     0.6349E-04     0.9959E-06
     7          -115.608126769310     0.1647E-04     0.8234E-07
     8          -115.608126776491     0.4420E-05     0.7181E-08
     9          -115.608126776720     0.6675E-06     0.2290E-09
  ---------------------------------------------------------------
  Convergence criterion met in 9 iterations!

  - Summary of RHF wavefunction energetics (a.u.):

     HOMO-LUMO gap:                  0.486242379597
     Nuclear repulsion energy:      40.058950245848
     Electronic energy:           -155.667077022568
     Total energy:                -115.608126776720

  - Summary of QM/MM energetics:
                                         a.u.             eV     kcal/mol
     QM/MM SCF Contribution:        -0.240572846110
     QM/MM Electrostatic Energy:     0.000770593740     0.02097     0.484

  - Molecular orbital energies

  -----------------------------------------------------------------------------------
   1 -20.570262796546  19   0.277947832291  37   1.278083519847  55   2.771980002609
   2 -11.289233968593  20   0.282507185912  38   1.363056629187  56   2.833990512952
   3  -1.372276967720  21   0.283084922036  39   1.434616899712  57   2.837379670006
   4  -0.943604759098  22   0.298625655340  40   1.610561612199  58   2.974749083117
   5  -0.706539118341  23   0.318129423178  41   1.666991967227  59   3.185840368427
   6  -0.636379583507  24   0.335187915895  42   1.694461247226  60   3.333300663922
   7  -0.608664808362  25   0.377525644885  43   1.778509059573  61   3.454780766663
   8  -0.518637684441  26   0.463860700662  44   1.788565804247  62   3.585272638708
   9  -0.465519235061  27   0.549564918561  45   1.798819682464  63   3.672150684339
  10   0.020723144535  28   0.562495282742  46   1.943540417901  64   4.121133403244
  11   0.051643112330  29   0.700985267648  47   1.950430411216  65   4.172273205212
  12   0.058713296346  30   0.756394931640  48   2.065278573836  66   4.316464360729
  13   0.067056351993  31   0.829940095827  49   2.282410494486  67   4.430561468470
  14   0.107268780883  32   0.838189984283  50   2.330558424980  68   5.554712625809
  15   0.133950346858  33   0.860412439536  51   2.403069796945  69   5.902642960524
  16   0.147258966972  34   1.052874910068  52   2.503431736739  70   6.205224214895
  17   0.165090261062  35   1.176519146482  53   2.697799025828  71  25.055557581197
  18   0.268970610870  36   1.220585371497  54   2.740422177094  72  51.588242261241
  -----------------------------------------------------------------------------------

  - Timings for the RHF ground state calculation

     Total wall time (sec):              2.47100
     Total cpu time (sec):             118.32287

  eT terminated successfully!
