


                     eT - an electronic structure program

  ------------------------------------------------------------------------
   Author list in alphabetical order:
  ------------------------------------------------------------------------
   J. H. Andersen, A. Balbi, S. Coriani, S. D. Folkestad, T. Giovannini, 
   L. Goletto, T. S. Haugland, A. Hutcheson, I-M. Høyvik, E. F. Kjønstad, 
   H. Koch, T. Moitra, R. H. Myhre, A. C. Paul, M. Scavino, A. Skeidsvoll, 
   Å. H. Tveten
  ------------------------------------------------------------------------


  :: Input file
  ================

     Note: geometry section is excluded from this print

     system
        name: methanol scan 6.25
        charge: 0
     end system

     do
       ground state
     end do

     memory
        available: 8
     end memory

     solver scf
        algorithm: scf-diis
     end solver scf

     molecular mechanics
        forcefield: non-polarizable
     end molecular mechanics

     method
        hf
     end method


  Running on 56 OMP thread(s)
  Memory available for calculation: 8.000000 GB


  :: Molecular system specifications (QM)
  ==========================================

     Name:             methanol scan 6.25
     Charge:           0
     Multiplicity:     1
     Coordinate units: angstrom

     Pure basis functions:         72
     Cartesian basis functions:    74
     Primitive basis functions:   108

     Nuclear repulsion energy (a.u.):             40.346784236152
     Bohr/angstrom value (CODATA 2010):            0.529177210920

     ==============================================================================
                                     Geometry (angstrom)
     ==============================================================================
        Atom           X                  Y                  Z         # in input
     ==============================================================================
        Basis: 6-311++g**
        1 C      0.997897000000     0.986064000000    -0.008014000000        1
        2 O     -0.422019000000     0.999211000000    -0.000572000000        2
        3 H      1.399338000000     0.999753000000    -1.024504000000        3
        4 H      1.399296000000     0.119782000000     0.523986000000        4
        5 H      1.322862000000     1.888586000000     0.504866000000        5
        6 H     -0.732374000000     0.211603000000    -0.448762000000        6
     ==============================================================================

     ==============================================================================
                                     Geometry (a.u.)
     ==============================================================================
        Atom           X                  Y                  Z         # in input
     ==============================================================================
        Basis: 6-311++g**
        1 C      1.885752030525     1.863390901293    -0.015144265162        1
        2 O     -0.797500329363     1.888235130653    -0.001080923343        2
        3 H      2.644365575697     1.889259362212    -1.936031973521        3
        4 H      2.644286207199     0.226355174653     0.990190033106        4
        5 H      2.499846880594     3.568910302688     0.954058469605        5
        6 H     -1.383986280752     0.399871717136    -0.848037275112        6
     ==============================================================================


  :: Molecular system specifications (MM)
  ==========================================

     Force Field:  non-polarizable

     Number of MM atoms:                   2
     Number of MM molecules:               1

    ====================================================================
                        MM Geometry (Å) and Parameters
    ====================================================================
    Atom    Mol             X          Y          Z            Charge
    ====================================================================
      H       1         7.247544   0.928199  -0.040769        1.000000
      H       1         8.247487   0.918940  -0.046010       -1.000000
    ====================================================================


  :: RHF wavefunction
  ======================

  This is a QM/MM calculation

     Electrostatic Embedding:

     Each atom of the MM portion is endowed with a charge which value 
     is a fixed external parameter.

     The QM/MM electrostatic interaction energy is defined as:

        E^ele_QM/MM = sum_i q_i * V_i(P)

     where V_i(P) is the electrostatic potential due to the QM density 
     calculated at the position of the i-th charge q_i.

     For further details, see:
     Senn & Thiel, Angew. Chem. Int. Ed., 2009, 48, 1198−1229


  - Cholesky decomposition of AO overlap to get linearly independent orbitals:

  - Orbital details:

     Number of occupied orbitals:         9
     Number of virtual orbitals:         63
     Number of molecular orbitals:       72
     Number of atomic orbitals:          72


  :: Hartree-Fock engine
  =========================

  Drives the calculation of the Hartree-Fock state.

  This is a RHF ground state calculation.
  The following tasks will be performed:

     1) Generate initial SAD density
     2) Calculation of reference state (SCF-DIIS algorithm)


  1) Generate initial SAD density


  2) Calculation of reference state (SCF-DIIS algorithm)

   - Self-consistent field DIIS Hartree-Fock solver
  ----------------------------------------------------

  A DIIS-accelerated Roothan-Hall self-consistent field solver. A least-square 
  DIIS fit is performed on the previous Fock matrices and associated gradients. 
  Following the Roothan-Hall update of the density, the DIIS-fitted Fock 
  matrix is used to get the next orbital coefficients.

  - Hartree-Fock solver settings:

     DIIS dimension:                         8
     Cumulative Fock threshold:       0.10E+01

     Energy threshold:              0.1000E-05
     Gradient threshold:            0.1000E-05

     Coulomb screening threshold:   0.1000E-11
     Exchange screening threshold:  0.1000E-09
     Fock precision:                0.1000E-23
     Integral cutoff:               0.1000E-11

  - Setting initial AO density to SAD

     Energy of initial guess:              -115.818423407198
     Number of electrons in guess:           18.000000000000

  Iteration       Energy (a.u.)      Max(grad.)    Delta E (a.u.)
  ---------------------------------------------------------------
     1          -115.557431975135     0.8373E-01     0.1156E+03
     2          -115.593779646545     0.6849E-01     0.3635E-01
     3          -115.607836698427     0.7942E-02     0.1406E-01
     4          -115.608375478426     0.6597E-03     0.5388E-03
     5          -115.608389279513     0.2320E-03     0.1380E-04
     6          -115.608390268989     0.6247E-04     0.9895E-06
     7          -115.608390349964     0.1616E-04     0.8098E-07
     8          -115.608390357052     0.4363E-05     0.7088E-08
     9          -115.608390357284     0.6591E-06     0.2319E-09
  ---------------------------------------------------------------
  Convergence criterion met in 9 iterations!

  - Summary of RHF wavefunction energetics (a.u.):

     HOMO-LUMO gap:                  0.488121593889
     Nuclear repulsion energy:      39.996438096622
     Electronic energy:           -155.604828453906
     Total energy:                -115.608390357284

  - Summary of QM/MM energetics:
                                         a.u.             eV     kcal/mol
     QM/MM SCF Contribution:        -0.178290833744
     QM/MM Electrostatic Energy:     0.000540449209     0.01471     0.339

  - Molecular orbital energies

  -----------------------------------------------------------------------------------
   1 -20.567081040405  19   0.280564329089  37   1.280888791231  55   2.776438104464
   2 -11.285005160837  20   0.286157301964  38   1.366256141618  56   2.838127195157
   3  -1.369113276106  21   0.286512262114  39   1.437985065361  57   2.841550069861
   4  -0.939438035956  22   0.301409014171  40   1.613513269993  58   2.978459937100
   5  -0.703024167907  23   0.320906739106  41   1.670421289615  59   3.190314813307
   6  -0.632517110889  24   0.339681824291  42   1.698877683387  60   3.337078432706
   7  -0.604965949994  25   0.382538014866  43   1.782143268628  61   3.457978635614
   8  -0.514955786232  26   0.467285830007  44   1.792666908461  62   3.588470225041
   9  -0.462014379463  27   0.553351743933  45   1.802756579476  63   3.675465935523
  10   0.026107214426  28   0.566276387806  46   1.947886887840  64   4.124882532805
  11   0.054668722278  29   0.703812211264  47   1.955218383133  65   4.176495786243
  12   0.061452901677  30   0.762215916331  48   2.069163196267  66   4.319949338583
  13   0.069965517705  31   0.833946020755  49   2.286544647232  67   4.433898813324
  14   0.113657933873  32   0.842147950754  50   2.334099180011  68   5.557769254101
  15   0.136615090866  33   0.864511087220  51   2.407192266838  69   5.905765881019
  16   0.149756694539  34   1.056700221183  52   2.507098288543  70   6.208398614256
  17   0.169596042203  35   1.180047015836  53   2.701435194053  71  25.059790573371
  18   0.271779569244  36   1.224483873751  54   2.744925727527  72  51.591421440236
  -----------------------------------------------------------------------------------

  - Timings for the RHF ground state calculation

     Total wall time (sec):              2.92000
     Total cpu time (sec):             141.46179

  eT terminated successfully!
