
  Preparation of molecular system (Libint)
  wall time (sec):                 0.00
  cpu time (sec):                  0.00
  cpu/wall ratio:                  1.63

  Preparation of molecular system (total)
  wall time (sec):                 0.09
  cpu time (sec):                  0.24
  cpu/wall ratio:                  2.82

  Cholesky decomposition of AO overlap
  wall time (sec):                 0.00
  cpu time (sec):                  0.22
  cpu/wall ratio:                 54.75


  :: Hartree-Fock engine
  =========================


  1) Generate initial SAD density

  SAD generation time
  wall time (sec):                 0.50
  cpu time (sec):                 22.63
  cpu/wall ratio:                 45.36


  2) Calculation of reference state (SCF-DIIS algorithm)

  AO Fock construction
  wall time (sec):                 0.08
  cpu time (sec):                  4.04
  cpu/wall ratio:                 52.49

  AO Fock construction
  wall time (sec):                 0.09
  cpu time (sec):                  5.05
  cpu/wall ratio:                 53.18

  AO Fock construction
  wall time (sec):                 0.10
  cpu time (sec):                  5.06
  cpu/wall ratio:                 52.16

  SCF DIIS iteration time
  wall time (sec):                 0.28
  cpu time (sec):                 13.46
  cpu/wall ratio:                 47.90

  AO Fock construction
  wall time (sec):                 0.14
  cpu time (sec):                  7.45
  cpu/wall ratio:                 53.18

  SCF DIIS iteration time
  wall time (sec):                 0.27
  cpu time (sec):                 13.20
  cpu/wall ratio:                 49.06

  AO Fock construction
  wall time (sec):                 0.04
  cpu time (sec):                  2.02
  cpu/wall ratio:                 46.89

  SCF DIIS iteration time
  wall time (sec):                 0.13
  cpu time (sec):                  5.31
  cpu/wall ratio:                 42.15

  AO Fock construction
  wall time (sec):                 0.11
  cpu time (sec):                  5.62
  cpu/wall ratio:                 52.48

  SCF DIIS iteration time
  wall time (sec):                 0.21
  cpu time (sec):                 10.25
  cpu/wall ratio:                 48.37

  AO Fock construction
  wall time (sec):                 0.11
  cpu time (sec):                  5.52
  cpu/wall ratio:                 52.59

  SCF DIIS iteration time
  wall time (sec):                 0.21
  cpu time (sec):                 10.10
  cpu/wall ratio:                 48.55

  AO Fock construction
  wall time (sec):                 0.05
  cpu time (sec):                  2.42
  cpu/wall ratio:                 50.47

  SCF DIIS iteration time
  wall time (sec):                 0.17
  cpu time (sec):                  8.10
  cpu/wall ratio:                 46.81

  AO Fock construction
  wall time (sec):                 0.20
  cpu time (sec):                 10.53
  cpu/wall ratio:                 53.46

  SCF DIIS iteration time
  wall time (sec):                 0.31
  cpu time (sec):                 15.63
  cpu/wall ratio:                 50.75

  AO Fock construction
  wall time (sec):                 0.04
  cpu time (sec):                  1.91
  cpu/wall ratio:                 49.07

  SCF DIIS iteration time
  wall time (sec):                 0.11
  cpu time (sec):                  4.70
  cpu/wall ratio:                 44.38

  SCF DIIS iteration time
  wall time (sec):                 0.00
  cpu time (sec):                  0.06
  cpu/wall ratio:                 55.65

  SCF DIIS solver time
  wall time (sec):                 2.30
  cpu time (sec):                112.61
  cpu/wall ratio:                 48.87

  Hartree-Fock engine
  wall time (sec):                 2.80
  cpu time (sec):                135.24
  cpu/wall ratio:                 48.23


  :: Total time
  ================

  Total time in eT
  wall time (sec):                 2.91
  cpu time (sec):                136.53
  cpu/wall ratio:                 46.89
