


                     eT - an electronic structure program

  ------------------------------------------------------------------------
   Author list in alphabetical order:
  ------------------------------------------------------------------------
   J. H. Andersen, A. Balbi, S. Coriani, S. D. Folkestad, T. Giovannini, 
   L. Goletto, T. S. Haugland, A. Hutcheson, I-M. Høyvik, E. F. Kjønstad, 
   H. Koch, T. Moitra, R. H. Myhre, A. C. Paul, M. Scavino, A. Skeidsvoll, 
   Å. H. Tveten
  ------------------------------------------------------------------------


  :: Input file
  ================

     Note: geometry section is excluded from this print

     system
        name: water scan 2.25
        charge: 0
     end system

     do
       ground state
     end do

     memory
        available: 8
     end memory

     solver scf
        algorithm: scf-diis
     end solver scf

     molecular mechanics
        forcefield: non-polarizable
     end molecular mechanics

     method
        hf
     end method


  Running on 56 OMP thread(s)
  Memory available for calculation: 8.000000 GB


  :: Molecular system specifications (QM)
  ==========================================

     Name:             water scan 2.25
     Charge:           0
     Multiplicity:     1
     Coordinate units: angstrom

     Pure basis functions:         36
     Cartesian basis functions:    37
     Primitive basis functions:    54

     Nuclear repulsion energy (a.u.):              9.177132664463
     Bohr/angstrom value (CODATA 2010):            0.529177210920

     ==============================================================================
                                     Geometry (angstrom)
     ==============================================================================
        Atom           X                  Y                  Z         # in input
     ==============================================================================
        Basis: 6-311++g**
        1 O      0.000000000000     0.000000000000    -0.115688000000        1
        2 H      0.000000000000    -0.758056000000     0.471834000000        2
        3 H      0.000000000000     0.758056000000     0.471834000000        3
     ==============================================================================

     ==============================================================================
                                     Geometry (a.u.)
     ==============================================================================
        Atom           X                  Y                  Z         # in input
     ==============================================================================
        Basis: 6-311++g**
        1 O      0.000000000000     0.000000000000    -0.218618635899        1
        2 H      0.000000000000    -1.432518227083     0.891637036258        2
        3 H      0.000000000000     1.432518227083     0.891637036258        3
     ==============================================================================


  :: Molecular system specifications (MM)
  ==========================================

     Force Field:  non-polarizable

     Number of MM atoms:                   2
     Number of MM molecules:               1

    ====================================================================
                        MM Geometry (Å) and Parameters
    ====================================================================
    Atom    Mol             X          Y          Z            Charge
    ====================================================================
      H       1         0.000000  -2.536457   1.850162        1.000000
      H       1         0.000000  -3.326858   2.462753       -1.000000
    ====================================================================


  :: RHF wavefunction
  ======================

  This is a QM/MM calculation

     Electrostatic Embedding:

     Each atom of the MM portion is endowed with a charge which value 
     is a fixed external parameter.

     The QM/MM electrostatic interaction energy is defined as:

        E^ele_QM/MM = sum_i q_i * V_i(P)

     where V_i(P) is the electrostatic potential due to the QM density 
     calculated at the position of the i-th charge q_i.

     For further details, see:
     Senn & Thiel, Angew. Chem. Int. Ed., 2009, 48, 1198−1229


  - Cholesky decomposition of AO overlap to get linearly independent orbitals:

  - Orbital details:

     Number of occupied orbitals:         5
     Number of virtual orbitals:         31
     Number of molecular orbitals:       36
     Number of atomic orbitals:          36


  :: Hartree-Fock engine
  =========================

  Drives the calculation of the Hartree-Fock state.

  This is a RHF ground state calculation.
  The following tasks will be performed:

     1) Generate initial SAD density
     2) Calculation of reference state (SCF-DIIS algorithm)


  1) Generate initial SAD density


  2) Calculation of reference state (SCF-DIIS algorithm)

   - Self-consistent field DIIS Hartree-Fock solver
  ----------------------------------------------------

  A DIIS-accelerated Roothan-Hall self-consistent field solver. A least-square 
  DIIS fit is performed on the previous Fock matrices and associated gradients. 
  Following the Roothan-Hall update of the density, the DIIS-fitted Fock 
  matrix is used to get the next orbital coefficients.

  - Hartree-Fock solver settings:

     DIIS dimension:                         8
     Cumulative Fock threshold:       0.10E+01

     Energy threshold:              0.1000E-05
     Gradient threshold:            0.1000E-05

     Coulomb screening threshold:   0.1000E-11
     Exchange screening threshold:  0.1000E-09
     Fock precision:                0.1000E-23
     Integral cutoff:               0.1000E-11

  - Setting initial AO density to SAD

     Energy of initial guess:               -76.373461057706
     Number of electrons in guess:           10.000000000000

  Iteration       Energy (a.u.)      Max(grad.)    Delta E (a.u.)
  ---------------------------------------------------------------
     1           -76.524772649411     0.1041E+00     0.7652E+02
     2           -76.556073256059     0.7866E-01     0.3130E-01
     3           -76.571216767598     0.5663E-02     0.1514E-01
     4           -76.571421021448     0.1261E-02     0.2043E-03
     5           -76.571436878892     0.3229E-03     0.1586E-04
     6           -76.571437702151     0.6684E-04     0.8233E-06
     7           -76.571437730648     0.4979E-05     0.2850E-07
     8           -76.571437730878     0.7036E-06     0.2304E-09
  ---------------------------------------------------------------
  Convergence criterion met in 8 iterations!

  - Summary of RHF wavefunction energetics (a.u.):

     HOMO-LUMO gap:                  0.540608893320
     Nuclear repulsion energy:       9.065468862721
     Electronic energy:            -85.636906593600
     Total energy:                 -76.571437730878

  - Summary of QM/MM energetics:
                                         a.u.             eV     kcal/mol
     QM/MM SCF Contribution:        -0.408265772779
     QM/MM Electrostatic Energy:     0.009247246374     0.25163     5.803

  - Molecular orbital energies

  -----------------------------------------------------------------------------------
   1 -20.612200306403  10   0.214354208475  19   1.420276111912  28   3.440028082296
   2  -1.398918601802  11   0.224983269467  20   1.456641414811  29   3.490786990004
   3  -0.764418524000  12   0.284140202752  21   1.570514742395  30   3.666143045609
   4  -0.626102314221  13   0.289475331872  22   1.667597584282  31   4.039738483332
   5  -0.553147129496  14   0.625203917474  23   1.884400626513  32   4.287460615867
   6  -0.012538236176  15   0.689755310108  24   2.249418133893  33   5.446485234126
   7   0.044750106464  16   1.159192198998  25   2.404861939754  34   5.832227920521
   8   0.187357013992  17   1.204917214462  26   2.659994917703  35   6.149416179932
   9   0.212177967376  18   1.208034519598  27   2.829103464762  36  51.523461850094
  -----------------------------------------------------------------------------------

  - Timings for the RHF ground state calculation

     Total wall time (sec):              0.58800
     Total cpu time (sec):              28.91758

  eT terminated successfully!
