


                     eT - an electronic structure program

  ------------------------------------------------------------------------
   Author list in alphabetical order:
  ------------------------------------------------------------------------
   J. H. Andersen, A. Balbi, S. Coriani, S. D. Folkestad, T. Giovannini, 
   L. Goletto, T. S. Haugland, A. Hutcheson, I-M. Høyvik, E. F. Kjønstad, 
   H. Koch, T. Moitra, R. H. Myhre, A. C. Paul, M. Scavino, A. Skeidsvoll, 
   Å. H. Tveten
  ------------------------------------------------------------------------


  :: Input file
  ================

     Note: geometry section is excluded from this print

     system
        name: water scan 9.00
        charge: 0
     end system

     do
       ground state
     end do

     memory
        available: 8
     end memory

     solver scf
        algorithm: scf-diis
     end solver scf

     molecular mechanics
        forcefield: non-polarizable
     end molecular mechanics

     method
        hf
     end method


  Running on 56 OMP thread(s)
  Memory available for calculation: 8.000000 GB


  :: Molecular system specifications (QM)
  ==========================================

     Name:             water scan 9.00
     Charge:           0
     Multiplicity:     1
     Coordinate units: angstrom

     Pure basis functions:         36
     Cartesian basis functions:    37
     Primitive basis functions:    54

     Nuclear repulsion energy (a.u.):              9.177132664463
     Bohr/angstrom value (CODATA 2010):            0.529177210920

     ==============================================================================
                                     Geometry (angstrom)
     ==============================================================================
        Atom           X                  Y                  Z         # in input
     ==============================================================================
        Basis: 6-311++g**
        1 O      0.000000000000     0.000000000000    -0.115688000000        1
        2 H      0.000000000000    -0.758056000000     0.471834000000        2
        3 H      0.000000000000     0.758056000000     0.471834000000        3
     ==============================================================================

     ==============================================================================
                                     Geometry (a.u.)
     ==============================================================================
        Atom           X                  Y                  Z         # in input
     ==============================================================================
        Basis: 6-311++g**
        1 O      0.000000000000     0.000000000000    -0.218618635899        1
        2 H      0.000000000000    -1.432518227083     0.891637036258        2
        3 H      0.000000000000     1.432518227083     0.891637036258        3
     ==============================================================================


  :: Molecular system specifications (MM)
  ==========================================

     Force Field:  non-polarizable

     Number of MM atoms:                   2
     Number of MM molecules:               1

    ====================================================================
                        MM Geometry (Å) and Parameters
    ====================================================================
    Atom    Mol             X          Y          Z            Charge
    ====================================================================
      H       1         0.000000  -7.871662   5.985147        1.000000
      H       1         0.000000  -8.662063   6.597737       -1.000000
    ====================================================================


  :: RHF wavefunction
  ======================

  This is a QM/MM calculation

     Electrostatic Embedding:

     Each atom of the MM portion is endowed with a charge which value 
     is a fixed external parameter.

     The QM/MM electrostatic interaction energy is defined as:

        E^ele_QM/MM = sum_i q_i * V_i(P)

     where V_i(P) is the electrostatic potential due to the QM density 
     calculated at the position of the i-th charge q_i.

     For further details, see:
     Senn & Thiel, Angew. Chem. Int. Ed., 2009, 48, 1198−1229


  - Cholesky decomposition of AO overlap to get linearly independent orbitals:

  - Orbital details:

     Number of occupied orbitals:         5
     Number of virtual orbitals:         31
     Number of molecular orbitals:       36
     Number of atomic orbitals:          36


  :: Hartree-Fock engine
  =========================

  Drives the calculation of the Hartree-Fock state.

  This is a RHF ground state calculation.
  The following tasks will be performed:

     1) Generate initial SAD density
     2) Calculation of reference state (SCF-DIIS algorithm)


  1) Generate initial SAD density


  2) Calculation of reference state (SCF-DIIS algorithm)

   - Self-consistent field DIIS Hartree-Fock solver
  ----------------------------------------------------

  A DIIS-accelerated Roothan-Hall self-consistent field solver. A least-square 
  DIIS fit is performed on the previous Fock matrices and associated gradients. 
  Following the Roothan-Hall update of the density, the DIIS-fitted Fock 
  matrix is used to get the next orbital coefficients.

  - Hartree-Fock solver settings:

     DIIS dimension:                         8
     Cumulative Fock threshold:       0.10E+01

     Energy threshold:              0.1000E-05
     Gradient threshold:            0.1000E-05

     Coulomb screening threshold:   0.1000E-11
     Exchange screening threshold:  0.1000E-09
     Fock precision:                0.1000E-23
     Integral cutoff:               0.1000E-11

  - Setting initial AO density to SAD

     Energy of initial guess:               -76.373745004420
     Number of electrons in guess:           10.000000000000

  Iteration       Energy (a.u.)      Max(grad.)    Delta E (a.u.)
  ---------------------------------------------------------------
     1           -76.533868207309     0.1058E+00     0.7653E+02
     2           -76.565895634211     0.7896E-01     0.3203E-01
     3           -76.581370904106     0.5338E-02     0.1548E-01
     4           -76.581557888683     0.1239E-02     0.1870E-03
     5           -76.581571463279     0.2868E-03     0.1357E-04
     6           -76.581572090412     0.6635E-04     0.6271E-06
     7           -76.581572114566     0.5639E-05     0.2415E-07
     8           -76.581572114782     0.3615E-06     0.2162E-09
  ---------------------------------------------------------------
  Convergence criterion met in 8 iterations!

  - Summary of RHF wavefunction energetics (a.u.):

     HOMO-LUMO gap:                  0.552420153718
     Nuclear repulsion energy:       8.697204760473
     Electronic energy:            -85.278776875256
     Total energy:                 -76.581572114782

  - Summary of QM/MM energetics:
                                         a.u.             eV     kcal/mol
     QM/MM SCF Contribution:        -0.048932352808
     QM/MM Electrostatic Energy:     0.000316888266     0.00862     0.199

  - Molecular orbital energies

  -----------------------------------------------------------------------------------
   1 -20.571954797273  10   0.243074136222  19   1.459865022744  28   3.478470503839
   2  -1.359629640382  11   0.254890520866  20   1.500075032143  29   3.529448278230
   3  -0.724455991647  12   0.313693291507  21   1.606948919324  30   3.705343731509
   4  -0.588905389669  13   0.318929647846  22   1.708448021669  31   4.079049646786
   5  -0.514942950501  14   0.677253249661  23   1.927581327963  32   4.326519689557
   6   0.037477203217  15   0.731139897757  24   2.297357454162  33   5.484569329229
   7   0.066545864477  16   1.194910083526  25   2.449839957325  34   5.871236936350
   8   0.237226774025  17   1.239153510540  26   2.704461653235  35   6.190085413598
   9   0.240763103138  18   1.242167312615  27   2.872428499628  36  51.563680850325
  -----------------------------------------------------------------------------------

  - Timings for the RHF ground state calculation

     Total wall time (sec):              1.15000
     Total cpu time (sec):              54.11804

  eT terminated successfully!
