
  Preparation of molecular system (Libint)
  wall time (sec):                 0.00
  cpu time (sec):                  0.00
  cpu/wall ratio:                  1.48

  Preparation of molecular system (total)
  wall time (sec):                 0.10
  cpu time (sec):                  0.92
  cpu/wall ratio:                  9.08

  Cholesky decomposition of AO overlap
  wall time (sec):                 0.00
  cpu time (sec):                  0.22
  cpu/wall ratio:                 54.13


  :: Hartree-Fock engine
  =========================


  1) Generate initial SAD density

  SAD generation time
  wall time (sec):                 0.31
  cpu time (sec):                 13.52
  cpu/wall ratio:                 43.34


  2) Calculation of reference state (SCF-DIIS algorithm)

  AO Fock construction
  wall time (sec):                 0.00
  cpu time (sec):                  0.17
  cpu/wall ratio:                 55.52

  AO Fock construction
  wall time (sec):                 0.07
  cpu time (sec):                  3.90
  cpu/wall ratio:                 54.18

  AO Fock construction
  wall time (sec):                 0.01
  cpu time (sec):                  0.23
  cpu/wall ratio:                 46.11

  SCF DIIS iteration time
  wall time (sec):                 0.02
  cpu time (sec):                  1.23
  cpu/wall ratio:                 53.48

  AO Fock construction
  wall time (sec):                 0.08
  cpu time (sec):                  4.55
  cpu/wall ratio:                 54.83

  SCF DIIS iteration time
  wall time (sec):                 0.11
  cpu time (sec):                  6.15
  cpu/wall ratio:                 54.44

  AO Fock construction
  wall time (sec):                 0.04
  cpu time (sec):                  1.92
  cpu/wall ratio:                 54.88

  SCF DIIS iteration time
  wall time (sec):                 0.06
  cpu time (sec):                  3.41
  cpu/wall ratio:                 54.10

  AO Fock construction
  wall time (sec):                 0.13
  cpu time (sec):                  7.18
  cpu/wall ratio:                 54.84

  SCF DIIS iteration time
  wall time (sec):                 0.16
  cpu time (sec):                  8.73
  cpu/wall ratio:                 54.55

  AO Fock construction
  wall time (sec):                 0.00
  cpu time (sec):                  0.11
  cpu/wall ratio:                 55.73

  SCF DIIS iteration time
  wall time (sec):                 0.03
  cpu time (sec):                  1.85
  cpu/wall ratio:                 52.77

  AO Fock construction
  wall time (sec):                 0.00
  cpu time (sec):                  0.11
  cpu/wall ratio:                 55.76

  SCF DIIS iteration time
  wall time (sec):                 0.01
  cpu time (sec):                  0.50
  cpu/wall ratio:                 50.14

  AO Fock construction
  wall time (sec):                 0.00
  cpu time (sec):                  0.11
  cpu/wall ratio:                 55.68

  SCF DIIS iteration time
  wall time (sec):                 0.01
  cpu time (sec):                  0.34
  cpu/wall ratio:                 48.72

  SCF DIIS iteration time
  wall time (sec):                 0.00
  cpu time (sec):                  0.06
  cpu/wall ratio:                 55.46

  SCF DIIS solver time
  wall time (sec):                 0.49
  cpu time (sec):                 26.68
  cpu/wall ratio:                 53.90

  Hartree-Fock engine
  wall time (sec):                 0.81
  cpu time (sec):                 40.20
  cpu/wall ratio:                 49.81


  :: Total time
  ================

  Total time in eT
  wall time (sec):                 0.94
  cpu time (sec):                 42.49
  cpu/wall ratio:                 45.25
