
  Preparation of molecular system (Libint)
  wall time (sec):                 0.00
  cpu time (sec):                  0.00
  cpu/wall ratio:                  1.40

  Preparation of molecular system (total)
  wall time (sec):                 0.09
  cpu time (sec):                  0.33
  cpu/wall ratio:                  3.75

  Cholesky decomposition of AO overlap
  wall time (sec):                 0.00
  cpu time (sec):                  0.21
  cpu/wall ratio:                 53.38


  :: Hartree-Fock engine
  =========================


  1) Generate initial SAD density

  SAD generation time
  wall time (sec):                 0.32
  cpu time (sec):                 14.26
  cpu/wall ratio:                 44.01


  2) Calculation of reference state (SCF-DIIS algorithm)

  AO Fock construction
  wall time (sec):                 0.00
  cpu time (sec):                  0.14
  cpu/wall ratio:                 45.56

  AO Fock construction
  wall time (sec):                 0.16
  cpu time (sec):                  8.45
  cpu/wall ratio:                 54.49

  AO Fock construction
  wall time (sec):                 0.15
  cpu time (sec):                  8.01
  cpu/wall ratio:                 53.75

  SCF DIIS iteration time
  wall time (sec):                 0.18
  cpu time (sec):                  9.60
  cpu/wall ratio:                 53.96

  AO Fock construction
  wall time (sec):                 0.00
  cpu time (sec):                  0.11
  cpu/wall ratio:                 55.78

  SCF DIIS iteration time
  wall time (sec):                 0.01
  cpu time (sec):                  0.50
  cpu/wall ratio:                 49.85

  AO Fock construction
  wall time (sec):                 0.00
  cpu time (sec):                  0.11
  cpu/wall ratio:                 55.81

  SCF DIIS iteration time
  wall time (sec):                 0.01
  cpu time (sec):                  0.61
  cpu/wall ratio:                 50.67

  AO Fock construction
  wall time (sec):                 0.00
  cpu time (sec):                  0.11
  cpu/wall ratio:                 55.85

  SCF DIIS iteration time
  wall time (sec):                 0.01
  cpu time (sec):                  0.44
  cpu/wall ratio:                 49.43

  AO Fock construction
  wall time (sec):                 0.00
  cpu time (sec):                  0.11
  cpu/wall ratio:                 55.62

  SCF DIIS iteration time
  wall time (sec):                 0.02
  cpu time (sec):                  1.09
  cpu/wall ratio:                 51.89

  AO Fock construction
  wall time (sec):                 0.03
  cpu time (sec):                  1.76
  cpu/wall ratio:                 54.89

  SCF DIIS iteration time
  wall time (sec):                 0.06
  cpu time (sec):                  3.24
  cpu/wall ratio:                 54.06

  AO Fock construction
  wall time (sec):                 0.09
  cpu time (sec):                  4.66
  cpu/wall ratio:                 54.84

  SCF DIIS iteration time
  wall time (sec):                 0.11
  cpu time (sec):                  6.25
  cpu/wall ratio:                 54.39

  SCF DIIS iteration time
  wall time (sec):                 0.00
  cpu time (sec):                  0.00

  SCF DIIS solver time
  wall time (sec):                 0.58
  cpu time (sec):                 31.46
  cpu/wall ratio:                 53.88

  Hartree-Fock engine
  wall time (sec):                 0.91
  cpu time (sec):                 45.72
  cpu/wall ratio:                 50.30


  :: Total time
  ================

  Total time in eT
  wall time (sec):                 1.02
  cpu time (sec):                 47.20
  cpu/wall ratio:                 46.23
